running experiments at 2022-09-12-01:17:18
	log_dir: exp_res
	cpu: True
	num_tries: 50
	num_images: 128
	seed: 12
	alpha: 1
	simplified: False
	compare: False
	analysis: False
	ablation1: False
	ablation2: False
	ablation3: False
	ablation4: False
	data_path: data
	dataset: ImageNet
	split: train
	distribution: random
	start_id: 0
	num_classes: 1000
	num_uniform_cls: 32
	num_target_cls: 5
	max_size: 32
	model: resnet50
	trained_model: False
	iter_train: False
	epochs: 10
	iters: 1000
	batch_size: 128
	optimizer: SGD
	lr: 0.1
	scheduler: linear
	weight_decay: 0.0005
	warmup: False
	epoch_interval: 10
	iter_interval: 100
	mid_save: False
	model_path: models
	dryrun: False
	batchnorm: False
	dropout: False
	silu: False
	dim: 300
	n_hidden: 1
	defense: False
	defense_method: dp
	noise_std: 0.001
	clip_bound: 4
	sparse_ratio: 10
	prune_ratio: 10
	rec_img: False
	fix_labels: False
	gt_labels: False
	optim: ig
	restarts: 1
	cost_fn: sim
	indices: def
	weights: equal
	rec_lr: None
	rec_optimizer: adam
	signed: False
	boxed: False
	scoring_choice: loss
	init: randn
	tv: 1e-06
	l2: 1e-06
	max_iterations: 8000
	loss_thresh: 0.0001
	resume: False
	resume_iter: 200
	resume_imgs: images/ImageNet
	save_image: False
	image_path: images
	table_path: tables

Start Experiment 1
***************************************************************
Ground-truth Labels: 9,10,14,29,127,141,143,150,164,188,193,201,207,212,215,218,235,238,239,242,249,262,267,277,286,297,300,311,321,324,327,329,330,333,338,353,360,383,387,391,407,414,420,423,432,440,442,444,459,482,487,491,494,529,546,548,553,554,559,565,575,589,597,629,642,648,654,660,661,662,663,665,680,690,692,697,709,715,734,750,751,768,772,781,783,785,786,801,804,807,808,812,819,831,840,842,854,862,872,875,881,886,890,892,898,904,911,914,915,930,935,938,939,942,948,963,971,982,993,999
Ground-truth Num of Instances: 1,2,1,1,1,1,1,1,2,1,1,1,1,1,1,1,1,1,1,1,1,1,1,1,1,2,1,1,1,1,1,1,1,1,1,1,1,1,1,1,1,1,1,1,2,1,1,1,1,1,1,1,1,1,1,1,1,1,1,1,1,1,1,1,1,1,1,1,1,1,1,1,1,1,1,1,1,1,1,1,1,1,1,2,1,2,1,2,1,1,1,1,1,1,1,1,1,2,1,1,1,1,1,1,1,1,1,1,1,1,1,1,1,1,1,1,1,1,1,1
Our Recovered Labels: 9,10,14,29,127,141,143,150,164,188,193,201,207,212,215,218,235,238,239,242,249,262,267,277,286,297,300,311,321,324,327,329,330,333,338,353,360,383,387,391,407,414,420,423,432,440,442,444,459,482,487,491,494,529,546,548,553,554,559,565,575,589,597,629,642,648,654,660,661,662,663,665,680,690,692,697,709,715,734,750,751,768,772,781,783,785,786,801,804,807,808,812,819,831,840,842,854,862,872,875,881,886,890,892,898,904,911,914,915,930,935,938,939,942,948,963,971,982,993,999 | LeAcc: 1.000
Our Recovered Num of Instances: 1,2,1,1,1,1,1,1,2,1,1,1,1,1,1,1,1,1,1,1,1,1,1,1,1,2,1,1,1,1,1,1,1,1,1,1,1,1,1,1,1,1,1,1,2,1,1,1,1,1,1,1,1,1,1,1,1,1,1,1,1,1,1,1,1,1,1,1,1,1,1,1,1,1,1,1,1,1,1,1,1,1,1,2,1,2,1,2,1,1,1,1,1,1,1,1,1,2,1,1,1,1,1,1,1,1,1,1,1,1,1,1,1,1,1,1,1,1,1,1 | LnAcc: 1.000 | IRec: 1.000
Start Experiment 2
***************************************************************
Ground-truth Labels: 17,20,22,27,28,29,33,36,74,90,94,98,104,107,122,123,134,142,143,144,145,151,174,175,212,213,223,224,229,247,266,267,273,280,282,288,292,311,312,333,345,349,352,353,358,360,367,375,377,396,402,418,425,428,435,438,446,448,449,457,463,468,477,484,489,503,512,515,534,536,567,572,575,583,594,596,602,611,621,648,657,658,666,669,678,679,694,710,716,730,743,745,762,765,777,803,811,817,829,830,833,837,839,851,854,857,861,862,867,868,882,884,913,925,932,937,938,945,961,987,992
Ground-truth Num of Instances: 1,1,1,1,1,1,1,1,1,1,1,1,1,1,1,1,1,1,1,1,1,2,1,1,1,1,1,1,1,2,2,1,1,1,1,1,1,1,1,1,1,1,1,1,1,1,1,1,1,1,1,1,1,1,1,1,2,1,1,1,1,1,1,1,1,1,1,1,1,1,1,1,1,1,1,1,1,2,1,2,1,1,1,1,1,1,1,1,1,1,1,1,1,1,1,1,1,1,1,1,1,1,1,1,1,1,1,1,1,1,2,1,1,1,1,1,1,1,1,1,1
Our Recovered Labels: 17,20,22,27,28,29,33,36,74,90,94,98,104,107,122,123,134,142,143,144,145,151,174,175,212,213,223,224,229,247,266,267,273,280,282,288,292,311,312,333,345,349,352,353,358,360,367,375,377,396,402,418,425,428,435,438,446,448,449,457,463,468,477,484,489,503,512,515,534,536,567,572,575,583,594,596,602,611,621,648,657,658,666,669,678,679,694,710,716,730,743,745,762,765,777,803,811,817,829,830,833,837,839,851,854,857,861,862,867,868,882,884,913,925,932,937,938,945,961,987,992 | LeAcc: 1.000
Our Recovered Num of Instances: 1,1,1,1,1,1,1,1,1,1,1,1,1,1,1,1,1,1,1,1,1,2,1,1,1,1,1,1,1,2,2,1,1,1,1,1,1,1,1,1,1,1,1,1,1,1,1,1,1,1,1,1,1,1,1,1,2,1,1,1,1,1,1,1,1,1,1,1,1,1,1,1,1,1,1,1,1,2,1,2,1,1,1,1,1,1,1,1,1,1,1,1,1,1,1,1,1,1,1,1,1,1,1,1,1,1,1,1,1,1,3,1,1,1,1,1,1,1,1,1,1 | LnAcc: 0.999 | IRec: 1.000
Start Experiment 3
***************************************************************
Ground-truth Labels: 22,33,35,47,57,59,72,89,102,108,111,112,115,135,145,176,191,206,218,237,240,246,248,249,250,264,275,289,299,308,309,312,316,321,326,331,338,341,343,347,350,376,381,385,394,407,421,422,423,428,430,447,461,464,471,480,485,487,495,501,504,525,526,528,538,542,545,553,556,562,563,570,572,581,582,586,588,589,596,601,609,617,627,636,639,643,644,673,680,682,683,691,704,708,727,743,752,761,766,772,781,785,796,802,804,806,850,852,875,882,892,903,905,918,935,954,957,965,978
Ground-truth Num of Instances: 1,1,1,1,2,1,1,2,1,2,1,1,1,1,1,1,1,1,1,1,1,1,1,1,1,1,1,1,1,1,1,1,1,1,1,1,1,1,1,1,1,2,1,2,1,1,1,2,1,1,1,1,1,1,1,1,1,1,1,1,1,1,2,1,1,1,1,1,1,1,1,1,1,1,1,1,1,1,1,1,1,1,1,1,1,1,1,1,1,1,1,1,1,1,1,1,1,1,1,1,2,1,1,1,1,1,1,1,1,1,1,1,2,1,1,1,1,1,1
Our Recovered Labels: 22,33,35,47,57,59,72,89,102,108,111,112,115,135,145,176,191,206,218,237,240,246,248,249,250,264,275,289,299,308,309,312,316,321,326,331,338,341,343,347,350,376,381,385,394,407,421,422,423,428,430,447,461,464,471,480,485,487,495,501,504,525,526,528,538,542,545,553,556,562,563,570,572,581,582,586,588,589,596,601,609,617,627,636,639,643,644,673,680,682,683,691,704,708,727,743,752,761,766,772,781,785,796,802,804,806,850,852,875,882,892,903,905,918,935,954,957,965,978 | LeAcc: 1.000
Our Recovered Num of Instances: 1,1,1,1,2,1,1,2,1,2,1,1,1,1,1,1,1,1,1,1,1,1,1,1,1,1,1,1,1,1,1,1,1,1,1,1,1,1,1,1,1,2,1,2,1,1,1,2,1,1,1,1,1,1,1,1,1,1,1,1,1,1,2,1,1,1,1,1,1,1,1,1,1,1,1,1,1,1,1,1,1,1,1,1,1,1,1,1,1,1,1,1,1,1,1,1,1,1,1,1,2,1,1,1,1,1,1,1,1,1,1,1,2,1,1,1,1,1,1 | LnAcc: 1.000 | IRec: 1.000
Start Experiment 4
***************************************************************
Ground-truth Labels: 10,14,32,42,46,50,58,68,77,83,92,98,101,111,113,127,128,132,140,145,177,181,182,200,204,210,211,217,221,228,235,240,256,266,269,282,301,307,326,334,337,342,358,363,366,368,381,396,411,426,428,438,441,442,459,472,484,485,487,493,510,515,518,526,535,544,552,553,556,563,578,582,597,619,626,632,637,639,642,663,664,668,676,677,685,690,699,700,704,744,747,758,769,786,793,809,836,842,848,857,859,865,868,884,888,892,894,900,909,911,920,926,935,939,945,952,955,964,973
Ground-truth Num of Instances: 1,1,1,1,1,1,1,1,1,1,1,1,1,1,2,1,1,1,1,1,1,1,1,1,1,1,1,1,1,1,1,1,1,1,1,1,1,1,1,1,2,1,1,1,1,1,1,2,1,1,1,1,1,1,1,1,1,1,1,2,2,1,1,1,2,1,3,1,1,1,1,1,1,1,1,1,1,1,1,1,1,2,1,1,1,1,1,1,1,1,1,1,1,1,1,1,1,1,1,1,1,1,1,1,1,1,1,1,1,1,1,1,1,1,1,1,1,1,1
Our Recovered Labels: 10,14,32,42,46,50,58,68,77,83,92,98,101,111,113,127,128,132,140,145,177,181,182,200,204,210,211,217,221,228,235,240,256,266,269,282,301,307,326,334,337,342,358,363,366,368,381,396,411,426,428,438,441,442,459,472,484,485,487,493,510,515,518,526,535,544,552,553,556,563,578,582,597,619,626,632,637,639,642,663,664,668,676,677,685,690,699,700,704,744,747,758,769,786,793,809,836,842,848,857,859,865,868,884,888,892,894,900,909,911,920,926,935,939,945,952,955,964,973 | LeAcc: 1.000
Our Recovered Num of Instances: 1,1,1,1,1,1,1,1,1,1,1,1,1,1,2,1,1,1,1,1,1,1,1,1,1,1,1,1,1,1,1,1,1,1,1,1,1,1,1,1,2,1,1,1,1,1,1,2,1,1,1,1,1,1,1,1,1,1,1,2,2,1,1,1,2,1,3,1,1,1,1,1,1,1,1,1,1,1,1,1,1,2,1,1,1,1,1,1,1,1,1,1,1,1,1,1,1,1,1,1,1,1,1,1,1,1,1,1,1,1,1,1,1,1,1,1,1,1,1 | LnAcc: 1.000 | IRec: 1.000
Start Experiment 5
***************************************************************
Ground-truth Labels: 9,26,37,66,67,68,72,73,74,76,79,90,125,126,135,140,142,151,187,191,195,206,210,228,237,244,246,256,257,274,285,287,292,299,302,309,326,336,345,355,384,389,392,394,401,404,406,416,417,421,442,452,455,463,476,490,499,505,515,522,540,541,550,555,562,564,571,587,590,592,594,600,610,614,618,622,626,637,638,641,689,690,694,698,699,704,712,729,735,756,758,762,769,774,778,782,798,809,813,822,827,829,836,837,845,854,859,888,890,892,899,903,915,931,933,965,967,972,974,979,982,988,998
Ground-truth Num of Instances: 1,1,1,1,1,1,1,1,1,1,1,1,1,1,1,1,1,1,1,1,1,1,1,1,1,1,1,1,1,1,1,1,1,2,1,1,1,1,2,1,2,1,1,1,1,1,1,1,1,1,1,1,1,1,1,1,1,1,1,1,1,1,1,1,1,1,1,1,1,1,1,1,1,1,1,1,1,1,1,1,1,1,1,1,1,1,1,1,1,1,1,1,1,2,1,1,1,1,1,1,1,1,1,1,1,1,1,1,1,1,1,1,2,1,1,1,1,1,1,1,1,1,1
Our Recovered Labels: 9,26,37,66,67,68,72,73,74,76,79,90,125,126,135,140,142,151,187,191,195,206,210,228,237,244,246,256,257,274,285,287,292,299,302,309,326,336,345,355,384,389,392,394,401,404,406,416,417,421,442,452,455,463,476,490,499,505,515,522,540,541,550,555,562,564,571,587,590,592,594,600,610,614,618,622,626,637,638,641,689,690,694,698,699,704,712,729,735,756,758,762,769,774,778,782,798,809,813,822,827,829,836,837,845,854,859,888,890,892,899,903,915,931,933,965,967,972,974,979,982,988,998 | LeAcc: 1.000
Our Recovered Num of Instances: 1,1,1,1,1,1,1,1,1,1,1,1,1,1,1,1,1,1,1,1,1,1,1,1,1,1,1,1,1,1,1,1,1,2,1,1,1,1,2,1,2,1,1,1,1,1,1,1,1,1,1,1,1,1,1,1,1,1,1,1,1,1,1,1,1,1,1,1,1,1,1,1,1,1,1,1,1,1,1,1,1,1,1,1,1,1,1,1,1,1,1,1,1,2,1,1,1,1,1,1,1,1,1,1,1,1,1,1,1,1,1,1,2,1,1,1,1,1,1,1,1,1,1 | LnAcc: 1.000 | IRec: 1.000
Start Experiment 6
***************************************************************
Ground-truth Labels: 0,1,2,12,18,19,27,29,38,56,57,62,64,68,75,87,88,110,134,148,165,169,182,191,194,198,199,203,214,232,234,246,249,256,270,274,284,285,286,294,301,305,308,314,315,332,345,356,366,392,395,405,418,420,423,435,442,452,462,470,486,490,506,539,544,549,554,570,574,582,583,607,609,617,621,650,656,667,668,675,677,693,694,695,701,702,710,714,725,729,745,753,765,767,768,777,787,805,811,822,834,835,845,849,857,863,873,879,887,893,897,905,911,913,919,935,951,955,957,962,963,968,988,999
Ground-truth Num of Instances: 1,1,1,1,1,1,1,1,1,1,1,1,1,1,1,1,1,1,1,1,1,1,1,1,1,1,1,1,1,1,1,1,1,1,1,1,1,1,1,1,1,1,1,1,2,1,1,1,1,1,1,1,1,1,1,1,1,1,1,1,1,1,1,1,1,1,1,1,1,1,1,1,1,1,1,1,1,1,1,1,1,1,1,1,1,1,1,1,1,1,2,1,1,2,1,1,1,1,1,1,1,1,1,1,1,1,1,1,1,1,1,1,1,1,1,1,2,1,1,1,1,1,1,1
Our Recovered Labels: 0,1,2,12,18,19,27,29,38,56,57,62,64,68,75,87,88,110,134,148,165,169,182,191,194,198,199,203,214,232,234,246,249,256,270,274,284,285,286,294,301,305,308,314,315,332,345,356,366,392,395,405,418,420,423,435,442,452,462,470,486,490,506,539,544,549,554,570,574,582,583,607,609,617,621,650,656,667,668,675,677,693,694,695,701,702,710,714,725,729,745,753,765,767,768,777,787,805,811,822,834,835,845,849,857,863,873,879,887,893,897,905,911,913,919,935,951,955,957,962,963,968,988,999 | LeAcc: 1.000
Our Recovered Num of Instances: 1,1,1,1,1,1,1,1,1,1,1,1,1,1,1,1,1,1,1,1,1,1,1,1,1,1,1,1,1,1,1,1,1,1,1,1,1,1,1,1,1,1,1,1,2,1,1,1,1,1,1,1,1,1,1,1,1,1,1,1,1,1,1,1,1,1,1,1,1,1,1,1,1,1,1,1,1,1,1,1,1,1,1,1,1,1,1,1,1,1,2,1,1,2,1,1,1,1,1,1,1,1,1,1,1,1,1,1,1,1,1,1,1,1,1,1,2,1,1,1,1,1,1,1 | LnAcc: 1.000 | IRec: 1.000
Start Experiment 7
***************************************************************
Ground-truth Labels: 6,16,19,20,22,34,35,37,39,40,46,50,60,61,64,65,66,79,85,86,94,101,103,108,110,114,124,126,140,147,164,169,179,184,187,201,207,209,216,218,227,238,253,285,303,305,333,335,346,374,381,387,391,394,421,432,434,436,446,462,474,477,480,484,488,492,493,502,511,512,530,543,556,557,558,569,582,587,611,613,623,629,633,634,635,651,663,672,682,699,702,709,713,753,759,760,761,764,766,789,790,802,813,823,827,830,831,836,853,855,862,864,881,902,919,931,957,974,989,994,996,997
Ground-truth Num of Instances: 1,1,1,1,1,1,1,1,1,1,1,1,1,1,1,1,1,2,1,2,1,1,1,1,1,1,1,1,1,1,1,1,1,1,1,1,1,1,1,1,1,1,1,1,1,1,1,1,2,1,1,1,1,1,1,1,1,1,1,1,1,1,1,1,1,1,1,2,1,1,1,1,2,1,1,1,1,1,1,1,1,1,1,1,1,1,1,1,1,1,1,1,1,1,1,1,1,1,1,1,2,1,1,1,1,1,1,1,1,1,1,1,1,1,1,1,1,1,1,1,1,1
Our Recovered Labels: 6,16,19,20,22,34,35,37,39,40,46,50,60,61,64,65,66,79,85,86,94,101,103,108,110,114,124,126,140,147,164,169,179,184,187,201,207,209,216,218,227,238,253,285,303,305,333,335,346,374,381,387,391,394,421,432,434,436,446,462,474,477,480,484,488,492,493,502,511,512,530,543,556,557,558,569,582,587,611,613,623,629,633,634,635,651,663,672,682,699,702,709,713,753,759,760,761,764,766,789,790,802,813,823,827,830,831,836,853,855,862,864,881,902,919,931,957,974,989,994,996,997 | LeAcc: 1.000
Our Recovered Num of Instances: 1,1,1,1,1,1,1,1,1,1,1,1,1,1,1,1,1,2,1,2,1,1,1,1,1,1,1,1,1,1,1,1,1,1,1,1,1,1,1,1,1,1,1,1,1,1,1,1,2,1,1,1,1,1,1,1,1,1,1,1,1,1,1,1,1,1,1,2,1,1,1,1,2,1,1,1,1,1,1,1,1,1,1,1,1,1,1,1,1,1,1,1,1,1,1,1,1,1,1,1,2,1,1,1,1,1,1,1,1,1,1,1,1,1,1,1,1,1,1,1,1,1 | LnAcc: 1.000 | IRec: 1.000
Start Experiment 8
***************************************************************
Ground-truth Labels: 3,5,33,42,43,51,57,102,104,124,132,138,140,143,148,149,150,151,157,159,169,177,179,181,186,207,208,209,213,219,221,234,238,250,265,276,293,299,307,329,332,339,341,342,345,348,351,356,365,399,409,420,440,444,460,461,464,468,472,473,474,475,483,488,498,525,528,530,533,546,555,561,565,573,588,599,609,630,646,650,670,700,702,704,706,708,727,742,748,753,755,764,785,799,810,821,831,833,846,847,863,871,875,880,884,898,903,921,925,931,933,937,944,954,968,986,989,999
Ground-truth Num of Instances: 1,1,1,1,1,1,1,1,1,1,1,1,1,1,1,1,1,1,1,1,1,1,2,1,1,1,1,1,1,1,1,1,1,1,1,1,1,1,1,1,2,1,1,1,1,1,1,1,1,1,1,1,2,1,1,1,1,1,1,1,1,1,1,1,2,2,1,1,1,1,1,1,1,1,1,1,1,1,1,1,1,2,1,1,1,1,1,1,1,1,2,2,1,1,1,1,1,2,1,1,1,1,1,1,1,1,1,1,1,1,1,1,1,1,1,1,1,2
Our Recovered Labels: 3,5,33,42,43,51,57,102,104,124,132,138,140,143,148,149,150,151,157,159,169,177,179,181,186,207,208,209,213,219,221,234,238,250,265,276,293,299,307,329,332,339,341,342,345,348,351,356,365,399,409,420,440,444,460,461,464,468,472,473,474,475,483,488,498,525,528,530,533,546,555,561,565,573,588,599,609,630,646,650,670,700,702,704,706,708,727,742,748,753,755,764,785,799,810,821,831,833,846,847,863,871,875,880,884,898,903,921,925,931,933,937,944,954,968,986,989,999 | LeAcc: 1.000
Our Recovered Num of Instances: 1,1,1,1,1,1,1,1,1,1,1,1,1,1,1,1,1,1,1,1,1,1,2,1,1,1,1,1,1,1,1,1,1,1,1,1,1,1,1,1,2,1,1,1,1,1,1,1,1,1,1,1,2,1,1,1,1,1,1,1,1,1,1,1,2,2,1,1,1,1,1,1,1,1,1,1,1,1,1,1,1,2,1,1,1,1,1,1,1,1,2,2,1,1,1,1,1,2,1,1,1,1,1,1,1,1,1,1,1,1,1,1,1,1,1,1,1,2 | LnAcc: 1.000 | IRec: 1.000
Start Experiment 9
***************************************************************
Ground-truth Labels: 0,3,18,24,27,40,43,49,55,58,59,63,69,73,78,87,93,105,108,134,137,139,151,164,178,181,184,190,200,210,238,240,247,249,253,261,266,273,300,311,312,334,341,347,353,365,370,384,400,401,421,431,433,439,459,465,472,483,490,493,500,501,507,511,521,524,527,532,547,552,572,574,583,590,601,607,610,613,637,656,671,673,688,692,698,702,711,715,720,721,722,727,736,738,758,759,771,788,792,817,818,832,848,873,878,899,903,905,940,946,953,964,968,978,987,990,993,994,997
Ground-truth Num of Instances: 1,1,1,1,1,1,1,1,1,1,1,1,1,1,1,1,1,1,1,1,1,1,1,1,1,1,1,1,1,1,1,1,2,1,1,1,1,1,1,1,1,1,1,2,1,1,1,1,1,1,1,1,2,1,1,1,1,2,1,1,1,1,1,1,1,1,1,1,1,1,1,1,1,1,1,1,1,1,2,1,1,1,1,1,1,1,1,1,1,1,2,1,1,1,1,1,1,1,1,1,1,1,1,1,2,2,1,1,1,1,1,1,1,1,1,2,1,1,1
Our Recovered Labels: 0,3,18,24,27,40,43,49,55,58,59,63,69,73,78,87,93,105,108,134,137,139,151,164,178,181,184,190,200,210,238,240,247,249,253,261,266,273,300,311,312,334,341,347,353,365,370,384,400,401,421,431,433,439,459,465,472,483,490,493,500,501,507,511,521,524,527,532,547,552,572,574,583,590,601,607,610,613,637,656,671,673,688,692,698,702,711,715,720,721,722,727,736,738,758,759,771,788,792,817,818,832,848,873,878,899,903,905,940,946,953,964,968,978,987,990,993,994,997 | LeAcc: 1.000
Our Recovered Num of Instances: 1,1,1,1,1,1,1,1,1,1,1,1,1,1,1,1,1,1,1,1,1,1,1,1,1,1,1,1,1,1,1,1,2,1,1,1,1,1,1,1,1,1,1,2,1,1,1,1,1,1,1,1,2,1,1,1,1,2,1,1,1,1,1,1,1,1,1,1,1,1,1,1,1,1,1,1,1,1,2,1,1,1,1,1,1,1,1,1,1,1,2,1,1,1,1,1,1,1,1,1,1,1,1,1,2,2,1,1,1,1,1,1,1,1,1,2,1,1,1 | LnAcc: 1.000 | IRec: 1.000
Start Experiment 10
***************************************************************
Ground-truth Labels: 16,21,35,41,53,57,71,75,77,80,86,87,117,119,123,124,133,169,183,185,199,204,231,236,237,252,281,305,313,329,333,349,354,356,359,377,381,383,387,388,402,408,411,421,424,436,439,440,446,447,461,471,487,491,506,511,517,528,547,552,553,554,561,580,583,599,610,614,625,627,635,649,651,653,660,668,669,684,719,736,739,741,742,744,760,768,775,785,805,820,823,824,826,832,835,841,842,850,852,860,868,877,878,892,899,909,926,933,943,944,945,962,964,973,988,995,998
Ground-truth Num of Instances: 1,2,1,1,1,1,1,2,1,1,1,1,1,1,1,1,1,1,1,1,1,1,1,1,1,1,1,1,1,1,1,1,1,2,1,1,1,1,2,1,1,1,1,1,1,1,1,1,1,1,1,2,1,2,1,1,1,1,1,1,1,1,1,2,1,1,1,1,1,1,1,1,2,1,1,1,1,1,1,1,1,1,1,1,1,1,1,1,1,1,2,1,1,1,2,1,1,1,1,1,1,1,1,1,1,1,1,1,1,1,1,1,1,1,1,1,2
Our Recovered Labels: 16,21,35,41,53,57,71,75,77,80,86,87,117,119,123,124,133,169,183,185,199,204,231,236,237,252,281,305,313,329,333,349,354,356,359,377,381,383,387,388,402,408,411,421,424,436,439,440,446,447,461,471,487,491,506,511,517,528,547,552,553,554,561,580,583,599,610,614,625,627,635,649,651,653,660,668,669,684,719,736,739,741,742,744,760,768,775,785,805,820,823,824,826,832,835,841,842,850,852,860,868,877,878,892,899,909,926,933,943,944,945,962,964,973,988,995,998 | LeAcc: 1.000
Our Recovered Num of Instances: 1,2,1,1,1,1,1,2,1,1,1,1,1,1,1,1,1,1,1,1,1,1,1,1,1,1,1,1,1,1,1,1,1,2,1,1,1,1,2,1,1,1,1,1,1,1,1,1,1,1,1,2,1,2,1,1,1,1,1,1,1,1,1,2,1,1,1,1,1,1,1,1,2,1,1,1,1,1,1,1,1,1,1,1,1,1,1,1,1,1,2,1,1,1,2,1,1,1,1,1,1,1,1,1,1,1,1,1,1,1,1,1,1,1,1,1,2 | LnAcc: 1.000 | IRec: 1.000
Start Experiment 11
***************************************************************
Ground-truth Labels: 10,16,19,35,45,49,73,80,84,91,92,94,100,108,118,122,135,147,161,162,180,182,188,193,219,239,246,250,251,256,258,260,280,282,302,318,319,323,330,338,340,348,359,389,405,420,421,425,433,457,462,464,474,492,493,495,500,501,506,507,527,533,536,542,545,546,553,561,565,578,579,594,612,613,622,624,632,636,653,654,658,662,676,692,706,718,728,735,740,751,769,776,793,794,809,816,825,831,832,838,852,857,861,867,881,891,893,916,923,927,939,951,956,958,959,960,963,967,990,995,998
Ground-truth Num of Instances: 1,1,1,1,2,1,1,1,1,1,1,1,1,1,1,1,1,1,1,1,1,1,1,1,1,1,2,1,1,1,1,1,1,1,1,1,1,1,1,1,2,1,1,1,1,1,1,1,1,1,1,1,1,1,1,1,1,1,1,1,1,1,1,1,1,1,1,1,1,1,1,1,1,1,1,1,1,1,1,1,1,1,1,1,1,1,1,1,1,1,1,1,1,1,1,1,2,1,1,1,1,1,1,1,1,1,1,1,1,1,1,1,1,1,1,1,1,1,2,2,2
Our Recovered Labels: 10,16,19,35,45,49,73,80,84,91,92,94,100,108,118,122,135,147,161,162,180,182,188,193,219,239,246,250,251,256,258,260,280,282,302,318,319,323,330,338,340,348,359,389,405,420,421,425,433,457,462,464,474,492,493,495,500,501,506,507,527,533,536,542,545,546,553,561,565,578,579,594,612,613,622,624,632,636,653,654,658,662,676,692,706,718,728,735,740,751,769,776,793,794,809,816,825,831,832,838,852,857,861,867,881,891,893,916,923,927,939,951,956,958,959,960,963,967,990,995,998 | LeAcc: 1.000
Our Recovered Num of Instances: 1,1,1,1,2,1,1,1,1,1,1,1,1,1,1,1,1,1,1,1,1,1,1,1,1,1,2,1,1,1,1,1,1,1,1,1,1,1,1,1,2,1,1,1,1,1,1,1,1,1,1,1,1,1,1,1,1,1,1,1,1,1,1,1,1,1,1,1,1,1,1,1,1,1,1,1,1,1,1,1,1,1,1,1,1,1,1,1,1,1,1,1,1,1,1,1,2,1,1,1,1,1,1,1,1,1,1,1,1,1,1,1,1,1,1,1,1,1,2,2,2 | LnAcc: 1.000 | IRec: 1.000
Start Experiment 12
***************************************************************
Ground-truth Labels: 0,8,21,47,67,68,70,83,87,88,92,107,111,117,125,129,136,138,159,163,186,195,207,220,227,228,231,239,240,271,287,301,330,333,336,344,347,361,362,382,397,406,416,444,452,454,458,459,466,469,488,510,526,533,557,559,562,573,574,580,583,586,593,594,595,621,622,629,632,647,652,656,676,680,700,701,702,707,715,722,723,736,751,753,761,762,766,791,796,803,809,810,814,818,820,823,831,845,850,851,853,863,865,878,886,900,901,903,927,948,950,962,964,965,972,980,996
Ground-truth Num of Instances: 1,1,1,1,1,1,1,2,1,1,1,1,1,1,2,1,1,1,1,1,1,1,1,1,1,1,1,1,1,1,1,1,1,2,1,1,1,1,1,1,1,1,1,1,1,1,1,1,1,2,1,1,1,1,1,2,2,1,1,1,1,1,1,1,2,2,1,1,1,1,1,1,1,1,1,1,1,1,1,1,1,1,2,1,1,1,1,1,1,1,1,1,1,1,1,1,1,1,2,1,1,1,1,1,1,1,1,1,1,1,1,2,1,1,1,1,1
Our Recovered Labels: 0,8,21,47,67,68,70,83,87,88,92,107,111,117,125,129,136,138,159,163,186,195,207,220,227,228,231,239,240,271,287,301,330,333,336,344,347,361,362,382,397,406,416,444,452,454,458,459,466,469,488,510,526,533,557,559,562,573,574,580,583,586,593,594,595,621,622,629,632,647,652,656,676,680,700,701,702,707,715,722,723,736,751,753,761,762,766,791,796,803,809,810,814,818,820,823,831,845,850,851,853,863,865,878,886,900,901,903,927,948,950,962,964,965,972,980,996 | LeAcc: 1.000
Our Recovered Num of Instances: 1,1,1,1,1,1,1,2,1,1,1,1,1,1,2,1,1,1,1,1,1,1,1,1,1,1,1,1,1,1,1,1,1,2,1,1,1,1,1,1,1,1,1,1,1,1,1,1,1,2,1,1,1,1,1,2,2,1,1,1,1,1,1,1,2,2,1,1,1,1,1,1,1,1,1,1,1,1,1,1,1,1,2,1,1,1,1,1,1,1,1,1,1,1,1,1,1,1,2,1,1,1,1,1,1,1,1,1,1,1,1,2,1,1,1,1,1 | LnAcc: 1.000 | IRec: 1.000
Start Experiment 13
***************************************************************
Ground-truth Labels: 0,5,12,20,23,33,35,43,52,70,107,114,116,118,120,126,143,151,161,164,165,172,173,180,188,199,205,211,216,225,228,229,232,249,251,259,270,282,288,295,301,311,316,333,349,350,351,352,359,362,364,369,374,378,387,388,408,420,439,443,476,484,485,486,506,525,526,528,531,537,564,569,571,578,585,586,587,592,620,630,646,647,660,664,670,675,678,700,705,713,747,755,779,783,789,792,795,797,803,804,807,808,813,819,820,822,831,840,844,846,867,897,910,915,924,934,952,964,965,966,976,980,996
Ground-truth Num of Instances: 1,1,1,1,1,1,1,1,1,1,1,1,1,1,1,1,1,1,1,1,1,1,1,1,1,1,1,1,1,1,1,1,1,1,1,1,1,1,1,1,1,1,1,2,1,1,1,1,1,1,1,1,1,1,1,1,1,1,1,1,1,1,1,1,1,1,1,2,1,1,2,1,2,1,1,1,1,1,1,1,1,1,1,1,1,1,1,1,1,1,1,1,1,1,1,1,1,1,1,1,1,1,1,1,1,1,2,1,1,1,1,1,1,1,1,1,1,1,1,1,1,1,1
Our Recovered Labels: 0,5,12,20,23,33,35,43,52,70,107,114,116,118,120,126,143,151,161,164,165,172,173,180,188,199,205,211,216,225,228,229,232,249,251,259,270,282,288,295,301,311,316,333,349,350,351,352,359,362,364,369,374,378,387,388,408,420,439,443,476,484,485,486,506,525,526,528,531,537,564,569,571,578,585,586,587,592,620,630,646,647,660,664,670,675,678,700,705,713,747,755,779,783,789,792,795,797,803,804,807,808,813,819,820,822,831,840,844,846,867,897,910,915,924,934,952,964,965,966,976,980,996 | LeAcc: 1.000
Our Recovered Num of Instances: 1,1,1,1,1,1,1,1,1,1,1,1,1,1,1,1,1,1,1,1,1,1,1,1,1,1,1,1,1,1,1,1,1,1,1,1,1,1,1,1,1,1,1,2,1,1,1,1,1,1,1,1,1,1,1,1,1,1,1,1,1,1,1,1,1,1,1,2,1,1,2,1,2,1,1,1,1,1,1,1,1,1,1,1,1,1,1,1,1,1,1,1,1,1,1,1,1,1,1,1,1,1,1,1,1,1,2,1,1,1,1,1,1,1,1,1,1,1,1,1,1,1,1 | LnAcc: 1.000 | IRec: 1.000
Start Experiment 14
***************************************************************
Ground-truth Labels: 17,27,51,52,66,88,101,112,113,119,132,136,155,165,168,169,175,192,196,200,208,215,248,251,256,269,275,283,295,298,306,310,317,320,328,338,339,340,363,389,390,392,395,399,403,410,414,415,416,419,423,433,443,463,464,467,468,484,496,505,508,512,515,532,540,545,546,561,569,575,583,585,595,599,601,603,606,608,633,644,657,663,673,677,687,703,706,709,712,715,717,723,726,737,741,743,746,770,784,788,804,806,811,816,818,859,864,881,887,915,928,932,942,945,949,963,967,978,990,991,997
Ground-truth Num of Instances: 1,1,2,1,1,1,1,1,1,2,1,1,1,1,1,1,1,1,1,1,1,1,1,1,1,2,1,1,1,1,1,1,1,1,1,1,1,1,1,1,1,1,1,1,1,1,1,1,1,1,1,1,1,1,1,1,1,1,1,1,1,1,1,1,1,1,2,1,1,1,2,1,1,1,1,1,1,1,1,1,1,1,2,1,1,1,1,1,1,1,1,1,1,1,1,1,1,1,1,1,1,1,1,1,1,1,1,1,2,1,1,1,1,1,1,1,1,1,1,1,1
Our Recovered Labels: 17,27,51,52,66,88,101,112,113,119,132,136,155,165,168,169,175,192,196,200,208,215,248,251,256,269,275,283,295,298,306,310,317,320,328,338,339,340,363,389,390,392,395,399,403,410,414,415,416,419,423,433,443,463,464,467,468,484,496,505,508,512,515,532,540,545,546,561,569,575,583,585,595,599,601,603,606,608,633,644,657,663,673,677,687,703,706,709,712,715,717,723,726,737,741,743,746,770,784,788,804,806,811,816,818,859,864,881,887,915,928,932,942,945,949,963,967,978,990,991,997 | LeAcc: 1.000
Our Recovered Num of Instances: 1,1,2,1,1,1,1,1,1,2,1,1,1,1,1,1,1,1,1,1,1,1,1,1,1,2,1,1,1,1,1,1,1,1,1,1,1,1,1,1,1,1,1,1,1,1,1,1,1,1,1,1,1,1,1,1,1,1,1,1,1,1,1,1,1,1,2,1,1,1,2,1,1,1,1,1,1,1,1,1,1,1,2,1,1,1,1,1,1,1,1,1,1,1,1,1,1,1,1,1,1,1,1,1,1,1,1,1,2,1,1,1,1,1,1,1,1,1,1,1,1 | LnAcc: 1.000 | IRec: 1.000
Start Experiment 15
***************************************************************
Ground-truth Labels: 1,3,12,14,21,61,66,69,89,102,103,107,135,152,156,162,174,184,188,190,191,193,205,210,212,217,226,234,264,267,289,290,295,297,300,302,311,322,331,333,337,357,373,374,393,409,414,417,420,433,437,445,456,460,467,468,493,499,504,505,520,521,541,549,553,580,585,587,599,603,609,615,616,627,629,633,644,663,672,684,687,690,701,704,719,725,733,755,763,764,777,782,797,803,819,832,833,837,847,851,859,863,883,888,893,897,912,919,920,922,938,945,956,960,967,968,969,971,973,981,986,990,995,999
Ground-truth Num of Instances: 1,1,2,1,1,1,1,2,1,1,1,1,1,1,1,1,1,1,2,1,1,1,1,1,1,1,1,1,1,1,1,1,1,1,1,1,1,1,1,1,1,1,1,1,1,1,1,1,1,1,1,1,1,1,1,1,1,1,2,1,1,1,1,1,1,1,1,1,1,1,1,1,1,1,1,1,1,1,1,1,1,1,1,1,1,1,1,1,1,1,1,1,1,1,1,1,1,1,1,1,1,1,1,1,1,1,1,1,1,1,1,1,1,1,1,1,1,1,1,1,1,1,1,1
Our Recovered Labels: 1,3,12,14,21,61,66,69,89,102,103,107,135,152,156,162,174,184,188,190,191,193,205,210,212,217,226,234,264,267,289,290,295,297,300,302,311,322,331,333,337,357,373,374,393,409,414,417,420,433,437,445,456,460,467,468,493,499,504,505,520,521,541,549,553,580,585,587,599,603,609,615,616,627,629,633,644,663,672,684,687,690,701,704,719,725,733,755,763,764,777,782,797,803,819,832,833,837,847,851,859,863,883,888,893,897,912,919,920,922,938,945,956,960,967,968,969,971,973,981,986,990,995,999 | LeAcc: 1.000
Our Recovered Num of Instances: 1,1,2,1,1,1,1,2,1,1,1,1,1,1,1,1,1,1,2,1,1,1,1,1,1,1,1,1,1,1,1,1,1,1,1,1,1,1,1,1,1,1,1,1,1,1,1,1,1,1,1,1,1,1,1,1,1,1,2,1,1,1,1,1,1,1,1,1,1,1,1,1,1,1,1,1,1,1,1,1,1,1,1,1,1,1,1,1,1,1,1,1,1,1,1,1,1,1,1,1,1,1,1,1,1,1,1,1,1,1,1,1,1,1,1,1,1,1,1,1,1,1,1,1 | LnAcc: 1.000 | IRec: 1.000
Start Experiment 16
***************************************************************
Ground-truth Labels: 0,27,46,61,77,82,89,105,120,121,132,134,135,142,145,151,168,171,176,195,197,209,212,229,230,238,250,260,283,293,295,304,306,310,311,313,316,320,326,332,337,357,383,402,412,413,428,447,449,451,454,456,459,470,473,477,483,484,485,491,508,528,536,540,564,581,601,606,611,642,643,648,685,688,694,696,705,711,712,719,721,722,723,724,729,731,745,753,758,760,764,774,777,805,815,818,819,827,832,839,843,849,855,862,867,876,895,903,916,922,925,927,948,949,960,963,964,974,976,978,983
Ground-truth Num of Instances: 1,1,1,1,1,1,1,1,1,1,1,2,1,1,2,1,1,1,1,2,1,1,1,1,1,1,1,1,1,1,1,1,1,1,1,1,1,1,1,1,1,1,1,1,1,1,1,1,1,1,1,1,1,1,1,1,1,1,1,1,1,1,1,1,1,1,1,1,1,2,1,1,1,1,1,1,1,1,1,1,1,1,1,1,1,1,1,1,1,1,1,1,1,2,1,1,1,1,1,2,1,1,1,1,1,1,1,1,1,1,1,1,1,1,1,2,1,1,1,1,1
Our Recovered Labels: 0,27,46,61,77,82,89,105,120,121,132,134,135,142,145,151,168,171,176,195,197,209,212,229,230,238,250,260,283,293,295,304,306,310,311,313,316,320,326,332,337,357,383,402,412,413,428,447,449,451,454,456,459,470,473,477,483,484,485,491,508,528,536,540,564,581,601,606,611,642,643,648,685,688,694,696,705,711,712,719,721,722,723,724,729,731,745,753,758,760,764,774,777,805,815,818,819,827,832,839,843,849,855,862,867,876,895,903,916,922,925,927,948,949,960,963,964,974,976,978,983 | LeAcc: 1.000
Our Recovered Num of Instances: 1,1,1,1,1,1,1,1,1,1,1,2,1,1,2,1,1,1,1,2,1,1,1,1,1,1,1,1,1,1,1,1,1,1,1,1,1,1,1,1,1,1,1,1,1,1,1,1,1,1,1,1,1,1,1,1,1,1,1,1,1,1,1,1,1,1,1,1,1,2,1,1,1,1,1,1,1,1,1,1,1,1,1,1,1,1,1,1,1,1,1,1,1,2,1,1,1,1,1,2,1,1,1,1,1,1,1,1,1,1,1,1,1,1,1,2,1,1,1,1,1 | LnAcc: 1.000 | IRec: 1.000
Start Experiment 17
***************************************************************
Ground-truth Labels: 0,3,12,20,25,37,60,67,72,92,98,111,120,132,171,173,180,183,192,195,209,213,234,244,248,249,267,269,270,273,274,288,303,305,307,310,313,320,326,341,349,350,357,358,360,361,363,365,370,371,399,429,432,434,447,450,455,456,460,481,487,497,522,523,526,527,532,534,547,556,564,567,571,575,577,585,586,587,590,598,601,624,627,636,649,651,677,698,730,734,735,745,751,755,766,768,771,782,796,800,803,809,819,822,823,824,838,839,855,856,857,858,862,864,868,902,908,911,913,931,956,982,990
Ground-truth Num of Instances: 1,2,1,1,1,1,1,1,1,1,1,1,1,1,1,1,1,1,1,1,1,1,1,1,1,1,1,1,1,1,1,1,1,1,1,1,1,1,1,1,1,1,1,1,1,1,1,1,1,2,1,1,1,1,1,1,1,1,1,1,1,1,1,1,1,1,1,1,1,1,1,1,1,1,1,1,1,1,1,1,1,1,1,1,1,1,2,1,1,1,1,1,1,1,1,1,2,1,1,1,1,1,1,1,2,1,1,1,1,1,1,1,1,1,1,1,1,1,1,1,1,1,1
Our Recovered Labels: 0,3,12,20,25,37,60,67,72,92,98,111,120,132,171,173,180,183,192,195,209,213,234,244,248,249,267,269,270,273,274,288,303,305,307,310,313,320,326,341,349,350,357,358,360,361,363,365,370,371,399,429,432,434,447,450,455,456,460,481,487,497,522,523,526,527,532,534,547,556,564,567,571,575,577,585,586,587,590,598,601,624,627,636,649,651,677,698,730,734,735,745,751,755,766,768,771,782,796,800,803,809,819,822,823,824,838,839,855,856,857,858,862,864,868,902,908,911,913,931,956,982,990 | LeAcc: 1.000
Our Recovered Num of Instances: 1,2,1,1,1,1,1,1,1,1,1,1,1,1,1,1,1,1,1,1,1,1,1,1,2,1,1,1,1,1,1,1,1,1,1,1,1,1,1,1,1,1,1,1,1,1,1,1,1,2,1,1,1,1,1,1,1,1,1,1,1,1,1,1,1,1,1,1,1,1,1,1,1,1,1,1,1,1,1,1,1,1,1,1,1,1,2,1,1,1,1,1,1,1,1,1,2,1,1,1,1,1,1,1,2,1,1,1,1,1,1,1,1,1,1,1,1,1,1,1,1,1,1 | LnAcc: 0.999 | IRec: 1.000
Start Experiment 18
***************************************************************
Ground-truth Labels: 0,4,21,30,44,49,50,88,92,94,95,96,104,107,111,120,135,137,142,144,150,163,167,172,181,182,185,201,202,207,224,238,242,255,271,279,293,298,315,317,352,358,364,380,394,401,405,420,428,446,452,457,464,469,470,474,478,485,488,489,499,512,519,528,548,549,553,560,578,593,597,600,604,615,619,632,639,656,657,665,667,680,682,683,690,707,715,717,719,729,731,735,776,780,786,795,806,814,820,833,836,851,859,870,877,880,886,894,906,912,913,915,921,930,937,969,973,981,985,992,994,997
Ground-truth Num of Instances: 1,1,1,1,2,1,1,1,1,1,1,1,1,1,1,1,1,1,1,1,1,1,1,1,1,2,1,1,1,1,2,1,1,1,1,1,1,1,1,1,1,1,1,1,1,1,1,1,1,1,1,1,1,1,1,1,1,1,1,1,1,1,1,1,1,1,1,1,1,1,1,1,1,1,1,1,1,1,1,1,1,1,1,2,2,1,1,1,1,1,1,1,1,1,1,1,1,1,1,1,1,1,1,1,1,1,1,1,1,1,1,1,1,1,1,1,1,1,2,1,1,1
Our Recovered Labels: 0,4,21,30,44,49,50,88,92,94,95,96,104,107,111,120,135,137,142,144,150,163,167,172,181,182,185,201,202,207,224,238,242,255,271,279,293,298,315,317,352,358,364,380,394,401,405,420,428,446,452,457,464,469,470,474,478,485,488,489,499,512,519,528,548,549,553,560,578,593,597,600,604,615,619,632,639,656,657,665,667,680,682,683,690,707,715,717,719,729,731,735,776,780,786,795,806,814,820,833,836,851,859,870,877,880,886,894,906,912,913,915,921,930,937,969,973,981,985,992,994,997 | LeAcc: 1.000
Our Recovered Num of Instances: 1,1,1,1,2,1,1,1,1,1,1,1,1,1,1,1,1,1,1,1,1,1,1,1,1,2,1,1,1,1,2,1,1,1,1,1,1,1,1,1,1,1,1,1,1,1,1,1,1,1,1,1,1,1,1,1,1,1,1,1,1,1,1,1,1,1,1,1,1,1,1,1,1,1,1,1,1,1,1,1,1,1,1,2,2,1,1,1,1,1,1,1,1,1,1,1,1,1,1,1,1,1,1,1,1,1,1,1,1,1,1,1,1,1,1,1,1,1,2,1,1,1 | LnAcc: 1.000 | IRec: 1.000
Start Experiment 19
***************************************************************
Ground-truth Labels: 0,1,2,9,14,28,33,34,39,49,77,81,91,99,100,104,109,112,133,140,147,156,158,161,162,172,176,180,182,192,194,203,209,216,217,229,232,265,271,273,290,318,319,320,350,362,376,384,392,395,408,423,424,433,434,438,439,443,450,453,478,479,485,488,489,521,525,532,543,552,554,577,578,580,583,584,590,591,600,602,613,614,640,645,646,650,651,652,669,677,685,696,708,716,722,728,732,733,739,741,759,787,801,808,825,844,848,853,862,868,872,873,894,897,899,904,908,924,937,945,946,954,968
Ground-truth Num of Instances: 1,1,2,1,1,1,1,1,1,1,1,1,1,1,1,1,1,1,1,1,1,1,1,1,1,1,1,1,1,1,1,1,1,1,1,1,1,1,1,1,1,1,1,2,1,1,2,1,1,2,1,1,1,1,1,1,1,1,1,1,1,2,1,1,1,1,1,1,1,1,1,1,1,1,1,1,1,1,1,1,1,1,1,1,1,1,1,1,1,1,1,1,1,1,1,1,1,1,1,1,1,1,1,1,1,1,1,1,1,1,1,1,1,1,1,1,1,1,1,1,1,1,1
Our Recovered Labels: 0,1,2,9,14,28,33,34,39,49,77,81,91,99,100,104,109,112,133,140,147,156,158,161,162,172,176,180,182,192,194,203,209,216,217,229,232,265,271,273,290,318,319,320,350,362,376,384,392,395,408,423,424,433,434,438,439,443,450,453,478,479,485,488,489,521,525,532,543,552,554,577,578,580,583,584,590,591,600,602,613,614,640,645,646,650,651,652,669,677,685,696,708,716,722,728,732,733,739,741,759,787,801,808,825,844,848,853,862,868,872,873,894,897,899,904,908,924,937,945,946,954,968 | LeAcc: 1.000
Our Recovered Num of Instances: 1,1,2,1,1,1,1,1,1,1,1,1,1,1,1,1,1,1,1,1,1,1,1,1,1,1,1,1,1,1,1,1,1,1,1,1,1,1,1,1,1,1,1,2,1,1,2,1,1,2,1,1,1,1,1,1,1,1,1,1,1,2,1,1,1,1,1,1,1,1,1,1,1,1,1,1,1,1,1,1,1,1,1,1,1,1,1,1,1,1,1,1,1,1,1,1,1,1,1,1,1,1,1,1,1,1,1,1,1,1,1,1,1,1,1,1,1,1,1,1,1,1,1 | LnAcc: 1.000 | IRec: 1.000
Start Experiment 20
***************************************************************
Ground-truth Labels: 1,2,3,7,9,26,30,31,42,45,54,55,58,70,72,90,94,106,116,138,141,147,158,162,166,168,171,194,206,210,217,218,222,228,236,243,260,276,286,290,292,319,329,331,335,337,338,343,359,367,368,378,388,399,405,416,419,420,421,422,428,433,450,452,463,469,473,475,507,508,517,519,526,536,541,548,554,567,582,585,587,589,600,606,611,621,627,646,656,695,713,726,729,751,756,785,787,789,814,815,821,825,828,829,830,837,842,843,848,864,874,882,917,925,930,958,976,982,985,991
Ground-truth Num of Instances: 1,1,1,1,1,1,1,1,1,1,1,1,1,2,1,1,1,1,1,1,1,1,1,1,1,1,1,1,1,1,1,1,1,1,1,1,1,1,1,1,1,1,1,1,1,1,2,1,1,1,1,1,2,2,2,1,1,1,1,1,2,1,1,1,2,1,1,1,1,1,1,1,1,1,1,1,1,1,1,1,1,1,1,1,1,1,1,1,1,1,1,1,1,1,1,1,1,1,1,1,1,1,2,1,1,1,1,1,1,1,1,1,1,1,1,1,1,1,1,1
Our Recovered Labels: 1,2,3,7,9,26,30,31,42,45,54,55,58,70,72,90,94,106,116,138,141,147,158,162,166,168,171,194,206,210,217,218,222,228,236,243,260,276,286,290,292,319,329,331,335,337,338,343,359,367,368,378,388,399,405,416,419,420,421,422,428,433,450,452,463,469,473,475,507,508,517,519,526,536,541,548,554,567,582,585,587,589,600,606,611,621,627,646,656,695,713,726,729,751,756,785,787,789,814,815,821,825,828,829,830,837,842,843,848,864,874,882,917,925,930,958,976,982,985,991 | LeAcc: 1.000
Our Recovered Num of Instances: 1,1,1,1,1,1,1,1,1,1,1,1,1,2,1,1,1,1,1,1,1,1,1,1,1,1,1,1,1,1,1,1,1,1,1,1,1,1,1,1,1,1,1,1,1,1,2,1,1,1,1,1,2,2,2,1,1,1,1,1,2,1,1,1,2,1,1,1,1,1,1,1,1,1,1,1,1,1,1,1,1,1,1,1,1,1,1,1,1,1,1,1,1,1,1,1,1,1,1,1,1,1,2,1,1,1,1,1,1,1,1,1,1,1,1,1,1,1,1,1 | LnAcc: 1.000 | IRec: 1.000
Start Experiment 21
***************************************************************
Ground-truth Labels: 3,23,30,33,35,36,48,71,72,79,87,88,98,99,102,103,108,131,145,159,160,161,168,169,174,177,196,197,211,213,214,241,243,254,257,275,287,301,303,345,347,352,362,370,378,383,390,395,405,412,415,417,429,431,440,456,465,483,487,489,496,501,502,503,505,517,546,547,551,552,565,566,570,573,577,587,598,606,609,612,613,616,617,643,647,661,676,688,690,691,695,699,716,723,727,735,744,780,785,810,816,822,823,827,828,834,838,845,852,889,904,907,909,911,915,930,932,934,941,943,951,953,955,978,982
Ground-truth Num of Instances: 1,1,1,1,1,1,1,1,1,1,1,1,1,1,1,1,1,1,1,1,1,1,1,1,1,1,1,1,1,1,2,1,1,1,1,1,1,1,1,1,1,1,1,1,1,1,1,1,1,1,1,1,1,1,1,1,1,1,1,1,1,1,1,1,1,1,1,1,1,1,1,1,1,1,1,1,2,1,1,1,1,1,1,1,1,2,1,1,1,1,1,1,1,1,1,1,1,1,1,1,1,1,1,1,1,1,1,1,1,1,1,1,1,1,1,1,1,1,1,1,1,1,1,1,1
Our Recovered Labels: 3,23,30,33,35,36,48,71,72,79,87,88,98,99,102,103,108,131,145,159,160,161,168,169,174,177,196,197,211,213,214,241,243,254,257,275,287,301,303,345,347,352,362,370,378,383,390,395,405,412,415,417,429,431,440,456,465,483,487,489,496,501,502,503,505,517,546,547,551,552,565,566,570,573,577,587,598,606,609,612,613,616,617,643,647,661,676,688,690,691,695,699,716,723,727,735,744,780,785,810,816,822,823,827,828,834,838,845,852,889,904,907,909,911,915,930,932,934,941,943,950,951,953,955,978,982 | LeAcc: 0.999
Our Recovered Num of Instances: 1,1,1,1,1,1,1,1,1,1,1,1,1,1,1,1,1,1,1,1,1,1,1,1,1,1,1,1,1,1,2,1,1,1,1,1,1,1,1,1,1,1,1,1,1,1,1,1,1,1,1,1,1,1,1,1,1,1,1,1,1,1,1,1,1,1,1,1,1,1,1,1,1,1,1,1,2,1,1,1,1,1,1,1,1,2,1,1,1,1,1,1,1,1,1,1,1,1,1,1,1,1,1,1,1,1,1,1,1,1,1,1,1,1,1,1,1,1,1,1,1,1,1,1,1,1 | LnAcc: 0.999 | IRec: 1.000
Start Experiment 22
***************************************************************
Ground-truth Labels: 12,14,29,34,51,52,58,60,61,67,71,94,99,108,110,120,134,137,142,158,185,186,189,191,202,204,205,250,258,260,262,273,294,295,296,300,317,325,327,328,332,334,337,338,345,355,365,375,378,393,408,413,421,437,450,468,476,478,492,496,498,505,511,537,538,540,545,557,580,595,596,601,623,630,640,641,651,659,668,682,690,702,706,738,745,746,751,755,758,773,775,788,791,804,806,811,817,821,825,834,838,839,842,875,878,895,897,901,938,939,943,951,958,959,968,973,986,988,993
Ground-truth Num of Instances: 1,1,1,1,1,3,1,1,1,1,1,1,2,1,1,1,1,1,1,1,1,1,1,1,1,1,1,1,1,1,1,1,1,1,1,1,1,1,1,1,1,1,1,1,1,3,1,1,1,1,1,1,1,1,1,1,1,1,1,1,1,1,1,1,1,1,2,1,1,1,1,1,1,1,1,1,1,1,2,1,1,1,1,2,1,1,1,1,1,1,1,1,1,1,1,1,1,1,1,1,1,1,1,1,1,1,1,1,1,1,1,1,1,1,1,1,1,1,2
Our Recovered Labels: 12,14,29,34,51,52,58,60,61,67,71,94,99,108,110,120,134,137,142,158,185,186,189,191,202,204,205,250,258,260,262,273,294,295,296,300,317,325,327,328,332,334,337,338,345,355,365,375,378,393,408,413,421,437,450,468,476,478,492,496,498,505,511,537,538,540,545,557,580,595,596,601,623,630,640,641,651,659,668,682,690,702,706,738,745,746,751,755,758,773,775,788,791,804,806,811,817,821,825,834,838,839,842,875,878,895,897,901,938,939,943,951,958,959,968,973,986,988,993 | LeAcc: 1.000
Our Recovered Num of Instances: 1,1,1,1,1,3,1,1,1,1,1,1,2,1,1,1,1,1,1,1,1,1,1,1,1,1,1,1,1,1,1,1,1,1,1,1,1,1,1,1,1,1,1,1,1,3,1,1,1,1,1,1,1,1,1,1,1,1,1,1,1,1,1,1,1,1,2,1,1,1,1,1,1,1,1,1,1,1,2,1,1,1,1,2,1,1,1,1,1,1,1,1,1,1,1,1,1,1,1,1,1,1,1,1,1,1,1,1,1,1,1,1,1,1,1,1,1,1,2 | LnAcc: 1.000 | IRec: 1.000
Start Experiment 23
***************************************************************
Ground-truth Labels: 27,29,31,32,33,38,42,59,62,80,104,114,125,145,148,156,164,181,188,197,199,219,222,231,239,241,246,263,278,284,285,296,297,302,309,354,368,369,388,389,396,399,408,416,421,422,425,426,437,440,450,455,462,471,480,494,498,504,507,511,513,522,525,526,536,537,546,549,566,573,574,583,588,596,612,615,617,619,632,636,650,664,667,668,677,691,700,704,706,707,710,727,746,750,754,759,780,785,796,799,812,816,833,839,849,852,856,863,881,902,914,925,926,928,948,964,985,993,997
Ground-truth Num of Instances: 1,1,1,1,2,1,1,1,1,1,1,1,1,1,1,1,1,1,1,1,1,1,1,1,1,1,1,1,1,2,1,1,1,1,1,1,1,1,1,1,1,1,1,1,1,1,1,1,1,1,1,1,1,1,1,1,1,1,2,1,1,1,1,1,1,1,1,1,1,1,2,1,1,1,1,1,1,1,1,1,1,1,1,1,1,1,1,1,1,1,1,1,1,1,1,1,1,1,1,2,1,1,2,2,1,1,1,1,1,1,2,1,1,1,2,1,1,1,1
Our Recovered Labels: 27,29,31,32,33,38,42,59,62,80,104,114,125,145,148,156,164,181,188,197,199,219,222,231,239,241,246,263,278,284,285,296,297,302,309,354,368,369,388,389,396,399,408,416,421,422,425,426,437,440,450,455,462,471,480,494,498,504,507,511,513,522,525,526,536,537,546,549,566,573,574,583,588,596,612,615,617,619,632,636,650,664,667,668,677,691,700,704,706,707,710,727,746,750,754,759,780,785,796,799,812,816,833,839,849,852,856,863,881,902,914,925,926,928,948,964,985,993,997 | LeAcc: 1.000
Our Recovered Num of Instances: 1,1,1,1,2,1,1,1,1,1,1,1,1,1,1,1,1,1,1,1,1,1,1,1,1,1,1,1,1,2,1,1,1,1,1,1,1,1,1,1,1,1,1,1,1,1,1,1,1,1,1,1,1,1,1,1,1,1,2,1,1,1,1,1,1,1,1,1,1,1,2,1,1,1,1,1,1,1,1,1,1,1,1,1,1,1,1,1,1,1,1,1,1,1,1,1,1,1,1,2,1,1,2,2,1,1,1,1,1,1,2,1,1,1,2,1,1,1,1 | LnAcc: 1.000 | IRec: 1.000
Start Experiment 24
***************************************************************
Ground-truth Labels: 5,9,13,18,20,28,39,44,66,71,77,81,83,90,93,108,133,146,152,158,169,172,179,181,194,195,199,218,244,252,257,263,273,285,295,305,312,320,337,340,349,361,365,369,370,373,377,380,389,390,430,432,439,440,445,458,480,515,520,524,526,528,530,533,539,541,545,551,554,556,564,575,591,594,597,600,601,602,614,615,642,644,654,665,670,674,727,750,752,753,763,779,783,796,798,813,824,832,836,837,846,852,853,855,857,864,882,888,896,901,907,909,913,914,940,942,946,951,955,956,975,987,991,994,998
Ground-truth Num of Instances: 1,1,1,1,1,1,1,1,2,1,1,1,1,1,1,1,1,1,1,1,1,1,1,1,1,1,2,1,1,1,1,1,1,1,1,1,1,1,1,1,1,1,1,1,1,1,1,1,1,1,1,1,1,1,1,1,1,1,1,1,1,1,1,1,1,1,1,1,1,1,1,1,1,1,1,1,1,1,1,1,1,1,1,1,1,1,1,1,1,1,1,1,1,2,1,1,1,1,1,1,1,1,1,1,1,1,1,1,1,1,1,1,1,1,1,1,1,1,1,1,1,1,1,1,1
Our Recovered Labels: 5,9,13,18,20,28,39,44,66,71,77,81,83,90,93,108,133,146,152,158,169,172,179,181,194,195,199,218,244,252,257,263,273,285,295,305,312,320,337,340,349,361,365,369,370,373,377,380,389,390,430,432,439,440,445,458,480,515,520,524,526,528,530,533,539,541,545,551,554,556,564,575,591,594,597,600,601,602,614,615,642,644,654,665,670,674,727,750,752,753,763,779,783,796,798,813,824,832,836,837,846,852,853,855,857,864,882,888,896,901,907,909,913,914,940,942,946,951,955,956,975,987,991,994,998 | LeAcc: 1.000
Our Recovered Num of Instances: 1,1,1,1,1,1,1,1,2,1,1,1,1,1,1,1,1,1,1,1,1,1,1,1,1,1,2,1,1,1,1,1,1,1,1,1,1,1,1,1,1,1,1,1,1,1,1,1,1,1,1,1,1,1,1,1,1,1,1,1,1,1,1,1,1,1,1,1,1,1,1,1,1,1,1,1,1,1,1,1,1,1,1,1,1,1,1,1,1,1,1,1,1,2,1,1,1,1,1,1,1,1,1,1,1,1,1,1,1,1,1,1,1,1,1,1,1,1,1,1,1,1,1,1,1 | LnAcc: 1.000 | IRec: 1.000
Start Experiment 25
***************************************************************
Ground-truth Labels: 0,3,17,33,51,57,63,71,72,76,77,80,90,94,96,100,116,133,137,152,177,238,241,257,262,265,285,293,316,327,336,358,362,363,368,369,377,384,390,400,401,405,409,412,421,434,435,436,473,476,477,485,498,501,503,510,517,521,522,525,528,548,557,558,572,577,583,586,587,609,621,633,639,651,664,668,681,697,699,704,718,721,724,726,727,743,745,751,756,757,765,777,797,808,811,817,821,826,836,850,858,865,868,892,893,896,897,899,909,914,920,925,926,930,955,970,999
Ground-truth Num of Instances: 3,1,1,1,2,1,1,1,1,2,1,1,1,2,1,1,1,1,1,1,1,1,1,1,1,1,1,1,1,1,1,1,1,1,1,1,1,2,1,1,1,1,1,1,1,2,1,1,1,1,1,1,1,1,2,1,1,1,1,1,1,1,1,1,1,1,1,1,1,1,1,1,1,1,1,1,1,1,2,1,1,1,1,1,1,1,1,1,2,1,1,2,1,1,1,1,1,1,1,1,1,1,1,1,1,1,1,1,1,1,1,1,1,1,1,1,1
Our Recovered Labels: 0,3,17,33,51,57,63,71,72,76,77,80,90,94,96,100,116,133,137,152,177,238,241,257,262,265,285,293,316,327,336,358,362,363,368,369,377,384,390,400,401,405,409,412,421,434,435,436,473,476,477,485,498,501,503,510,517,521,522,525,528,548,557,558,572,577,583,586,587,609,621,633,639,651,664,668,681,697,699,704,718,721,724,726,727,743,745,751,756,757,765,777,797,808,811,817,821,826,836,850,858,865,868,892,893,896,897,899,909,914,920,925,926,930,955,970,999 | LeAcc: 1.000
Our Recovered Num of Instances: 3,1,1,1,2,1,1,1,1,2,1,1,1,2,1,1,1,1,1,1,1,1,1,1,1,1,1,1,1,1,1,1,1,1,1,1,1,2,1,1,1,1,1,1,1,2,1,1,1,1,1,1,1,1,2,1,1,1,1,1,1,1,1,1,1,1,1,1,1,1,1,1,1,1,1,1,1,1,2,1,1,1,1,1,1,1,1,1,2,1,1,2,1,1,1,1,1,1,1,1,1,1,1,1,1,1,1,1,1,1,1,1,1,1,1,1,1 | LnAcc: 1.000 | IRec: 1.000
Start Experiment 26
***************************************************************
Ground-truth Labels: 7,22,36,46,49,50,53,64,77,82,87,93,95,105,119,133,134,157,160,175,178,179,186,195,199,204,212,230,242,271,287,292,295,319,320,328,329,330,333,339,341,360,378,391,396,400,401,404,410,411,414,416,424,432,435,448,452,461,463,468,482,487,494,513,518,530,534,551,552,554,557,559,580,609,611,614,631,642,643,652,663,668,684,730,739,740,747,759,766,777,788,791,792,797,805,809,829,830,855,869,875,881,888,893,911,918,963,967,969,974,975,979,982,985,990,995
Ground-truth Num of Instances: 1,1,1,2,1,2,1,1,1,1,1,1,1,1,1,1,1,1,1,1,1,1,1,1,1,2,1,1,1,2,1,1,1,1,1,1,1,1,2,1,1,1,1,1,1,1,1,1,1,1,1,1,1,1,1,1,2,1,1,1,2,1,1,1,1,1,1,1,1,1,1,1,1,1,1,1,1,2,1,1,2,1,1,1,1,1,1,1,1,1,1,1,1,1,1,1,1,1,1,1,1,2,1,1,1,1,2,1,1,1,1,1,1,1,2,1
Our Recovered Labels: 7,22,36,46,49,50,53,64,77,82,87,93,95,105,119,133,134,157,160,175,178,179,186,195,199,204,212,230,242,271,287,292,295,319,320,328,329,330,333,339,341,360,378,391,396,400,401,404,410,411,414,416,424,432,435,448,452,461,463,468,482,487,494,513,518,530,534,551,552,554,557,559,580,609,611,614,631,642,643,652,663,668,684,730,739,740,747,759,766,777,788,791,792,797,805,809,829,830,855,869,875,881,888,893,911,918,963,967,969,974,975,979,982,985,990,995 | LeAcc: 1.000
Our Recovered Num of Instances: 1,1,1,2,1,2,1,1,1,1,1,1,1,1,1,1,1,1,1,1,1,1,1,1,1,2,1,1,1,2,1,1,1,1,1,1,1,1,2,1,1,1,1,1,1,1,1,1,1,1,1,1,1,1,1,1,2,1,1,1,2,1,1,1,1,1,1,1,1,1,1,1,1,1,1,1,1,2,1,1,2,1,1,1,1,1,1,1,1,1,1,1,1,1,1,1,1,1,1,1,1,2,1,1,1,1,2,1,1,1,1,1,1,1,2,1 | LnAcc: 1.000 | IRec: 1.000
Start Experiment 27
***************************************************************
Ground-truth Labels: 7,10,18,20,21,22,27,51,54,55,60,114,123,150,153,159,177,185,210,212,213,223,225,232,242,245,278,288,301,326,329,347,349,382,384,395,396,402,406,433,453,459,462,464,468,474,476,482,485,486,487,490,493,497,501,507,509,527,528,533,535,555,559,576,581,582,587,588,591,611,615,617,630,633,634,638,650,652,660,691,693,696,706,720,724,736,738,746,756,763,766,785,788,793,805,810,815,816,825,834,852,858,872,874,876,887,889,907,915,954,956,957,959,961,967,969,992,994,997
Ground-truth Num of Instances: 1,1,1,1,1,1,1,1,1,1,1,2,1,1,2,1,2,1,1,2,1,1,1,1,1,1,2,1,1,1,1,1,1,1,1,1,1,1,1,1,1,1,1,1,1,1,1,1,1,1,1,1,1,1,1,1,1,1,1,1,1,1,1,1,1,1,1,1,1,1,1,2,1,1,1,1,1,1,1,1,1,1,1,1,1,1,1,1,1,1,1,1,1,2,1,1,1,1,1,1,2,1,1,1,1,1,1,1,2,1,1,1,1,1,1,1,1,1,1
Our Recovered Labels: 7,10,18,20,21,22,27,51,54,55,60,114,123,150,153,159,177,185,210,212,213,223,225,232,242,245,278,288,301,326,329,347,349,382,384,395,396,402,406,433,453,459,462,464,468,474,476,482,485,486,487,490,493,497,501,507,509,527,528,533,535,555,559,576,581,582,587,588,591,611,615,617,630,633,634,638,650,652,660,691,693,696,706,720,724,736,738,746,756,763,766,785,788,793,805,810,815,816,825,834,852,858,872,874,876,887,889,907,915,954,956,957,959,961,967,969,992,994,997 | LeAcc: 1.000
Our Recovered Num of Instances: 1,1,1,1,1,1,1,1,1,1,1,2,1,1,2,1,2,1,1,2,1,1,1,1,1,1,2,1,1,1,1,1,1,1,1,1,1,1,1,1,1,1,1,1,1,1,1,1,1,1,1,1,1,1,1,1,1,1,1,1,1,1,1,1,1,1,1,1,1,1,1,2,1,1,1,1,1,1,1,1,1,1,1,1,1,1,1,1,1,1,1,1,1,2,1,1,1,1,1,1,2,1,1,1,1,1,1,1,2,1,1,1,1,1,1,1,1,1,1 | LnAcc: 1.000 | IRec: 1.000
Start Experiment 28
***************************************************************
Ground-truth Labels: 4,20,21,35,37,41,47,52,58,62,65,69,74,78,79,89,92,96,101,103,105,125,136,141,157,171,174,177,205,221,226,227,233,238,239,250,254,257,258,274,275,276,293,298,318,333,340,353,379,395,397,401,409,412,422,434,435,442,445,474,492,499,526,548,561,576,579,599,618,619,627,640,641,650,656,659,671,681,685,696,702,719,732,738,740,741,742,743,745,747,757,767,771,780,783,789,794,800,828,835,836,864,867,874,877,881,901,915,918,926,931,935,936,937,942,954,971,975,976,983,989,993,994,998,999
Ground-truth Num of Instances: 1,1,1,1,1,1,2,1,1,1,1,1,1,1,1,1,1,1,1,1,2,1,1,1,1,1,1,1,1,1,1,1,1,1,1,1,1,1,1,1,1,1,1,1,1,1,1,1,1,1,1,1,1,1,1,1,1,1,1,1,1,1,1,1,1,1,1,1,1,1,1,1,1,1,1,1,1,1,1,1,1,1,1,1,1,1,1,1,1,1,1,1,1,1,1,1,1,1,1,1,1,1,1,1,1,1,1,1,1,1,1,1,1,1,1,1,1,1,1,1,1,1,1,2,1
Our Recovered Labels: 4,20,21,35,37,41,47,52,58,62,65,69,74,78,79,89,92,96,101,103,105,125,136,141,157,171,174,177,205,221,226,227,233,238,239,250,254,257,258,274,275,276,293,298,318,333,340,353,379,395,397,401,409,412,422,434,435,442,445,474,492,499,526,548,561,576,579,599,618,619,627,640,641,650,656,659,671,681,685,696,702,719,732,738,740,741,742,743,745,747,757,767,771,780,783,789,794,800,828,835,836,864,867,874,877,881,901,915,918,926,931,935,936,937,942,954,971,975,976,983,989,993,994,998,999 | LeAcc: 1.000
Our Recovered Num of Instances: 1,1,1,1,1,1,2,1,1,1,1,1,1,1,1,1,1,1,1,1,2,1,1,1,1,1,1,1,1,1,1,1,1,1,1,1,1,1,1,1,1,1,1,1,1,1,1,1,1,1,1,1,1,1,1,1,1,1,1,1,1,1,1,1,1,1,1,1,1,1,1,1,1,1,1,1,1,1,1,1,1,1,1,1,1,1,1,1,1,1,1,1,1,1,1,1,1,1,1,1,1,1,1,1,1,1,1,1,1,1,1,1,1,1,1,1,1,1,1,1,1,1,1,2,1 | LnAcc: 1.000 | IRec: 1.000
Start Experiment 29
***************************************************************
Ground-truth Labels: 1,7,9,19,38,54,57,59,81,88,96,101,112,124,126,127,131,132,136,137,156,169,177,179,190,200,203,216,218,219,235,246,258,261,267,276,290,297,313,320,328,329,330,336,344,365,375,393,429,431,433,439,456,465,480,490,498,516,530,543,561,563,571,573,581,582,586,593,605,627,633,643,647,649,654,655,659,667,673,678,681,693,694,696,701,707,708,709,716,718,723,737,765,775,778,783,786,799,801,819,836,837,844,855,877,883,890,903,907,908,922,948,950,956,958,961,964,965,979,992,993,994
Ground-truth Num of Instances: 1,1,1,1,2,1,1,1,1,1,2,1,1,1,1,1,1,1,1,1,1,1,1,1,1,1,1,1,1,1,2,1,1,1,2,1,1,1,1,1,1,1,1,1,1,1,1,1,1,1,1,1,1,1,1,1,1,1,1,1,1,2,1,1,1,1,1,2,1,1,1,1,1,1,1,1,1,1,1,1,1,1,1,1,1,1,1,1,1,1,1,1,1,1,1,1,1,1,1,1,1,1,1,1,1,1,1,1,1,1,1,1,1,1,1,1,1,1,1,1,1,1
Our Recovered Labels: 1,7,9,19,38,54,57,59,81,88,96,101,112,124,126,127,131,132,136,137,156,169,177,179,190,200,203,216,218,219,235,246,258,261,267,276,290,297,313,320,328,329,330,336,344,365,375,393,429,431,433,439,456,465,480,490,498,516,530,543,561,563,571,573,581,582,586,593,605,627,633,643,647,649,654,655,659,667,673,678,681,693,694,696,701,707,708,709,716,718,723,737,765,775,778,783,786,799,801,819,836,837,844,855,877,883,890,903,907,908,922,948,950,956,958,961,964,965,979,992,993,994 | LeAcc: 1.000
Our Recovered Num of Instances: 1,1,1,1,2,1,1,1,1,1,2,1,1,1,1,1,1,1,1,1,1,1,1,1,1,1,1,1,1,1,2,1,1,1,2,1,1,1,1,1,1,1,1,1,1,1,1,1,1,1,1,1,1,1,1,1,1,1,1,1,1,2,1,1,1,1,1,2,1,1,1,1,1,1,1,1,1,1,1,1,1,1,1,1,1,1,1,1,1,1,1,1,1,1,1,1,1,1,1,1,1,1,1,1,1,1,1,1,1,1,1,1,1,1,1,1,1,1,1,1,1,1 | LnAcc: 1.000 | IRec: 1.000
Start Experiment 30
***************************************************************
Ground-truth Labels: 4,39,56,60,70,72,84,86,96,104,130,132,134,148,149,169,173,184,185,193,195,230,248,255,259,287,305,328,329,333,352,353,355,357,358,377,378,387,402,403,417,418,420,421,426,444,447,462,478,498,510,519,526,534,535,546,551,560,569,577,580,581,587,602,603,610,613,623,632,633,644,653,664,680,681,684,686,702,703,708,709,714,721,727,737,741,743,754,759,792,802,810,811,827,834,841,852,856,857,878,879,892,896,908,917,940,951,952,953,960,967,969,972,974,977,978,979
Ground-truth Num of Instances: 1,1,1,1,1,1,1,1,1,1,1,1,2,1,1,1,1,1,2,1,1,1,1,1,1,1,1,2,2,1,1,1,1,1,1,1,1,1,1,1,1,2,1,1,1,1,1,1,1,1,1,1,1,2,1,1,1,1,1,2,1,1,1,1,1,1,1,1,1,1,1,1,1,1,1,1,1,1,1,1,1,1,1,1,1,2,1,1,1,1,1,1,1,1,1,1,1,1,1,2,1,1,1,1,2,1,1,1,1,1,1,1,1,1,1,1,2
Our Recovered Labels: 4,39,56,60,70,72,84,86,96,104,130,132,134,148,149,169,173,184,185,193,195,230,248,255,259,287,305,328,329,333,352,353,355,357,358,377,378,387,402,403,417,418,420,421,426,444,447,462,478,498,510,519,526,534,535,546,551,560,569,577,580,581,587,602,603,610,613,623,632,633,644,653,664,680,681,684,686,702,703,708,709,714,721,727,737,741,743,754,759,792,802,810,811,827,834,841,852,856,857,878,879,892,896,908,917,940,951,952,953,960,967,969,972,974,977,978,979 | LeAcc: 1.000
Our Recovered Num of Instances: 1,1,1,1,1,1,1,1,1,1,1,1,2,1,1,1,1,1,2,1,1,1,1,1,1,1,1,2,2,1,1,1,1,1,1,1,1,1,1,1,1,2,1,1,1,1,1,1,1,1,1,1,1,2,1,1,1,1,1,2,1,1,1,1,1,1,1,1,1,1,1,1,1,1,1,1,1,1,1,1,1,1,1,1,1,2,1,1,1,1,1,1,1,1,1,1,1,1,1,2,1,1,1,1,2,1,1,1,1,1,1,1,1,1,1,1,2 | LnAcc: 1.000 | IRec: 1.000
Start Experiment 31
***************************************************************
Ground-truth Labels: 5,13,24,43,53,56,69,71,79,80,81,86,91,92,94,98,101,134,142,148,151,152,155,157,158,162,184,199,202,206,209,210,218,238,240,241,246,263,270,292,294,303,307,308,319,323,330,333,336,338,342,355,365,374,381,392,423,425,443,448,449,451,455,471,496,498,511,524,532,563,566,573,577,586,590,602,628,636,638,643,647,657,667,677,678,680,685,690,702,703,710,718,722,732,743,757,767,776,779,785,810,812,816,821,834,836,839,871,872,874,886,892,906,910,926,938,944,982,983,987,991
Ground-truth Num of Instances: 2,1,1,1,1,1,1,2,1,1,1,1,1,1,1,1,1,1,1,1,1,1,1,1,1,2,1,1,1,1,1,1,1,1,2,1,1,1,1,1,1,1,1,1,1,1,1,1,1,1,1,1,1,1,1,1,1,1,1,1,1,1,1,1,1,1,1,1,1,1,1,1,1,1,1,1,1,1,1,1,1,1,1,1,1,1,1,1,1,1,2,2,1,1,1,1,1,1,1,2,1,1,1,1,1,1,1,1,1,1,1,1,1,1,1,1,1,1,1,1,1
Our Recovered Labels: 5,13,24,43,53,56,69,71,79,80,81,86,91,92,94,98,101,134,142,148,151,152,155,157,158,162,184,199,202,206,209,210,218,238,240,241,246,263,270,292,294,303,307,308,319,323,330,333,336,338,342,355,365,374,381,392,423,425,443,448,449,451,455,471,496,498,511,524,532,563,566,573,577,586,590,602,628,636,638,643,647,657,667,677,678,680,685,690,702,703,710,718,722,732,743,757,767,776,779,785,810,812,816,821,834,836,839,871,872,874,886,892,906,910,926,938,944,982,983,987,991 | LeAcc: 1.000
Our Recovered Num of Instances: 2,1,1,1,1,1,1,2,1,1,1,1,1,1,1,3,1,1,1,1,1,1,1,1,1,2,1,1,1,1,1,1,1,1,2,1,1,1,1,1,1,1,1,1,1,1,1,1,1,1,1,1,1,1,1,1,1,1,1,1,1,1,1,1,1,1,1,1,1,1,1,1,1,1,1,1,1,1,1,1,1,1,1,1,1,1,1,1,1,1,2,2,1,1,1,1,1,1,1,2,1,1,1,1,1,1,1,1,1,1,1,1,1,1,1,1,1,1,1,1,1 | LnAcc: 0.999 | IRec: 1.000
Start Experiment 32
***************************************************************
Ground-truth Labels: 23,37,39,52,69,74,78,79,81,84,88,99,106,110,119,122,130,148,157,162,176,188,193,194,208,212,218,221,234,240,260,262,267,277,278,286,289,292,301,306,307,318,329,353,356,363,373,376,381,406,421,423,436,437,466,467,479,486,503,527,541,553,555,560,572,605,607,608,609,617,646,670,680,688,695,699,701,707,709,716,721,722,737,739,740,744,756,768,778,792,795,796,797,799,805,816,824,827,830,839,843,846,854,869,871,874,877,888,914,916,933,935,960,967,973,974,980,986,994
Ground-truth Num of Instances: 1,1,1,1,1,1,1,1,1,1,1,1,2,1,1,1,1,1,1,1,1,1,1,1,2,1,1,1,1,1,1,1,1,1,1,1,1,1,1,1,1,1,1,1,1,1,1,1,1,1,1,1,1,2,1,1,1,1,1,1,1,1,1,2,1,1,1,1,1,1,1,1,1,1,1,1,1,1,2,1,1,1,1,1,1,1,1,1,1,1,1,1,1,1,1,1,1,2,1,2,1,1,1,1,1,1,1,1,1,2,1,1,2,1,1,1,1,1,1
Our Recovered Labels: 23,37,39,52,69,74,78,79,81,84,88,99,106,110,119,122,130,148,157,162,176,188,193,194,208,212,218,221,234,240,260,262,267,277,278,286,289,292,301,306,307,318,329,353,356,363,373,376,381,406,421,423,436,437,466,467,479,486,503,527,541,553,555,560,572,605,607,608,609,617,646,670,680,688,695,699,701,707,709,716,721,722,737,739,740,744,756,768,778,792,795,796,797,799,805,816,824,827,830,839,843,846,854,869,871,874,877,888,914,916,933,935,960,967,973,974,980,986,994 | LeAcc: 1.000
Our Recovered Num of Instances: 1,1,1,1,1,1,1,1,1,1,1,1,2,1,1,1,1,1,1,1,1,1,1,1,2,1,1,1,1,1,1,1,1,1,1,1,1,1,1,1,1,1,1,1,1,1,1,1,1,1,1,1,1,2,1,1,1,1,1,1,1,1,1,2,1,1,1,1,1,1,1,1,1,1,1,1,1,1,2,1,1,1,1,1,1,1,1,1,1,1,1,1,1,1,1,1,1,2,1,2,1,1,1,1,1,1,1,1,1,2,1,1,2,1,1,1,1,1,1 | LnAcc: 1.000 | IRec: 1.000
Start Experiment 33
***************************************************************
Ground-truth Labels: 3,4,9,10,26,27,32,67,68,70,84,89,91,92,106,110,115,127,140,151,152,176,191,197,220,229,231,234,239,242,247,266,267,273,279,284,300,305,339,346,348,349,356,362,364,369,372,380,388,400,423,425,427,428,429,434,440,444,446,447,471,485,488,491,498,535,549,551,555,569,575,579,582,587,615,621,622,623,631,634,636,638,645,648,649,651,659,682,690,707,710,712,718,724,744,763,766,783,807,816,821,839,843,845,847,851,854,861,904,908,921,926,932,950,953,956,966,967,969,973,990,992,995
Ground-truth Num of Instances: 1,1,1,1,1,1,1,1,1,1,1,1,1,1,1,1,1,1,1,1,1,1,1,1,1,1,1,1,1,1,1,1,1,2,1,1,1,1,1,1,1,2,2,1,1,1,1,1,1,1,1,1,1,1,1,1,1,1,1,1,1,1,1,1,1,1,1,1,1,1,1,1,1,1,1,1,1,1,1,1,1,1,1,1,1,1,1,1,1,1,1,1,1,1,1,1,1,1,1,1,2,1,1,1,1,1,1,1,1,1,1,1,1,1,1,1,1,2,1,1,1,1,1
Our Recovered Labels: 3,4,9,10,26,27,32,67,68,70,84,89,91,92,106,110,115,127,140,151,152,176,191,197,220,229,231,234,239,242,247,266,267,273,279,284,300,305,339,346,348,349,356,362,364,369,372,380,388,400,423,425,427,428,429,434,440,444,446,447,471,485,488,491,498,535,549,551,555,569,575,579,582,587,615,621,622,623,631,634,636,638,645,648,649,651,659,682,690,707,710,712,718,724,744,763,766,783,807,816,821,839,843,845,847,851,854,861,904,908,921,926,932,950,953,956,966,967,969,973,990,992,995 | LeAcc: 1.000
Our Recovered Num of Instances: 1,1,1,1,1,1,1,1,1,1,1,1,1,1,1,1,1,1,1,1,1,1,1,1,1,1,1,1,1,1,1,1,1,2,1,1,1,1,1,1,1,2,2,1,1,1,1,1,1,1,1,1,1,1,1,1,1,1,1,1,1,1,1,1,1,1,1,1,1,1,1,1,1,1,1,1,1,1,1,1,1,1,1,1,1,1,1,1,1,1,1,1,1,1,1,1,1,1,1,1,2,1,1,1,1,1,1,1,1,1,1,1,1,1,1,1,1,2,1,1,1,1,1 | LnAcc: 1.000 | IRec: 1.000
Start Experiment 34
***************************************************************
Ground-truth Labels: 9,14,25,28,46,54,58,60,61,65,71,72,76,78,88,92,106,124,147,158,160,166,177,178,179,182,192,195,207,212,218,225,236,244,250,252,255,290,297,304,318,321,323,325,332,344,350,359,360,362,380,396,397,401,418,445,461,470,473,482,491,492,498,528,540,560,561,582,599,609,614,621,627,628,631,636,640,668,677,682,686,688,689,702,714,722,770,773,774,782,787,788,791,792,793,798,802,836,842,849,859,860,877,886,887,896,910,912,918,926,929,930,931,945,950,955,969,994
Ground-truth Num of Instances: 1,1,1,1,1,1,1,1,1,1,1,1,1,1,1,1,1,1,1,1,1,1,1,1,1,1,1,1,2,1,1,1,1,1,1,2,1,1,1,1,1,1,1,1,1,1,1,1,1,1,1,1,1,1,1,1,1,2,1,1,1,1,1,1,1,1,2,1,1,1,3,1,1,1,1,1,1,1,1,2,1,1,1,1,1,1,1,1,1,1,1,2,1,1,1,1,1,1,1,1,1,2,1,1,1,2,1,1,1,1,1,1,1,1,1,1,1,1
Our Recovered Labels: 9,14,25,28,46,54,58,60,61,65,71,72,76,78,88,92,106,124,147,158,160,166,177,178,179,182,192,195,207,212,218,225,236,244,250,252,255,290,297,304,318,321,323,325,332,344,350,359,360,362,380,396,397,401,418,445,461,470,473,482,491,492,498,528,540,560,561,582,599,609,614,621,627,628,631,636,640,668,677,682,686,688,689,702,714,722,770,773,774,782,787,788,791,792,793,798,802,836,842,849,859,860,877,886,887,896,910,912,918,926,929,930,931,945,950,955,969,994 | LeAcc: 1.000
Our Recovered Num of Instances: 1,1,1,1,1,1,1,1,1,1,1,1,1,1,1,1,1,1,1,1,1,1,1,1,1,1,1,1,2,1,1,1,1,1,1,2,1,1,1,1,1,1,1,1,1,1,1,1,1,1,1,1,1,1,1,1,1,2,1,1,1,1,1,1,1,1,2,1,1,1,3,1,1,1,1,1,1,1,1,2,1,1,1,1,1,1,1,1,1,1,1,2,1,1,1,1,1,1,1,1,1,2,1,1,1,2,1,1,1,1,1,1,1,1,1,1,1,1 | LnAcc: 1.000 | IRec: 1.000
Start Experiment 35
***************************************************************
Ground-truth Labels: 18,27,41,44,49,56,57,58,60,68,94,98,99,107,123,130,150,154,160,162,169,178,190,191,195,197,202,212,229,243,247,249,252,256,258,259,266,274,283,296,307,312,317,341,345,348,353,362,376,384,386,398,403,417,431,460,470,482,494,497,510,516,525,537,540,580,587,594,607,620,625,630,640,641,663,677,679,690,692,695,700,726,732,736,747,775,780,792,797,813,815,831,835,842,847,849,864,867,870,888,890,893,894,896,897,902,904,915,919,920,931,958,960,976,978,986,989
Ground-truth Num of Instances: 1,1,1,1,1,1,1,1,1,1,1,1,1,1,1,1,1,1,1,1,1,1,1,1,1,1,1,1,1,1,2,1,1,1,1,1,1,1,1,1,1,2,2,1,1,1,1,1,1,1,1,1,1,1,1,1,1,1,1,1,1,1,1,1,1,1,1,1,1,1,2,1,1,1,1,1,1,1,1,1,1,1,1,1,1,1,1,1,1,2,1,1,1,2,1,1,1,2,1,2,1,1,1,1,1,2,1,1,1,1,2,1,2,1,1,1,1
Our Recovered Labels: 18,27,41,44,49,56,57,58,60,68,94,98,99,107,123,130,150,154,160,162,169,178,190,191,195,197,202,212,229,243,247,249,252,256,258,259,266,274,283,296,307,312,317,341,345,348,353,362,376,384,386,398,403,417,431,460,470,482,494,497,510,516,525,537,540,580,587,594,607,620,625,630,640,641,663,677,679,690,692,695,700,726,732,736,747,775,780,792,797,813,815,831,835,842,847,849,864,867,870,888,890,893,894,896,897,902,904,915,919,920,931,958,960,976,978,986,989 | LeAcc: 1.000
Our Recovered Num of Instances: 1,1,1,1,1,1,1,1,1,1,1,1,1,1,1,1,1,1,1,1,1,1,1,1,1,1,1,1,1,1,2,1,1,1,1,1,1,1,1,1,1,2,2,1,1,1,1,1,1,1,1,1,1,1,1,1,1,1,1,1,1,1,1,1,1,1,1,1,1,1,2,1,1,1,1,1,1,1,1,1,1,1,1,1,1,1,1,1,1,2,1,1,1,2,1,1,1,2,1,2,1,1,1,1,1,2,1,1,1,1,2,1,2,1,1,1,1 | LnAcc: 1.000 | IRec: 1.000
Start Experiment 36
***************************************************************
Ground-truth Labels: 5,12,16,20,35,37,38,58,101,107,119,121,126,153,156,166,171,199,212,214,223,230,231,242,243,248,261,274,285,286,289,299,308,323,327,344,348,357,368,369,370,373,374,383,410,414,423,426,435,440,444,445,468,499,508,521,522,523,536,537,555,562,567,569,573,591,603,609,618,622,634,650,666,684,690,691,698,699,704,705,721,722,727,734,736,741,745,751,779,782,784,791,799,806,814,815,817,818,830,844,853,871,879,889,894,905,906,907,924,930,932,933,934,938,944,951,955,958,967,978,987,989,999
Ground-truth Num of Instances: 1,1,1,1,1,1,1,1,2,1,1,1,1,1,1,1,1,1,1,1,1,1,1,1,1,1,1,1,1,1,1,2,1,1,1,1,1,1,1,1,1,1,1,1,2,1,1,1,1,1,1,1,1,1,1,2,1,1,1,1,1,1,1,1,1,1,1,1,1,1,1,1,1,1,1,1,1,1,1,1,1,1,1,1,1,1,1,1,1,1,1,1,1,1,1,1,1,1,1,1,1,1,1,1,1,1,1,1,1,1,1,1,1,1,1,2,1,1,1,1,1,1,1
Our Recovered Labels: 5,12,16,20,35,37,38,58,101,107,119,121,126,153,156,166,171,199,212,214,223,230,231,242,243,248,261,274,285,286,289,299,308,323,327,344,348,357,368,369,370,373,374,383,410,414,423,426,435,440,444,445,468,499,508,521,522,523,536,537,555,562,567,569,573,591,603,609,618,622,634,650,666,684,690,691,698,699,704,705,721,722,727,734,736,741,745,751,779,782,784,791,799,806,814,815,817,818,830,844,853,871,879,889,894,905,906,907,924,930,932,933,934,938,944,951,955,958,967,978,987,989,999 | LeAcc: 1.000
Our Recovered Num of Instances: 1,1,1,1,1,1,1,1,2,1,1,1,1,1,1,1,1,1,1,1,1,1,1,1,1,1,1,1,1,1,1,2,1,1,1,1,1,1,1,1,1,1,1,1,2,1,1,1,1,1,1,1,1,1,1,2,1,1,1,1,1,1,1,1,1,1,1,1,1,1,1,1,1,1,1,1,1,1,1,1,1,1,1,1,1,1,1,1,1,1,1,1,1,1,1,1,1,1,1,1,1,1,1,1,1,1,1,1,1,1,1,1,1,1,1,2,1,1,1,1,1,1,1 | LnAcc: 1.000 | IRec: 1.000
Start Experiment 37
***************************************************************
Ground-truth Labels: 0,10,15,16,19,45,54,70,71,89,106,109,110,113,137,138,139,156,179,182,185,187,191,195,207,208,215,226,228,233,238,246,258,286,305,314,319,324,325,328,331,344,367,372,378,388,389,419,442,445,456,457,463,464,470,490,500,505,506,512,513,517,525,526,541,556,571,580,581,582,589,605,617,620,621,643,652,656,667,668,680,684,685,701,705,710,720,748,756,760,773,775,792,793,796,802,815,818,819,841,848,851,854,858,868,879,901,906,913,925,951,959,969,972,978,986,990,994,996
Ground-truth Num of Instances: 1,1,1,1,1,1,1,1,2,1,1,1,1,1,2,1,1,1,1,1,1,1,1,2,1,1,1,1,1,1,1,1,1,1,1,1,1,1,1,1,1,1,1,1,1,1,2,1,1,1,1,1,1,1,1,1,1,1,1,1,1,1,2,1,1,1,1,1,2,1,1,1,1,2,1,1,1,1,2,1,1,1,1,1,1,1,1,1,1,1,1,1,1,1,1,2,1,1,1,1,1,1,1,1,1,1,1,1,1,1,1,1,1,1,1,1,1,1,1
Our Recovered Labels: 0,10,15,16,19,45,54,70,71,89,106,109,110,113,137,138,139,156,179,182,185,187,191,195,207,208,215,226,228,233,238,246,258,286,305,314,319,324,325,328,331,344,367,372,378,388,389,419,442,445,456,457,463,464,470,490,500,505,506,512,513,517,525,526,541,556,571,580,581,582,589,605,617,620,621,643,652,656,667,668,680,684,685,701,705,710,720,748,756,760,773,775,792,793,796,802,815,818,819,841,848,851,854,858,868,879,901,906,913,925,951,959,969,972,978,986,990,994,996 | LeAcc: 1.000
Our Recovered Num of Instances: 1,1,1,1,1,1,1,1,2,1,1,1,1,1,2,1,1,1,1,1,1,1,1,2,1,1,1,1,1,1,1,1,1,1,1,1,1,1,1,1,1,1,1,1,1,1,2,1,1,1,1,1,1,1,1,1,1,1,1,1,1,1,2,1,1,1,1,1,2,1,1,1,1,2,1,1,1,1,2,1,1,1,1,1,1,1,1,1,1,1,1,1,1,1,1,2,1,1,1,1,1,1,1,1,1,1,1,1,1,1,1,1,1,1,1,1,1,1,1 | LnAcc: 1.000 | IRec: 1.000
Start Experiment 38
***************************************************************
Ground-truth Labels: 2,15,17,41,42,48,64,69,76,77,80,93,105,108,110,118,125,126,139,144,150,155,187,193,202,212,237,238,245,265,268,275,282,290,296,323,343,347,355,369,371,373,375,377,378,384,390,391,398,400,409,418,437,473,480,492,497,501,509,531,533,534,537,543,547,562,587,590,594,608,622,623,627,631,632,636,638,647,651,659,660,664,665,674,683,686,696,722,724,726,727,730,736,754,758,762,777,779,803,822,835,837,838,873,878,880,883,891,892,904,915,920,922,928,955,958,960,963,976,991,992,994,997
Ground-truth Num of Instances: 1,1,2,1,1,1,1,1,1,1,1,1,1,1,2,1,1,1,1,1,1,2,1,1,1,1,1,1,1,1,1,2,1,1,1,1,1,1,1,1,1,1,1,1,1,1,1,1,1,1,1,1,1,1,1,1,1,1,1,1,1,1,1,1,1,1,1,1,1,1,1,1,1,1,1,1,1,1,1,1,1,1,1,1,1,2,1,1,1,1,1,1,1,1,1,1,1,1,1,1,1,1,1,1,1,1,1,1,1,1,1,1,1,1,1,1,1,1,1,1,1,1,1
Our Recovered Labels: 2,15,17,41,42,48,64,69,76,77,80,93,105,108,110,118,125,126,139,144,150,155,187,193,202,212,237,238,245,265,268,275,282,290,296,323,343,347,355,369,371,373,375,377,378,384,390,391,398,400,409,418,437,473,480,492,497,501,509,531,533,534,537,543,547,562,587,590,594,608,622,623,627,631,632,636,638,647,651,659,660,664,665,674,683,686,696,722,724,726,727,730,736,754,758,762,777,779,803,822,835,837,838,873,878,880,883,891,892,904,915,920,922,928,955,958,960,963,976,991,992,994,997 | LeAcc: 1.000
Our Recovered Num of Instances: 1,1,2,1,1,1,1,1,1,1,1,1,1,1,2,1,1,1,1,1,1,2,1,1,1,1,1,1,1,1,1,2,1,1,1,1,1,1,1,1,1,1,1,1,1,1,1,1,1,1,1,1,1,1,1,1,1,1,1,1,1,1,1,1,1,1,1,1,1,1,1,1,1,1,1,1,1,1,1,1,1,1,1,1,1,2,1,1,1,1,1,1,1,1,1,1,1,1,1,1,1,1,1,1,1,1,1,1,1,1,1,1,1,1,1,1,1,1,1,1,1,1,1 | LnAcc: 1.000 | IRec: 1.000
Start Experiment 39
***************************************************************
Ground-truth Labels: 5,9,17,18,36,38,45,53,60,69,97,102,114,118,132,143,154,163,170,187,199,208,214,226,234,240,245,277,309,311,313,316,318,326,339,342,349,350,353,354,359,398,413,416,422,434,435,436,440,444,448,454,455,465,467,473,477,478,488,495,501,523,529,539,540,549,555,566,585,588,593,598,616,619,622,623,626,632,655,656,659,661,662,668,678,709,712,721,727,731,744,746,755,764,779,804,805,806,813,815,823,825,826,835,840,845,849,863,880,896,899,910,932,950,958,959,964,969,991,994,995
Ground-truth Num of Instances: 1,1,1,1,1,1,1,1,1,1,1,1,1,1,1,1,1,1,1,1,1,1,1,1,1,1,1,1,1,1,1,1,1,1,1,1,1,1,1,1,1,1,1,1,1,1,1,1,1,1,1,1,1,1,1,1,1,1,1,1,1,1,2,1,1,1,2,1,1,1,1,1,1,2,1,1,2,2,1,1,1,1,1,1,1,1,1,1,1,1,1,1,1,1,2,1,1,1,1,1,1,1,1,2,1,1,1,1,1,1,1,1,1,1,1,1,1,1,1,1,1
Our Recovered Labels: 5,9,17,18,36,38,45,53,60,69,97,102,114,118,132,143,154,163,170,187,199,208,214,226,234,240,245,277,309,311,313,316,318,326,339,342,349,350,353,354,359,398,413,416,422,434,435,436,440,444,448,454,455,465,467,473,477,478,488,495,501,523,529,539,540,549,555,566,585,588,593,598,616,619,622,623,626,632,655,656,659,661,662,668,678,709,712,721,727,731,744,746,755,764,779,804,805,806,813,815,823,825,826,835,840,845,849,863,880,896,899,910,932,950,958,959,964,969,991,994,995 | LeAcc: 1.000
Our Recovered Num of Instances: 1,1,1,1,1,1,1,1,1,1,1,1,1,1,1,1,1,1,1,1,1,1,1,1,1,1,1,1,1,1,1,1,1,1,1,1,1,1,1,1,1,1,1,1,1,1,1,1,1,1,1,1,1,1,1,1,1,1,1,1,1,1,2,1,1,1,2,1,1,1,1,1,1,2,1,1,2,2,1,1,1,1,1,1,1,1,1,1,1,1,1,1,1,1,2,1,1,1,1,1,1,1,1,2,1,1,1,1,1,1,1,1,1,1,1,1,1,1,1,1,1 | LnAcc: 1.000 | IRec: 1.000
Start Experiment 40
***************************************************************
Ground-truth Labels: 3,9,18,25,27,41,44,54,67,72,93,100,102,109,116,118,123,135,139,146,150,161,163,172,179,187,203,211,213,236,245,247,249,252,259,261,265,276,280,288,298,301,306,308,332,341,354,361,379,381,382,395,442,450,459,462,492,493,494,502,521,545,551,560,569,572,576,599,601,622,629,638,641,645,655,664,665,666,680,682,687,690,699,705,725,730,737,757,763,771,791,799,804,806,817,820,833,847,850,852,855,862,864,870,894,895,896,900,905,906,908,914,935,948,949,950,953,963,973,977,986,997
Ground-truth Num of Instances: 1,1,1,1,1,1,1,1,1,1,1,1,1,1,1,1,1,1,1,1,2,1,1,1,1,2,1,1,1,1,1,1,1,1,1,1,1,1,1,1,1,1,1,1,1,1,1,1,1,1,1,1,1,1,1,1,1,1,1,2,1,1,1,1,1,1,1,1,1,2,1,1,1,1,1,1,1,1,1,1,2,1,1,1,1,1,1,1,1,1,2,1,1,1,1,1,1,1,1,1,1,1,1,1,1,1,1,1,1,1,1,1,1,1,1,1,1,1,1,1,1,1
Our Recovered Labels: 3,9,18,25,27,41,44,54,67,72,93,100,102,109,116,118,123,135,139,146,150,161,163,172,179,187,203,211,213,236,245,247,249,252,259,261,265,276,280,288,298,301,306,308,332,341,354,361,379,381,382,395,442,450,459,462,492,493,494,502,521,545,551,560,569,572,576,599,601,622,629,638,641,645,655,664,665,666,680,682,687,690,699,705,725,730,737,757,763,771,791,799,804,806,817,820,833,847,850,852,855,862,864,870,894,895,896,900,905,906,908,914,935,948,949,950,953,963,973,977,986,997 | LeAcc: 1.000
Our Recovered Num of Instances: 1,1,1,1,1,1,1,1,1,1,1,1,1,1,1,1,1,1,1,1,2,1,1,1,1,2,1,1,1,1,1,1,1,1,1,1,1,1,1,1,1,1,1,1,1,1,1,1,1,1,1,1,1,1,1,1,1,1,1,2,1,1,1,1,1,1,1,1,1,2,1,1,1,1,1,1,1,1,1,1,2,1,1,1,1,1,1,1,1,1,2,1,1,1,1,1,1,1,1,1,1,1,1,1,1,1,1,1,1,1,1,1,1,1,1,1,1,1,1,1,1,1 | LnAcc: 1.000 | IRec: 1.000
Start Experiment 41
***************************************************************
Ground-truth Labels: 15,30,31,35,40,46,51,54,57,61,67,71,79,83,85,94,97,109,111,132,134,136,140,141,144,146,149,156,169,177,184,217,223,241,246,265,270,272,273,285,297,306,327,342,359,367,370,375,378,391,402,403,404,410,411,424,425,434,450,473,484,491,504,506,510,521,527,528,534,540,541,543,560,570,576,585,593,601,609,626,641,643,667,669,673,689,691,693,695,704,707,709,712,722,724,745,747,753,774,799,805,809,829,832,833,841,848,851,858,863,873,875,877,886,888,907,918,938,944,958,960,970,989
Ground-truth Num of Instances: 1,1,1,1,1,1,1,1,1,1,1,1,1,1,1,1,1,1,1,1,1,1,1,1,1,1,1,1,1,1,1,1,1,1,2,1,1,1,1,1,1,1,1,1,1,2,1,1,1,1,1,1,1,1,1,1,1,1,1,1,1,1,1,1,1,1,1,1,1,1,1,1,1,1,1,1,1,1,1,1,1,2,1,1,1,1,1,1,1,1,1,1,1,1,1,1,1,1,1,1,1,1,2,1,1,1,1,2,1,1,1,1,1,1,1,1,1,1,1,1,1,1,1
Our Recovered Labels: 15,30,31,35,40,46,51,54,57,61,67,71,79,83,85,94,97,109,111,132,134,136,140,141,144,146,149,156,169,177,184,217,223,241,246,265,270,272,273,285,297,306,327,342,359,367,370,375,378,391,402,403,404,410,411,424,425,434,450,473,484,491,504,506,510,521,527,528,534,540,541,543,560,570,576,585,593,601,609,626,641,643,667,669,673,689,691,693,695,704,707,709,712,722,724,745,747,753,774,799,805,809,829,832,833,841,848,851,858,863,873,875,877,886,888,907,918,938,944,958,960,970,989 | LeAcc: 1.000
Our Recovered Num of Instances: 1,1,1,1,1,1,1,1,1,1,1,1,1,1,1,1,1,1,1,1,1,1,1,1,1,1,1,1,1,1,1,1,1,1,2,1,1,1,1,1,1,1,1,1,1,2,1,1,1,1,1,1,1,1,1,1,1,1,1,1,1,1,1,1,1,1,1,1,1,1,1,1,1,1,1,1,1,1,1,1,1,2,1,1,1,1,1,1,1,1,1,1,1,1,1,1,1,1,1,1,1,1,2,1,1,1,1,2,1,1,1,1,1,1,1,1,1,1,1,1,1,1,1 | LnAcc: 1.000 | IRec: 1.000
Start Experiment 42
***************************************************************
Ground-truth Labels: 15,21,25,28,51,59,62,86,92,107,109,135,139,140,141,142,143,157,175,177,183,193,199,202,216,219,224,230,236,238,240,245,246,258,259,261,266,267,272,277,278,285,297,305,328,336,337,348,358,366,378,386,415,421,428,430,433,435,443,452,457,458,466,468,476,480,485,534,541,558,560,562,590,597,604,608,636,640,644,651,655,668,675,677,678,683,701,707,720,734,749,756,758,775,782,786,797,809,810,816,818,830,834,839,841,848,856,861,876,894,896,897,902,905,912,923,937,950,953,955,967,982
Ground-truth Num of Instances: 1,1,1,1,1,1,2,1,1,1,2,1,1,1,1,1,1,1,1,1,1,1,2,1,1,1,1,1,1,1,1,1,1,1,1,1,1,1,1,1,1,1,1,1,1,1,1,1,1,1,1,1,1,1,1,1,1,1,1,1,1,1,1,1,1,1,1,1,1,1,1,1,1,1,1,1,1,1,1,2,1,1,1,1,1,1,1,1,1,1,1,1,1,1,1,1,1,1,1,1,1,1,1,1,1,1,1,1,1,1,1,1,1,1,1,1,1,1,2,1,2,1
Our Recovered Labels: 15,21,25,28,51,59,62,86,92,107,109,135,139,140,141,142,143,157,175,177,183,193,199,202,216,219,224,230,236,238,240,245,246,258,259,261,266,267,272,277,278,285,297,305,328,336,337,348,358,366,378,386,415,421,428,430,433,435,443,452,457,458,466,468,476,480,485,534,541,558,560,562,590,597,604,608,636,640,644,651,655,668,675,677,678,683,701,707,720,734,749,756,758,775,782,786,797,809,810,816,818,830,834,839,841,848,856,861,876,894,896,897,902,905,912,923,937,950,953,955,967,982 | LeAcc: 1.000
Our Recovered Num of Instances: 1,1,1,1,1,1,2,1,1,1,2,1,1,1,1,1,1,1,1,1,1,1,2,1,1,1,1,1,1,1,1,1,1,1,1,1,1,1,1,1,1,1,1,1,1,1,1,1,1,1,1,1,1,1,1,1,1,1,1,1,1,1,1,1,1,1,1,1,1,1,1,1,1,1,1,1,1,1,1,2,1,1,1,1,1,1,1,1,1,1,1,1,1,1,1,1,1,1,1,1,1,1,1,1,1,1,1,1,1,1,1,1,1,1,1,1,1,1,2,1,2,1 | LnAcc: 1.000 | IRec: 1.000
Start Experiment 43
***************************************************************
Ground-truth Labels: 22,28,32,51,62,70,78,80,84,118,124,126,130,142,157,168,170,179,180,182,185,187,191,192,197,206,217,225,228,232,238,248,275,277,282,286,298,302,312,313,329,353,364,370,371,372,380,389,391,394,399,407,414,421,429,453,454,457,477,481,487,496,505,514,520,522,525,538,561,570,573,579,580,583,587,593,601,606,629,631,632,635,636,637,643,656,657,665,686,687,689,707,713,716,724,725,730,743,751,782,786,812,813,817,846,852,879,900,918,927,941,951,961,972,978,983,988
Ground-truth Num of Instances: 1,1,1,2,2,1,1,1,1,1,1,1,1,1,2,1,1,1,1,1,1,1,1,1,1,1,1,1,1,1,1,2,1,1,1,1,1,1,1,1,1,1,1,1,1,1,1,1,2,2,1,1,1,1,1,1,1,1,1,1,1,2,1,1,1,1,1,1,1,1,1,1,2,1,1,1,1,1,1,1,1,1,1,1,1,1,1,1,1,1,1,1,1,1,1,1,1,1,1,1,1,1,1,2,1,1,2,1,1,1,2,1,1,1,1,1,1
Our Recovered Labels: 22,28,32,51,62,70,78,80,84,118,124,126,130,142,157,168,170,179,180,182,185,187,191,192,197,206,217,225,228,232,238,248,275,277,282,286,298,302,312,313,329,353,364,370,371,372,380,389,391,394,399,407,414,421,429,453,454,457,477,481,487,496,505,514,520,522,525,538,561,570,573,579,580,583,587,593,601,606,629,631,632,635,636,637,643,656,657,665,686,687,689,707,713,716,724,725,730,743,751,782,786,812,813,817,846,852,879,900,918,927,941,951,961,972,978,983,988 | LeAcc: 1.000
Our Recovered Num of Instances: 1,1,1,2,2,1,1,1,1,1,1,1,1,1,2,1,1,1,1,1,1,1,1,1,1,1,1,1,1,1,1,3,1,1,1,1,1,1,1,1,1,1,1,1,1,1,1,1,2,2,1,1,1,1,1,1,1,1,1,1,1,2,1,1,1,1,1,1,1,1,1,1,2,1,1,1,1,1,1,1,1,1,1,1,1,1,1,1,1,1,1,1,1,1,1,1,1,1,1,1,1,1,1,2,1,1,2,1,1,1,2,1,1,1,1,1,1 | LnAcc: 0.999 | IRec: 1.000
Start Experiment 44
***************************************************************
Ground-truth Labels: 0,17,18,29,36,42,45,47,52,53,54,56,69,75,83,92,102,109,115,137,140,164,170,173,177,194,210,224,228,236,238,239,241,243,249,255,257,269,283,308,310,313,315,321,336,344,359,360,384,392,393,414,429,441,443,448,454,484,486,491,502,504,506,516,521,534,549,557,558,563,576,584,589,605,609,641,674,686,716,725,728,734,737,759,764,789,800,806,813,827,842,843,844,845,853,857,859,864,874,876,878,888,889,892,911,916,921,925,933,942,950,961,963,969,985,998
Ground-truth Num of Instances: 1,1,1,1,1,1,1,2,2,1,1,1,1,1,1,1,1,1,1,1,1,1,1,1,1,1,1,1,1,1,1,1,1,2,1,1,1,1,1,1,2,1,1,1,1,1,1,1,1,1,1,1,2,1,1,2,1,1,1,1,1,1,1,1,1,1,1,1,1,1,1,2,1,1,1,1,1,1,2,1,1,1,1,1,1,1,1,1,1,1,1,1,1,1,1,1,1,1,1,1,1,2,4,1,1,1,1,1,1,1,1,1,1,1,1,1
Our Recovered Labels: 0,17,18,29,36,42,45,47,52,53,54,56,69,75,83,92,102,109,115,137,140,164,170,173,177,194,210,224,228,236,238,239,241,243,249,255,257,269,283,308,310,313,315,321,336,344,359,360,384,392,393,414,429,441,443,448,454,484,486,491,502,504,506,516,521,534,549,557,558,563,576,584,589,605,609,641,674,686,716,725,728,734,737,759,764,789,800,806,813,827,842,843,844,845,853,857,859,864,874,876,878,888,889,892,911,916,921,925,933,942,950,961,963,969,985,998 | LeAcc: 1.000
Our Recovered Num of Instances: 1,1,1,1,1,1,1,2,2,1,1,1,1,1,1,1,1,1,1,1,1,1,1,1,1,1,1,1,1,1,1,1,1,2,1,1,1,1,1,1,2,1,1,1,1,1,1,1,1,1,1,1,2,1,1,2,1,1,1,1,1,1,1,1,1,1,1,1,1,1,1,2,1,1,1,1,1,1,2,1,1,1,1,1,1,1,1,1,1,1,1,1,1,1,1,1,1,1,1,1,1,2,4,1,1,1,1,1,1,1,1,1,1,1,1,1 | LnAcc: 1.000 | IRec: 1.000
Start Experiment 45
***************************************************************
Ground-truth Labels: 7,12,16,22,24,32,34,44,63,90,95,104,113,127,135,136,137,145,146,148,151,158,166,169,196,200,202,205,206,214,215,222,229,237,250,263,267,268,270,279,286,300,305,318,324,342,349,352,363,365,368,374,385,396,429,433,465,481,484,485,505,531,549,569,571,573,580,587,589,599,603,608,611,629,630,636,645,663,664,667,671,682,695,702,708,712,713,716,721,724,739,745,767,785,791,793,812,816,826,829,837,845,848,867,876,878,884,886,895,897,902,914,928,935,936,939,947,949,957,984,995,998
Ground-truth Num of Instances: 1,1,1,1,1,1,1,1,1,1,2,1,1,1,1,2,1,1,1,1,1,1,1,1,1,1,1,1,1,1,1,1,1,1,1,1,1,1,1,1,1,1,1,1,1,1,1,1,1,1,1,1,1,2,1,1,1,1,1,1,1,1,1,2,1,1,1,1,1,1,1,1,1,2,1,1,1,1,1,1,1,1,1,1,1,1,1,1,1,1,1,1,1,1,1,1,1,1,1,1,1,2,1,1,1,1,1,1,1,1,1,1,1,1,1,1,1,1,1,1,1,1
Our Recovered Labels: 7,12,16,22,24,32,34,44,63,90,95,104,113,127,135,136,137,145,146,148,151,158,166,169,196,200,202,205,206,214,215,222,229,237,250,263,267,268,270,279,286,300,305,318,324,342,349,352,363,365,368,374,385,396,429,433,465,481,484,485,505,531,549,569,571,573,580,587,589,599,603,608,611,629,630,636,645,663,664,667,671,682,695,702,708,712,713,716,721,724,739,745,767,785,791,793,812,816,826,829,837,845,848,867,876,878,884,886,895,897,902,914,928,935,936,939,947,949,957,984,995,998 | LeAcc: 1.000
Our Recovered Num of Instances: 1,1,1,1,1,1,1,1,1,1,2,1,1,1,1,2,1,1,1,1,1,1,1,1,1,1,1,1,1,1,1,1,1,1,1,1,1,1,1,1,1,1,1,1,1,1,1,1,1,1,1,1,1,2,1,1,1,1,1,1,1,1,1,2,1,1,1,1,1,1,1,1,1,2,1,1,1,1,1,1,1,1,1,1,1,1,1,1,1,1,1,1,1,1,1,1,1,1,1,1,1,2,1,1,1,1,1,1,1,1,1,1,1,1,1,1,1,1,1,1,1,1 | LnAcc: 1.000 | IRec: 1.000
Start Experiment 46
***************************************************************
Ground-truth Labels: 11,15,16,23,37,39,48,53,63,74,83,96,100,121,123,127,128,137,144,146,152,162,168,185,189,192,203,208,232,237,277,280,283,286,291,293,302,306,314,318,321,323,331,341,354,358,375,389,390,395,413,415,424,425,429,434,445,468,471,476,479,490,493,496,498,524,536,541,558,559,561,564,585,595,597,607,617,620,624,646,647,654,658,674,690,700,701,717,730,753,755,756,760,778,784,800,812,831,832,835,838,840,845,870,878,885,891,893,923,928,930,935,941,948,949,964,972,975,982,991,992
Ground-truth Num of Instances: 1,1,1,1,1,1,1,1,1,1,2,1,1,2,1,1,1,1,1,1,1,1,1,1,1,1,3,1,1,1,1,1,1,1,1,1,1,1,1,1,1,1,1,1,1,1,1,1,1,1,1,1,1,1,1,1,1,1,1,1,1,1,1,1,1,1,1,1,1,1,1,1,1,1,1,1,1,1,1,1,1,1,1,1,1,1,1,1,1,1,1,1,1,1,1,1,1,1,1,1,2,1,1,1,2,1,1,1,1,1,1,1,1,1,1,1,1,2,1,1,1
Our Recovered Labels: 11,15,16,23,37,39,48,53,63,74,83,96,100,121,123,127,128,137,144,146,152,162,168,185,189,192,203,208,232,237,277,280,283,286,291,293,302,306,314,318,321,323,331,341,354,358,375,389,390,395,413,415,424,425,429,434,445,468,471,476,479,490,493,496,498,524,536,541,558,559,561,564,585,595,597,607,617,620,624,646,647,654,658,674,690,700,701,717,730,753,755,756,760,778,784,800,812,831,832,835,838,840,845,870,878,885,891,893,923,928,930,935,941,948,949,964,972,975,982,991,992 | LeAcc: 1.000
Our Recovered Num of Instances: 1,1,1,1,1,1,1,1,1,1,2,1,1,2,1,1,1,1,1,1,1,1,1,1,1,1,3,1,1,1,1,1,1,1,1,1,1,1,1,1,1,1,1,1,1,1,1,1,1,1,1,1,1,1,1,1,1,1,1,1,1,1,1,1,1,1,1,1,1,1,1,1,1,1,1,1,1,1,1,1,1,1,1,1,1,1,1,1,1,1,1,1,1,1,1,1,1,1,1,1,2,1,1,1,2,1,1,1,1,1,1,1,1,1,1,1,1,2,1,1,1 | LnAcc: 1.000 | IRec: 1.000
Start Experiment 47
***************************************************************
Ground-truth Labels: 5,22,23,33,58,66,67,71,75,89,101,105,108,112,114,119,137,139,153,156,157,168,179,180,196,197,200,217,223,237,245,249,254,260,284,297,301,313,316,327,332,340,341,342,344,351,359,364,372,378,395,400,429,431,445,452,463,467,468,471,478,497,500,504,510,515,517,524,531,534,560,567,572,583,608,628,631,635,636,638,640,650,655,657,660,664,665,690,700,702,704,711,713,719,729,730,747,757,760,762,781,804,812,830,832,837,838,854,878,879,899,900,914,941,947,958,959,984,994
Ground-truth Num of Instances: 1,1,1,1,1,1,1,1,1,1,2,1,1,1,1,1,1,1,1,1,1,1,1,2,1,1,1,1,1,2,1,1,1,1,1,1,1,1,1,1,1,1,1,1,1,1,1,1,1,1,1,1,1,2,1,1,1,1,1,2,1,1,1,1,1,1,1,1,1,1,1,1,1,1,1,1,2,1,1,1,1,2,1,1,1,1,1,1,1,1,1,2,1,1,1,1,1,1,1,1,2,1,1,1,1,1,1,1,1,1,1,1,1,1,1,1,1,1,1
Our Recovered Labels: 5,22,23,33,58,66,67,71,75,89,101,105,108,112,114,119,137,139,153,156,157,168,179,180,196,197,200,217,223,237,245,249,254,260,284,297,301,313,316,327,332,340,341,342,344,351,359,364,372,378,395,400,429,431,445,452,463,467,468,471,478,497,500,504,510,515,517,524,531,534,560,567,572,583,608,628,631,635,636,638,640,650,655,657,660,664,665,690,700,702,704,711,713,719,729,730,747,757,760,762,781,804,812,830,832,837,838,854,878,879,899,900,914,941,947,958,959,984,994 | LeAcc: 1.000
Our Recovered Num of Instances: 1,1,1,1,1,1,1,1,1,1,2,1,1,1,1,1,1,1,1,1,1,1,1,2,1,1,1,1,1,2,1,1,1,1,1,1,1,1,1,1,1,1,1,1,1,1,1,1,1,1,1,1,1,2,1,1,1,1,1,2,1,1,1,1,1,1,1,1,1,1,1,1,1,1,1,1,2,1,1,1,1,2,1,1,1,1,1,1,1,1,1,2,1,1,1,1,1,1,1,1,2,1,1,1,1,1,1,1,1,1,1,1,1,1,1,1,1,1,1 | LnAcc: 1.000 | IRec: 1.000
Start Experiment 48
***************************************************************
Ground-truth Labels: 0,8,9,11,32,52,56,71,73,74,75,87,96,106,114,120,122,124,134,138,147,175,181,184,188,194,201,209,219,240,254,261,284,285,302,314,315,322,331,335,339,354,355,364,372,382,383,390,398,403,418,427,428,447,454,462,466,484,503,528,535,536,539,552,553,574,580,585,591,594,598,600,602,606,613,618,624,628,629,637,644,648,651,665,667,672,729,739,754,758,768,800,805,807,814,821,822,825,826,836,846,864,868,876,877,881,888,889,901,941,942,946,952,954,961,970,979,982,983,991
Ground-truth Num of Instances: 1,1,1,1,1,1,1,1,1,1,1,1,1,1,1,3,1,2,1,1,1,1,1,1,1,1,1,1,1,1,1,1,1,1,1,1,1,1,1,1,1,2,1,1,1,1,1,1,1,1,1,1,2,1,1,1,1,1,1,1,1,1,1,1,1,1,1,1,1,1,1,1,1,1,1,1,1,1,2,1,2,1,1,1,1,1,1,1,1,1,1,1,1,1,1,1,1,1,1,1,1,1,1,1,1,1,1,1,1,2,1,1,1,1,1,1,1,1,1,1
Our Recovered Labels: 0,8,9,11,32,52,56,71,73,74,75,87,96,106,114,120,122,124,134,138,147,175,181,184,188,194,201,209,219,240,254,261,284,285,302,314,315,322,331,335,339,354,355,364,372,382,383,390,398,403,418,427,428,447,454,462,466,484,503,528,535,536,539,552,553,574,580,585,591,594,598,600,602,606,613,618,624,628,629,637,644,648,651,665,667,672,729,739,754,758,768,800,805,807,814,821,822,825,826,836,846,864,868,876,877,881,888,889,901,941,942,946,952,954,961,970,979,982,983,991 | LeAcc: 1.000
Our Recovered Num of Instances: 1,1,1,1,1,1,1,1,1,1,1,1,1,1,1,3,1,2,1,1,1,1,1,1,1,1,1,1,1,1,1,1,1,1,1,1,1,1,1,1,1,2,1,1,1,1,1,1,1,1,1,1,2,1,1,1,1,1,1,1,1,1,1,1,1,1,1,1,1,1,1,1,1,1,1,1,1,1,2,1,2,1,1,1,1,1,1,1,1,1,1,1,1,1,1,1,1,1,1,1,1,1,1,1,1,1,1,1,1,2,1,1,1,1,1,1,1,1,1,1 | LnAcc: 1.000 | IRec: 1.000
Start Experiment 49
***************************************************************
Ground-truth Labels: 1,9,13,15,16,26,46,49,62,74,84,87,88,96,101,108,111,113,122,124,129,154,166,171,179,181,182,194,198,201,222,223,233,251,253,254,266,281,292,315,340,342,345,360,364,374,378,379,383,388,394,404,411,416,428,429,439,456,458,469,479,487,488,493,495,512,521,523,524,526,543,552,567,588,611,612,615,617,630,636,640,642,644,662,668,700,709,717,727,731,734,749,774,776,782,800,808,830,838,847,848,878,889,893,896,924,925,936,940,941,944,949,951,986,996,997,999
Ground-truth Num of Instances: 1,1,1,2,2,1,2,1,1,1,1,1,2,1,1,1,1,1,1,1,1,1,1,1,1,1,1,1,1,1,1,1,1,1,1,1,1,1,1,1,1,1,1,1,1,1,1,1,1,1,1,1,1,1,2,1,1,1,1,1,1,1,1,1,1,1,1,1,1,1,1,1,1,2,1,1,1,1,1,1,1,1,1,1,1,1,1,1,1,1,1,1,1,1,1,1,1,1,3,1,1,1,2,2,1,1,1,2,1,1,1,1,1,1,1,1,1
Our Recovered Labels: 1,9,13,15,16,26,46,49,62,74,84,87,88,96,101,108,111,113,122,124,129,154,166,171,179,181,182,194,198,201,222,223,233,251,253,254,266,281,292,315,340,342,345,360,364,374,378,379,383,388,394,404,411,416,428,429,439,456,458,469,479,487,488,493,495,512,521,523,524,526,543,552,567,588,611,612,615,617,630,636,640,642,644,662,668,700,709,717,727,731,734,749,774,776,782,800,808,830,838,847,848,878,889,893,896,924,925,936,940,941,944,949,951,986,996,997,999 | LeAcc: 1.000
Our Recovered Num of Instances: 1,1,1,2,2,1,2,1,1,1,1,1,2,1,1,1,1,1,1,1,1,1,1,1,1,1,1,1,1,1,1,1,1,1,1,1,1,1,1,1,1,1,1,1,1,1,1,1,1,1,1,1,1,1,2,1,1,1,1,1,1,1,1,1,1,1,1,1,1,1,1,1,1,2,1,1,1,1,1,1,1,1,1,1,1,1,1,1,1,1,1,1,1,1,1,1,1,1,3,1,1,1,2,2,1,1,1,2,1,1,1,1,1,1,1,1,1 | LnAcc: 1.000 | IRec: 1.000
Start Experiment 50
***************************************************************
Ground-truth Labels: 2,9,16,20,26,29,32,37,41,57,60,61,64,68,86,88,103,108,117,132,138,145,163,168,169,176,186,192,218,220,221,223,227,231,236,244,251,258,259,267,277,288,293,296,302,304,318,326,329,336,343,358,373,374,377,386,417,443,446,458,463,464,480,482,485,495,499,505,518,524,542,548,564,569,582,586,588,592,617,630,642,645,654,659,677,680,701,709,715,727,738,746,748,778,781,782,810,824,837,838,839,862,874,876,882,883,895,919,924,928,931,934,942,944,959,962,971,987,988,995
Ground-truth Num of Instances: 1,1,1,1,1,1,1,1,1,1,1,1,1,1,1,1,1,1,1,1,1,1,1,1,1,1,1,1,1,1,1,1,1,1,1,1,1,1,1,1,1,1,1,1,1,1,1,1,1,1,1,1,1,1,1,1,1,1,1,1,1,2,1,1,1,1,1,1,1,1,1,1,3,1,1,1,1,1,1,1,1,1,1,2,2,1,1,2,1,1,1,1,1,1,1,1,1,1,1,1,1,2,1,1,2,1,1,1,1,1,1,1,1,1,1,1,1,1,1,1
Our Recovered Labels: 2,9,16,20,26,29,32,37,41,57,60,61,64,68,86,88,103,108,117,132,138,145,163,168,169,176,186,192,218,220,221,223,227,231,236,244,251,258,259,267,277,288,293,296,302,304,318,326,329,336,343,358,373,374,377,386,417,443,446,458,463,464,480,482,485,495,499,505,518,524,542,548,564,569,582,586,588,592,617,630,642,645,654,659,677,680,701,709,715,727,738,746,748,778,781,782,810,824,837,838,839,862,874,876,882,883,895,919,924,928,931,934,942,944,959,962,971,987,988,995 | LeAcc: 1.000
Our Recovered Num of Instances: 1,1,1,1,1,1,1,1,1,1,1,1,1,1,1,1,1,1,1,1,1,1,1,1,1,1,1,1,1,1,1,1,1,1,1,1,1,1,1,1,1,1,1,1,1,1,1,1,1,1,1,1,1,1,1,1,1,1,1,1,1,2,1,1,1,1,1,1,1,1,1,1,3,1,1,1,1,1,1,1,1,1,1,2,2,1,1,2,1,1,1,1,1,1,1,1,1,1,1,1,1,2,1,1,2,1,1,1,1,1,1,1,1,1,1,1,1,1,1,1 | LnAcc: 1.000 | IRec: 1.000
---------------------------------------------------------------
Mean Ours LeAcc: 1.000 | Mean Ours LnAcc: 1.000 | Mean Ours IRec: 1.000
