running experiments at 2022-09-03-19:14:13
	log_dir: exp_res
	cpu: False
	num_tries: 50
	num_images: 32
	seed: 12
	alpha: 1
	simplified: False
	analysis: False
	data_path: data
	dataset: CIFAR100
	split: train
	distribution: random
	start_id: 0
	num_classes: 100
	num_uniform_cls: 32
	model: lenet5
	trained_model: False
	epochs: 10
	batch_size: 128
	optimizer: SGD
	lr: 0.1
	scheduler: linear
	weight_decay: 0.0005
	warmup: False
	valid_interval: 1
	mid_save: False
	model_path: models
	dryrun: False
	batchnorm: False
	dropout: False
	silu: False
	dim: 300
	n_hidden: 1
	defense: False
	defense_method: dp
	noise_std: 0.001
	clip_bound: 4
	sparse_ratio: 10
	prune_ratio: 10
	rec_img: False
	fix_labels: False
	gt_labels: False
	optim: ig
	restarts: 1
	cost_fn: sim
	indices: def
	weights: equal
	rec_lr: None
	rec_optimizer: adam
	signed: False
	boxed: False
	scoring_choice: loss
	init: randn
	tv: 1e-06
	l2: 1e-06
	max_iterations: 8000
	loss_thresh: 0.0001
	save_image: False
	image_path: images
	table_path: tables

Start Experiment 1
***************************************************************
Ground-truth Labels: 1,2,3,9,10,26,35,41,42,44,46,54,56,72,73,80,82,83,84,85,86,88,90,94,98,99
Ground-truth Num of Instances: 1,2,2,1,1,1,1,2,2,1,1,1,1,2,1,1,1,1,1,2,1,1,1,1,1,1
Our Recovered Labels: 1,2,3,9,10,26,35,41,42,44,46,54,56,72,73,80,82,83,84,85,86,88,90,94,98,99 | LeAcc: 1.000
Our Recovered Num of Instances: 1,2,2,1,1,1,1,2,2,1,1,1,1,2,1,1,1,1,1,2,1,1,1,1,1,1 | LnAcc: 1.000 | IRec: 1.000
iDLG Recovered Labels: 1,2,3,9,10,26,35,41,42,44,46,54,56,72,73,80,82,83,84,85,86,88,90,94,98,99 | LeAcc: 1.000
GradInversion Recovered Labels: 1,2,3,9,10,26,35,41,42,44,46,54,56,72,73,80,82,83,84,85,86,88,90,94,98,99 | LeAcc: 1.000
SVD Recovered Labels: 1,2,3,9,10,26,35,41,42,44,46,54,56,72,73,80,82,83,84,85,86,88,90,94,98,99 | LeAcc: 1.000
Start Experiment 2
***************************************************************
Ground-truth Labels: 3,5,7,9,10,16,27,29,30,39,44,49,51,52,55,57,64,66,71,72,76,78,82,83,84,85,87,93,98
Ground-truth Num of Instances: 2,1,1,2,1,1,1,1,1,1,1,1,1,1,1,1,1,1,1,1,2,1,1,1,1,1,1,1,1
Our Recovered Labels: 3,5,7,9,10,16,27,29,30,39,44,49,51,52,55,57,64,66,71,72,76,78,82,83,84,85,87,93,98 | LeAcc: 1.000
Our Recovered Num of Instances: 2,1,1,2,1,1,1,1,1,1,1,1,1,1,1,1,1,1,1,1,2,1,1,1,1,1,1,1,1 | LnAcc: 1.000 | IRec: 1.000
iDLG Recovered Labels: 3,5,7,9,10,16,27,29,30,39,44,49,51,52,55,57,64,66,71,72,76,78,82,83,84,85,87,93,98 | LeAcc: 1.000
GradInversion Recovered Labels: 3,5,7,9,10,16,27,29,30,39,44,49,51,52,55,57,64,66,71,72,76,78,82,83,84,85,87,93,98 | LeAcc: 1.000
SVD Recovered Labels: 3,5,7,9,10,16,27,29,30,39,44,49,51,52,55,57,64,66,71,72,76,78,82,83,84,85,87,93,98 | LeAcc: 1.000
Start Experiment 3
***************************************************************
Ground-truth Labels: 2,15,26,28,29,34,41,45,47,50,52,54,55,56,57,58,63,64,65,73,74,79,81,84,86,92,94,97
Ground-truth Num of Instances: 1,1,1,1,2,1,1,1,1,1,2,1,1,1,2,1,1,1,1,1,2,1,1,1,1,1,1,1
Our Recovered Labels: 2,15,26,28,29,34,41,45,47,50,52,54,55,56,57,58,63,64,65,73,74,79,81,84,86,92,94,97 | LeAcc: 1.000
Our Recovered Num of Instances: 1,1,1,1,2,1,1,1,1,1,2,1,1,1,2,1,1,1,1,1,2,1,1,1,1,1,1,1 | LnAcc: 1.000 | IRec: 1.000
iDLG Recovered Labels: 2,15,26,28,29,34,41,45,47,50,52,54,55,56,57,58,63,64,65,73,74,79,81,84,86,92,94,97 | LeAcc: 1.000
GradInversion Recovered Labels: 2,15,26,28,29,34,41,45,47,50,52,54,55,56,57,58,63,64,65,73,74,79,81,84,86,92,94,97 | LeAcc: 1.000
SVD Recovered Labels: 2,15,26,28,29,34,41,45,47,50,52,54,55,56,57,58,63,64,65,73,74,79,81,84,86,92,94,97 | LeAcc: 1.000
Start Experiment 4
***************************************************************
Ground-truth Labels: 2,3,6,8,9,11,12,23,24,25,29,44,49,50,58,61,62,64,68,70,72,76,78,80,81,89,92,98
Ground-truth Num of Instances: 1,2,1,1,1,1,1,1,3,1,1,2,1,1,1,1,1,1,1,1,1,1,1,1,1,1,1,1
Our Recovered Labels: 2,3,6,8,9,11,12,23,24,25,29,44,49,50,58,61,62,64,68,70,72,76,78,80,81,89,92,98 | LeAcc: 1.000
Our Recovered Num of Instances: 1,2,1,1,1,1,1,1,3,1,1,2,1,1,1,1,1,1,1,1,1,1,1,1,1,1,1,1 | LnAcc: 1.000 | IRec: 1.000
iDLG Recovered Labels: 2,3,6,8,9,11,12,23,24,25,29,44,49,50,58,61,62,64,68,70,72,76,78,80,81,89,92,98 | LeAcc: 1.000
GradInversion Recovered Labels: 2,3,6,8,9,11,12,23,24,25,29,44,49,50,58,61,62,64,68,70,72,76,78,80,81,89,92,98 | LeAcc: 1.000
SVD Recovered Labels: 2,3,6,8,9,11,12,23,24,25,29,44,49,50,58,61,62,64,68,70,72,76,78,80,81,89,92,98 | LeAcc: 1.000
Start Experiment 5
***************************************************************
Ground-truth Labels: 1,4,7,9,12,16,18,25,27,31,32,38,40,45,48,54,55,56,57,58,66,73,80,81,86,87,88,95
Ground-truth Num of Instances: 1,1,1,2,1,1,1,1,1,1,1,1,1,2,1,1,2,2,1,1,1,1,1,1,1,1,1,1
Our Recovered Labels: 1,4,7,9,12,16,18,25,27,31,32,38,40,45,48,54,55,56,57,58,66,73,80,81,86,87,88,95 | LeAcc: 1.000
Our Recovered Num of Instances: 1,1,1,2,1,1,1,1,1,1,1,1,1,2,1,1,2,2,1,1,1,1,1,1,1,1,1,1 | LnAcc: 1.000 | IRec: 1.000
iDLG Recovered Labels: 1,4,7,9,12,16,18,25,27,31,32,38,40,45,48,54,55,56,57,58,66,73,80,81,86,87,88,95 | LeAcc: 1.000
GradInversion Recovered Labels: 1,4,7,9,12,16,18,25,27,31,32,38,40,45,48,54,55,56,57,58,66,73,80,81,86,87,88,95 | LeAcc: 1.000
SVD Recovered Labels: 1,4,7,9,12,16,18,25,27,31,32,38,40,45,48,54,55,56,57,58,66,73,80,81,86,87,88,95 | LeAcc: 1.000
Start Experiment 6
***************************************************************
Ground-truth Labels: 5,12,13,14,16,18,20,23,26,28,30,31,32,42,53,57,60,64,65,68,71,73,79,82,85,89,91,96
Ground-truth Num of Instances: 1,1,1,1,2,1,1,1,1,1,1,1,1,1,1,2,1,2,1,1,1,2,1,1,1,1,1,1
Our Recovered Labels: 5,12,13,14,16,18,20,23,26,28,30,31,32,42,53,57,60,64,65,68,71,73,79,82,85,89,91,96 | LeAcc: 1.000
Our Recovered Num of Instances: 1,1,1,1,2,1,1,1,1,1,1,1,1,1,1,2,1,2,1,1,1,2,1,1,1,1,1,1 | LnAcc: 1.000 | IRec: 1.000
iDLG Recovered Labels: 5,12,13,14,16,18,20,23,26,28,30,31,32,42,53,57,60,64,65,68,71,73,79,82,85,89,91,96 | LeAcc: 1.000
GradInversion Recovered Labels: 5,12,13,14,16,18,20,23,26,28,30,31,32,42,53,57,60,64,65,68,71,73,79,82,85,89,91,96 | LeAcc: 1.000
SVD Recovered Labels: 5,12,13,14,16,18,20,23,26,28,30,31,32,42,53,57,60,64,65,68,71,73,79,82,85,89,91,96 | LeAcc: 1.000
Start Experiment 7
***************************************************************
Ground-truth Labels: 5,12,13,15,16,18,22,23,24,28,31,52,53,56,63,65,66,69,70,71,79,87,88,91,92,96,99
Ground-truth Num of Instances: 1,1,1,2,1,1,1,1,1,1,1,1,2,1,1,1,1,1,1,1,1,2,2,2,1,1,1
Our Recovered Labels: 5,12,13,15,16,18,22,23,24,28,31,52,53,56,63,65,66,69,70,71,79,87,88,91,92,96,99 | LeAcc: 1.000
Our Recovered Num of Instances: 1,1,1,2,1,1,1,1,1,1,1,1,2,1,1,1,1,1,1,1,1,2,2,2,1,1,1 | LnAcc: 1.000 | IRec: 1.000
iDLG Recovered Labels: 5,12,13,15,16,18,22,23,24,28,31,52,53,56,63,65,66,69,70,71,79,87,88,91,92,96,99 | LeAcc: 1.000
GradInversion Recovered Labels: 5,12,13,15,16,18,22,23,24,28,31,52,53,56,63,65,66,69,70,71,79,87,88,91,92,96,99 | LeAcc: 1.000
SVD Recovered Labels: 5,12,13,15,16,18,22,23,24,28,31,52,53,56,63,65,66,69,70,71,79,87,88,91,92,96,99 | LeAcc: 1.000
Start Experiment 8
***************************************************************
Ground-truth Labels: 3,4,6,7,8,10,11,12,13,14,17,20,28,36,38,41,45,66,67,69,72,76,77,78,79,85,91,98
Ground-truth Num of Instances: 2,2,1,1,1,1,1,1,1,2,1,1,1,1,1,1,2,1,1,1,1,1,1,1,1,1,1,1
Our Recovered Labels: 3,4,6,7,8,10,11,12,13,14,17,20,28,36,38,41,45,66,67,69,72,76,77,78,79,85,91,98 | LeAcc: 1.000
Our Recovered Num of Instances: 2,2,1,1,1,1,1,1,1,2,1,1,1,1,1,1,2,1,1,1,1,1,1,1,1,1,1,1 | LnAcc: 1.000 | IRec: 1.000
iDLG Recovered Labels: 3,4,6,7,8,10,11,12,13,14,17,20,28,36,38,41,45,66,67,69,72,76,77,78,79,85,91,98 | LeAcc: 1.000
GradInversion Recovered Labels: 3,4,6,7,8,10,11,12,13,14,17,20,28,36,38,41,45,66,67,69,72,76,77,78,79,85,91,98 | LeAcc: 1.000
SVD Recovered Labels: 3,4,6,7,8,10,11,12,13,14,17,20,28,36,38,41,45,66,67,69,72,76,77,78,79,85,91,98 | LeAcc: 1.000
Start Experiment 9
***************************************************************
Ground-truth Labels: 1,15,17,19,23,29,36,48,52,56,57,60,61,65,67,72,73,74,76,79,84,85,86,87,91,93,97,99
Ground-truth Num of Instances: 2,1,1,1,1,1,1,1,1,1,2,1,1,1,2,1,1,1,1,1,1,1,2,1,1,1,1,1
Our Recovered Labels: 1,15,17,19,23,29,36,48,52,56,57,60,61,65,67,72,73,74,76,79,84,85,86,87,91,93,97,99 | LeAcc: 1.000
Our Recovered Num of Instances: 2,1,1,1,1,1,1,1,1,1,2,1,1,1,2,1,1,1,1,1,1,1,2,1,1,1,1,1 | LnAcc: 1.000 | IRec: 1.000
iDLG Recovered Labels: 1,15,17,19,23,29,36,48,52,56,57,60,61,65,67,72,73,74,76,79,84,85,86,87,91,93,97,99 | LeAcc: 1.000
GradInversion Recovered Labels: 1,15,17,19,23,29,36,48,52,56,57,60,61,65,67,72,73,74,76,79,84,85,86,87,91,93,97,99 | LeAcc: 1.000
SVD Recovered Labels: 1,15,17,19,23,29,36,48,52,56,57,60,61,65,67,72,73,74,76,79,84,85,86,87,91,93,97,99 | LeAcc: 1.000
Start Experiment 10
***************************************************************
Ground-truth Labels: 0,1,2,4,10,11,16,22,23,26,31,34,41,44,46,58,62,68,70,72,77,80,81,83,85,90,93,98
Ground-truth Num of Instances: 1,2,1,1,1,2,1,1,1,1,1,1,1,1,2,1,1,2,1,1,1,1,1,1,1,1,1,1
Our Recovered Labels: 0,1,2,4,10,11,16,22,23,26,31,34,41,44,46,58,62,68,70,72,77,80,81,83,85,90,93,98 | LeAcc: 1.000
Our Recovered Num of Instances: 1,2,1,1,1,2,1,1,1,1,1,1,1,1,2,1,1,2,1,1,1,1,1,1,1,1,1,1 | LnAcc: 1.000 | IRec: 1.000
iDLG Recovered Labels: 0,1,2,4,10,11,16,22,23,26,31,34,41,44,46,58,62,68,70,72,77,80,81,83,85,90,93,98 | LeAcc: 1.000
GradInversion Recovered Labels: 0,1,2,4,10,11,16,22,23,26,31,34,41,44,46,58,62,68,70,72,77,80,81,83,85,90,93,98 | LeAcc: 1.000
SVD Recovered Labels: 0,1,2,4,10,11,16,22,23,26,31,34,41,44,46,58,62,68,70,72,77,80,81,83,85,90,93,98 | LeAcc: 1.000
Start Experiment 11
***************************************************************
Ground-truth Labels: 0,11,12,15,23,27,30,33,34,41,44,49,50,52,56,64,65,66,67,69,70,73,77,78,83,84,86,98
Ground-truth Num of Instances: 1,1,1,1,1,1,1,1,2,1,1,1,1,1,1,1,2,1,1,1,1,1,1,1,1,1,1,3
Our Recovered Labels: 0,11,12,15,23,27,30,33,34,41,44,49,50,52,56,64,65,66,67,69,70,73,77,78,83,84,86,98 | LeAcc: 1.000
Our Recovered Num of Instances: 1,1,1,1,1,1,1,1,2,1,1,1,1,1,1,1,2,1,1,1,1,1,1,1,1,1,1,3 | LnAcc: 1.000 | IRec: 1.000
iDLG Recovered Labels: 0,11,12,15,23,27,30,33,34,41,44,49,50,52,56,64,65,66,67,69,70,73,77,78,83,84,86,98 | LeAcc: 1.000
GradInversion Recovered Labels: 0,11,12,15,23,27,30,33,34,41,44,49,50,52,56,64,65,66,67,69,70,73,77,78,83,84,86,98 | LeAcc: 1.000
SVD Recovered Labels: 0,11,12,15,23,27,30,33,34,41,44,49,50,52,56,64,65,66,67,69,70,73,77,78,83,84,86,98 | LeAcc: 1.000
Start Experiment 12
***************************************************************
Ground-truth Labels: 12,13,14,15,16,19,25,32,40,41,47,48,49,50,54,59,62,71,72,75,77,90,91,92,93,94,95,97
Ground-truth Num of Instances: 1,1,1,2,1,1,1,1,1,1,1,1,1,1,1,1,1,1,1,1,1,1,2,1,2,2,1,1
Our Recovered Labels: 12,13,14,15,16,19,25,32,40,41,47,48,49,50,54,59,62,71,72,75,77,90,91,92,93,94,95,97 | LeAcc: 1.000
Our Recovered Num of Instances: 1,1,1,2,1,1,1,1,1,1,1,1,1,1,1,1,1,1,1,1,1,1,2,1,2,2,1,1 | LnAcc: 1.000 | IRec: 1.000
iDLG Recovered Labels: 12,13,14,15,16,19,25,32,40,41,47,48,49,50,54,59,62,71,72,75,77,90,91,92,93,94,95,97 | LeAcc: 1.000
GradInversion Recovered Labels: 12,13,14,15,16,19,25,32,40,41,47,48,49,50,54,59,62,71,72,75,77,90,91,92,93,94,95,97 | LeAcc: 1.000
SVD Recovered Labels: 12,13,14,15,16,19,25,32,40,41,47,48,49,50,54,59,62,71,72,75,77,90,91,92,93,94,95,97 | LeAcc: 1.000
Start Experiment 13
***************************************************************
Ground-truth Labels: 1,3,6,9,10,13,15,16,17,22,25,28,29,32,33,37,48,50,61,62,67,69,70,73,76,80,81,87,94,97
Ground-truth Num of Instances: 1,2,1,1,1,1,1,1,1,1,1,1,1,1,1,1,1,1,1,1,1,2,1,1,1,1,1,1,1,1
Our Recovered Labels: 1,3,6,9,10,13,15,16,17,22,25,28,29,32,33,37,48,50,61,62,67,69,70,73,76,80,81,87,94,97 | LeAcc: 1.000
Our Recovered Num of Instances: 1,2,1,1,1,1,1,1,1,1,1,1,1,1,1,1,1,1,1,1,1,2,1,1,1,1,1,1,1,1 | LnAcc: 1.000 | IRec: 1.000
iDLG Recovered Labels: 1,3,6,9,10,13,15,16,17,22,25,28,29,32,33,37,48,50,61,62,67,69,70,73,76,80,81,87,94,97 | LeAcc: 1.000
GradInversion Recovered Labels: 1,3,6,9,10,13,15,16,17,22,25,28,29,32,33,37,48,50,61,62,67,69,70,73,76,80,81,87,94,97 | LeAcc: 1.000
SVD Recovered Labels: 1,3,6,9,10,13,15,16,17,22,25,28,29,32,33,37,48,50,61,62,67,69,70,73,76,80,81,87,94,97 | LeAcc: 1.000
Start Experiment 14
***************************************************************
Ground-truth Labels: 0,1,3,4,10,15,25,27,34,35,36,38,50,51,59,60,61,63,65,67,69,70,72,73,76,83,89,91,94
Ground-truth Num of Instances: 1,2,1,1,1,1,1,1,2,1,1,1,1,1,1,1,1,1,2,1,1,1,1,1,1,1,1,1,1
Our Recovered Labels: 0,1,3,4,10,15,25,27,34,35,36,38,50,51,59,60,61,63,65,67,69,70,72,73,76,83,89,91,94 | LeAcc: 1.000
Our Recovered Num of Instances: 1,2,1,1,1,1,1,1,2,1,1,1,1,1,1,1,1,1,2,1,1,1,1,1,1,1,1,1,1 | LnAcc: 1.000 | IRec: 1.000
iDLG Recovered Labels: 0,1,3,4,10,15,25,27,34,35,36,38,50,51,59,60,61,63,65,67,69,70,72,73,76,83,89,91,94 | LeAcc: 1.000
GradInversion Recovered Labels: 0,1,3,4,10,15,25,27,34,35,36,38,50,51,59,60,61,63,65,67,69,70,72,73,76,83,89,91,94 | LeAcc: 1.000
SVD Recovered Labels: 0,1,3,4,10,15,25,27,34,35,36,38,50,51,59,60,61,63,65,67,69,70,72,73,76,83,89,91,94 | LeAcc: 1.000
Start Experiment 15
***************************************************************
Ground-truth Labels: 5,11,12,18,19,26,28,33,36,40,43,49,51,53,61,68,72,73,74,75,79,85,87,88,94,98
Ground-truth Num of Instances: 1,1,1,1,1,1,1,2,1,1,2,1,1,2,1,1,1,1,1,1,1,2,1,1,2,2
Our Recovered Labels: 5,11,12,18,19,26,28,33,36,40,43,49,51,53,61,68,72,73,74,75,79,85,87,88,94,98 | LeAcc: 1.000
Our Recovered Num of Instances: 1,1,1,1,1,1,1,2,1,1,2,1,1,2,1,1,1,1,1,1,1,2,1,1,2,2 | LnAcc: 1.000 | IRec: 1.000
iDLG Recovered Labels: 5,11,12,18,19,26,28,33,36,40,43,49,51,53,61,68,72,73,74,75,79,85,87,88,94,98 | LeAcc: 1.000
GradInversion Recovered Labels: 5,11,12,18,19,26,28,33,36,40,43,49,51,53,61,68,72,73,74,75,79,85,87,88,94,98 | LeAcc: 1.000
SVD Recovered Labels: 5,11,12,18,19,26,28,33,36,40,43,49,51,53,61,68,72,73,74,75,79,85,87,88,94,98 | LeAcc: 1.000
Start Experiment 16
***************************************************************
Ground-truth Labels: 4,7,8,9,11,12,15,17,21,22,23,27,29,31,33,41,47,50,56,60,69,72,75,81,86,90,93,98,99
Ground-truth Num of Instances: 1,1,1,1,1,2,1,1,1,1,1,1,2,1,1,1,1,2,1,1,1,1,1,1,1,1,1,1,1
Our Recovered Labels: 4,7,8,9,11,12,15,17,21,22,23,27,29,31,33,41,47,50,56,60,69,72,75,81,86,90,93,98,99 | LeAcc: 1.000
Our Recovered Num of Instances: 1,1,1,1,1,2,1,1,1,1,1,1,2,1,1,1,1,2,1,1,1,1,1,1,1,1,1,1,1 | LnAcc: 1.000 | IRec: 1.000
iDLG Recovered Labels: 4,7,8,9,11,12,15,17,21,22,23,27,29,31,33,41,47,50,56,60,69,72,75,81,86,90,93,98,99 | LeAcc: 1.000
GradInversion Recovered Labels: 4,7,8,9,11,12,15,17,21,22,23,27,29,31,33,41,47,50,56,60,69,72,75,81,86,90,93,98,99 | LeAcc: 1.000
SVD Recovered Labels: 4,7,8,9,11,12,15,17,21,22,23,27,29,31,33,41,47,50,56,60,69,72,75,81,86,90,93,98,99 | LeAcc: 1.000
Start Experiment 17
***************************************************************
Ground-truth Labels: 3,14,17,21,32,34,38,40,43,45,48,53,54,58,60,63,64,73,74,76,78,79,87,89,92,93,96,99
Ground-truth Num of Instances: 2,1,1,1,1,1,1,2,1,1,1,1,1,1,1,1,1,3,1,1,1,1,1,1,1,1,1,1
Our Recovered Labels: 3,14,17,21,32,34,38,40,43,45,48,53,54,58,60,63,64,73,74,76,78,79,87,89,92,93,96,99 | LeAcc: 1.000
Our Recovered Num of Instances: 2,1,1,1,1,1,1,2,1,1,1,1,1,1,1,1,1,3,1,1,1,1,1,1,1,1,1,1 | LnAcc: 1.000 | IRec: 1.000
iDLG Recovered Labels: 3,14,17,21,32,34,38,40,43,45,48,53,54,58,60,63,64,73,74,76,78,79,87,89,92,93,96,99 | LeAcc: 1.000
GradInversion Recovered Labels: 3,14,17,21,32,34,38,40,43,45,48,53,54,58,60,63,64,73,74,76,78,79,87,89,92,93,96,99 | LeAcc: 1.000
SVD Recovered Labels: 3,14,17,21,32,34,38,40,43,45,48,53,54,58,60,63,64,73,74,76,78,79,87,89,92,93,96,99 | LeAcc: 1.000
Start Experiment 18
***************************************************************
Ground-truth Labels: 3,4,7,10,17,18,23,26,30,34,36,39,44,46,47,49,50,52,59,69,74,75,77,79,88,90,98
Ground-truth Num of Instances: 1,1,1,1,1,2,1,1,2,1,1,1,1,1,1,1,1,1,2,3,1,1,1,1,1,1,1
Our Recovered Labels: 3,4,7,10,17,18,23,26,30,34,36,39,44,46,47,49,50,52,59,69,74,75,77,79,88,90,98 | LeAcc: 1.000
Our Recovered Num of Instances: 1,1,1,1,1,2,1,1,2,1,1,1,1,1,1,1,1,1,2,3,1,1,1,1,1,1,1 | LnAcc: 1.000 | IRec: 1.000
iDLG Recovered Labels: 3,4,7,10,17,18,23,26,30,34,36,39,44,46,47,49,50,52,59,69,74,75,77,79,88,90,98 | LeAcc: 1.000
GradInversion Recovered Labels: 3,4,7,10,17,18,23,26,30,34,36,39,44,46,47,49,50,52,59,69,74,75,77,79,88,90,98 | LeAcc: 1.000
SVD Recovered Labels: 3,4,7,10,17,18,23,26,30,34,36,39,44,46,47,49,50,52,59,69,74,75,77,79,88,90,98 | LeAcc: 1.000
Start Experiment 19
***************************************************************
Ground-truth Labels: 3,4,6,9,15,16,20,22,25,30,39,51,60,63,67,71,78,81,82,83,84,85,87,90,91,94
Ground-truth Num of Instances: 1,1,1,1,2,1,2,1,1,1,1,1,1,1,2,1,1,1,1,1,1,2,1,1,2,2
Our Recovered Labels: 3,4,6,9,15,16,20,22,25,30,39,51,60,63,67,71,78,81,82,83,84,85,87,90,91,94 | LeAcc: 1.000
Our Recovered Num of Instances: 1,1,1,1,2,1,2,1,1,1,1,1,1,1,2,1,1,1,1,1,1,2,1,1,2,2 | LnAcc: 1.000 | IRec: 1.000
iDLG Recovered Labels: 3,4,6,9,15,16,20,22,25,30,39,51,60,63,67,71,78,81,82,83,84,85,87,90,91,94 | LeAcc: 1.000
GradInversion Recovered Labels: 3,4,6,9,15,16,20,22,25,30,39,51,60,63,67,71,78,81,82,83,84,85,87,90,91,94 | LeAcc: 1.000
SVD Recovered Labels: 3,4,6,9,15,16,20,22,25,30,39,51,60,63,67,71,78,81,82,83,84,85,87,90,91,94 | LeAcc: 1.000
Start Experiment 20
***************************************************************
Ground-truth Labels: 3,4,5,15,17,19,21,22,26,33,34,35,43,45,53,58,65,69,76,77,79,81,89,90,93,94,98,99
Ground-truth Num of Instances: 1,1,1,1,1,1,1,1,1,2,1,2,1,1,1,2,2,1,1,1,1,1,1,1,1,1,1,1
Our Recovered Labels: 3,4,5,15,17,19,21,22,26,33,34,35,43,45,53,58,65,69,76,77,79,81,89,90,93,94,98,99 | LeAcc: 1.000
Our Recovered Num of Instances: 1,1,1,1,1,1,1,1,1,2,1,2,1,1,1,2,2,1,1,1,1,1,1,1,1,1,1,1 | LnAcc: 1.000 | IRec: 1.000
iDLG Recovered Labels: 3,4,5,15,17,19,21,22,26,33,34,35,43,45,53,58,65,69,76,77,79,81,89,90,93,94,98,99 | LeAcc: 1.000
GradInversion Recovered Labels: 3,4,5,15,17,19,21,22,26,33,34,35,43,45,53,58,65,69,76,77,79,81,89,90,93,94,98,99 | LeAcc: 1.000
SVD Recovered Labels: 3,4,5,15,17,19,21,22,26,33,34,35,43,45,53,58,65,69,76,77,79,81,89,90,93,94,98,99 | LeAcc: 1.000
Start Experiment 21
***************************************************************
Ground-truth Labels: 11,12,16,22,23,26,31,33,34,35,38,39,43,45,47,51,53,55,56,61,63,64,66,70,71,80,81,88,91,95
Ground-truth Num of Instances: 1,1,1,1,1,1,1,1,1,1,1,3,1,1,1,1,1,1,1,1,1,1,1,1,1,1,1,1,1,1
Our Recovered Labels: 11,12,16,22,23,26,31,33,34,35,38,39,43,45,47,51,53,55,56,61,63,64,66,70,71,80,81,88,91,95 | LeAcc: 1.000
Our Recovered Num of Instances: 1,1,1,1,1,1,1,1,1,1,1,3,1,1,1,1,1,1,1,1,1,1,1,1,1,1,1,1,1,1 | LnAcc: 1.000 | IRec: 1.000
iDLG Recovered Labels: 11,12,16,22,23,26,31,33,34,35,38,39,43,45,47,51,53,55,56,61,63,64,66,70,71,80,81,88,91,95 | LeAcc: 1.000
GradInversion Recovered Labels: 11,12,16,22,23,26,31,33,34,35,38,39,43,45,47,51,53,55,56,61,63,64,66,70,71,80,81,88,91,95 | LeAcc: 1.000
SVD Recovered Labels: 11,12,16,22,23,26,31,33,34,35,38,39,43,45,47,51,53,55,56,61,63,64,66,70,71,80,81,88,91,95 | LeAcc: 1.000
Start Experiment 22
***************************************************************
Ground-truth Labels: 2,4,5,6,9,22,24,26,29,33,36,39,40,45,53,55,62,67,70,73,74,77,81,94,97,98
Ground-truth Num of Instances: 1,4,1,1,1,1,1,1,2,1,2,2,1,1,1,1,1,1,1,1,1,1,1,1,1,1
Our Recovered Labels: 2,4,5,6,9,22,24,26,29,33,36,39,40,45,53,55,62,67,70,73,74,77,81,94,97,98 | LeAcc: 1.000
Our Recovered Num of Instances: 1,4,1,1,1,1,1,1,2,1,2,2,1,1,1,1,1,1,1,1,1,1,1,1,1,1 | LnAcc: 1.000 | IRec: 1.000
iDLG Recovered Labels: 2,4,5,6,9,22,24,26,29,33,36,39,40,45,53,55,62,67,70,73,74,77,81,94,97,98 | LeAcc: 1.000
GradInversion Recovered Labels: 2,4,5,6,9,22,24,26,29,33,36,39,40,45,53,55,62,67,70,73,74,77,81,94,97,98 | LeAcc: 1.000
SVD Recovered Labels: 2,4,5,6,9,22,24,26,29,33,36,39,40,45,53,55,62,67,70,73,74,77,81,94,97,98 | LeAcc: 1.000
Start Experiment 23
***************************************************************
Ground-truth Labels: 3,4,5,10,16,19,23,28,36,37,38,42,48,49,58,63,64,65,68,72,77,82,86,94,95,97,99
Ground-truth Num of Instances: 1,1,1,2,1,1,1,1,1,1,1,1,2,2,1,1,1,2,1,1,1,1,1,1,1,1,2
Our Recovered Labels: 3,4,5,10,16,19,23,28,36,37,38,42,48,49,58,63,64,65,68,72,77,82,86,94,95,97,99 | LeAcc: 1.000
Our Recovered Num of Instances: 1,1,1,2,1,1,1,1,1,1,1,1,2,2,1,1,1,2,1,1,1,1,1,1,1,1,2 | LnAcc: 1.000 | IRec: 1.000
iDLG Recovered Labels: 3,4,5,10,16,19,23,28,36,37,38,42,48,49,58,63,64,65,68,72,77,82,86,94,95,97,99 | LeAcc: 1.000
GradInversion Recovered Labels: 3,4,5,10,16,19,23,28,36,37,38,42,48,49,58,63,64,65,68,72,77,82,86,94,95,97,99 | LeAcc: 1.000
SVD Recovered Labels: 3,4,5,10,16,19,23,28,36,37,38,42,48,49,58,63,64,65,68,72,77,82,86,94,95,97,99 | LeAcc: 1.000
Start Experiment 24
***************************************************************
Ground-truth Labels: 13,16,19,22,26,33,37,43,46,47,49,53,57,58,59,61,66,67,70,71,72,75,77,80,85,86,89,97,98
Ground-truth Num of Instances: 1,1,1,1,1,1,1,1,1,1,1,1,1,1,1,1,2,1,1,1,2,1,1,1,1,1,2,1,1
Our Recovered Labels: 13,16,19,22,26,33,37,43,46,47,49,53,57,58,59,61,66,67,70,71,72,75,77,80,85,86,89,97,98 | LeAcc: 1.000
Our Recovered Num of Instances: 1,1,1,1,1,1,1,1,1,1,1,1,1,1,1,1,2,1,1,1,2,1,1,1,1,1,2,1,1 | LnAcc: 1.000 | IRec: 1.000
iDLG Recovered Labels: 13,16,19,22,26,33,37,43,46,47,49,53,57,58,59,61,66,67,70,71,72,75,77,80,85,86,89,97,98 | LeAcc: 1.000
GradInversion Recovered Labels: 13,16,19,22,26,33,37,43,46,47,49,53,57,58,59,61,66,67,70,71,72,75,77,80,85,86,89,97,98 | LeAcc: 1.000
SVD Recovered Labels: 13,16,19,22,26,33,37,43,46,47,49,53,57,58,59,61,66,67,70,71,72,75,77,80,85,86,89,97,98 | LeAcc: 1.000
Start Experiment 25
***************************************************************
Ground-truth Labels: 2,3,9,12,18,20,21,24,31,35,42,43,47,51,55,59,61,62,65,69,71,76,83,92,94,96,99
Ground-truth Num of Instances: 1,2,1,1,1,1,1,1,1,1,1,1,3,1,2,1,1,1,1,1,1,1,1,1,1,1,2
Our Recovered Labels: 2,3,9,12,18,20,21,24,31,35,42,43,47,51,55,59,61,62,65,69,71,76,83,92,94,96,99 | LeAcc: 1.000
Our Recovered Num of Instances: 1,2,1,1,1,1,1,1,1,1,1,1,3,1,2,1,1,1,1,1,1,1,1,1,1,1,2 | LnAcc: 1.000 | IRec: 1.000
iDLG Recovered Labels: 2,3,9,12,18,20,21,24,31,35,42,43,47,51,55,59,61,62,65,69,71,76,83,92,94,96,99 | LeAcc: 1.000
GradInversion Recovered Labels: 2,3,9,12,18,20,21,24,31,35,42,43,47,51,55,59,61,62,65,69,71,76,83,92,94,96,99 | LeAcc: 1.000
SVD Recovered Labels: 2,3,9,12,18,20,21,24,31,35,42,43,47,51,55,59,61,62,65,69,71,76,83,92,94,96,99 | LeAcc: 1.000
Start Experiment 26
***************************************************************
Ground-truth Labels: 2,3,10,11,13,16,17,21,25,27,29,30,33,38,44,54,55,56,57,64,70,71,74,76,77,84,88
Ground-truth Num of Instances: 1,1,1,1,1,1,2,1,1,1,2,1,1,1,2,1,1,1,1,1,1,1,3,1,1,1,1
Our Recovered Labels: 2,3,10,11,13,16,17,21,25,27,29,30,33,38,44,54,55,56,57,64,70,71,74,76,77,84,88 | LeAcc: 1.000
Our Recovered Num of Instances: 1,1,1,1,1,1,2,1,1,1,2,1,1,1,2,1,1,1,1,1,1,1,3,1,1,1,1 | LnAcc: 1.000 | IRec: 1.000
iDLG Recovered Labels: 2,3,10,11,13,16,17,21,25,27,29,30,33,38,44,54,55,56,57,64,70,71,74,76,77,84,88 | LeAcc: 1.000
GradInversion Recovered Labels: 2,3,10,11,13,16,17,21,25,27,29,30,33,38,44,54,55,56,57,64,70,71,74,76,77,84,88 | LeAcc: 1.000
SVD Recovered Labels: 2,3,10,11,13,16,17,21,25,27,29,30,33,38,44,54,55,56,57,64,70,71,74,76,77,84,88 | LeAcc: 1.000
Start Experiment 27
***************************************************************
Ground-truth Labels: 2,8,12,17,18,22,23,35,39,50,51,56,59,60,65,68,71,75,76,80,83,89,91,96,97,98
Ground-truth Num of Instances: 2,1,2,1,2,1,1,1,1,1,1,2,1,1,1,1,1,1,1,1,1,1,2,1,1,2
Our Recovered Labels: 2,8,12,17,18,22,23,35,39,50,51,56,59,60,65,68,71,75,76,80,83,89,91,96,97,98 | LeAcc: 1.000
Our Recovered Num of Instances: 2,1,2,1,2,1,1,1,1,1,1,2,1,1,1,1,1,1,1,1,1,1,2,1,1,2 | LnAcc: 1.000 | IRec: 1.000
iDLG Recovered Labels: 2,8,12,17,18,22,23,35,39,50,51,56,59,60,65,68,71,75,76,80,83,89,91,96,97,98 | LeAcc: 1.000
GradInversion Recovered Labels: 2,8,12,17,18,22,23,35,39,50,51,56,59,60,65,68,71,75,76,80,83,89,91,96,97,98 | LeAcc: 1.000
SVD Recovered Labels: 2,8,12,17,18,22,23,35,39,50,51,56,59,60,65,68,71,75,76,80,83,89,91,96,97,98 | LeAcc: 1.000
Start Experiment 28
***************************************************************
Ground-truth Labels: 3,5,12,19,20,22,29,30,31,32,33,37,41,47,54,56,64,68,70,72,76,77,79,81,85,90,95,97
Ground-truth Num of Instances: 1,1,1,1,1,1,2,2,1,1,1,1,1,2,1,1,1,1,2,1,1,1,1,1,1,1,1,1
Our Recovered Labels: 3,5,12,19,20,22,29,30,31,32,33,37,41,47,54,56,64,68,70,72,76,77,79,81,85,90,95,97 | LeAcc: 1.000
Our Recovered Num of Instances: 1,1,1,1,1,1,2,2,1,1,1,1,1,2,1,1,1,1,2,1,1,1,1,1,1,1,1,1 | LnAcc: 1.000 | IRec: 1.000
iDLG Recovered Labels: 3,5,12,19,20,22,29,30,31,32,33,37,41,47,54,56,64,68,70,72,76,77,79,81,85,90,95,97 | LeAcc: 1.000
GradInversion Recovered Labels: 3,5,12,19,20,22,29,30,31,32,33,37,41,47,54,56,64,68,70,72,76,77,79,81,85,90,95,97 | LeAcc: 1.000
SVD Recovered Labels: 3,5,12,19,20,22,29,30,31,32,33,37,41,47,54,56,64,68,70,72,76,77,79,81,85,90,95,97 | LeAcc: 1.000
Start Experiment 29
***************************************************************
Ground-truth Labels: 4,20,21,23,24,26,31,32,36,40,43,46,47,48,52,54,58,59,61,64,69,77,79,80,83,93,96,98
Ground-truth Num of Instances: 1,1,1,1,1,1,1,1,1,1,2,1,1,1,1,1,1,1,1,2,1,1,1,1,1,1,1,3
Our Recovered Labels: 4,20,21,23,24,26,31,32,36,40,43,46,47,48,52,54,58,59,61,64,69,77,79,80,83,93,96,98 | LeAcc: 1.000
Our Recovered Num of Instances: 1,1,1,1,1,1,1,1,1,1,2,1,1,1,1,1,1,1,1,2,1,1,1,1,1,1,1,3 | LnAcc: 1.000 | IRec: 1.000
iDLG Recovered Labels: 4,20,21,23,24,26,31,32,36,40,43,46,47,48,52,54,58,59,61,64,69,77,79,80,83,93,96,98 | LeAcc: 1.000
GradInversion Recovered Labels: 4,20,21,23,24,26,31,32,36,40,43,46,47,48,52,54,58,59,61,64,69,77,79,80,83,93,96,98 | LeAcc: 1.000
SVD Recovered Labels: 4,20,21,23,24,26,31,32,36,40,43,46,47,48,52,54,58,59,61,64,69,77,79,80,83,93,96,98 | LeAcc: 1.000
Start Experiment 30
***************************************************************
Ground-truth Labels: 0,6,15,20,28,34,47,48,53,54,55,57,59,60,64,66,68,69,70,72,75,81,84,85,86,87,88,90,91,94,96
Ground-truth Num of Instances: 1,1,1,1,1,1,1,1,1,1,1,1,1,1,2,1,1,1,1,1,1,1,1,1,1,1,1,1,1,1,1
Our Recovered Labels: 0,6,15,20,28,34,47,48,53,54,55,57,59,60,64,66,68,69,70,72,75,81,84,85,86,87,88,90,91,94,96 | LeAcc: 1.000
Our Recovered Num of Instances: 1,1,1,1,1,1,1,1,1,1,1,1,1,1,2,1,1,1,1,1,1,1,1,1,1,1,1,1,1,1,1 | LnAcc: 1.000 | IRec: 1.000
iDLG Recovered Labels: 0,6,15,20,28,34,47,48,53,54,55,57,59,60,64,66,68,69,70,72,75,81,84,85,86,87,88,90,91,94,96 | LeAcc: 1.000
GradInversion Recovered Labels: 0,6,15,20,28,34,47,48,53,54,55,57,59,60,64,66,68,69,70,72,75,81,84,85,86,87,88,90,91,94,96 | LeAcc: 1.000
SVD Recovered Labels: 0,6,15,20,28,34,47,48,53,54,55,57,59,60,64,66,68,69,70,72,75,81,84,85,86,87,88,90,91,94,96 | LeAcc: 1.000
Start Experiment 31
***************************************************************
Ground-truth Labels: 0,5,6,8,10,14,19,23,30,31,32,36,39,43,44,47,52,57,58,60,64,70,77,78,82,94,96
Ground-truth Num of Instances: 1,1,1,1,1,1,1,1,1,1,1,1,2,1,1,1,1,1,2,2,1,2,1,1,1,2,1
Our Recovered Labels: 0,5,6,8,10,14,19,23,30,31,32,36,39,43,44,47,52,57,58,60,64,70,77,78,82,94,96 | LeAcc: 1.000
Our Recovered Num of Instances: 1,1,1,1,1,1,1,1,1,1,1,1,2,1,1,1,1,1,2,2,1,2,1,1,1,2,1 | LnAcc: 1.000 | IRec: 1.000
iDLG Recovered Labels: 0,5,6,8,10,14,19,23,30,31,32,36,39,43,44,47,52,57,58,60,64,70,77,78,82,94,96 | LeAcc: 1.000
GradInversion Recovered Labels: 0,5,6,8,10,14,19,23,30,31,32,36,39,43,44,47,52,57,58,60,64,70,77,78,82,94,96 | LeAcc: 1.000
SVD Recovered Labels: 0,5,6,8,10,14,19,23,30,31,32,36,39,43,44,47,52,57,58,60,64,70,77,78,82,94,96 | LeAcc: 1.000
Start Experiment 32
***************************************************************
Ground-truth Labels: 1,4,5,6,9,10,12,17,24,32,33,37,39,43,46,47,56,59,64,72,82,84,85,87,91,94,97,99
Ground-truth Num of Instances: 1,1,2,2,1,1,1,2,1,1,1,1,1,1,1,1,1,1,1,1,1,1,1,1,1,1,2,1
Our Recovered Labels: 1,4,5,6,9,10,12,17,24,32,33,37,39,43,46,47,56,59,64,72,82,84,85,87,91,94,97,99 | LeAcc: 1.000
Our Recovered Num of Instances: 1,1,2,2,1,1,1,2,1,1,1,1,1,1,1,1,1,1,1,1,1,1,1,1,1,1,2,1 | LnAcc: 1.000 | IRec: 1.000
iDLG Recovered Labels: 1,4,5,6,9,10,12,17,24,32,33,37,39,43,46,47,56,59,64,72,82,84,85,87,91,94,97,99 | LeAcc: 1.000
GradInversion Recovered Labels: 1,4,5,6,9,10,12,17,24,32,33,37,39,43,46,47,56,59,64,72,82,84,85,87,91,94,97,99 | LeAcc: 1.000
SVD Recovered Labels: 1,4,5,6,9,10,12,17,24,32,33,37,39,43,46,47,56,59,64,72,82,84,85,87,91,94,97,99 | LeAcc: 1.000
Start Experiment 33
***************************************************************
Ground-truth Labels: 0,1,2,3,15,20,22,25,32,33,36,40,45,48,53,57,59,61,63,65,66,67,69,82,85,86,87,90,96
Ground-truth Num of Instances: 1,1,1,2,2,1,1,1,1,1,1,2,1,1,1,1,1,1,1,1,1,1,1,1,1,1,1,1,1
Our Recovered Labels: 0,1,2,3,15,20,22,25,32,33,36,40,45,48,53,57,59,61,63,65,66,67,69,82,85,86,87,90,96 | LeAcc: 1.000
Our Recovered Num of Instances: 1,1,1,2,2,1,1,1,1,1,1,2,1,1,1,1,1,1,1,1,1,1,1,1,1,1,1,1,1 | LnAcc: 1.000 | IRec: 1.000
iDLG Recovered Labels: 0,1,2,3,15,20,22,25,32,33,36,40,45,48,53,57,59,61,63,65,66,67,69,82,85,86,87,90,96 | LeAcc: 1.000
GradInversion Recovered Labels: 0,1,2,3,15,20,22,25,32,33,36,40,45,48,53,57,59,61,63,65,66,67,69,82,85,86,87,90,96 | LeAcc: 1.000
SVD Recovered Labels: 0,1,2,3,15,20,22,25,32,33,36,40,45,48,53,57,59,61,63,65,66,67,69,82,85,86,87,90,96 | LeAcc: 1.000
Start Experiment 34
***************************************************************
Ground-truth Labels: 1,4,12,30,31,34,37,38,39,42,45,48,53,54,56,57,59,61,62,66,68,69,71,75,83,87,90,95
Ground-truth Num of Instances: 1,1,1,1,1,2,1,2,1,1,1,1,1,1,1,1,2,2,1,1,1,1,1,1,1,1,1,1
Our Recovered Labels: 1,4,12,30,31,34,37,38,39,42,45,48,53,54,56,57,59,61,62,66,68,69,71,75,83,87,90,95 | LeAcc: 1.000
Our Recovered Num of Instances: 1,1,1,1,1,2,1,2,1,1,1,1,1,1,1,1,2,2,1,1,1,1,1,1,1,1,1,1 | LnAcc: 1.000 | IRec: 1.000
iDLG Recovered Labels: 1,4,12,30,31,34,37,38,39,42,45,48,53,54,56,57,59,61,62,66,68,69,71,75,83,87,90,95 | LeAcc: 1.000
GradInversion Recovered Labels: 1,4,12,30,31,34,37,38,39,42,45,48,53,54,56,57,59,61,62,66,68,69,71,75,83,87,90,95 | LeAcc: 1.000
SVD Recovered Labels: 1,4,12,30,31,34,37,38,39,42,45,48,53,54,56,57,59,61,62,66,68,69,71,75,83,87,90,95 | LeAcc: 1.000
Start Experiment 35
***************************************************************
Ground-truth Labels: 0,3,4,17,24,28,30,33,36,40,45,48,49,58,61,65,68,71,72,74,78,84,86,90,94,96,98
Ground-truth Num of Instances: 1,1,1,1,1,1,1,1,1,1,2,2,1,1,1,1,1,1,1,2,2,1,1,2,1,1,1
Our Recovered Labels: 0,3,4,17,24,28,30,33,36,40,45,48,49,58,61,65,68,71,72,74,78,84,86,90,94,96,98 | LeAcc: 1.000
Our Recovered Num of Instances: 1,1,1,1,1,1,1,1,1,1,2,2,1,1,1,1,1,1,1,2,2,1,1,2,1,1,1 | LnAcc: 1.000 | IRec: 1.000
iDLG Recovered Labels: 0,3,4,17,24,28,30,33,36,40,45,48,49,58,61,65,68,71,72,74,78,84,86,90,94,96,98 | LeAcc: 1.000
GradInversion Recovered Labels: 0,3,4,17,24,28,30,33,36,40,45,48,49,58,61,65,68,71,72,74,78,84,86,90,94,96,98 | LeAcc: 1.000
SVD Recovered Labels: 0,3,4,17,24,28,30,33,36,40,45,48,49,58,61,65,68,71,72,74,78,84,86,90,94,96,98 | LeAcc: 1.000
Start Experiment 36
***************************************************************
Ground-truth Labels: 1,3,4,5,8,9,10,14,16,19,21,23,26,36,37,39,48,49,51,53,56,58,73,83,85,95,97,98,99
Ground-truth Num of Instances: 1,1,1,1,1,1,1,1,1,1,1,1,1,2,2,1,1,1,1,1,1,2,1,1,1,1,1,1,1
Our Recovered Labels: 1,3,4,5,8,9,10,14,16,19,21,23,26,36,37,39,48,49,51,53,56,58,73,83,85,95,97,98,99 | LeAcc: 1.000
Our Recovered Num of Instances: 1,1,1,1,1,1,1,1,1,1,1,1,1,2,2,1,1,1,1,1,1,2,1,1,1,1,1,1,1 | LnAcc: 1.000 | IRec: 1.000
iDLG Recovered Labels: 1,3,4,5,8,9,10,14,16,19,21,23,26,36,37,39,48,49,51,53,56,58,73,83,85,95,97,98,99 | LeAcc: 1.000
GradInversion Recovered Labels: 1,3,4,5,8,9,10,14,16,19,21,23,26,36,37,39,48,49,51,53,56,58,73,83,85,95,97,98,99 | LeAcc: 1.000
SVD Recovered Labels: 1,3,4,5,8,9,10,14,16,19,21,23,26,36,37,39,48,49,51,53,56,58,73,83,85,95,97,98,99 | LeAcc: 1.000
Start Experiment 37
***************************************************************
Ground-truth Labels: 0,2,4,8,12,17,25,27,29,30,35,36,41,45,52,53,60,61,72,75,83,85,89,92,94,99
Ground-truth Num of Instances: 2,1,1,1,2,1,1,1,1,2,1,1,1,1,1,1,1,1,1,1,1,1,1,3,2,1
Our Recovered Labels: 0,2,4,8,12,17,25,27,29,30,35,36,41,45,52,53,60,61,72,75,83,85,89,92,94,99 | LeAcc: 1.000
Our Recovered Num of Instances: 2,1,1,1,2,1,1,1,1,2,1,1,1,1,1,1,1,1,1,1,1,1,1,3,2,1 | LnAcc: 1.000 | IRec: 1.000
iDLG Recovered Labels: 0,2,4,8,12,17,25,27,29,30,35,36,41,45,52,53,60,61,72,75,83,85,89,92,94,99 | LeAcc: 1.000
GradInversion Recovered Labels: 0,2,4,8,12,17,25,27,29,30,35,36,41,45,52,53,60,61,72,75,83,85,89,92,94,99 | LeAcc: 1.000
SVD Recovered Labels: 0,2,4,8,12,17,25,27,29,30,35,36,41,45,52,53,60,61,72,75,83,85,89,92,94,99 | LeAcc: 1.000
Start Experiment 38
***************************************************************
Ground-truth Labels: 0,5,7,8,11,18,21,30,33,35,36,38,43,50,58,59,67,69,73,77,79,85,87,88,92,98
Ground-truth Num of Instances: 1,2,1,2,1,1,1,1,1,1,1,2,1,2,1,1,1,1,2,1,2,1,1,1,1,1
Our Recovered Labels: 0,5,7,8,11,18,21,30,33,35,36,38,43,50,58,59,67,69,73,77,79,85,87,88,92,98 | LeAcc: 1.000
Our Recovered Num of Instances: 1,2,1,2,1,1,1,1,1,1,1,2,1,2,1,1,1,1,2,1,2,1,1,1,1,1 | LnAcc: 1.000 | IRec: 1.000
iDLG Recovered Labels: 0,5,7,8,11,18,21,30,33,35,36,38,43,50,58,59,67,69,73,77,79,85,87,88,92,98 | LeAcc: 1.000
GradInversion Recovered Labels: 0,5,7,8,11,18,21,30,33,35,36,38,43,50,58,59,67,69,73,77,79,85,87,88,92,98 | LeAcc: 1.000
SVD Recovered Labels: 0,5,7,8,11,18,21,30,33,35,36,38,43,50,58,59,67,69,73,77,79,85,87,88,92,98 | LeAcc: 1.000
Start Experiment 39
***************************************************************
Ground-truth Labels: 2,8,9,10,22,24,27,28,30,31,34,37,47,49,51,64,69,71,72,75,76,81,85,94,97,99
Ground-truth Num of Instances: 1,1,1,1,1,1,1,1,1,1,2,1,1,1,1,1,1,1,1,2,2,1,2,1,2,2
Our Recovered Labels: 2,8,9,10,22,24,27,28,30,31,34,37,47,49,51,64,69,71,72,75,76,81,85,94,97,99 | LeAcc: 1.000
Our Recovered Num of Instances: 1,1,1,1,1,1,1,1,1,1,2,1,1,1,1,1,1,1,1,2,2,1,2,1,2,2 | LnAcc: 1.000 | IRec: 1.000
iDLG Recovered Labels: 2,8,9,10,22,24,27,28,30,31,34,37,47,49,51,64,69,71,72,75,76,81,85,94,97,99 | LeAcc: 1.000
GradInversion Recovered Labels: 2,8,9,10,22,24,27,28,30,31,34,37,47,49,51,64,69,71,72,75,76,81,85,94,97,99 | LeAcc: 1.000
SVD Recovered Labels: 2,8,9,10,22,24,27,28,30,31,34,37,47,49,51,64,69,71,72,75,76,81,85,94,97,99 | LeAcc: 1.000
Start Experiment 40
***************************************************************
Ground-truth Labels: 0,10,12,17,21,25,28,30,31,35,38,47,52,55,57,62,63,66,73,74,78,79,80,83,85,88,92,97
Ground-truth Num of Instances: 1,1,1,1,2,1,1,1,1,1,1,1,1,1,1,1,1,2,1,1,1,1,1,2,1,2,1,1
Our Recovered Labels: 0,10,12,17,21,25,28,30,31,35,38,47,52,55,57,62,63,66,73,74,78,79,80,83,85,88,92,97 | LeAcc: 1.000
Our Recovered Num of Instances: 1,1,1,1,2,1,1,1,1,1,1,1,1,1,1,1,1,2,1,1,1,1,1,2,1,2,1,1 | LnAcc: 1.000 | IRec: 1.000
iDLG Recovered Labels: 0,10,12,17,21,25,28,30,31,35,38,47,52,55,57,62,63,66,73,74,78,79,80,83,85,88,92,97 | LeAcc: 1.000
GradInversion Recovered Labels: 0,10,12,17,21,25,28,30,31,35,38,47,52,55,57,62,63,66,73,74,78,79,80,83,85,88,92,97 | LeAcc: 1.000
SVD Recovered Labels: 0,10,12,17,21,25,28,30,31,35,38,47,52,55,57,62,63,66,73,74,78,79,80,83,85,88,92,97 | LeAcc: 1.000
Start Experiment 41
***************************************************************
Ground-truth Labels: 1,18,23,30,34,35,41,43,45,47,49,51,55,56,57,60,64,65,72,74,81,82,84,91,93,96,98
Ground-truth Num of Instances: 1,1,1,3,1,1,1,2,1,1,1,1,1,1,1,1,1,1,1,1,2,1,1,1,1,2,1
Our Recovered Labels: 1,18,23,30,34,35,41,43,45,47,49,51,55,56,57,60,64,65,72,74,81,82,84,91,93,96,98 | LeAcc: 1.000
Our Recovered Num of Instances: 1,1,1,3,1,1,1,2,1,1,1,1,1,1,1,1,1,1,1,1,2,1,1,1,1,2,1 | LnAcc: 1.000 | IRec: 1.000
iDLG Recovered Labels: 1,18,23,30,34,35,41,43,45,47,49,51,55,56,57,60,64,65,72,74,81,82,84,91,93,96,98 | LeAcc: 1.000
GradInversion Recovered Labels: 1,18,23,30,34,35,41,43,45,47,49,51,55,56,57,60,64,65,72,74,81,82,84,91,93,96,98 | LeAcc: 1.000
SVD Recovered Labels: 1,18,23,30,34,35,41,43,45,47,49,51,55,56,57,60,64,65,72,74,81,82,84,91,93,96,98 | LeAcc: 1.000
Start Experiment 42
***************************************************************
Ground-truth Labels: 1,4,5,6,8,10,11,13,16,18,19,23,24,25,34,36,38,42,48,49,55,62,64,75,78,81,85,89,94,98
Ground-truth Num of Instances: 1,1,1,1,1,1,1,1,1,1,1,1,1,1,1,1,1,2,1,1,1,1,1,1,1,1,1,1,2,1
Our Recovered Labels: 1,4,5,6,8,10,11,13,16,18,19,23,24,25,34,36,38,42,48,49,55,62,64,75,78,81,85,89,94,98 | LeAcc: 1.000
Our Recovered Num of Instances: 1,1,1,1,1,1,1,1,1,1,1,1,1,1,1,1,1,2,1,1,1,1,1,1,1,1,1,1,2,1 | LnAcc: 1.000 | IRec: 1.000
iDLG Recovered Labels: 1,4,5,6,8,10,11,13,16,18,19,23,24,25,34,36,38,42,48,49,55,62,64,75,78,81,85,89,94,98 | LeAcc: 1.000
GradInversion Recovered Labels: 1,4,5,6,8,10,11,13,16,18,19,23,24,25,34,36,38,42,48,49,55,62,64,75,78,81,85,89,94,98 | LeAcc: 1.000
SVD Recovered Labels: 1,4,5,6,8,10,11,13,16,18,19,23,24,25,34,36,38,42,48,49,55,62,64,75,78,81,85,89,94,98 | LeAcc: 1.000
Start Experiment 43
***************************************************************
Ground-truth Labels: 1,4,6,7,15,17,24,27,29,34,35,42,43,44,48,60,61,62,66,70,72,78,84,85,88,91,92,95,99
Ground-truth Num of Instances: 1,1,1,1,1,1,1,2,1,2,1,2,1,1,1,1,1,1,1,1,1,1,1,1,1,1,1,1,1
Our Recovered Labels: 1,4,6,7,15,17,24,27,29,34,35,42,43,44,48,60,61,62,66,70,72,78,84,85,88,91,92,95,99 | LeAcc: 1.000
Our Recovered Num of Instances: 1,1,1,1,1,1,1,2,1,2,1,2,1,1,1,1,1,1,1,1,1,1,1,1,1,1,1,1,1 | LnAcc: 1.000 | IRec: 1.000
iDLG Recovered Labels: 1,4,6,7,15,17,24,27,29,34,35,42,43,44,48,60,61,62,66,70,72,78,84,85,88,91,92,95,99 | LeAcc: 1.000
GradInversion Recovered Labels: 1,4,6,7,15,17,24,27,29,34,35,42,43,44,48,60,61,62,66,70,72,78,84,85,88,91,92,95,99 | LeAcc: 1.000
SVD Recovered Labels: 1,4,6,7,15,17,24,27,29,34,35,42,43,44,48,60,61,62,66,70,72,78,84,85,88,91,92,95,99 | LeAcc: 1.000
Start Experiment 44
***************************************************************
Ground-truth Labels: 0,4,5,6,15,17,20,21,22,27,29,35,36,37,40,63,65,67,71,72,73,75,76,79,80,81,85,94,97
Ground-truth Num of Instances: 1,1,1,1,1,1,1,1,1,1,1,1,1,1,1,1,2,1,2,1,1,1,1,1,2,1,1,1,1
Our Recovered Labels: 0,4,5,6,15,17,20,21,22,27,29,35,36,37,40,63,65,67,71,72,73,75,76,79,80,81,85,94,97 | LeAcc: 1.000
Our Recovered Num of Instances: 1,1,1,1,1,1,1,1,1,1,1,1,1,1,1,1,2,1,2,1,1,1,1,1,2,1,1,1,1 | LnAcc: 1.000 | IRec: 1.000
iDLG Recovered Labels: 0,4,5,6,15,17,20,21,22,27,29,35,36,37,40,63,65,67,71,72,73,75,76,79,80,81,85,94,97 | LeAcc: 1.000
GradInversion Recovered Labels: 0,4,5,6,15,17,20,21,22,27,29,35,36,37,40,63,65,67,71,72,73,75,76,79,80,81,85,94,97 | LeAcc: 1.000
SVD Recovered Labels: 0,4,5,6,15,17,20,21,22,27,29,35,36,37,40,63,65,67,71,72,73,75,76,79,80,81,85,94,97 | LeAcc: 1.000
Start Experiment 45
***************************************************************
Ground-truth Labels: 0,12,15,20,21,22,23,26,37,38,43,44,46,50,52,55,58,60,66,67,71,80,82,86,90,94,95
Ground-truth Num of Instances: 1,1,3,1,1,2,1,2,2,1,1,1,1,1,1,1,1,1,1,1,1,1,1,1,1,1,1
Our Recovered Labels: 0,12,15,20,21,22,23,26,37,38,43,44,46,50,52,55,58,60,66,67,71,80,82,86,90,94,95 | LeAcc: 1.000
Our Recovered Num of Instances: 1,1,3,1,1,2,1,2,2,1,1,1,1,1,1,1,1,1,1,1,1,1,1,1,1,1,1 | LnAcc: 1.000 | IRec: 1.000
iDLG Recovered Labels: 0,12,15,20,21,22,23,26,37,38,43,44,46,50,52,55,58,60,66,67,71,80,82,86,90,94,95 | LeAcc: 1.000
GradInversion Recovered Labels: 0,12,15,20,21,22,23,26,37,38,43,44,46,50,52,55,58,60,66,67,71,80,82,86,90,94,95 | LeAcc: 1.000
SVD Recovered Labels: 0,12,15,20,21,22,23,26,37,38,43,44,46,50,52,55,58,60,66,67,71,80,82,86,90,94,95 | LeAcc: 1.000
Start Experiment 46
***************************************************************
Ground-truth Labels: 0,6,7,8,9,10,11,13,14,15,18,27,28,30,32,33,36,37,42,48,50,66,72,88,92,93,94
Ground-truth Num of Instances: 1,2,1,1,1,1,2,1,1,1,1,1,1,1,1,1,1,1,1,1,1,1,2,1,1,3,1
Our Recovered Labels: 0,6,7,8,9,10,11,13,14,15,18,27,28,30,32,33,36,37,42,48,50,66,72,88,92,93,94 | LeAcc: 1.000
Our Recovered Num of Instances: 1,2,1,1,1,1,2,1,1,1,1,1,1,1,1,1,1,1,1,1,1,1,2,1,1,3,1 | LnAcc: 1.000 | IRec: 1.000
iDLG Recovered Labels: 0,6,7,8,9,10,11,13,14,15,18,27,28,30,32,33,36,37,42,48,50,66,72,88,92,93,94 | LeAcc: 1.000
GradInversion Recovered Labels: 0,6,7,8,9,10,11,13,14,15,18,27,28,30,32,33,36,37,42,48,50,66,72,88,92,93,94 | LeAcc: 1.000
SVD Recovered Labels: 0,6,7,8,9,10,11,13,14,15,18,27,28,30,32,33,36,37,42,48,50,66,72,88,92,93,94 | LeAcc: 1.000
Start Experiment 47
***************************************************************
Ground-truth Labels: 11,14,20,26,35,40,42,44,46,47,52,54,57,62,66,68,71,72,75,78,81,82,85,88,89
Ground-truth Num of Instances: 1,1,1,1,2,2,2,1,1,1,1,1,1,1,1,2,1,1,1,1,2,1,1,1,3
Our Recovered Labels: 11,14,20,26,35,40,42,44,46,47,52,54,57,62,66,68,71,72,75,78,81,82,85,88,89 | LeAcc: 1.000
Our Recovered Num of Instances: 1,1,1,1,2,2,2,1,1,1,1,1,1,1,1,2,1,1,1,1,2,1,1,1,3 | LnAcc: 1.000 | IRec: 1.000
iDLG Recovered Labels: 11,14,20,26,35,40,42,44,46,47,52,54,57,62,66,68,71,72,75,78,81,82,85,88,89 | LeAcc: 1.000
GradInversion Recovered Labels: 11,14,20,26,35,40,42,44,46,47,52,54,57,62,66,68,71,72,75,78,81,82,85,88,89 | LeAcc: 1.000
SVD Recovered Labels: 11,14,20,26,35,40,42,44,46,47,52,54,57,62,66,68,71,72,75,78,81,82,85,88,89 | LeAcc: 1.000
Start Experiment 48
***************************************************************
Ground-truth Labels: 0,1,4,5,11,14,16,26,28,33,36,38,39,43,56,57,58,62,64,70,78,81,83,85,88,89,90,91,99
Ground-truth Num of Instances: 1,1,1,1,1,1,1,1,1,1,1,1,1,1,1,1,1,1,1,2,1,1,2,1,1,1,1,2,1
Our Recovered Labels: 0,1,4,5,11,14,16,26,28,33,36,38,39,43,56,57,58,62,64,70,78,81,83,85,88,89,90,91,99 | LeAcc: 1.000
Our Recovered Num of Instances: 1,1,1,1,1,1,1,1,1,1,1,1,1,1,1,1,1,1,1,2,1,1,2,1,1,1,1,2,1 | LnAcc: 1.000 | IRec: 1.000
iDLG Recovered Labels: 0,1,4,5,11,14,16,26,28,33,36,38,39,43,56,57,58,62,64,70,78,81,83,85,88,89,90,91,99 | LeAcc: 1.000
GradInversion Recovered Labels: 0,1,4,5,11,14,16,26,28,33,36,38,39,43,56,57,58,62,64,70,78,81,83,85,88,89,90,91,99 | LeAcc: 1.000
SVD Recovered Labels: 0,1,4,5,11,14,16,26,28,33,36,38,39,43,56,57,58,62,64,70,78,81,83,85,88,89,90,91,99 | LeAcc: 1.000
Start Experiment 49
***************************************************************
Ground-truth Labels: 3,6,9,16,19,22,23,24,27,35,36,37,47,48,52,58,64,67,68,70,71,73,75,76,79,90,91,93
Ground-truth Num of Instances: 1,2,1,2,1,1,1,1,1,1,1,1,1,2,1,1,1,2,1,1,1,1,1,1,1,1,1,1
Our Recovered Labels: 3,6,9,16,19,22,23,24,27,35,36,37,47,48,52,58,64,67,68,70,71,73,75,76,79,90,91,93 | LeAcc: 1.000
Our Recovered Num of Instances: 1,2,1,2,1,1,1,1,1,1,1,1,1,2,1,1,1,2,1,1,1,1,1,1,1,1,1,1 | LnAcc: 1.000 | IRec: 1.000
iDLG Recovered Labels: 3,6,9,16,19,22,23,24,27,35,36,37,47,48,52,58,64,67,68,70,71,73,75,76,79,90,91,93 | LeAcc: 1.000
GradInversion Recovered Labels: 3,6,9,16,19,22,23,24,27,35,36,37,47,48,52,58,64,67,68,70,71,73,75,76,79,90,91,93 | LeAcc: 1.000
SVD Recovered Labels: 3,6,9,16,19,22,23,24,27,35,36,37,47,48,52,58,64,67,68,70,71,73,75,76,79,90,91,93 | LeAcc: 1.000
Start Experiment 50
***************************************************************
Ground-truth Labels: 1,6,12,14,15,17,18,20,24,25,35,36,37,38,59,68,70,71,75,78,80,86,88,90,95
Ground-truth Num of Instances: 2,1,1,1,2,1,1,1,4,1,1,1,1,1,1,1,1,2,1,2,1,1,1,1,1
Our Recovered Labels: 1,6,12,14,15,17,18,20,24,25,35,36,37,38,59,68,70,71,75,78,80,86,88,90,95 | LeAcc: 1.000
Our Recovered Num of Instances: 2,1,1,1,2,1,1,1,4,1,1,1,1,1,1,1,1,2,1,2,1,1,1,1,1 | LnAcc: 1.000 | IRec: 1.000
iDLG Recovered Labels: 1,6,12,14,15,17,18,20,24,25,35,36,37,38,59,68,70,71,75,78,80,86,88,90,95 | LeAcc: 1.000
GradInversion Recovered Labels: 1,6,12,14,15,17,18,20,24,25,35,36,37,38,59,68,70,71,75,78,80,86,88,90,95 | LeAcc: 1.000
SVD Recovered Labels: 1,6,12,14,15,17,18,20,24,25,35,36,37,38,59,68,70,71,75,78,80,86,88,90,95 | LeAcc: 1.000
---------------------------------------------------------------
Mean iDLG LeAcc: 1.000 | Mean GI LeAcc: 1.000 | Mean SVD LeAcc: 1.000 | Mean Ours LeAcc: 1.000 | Mean Ours LnAcc: 1.000 | Mean Ours IRec: 1.000
