running experiments at 2022-09-03-19:15:05
	log_dir: exp_res
	cpu: False
	num_tries: 50
	num_images: 64
	seed: 12
	alpha: 1
	simplified: False
	analysis: False
	data_path: data
	dataset: CIFAR100
	split: train
	distribution: random
	start_id: 0
	num_classes: 100
	num_uniform_cls: 32
	model: lenet5
	trained_model: False
	epochs: 10
	batch_size: 128
	optimizer: SGD
	lr: 0.1
	scheduler: linear
	weight_decay: 0.0005
	warmup: False
	valid_interval: 1
	mid_save: False
	model_path: models
	dryrun: False
	batchnorm: False
	dropout: False
	silu: False
	dim: 300
	n_hidden: 1
	defense: False
	defense_method: dp
	noise_std: 0.001
	clip_bound: 4
	sparse_ratio: 10
	prune_ratio: 10
	rec_img: False
	fix_labels: False
	gt_labels: False
	optim: ig
	restarts: 1
	cost_fn: sim
	indices: def
	weights: equal
	rec_lr: None
	rec_optimizer: adam
	signed: False
	boxed: False
	scoring_choice: loss
	init: randn
	tv: 1e-06
	l2: 1e-06
	max_iterations: 8000
	loss_thresh: 0.0001
	save_image: False
	image_path: images
	table_path: tables

Start Experiment 1
***************************************************************
Ground-truth Labels: 1,2,3,5,7,9,10,16,26,27,29,30,35,39,41,42,44,46,49,51,52,54,55,56,57,64,66,71,72,73,76,78,80,82,83,84,85,86,87,88,90,93,94,98,99
Ground-truth Num of Instances: 1,2,4,1,1,3,2,1,1,1,1,1,1,1,2,2,2,1,1,1,1,1,1,1,1,1,1,1,3,1,2,1,1,2,2,2,3,1,1,1,1,1,1,2,1
Our Recovered Labels: 1,2,3,5,7,9,10,16,26,27,29,30,35,39,41,42,44,46,49,51,52,54,55,56,57,64,66,71,72,73,76,78,80,82,83,84,85,86,87,88,90,93,94,98,99 | LeAcc: 1.000
Our Recovered Num of Instances: 1,2,4,1,1,3,2,1,1,1,1,1,1,1,2,2,2,1,1,1,1,1,1,1,1,1,1,1,3,1,2,1,1,2,2,2,3,1,1,1,1,1,1,2,1 | LnAcc: 1.000 | IRec: 1.000
iDLG Recovered Labels: 1,2,3,5,7,9,10,16,26,27,29,30,35,39,41,42,44,49,51,54,56,57,64,66,71,72,73,76,78,82,83,84,85,86,87,90,93,94,98,99 | LeAcc: 0.950
GradInversion Recovered Labels: 1,2,3,5,7,9,10,16,26,27,29,30,35,39,41,42,44,46,49,51,52,54,55,56,57,64,66,71,72,73,76,78,80,82,83,84,85,86,87,88,90,93,94,98,99 | LeAcc: 1.000
SVD Recovered Labels: 1,2,3,5,7,9,10,16,26,27,29,30,35,39,41,42,44,46,49,51,52,54,55,56,57,64,66,71,72,73,76,78,80,82,83,84,85,86,87,88,90,93,94,98,99 | LeAcc: 1.000
Start Experiment 2
***************************************************************
Ground-truth Labels: 2,3,6,8,9,11,12,15,23,24,25,26,28,29,34,41,44,45,47,49,50,52,54,55,56,57,58,61,62,63,64,65,68,70,72,73,74,76,78,79,80,81,84,86,89,92,94,97,98
Ground-truth Num of Instances: 2,2,1,1,1,1,1,1,1,3,1,1,1,3,1,1,2,1,1,1,2,2,1,1,1,2,2,1,1,1,2,1,1,1,1,1,2,1,1,1,1,2,1,1,1,2,1,1,1
Our Recovered Labels: 2,3,6,8,9,11,12,15,23,24,25,26,28,29,34,41,44,45,47,49,50,52,54,55,56,57,58,61,62,63,64,65,68,70,72,73,74,76,78,79,80,81,84,86,89,92,94,97,98 | LeAcc: 1.000
Our Recovered Num of Instances: 2,2,1,1,1,1,1,1,1,3,1,1,1,3,1,1,2,1,1,1,2,2,1,1,1,2,2,1,1,1,2,1,1,1,1,1,2,1,1,1,1,2,1,1,1,2,1,1,1 | LnAcc: 1.000 | IRec: 1.000
iDLG Recovered Labels: 2,3,6,8,9,11,12,15,23,24,26,28,29,34,41,44,45,47,49,50,52,54,55,56,57,58,61,62,63,64,65,68,70,72,74,76,78,80,81,84,86,89,92,94,97,98 | LeAcc: 0.970
GradInversion Recovered Labels: 2,3,6,8,9,11,12,15,23,24,25,26,28,29,34,41,44,45,47,49,50,52,54,55,56,57,58,61,62,63,64,65,68,70,72,73,74,76,78,79,80,81,84,86,89,92,94,97,98 | LeAcc: 1.000
SVD Recovered Labels: 2,3,6,8,9,11,12,15,23,24,25,26,28,29,34,41,44,45,47,49,50,52,54,55,56,57,58,61,62,63,64,65,68,70,72,73,74,76,78,79,80,81,84,86,89,92,94,97,98 | LeAcc: 1.000
Start Experiment 3
***************************************************************
Ground-truth Labels: 1,4,5,7,9,12,13,14,16,18,20,23,25,26,27,28,30,31,32,38,40,42,45,48,53,54,55,56,57,58,60,64,65,66,68,71,73,79,80,81,82,85,86,87,88,89,91,95,96
Ground-truth Num of Instances: 1,1,1,1,2,2,1,1,3,2,1,1,1,1,1,1,1,2,2,1,1,1,2,1,1,1,2,2,3,1,1,2,1,1,1,1,3,1,1,1,1,1,1,1,1,1,1,1,1
Our Recovered Labels: 1,4,5,7,9,12,13,14,16,18,20,23,25,26,27,28,30,31,32,38,40,42,45,48,53,54,55,56,57,58,60,64,65,66,68,71,73,79,80,81,82,85,86,87,88,89,91,95,96 | LeAcc: 1.000
Our Recovered Num of Instances: 1,1,1,1,2,2,1,1,3,2,1,1,1,1,1,1,1,2,2,1,1,1,2,1,1,1,2,2,3,1,1,2,1,1,1,1,3,1,1,1,1,1,1,1,1,1,1,1,1 | LnAcc: 1.000 | IRec: 1.000
iDLG Recovered Labels: 1,5,7,9,12,13,14,16,18,20,23,25,26,27,28,30,31,32,38,40,45,48,53,54,55,56,57,58,64,65,68,71,73,79,80,82,85,86,87,88,89,91,95,96 | LeAcc: 0.950
GradInversion Recovered Labels: 1,4,5,7,9,12,13,14,16,18,20,23,25,26,27,28,30,31,32,38,40,42,45,48,53,54,55,56,57,58,60,64,65,66,68,71,73,79,80,81,82,85,86,87,88,89,91,95,96 | LeAcc: 1.000
SVD Recovered Labels: 1,4,5,7,9,12,13,14,16,18,20,23,25,26,27,28,30,31,32,38,40,42,45,48,53,54,55,56,57,58,60,64,65,66,68,71,73,79,80,81,82,85,86,87,88,89,91,95,96 | LeAcc: 1.000
Start Experiment 4
***************************************************************
Ground-truth Labels: 3,4,5,6,7,8,10,11,12,13,14,15,16,17,18,20,22,23,24,28,31,36,38,41,45,52,53,56,63,65,66,67,69,70,71,72,76,77,78,79,85,87,88,91,92,96,98,99
Ground-truth Num of Instances: 2,2,1,1,1,1,1,1,2,2,2,2,1,1,1,1,1,1,1,2,1,1,1,1,2,1,2,1,1,1,2,1,2,1,1,1,1,1,1,2,1,2,2,3,1,1,1,1
Our Recovered Labels: 3,4,5,6,7,8,10,11,12,13,14,15,16,17,18,20,22,23,24,28,31,36,38,41,45,52,53,56,63,65,66,67,69,70,71,72,76,77,78,79,85,87,88,91,92,96,98,99 | LeAcc: 1.000
Our Recovered Num of Instances: 2,2,1,1,1,1,1,1,2,2,2,2,1,1,1,1,1,1,1,2,1,1,1,1,2,1,2,1,1,1,2,1,2,1,1,1,1,1,1,2,1,2,2,3,1,1,1,1 | LnAcc: 1.000 | IRec: 1.000
iDLG Recovered Labels: 3,4,5,6,7,8,10,11,12,13,14,15,16,17,18,20,23,24,28,31,36,38,41,45,52,53,56,63,66,69,70,71,72,76,77,79,85,87,88,91,92,96,98,99 | LeAcc: 0.960
GradInversion Recovered Labels: 3,4,5,6,7,8,10,11,12,13,14,15,16,17,18,20,22,23,24,28,31,36,38,41,45,52,53,56,63,65,66,67,69,70,71,72,76,77,78,79,85,87,88,91,92,96,98,99 | LeAcc: 1.000
SVD Recovered Labels: 3,4,5,6,7,8,10,11,12,13,14,15,16,17,18,20,22,23,24,28,31,36,38,41,45,52,53,56,63,65,66,67,69,70,71,72,76,77,78,79,85,87,88,91,92,96,98,99 | LeAcc: 1.000
Start Experiment 5
***************************************************************
Ground-truth Labels: 0,1,2,4,10,11,15,16,17,19,22,23,26,29,31,34,36,41,44,46,48,52,56,57,58,60,61,62,65,67,68,70,72,73,74,76,77,79,80,81,83,84,85,86,87,90,91,93,97,98,99
Ground-truth Num of Instances: 1,4,1,1,1,2,1,1,1,1,1,2,1,1,1,1,1,1,1,2,1,1,1,2,1,1,1,1,1,2,2,1,2,1,1,1,1,1,1,1,1,1,2,2,1,1,1,2,1,1,1
Our Recovered Labels: 0,1,2,4,10,11,15,16,17,19,22,23,26,29,31,34,36,41,44,46,48,52,56,57,58,60,61,62,65,67,68,70,72,73,74,76,77,79,80,81,83,84,85,86,87,90,91,93,97,98,99 | LeAcc: 1.000
Our Recovered Num of Instances: 1,4,1,1,1,2,1,1,1,1,1,2,1,1,1,1,1,1,1,2,1,1,1,2,1,1,1,1,1,2,2,1,2,1,1,1,1,1,1,1,1,1,2,2,1,1,1,2,1,1,1 | LnAcc: 1.000 | IRec: 1.000
iDLG Recovered Labels: 0,1,2,10,11,15,16,17,19,22,23,26,29,31,34,36,44,46,48,52,56,57,58,60,61,65,67,68,70,72,73,74,76,77,79,80,81,83,84,85,86,87,90,91,93,97,98,99 | LeAcc: 0.970
GradInversion Recovered Labels: 0,1,2,4,10,11,15,16,17,19,22,23,26,29,31,34,36,41,44,46,48,52,56,57,58,60,61,62,65,67,68,70,72,73,74,76,77,79,80,81,83,84,85,86,87,90,91,93,97,98,99 | LeAcc: 1.000
SVD Recovered Labels: 0,1,2,4,10,11,15,16,17,19,22,23,26,29,31,34,36,41,44,46,48,52,56,57,58,60,61,62,65,67,68,70,72,73,74,76,77,79,80,81,83,84,85,86,87,90,91,93,97,98,99 | LeAcc: 1.000
Start Experiment 6
***************************************************************
Ground-truth Labels: 0,11,12,13,14,15,16,19,23,25,27,30,32,33,34,40,41,44,47,48,49,50,52,54,56,59,62,64,65,66,67,69,70,71,72,73,75,77,78,83,84,86,90,91,92,93,94,95,97,98
Ground-truth Num of Instances: 1,1,2,1,1,3,1,1,1,1,1,1,1,1,2,1,2,1,1,1,2,2,1,1,1,1,1,1,2,1,1,1,1,1,1,1,1,2,1,1,1,1,1,2,1,2,2,1,1,3
Our Recovered Labels: 0,11,12,13,14,15,16,19,23,25,27,30,32,33,34,40,41,44,47,48,49,50,52,54,56,59,62,64,65,66,67,69,70,71,72,73,75,77,78,83,84,86,90,91,92,93,94,95,97,98 | LeAcc: 1.000
Our Recovered Num of Instances: 1,1,2,1,1,3,1,1,1,1,1,1,1,1,2,1,2,1,1,1,2,2,1,1,1,1,1,1,2,1,1,1,1,1,1,1,1,2,1,1,1,1,1,2,1,2,2,1,1,3 | LnAcc: 1.000 | IRec: 1.000
iDLG Recovered Labels: 0,11,12,13,14,15,16,19,23,25,27,30,32,33,34,40,41,44,48,49,50,52,54,56,59,62,64,65,67,69,70,71,72,73,75,77,78,83,84,86,90,91,92,93,94,95,97,98 | LeAcc: 0.980
GradInversion Recovered Labels: 0,11,12,13,14,15,16,19,23,25,27,30,32,33,34,40,41,44,47,48,49,50,52,54,56,59,62,64,65,66,67,69,70,71,72,73,75,77,78,83,84,86,90,91,92,93,94,95,97,98 | LeAcc: 1.000
SVD Recovered Labels: 0,11,12,13,14,15,16,19,23,25,27,30,32,33,34,40,41,44,47,48,49,50,52,54,56,59,62,64,65,66,67,69,70,71,72,73,75,77,78,83,84,86,90,91,92,93,94,95,97,98 | LeAcc: 1.000
Start Experiment 7
***************************************************************
Ground-truth Labels: 0,1,3,4,6,9,10,13,15,16,17,22,25,27,28,29,32,33,34,35,36,37,38,48,50,51,59,60,61,62,63,65,67,69,70,72,73,76,80,81,83,87,89,91,94,97
Ground-truth Num of Instances: 1,3,3,1,1,1,2,1,2,1,1,1,2,1,1,1,1,1,2,1,1,1,1,1,2,1,1,1,2,1,1,2,2,3,2,1,2,2,1,1,1,1,1,1,2,1
Our Recovered Labels: 0,1,3,4,6,9,10,13,15,16,17,22,25,27,28,29,32,33,34,35,36,37,38,48,50,51,59,60,61,62,63,65,67,69,70,72,73,76,80,81,83,87,89,91,94,97 | LeAcc: 1.000
Our Recovered Num of Instances: 1,3,3,1,1,1,2,1,2,1,1,1,2,1,1,1,1,1,2,1,1,1,1,1,2,1,1,1,2,1,1,2,2,3,2,1,2,2,1,1,1,1,1,1,2,1 | LnAcc: 1.000 | IRec: 1.000
iDLG Recovered Labels: 0,1,3,4,6,9,10,13,15,16,17,22,25,28,29,32,33,34,35,36,37,38,48,50,51,60,61,62,63,65,67,69,70,72,73,76,80,81,83,87,89,91,94,97 | LeAcc: 0.980
GradInversion Recovered Labels: 0,1,3,4,6,9,10,13,15,16,17,22,25,27,28,29,32,33,34,35,36,37,38,48,50,51,59,60,61,62,63,65,67,69,70,72,73,76,80,81,83,87,89,91,94,97 | LeAcc: 1.000
SVD Recovered Labels: 0,1,3,4,6,9,10,13,15,16,17,22,25,27,28,29,32,33,34,35,36,37,38,48,50,51,59,60,61,62,63,65,67,69,70,72,73,76,80,81,83,87,89,91,94,97 | LeAcc: 1.000
Start Experiment 8
***************************************************************
Ground-truth Labels: 4,5,7,8,9,11,12,15,17,18,19,21,22,23,26,27,28,29,31,33,36,40,41,43,47,49,50,51,53,56,60,61,68,69,72,73,74,75,79,81,85,86,87,88,90,93,94,98,99
Ground-truth Num of Instances: 1,1,1,1,1,2,3,1,1,1,1,1,1,1,1,1,1,2,1,3,1,1,1,2,1,1,2,1,2,1,1,1,1,1,2,1,1,2,1,1,2,1,1,1,1,1,2,3,1
Our Recovered Labels: 4,5,7,8,9,11,12,15,17,18,19,21,22,23,26,27,28,29,31,33,36,40,41,43,47,49,50,51,53,56,60,61,68,69,72,73,74,75,79,81,85,86,87,88,90,93,94,98,99 | LeAcc: 1.000
Our Recovered Num of Instances: 1,1,1,1,1,2,3,1,1,1,1,1,1,1,1,1,1,2,1,3,1,1,1,2,1,1,2,1,2,1,1,1,1,1,2,1,1,2,1,1,2,1,1,1,1,1,2,3,1 | LnAcc: 1.000 | IRec: 1.000
iDLG Recovered Labels: 4,7,9,11,12,15,17,19,22,23,26,29,31,33,36,40,41,43,47,49,50,51,53,56,60,61,69,72,73,74,75,81,85,86,87,88,93,94,98,99 | LeAcc: 0.910
GradInversion Recovered Labels: 4,5,7,8,9,11,12,15,17,18,19,21,22,23,26,27,28,29,31,33,36,40,41,43,47,49,50,51,53,56,60,61,68,69,72,73,74,75,79,81,85,86,87,88,90,93,94,98,99 | LeAcc: 1.000
SVD Recovered Labels: 4,5,7,8,9,11,12,15,17,18,19,21,22,23,26,27,28,29,31,33,36,40,41,43,47,49,50,51,53,56,60,61,68,69,72,73,74,75,79,81,85,86,87,88,90,93,94,98,99 | LeAcc: 1.000
Start Experiment 9
***************************************************************
Ground-truth Labels: 3,4,7,10,14,17,18,21,23,26,30,32,34,36,38,39,40,43,44,45,46,47,48,49,50,52,53,54,58,59,60,63,64,69,73,74,75,76,77,78,79,87,88,89,90,92,93,96,98,99
Ground-truth Num of Instances: 3,1,1,1,1,2,2,1,1,1,2,1,2,1,1,1,2,1,1,1,1,1,1,1,1,1,1,1,1,2,1,1,1,3,3,2,1,1,1,1,2,1,1,1,1,1,1,1,1,1
Our Recovered Labels: 3,4,7,10,14,17,18,21,23,26,30,32,34,36,38,39,40,43,44,45,46,47,48,49,50,52,53,54,58,59,60,63,64,69,73,74,75,76,77,78,79,87,88,89,90,92,93,96,98,99 | LeAcc: 1.000
Our Recovered Num of Instances: 3,1,1,1,1,2,2,1,1,1,2,1,2,1,1,1,2,1,1,1,1,1,1,1,1,1,1,1,1,2,1,1,1,3,3,2,1,1,1,1,2,1,1,1,1,1,1,1,1,1 | LnAcc: 1.000 | IRec: 1.000
iDLG Recovered Labels: 3,7,10,14,17,18,21,23,26,30,34,36,38,39,40,43,44,46,48,49,52,53,54,58,59,60,64,69,73,74,75,76,77,78,79,87,88,89,90,92,96,98,99 | LeAcc: 0.930
GradInversion Recovered Labels: 3,4,7,10,14,17,18,21,23,26,30,32,34,36,38,39,40,43,44,45,46,47,48,49,50,52,53,54,58,59,60,63,64,69,73,74,75,76,77,78,79,87,88,89,90,92,93,96,98,99 | LeAcc: 1.000
SVD Recovered Labels: 3,4,7,10,14,17,18,21,23,26,30,32,34,36,38,39,40,43,44,45,46,47,48,49,50,52,53,54,58,59,60,63,64,69,73,74,75,76,77,78,79,87,88,89,90,92,93,96,98,99 | LeAcc: 1.000
Start Experiment 10
***************************************************************
Ground-truth Labels: 3,4,5,6,9,15,16,17,19,20,21,22,25,26,30,33,34,35,39,43,45,51,53,58,60,63,65,67,69,71,76,77,78,79,81,82,83,84,85,87,89,90,91,93,94,98,99
Ground-truth Num of Instances: 2,2,1,1,1,3,1,1,1,2,1,2,1,1,1,2,1,2,1,1,1,1,1,2,1,1,2,2,1,1,1,1,1,1,2,1,1,1,2,1,1,2,2,1,3,1,1
Our Recovered Labels: 3,4,5,6,9,15,16,17,19,20,21,22,25,26,30,33,34,35,39,43,45,51,53,58,60,63,65,67,69,71,76,77,78,79,81,82,83,84,85,87,89,90,91,93,94,98,99 | LeAcc: 1.000
Our Recovered Num of Instances: 2,2,1,1,1,3,1,1,1,2,1,2,1,1,1,2,1,2,1,1,1,1,1,2,1,1,2,2,1,1,1,1,1,1,2,1,1,1,2,1,1,2,2,1,3,1,1 | LnAcc: 1.000 | IRec: 1.000
iDLG Recovered Labels: 3,4,5,6,9,15,16,17,19,20,21,22,25,26,30,33,34,35,39,43,45,51,53,58,60,63,65,67,69,71,76,77,78,79,81,82,83,84,85,89,90,91,93,94,98,99 | LeAcc: 0.990
GradInversion Recovered Labels: 3,4,5,6,9,15,16,17,19,20,21,22,25,26,30,33,34,35,39,43,45,51,53,58,60,63,65,67,69,71,76,77,78,79,81,82,83,84,85,87,89,90,91,93,94,98,99 | LeAcc: 1.000
SVD Recovered Labels: 3,4,5,6,9,15,16,17,19,20,21,22,25,26,30,33,34,35,39,43,45,51,53,58,60,63,65,67,69,71,76,77,78,79,81,82,83,84,85,87,89,90,91,93,94,98,99 | LeAcc: 1.000
Start Experiment 11
***************************************************************
Ground-truth Labels: 2,4,5,6,9,11,12,16,22,23,24,26,29,31,33,34,35,36,38,39,40,43,45,47,51,53,55,56,61,62,63,64,66,67,70,71,73,74,77,80,81,88,91,94,95,97,98
Ground-truth Num of Instances: 1,4,1,1,1,1,1,1,2,1,1,2,2,1,2,1,1,2,1,5,1,1,2,1,1,2,2,1,1,1,1,1,1,1,2,1,1,1,1,1,2,1,1,1,1,1,1
Our Recovered Labels: 2,4,5,6,9,11,12,16,22,23,24,26,29,31,33,34,35,36,38,39,40,43,45,47,51,53,55,56,61,62,63,64,66,67,70,71,73,74,77,80,81,88,91,94,95,97,98 | LeAcc: 1.000
Our Recovered Num of Instances: 1,4,1,1,1,1,1,1,2,1,1,2,2,1,2,1,1,2,1,5,1,1,2,1,1,2,2,1,1,1,1,1,1,1,2,1,1,1,1,1,2,1,1,1,1,1,1 | LnAcc: 1.000 | IRec: 1.000
iDLG Recovered Labels: 2,4,5,6,9,11,12,16,22,24,26,29,31,33,34,35,36,38,39,40,43,45,47,51,53,55,56,61,62,63,64,66,70,71,73,74,77,80,81,88,91,94,95,97,98 | LeAcc: 0.980
GradInversion Recovered Labels: 2,4,5,6,9,11,12,16,22,23,24,26,29,31,33,34,35,36,38,39,40,43,45,47,51,53,55,56,61,62,63,64,66,67,70,71,73,74,77,80,81,88,91,94,95,97,98 | LeAcc: 1.000
SVD Recovered Labels: 2,4,5,6,9,11,12,16,22,23,24,26,29,31,33,34,35,36,38,39,40,43,45,47,51,53,55,56,61,62,63,64,66,67,70,71,73,74,77,80,81,88,91,94,95,97,98 | LeAcc: 1.000
Start Experiment 12
***************************************************************
Ground-truth Labels: 3,4,5,10,13,16,19,22,23,26,28,33,36,37,38,42,43,46,47,48,49,53,57,58,59,61,63,64,65,66,67,68,70,71,72,75,77,80,82,85,86,89,94,95,97,98,99
Ground-truth Num of Instances: 1,1,1,2,1,2,2,1,1,1,1,1,1,2,1,1,1,1,1,2,3,1,1,2,1,1,1,1,2,2,1,1,1,1,3,1,2,1,1,1,2,2,1,1,2,1,2
Our Recovered Labels: 3,4,5,10,13,16,19,22,23,26,28,33,36,37,38,42,43,46,47,48,49,53,57,58,59,61,63,64,65,66,67,68,70,71,72,75,77,80,82,85,86,89,94,95,97,98,99 | LeAcc: 1.000
Our Recovered Num of Instances: 1,1,1,2,1,2,2,1,1,1,1,1,1,2,1,1,1,1,1,2,3,1,1,2,1,1,1,1,2,2,1,1,1,1,3,1,2,1,1,1,2,2,1,1,2,1,2 | LnAcc: 1.000 | IRec: 1.000
iDLG Recovered Labels: 3,4,5,10,13,16,19,22,26,28,36,37,38,42,43,46,47,48,49,53,57,58,59,61,64,65,66,68,70,71,72,75,77,80,82,85,86,89,94,95,97,98,99 | LeAcc: 0.960
GradInversion Recovered Labels: 3,4,5,10,13,16,19,22,23,26,28,33,36,37,38,42,43,46,47,48,49,53,57,58,59,61,63,64,65,66,67,68,70,71,72,75,77,80,82,85,86,89,94,95,97,98,99 | LeAcc: 1.000
SVD Recovered Labels: 3,4,5,10,13,16,19,22,23,26,28,33,36,37,38,42,43,46,47,48,49,53,57,58,59,61,63,64,65,66,67,68,70,71,72,75,77,80,82,85,86,89,94,95,97,98,99 | LeAcc: 1.000
Start Experiment 13
***************************************************************
Ground-truth Labels: 2,3,9,10,11,12,13,16,17,18,20,21,24,25,27,29,30,31,33,35,38,42,43,44,47,51,54,55,56,57,59,61,62,64,65,69,70,71,74,76,77,83,84,88,92,94,96,99
Ground-truth Num of Instances: 2,3,1,1,1,1,1,1,2,1,1,2,1,1,1,2,1,1,1,1,1,1,1,2,3,1,1,3,1,1,1,1,1,1,1,1,1,2,3,2,1,1,1,1,1,1,1,2
Our Recovered Labels: 2,3,9,10,11,12,13,16,17,18,20,21,24,25,27,29,30,31,33,35,38,42,43,44,47,51,54,55,56,57,59,61,62,64,65,69,70,71,74,76,77,83,84,88,92,94,96,99 | LeAcc: 1.000
Our Recovered Num of Instances: 2,3,1,1,1,1,1,1,2,1,1,2,1,1,1,2,1,1,1,1,1,1,1,2,3,1,1,3,1,1,1,1,1,1,1,1,1,2,3,2,1,1,1,1,1,1,1,2 | LnAcc: 1.000 | IRec: 1.000
iDLG Recovered Labels: 2,3,9,10,11,12,13,16,17,18,20,21,24,29,30,31,35,38,42,43,44,47,51,54,55,57,59,61,62,64,65,69,70,71,74,76,77,83,92,94,96,99 | LeAcc: 0.940
GradInversion Recovered Labels: 2,3,9,10,11,12,13,16,17,18,20,21,24,25,27,29,30,31,33,35,38,42,43,44,47,51,54,55,56,57,59,61,62,64,65,69,70,71,74,76,77,83,84,88,92,94,96,99 | LeAcc: 1.000
SVD Recovered Labels: 2,3,9,10,11,12,13,16,17,18,20,21,24,25,27,29,30,31,33,35,38,42,43,44,47,51,54,55,56,57,59,61,62,64,65,69,70,71,74,76,77,83,84,88,92,94,96,99 | LeAcc: 1.000
Start Experiment 14
***************************************************************
Ground-truth Labels: 2,3,5,8,12,17,18,19,20,22,23,29,30,31,32,33,35,37,39,41,47,50,51,54,56,59,60,64,65,68,70,71,72,75,76,77,79,80,81,83,85,89,90,91,95,96,97,98
Ground-truth Num of Instances: 2,1,1,1,3,1,2,1,1,2,1,2,2,1,1,1,1,1,1,1,2,1,1,1,3,1,1,1,1,2,2,1,1,1,2,1,1,1,1,1,1,1,1,2,1,1,2,2
Our Recovered Labels: 2,3,5,8,12,17,18,19,20,22,23,29,30,31,32,33,35,37,39,41,47,50,51,54,56,59,60,64,65,68,70,71,72,75,76,77,79,80,81,83,85,89,90,91,95,96,97,98 | LeAcc: 1.000
Our Recovered Num of Instances: 2,1,1,1,3,1,2,1,1,2,1,2,2,1,1,1,1,1,1,1,2,1,1,1,3,1,1,1,1,2,2,1,1,1,2,1,1,1,1,1,1,1,1,2,1,1,2,2 | LnAcc: 1.000 | IRec: 1.000
iDLG Recovered Labels: 2,3,5,8,12,17,18,19,20,22,23,29,30,31,32,37,39,41,47,50,51,54,56,59,60,64,65,68,70,71,72,75,76,77,80,81,83,85,89,90,91,95,96,97,98 | LeAcc: 0.970
GradInversion Recovered Labels: 2,3,5,8,12,17,18,19,20,22,23,29,30,31,32,33,35,37,39,41,47,50,51,54,56,59,60,64,65,68,70,71,72,75,76,77,79,80,81,83,85,89,90,91,95,96,97,98 | LeAcc: 1.000
SVD Recovered Labels: 2,3,5,8,12,17,18,19,20,22,23,29,30,31,32,33,35,37,39,41,47,50,51,54,56,59,60,64,65,68,70,71,72,75,76,77,79,80,81,83,85,89,90,91,95,96,97,98 | LeAcc: 1.000
Start Experiment 15
***************************************************************
Ground-truth Labels: 0,4,6,15,20,21,23,24,26,28,31,32,34,36,40,43,46,47,48,52,53,54,55,57,58,59,60,61,64,66,68,69,70,72,75,77,79,80,81,83,84,85,86,87,88,90,91,93,94,96,98
Ground-truth Num of Instances: 1,1,1,1,2,1,1,1,1,1,1,1,1,1,1,2,1,2,2,1,1,2,1,1,1,2,1,1,4,1,1,2,1,1,1,1,1,1,1,1,1,1,1,1,1,1,1,1,1,2,3
Our Recovered Labels: 0,4,6,15,20,21,23,24,26,28,31,32,34,36,40,43,46,47,48,52,53,54,55,57,58,59,60,61,64,66,68,69,70,72,75,77,79,80,81,83,84,85,86,87,88,90,91,93,94,96,98 | LeAcc: 1.000
Our Recovered Num of Instances: 1,1,1,1,2,1,1,1,1,1,1,1,1,1,1,2,1,2,2,1,1,2,1,1,1,2,1,1,4,1,1,2,1,1,1,1,1,1,1,1,1,1,1,1,1,1,1,1,1,2,3 | LnAcc: 1.000 | IRec: 1.000
iDLG Recovered Labels: 0,6,15,20,21,23,24,26,32,34,36,40,43,46,47,48,52,53,54,55,57,58,59,61,64,66,68,69,70,75,79,80,81,84,85,86,90,91,94,96,98 | LeAcc: 0.900
GradInversion Recovered Labels: 0,4,6,15,20,21,23,24,26,28,31,32,34,36,40,43,46,47,48,52,53,54,55,57,58,59,60,61,64,66,68,69,70,72,75,77,79,80,81,83,84,85,86,87,88,90,91,93,94,96,98 | LeAcc: 1.000
SVD Recovered Labels: 0,4,6,15,20,21,23,24,26,28,31,32,34,36,40,43,46,47,48,52,53,54,55,57,58,59,60,61,64,66,68,69,70,72,75,77,79,80,81,83,84,85,86,87,88,90,91,93,94,96,98 | LeAcc: 1.000
Start Experiment 16
***************************************************************
Ground-truth Labels: 0,1,4,5,6,8,9,10,12,14,17,19,23,24,30,31,32,33,36,37,39,43,44,46,47,52,56,57,58,59,60,64,70,72,77,78,82,84,85,87,91,94,96,97,99
Ground-truth Num of Instances: 1,1,1,3,3,1,1,2,1,1,2,1,1,1,1,1,2,1,1,1,3,2,1,1,2,1,1,1,2,1,2,2,2,1,1,1,2,1,1,1,1,3,1,2,1
Our Recovered Labels: 0,1,4,5,6,8,9,10,12,14,17,19,23,24,30,31,32,33,36,37,39,43,44,46,47,52,56,57,58,59,60,64,70,72,77,78,82,84,85,87,91,94,96,97,99 | LeAcc: 1.000
Our Recovered Num of Instances: 1,1,1,3,3,1,1,2,1,1,2,1,1,1,1,1,2,1,1,1,3,2,1,1,2,1,1,1,2,1,2,2,2,1,1,1,2,1,1,1,1,3,1,2,1 | LnAcc: 1.000 | IRec: 1.000
iDLG Recovered Labels: 0,1,4,5,6,8,9,10,12,14,17,19,23,24,31,32,33,36,37,39,43,44,46,47,52,57,58,60,64,70,72,77,82,84,85,87,94,96,97,99 | LeAcc: 0.950
GradInversion Recovered Labels: 0,1,4,5,6,8,9,10,12,14,17,19,23,24,30,31,32,33,36,37,39,43,44,46,47,52,56,57,58,59,60,64,70,72,77,78,82,84,85,87,91,94,96,97,99 | LeAcc: 1.000
SVD Recovered Labels: 0,1,4,5,6,8,9,10,12,14,17,19,23,24,30,31,32,33,36,37,39,43,44,46,47,52,56,57,58,59,60,64,70,72,77,78,82,84,85,87,91,94,96,97,99 | LeAcc: 1.000
Start Experiment 17
***************************************************************
Ground-truth Labels: 0,1,2,3,4,12,15,20,22,25,30,31,32,33,34,36,37,38,39,40,42,45,48,53,54,56,57,59,61,62,63,65,66,67,68,69,71,75,82,83,85,86,87,90,95,96
Ground-truth Num of Instances: 1,2,1,2,1,1,2,1,1,1,1,1,1,1,2,1,1,2,1,2,1,2,2,2,1,1,2,3,3,1,1,1,2,1,1,2,1,1,1,1,1,1,2,2,1,1
Our Recovered Labels: 0,1,2,3,4,12,15,20,22,25,30,31,32,33,34,36,37,38,39,40,42,45,48,53,54,56,57,59,61,62,63,65,66,67,68,69,71,75,82,83,85,86,87,90,95,96 | LeAcc: 1.000
Our Recovered Num of Instances: 1,2,1,2,1,1,2,1,1,1,1,1,1,1,2,1,1,2,1,2,1,2,2,2,1,1,2,3,3,1,1,1,2,1,1,2,1,1,1,1,1,1,2,2,1,1 | LnAcc: 1.000 | IRec: 1.000
iDLG Recovered Labels: 0,1,2,3,4,12,15,20,22,25,30,31,32,33,34,36,37,38,39,40,42,45,48,53,54,56,57,59,61,62,63,65,66,68,69,71,75,82,83,85,86,87,90,95,96 | LeAcc: 0.990
GradInversion Recovered Labels: 0,1,2,3,4,12,15,20,22,25,30,31,32,33,34,36,37,38,39,40,42,45,48,53,54,56,57,59,61,62,63,65,66,67,68,69,71,75,82,83,85,86,87,90,95,96 | LeAcc: 1.000
SVD Recovered Labels: 0,1,2,3,4,12,15,20,22,25,30,31,32,33,34,36,37,38,39,40,42,45,48,53,54,56,57,59,61,62,63,65,66,67,68,69,71,75,82,83,85,86,87,90,95,96 | LeAcc: 1.000
Start Experiment 18
***************************************************************
Ground-truth Labels: 0,1,3,4,5,8,9,10,14,16,17,19,21,23,24,26,28,30,33,36,37,39,40,45,48,49,51,53,56,58,61,65,68,71,72,73,74,78,83,84,85,86,90,94,95,96,97,98,99
Ground-truth Num of Instances: 1,1,2,2,1,1,1,1,1,1,1,1,1,1,1,1,1,1,1,3,2,1,1,2,3,2,1,1,1,3,1,1,1,1,1,1,2,2,1,1,1,1,2,1,1,1,1,2,1
Our Recovered Labels: 0,1,3,4,5,8,9,10,14,16,17,19,21,23,24,26,28,30,33,36,37,39,40,45,48,49,51,53,56,58,61,65,68,71,72,73,74,78,83,84,85,86,90,94,95,96,97,98,99 | LeAcc: 1.000
Our Recovered Num of Instances: 1,1,2,2,1,1,1,1,1,1,1,1,1,1,1,1,1,1,1,3,2,1,1,2,3,2,1,1,1,3,1,1,1,1,1,1,2,2,1,1,1,1,2,1,1,1,1,2,1 | LnAcc: 1.000 | IRec: 1.000
iDLG Recovered Labels: 0,1,3,4,5,8,9,14,16,17,19,21,23,24,26,28,36,37,39,40,45,48,49,51,53,56,58,61,65,68,71,72,74,78,83,84,85,86,90,94,95,97,98,99 | LeAcc: 0.950
GradInversion Recovered Labels: 0,1,3,4,5,8,9,10,14,16,17,19,21,23,24,26,28,30,33,36,37,39,40,45,48,49,51,53,56,58,61,65,68,71,72,73,74,78,83,84,85,86,90,94,95,96,97,98,99 | LeAcc: 1.000
SVD Recovered Labels: 0,1,3,4,5,8,9,10,14,16,17,19,21,23,24,26,28,30,33,36,37,39,40,45,48,49,51,53,56,58,61,65,68,71,72,73,74,78,83,84,85,86,90,94,95,96,97,98,99 | LeAcc: 1.000
Start Experiment 19
***************************************************************
Ground-truth Labels: 0,2,4,5,7,8,11,12,17,18,21,25,27,29,30,33,35,36,38,41,43,45,50,52,53,58,59,60,61,67,69,72,73,75,77,79,83,85,87,88,89,92,94,98,99
Ground-truth Num of Instances: 3,1,1,2,1,3,1,2,1,1,1,1,1,1,3,1,2,2,2,1,1,1,2,1,1,1,1,1,1,1,1,1,2,1,1,2,1,2,1,1,1,4,2,1,1
Our Recovered Labels: 0,2,4,5,7,8,11,12,17,18,21,25,27,29,30,33,35,36,38,41,43,45,50,52,53,58,59,60,61,67,69,72,73,75,77,79,83,85,87,88,89,92,94,98,99 | LeAcc: 1.000
Our Recovered Num of Instances: 3,1,1,2,1,3,1,2,1,1,1,1,1,1,3,1,2,2,2,1,1,1,2,1,1,1,1,1,1,1,1,1,2,1,1,2,1,2,1,1,1,4,2,1,1 | LnAcc: 1.000 | IRec: 1.000
iDLG Recovered Labels: 0,2,4,5,7,8,11,12,17,18,21,25,29,30,35,36,38,41,43,45,50,53,58,59,61,69,72,73,75,79,83,85,87,89,92,94,98,99 | LeAcc: 0.930
GradInversion Recovered Labels: 0,2,4,5,7,8,11,12,17,18,21,25,27,29,30,33,35,36,38,41,43,45,50,52,53,58,59,60,61,67,69,72,73,75,77,79,83,85,87,88,89,92,94,98,99 | LeAcc: 1.000
SVD Recovered Labels: 0,2,4,5,7,8,11,12,17,18,21,25,27,29,30,33,35,36,38,41,43,45,50,52,53,58,59,60,61,67,69,72,73,75,77,79,83,85,87,88,89,92,94,98,99 | LeAcc: 1.000
Start Experiment 20
***************************************************************
Ground-truth Labels: 0,2,8,9,10,12,17,21,22,24,25,27,28,30,31,34,35,37,38,47,49,51,52,55,57,62,63,64,66,69,71,72,73,74,75,76,78,79,80,81,83,85,88,92,94,97,99
Ground-truth Num of Instances: 1,1,1,1,2,1,1,2,1,1,1,1,2,2,2,2,1,1,1,2,1,1,1,1,1,1,1,1,2,1,1,1,1,1,2,2,1,1,1,1,2,3,2,1,1,3,2
Our Recovered Labels: 0,2,8,9,10,12,17,21,22,24,25,27,28,30,31,34,35,37,38,47,49,51,52,55,57,62,63,64,66,69,71,72,73,74,75,76,78,79,80,81,83,85,88,92,94,97,99 | LeAcc: 1.000
Our Recovered Num of Instances: 1,1,1,1,2,1,1,2,1,1,1,1,2,2,2,2,1,1,1,2,1,1,1,1,1,1,1,1,2,1,1,1,1,1,2,2,1,1,1,1,2,3,2,1,1,3,2 | LnAcc: 1.000 | IRec: 1.000
iDLG Recovered Labels: 0,2,8,9,10,12,17,21,22,24,25,28,30,31,34,35,37,38,47,49,51,52,55,57,62,63,64,66,69,72,74,75,76,78,79,80,81,83,85,88,92,94,97,99 | LeAcc: 0.970
GradInversion Recovered Labels: 0,2,8,9,10,12,17,21,22,24,25,27,28,30,31,34,35,37,38,47,49,51,52,55,57,62,63,64,66,69,71,72,73,74,75,76,78,79,80,81,83,85,88,92,94,97,99 | LeAcc: 1.000
SVD Recovered Labels: 0,2,8,9,10,12,17,21,22,24,25,27,28,30,31,34,35,37,38,47,49,51,52,55,57,62,63,64,66,69,71,72,73,74,75,76,78,79,80,81,83,85,88,92,94,97,99 | LeAcc: 1.000
Start Experiment 21
***************************************************************
Ground-truth Labels: 1,4,5,6,8,10,11,13,16,18,19,23,24,25,30,34,35,36,38,41,42,43,45,47,48,49,51,55,56,57,60,62,64,65,72,74,75,78,81,82,84,85,89,91,93,94,96,98
Ground-truth Num of Instances: 2,1,1,1,1,1,1,1,1,2,1,2,1,1,3,2,1,1,1,1,2,2,1,1,1,2,1,2,1,1,1,1,2,1,1,1,1,1,3,1,1,1,1,1,1,2,2,2
Our Recovered Labels: 1,4,5,6,8,10,11,13,16,18,19,23,24,25,30,34,35,36,38,41,42,43,45,47,48,49,51,55,56,57,60,62,64,65,72,74,75,78,81,82,84,85,89,91,93,94,96,98 | LeAcc: 1.000
Our Recovered Num of Instances: 2,1,1,1,1,1,1,1,1,2,1,2,1,1,3,2,1,1,1,1,2,2,1,1,1,2,1,2,1,1,1,1,2,1,1,1,1,1,3,1,1,1,1,1,1,2,2,2 | LnAcc: 1.000 | IRec: 1.000
iDLG Recovered Labels: 1,4,5,6,8,10,11,13,16,18,19,23,24,25,30,34,35,36,38,41,42,43,47,48,49,51,55,57,60,62,64,65,72,74,75,78,81,82,84,85,89,91,94,96,98 | LeAcc: 0.970
GradInversion Recovered Labels: 1,4,5,6,8,10,11,13,16,18,19,23,24,25,30,34,35,36,38,41,42,43,45,47,48,49,51,55,56,57,60,62,64,65,72,74,75,78,81,82,84,85,89,91,93,94,96,98 | LeAcc: 1.000
SVD Recovered Labels: 1,4,5,6,8,10,11,13,16,18,19,23,24,25,30,34,35,36,38,41,42,43,45,47,48,49,51,55,56,57,60,62,64,65,72,74,75,78,81,82,84,85,89,91,93,94,96,98 | LeAcc: 1.000
Start Experiment 22
***************************************************************
Ground-truth Labels: 0,1,4,5,6,7,15,17,20,21,22,24,27,29,34,35,36,37,40,42,43,44,48,60,61,62,63,65,66,67,70,71,72,73,75,76,78,79,80,81,84,85,88,91,92,94,95,97,99
Ground-truth Num of Instances: 1,1,2,1,2,1,2,2,1,1,1,1,3,2,2,2,1,1,1,2,1,1,1,1,1,1,1,2,1,1,1,2,2,1,1,1,1,1,2,1,1,2,1,1,1,1,1,1,1
Our Recovered Labels: 0,1,4,5,6,7,15,17,20,21,22,24,27,29,34,35,36,37,40,42,43,44,48,60,61,62,63,65,66,67,70,71,72,73,75,76,78,79,80,81,84,85,88,91,92,94,95,97,99 | LeAcc: 1.000
Our Recovered Num of Instances: 1,1,2,1,2,1,2,2,1,1,1,1,3,2,2,2,1,1,1,2,1,1,1,1,1,1,1,2,1,1,1,2,2,1,1,1,1,1,2,1,1,2,1,1,1,1,1,1,1 | LnAcc: 1.000 | IRec: 1.000
iDLG Recovered Labels: 0,1,4,5,6,7,15,17,20,22,24,27,29,34,35,36,37,40,42,43,44,48,60,62,65,66,70,71,72,75,76,78,80,81,85,88,91,92,94,95,97 | LeAcc: 0.920
GradInversion Recovered Labels: 0,1,4,5,6,7,15,17,20,21,22,24,27,29,34,35,36,37,40,42,43,44,48,60,61,62,63,65,66,67,70,71,72,73,75,76,78,79,80,81,84,85,88,91,92,94,95,97,99 | LeAcc: 1.000
SVD Recovered Labels: 0,1,4,5,6,7,15,17,20,21,22,24,27,29,34,35,36,37,40,42,43,44,48,60,61,62,63,65,66,67,70,71,72,73,75,76,78,79,80,81,84,85,88,91,92,94,95,97,99 | LeAcc: 1.000
Start Experiment 23
***************************************************************
Ground-truth Labels: 0,6,7,8,9,10,11,12,13,14,15,18,20,21,22,23,26,27,28,30,32,33,36,37,38,42,43,44,46,48,50,52,55,58,60,66,67,71,72,80,82,86,88,90,92,93,94,95
Ground-truth Num of Instances: 2,2,1,1,1,1,2,1,1,1,4,1,1,1,2,1,2,1,1,1,1,1,1,3,1,1,1,1,1,1,2,1,1,1,1,2,1,1,2,1,1,1,1,1,1,3,2,1
Our Recovered Labels: 0,6,7,8,9,10,11,12,13,14,15,18,20,21,22,23,26,27,28,30,32,33,36,37,38,42,43,44,46,48,50,52,55,58,60,66,67,71,72,80,82,86,88,90,92,93,94,95 | LeAcc: 1.000
Our Recovered Num of Instances: 2,2,1,1,1,1,2,1,1,1,4,1,1,1,2,1,2,1,1,1,1,1,1,3,1,1,1,1,1,1,2,1,1,1,1,2,1,1,2,1,1,1,1,1,1,3,2,1 | LnAcc: 1.000 | IRec: 1.000
iDLG Recovered Labels: 0,6,7,8,9,10,11,12,13,14,15,18,20,21,22,26,27,28,30,32,33,36,37,38,42,43,44,46,50,52,55,66,71,72,80,82,86,90,92,93,94,95 | LeAcc: 0.940
GradInversion Recovered Labels: 0,6,7,8,9,10,11,12,13,14,15,18,20,21,22,23,26,27,28,30,32,33,36,37,38,42,43,44,46,48,50,52,55,58,60,66,67,71,72,80,82,86,88,90,92,93,94,95 | LeAcc: 1.000
SVD Recovered Labels: 0,6,7,8,9,10,11,12,13,14,15,18,20,21,22,23,26,27,28,30,32,33,36,37,38,42,43,44,46,48,50,52,55,58,60,66,67,71,72,80,82,86,88,90,92,93,94,95 | LeAcc: 1.000
Start Experiment 24
***************************************************************
Ground-truth Labels: 0,1,4,5,11,14,16,20,26,28,33,35,36,38,39,40,42,43,44,46,47,52,54,56,57,58,62,64,66,68,70,71,72,75,78,81,82,83,85,88,89,90,91,99
Ground-truth Num of Instances: 1,1,1,1,2,2,1,1,2,1,1,2,1,1,1,2,2,1,1,1,1,1,1,1,2,1,2,1,1,2,2,1,1,1,2,3,1,2,2,2,4,1,2,1
Our Recovered Labels: 0,1,4,5,11,14,16,20,26,28,33,35,36,38,39,40,42,43,44,46,47,52,54,56,57,58,62,64,66,68,70,71,72,75,78,81,82,83,85,88,89,90,91,99 | LeAcc: 1.000
Our Recovered Num of Instances: 1,1,1,1,2,2,1,1,2,1,1,2,1,1,1,2,2,1,1,1,1,1,1,1,2,1,2,1,1,2,2,1,1,1,2,3,1,2,2,2,4,1,2,1 | LnAcc: 1.000 | IRec: 1.000
iDLG Recovered Labels: 0,1,4,5,11,14,16,20,26,28,35,36,38,40,42,44,46,47,52,54,56,57,58,62,64,66,68,70,71,72,75,78,81,82,83,85,88,89,90,91,99 | LeAcc: 0.970
GradInversion Recovered Labels: 0,1,4,5,11,14,16,20,26,28,33,35,36,38,39,40,42,43,44,46,47,52,54,56,57,58,62,64,66,68,70,71,72,75,78,81,82,83,85,88,89,90,91,99 | LeAcc: 1.000
SVD Recovered Labels: 0,1,4,5,11,14,16,20,26,28,33,35,36,38,39,40,42,43,44,46,47,52,54,56,57,58,62,64,66,68,70,71,72,75,78,81,82,83,85,88,89,90,91,99 | LeAcc: 1.000
Start Experiment 25
***************************************************************
Ground-truth Labels: 1,3,6,9,12,14,15,16,17,18,19,20,22,23,24,25,27,35,36,37,38,47,48,52,58,59,64,67,68,70,71,73,75,76,78,79,80,86,88,90,91,93,95
Ground-truth Num of Instances: 2,1,3,1,1,1,2,2,1,1,1,1,1,1,5,1,1,2,2,2,1,1,2,1,1,1,1,2,2,2,3,1,2,1,2,1,1,1,1,2,1,1,1
Our Recovered Labels: 1,3,6,9,12,14,15,16,17,18,19,20,22,23,24,25,27,35,36,37,38,47,48,52,58,59,64,67,68,70,71,73,75,76,78,79,80,86,88,90,91,93,95 | LeAcc: 1.000
Our Recovered Num of Instances: 2,1,3,1,1,1,2,2,1,1,1,1,1,1,5,1,1,2,2,2,1,1,2,1,1,1,1,2,2,2,3,1,2,1,2,1,1,1,1,2,1,1,1 | LnAcc: 1.000 | IRec: 1.000
iDLG Recovered Labels: 1,3,6,9,12,14,15,16,17,19,20,22,23,24,25,27,35,36,37,38,48,52,58,59,64,67,68,70,71,73,75,76,78,79,86,88,90,91,95 | LeAcc: 0.960
GradInversion Recovered Labels: 1,3,6,9,12,14,15,16,17,18,19,20,22,23,24,25,27,35,36,37,38,47,48,52,58,59,64,67,68,70,71,73,75,76,78,79,80,86,88,90,91,93,95 | LeAcc: 1.000
SVD Recovered Labels: 1,3,6,9,12,14,15,16,17,18,19,20,22,23,24,25,27,35,36,37,38,47,48,52,58,59,64,67,68,70,71,73,75,76,78,79,80,86,88,90,91,93,95 | LeAcc: 1.000
Start Experiment 26
***************************************************************
Ground-truth Labels: 0,1,2,5,6,7,9,14,15,17,18,20,22,23,26,27,30,37,41,45,48,49,50,53,56,57,58,59,60,61,62,68,69,71,76,78,79,81,82,87,89,90,93,95,96,97,99
Ground-truth Num of Instances: 1,2,1,1,1,1,1,2,1,1,1,1,1,2,1,1,3,1,2,1,1,3,1,2,1,1,1,2,3,1,1,1,2,2,1,1,1,2,1,1,1,1,1,1,2,1,2
Our Recovered Labels: 0,1,2,5,6,7,9,14,15,17,18,20,22,23,26,27,30,37,41,45,48,49,50,53,56,57,58,59,60,61,62,68,69,71,76,78,79,81,82,87,89,90,93,95,96,97,99 | LeAcc: 1.000
Our Recovered Num of Instances: 1,2,1,1,1,1,1,2,1,1,1,1,1,2,1,1,3,1,2,1,1,3,1,2,1,1,1,2,3,1,1,1,2,2,1,1,1,2,1,1,1,1,1,1,2,1,2 | LnAcc: 1.000 | IRec: 1.000
iDLG Recovered Labels: 0,1,2,5,6,7,9,14,15,17,18,20,22,23,26,27,30,37,41,45,48,49,50,53,56,57,58,59,60,61,62,68,69,71,76,78,79,81,82,87,89,96,97,99 | LeAcc: 0.970
GradInversion Recovered Labels: 0,1,2,5,6,7,9,14,15,17,18,20,22,23,26,27,30,37,41,45,48,49,50,53,56,57,58,59,60,61,62,68,69,71,76,78,79,81,82,87,89,90,93,95,96,97,99 | LeAcc: 1.000
SVD Recovered Labels: 0,1,2,5,6,7,9,14,15,17,18,20,22,23,26,27,30,37,41,45,48,49,50,53,56,57,58,59,60,61,62,68,69,71,76,78,79,81,82,87,89,90,93,95,96,97,99 | LeAcc: 1.000
Start Experiment 27
***************************************************************
Ground-truth Labels: 0,1,9,18,19,22,24,25,26,28,29,30,32,33,34,39,44,46,47,48,50,51,54,59,60,62,63,64,66,69,70,75,78,80,81,84,85,87,88,90,92,93,95,97,98
Ground-truth Num of Instances: 2,1,1,1,2,1,1,2,1,2,1,2,2,1,2,1,2,1,2,2,2,1,1,2,3,2,2,1,1,1,1,1,1,1,1,2,2,1,1,2,1,1,1,1,1
Our Recovered Labels: 0,1,9,18,19,22,24,25,26,28,29,30,32,33,34,39,44,46,47,48,50,51,54,59,60,62,63,64,66,69,70,75,78,80,81,84,85,87,88,90,92,93,95,97,98 | LeAcc: 1.000
Our Recovered Num of Instances: 2,1,1,1,2,1,1,2,1,2,1,2,2,1,2,1,2,1,2,2,2,1,1,2,3,2,2,1,1,1,1,1,1,1,1,2,2,1,1,2,1,1,1,1,1 | LnAcc: 1.000 | IRec: 1.000
iDLG Recovered Labels: 0,9,18,19,22,24,25,26,28,30,32,33,34,39,44,46,47,48,50,51,54,59,60,62,63,64,69,70,75,78,80,81,84,85,87,90,92,93,97,98 | LeAcc: 0.950
GradInversion Recovered Labels: 0,1,9,18,19,22,24,25,26,28,29,30,32,33,34,39,44,46,47,48,50,51,54,59,60,62,63,64,66,69,70,75,78,80,81,84,85,87,88,90,92,93,95,97,98 | LeAcc: 1.000
SVD Recovered Labels: 0,1,9,18,19,22,24,25,26,28,29,30,32,33,34,39,44,46,47,48,50,51,54,59,60,62,63,64,66,69,70,75,78,80,81,84,85,87,88,90,92,93,95,97,98 | LeAcc: 1.000
Start Experiment 28
***************************************************************
Ground-truth Labels: 0,5,8,10,12,13,15,19,21,22,27,29,32,34,35,37,38,39,40,42,43,44,45,46,47,50,53,57,61,64,70,71,72,75,77,78,79,81,83,88,93,94,98
Ground-truth Num of Instances: 1,1,2,2,3,1,3,1,2,2,3,1,1,2,2,1,2,1,1,1,1,1,1,1,1,1,1,3,3,1,1,1,2,1,1,1,1,2,1,1,1,3,1
Our Recovered Labels: 0,5,8,10,12,13,15,19,21,22,27,29,32,34,35,37,38,39,40,42,43,44,45,46,47,50,53,57,61,64,70,71,72,75,77,78,79,81,83,88,93,94,98 | LeAcc: 1.000
Our Recovered Num of Instances: 1,1,2,2,3,1,3,1,2,2,3,1,1,2,2,1,2,1,1,1,1,1,1,1,1,1,1,3,3,1,1,1,2,1,1,1,1,2,1,1,1,3,1 | LnAcc: 1.000 | IRec: 1.000
iDLG Recovered Labels: 0,5,8,10,12,13,15,19,21,22,27,29,32,34,35,37,38,39,40,43,44,45,46,47,50,53,57,61,64,70,71,72,75,77,78,81,83,94,98 | LeAcc: 0.960
GradInversion Recovered Labels: 0,5,8,10,12,13,15,19,21,22,27,29,32,34,35,37,38,39,40,42,43,44,45,46,47,50,53,57,61,64,70,71,72,75,77,78,79,81,83,88,93,94,98 | LeAcc: 1.000
SVD Recovered Labels: 0,5,8,10,12,13,15,19,21,22,27,29,32,34,35,37,38,39,40,42,43,44,45,46,47,50,53,57,61,64,70,71,72,75,77,78,79,81,83,88,93,94,98 | LeAcc: 1.000
Start Experiment 29
***************************************************************
Ground-truth Labels: 1,2,4,5,6,7,8,9,11,16,18,19,22,23,28,34,35,37,39,41,43,44,50,51,52,55,56,57,58,62,63,64,68,69,72,74,79,81,83,84,85,88,91,94,96,99
Ground-truth Num of Instances: 1,2,1,1,2,1,1,1,1,2,1,1,1,1,2,2,1,2,1,2,1,1,1,2,1,1,2,1,2,2,2,1,1,3,2,1,1,1,1,1,2,1,2,1,2,1
Our Recovered Labels: 1,2,4,5,6,7,8,9,11,16,18,19,22,23,28,34,35,37,39,41,43,44,50,51,52,55,56,57,58,62,63,64,68,69,72,74,79,81,83,84,85,88,91,94,96,99 | LeAcc: 1.000
Our Recovered Num of Instances: 1,2,1,1,2,1,1,1,1,2,1,1,1,1,2,2,1,2,1,2,1,1,1,2,1,1,2,1,2,2,2,1,1,3,2,1,1,1,1,1,2,1,2,1,2,1 | LnAcc: 1.000 | IRec: 1.000
iDLG Recovered Labels: 1,2,4,5,6,7,8,9,11,16,19,22,23,28,34,35,37,39,41,43,44,51,52,56,58,62,63,64,69,72,74,79,81,83,84,85,88,91,94,96 | LeAcc: 0.940
GradInversion Recovered Labels: 1,2,4,5,6,7,8,9,11,16,18,19,22,23,28,34,35,37,39,41,43,44,50,51,52,55,56,57,58,62,63,64,68,69,72,74,79,81,83,84,85,88,91,94,96,99 | LeAcc: 1.000
SVD Recovered Labels: 1,2,4,5,6,7,8,9,11,16,18,19,22,23,28,34,35,37,39,41,43,44,50,51,52,55,56,57,58,62,63,64,68,69,72,74,79,81,83,84,85,88,91,94,96,99 | LeAcc: 1.000
Start Experiment 30
***************************************************************
Ground-truth Labels: 0,2,5,6,9,10,11,12,13,14,16,17,18,19,20,21,22,23,28,33,34,36,37,39,42,43,44,45,49,50,53,55,56,58,61,63,65,66,68,72,73,75,77,78,82,87,89,90,94,97,99
Ground-truth Num of Instances: 2,2,2,1,1,1,1,1,1,1,2,1,1,1,1,2,2,1,1,1,1,1,1,1,1,2,1,1,1,1,1,1,1,1,1,1,2,2,1,1,1,1,2,2,1,2,1,1,2,1,1
Our Recovered Labels: 0,2,5,6,9,10,11,12,13,14,16,17,18,19,20,21,22,23,28,33,34,36,37,39,42,43,44,45,49,50,53,55,56,58,61,63,65,66,68,72,73,75,77,78,82,87,89,90,94,97,99 | LeAcc: 1.000
Our Recovered Num of Instances: 2,2,2,1,1,1,1,1,1,1,2,1,1,1,1,2,2,1,1,1,1,1,1,1,1,2,1,1,1,1,1,1,1,1,1,1,2,2,1,1,1,1,2,2,1,2,1,1,2,1,1 | LnAcc: 1.000 | IRec: 1.000
iDLG Recovered Labels: 0,2,5,6,9,10,11,12,13,14,16,17,18,19,20,21,22,23,28,34,36,37,39,42,43,44,45,49,50,53,55,56,58,61,63,65,66,68,73,75,77,78,82,87,89,90,94,97 | LeAcc: 0.970
GradInversion Recovered Labels: 0,2,5,6,9,10,11,12,13,14,16,17,18,19,20,21,22,23,28,33,34,36,37,39,42,43,44,45,49,50,53,55,56,58,61,63,65,66,68,72,73,75,77,78,82,87,89,90,94,97,99 | LeAcc: 1.000
SVD Recovered Labels: 0,2,5,6,9,10,11,12,13,14,16,17,18,19,20,21,22,23,28,33,34,36,37,39,42,43,44,45,49,50,53,55,56,58,61,63,65,66,68,72,73,75,77,78,82,87,89,90,94,97,99 | LeAcc: 1.000
Start Experiment 31
***************************************************************
Ground-truth Labels: 4,6,9,10,11,16,17,19,20,21,24,26,30,31,32,34,36,37,41,43,45,48,49,51,55,56,59,62,64,65,66,68,72,75,76,80,81,84,86,92,93,97
Ground-truth Num of Instances: 2,1,1,1,2,1,1,3,1,3,2,2,2,1,1,1,1,2,1,1,1,2,1,2,2,2,1,2,1,1,1,1,1,1,1,1,2,2,2,2,1,4
Our Recovered Labels: 4,6,9,10,11,16,17,19,20,21,24,26,30,31,32,34,36,37,41,43,45,48,49,51,55,56,59,62,64,65,66,68,72,75,76,80,81,84,86,92,93,97 | LeAcc: 1.000
Our Recovered Num of Instances: 2,1,1,1,2,1,1,3,1,3,2,2,2,1,1,1,1,2,1,1,1,2,1,2,2,2,1,2,1,1,1,1,1,1,1,1,2,2,2,2,1,4 | LnAcc: 1.000 | IRec: 1.000
iDLG Recovered Labels: 4,6,9,10,11,16,17,19,20,21,24,26,30,31,32,34,36,37,41,45,48,51,55,56,59,62,64,66,68,72,75,76,80,81,84,86,92,97 | LeAcc: 0.960
GradInversion Recovered Labels: 4,6,9,10,11,16,17,19,20,21,24,26,30,31,32,34,36,37,41,43,45,48,49,51,55,56,59,62,64,65,66,68,72,75,76,80,81,84,86,92,93,97 | LeAcc: 1.000
SVD Recovered Labels: 4,6,9,10,11,16,17,19,20,21,24,26,30,31,32,34,36,37,41,43,45,48,49,51,55,56,59,62,64,65,66,68,72,75,76,80,81,84,86,92,93,97 | LeAcc: 1.000
Start Experiment 32
***************************************************************
Ground-truth Labels: 0,1,4,5,7,8,9,12,13,16,17,18,28,29,30,38,39,40,41,42,43,44,45,47,48,49,51,54,57,58,60,69,72,76,77,78,79,82,87,88,89,90,91,93,95,99
Ground-truth Num of Instances: 1,1,1,1,1,1,3,1,1,1,1,2,1,1,2,1,2,1,1,1,2,1,3,2,1,1,3,2,3,1,1,1,1,1,1,1,2,1,1,3,1,1,2,1,1,1
Our Recovered Labels: 0,1,4,5,7,8,9,12,13,16,17,18,28,29,30,38,39,40,41,42,43,44,45,47,48,49,51,54,57,58,60,69,72,76,77,78,79,82,87,88,89,90,91,93,95,99 | LeAcc: 1.000
Our Recovered Num of Instances: 1,1,1,1,1,1,3,1,1,1,1,2,1,1,2,1,2,1,1,1,2,1,3,2,1,1,3,2,3,1,1,1,1,1,1,1,2,1,1,3,1,1,2,1,1,1 | LnAcc: 1.000 | IRec: 1.000
iDLG Recovered Labels: 0,4,5,7,9,12,13,16,17,18,28,29,30,38,39,40,41,42,43,44,45,47,48,49,51,54,57,58,60,69,72,77,78,79,82,88,89,90,91,95,99 | LeAcc: 0.950
GradInversion Recovered Labels: 0,1,4,5,7,8,9,12,13,16,17,18,28,29,30,38,39,40,41,42,43,44,45,47,48,49,51,54,57,58,60,69,72,76,77,78,79,82,87,88,89,90,91,93,95,99 | LeAcc: 1.000
SVD Recovered Labels: 0,1,4,5,7,8,9,12,13,16,17,18,28,29,30,38,39,40,41,42,43,44,45,47,48,49,51,54,57,58,60,69,72,76,77,78,79,82,87,88,89,90,91,93,95,99 | LeAcc: 1.000
Start Experiment 33
***************************************************************
Ground-truth Labels: 1,2,3,6,7,11,18,19,20,21,23,24,27,28,32,33,36,39,40,41,44,46,49,51,54,57,60,61,63,64,67,68,69,76,77,79,84,85,90,91,92,93,94,95,98,99
Ground-truth Num of Instances: 1,1,2,2,3,2,1,1,1,1,2,1,1,1,2,2,1,1,1,1,1,2,2,1,1,1,3,1,2,2,1,1,1,1,1,1,1,2,1,3,1,1,1,1,2,1
Our Recovered Labels: 1,2,3,6,7,11,18,19,20,21,23,24,27,28,32,33,36,39,40,41,44,46,49,51,54,57,60,61,63,64,67,68,69,76,77,79,84,85,90,91,92,93,94,95,98,99 | LeAcc: 1.000
Our Recovered Num of Instances: 1,1,2,2,3,2,1,1,1,1,2,1,1,1,2,2,1,1,1,1,1,2,2,1,1,1,3,1,2,2,1,1,1,1,1,1,1,2,1,3,1,1,1,1,2,1 | LnAcc: 1.000 | IRec: 1.000
iDLG Recovered Labels: 1,2,3,6,7,11,19,21,23,24,28,32,33,36,39,40,41,44,46,49,51,54,57,60,61,63,64,68,69,76,77,84,85,90,91,92,93,94,95,98,99 | LeAcc: 0.950
GradInversion Recovered Labels: 1,2,3,6,7,11,18,19,20,21,23,24,27,28,32,33,36,39,40,41,44,46,49,51,54,57,60,61,63,64,67,68,69,76,77,79,84,85,90,91,92,93,94,95,98,99 | LeAcc: 1.000
SVD Recovered Labels: 1,2,3,6,7,11,18,19,20,21,23,24,27,28,32,33,36,39,40,41,44,46,49,51,54,57,60,61,63,64,67,68,69,76,77,79,84,85,90,91,92,93,94,95,98,99 | LeAcc: 1.000
Start Experiment 34
***************************************************************
Ground-truth Labels: 0,2,3,8,12,15,16,17,19,20,22,24,26,28,30,34,35,36,37,38,44,47,48,50,55,56,57,58,59,63,65,66,67,70,71,73,74,76,78,79,84,85,88,92,95,96,97
Ground-truth Num of Instances: 2,1,2,1,1,2,1,2,1,1,1,1,1,1,1,1,1,1,2,1,1,1,1,2,2,2,2,3,2,2,1,1,2,1,1,1,1,1,3,1,1,2,1,1,1,1,1
Our Recovered Labels: 0,2,3,8,12,15,16,17,19,20,22,24,26,28,30,34,35,36,37,38,44,47,48,50,55,56,57,58,59,63,65,66,67,70,71,73,74,76,78,79,84,85,88,92,95,96,97 | LeAcc: 1.000
Our Recovered Num of Instances: 2,1,2,1,1,2,1,2,1,1,1,1,1,1,1,1,1,1,2,1,1,1,1,2,2,2,2,3,2,2,1,1,2,1,1,1,1,1,3,1,1,2,1,1,1,1,1 | LnAcc: 1.000 | IRec: 1.000
iDLG Recovered Labels: 0,2,3,8,12,15,16,17,19,20,22,24,26,28,30,34,35,36,37,47,48,50,55,56,57,58,59,63,65,66,67,70,71,74,78,79,84,85,88,92,95,96,97 | LeAcc: 0.960
GradInversion Recovered Labels: 0,2,3,8,12,15,16,17,19,20,22,24,26,28,30,34,35,36,37,38,44,47,48,50,55,56,57,58,59,63,65,66,67,70,71,73,74,76,78,79,84,85,88,92,95,96,97 | LeAcc: 1.000
SVD Recovered Labels: 0,2,3,8,12,15,16,17,19,20,22,24,26,28,30,34,35,36,37,38,44,47,48,50,55,56,57,58,59,63,65,66,67,70,71,73,74,76,78,79,84,85,88,92,95,96,97 | LeAcc: 1.000
Start Experiment 35
***************************************************************
Ground-truth Labels: 0,1,4,9,14,15,16,17,19,20,21,24,25,31,33,36,37,38,39,40,41,42,43,44,45,46,51,57,58,60,61,63,64,65,69,70,71,72,76,79,80,81,86,87,89,90,93,94,95,99
Ground-truth Num of Instances: 1,1,2,1,1,1,1,3,1,1,3,1,3,2,1,1,1,1,2,2,1,1,1,1,1,1,1,1,1,1,1,1,1,1,1,1,1,1,1,3,1,2,1,1,1,1,1,1,1,2
Our Recovered Labels: 0,1,4,9,14,15,16,17,19,20,21,24,25,31,33,36,37,38,39,40,41,42,43,44,45,46,51,57,58,60,61,63,64,65,69,70,71,72,76,79,80,81,86,87,89,90,93,94,95,99 | LeAcc: 1.000
Our Recovered Num of Instances: 1,1,2,1,1,1,1,3,1,1,3,1,3,2,1,1,1,1,2,2,1,1,1,1,1,1,1,1,1,1,1,1,1,1,1,1,1,1,1,3,1,2,1,1,1,1,1,1,1,2 | LnAcc: 1.000 | IRec: 1.000
iDLG Recovered Labels: 0,1,4,9,14,15,16,17,19,20,21,24,25,31,33,36,37,39,40,41,44,45,46,51,57,58,60,61,63,64,65,69,70,71,76,79,80,81,86,87,89,90,93,99 | LeAcc: 0.940
GradInversion Recovered Labels: 0,1,4,9,14,15,16,17,19,20,21,24,25,31,33,36,37,38,39,40,41,42,43,44,45,46,51,57,58,60,61,63,64,65,69,70,71,72,76,79,80,81,86,87,89,90,93,94,95,99 | LeAcc: 1.000
SVD Recovered Labels: 0,1,4,9,14,15,16,17,19,20,21,24,25,31,33,36,37,38,39,40,41,42,43,44,45,46,51,57,58,60,61,63,64,65,69,70,71,72,76,79,80,81,86,87,89,90,93,94,95,99 | LeAcc: 1.000
Start Experiment 36
***************************************************************
Ground-truth Labels: 2,3,4,5,10,13,14,15,16,17,19,24,28,31,32,33,35,36,37,39,41,45,46,47,49,51,53,55,58,59,60,67,68,70,71,72,74,76,78,81,83,84,86,88,92,95,97,99
Ground-truth Num of Instances: 1,1,3,1,1,1,1,1,1,1,1,2,2,1,2,1,2,2,1,1,1,1,1,1,2,1,1,1,1,1,1,1,1,1,2,1,3,1,1,2,1,1,1,1,3,1,1,3
Our Recovered Labels: 2,3,4,5,10,13,14,15,16,17,19,24,28,31,32,33,35,36,37,39,41,45,46,47,49,51,53,55,58,59,60,67,68,70,71,72,74,76,78,81,83,84,86,88,92,95,97,99 | LeAcc: 1.000
Our Recovered Num of Instances: 1,1,3,1,1,1,1,1,1,1,1,2,2,1,2,1,2,2,1,1,1,1,1,1,2,1,1,1,1,1,1,1,1,1,2,1,3,1,1,2,1,1,1,1,3,1,1,3 | LnAcc: 1.000 | IRec: 1.000
iDLG Recovered Labels: 2,3,4,5,13,14,15,16,17,19,24,28,31,32,35,36,37,39,41,45,46,47,49,51,53,55,58,59,68,70,71,72,74,78,81,83,84,86,88,92,95,97,99 | LeAcc: 0.950
GradInversion Recovered Labels: 2,3,4,5,10,13,14,15,16,17,19,24,28,31,32,33,35,36,37,39,41,45,46,47,49,51,53,55,58,59,60,67,68,70,71,72,74,76,78,81,83,84,86,88,92,95,97,99 | LeAcc: 1.000
SVD Recovered Labels: 2,3,4,5,10,13,14,15,16,17,19,24,28,31,32,33,35,36,37,39,41,45,46,47,49,51,53,55,58,59,60,67,68,70,71,72,74,76,78,81,83,84,86,88,92,95,97,99 | LeAcc: 1.000
Start Experiment 37
***************************************************************
Ground-truth Labels: 2,3,7,9,10,12,13,14,16,17,19,21,25,26,27,29,33,34,37,41,45,46,51,53,54,55,57,59,60,62,63,65,68,71,73,75,78,79,80,82,83,85,86,88,90,91,92,93,95
Ground-truth Num of Instances: 1,1,1,1,1,1,1,2,1,2,1,2,2,1,1,1,1,1,2,2,1,2,1,2,2,1,1,1,1,2,1,1,1,2,1,1,1,1,2,2,2,1,1,1,2,1,1,1,1
Our Recovered Labels: 2,3,7,9,10,12,13,14,16,17,19,21,25,26,27,29,33,34,37,41,45,46,51,53,54,55,57,59,60,62,63,65,68,71,73,75,78,79,80,82,83,85,86,88,90,91,92,93,95 | LeAcc: 1.000
Our Recovered Num of Instances: 1,1,1,1,1,1,1,2,1,2,1,2,2,1,1,1,1,1,2,2,1,2,1,2,2,1,1,1,1,2,1,1,1,2,1,1,1,1,2,2,2,1,1,1,2,1,1,1,1 | LnAcc: 1.000 | IRec: 1.000
iDLG Recovered Labels: 2,7,9,12,13,14,16,17,19,21,25,26,27,29,34,37,41,45,46,51,53,54,55,57,59,60,62,65,68,71,75,78,80,82,83,85,86,88,90,91,92,95 | LeAcc: 0.930
GradInversion Recovered Labels: 2,3,7,9,10,12,13,14,16,17,19,21,25,26,27,29,33,34,37,41,45,46,51,53,54,55,57,59,60,62,63,65,68,71,73,75,78,79,80,82,83,85,86,88,90,91,92,93,95 | LeAcc: 1.000
SVD Recovered Labels: 2,3,7,9,10,12,13,14,16,17,19,21,25,26,27,29,33,34,37,41,45,46,51,53,54,55,57,59,60,62,63,65,68,71,73,75,78,79,80,82,83,85,86,88,90,91,92,93,95 | LeAcc: 1.000
Start Experiment 38
***************************************************************
Ground-truth Labels: 2,3,5,6,7,8,9,11,17,18,19,20,23,24,28,32,36,43,47,48,49,51,52,59,60,61,65,66,67,68,71,72,74,81,82,84,85,86,87,90,91,93,94,95,98
Ground-truth Num of Instances: 1,3,1,2,1,1,1,1,1,2,1,1,1,4,1,2,1,1,2,3,1,1,3,1,1,1,1,1,1,1,1,1,3,1,1,1,1,2,2,2,1,1,1,1,2
Our Recovered Labels: 2,3,5,6,7,8,9,11,17,18,19,20,23,24,28,32,36,43,47,48,49,51,52,59,60,61,65,66,67,68,71,72,74,81,82,84,85,86,87,90,91,93,94,95,98 | LeAcc: 1.000
Our Recovered Num of Instances: 1,3,1,2,1,1,1,1,1,2,1,1,1,4,1,2,1,1,2,3,1,1,3,1,1,1,1,1,1,1,1,1,3,1,1,1,1,2,2,2,1,1,1,1,2 | LnAcc: 1.000 | IRec: 1.000
iDLG Recovered Labels: 3,5,6,7,8,9,11,17,18,20,24,32,36,43,47,48,51,52,59,60,61,65,66,68,74,81,82,84,85,86,87,90,91,93,94,95,98 | LeAcc: 0.920
GradInversion Recovered Labels: 2,3,5,6,7,8,9,11,17,18,19,20,23,24,28,32,36,43,47,48,49,51,52,59,60,61,65,66,67,68,71,72,74,81,82,84,85,86,87,90,91,93,94,95,98 | LeAcc: 1.000
SVD Recovered Labels: 2,3,5,6,7,8,9,11,17,18,19,20,23,24,28,32,36,43,47,48,49,51,52,59,60,61,65,66,67,68,71,72,74,81,82,84,85,86,87,90,91,93,94,95,98 | LeAcc: 1.000
Start Experiment 39
***************************************************************
Ground-truth Labels: 0,3,4,5,6,7,9,12,15,17,18,20,21,28,29,30,31,32,34,37,39,40,42,43,45,49,50,51,56,57,58,60,63,66,69,72,73,76,77,80,82,85,86,87,95,98
Ground-truth Num of Instances: 2,1,1,2,3,1,1,1,1,2,1,2,1,2,1,1,1,1,2,1,2,2,1,2,1,2,1,1,1,1,2,1,2,1,1,1,1,2,1,1,1,4,1,1,1,1
Our Recovered Labels: 0,3,4,5,6,7,9,12,15,17,18,20,21,28,29,30,31,32,34,37,39,40,42,43,45,49,50,51,56,57,58,60,63,66,69,72,73,76,77,80,82,85,86,87,95,98 | LeAcc: 1.000
Our Recovered Num of Instances: 2,1,1,2,3,1,1,1,1,2,1,2,1,2,1,1,1,1,2,1,2,2,1,2,1,2,1,1,1,1,2,1,2,1,1,1,1,2,1,1,1,4,1,1,1,1 | LnAcc: 1.000 | IRec: 1.000
iDLG Recovered Labels: 0,3,4,5,6,7,9,12,15,17,18,20,21,28,29,30,31,32,34,37,39,40,42,43,49,50,51,56,57,58,63,69,73,76,77,80,82,85,86,95,98 | LeAcc: 0.950
GradInversion Recovered Labels: 0,3,4,5,6,7,9,12,15,17,18,20,21,28,29,30,31,32,34,37,39,40,42,43,45,49,50,51,56,57,58,60,63,66,69,72,73,76,77,80,82,85,86,87,95,98 | LeAcc: 1.000
SVD Recovered Labels: 0,3,4,5,6,7,9,12,15,17,18,20,21,28,29,30,31,32,34,37,39,40,42,43,45,49,50,51,56,57,58,60,63,66,69,72,73,76,77,80,82,85,86,87,95,98 | LeAcc: 1.000
Start Experiment 40
***************************************************************
Ground-truth Labels: 1,2,5,8,12,14,15,17,18,19,20,21,22,25,27,29,30,31,38,41,42,43,46,47,49,50,51,53,54,58,60,62,63,64,65,66,67,68,69,71,72,73,75,77,79,83,84,86,87,90,91,92,93,95,96,97,98
Ground-truth Num of Instances: 1,1,1,2,1,1,1,1,1,1,2,1,1,1,1,1,1,1,1,1,1,1,1,1,1,1,1,1,1,1,1,1,2,1,1,1,1,1,2,1,1,2,1,1,1,1,2,1,2,1,1,1,1,1,1,1,1
Our Recovered Labels: 1,2,5,8,12,14,15,17,18,19,20,21,22,25,27,29,30,31,38,41,42,43,46,47,49,50,51,53,54,58,60,62,63,64,65,66,67,68,69,71,72,73,75,77,79,83,84,86,87,90,91,92,93,95,96,97,98 | LeAcc: 1.000
Our Recovered Num of Instances: 1,1,1,2,1,1,1,1,1,1,2,1,1,1,1,1,1,1,1,1,1,1,1,1,1,1,1,1,1,1,1,1,2,1,1,1,1,1,2,1,1,2,1,1,1,1,2,1,2,1,1,1,1,1,1,1,1 | LnAcc: 1.000 | IRec: 1.000
iDLG Recovered Labels: 1,2,5,8,12,14,15,17,19,20,21,22,25,29,30,31,38,41,42,43,46,47,49,51,53,54,58,60,62,63,65,66,68,69,71,72,73,75,77,79,83,84,86,87,90,92,93,95,96,97,98 | LeAcc: 0.940
GradInversion Recovered Labels: 1,2,5,8,12,14,15,17,18,19,20,21,22,25,27,29,30,31,38,41,42,43,46,47,49,50,51,53,54,58,60,62,63,64,65,66,67,68,69,71,72,73,75,77,79,83,84,86,87,90,91,92,93,95,96,97,98 | LeAcc: 1.000
SVD Recovered Labels: 1,2,5,8,12,14,15,17,18,19,20,21,22,25,27,29,30,31,38,41,42,43,46,47,49,50,51,53,54,58,60,62,63,64,65,66,67,68,69,71,72,73,75,77,79,83,84,86,87,90,91,92,93,95,96,97,98 | LeAcc: 1.000
Start Experiment 41
***************************************************************
Ground-truth Labels: 0,1,2,3,6,11,12,14,15,16,19,20,21,22,24,25,26,27,29,30,31,33,34,35,38,41,43,45,48,50,51,52,54,63,65,66,69,71,72,75,76,78,80,82,87,88,93,95,96
Ground-truth Num of Instances: 2,2,2,1,1,2,1,1,1,1,1,1,1,1,1,1,1,1,3,1,2,1,1,2,1,1,1,1,1,3,1,2,1,1,1,1,1,1,2,1,1,2,1,1,1,1,1,2,2
Our Recovered Labels: 0,1,2,3,6,11,12,14,15,16,19,20,21,22,24,25,26,27,29,30,31,33,34,35,38,41,43,45,48,50,51,52,54,63,65,66,69,71,72,75,76,78,80,82,87,88,93,95,96 | LeAcc: 1.000
Our Recovered Num of Instances: 2,2,2,1,1,2,1,1,1,1,1,1,1,1,1,1,1,1,3,1,2,1,1,2,1,1,1,1,1,3,1,2,1,1,1,1,1,1,2,1,1,2,1,1,1,1,1,2,2 | LnAcc: 1.000 | IRec: 1.000
iDLG Recovered Labels: 0,1,2,6,11,12,14,15,16,19,20,21,22,24,25,26,29,30,31,34,35,38,41,43,45,48,50,51,52,54,65,66,69,72,75,76,78,82,87,88,95,96 | LeAcc: 0.930
GradInversion Recovered Labels: 0,1,2,3,6,11,12,14,15,16,19,20,21,22,24,25,26,27,29,30,31,33,34,35,38,41,43,45,48,50,51,52,54,63,65,66,69,71,72,75,76,78,80,82,87,88,93,95,96 | LeAcc: 1.000
SVD Recovered Labels: 0,1,2,3,6,11,12,14,15,16,19,20,21,22,24,25,26,27,29,30,31,33,34,35,38,41,43,45,48,50,51,52,54,63,65,66,69,71,72,75,76,78,80,82,87,88,93,95,96 | LeAcc: 1.000
Start Experiment 42
***************************************************************
Ground-truth Labels: 0,2,3,4,5,10,11,13,14,21,24,26,28,30,33,39,41,43,51,52,55,57,59,63,65,66,72,73,76,78,79,80,82,83,85,86,88,92,98,99
Ground-truth Num of Instances: 3,2,4,2,1,1,1,1,3,1,1,1,1,1,1,2,2,1,1,2,1,1,2,1,1,1,1,2,2,2,2,1,1,1,3,2,3,2,1,2
Our Recovered Labels: 0,2,3,4,5,10,11,13,14,21,24,26,28,30,33,39,41,43,51,52,55,57,59,63,65,66,72,73,76,78,79,80,82,83,85,86,88,92,98,99 | LeAcc: 1.000
Our Recovered Num of Instances: 3,2,4,2,1,1,1,1,3,1,1,1,1,1,1,2,2,1,1,2,1,1,2,1,1,1,1,2,2,2,2,1,1,1,3,2,3,2,1,2 | LnAcc: 1.000 | IRec: 1.000
iDLG Recovered Labels: 0,2,3,4,5,10,13,14,21,24,26,28,30,33,39,41,43,51,52,55,57,59,72,73,76,78,79,82,83,85,86,88,92,98,99 | LeAcc: 0.950
GradInversion Recovered Labels: 0,2,3,4,5,10,11,13,14,21,24,26,28,30,33,39,41,43,51,52,55,57,59,63,65,66,72,73,76,78,79,80,82,83,85,86,88,92,98,99 | LeAcc: 1.000
SVD Recovered Labels: 0,2,3,4,5,10,11,13,14,21,24,26,28,30,33,39,41,43,51,52,55,57,59,63,65,66,72,73,76,78,79,80,82,83,85,86,88,92,98,99 | LeAcc: 1.000
Start Experiment 43
***************************************************************
Ground-truth Labels: 0,3,4,5,6,7,8,10,11,13,14,15,17,18,25,26,27,28,31,35,38,40,41,42,44,45,46,47,54,55,57,59,60,62,63,64,69,70,80,82,85,86,88,90,92,93,94,99
Ground-truth Num of Instances: 1,1,1,1,1,1,1,2,2,1,2,2,2,1,2,2,2,2,1,2,1,1,1,1,1,1,3,1,1,1,1,1,1,1,1,1,2,2,1,2,1,2,1,1,1,1,1,1
Our Recovered Labels: 0,3,4,5,6,7,8,10,11,13,14,15,17,18,25,26,27,28,31,35,38,40,41,42,44,45,46,47,54,55,57,59,60,62,63,64,69,70,80,82,85,86,88,90,92,93,94,99 | LeAcc: 1.000
Our Recovered Num of Instances: 1,1,1,1,1,1,1,2,2,1,2,2,2,1,2,2,2,2,1,2,1,1,1,1,1,1,3,1,1,1,1,1,1,1,1,1,2,2,1,2,1,2,1,1,1,1,1,1 | LnAcc: 1.000 | IRec: 1.000
iDLG Recovered Labels: 0,3,4,5,6,7,8,10,11,13,14,15,17,18,25,26,27,28,35,38,40,41,42,44,45,46,47,54,55,57,59,60,62,63,64,69,70,80,82,85,86,90,92,94,99 | LeAcc: 0.970
GradInversion Recovered Labels: 0,3,4,5,6,7,8,10,11,13,14,15,17,18,25,26,27,28,31,35,38,40,41,42,44,45,46,47,54,55,57,59,60,62,63,64,69,70,80,82,85,86,88,90,92,93,94,99 | LeAcc: 1.000
SVD Recovered Labels: 0,3,4,5,6,7,8,10,11,13,14,15,17,18,25,26,27,28,31,35,38,40,41,42,44,45,46,47,54,55,57,59,60,62,63,64,69,70,80,82,85,86,88,90,92,93,94,99 | LeAcc: 1.000
Start Experiment 44
***************************************************************
Ground-truth Labels: 0,2,3,4,5,7,8,13,14,16,21,22,25,26,32,33,34,37,44,45,46,48,49,50,51,54,60,61,62,64,65,67,69,75,77,80,85,87,88,91,92,93,96,97,98
Ground-truth Num of Instances: 1,3,1,1,1,1,2,4,1,1,1,1,1,2,1,1,1,1,1,2,1,1,3,2,1,2,1,1,1,1,1,2,1,1,1,1,1,1,2,1,3,3,1,2,1
Our Recovered Labels: 0,2,3,4,5,7,8,13,14,16,21,22,25,26,32,33,34,37,44,45,46,48,49,50,51,54,60,61,62,64,65,67,69,75,77,80,85,87,88,91,92,93,96,97,98 | LeAcc: 1.000
Our Recovered Num of Instances: 1,3,1,1,1,1,2,4,1,1,1,1,1,2,1,1,1,1,1,2,1,1,3,2,1,2,1,1,1,1,1,2,1,1,1,1,1,1,2,1,3,3,1,2,1 | LnAcc: 1.000 | IRec: 1.000
iDLG Recovered Labels: 0,2,3,4,5,7,8,13,14,16,21,22,25,26,32,33,34,44,45,46,48,49,50,51,54,60,61,62,64,65,67,69,75,77,80,85,87,88,91,92,93,96,97,98 | LeAcc: 0.990
GradInversion Recovered Labels: 0,2,3,4,5,7,8,13,14,16,21,22,25,26,32,33,34,37,44,45,46,48,49,50,51,54,60,61,62,64,65,67,69,75,77,80,85,87,88,91,92,93,96,97,98 | LeAcc: 1.000
SVD Recovered Labels: 0,2,3,4,5,7,8,13,14,16,21,22,25,26,32,33,34,37,44,45,46,48,49,50,51,54,60,61,62,64,65,67,69,75,77,80,85,87,88,91,92,93,96,97,98 | LeAcc: 1.000
Start Experiment 45
***************************************************************
Ground-truth Labels: 0,2,3,5,6,7,11,13,15,21,23,28,29,33,36,38,40,42,43,45,47,48,50,52,53,55,56,58,63,65,69,70,73,74,76,77,78,81,82,83,84,87,88,89,93,94,95,96,97
Ground-truth Num of Instances: 1,1,1,1,2,3,1,1,2,1,1,3,1,3,2,1,1,1,2,1,1,2,2,1,1,2,1,1,1,1,1,1,1,1,1,1,1,1,1,2,1,1,1,1,1,1,1,1,2
Our Recovered Labels: 0,2,3,5,6,7,11,13,15,21,23,28,29,33,36,38,40,42,43,45,47,48,50,52,53,55,56,58,63,65,69,70,73,74,76,77,78,81,82,83,84,87,88,89,93,94,95,96,97 | LeAcc: 1.000
Our Recovered Num of Instances: 1,1,1,1,2,3,1,1,2,1,1,3,1,3,2,1,1,1,2,1,1,2,2,1,1,2,1,1,1,1,1,1,1,1,1,1,1,1,1,2,1,1,1,1,1,1,1,1,2 | LnAcc: 1.000 | IRec: 1.000
iDLG Recovered Labels: 0,3,5,6,7,11,13,15,21,23,28,29,33,36,38,40,42,43,45,47,48,50,52,53,55,56,58,63,69,70,73,74,77,78,81,82,83,84,87,88,89,93,94,95,96,97 | LeAcc: 0.970
GradInversion Recovered Labels: 0,2,3,5,6,7,11,13,15,21,23,28,29,33,36,38,40,42,43,45,47,48,50,52,53,55,56,58,63,65,69,70,73,74,76,77,78,81,82,83,84,87,88,89,93,94,95,96,97 | LeAcc: 1.000
SVD Recovered Labels: 0,2,3,5,6,7,11,13,15,21,23,28,29,33,36,38,40,42,43,45,47,48,50,52,53,55,56,58,63,65,69,70,73,74,76,77,78,81,82,83,84,87,88,89,93,94,95,96,97 | LeAcc: 1.000
Start Experiment 46
***************************************************************
Ground-truth Labels: 0,1,2,4,5,8,10,11,12,13,14,17,19,22,24,25,26,27,28,29,30,32,36,37,38,40,44,45,46,47,48,49,56,57,58,61,63,65,66,67,68,69,72,74,75,78,80,84,86,87,94,95,99
Ground-truth Num of Instances: 1,1,1,1,1,1,1,1,3,1,1,2,1,1,1,2,1,1,1,1,1,2,2,1,1,1,1,1,1,1,2,1,1,1,1,2,1,1,1,1,1,2,1,2,1,1,1,1,1,1,1,2,1
Our Recovered Labels: 0,1,2,4,5,8,10,11,12,13,14,17,19,22,24,25,26,27,28,29,30,32,36,37,38,40,44,45,46,47,48,49,56,57,58,61,63,65,66,67,68,69,72,74,75,78,80,84,86,87,94,95,99 | LeAcc: 1.000
Our Recovered Num of Instances: 1,1,1,1,1,1,1,1,3,1,1,2,1,1,1,2,1,1,1,1,1,2,2,1,1,1,1,1,1,1,2,1,1,1,1,2,1,1,1,1,1,2,1,2,1,1,1,1,1,1,1,2,1 | LnAcc: 1.000 | IRec: 1.000
iDLG Recovered Labels: 0,1,2,4,5,8,10,11,12,14,17,19,22,24,25,26,27,28,29,30,32,36,37,38,40,45,46,47,48,49,56,57,58,61,63,65,67,68,69,72,74,75,78,80,84,86,87,94,95 | LeAcc: 0.960
GradInversion Recovered Labels: 0,1,2,4,5,8,10,11,12,13,14,17,19,22,24,25,26,27,28,29,30,32,36,37,38,40,44,45,46,47,48,49,56,57,58,61,63,65,66,67,68,69,72,74,75,78,80,84,86,87,94,95,99 | LeAcc: 1.000
SVD Recovered Labels: 0,1,2,4,5,8,10,11,12,13,14,17,19,22,24,25,26,27,28,29,30,32,36,37,38,40,44,45,46,47,48,49,56,57,58,61,63,65,66,67,68,69,72,74,75,78,80,84,86,87,94,95,99 | LeAcc: 1.000
Start Experiment 47
***************************************************************
Ground-truth Labels: 0,3,4,10,11,15,17,18,22,23,24,25,27,30,33,35,38,43,45,46,48,50,51,52,54,57,59,60,62,63,64,67,68,69,70,72,74,75,76,80,83,84,85,87,88,89,90,91,93,94
Ground-truth Num of Instances: 1,1,1,1,1,2,1,2,2,1,2,2,1,1,1,1,1,1,1,2,1,1,1,1,1,1,1,1,1,1,1,1,2,2,1,1,1,1,2,1,1,2,2,1,1,3,1,1,2,1
Our Recovered Labels: 0,3,4,10,11,15,17,18,22,23,24,25,27,30,33,35,38,43,45,46,48,50,51,52,54,57,59,60,62,63,64,67,68,69,70,72,74,75,76,80,83,84,85,87,88,89,90,91,93,94 | LeAcc: 1.000
Our Recovered Num of Instances: 1,1,1,1,1,2,1,2,2,1,2,2,1,1,1,1,1,1,1,2,1,1,1,1,1,1,1,1,1,1,1,1,2,2,1,1,1,1,2,1,1,2,2,1,1,3,1,1,2,1 | LnAcc: 1.000 | IRec: 1.000
iDLG Recovered Labels: 3,4,10,11,15,17,18,22,24,25,27,30,33,35,38,43,45,46,48,50,51,52,54,57,59,60,62,63,64,68,69,70,72,74,75,76,80,83,84,85,87,88,89,90,91,93,94 | LeAcc: 0.970
GradInversion Recovered Labels: 0,3,4,10,11,15,17,18,22,23,24,25,27,30,33,35,38,43,45,46,48,50,51,52,54,57,59,60,62,63,64,67,68,69,70,72,74,75,76,80,83,84,85,87,88,89,90,91,93,94 | LeAcc: 1.000
SVD Recovered Labels: 0,3,4,10,11,15,17,18,22,23,24,25,27,30,33,35,38,43,45,46,48,50,51,52,54,57,59,60,62,63,64,67,68,69,70,72,74,75,76,80,83,84,85,87,88,89,90,91,93,94 | LeAcc: 1.000
Start Experiment 48
***************************************************************
Ground-truth Labels: 0,1,7,9,11,12,14,15,17,19,23,26,29,31,32,34,37,38,39,41,44,47,52,53,54,55,56,58,60,63,64,65,67,69,73,75,76,77,78,79,80,89,93,94,96,97,99
Ground-truth Num of Instances: 1,1,2,1,1,1,1,3,2,2,1,1,3,2,2,1,2,1,1,1,1,1,1,3,1,1,1,1,2,1,1,1,1,1,1,1,1,1,2,2,1,2,1,1,1,1,2
Our Recovered Labels: 0,1,7,9,11,12,14,15,17,19,23,26,29,31,32,34,37,38,39,41,44,47,52,53,54,55,56,58,60,63,64,65,67,69,73,75,76,77,78,79,80,89,93,94,96,97,99 | LeAcc: 1.000
Our Recovered Num of Instances: 1,1,2,1,1,1,1,3,2,2,1,1,3,2,2,1,2,1,1,1,1,1,1,3,1,1,1,1,2,1,1,1,1,1,1,1,1,1,2,2,1,2,1,1,1,1,2 | LnAcc: 1.000 | IRec: 1.000
iDLG Recovered Labels: 0,1,7,9,11,12,14,15,17,19,26,29,31,32,34,37,38,39,41,44,47,52,53,54,55,56,58,60,63,64,65,69,75,77,78,79,80,89,94,96,97,99 | LeAcc: 0.950
GradInversion Recovered Labels: 0,1,7,9,11,12,14,15,17,19,23,26,29,31,32,34,37,38,39,41,44,47,52,53,54,55,56,58,60,63,64,65,67,69,73,75,76,77,78,79,80,89,93,94,96,97,99 | LeAcc: 1.000
SVD Recovered Labels: 0,1,7,9,11,12,14,15,17,19,23,26,29,31,32,34,37,38,39,41,44,47,52,53,54,55,56,58,60,63,64,65,67,69,73,75,76,77,78,79,80,89,93,94,96,97,99 | LeAcc: 1.000
Start Experiment 49
***************************************************************
Ground-truth Labels: 2,3,7,10,14,16,17,20,22,26,27,28,29,31,32,33,34,36,38,40,44,47,50,54,55,56,57,58,62,63,64,69,70,73,77,79,82,86,90,96,97,99
Ground-truth Num of Instances: 1,1,1,3,2,2,1,2,1,1,3,2,2,1,1,2,2,1,1,1,1,1,2,1,2,3,1,1,1,1,1,1,1,2,2,2,1,1,2,3,1,2
Our Recovered Labels: 2,3,7,10,14,16,17,20,22,26,27,28,29,31,32,33,34,36,38,40,44,47,50,54,55,56,57,58,62,63,64,69,70,73,77,79,82,86,90,96,97,99 | LeAcc: 1.000
Our Recovered Num of Instances: 1,1,1,3,2,2,1,2,1,1,3,2,2,1,1,2,2,1,1,1,1,1,2,1,2,3,1,1,1,1,1,1,1,2,2,2,1,1,2,3,1,2 | LnAcc: 1.000 | IRec: 1.000
iDLG Recovered Labels: 2,3,7,10,14,16,17,20,22,26,27,28,29,31,32,33,34,36,38,44,47,50,54,55,56,57,58,62,63,64,69,70,73,77,79,82,86,90,96,97,99 | LeAcc: 0.990
GradInversion Recovered Labels: 2,3,7,10,14,16,17,20,22,26,27,28,29,31,32,33,34,36,38,40,44,47,50,54,55,56,57,58,62,63,64,69,70,73,77,79,82,86,90,96,97,99 | LeAcc: 1.000
SVD Recovered Labels: 2,3,7,10,14,16,17,20,22,26,27,28,29,31,32,33,34,36,38,40,44,47,50,54,55,56,57,58,62,63,64,69,70,73,77,79,82,86,90,96,97,99 | LeAcc: 1.000
Start Experiment 50
***************************************************************
Ground-truth Labels: 0,1,5,6,8,9,12,13,14,16,18,23,24,26,28,31,32,40,41,43,46,47,48,49,51,53,57,59,60,61,63,64,68,69,70,73,74,77,78,83,85,87,89,93,95,96,99
Ground-truth Num of Instances: 1,2,1,3,1,1,2,1,1,1,1,1,1,1,2,2,1,1,1,1,2,1,2,1,1,2,3,2,1,1,1,1,1,1,2,1,1,1,1,1,1,2,1,2,1,2,2
Our Recovered Labels: 0,1,5,6,8,9,12,13,14,16,18,23,24,26,28,31,32,40,41,43,46,47,48,49,51,53,57,59,60,61,63,64,68,69,70,73,74,77,78,83,85,87,89,93,95,96,99 | LeAcc: 1.000
Our Recovered Num of Instances: 1,2,1,3,1,1,2,1,1,1,1,1,1,1,2,2,1,1,1,1,2,1,2,1,1,2,3,2,1,1,1,1,1,1,2,1,1,1,1,1,1,2,1,2,1,2,2 | LnAcc: 1.000 | IRec: 1.000
iDLG Recovered Labels: 0,1,5,6,8,9,12,13,14,16,18,24,26,28,31,32,40,41,43,46,47,48,49,51,53,57,59,60,61,63,64,68,69,70,73,74,77,78,83,85,87,89,93,95,96,99 | LeAcc: 0.990
GradInversion Recovered Labels: 0,1,5,6,8,9,12,13,14,16,18,23,24,26,28,31,32,40,41,43,46,47,48,49,51,53,57,59,60,61,63,64,68,69,70,73,74,77,78,83,85,87,89,93,95,96,99 | LeAcc: 1.000
SVD Recovered Labels: 0,1,5,6,8,9,12,13,14,16,18,23,24,26,28,31,32,40,41,43,46,47,48,49,51,53,57,59,60,61,63,64,68,69,70,73,74,77,78,83,85,87,89,93,95,96,99 | LeAcc: 1.000
---------------------------------------------------------------
Mean iDLG LeAcc: 0.956 | Mean GI LeAcc: 1.000 | Mean SVD LeAcc: 1.000 | Mean Ours LeAcc: 1.000 | Mean Ours LnAcc: 1.000 | Mean Ours IRec: 1.000
