running experiments at 2022-09-03-19:15:59
	log_dir: exp_res
	cpu: False
	num_tries: 50
	num_images: 128
	seed: 12
	alpha: 1
	simplified: False
	analysis: False
	data_path: data
	dataset: CIFAR100
	split: train
	distribution: random
	start_id: 0
	num_classes: 100
	num_uniform_cls: 32
	model: lenet5
	trained_model: False
	epochs: 10
	batch_size: 128
	optimizer: SGD
	lr: 0.1
	scheduler: linear
	weight_decay: 0.0005
	warmup: False
	valid_interval: 1
	mid_save: False
	model_path: models
	dryrun: False
	batchnorm: False
	dropout: False
	silu: False
	dim: 300
	n_hidden: 1
	defense: False
	defense_method: dp
	noise_std: 0.001
	clip_bound: 4
	sparse_ratio: 10
	prune_ratio: 10
	rec_img: False
	fix_labels: False
	gt_labels: False
	optim: ig
	restarts: 1
	cost_fn: sim
	indices: def
	weights: equal
	rec_lr: None
	rec_optimizer: adam
	signed: False
	boxed: False
	scoring_choice: loss
	init: randn
	tv: 1e-06
	l2: 1e-06
	max_iterations: 8000
	loss_thresh: 0.0001
	save_image: False
	image_path: images
	table_path: tables

Start Experiment 1
***************************************************************
Ground-truth Labels: 1,2,3,5,6,7,8,9,10,11,12,15,16,23,24,25,26,27,28,29,30,34,35,39,41,42,44,45,46,47,49,50,51,52,54,55,56,57,58,61,62,63,64,65,66,68,70,71,72,73,74,76,78,79,80,81,82,83,84,85,86,87,88,89,90,92,93,94,97,98,99
Ground-truth Num of Instances: 1,4,6,1,1,1,1,4,2,1,1,1,1,1,3,1,2,1,1,4,1,1,1,1,3,2,4,1,1,1,2,2,1,3,2,2,2,3,2,1,1,1,3,1,1,1,1,1,4,2,2,3,2,1,2,2,2,2,3,3,2,1,1,1,1,2,1,2,1,3,1
Our Recovered Labels: 1,2,3,5,6,7,8,9,10,11,12,15,16,23,24,25,26,27,28,29,30,34,35,39,41,42,44,45,46,47,49,50,51,52,54,55,56,57,58,61,62,63,64,65,66,68,70,71,72,73,74,76,78,79,80,81,82,83,84,85,86,87,88,89,90,92,93,94,97,98,99 | LeAcc: 1.000
Our Recovered Num of Instances: 1,4,6,1,1,1,1,4,2,1,1,1,1,1,3,1,2,1,1,4,1,1,1,1,3,2,4,1,1,1,2,2,1,3,2,2,2,3,2,1,1,1,3,1,1,1,1,1,4,2,2,3,2,1,2,2,2,2,3,3,2,1,1,1,1,2,1,2,1,3,1 | LnAcc: 1.000 | IRec: 1.000
iDLG Recovered Labels: 2,3,5,6,7,9,10,15,24,26,29,39,41,44,49,50,52,54,55,56,57,58,64,71,72,74,76,78,80,81,82,83,84,85,86,92,94,98 | LeAcc: 0.670
GradInversion Recovered Labels: 1,2,3,5,6,7,8,9,10,11,12,15,16,23,24,25,26,27,28,29,30,34,35,39,41,42,44,45,46,47,49,50,51,52,54,55,56,57,58,61,62,63,64,65,66,68,70,71,72,73,74,76,78,79,80,81,82,83,84,85,86,87,88,89,90,92,93,94,97,98,99 | LeAcc: 1.000
SVD Recovered Labels: 1,2,3,5,6,7,8,9,10,11,12,15,16,23,24,25,26,27,28,29,30,34,35,39,41,42,44,45,46,47,49,50,51,52,54,55,56,57,58,61,62,63,64,65,66,68,70,71,72,73,74,76,78,79,80,81,82,83,84,85,86,87,88,89,90,92,93,94,97,98,99 | LeAcc: 1.000
Start Experiment 2
***************************************************************
Ground-truth Labels: 1,3,4,5,6,7,8,9,10,11,12,13,14,15,16,17,18,20,22,23,24,25,26,27,28,30,31,32,36,38,40,41,42,45,48,52,53,54,55,56,57,58,60,63,64,65,66,67,68,69,70,71,72,73,76,77,78,79,80,81,82,85,86,87,88,89,91,92,95,96,98,99
Ground-truth Num of Instances: 1,2,3,2,1,2,1,2,1,1,4,3,3,2,4,1,3,2,1,2,1,1,1,1,3,1,3,2,1,2,1,1,1,4,1,1,3,1,2,3,3,1,1,1,2,2,3,1,1,2,1,2,1,3,1,1,1,3,1,1,1,2,1,3,3,1,4,1,1,2,1,1
Our Recovered Labels: 1,3,4,5,6,7,8,9,10,11,12,13,14,15,16,17,18,20,22,23,24,25,26,27,28,30,31,32,36,38,40,41,42,45,48,52,53,54,55,56,57,58,60,63,64,65,66,67,68,69,70,71,72,73,76,77,78,79,80,81,82,85,86,87,88,89,91,92,95,96,98,99 | LeAcc: 1.000
Our Recovered Num of Instances: 1,2,3,2,1,2,1,2,1,1,4,3,3,2,4,1,3,2,1,2,1,1,1,1,3,1,3,2,1,2,1,1,1,4,1,1,3,1,2,3,3,1,1,1,2,2,3,1,1,2,1,2,1,3,1,1,1,3,1,1,1,2,1,3,3,1,4,1,1,2,1,1 | LnAcc: 1.000 | IRec: 1.000
iDLG Recovered Labels: 3,4,5,7,9,12,13,14,15,16,18,20,23,24,26,28,31,32,38,45,48,53,55,56,57,58,65,66,69,71,73,79,82,85,87,88,91,92,95,96 | LeAcc: 0.680
GradInversion Recovered Labels: 1,3,4,5,6,7,8,9,10,11,12,13,14,15,16,17,18,20,22,23,24,25,26,27,28,30,31,32,36,38,40,41,42,45,48,52,53,54,55,56,57,58,60,63,64,65,66,67,68,69,70,71,72,73,76,77,78,79,80,81,82,85,86,87,88,89,91,92,95,96,98,99 | LeAcc: 1.000
SVD Recovered Labels: 1,3,4,5,6,7,8,9,10,11,12,13,14,15,16,17,18,20,22,23,24,25,26,27,28,30,31,32,36,38,40,41,42,45,48,52,53,54,55,56,57,58,60,63,64,65,66,67,68,69,70,71,72,73,76,77,78,79,80,81,82,85,86,87,88,89,91,92,95,96,98,99 | LeAcc: 1.000
Start Experiment 3
***************************************************************
Ground-truth Labels: 0,1,2,4,10,11,12,13,14,15,16,17,19,22,23,25,26,27,29,30,31,32,33,34,36,40,41,44,46,47,48,49,50,52,54,56,57,58,59,60,61,62,64,65,66,67,68,69,70,71,72,73,74,75,76,77,78,79,80,81,83,84,85,86,87,90,91,92,93,94,95,97,98,99
Ground-truth Num of Instances: 2,4,1,1,1,3,2,1,1,4,2,1,2,1,3,1,1,1,1,1,1,1,1,3,1,1,3,2,2,1,2,2,2,2,1,2,2,1,1,1,1,2,1,3,1,3,2,1,2,1,3,2,1,1,1,3,1,1,1,1,2,2,2,3,1,2,3,1,4,2,1,2,4,1
Our Recovered Labels: 0,1,2,4,10,11,12,13,14,15,16,17,19,22,23,25,26,27,29,30,31,32,33,34,36,40,41,44,46,47,48,49,50,52,54,56,57,58,59,60,61,62,64,65,66,67,68,69,70,71,72,73,74,75,76,77,78,79,80,81,83,84,85,86,87,90,91,92,93,94,95,97,98,99 | LeAcc: 1.000
Our Recovered Num of Instances: 2,4,1,1,1,3,2,1,1,4,2,1,2,1,3,1,1,1,1,1,1,1,1,3,1,1,3,2,2,1,2,2,2,2,1,2,2,1,1,1,1,2,1,3,1,3,2,1,2,1,3,2,1,1,1,3,1,1,1,1,2,2,2,3,1,2,3,1,4,2,1,2,4,1 | LnAcc: 1.000 | IRec: 1.000
iDLG Recovered Labels: 0,1,11,12,15,16,17,19,22,23,34,40,41,44,46,48,49,50,52,56,57,59,62,65,67,68,70,72,73,77,83,84,85,86,90,91,93,94,97,98 | LeAcc: 0.660
GradInversion Recovered Labels: 0,1,2,4,10,11,12,13,14,15,16,17,19,22,23,25,26,27,29,30,31,32,33,34,36,40,41,44,46,47,48,49,50,52,54,56,57,58,59,60,61,62,64,65,66,67,68,69,70,71,72,73,74,75,76,77,78,79,80,81,83,84,85,86,87,90,91,92,93,94,95,97,98,99 | LeAcc: 1.000
SVD Recovered Labels: 0,1,2,4,10,11,12,13,14,15,16,17,19,22,23,25,26,27,29,30,31,32,33,34,36,40,41,44,46,47,48,49,50,52,54,56,57,58,59,60,61,62,64,65,66,67,68,69,70,71,72,73,74,75,76,77,78,79,80,81,83,84,85,86,87,90,91,92,93,94,95,97,98,99 | LeAcc: 1.000
Start Experiment 4
***************************************************************
Ground-truth Labels: 0,1,3,4,5,6,7,8,9,10,11,12,13,15,16,17,18,19,21,22,23,25,26,27,28,29,31,32,33,34,35,36,37,38,40,41,43,47,48,49,50,51,53,56,59,60,61,62,63,65,67,68,69,70,72,73,74,75,76,79,80,81,83,85,86,87,88,89,90,91,93,94,97,98,99
Ground-truth Num of Instances: 1,3,3,2,1,1,1,1,2,2,2,3,1,3,1,2,1,1,1,2,1,2,1,2,2,3,1,1,4,2,1,2,1,1,1,1,2,1,1,1,4,2,2,1,1,2,3,1,1,2,2,1,4,2,3,3,1,2,2,1,1,2,1,2,1,2,1,1,1,1,1,4,1,3,1
Our Recovered Labels: 0,1,3,4,5,6,7,8,9,10,11,12,13,15,16,17,18,19,21,22,23,25,26,27,28,29,31,32,33,34,35,36,37,38,40,41,43,47,48,49,50,51,53,56,59,60,61,62,63,65,67,68,69,70,72,73,74,75,76,79,80,81,83,85,86,87,88,89,90,91,93,94,97,98,99 | LeAcc: 1.000
Our Recovered Num of Instances: 1,3,3,2,1,1,1,1,2,2,2,3,1,3,1,2,1,1,1,2,1,2,1,2,2,3,1,1,4,2,1,2,1,1,1,1,2,1,1,1,4,2,2,1,1,2,3,1,1,2,2,1,4,2,3,3,1,2,2,1,1,2,1,2,1,2,1,1,1,1,1,4,1,3,1 | LnAcc: 1.000 | IRec: 1.000
iDLG Recovered Labels: 1,3,4,6,9,10,11,12,13,15,17,22,25,26,28,29,33,34,36,40,41,43,50,51,53,60,61,65,67,69,70,72,73,75,76,81,85,87,91,94,97,98,99 | LeAcc: 0.680
GradInversion Recovered Labels: 0,1,3,4,5,6,7,8,9,10,11,12,13,15,16,17,18,19,21,22,23,25,26,27,28,29,31,32,33,34,35,36,37,38,40,41,43,47,48,49,50,51,53,56,59,60,61,62,63,65,67,68,69,70,72,73,74,75,76,79,80,81,83,85,86,87,88,89,90,91,93,94,97,98,99 | LeAcc: 1.000
SVD Recovered Labels: 0,1,3,4,5,6,7,8,9,10,11,12,13,15,16,17,18,19,21,22,23,25,26,27,28,29,31,32,33,34,35,36,37,38,40,41,43,47,48,49,50,51,53,56,59,60,61,62,63,65,67,68,69,70,72,73,74,75,76,80,81,83,85,86,87,88,89,90,91,93,94,97,98,99 | LeAcc: 0.990
Start Experiment 5
***************************************************************
Ground-truth Labels: 3,4,5,6,7,9,10,14,15,16,17,18,19,20,21,22,23,25,26,30,32,33,34,35,36,38,39,40,43,44,45,46,47,48,49,50,51,52,53,54,58,59,60,63,64,65,67,69,71,73,74,75,76,77,78,79,81,82,83,84,85,87,88,89,90,91,92,93,94,96,98,99
Ground-truth Num of Instances: 5,3,1,1,1,1,1,1,3,1,3,2,1,2,2,2,1,1,2,3,1,2,3,2,1,1,2,2,2,1,2,1,1,1,1,1,1,1,2,1,3,2,2,2,1,2,2,4,1,3,2,1,2,2,2,3,2,1,1,1,2,2,1,2,3,2,1,2,3,1,2,2
Our Recovered Labels: 3,4,5,6,7,9,10,14,15,16,17,18,19,20,21,22,23,25,26,30,32,33,34,35,36,38,39,40,43,44,45,46,47,48,49,50,51,52,53,54,58,59,60,63,64,65,67,69,71,73,74,75,76,77,78,79,81,82,83,84,85,87,88,89,90,91,92,93,94,96,98,99 | LeAcc: 1.000
Our Recovered Num of Instances: 5,3,1,1,1,1,1,1,3,1,3,2,1,2,2,2,1,1,2,3,1,2,3,2,1,1,2,2,2,1,2,1,1,1,1,1,1,1,2,1,3,2,2,2,1,2,2,4,1,3,2,1,2,2,2,3,2,1,1,1,2,2,1,2,3,2,1,2,3,1,2,2 | LnAcc: 1.000 | IRec: 1.000
iDLG Recovered Labels: 3,4,7,9,15,17,20,21,22,25,26,30,33,34,35,36,39,40,43,45,53,54,58,59,60,63,65,67,69,71,73,74,76,77,78,79,81,85,89,90,91,93,94,98,99 | LeAcc: 0.730
GradInversion Recovered Labels: 3,4,5,6,7,9,10,14,15,16,17,18,19,20,21,22,23,25,26,30,32,33,34,35,36,38,39,40,43,44,45,46,47,48,49,50,51,52,53,54,58,59,60,63,64,65,67,69,71,73,74,75,76,77,78,79,81,82,83,84,85,87,88,89,90,91,92,93,94,96,98,99 | LeAcc: 1.000
SVD Recovered Labels: 3,4,5,6,7,9,10,14,15,16,17,18,19,20,21,22,23,25,26,30,32,33,34,35,36,38,39,40,43,44,45,46,47,48,49,50,51,52,53,54,58,59,60,63,64,65,67,69,71,73,74,75,76,77,78,79,81,82,83,84,85,87,88,89,90,91,92,93,94,96,98,99 | LeAcc: 1.000
Start Experiment 6
***************************************************************
Ground-truth Labels: 2,3,4,5,6,9,10,11,12,13,16,19,22,23,24,26,28,29,31,33,34,35,36,37,38,39,40,42,43,45,46,47,48,49,51,53,55,56,57,58,59,61,62,63,64,65,66,67,68,70,71,72,73,74,75,77,80,81,82,85,86,88,89,91,94,95,97,98,99
Ground-truth Num of Instances: 1,1,5,2,1,1,2,1,1,1,3,2,3,2,1,3,1,2,1,3,1,1,3,2,2,5,1,1,2,2,1,2,2,3,1,3,2,1,1,2,1,2,1,2,2,2,3,2,1,3,2,3,1,1,1,3,2,2,1,1,2,1,2,1,2,2,3,2,2
Our Recovered Labels: 2,3,4,5,6,9,10,11,12,13,16,19,22,23,24,26,28,29,31,33,34,35,36,37,38,39,40,42,43,45,46,47,48,49,51,53,55,56,57,58,59,61,62,63,64,65,66,67,68,70,71,72,73,74,75,77,80,81,82,85,86,88,89,91,94,95,97,98,99 | LeAcc: 1.000
Our Recovered Num of Instances: 1,1,5,2,1,1,2,1,1,1,3,2,3,2,1,3,1,2,1,3,1,1,3,2,2,5,1,1,2,2,1,2,2,3,1,3,2,1,1,2,1,2,1,2,2,2,3,2,1,3,2,3,1,1,1,3,2,2,1,1,2,1,2,1,2,2,3,2,2 | LnAcc: 1.000 | IRec: 1.000
iDLG Recovered Labels: 4,5,6,10,11,13,16,19,22,24,26,29,31,33,36,37,38,39,43,45,47,48,49,51,53,55,56,58,61,63,64,65,66,70,71,72,74,75,77,80,81,86,89,94,95,97,98,99 | LeAcc: 0.790
GradInversion Recovered Labels: 2,3,4,5,6,9,10,11,12,13,16,19,22,23,24,26,28,29,31,33,34,35,36,37,38,39,40,42,43,45,46,47,48,49,51,53,55,56,57,58,59,61,62,63,64,65,66,67,68,70,71,72,73,74,75,77,80,81,82,85,86,88,89,91,94,95,97,98,99 | LeAcc: 1.000
SVD Recovered Labels: 2,3,4,5,6,9,10,11,12,13,16,19,22,23,24,26,28,29,31,33,34,35,36,37,38,39,40,42,43,45,46,47,48,49,51,53,55,56,57,58,59,61,62,63,64,65,66,67,68,70,71,72,73,74,75,77,80,81,82,85,86,88,89,91,94,95,97,98,99 | LeAcc: 1.000
Start Experiment 7
***************************************************************
Ground-truth Labels: 2,3,5,8,9,10,11,12,13,16,17,18,19,20,21,22,23,24,25,27,29,30,31,32,33,35,37,38,39,41,42,43,44,47,50,51,54,55,56,57,59,60,61,62,64,65,68,69,70,71,72,74,75,76,77,79,80,81,83,84,85,88,89,90,91,92,94,95,96,97,98,99
Ground-truth Num of Instances: 4,4,1,1,1,1,1,4,1,1,3,3,1,2,2,2,1,1,1,1,4,3,2,1,2,2,1,1,1,1,1,1,2,5,1,2,2,3,4,1,2,1,1,1,2,2,2,1,3,3,1,3,1,4,2,1,1,1,2,1,1,1,1,1,2,1,1,1,2,2,2,2
Our Recovered Labels: 2,3,5,8,9,10,11,12,13,16,17,18,19,20,21,22,23,24,25,27,29,30,31,32,33,35,37,38,39,41,42,43,44,47,50,51,54,55,56,57,59,60,61,62,64,65,68,69,70,71,72,74,75,76,77,79,80,81,83,84,85,88,89,90,91,92,94,95,96,97,98,99 | LeAcc: 1.000
Our Recovered Num of Instances: 4,4,1,1,1,1,1,4,1,1,3,3,1,2,2,2,1,1,1,1,4,3,2,1,2,2,1,1,1,1,1,1,2,5,1,2,2,3,4,1,2,1,1,1,2,2,2,1,3,3,1,3,1,4,2,1,1,1,2,1,1,1,1,1,2,1,1,1,2,2,2,2 | LnAcc: 1.000 | IRec: 1.000
iDLG Recovered Labels: 2,3,5,8,12,16,17,18,20,21,22,24,29,30,31,32,35,39,41,44,47,50,51,54,55,56,59,61,62,64,65,68,69,70,71,74,76,77,83,91,96,97,98,99 | LeAcc: 0.720
GradInversion Recovered Labels: 2,3,5,8,9,10,11,12,13,16,17,18,19,20,21,22,23,24,25,27,29,30,31,32,33,35,37,38,39,41,42,43,44,47,50,51,54,55,56,57,59,60,61,62,64,65,68,69,70,71,72,74,75,76,77,79,80,81,83,84,85,88,89,90,91,92,94,95,96,97,98,99 | LeAcc: 1.000
SVD Recovered Labels: 2,3,5,8,9,10,11,12,13,16,17,18,19,20,21,22,23,24,25,27,29,30,31,32,33,35,37,38,39,41,42,43,44,47,50,51,54,55,56,57,59,60,61,62,64,65,68,69,70,71,72,74,75,76,77,79,80,81,83,84,85,88,89,90,91,92,94,95,96,97,98,99 | LeAcc: 1.000
Start Experiment 8
***************************************************************
Ground-truth Labels: 0,1,4,5,6,8,9,10,12,14,15,17,19,20,21,23,24,26,28,30,31,32,33,34,36,37,39,40,43,44,46,47,48,52,53,54,55,56,57,58,59,60,61,64,66,68,69,70,72,75,77,78,79,80,81,82,83,84,85,86,87,88,90,91,93,94,96,97,98,99
Ground-truth Num of Instances: 2,1,2,3,4,1,1,2,1,1,1,2,1,2,1,2,2,1,1,1,2,3,1,1,2,1,3,1,4,1,2,4,2,2,1,2,1,1,2,3,3,3,1,6,1,1,2,3,2,1,2,1,1,1,1,2,1,2,2,1,2,1,1,2,1,4,3,2,3,1
Our Recovered Labels: 0,1,4,5,6,8,9,10,12,14,15,17,19,20,21,23,24,26,28,30,31,32,33,34,36,37,39,40,43,44,46,47,48,52,53,54,55,56,57,58,59,60,61,64,66,68,69,70,72,75,77,78,79,80,81,82,83,84,85,86,87,88,90,91,93,94,96,97,98,99 | LeAcc: 1.000
Our Recovered Num of Instances: 2,1,2,3,4,1,1,2,1,1,1,2,1,2,1,2,2,1,1,1,2,3,1,1,2,1,3,1,4,1,2,4,2,2,1,2,1,1,2,3,3,3,1,6,1,1,2,3,2,1,2,1,1,1,1,2,1,2,2,1,2,1,1,2,1,4,3,2,3,1 | LnAcc: 1.000 | IRec: 1.000
iDLG Recovered Labels: 0,4,5,6,9,10,15,17,20,23,24,31,32,36,39,40,43,46,47,48,52,53,54,57,58,59,60,61,64,69,70,72,77,82,84,85,86,87,91,94,96,97,98 | LeAcc: 0.730
GradInversion Recovered Labels: 0,1,4,5,6,8,9,10,12,14,15,17,19,20,21,23,24,26,28,30,31,32,33,34,36,37,39,40,43,44,46,47,48,52,53,54,55,56,57,58,59,60,61,64,66,68,69,70,72,75,77,78,79,80,81,82,83,84,85,86,87,88,90,91,93,94,96,97,98,99 | LeAcc: 1.000
SVD Recovered Labels: 0,1,4,5,6,8,9,10,12,14,15,17,19,20,21,23,24,26,28,30,31,32,33,34,36,37,39,40,43,44,46,47,48,52,53,54,55,56,57,58,59,60,61,64,66,68,69,70,72,75,77,78,79,80,81,82,83,84,85,86,87,88,90,91,93,94,96,97,98,99 | LeAcc: 1.000
Start Experiment 9
***************************************************************
Ground-truth Labels: 0,1,2,3,4,5,8,9,10,12,14,15,16,17,19,20,21,22,23,24,25,26,28,30,31,32,33,34,36,37,38,39,40,42,45,48,49,51,53,54,56,57,58,59,61,62,63,65,66,67,68,69,71,72,73,74,75,78,82,83,84,85,86,87,90,94,95,96,97,98,99
Ground-truth Num of Instances: 2,3,1,4,3,1,1,1,1,1,1,2,1,1,1,1,1,1,1,1,1,1,1,2,1,1,2,2,4,3,2,2,3,1,4,5,2,1,3,1,2,2,3,3,4,1,1,2,2,1,2,2,2,1,1,2,1,2,1,2,1,2,2,2,4,1,2,2,1,2,1
Our Recovered Labels: 0,1,2,3,4,5,8,9,10,12,14,15,16,17,19,20,21,22,23,24,25,26,28,30,31,32,33,34,36,37,38,39,40,42,45,48,49,51,53,54,56,57,58,59,61,62,63,65,66,67,68,69,71,72,73,74,75,78,82,83,84,85,86,87,90,94,95,96,97,98,99 | LeAcc: 1.000
Our Recovered Num of Instances: 2,3,1,4,3,1,1,1,1,1,1,2,1,1,1,1,1,1,1,1,1,1,1,2,1,1,2,2,4,3,2,2,3,1,4,5,2,1,3,1,2,2,3,3,4,1,1,2,2,1,2,2,2,1,1,2,1,2,1,2,1,2,2,2,4,1,2,2,1,2,1 | LnAcc: 1.000 | IRec: 1.000
iDLG Recovered Labels: 0,1,3,4,9,15,16,17,19,20,26,28,30,33,34,36,37,38,39,40,45,48,49,53,56,57,58,59,61,62,65,66,68,69,71,74,78,83,85,86,90,95,96,98 | LeAcc: 0.730
GradInversion Recovered Labels: 0,1,2,3,4,5,8,9,10,12,14,15,16,17,19,20,21,22,23,24,25,26,28,30,31,32,33,34,36,37,38,39,40,42,45,48,49,51,53,54,56,57,58,59,61,62,63,65,66,67,68,69,71,72,73,74,75,78,82,83,84,85,86,87,90,94,95,96,97,98,99 | LeAcc: 1.000
SVD Recovered Labels: 0,1,2,3,4,5,8,9,10,12,14,15,16,17,19,20,21,22,23,24,25,26,28,30,31,32,33,34,36,37,38,39,40,42,45,48,49,51,53,54,56,57,58,59,61,62,63,65,66,67,68,69,71,72,73,74,75,78,82,83,84,85,86,87,90,94,95,96,97,98,99 | LeAcc: 1.000
Start Experiment 10
***************************************************************
Ground-truth Labels: 0,2,4,5,7,8,9,10,11,12,17,18,21,22,24,25,27,28,29,30,31,33,34,35,36,37,38,41,43,45,47,49,50,51,52,53,55,57,58,59,60,61,62,63,64,66,67,69,71,72,73,74,75,76,77,78,79,80,81,83,85,87,88,89,92,94,97,98,99
Ground-truth Num of Instances: 4,2,1,2,1,4,1,2,1,3,2,1,3,1,1,2,2,2,1,5,2,1,2,3,2,1,3,1,1,1,2,1,2,1,2,1,1,1,1,1,1,1,1,1,1,2,1,2,1,2,3,1,3,2,1,1,3,1,1,3,5,1,3,1,5,3,3,1,3
Our Recovered Labels: 0,2,4,5,7,8,9,10,11,12,17,18,21,22,24,25,27,28,29,30,31,33,34,35,36,37,38,41,43,45,47,49,50,51,52,53,55,57,58,59,60,61,62,63,64,66,67,69,71,72,73,74,75,76,77,78,79,80,81,83,85,87,88,89,92,94,97,98,99 | LeAcc: 1.000
Our Recovered Num of Instances: 4,2,1,2,1,4,1,2,1,3,2,1,3,1,1,2,2,2,1,5,2,1,2,3,2,1,3,1,1,1,2,1,2,1,2,1,1,1,1,1,1,1,1,1,1,2,1,2,1,2,3,1,3,2,1,1,3,1,1,3,5,1,3,1,5,3,3,1,3 | LnAcc: 1.000 | IRec: 1.000
iDLG Recovered Labels: 0,2,5,8,9,10,11,12,17,21,22,24,25,28,30,31,34,35,36,38,47,50,52,55,66,69,72,73,74,75,76,79,81,83,85,88,92,94,97,98,99 | LeAcc: 0.720
GradInversion Recovered Labels: 0,2,4,5,7,8,9,10,11,12,17,18,21,22,24,25,27,28,29,30,31,33,34,35,36,37,38,41,43,45,47,49,50,51,52,53,55,57,58,59,60,61,62,63,64,66,67,69,71,72,73,74,75,76,77,78,79,80,81,83,85,87,88,89,92,94,97,98,99 | LeAcc: 1.000
SVD Recovered Labels: 0,2,4,5,7,8,9,10,11,12,17,18,21,22,24,25,27,28,29,30,31,33,34,35,36,37,38,41,43,45,47,49,50,51,52,53,55,57,58,59,60,61,62,63,64,66,67,69,71,72,73,74,75,76,77,78,79,80,81,83,85,87,88,89,92,94,97,98,99 | LeAcc: 1.000
Start Experiment 11
***************************************************************
Ground-truth Labels: 0,1,4,5,6,7,8,10,11,13,15,16,17,18,19,20,21,22,23,24,25,27,29,30,34,35,36,37,38,40,41,42,43,44,45,47,48,49,51,55,56,57,60,61,62,63,64,65,66,67,70,71,72,73,74,75,76,78,79,80,81,82,84,85,88,89,91,92,93,94,95,96,97,98,99
Ground-truth Num of Instances: 1,3,3,2,3,1,1,1,1,1,2,1,2,2,1,1,1,1,2,2,1,3,2,3,4,3,2,1,1,1,1,4,3,1,1,1,2,2,1,2,1,1,2,1,2,1,2,3,1,1,1,2,3,1,1,2,1,2,1,2,4,1,2,3,1,1,2,1,1,3,1,2,1,2,1
Our Recovered Labels: 0,1,4,5,6,7,8,10,11,13,15,16,17,18,19,20,21,22,23,24,25,27,29,30,34,35,36,37,38,40,41,42,43,44,45,47,48,49,51,55,56,57,60,61,62,63,64,65,66,67,70,71,72,73,74,75,76,78,79,80,81,82,84,85,88,89,91,92,93,94,95,96,97,98,99 | LeAcc: 1.000
Our Recovered Num of Instances: 1,3,3,2,3,1,1,1,1,1,2,1,2,2,1,1,1,1,2,2,1,3,2,3,4,3,2,1,1,1,1,4,3,1,1,1,2,2,1,2,1,1,2,1,2,1,2,3,1,1,1,2,3,1,1,2,1,2,1,2,4,1,2,3,1,1,2,1,1,3,1,2,1,2,1 | LnAcc: 1.000 | IRec: 1.000
iDLG Recovered Labels: 1,4,5,6,7,10,15,17,18,20,23,24,25,27,29,30,34,35,36,42,43,48,49,51,55,60,62,64,65,71,72,74,75,78,80,81,84,85,91,94,95,98 | LeAcc: 0.670
GradInversion Recovered Labels: 0,1,4,5,6,7,8,10,11,13,15,16,17,18,19,20,21,22,23,24,25,27,29,30,34,35,36,37,38,40,41,42,43,44,45,47,48,49,51,55,56,57,60,61,62,63,64,65,66,67,70,71,72,73,74,75,76,78,79,80,81,82,84,85,88,89,91,92,93,94,95,96,97,98,99 | LeAcc: 1.000
SVD Recovered Labels: 0,1,4,5,6,7,8,10,13,15,16,17,18,19,20,22,23,24,25,27,29,30,34,35,36,37,38,40,41,42,43,44,45,47,48,49,51,55,56,60,61,62,63,64,65,66,67,70,71,72,73,74,75,76,78,79,80,81,82,84,85,88,89,91,92,93,94,95,96,97,98 | LeAcc: 0.960
Start Experiment 12
***************************************************************
Ground-truth Labels: 0,1,4,5,6,7,8,9,10,11,12,13,14,15,16,18,20,21,22,23,26,27,28,30,32,33,35,36,37,38,39,40,42,43,44,46,47,48,50,52,54,55,56,57,58,60,62,64,66,67,68,70,71,72,75,78,80,81,82,83,85,86,88,89,90,91,92,93,94,95,99
Ground-truth Num of Instances: 3,1,1,1,2,1,1,1,1,4,1,1,3,4,1,1,2,1,2,1,4,1,2,1,1,2,2,2,3,2,1,2,3,2,2,2,1,1,2,2,1,1,1,2,2,1,2,1,3,1,2,2,2,3,1,2,1,3,2,2,2,1,3,4,2,2,1,3,2,1,1
Our Recovered Labels: 0,1,4,5,6,7,8,9,10,11,12,13,14,15,16,18,20,21,22,23,26,27,28,30,32,33,35,36,37,38,39,40,42,43,44,46,47,48,50,52,54,55,56,57,58,60,62,64,66,67,68,70,71,72,75,78,80,81,82,83,85,86,88,89,90,91,92,93,94,95,99 | LeAcc: 1.000
Our Recovered Num of Instances: 3,1,1,1,2,1,1,1,1,4,1,1,3,4,1,1,2,1,2,1,4,1,2,1,1,2,2,2,3,2,1,2,3,2,2,2,1,1,2,2,1,1,1,2,2,1,2,1,3,1,2,2,2,3,1,2,1,3,2,2,2,1,3,4,2,2,1,3,2,1,1 | LnAcc: 1.000 | IRec: 1.000
iDLG Recovered Labels: 0,5,6,8,9,10,11,12,14,15,20,21,22,26,28,30,35,36,37,38,40,42,44,46,50,52,55,56,57,58,62,66,70,71,72,78,81,82,83,85,88,89,90,91,93,94 | LeAcc: 0.750
GradInversion Recovered Labels: 0,1,4,5,6,7,8,9,10,11,12,13,14,15,16,18,20,21,22,23,26,27,28,30,32,33,35,36,37,38,39,40,42,43,44,46,47,48,50,52,54,55,56,57,58,60,62,64,66,67,68,70,71,72,75,78,80,81,82,83,85,86,88,89,90,91,92,93,94,95,99 | LeAcc: 1.000
SVD Recovered Labels: 0,1,4,5,6,7,8,9,10,11,12,13,14,15,16,18,20,21,22,23,26,27,28,30,32,33,35,36,37,38,39,40,42,43,44,46,47,48,50,52,54,55,56,57,58,60,62,64,66,67,68,70,71,72,75,78,80,81,82,83,85,86,88,89,90,91,92,93,94,95,99 | LeAcc: 1.000
Start Experiment 13
***************************************************************
Ground-truth Labels: 0,1,2,3,5,6,7,9,12,14,15,16,17,18,19,20,22,23,24,25,26,27,30,35,36,37,38,41,45,47,48,49,50,52,53,56,57,58,59,60,61,62,64,67,68,69,70,71,73,75,76,78,79,80,81,82,86,87,88,89,90,91,93,95,96,97,99
Ground-truth Num of Instances: 1,4,1,1,1,4,1,2,1,3,3,2,2,2,1,2,2,3,5,1,1,2,3,2,2,3,1,2,1,1,3,3,1,1,2,1,1,2,3,3,1,1,1,2,3,2,2,5,1,2,2,3,2,1,2,1,1,1,1,1,3,1,2,2,2,1,2
Our Recovered Labels: 0,1,2,3,5,6,7,9,12,14,15,16,17,18,19,20,22,23,24,25,26,27,30,35,36,37,38,41,45,47,48,49,50,52,53,56,57,58,59,60,61,62,64,67,68,69,70,71,73,75,76,78,79,80,81,82,86,87,88,89,90,91,93,95,96,97,99 | LeAcc: 1.000
Our Recovered Num of Instances: 1,4,1,1,1,4,1,2,1,3,3,2,2,2,1,2,2,3,5,1,1,2,3,2,2,3,1,2,1,1,3,3,1,1,2,1,1,2,3,3,1,1,1,2,3,2,2,5,1,2,2,3,2,1,2,1,1,1,1,1,3,1,2,2,2,1,2 | LnAcc: 1.000 | IRec: 1.000
iDLG Recovered Labels: 1,6,9,12,14,15,16,17,18,20,22,23,24,27,30,35,36,37,41,45,48,49,53,57,58,59,60,67,68,69,70,71,75,76,78,79,81,89,90,95,96,99 | LeAcc: 0.750
GradInversion Recovered Labels: 0,1,2,3,5,6,7,9,12,14,15,16,17,18,19,20,22,23,24,25,26,27,30,35,36,37,38,41,45,47,48,49,50,52,53,56,57,58,59,60,61,62,64,67,68,69,70,71,73,75,76,78,79,80,81,82,86,87,88,89,90,91,93,95,96,97,99 | LeAcc: 1.000
SVD Recovered Labels: 0,1,2,3,5,6,7,9,12,14,15,16,17,18,19,20,22,23,24,25,26,27,30,35,36,37,38,41,45,47,48,49,50,52,53,56,57,58,59,60,61,62,64,67,68,69,70,71,73,75,76,78,79,80,81,82,86,87,88,89,90,91,93,95,96,97,99 | LeAcc: 1.000
Start Experiment 14
***************************************************************
Ground-truth Labels: 0,1,5,8,9,10,12,13,15,18,19,21,22,24,25,26,27,28,29,30,32,33,34,35,37,38,39,40,42,43,44,45,46,47,48,50,51,53,54,57,59,60,61,62,63,64,66,69,70,71,72,75,77,78,79,80,81,83,84,85,87,88,90,92,93,94,95,97,98
Ground-truth Num of Instances: 3,1,1,2,1,2,3,1,3,1,3,2,3,1,2,1,3,2,2,2,3,1,4,2,1,2,2,1,1,1,3,1,2,3,2,3,1,1,1,3,2,3,3,2,2,2,1,1,2,1,2,2,1,2,1,1,3,1,2,2,1,2,2,1,2,3,1,1,2
Our Recovered Labels: 0,1,5,8,9,10,12,13,15,18,19,21,22,24,25,26,27,28,29,30,32,33,34,35,37,38,39,40,42,43,44,45,46,47,48,50,51,53,54,57,59,60,61,62,63,64,66,69,70,71,72,75,77,78,79,80,81,83,84,85,87,88,90,92,93,94,95,97,98 | LeAcc: 1.000
Our Recovered Num of Instances: 3,1,1,2,1,2,3,1,3,1,3,2,3,1,2,1,3,2,2,2,3,1,4,2,1,2,2,1,1,1,3,1,2,3,2,3,1,1,1,3,2,3,3,2,2,2,1,1,2,1,2,2,1,2,1,1,3,1,2,2,1,2,2,1,2,3,1,1,2 | LnAcc: 1.000 | IRec: 1.000
iDLG Recovered Labels: 0,5,8,10,12,15,19,21,22,25,27,28,29,30,32,34,38,39,44,46,47,48,50,51,53,54,57,59,60,61,62,63,64,69,70,72,75,78,81,84,85,90,93,94,98 | LeAcc: 0.760
GradInversion Recovered Labels: 0,1,5,8,9,10,12,13,15,18,19,21,22,24,25,26,27,28,29,30,32,33,34,35,37,38,39,40,42,43,44,45,46,47,48,50,51,53,54,57,59,60,61,62,63,64,66,69,70,71,72,75,77,78,79,80,81,83,84,85,87,88,90,92,93,94,95,97,98 | LeAcc: 1.000
SVD Recovered Labels: 0,1,5,8,9,10,12,13,15,18,19,21,22,24,25,26,27,28,29,30,32,33,34,35,37,38,39,40,42,43,44,45,46,47,48,50,51,53,54,57,59,60,61,62,63,64,66,69,70,71,72,75,77,78,79,80,81,83,84,85,87,88,90,92,93,94,95,97,98 | LeAcc: 1.000
Start Experiment 15
***************************************************************
Ground-truth Labels: 0,1,2,4,5,6,7,8,9,10,11,12,13,14,16,17,18,19,20,21,22,23,28,33,34,35,36,37,39,41,42,43,44,45,49,50,51,52,53,55,56,57,58,61,62,63,64,65,66,68,69,72,73,74,75,77,78,79,81,82,83,84,85,87,88,89,90,91,94,96,97,99
Ground-truth Num of Instances: 2,1,4,1,3,3,1,1,2,1,2,1,1,1,4,1,2,2,1,2,3,2,3,1,3,1,1,3,2,2,1,3,2,1,1,2,2,1,1,2,3,1,3,1,2,3,1,2,2,2,3,3,1,1,1,2,2,1,1,1,1,1,2,2,1,1,1,2,3,2,1,2
Our Recovered Labels: 0,1,2,4,5,6,7,8,9,10,11,12,13,14,16,17,18,19,20,21,22,23,28,33,34,35,36,37,39,41,42,43,44,45,49,50,51,52,53,55,56,57,58,61,62,63,64,65,66,68,69,72,73,74,75,77,78,79,81,82,83,84,85,87,88,89,90,91,94,96,97,99 | LeAcc: 1.000
Our Recovered Num of Instances: 2,1,4,1,3,3,1,1,2,1,2,1,1,1,4,1,2,2,1,2,3,2,3,1,3,1,1,3,2,2,1,3,2,1,1,2,2,1,1,2,3,1,3,1,2,3,1,2,2,2,3,3,1,1,1,2,2,1,1,1,1,1,2,2,1,1,1,2,3,2,1,2 | LnAcc: 1.000 | IRec: 1.000
iDLG Recovered Labels: 0,2,5,6,7,9,11,16,18,19,20,21,22,23,28,34,37,39,41,43,44,51,55,56,58,61,62,63,66,68,69,72,77,78,79,83,84,85,87,91,94,96 | LeAcc: 0.700
GradInversion Recovered Labels: 0,1,2,4,5,6,7,8,9,10,11,12,13,14,16,17,18,19,20,21,22,23,28,33,34,35,36,37,39,41,42,43,44,45,49,50,51,52,53,55,56,57,58,61,62,63,64,65,66,68,69,72,73,74,75,77,78,79,81,82,83,84,85,87,88,89,90,91,94,96,97,99 | LeAcc: 1.000
SVD Recovered Labels: 0,1,2,4,5,6,7,8,9,10,11,12,13,14,16,17,18,19,20,21,22,23,28,33,34,35,36,37,39,41,42,43,44,45,49,50,51,52,53,55,56,57,58,61,62,63,64,65,66,68,69,72,73,74,75,77,78,79,81,82,83,84,85,87,88,89,90,91,94,96,97,99 | LeAcc: 1.000
Start Experiment 16
***************************************************************
Ground-truth Labels: 0,1,4,5,6,7,8,9,10,11,12,13,16,17,18,19,20,21,24,26,28,29,30,31,32,34,36,37,38,39,40,41,42,43,44,45,47,48,49,51,54,55,56,57,58,59,60,62,64,65,66,68,69,72,75,76,77,78,79,80,81,82,84,86,87,88,89,90,91,92,93,95,97,99
Ground-truth Num of Instances: 1,1,3,1,1,1,1,4,1,2,1,1,2,2,2,3,1,3,2,2,1,1,4,1,1,1,1,2,1,2,1,2,1,3,1,4,2,3,2,5,2,2,2,3,1,1,1,2,1,1,1,1,1,2,1,2,1,1,2,1,2,1,2,2,1,3,1,1,2,2,2,1,4,1
Our Recovered Labels: 0,1,4,5,6,7,8,9,10,11,12,13,16,17,18,19,20,21,24,26,28,29,30,31,32,34,36,37,38,39,40,41,42,43,44,45,47,48,49,51,54,55,56,57,58,59,60,62,64,65,66,68,69,72,75,76,77,78,79,80,81,82,84,86,87,88,89,90,91,92,93,95,97,99 | LeAcc: 1.000
Our Recovered Num of Instances: 1,1,3,1,1,1,1,4,1,2,1,1,2,2,2,3,1,3,2,2,1,1,4,1,1,1,1,2,1,2,1,2,1,3,1,4,2,3,2,5,2,2,2,3,1,1,1,2,1,1,1,1,1,2,1,2,1,1,2,1,2,1,2,2,1,3,1,1,2,2,2,1,4,1 | LnAcc: 1.000 | IRec: 1.000
iDLG Recovered Labels: 4,9,11,16,17,18,19,21,24,26,30,36,37,39,41,43,45,47,48,51,54,55,56,57,62,72,76,77,81,84,86,88,89,91,92,97,99 | LeAcc: 0.630
GradInversion Recovered Labels: 0,1,4,5,6,7,8,9,10,11,12,13,16,17,18,19,20,21,24,26,28,29,30,31,32,34,36,37,38,39,40,41,42,43,44,45,47,48,49,51,54,55,56,57,58,59,60,62,64,65,66,68,69,72,75,76,77,78,79,80,81,82,84,86,87,88,89,90,91,92,93,95,97,99 | LeAcc: 1.000
SVD Recovered Labels: 0,1,4,5,6,7,8,9,10,11,12,13,16,17,18,19,20,21,24,26,28,29,30,31,32,34,36,37,38,39,40,41,42,43,44,45,47,48,49,51,54,55,56,57,58,59,60,62,64,65,66,68,69,72,75,76,77,78,79,80,81,82,84,86,87,88,89,90,91,92,93,95,97,99 | LeAcc: 1.000
Start Experiment 17
***************************************************************
Ground-truth Labels: 0,1,2,3,6,7,8,11,12,15,16,17,18,19,20,21,22,23,24,26,27,28,30,32,33,34,35,36,37,38,39,40,41,44,46,47,48,49,50,51,54,55,56,57,58,59,60,61,63,64,65,66,67,68,69,70,71,73,74,76,77,78,79,84,85,88,90,91,92,93,94,95,96,97,98,99
Ground-truth Num of Instances: 2,1,2,4,2,3,1,2,1,2,1,2,1,2,2,1,1,2,2,1,1,2,1,2,2,1,1,2,2,1,1,1,1,2,2,1,1,2,2,1,1,2,2,3,3,2,3,1,4,2,1,1,3,1,1,1,1,1,1,2,1,3,2,2,4,1,1,3,2,1,1,2,1,1,2,1
Our Recovered Labels: 0,1,2,3,6,7,8,11,12,15,16,17,18,19,20,21,22,23,24,26,27,28,30,32,33,34,35,36,37,38,39,40,41,44,46,47,48,49,50,51,54,55,56,57,58,59,60,61,63,64,65,66,67,68,69,70,71,73,74,76,77,78,79,84,85,88,90,91,92,93,94,95,96,97,98,99 | LeAcc: 1.000
Our Recovered Num of Instances: 2,1,2,4,2,3,1,2,1,2,1,2,1,2,2,1,1,2,2,1,1,2,1,2,2,1,1,2,2,1,1,1,1,2,2,1,1,2,2,1,1,2,2,3,3,2,3,1,4,2,1,1,3,1,1,1,1,1,1,2,1,3,2,2,4,1,1,3,2,1,1,2,1,1,2,1 | LnAcc: 1.000 | IRec: 1.000
iDLG Recovered Labels: 0,2,3,6,7,8,11,15,17,19,20,23,24,28,32,36,37,40,44,46,49,50,55,56,57,58,60,61,63,64,67,76,78,79,84,85,88,91,92,94,95,98 | LeAcc: 0.660
GradInversion Recovered Labels: 0,1,2,3,6,7,8,11,12,15,16,17,18,19,20,21,22,23,24,26,27,28,30,32,33,34,35,36,37,38,39,40,41,44,46,47,48,49,50,51,54,55,56,57,58,59,60,61,63,64,65,66,67,68,69,70,71,73,74,76,77,78,79,84,85,88,90,91,92,93,94,95,96,97,98,99 | LeAcc: 1.000
SVD Recovered Labels: 0,1,2,3,6,7,8,11,12,15,16,17,18,19,20,21,22,23,24,26,27,28,30,32,33,34,35,36,37,38,39,40,41,44,46,47,48,49,50,51,54,55,56,57,58,59,60,61,63,64,65,66,67,68,69,70,71,73,76,77,78,79,84,85,88,91,92,93,94,95,96,97,98,99 | LeAcc: 0.980
Start Experiment 18
***************************************************************
Ground-truth Labels: 0,1,2,3,4,5,9,10,13,14,15,16,17,19,20,21,24,25,28,31,32,33,35,36,37,38,39,40,41,42,43,44,45,46,47,49,51,53,55,57,58,59,60,61,63,64,65,67,68,69,70,71,72,74,76,78,79,80,81,83,84,86,87,88,89,90,92,93,94,95,97,99
Ground-truth Num of Instances: 1,1,1,1,5,1,1,1,1,2,2,2,4,2,1,3,3,3,2,3,2,2,2,3,2,1,3,2,2,1,1,1,2,2,1,2,2,1,1,1,2,1,2,1,1,1,1,1,1,1,2,3,2,3,2,1,3,1,4,1,1,2,1,1,1,1,3,1,1,2,1,5
Our Recovered Labels: 0,1,2,3,4,5,9,10,13,14,15,16,17,19,20,21,24,25,28,31,32,33,35,36,37,38,39,40,41,42,43,44,45,46,47,49,51,53,55,57,58,59,60,61,63,64,65,67,68,69,70,71,72,74,76,78,79,80,81,83,84,86,87,88,89,90,92,93,94,95,97,99 | LeAcc: 1.000
Our Recovered Num of Instances: 1,1,1,1,5,1,1,1,1,2,2,2,4,2,1,3,3,3,2,3,2,2,2,3,2,1,3,2,2,1,1,1,2,2,1,2,2,1,1,1,2,1,2,1,1,1,1,1,1,1,2,3,2,3,2,1,3,1,4,1,1,2,1,1,1,1,3,1,1,2,1,5 | LnAcc: 1.000 | IRec: 1.000
iDLG Recovered Labels: 0,1,3,4,14,15,16,17,19,20,21,24,25,28,31,33,35,36,37,39,40,41,45,46,47,49,51,58,61,70,71,72,74,76,79,81,83,86,92,95,97,99 | LeAcc: 0.700
GradInversion Recovered Labels: 0,1,2,3,4,5,9,10,13,14,15,16,17,19,20,21,24,25,28,31,32,33,35,36,37,38,39,40,41,42,43,44,45,46,47,49,51,53,55,57,58,59,60,61,63,64,65,67,68,69,70,71,72,74,76,78,79,80,81,83,84,86,87,88,89,90,92,93,94,95,97,99 | LeAcc: 1.000
SVD Recovered Labels: 0,1,2,3,4,5,9,10,13,14,15,16,17,19,20,21,24,25,28,31,32,33,35,36,37,38,39,40,41,42,43,44,45,46,47,49,51,53,55,57,58,59,60,61,63,64,65,67,68,69,70,71,72,74,76,78,79,80,81,83,84,86,87,88,89,90,92,93,94,95,97,99 | LeAcc: 1.000
Start Experiment 19
***************************************************************
Ground-truth Labels: 2,3,5,6,7,8,9,10,11,12,13,14,16,17,18,19,20,21,23,24,25,26,27,28,29,32,33,34,36,37,41,43,45,46,47,48,49,51,52,53,54,55,57,59,60,61,62,63,65,66,67,68,71,72,73,74,75,78,79,80,81,82,83,84,85,86,87,88,90,91,92,93,94,95,98
Ground-truth Num of Instances: 2,4,1,2,2,1,2,1,1,1,1,2,1,3,2,2,1,2,1,4,2,1,1,1,1,2,1,1,1,2,2,1,1,2,2,3,1,2,3,2,2,1,1,2,2,1,2,1,2,1,1,2,3,1,1,3,1,1,1,2,1,3,2,1,2,3,2,1,4,2,1,2,1,2,2
Our Recovered Labels: 2,3,5,6,7,8,9,10,11,12,13,14,16,17,18,19,20,21,23,24,25,26,27,28,29,32,33,34,36,37,41,43,45,46,47,48,49,51,52,53,54,55,57,59,60,61,62,63,65,66,67,68,71,72,73,74,75,78,79,80,81,82,83,84,85,86,87,88,90,91,92,93,94,95,98 | LeAcc: 1.000
Our Recovered Num of Instances: 2,4,1,2,2,1,2,1,1,1,1,2,1,3,2,2,1,2,1,4,2,1,1,1,1,2,1,1,1,2,2,1,1,2,2,3,1,2,3,2,2,1,1,2,2,1,2,1,2,1,1,2,3,1,1,3,1,1,1,2,1,3,2,1,2,3,2,1,4,2,1,2,1,2,2 | LnAcc: 1.000 | IRec: 1.000
iDLG Recovered Labels: 2,3,5,6,7,9,14,17,18,19,20,21,24,25,32,37,41,46,48,51,52,53,54,55,59,60,61,62,65,68,71,74,80,82,83,84,85,86,87,90,91,93,95,98 | LeAcc: 0.690
GradInversion Recovered Labels: 2,3,5,6,7,8,9,10,11,12,13,14,16,17,18,19,20,21,23,24,25,26,27,28,29,32,33,34,36,37,41,43,45,46,47,48,49,51,52,53,54,55,57,59,60,61,62,63,65,66,67,68,71,72,73,74,75,78,79,80,81,82,83,84,85,86,87,88,90,91,92,93,94,95,98 | LeAcc: 1.000
SVD Recovered Labels: 2,3,5,6,7,8,9,10,11,12,13,14,16,17,18,19,20,21,23,24,25,26,28,29,32,33,34,36,37,41,43,46,47,48,49,51,52,53,54,55,57,59,60,61,62,65,66,67,68,71,72,74,78,79,80,81,82,83,84,85,86,87,88,90,91,92,93,94,95,98 | LeAcc: 0.950
Start Experiment 20
***************************************************************
Ground-truth Labels: 0,1,2,3,4,5,6,7,8,9,12,14,15,17,18,19,20,21,22,25,27,28,29,30,31,32,34,37,38,39,40,41,42,43,45,46,47,49,50,51,53,54,56,57,58,60,62,63,64,65,66,67,68,69,71,72,73,75,76,77,79,80,82,83,84,85,86,87,90,91,92,93,95,96,97,98
Ground-truth Num of Instances: 2,1,1,1,1,3,3,1,2,1,2,1,2,3,2,1,4,2,1,1,1,2,2,2,2,1,2,1,1,2,2,1,2,3,1,1,1,3,2,2,1,1,1,1,3,2,1,4,1,1,2,1,1,3,1,2,3,1,2,2,1,1,1,1,2,4,2,3,1,1,1,1,2,1,1,2
Our Recovered Labels: 0,1,2,3,4,5,6,7,8,9,12,14,15,17,18,19,20,21,22,25,27,28,29,30,31,32,34,37,38,39,40,41,42,43,45,46,47,49,50,51,53,54,56,57,58,60,62,63,64,65,66,67,68,69,71,72,73,75,76,77,79,80,82,83,84,85,86,87,90,91,92,93,95,96,97,98 | LeAcc: 1.000
Our Recovered Num of Instances: 2,1,1,1,1,3,3,1,2,1,2,1,2,3,2,1,4,2,1,1,1,2,2,2,2,1,2,1,1,2,2,1,2,3,1,1,1,3,2,2,1,1,1,1,3,2,1,4,1,1,2,1,1,3,1,2,3,1,2,2,1,1,1,1,2,4,2,3,1,1,1,1,2,1,1,2 | LnAcc: 1.000 | IRec: 1.000
iDLG Recovered Labels: 0,3,5,6,8,9,12,15,17,18,19,20,21,22,28,29,30,31,34,39,40,41,42,43,49,50,51,57,58,60,63,69,72,73,76,77,84,85,86,87,95,98 | LeAcc: 0.660
GradInversion Recovered Labels: 0,1,2,3,4,5,6,7,8,9,12,14,15,17,18,19,20,21,22,25,27,28,29,30,31,32,34,37,38,39,40,41,42,43,45,46,47,49,50,51,53,54,56,57,58,60,62,63,64,65,66,67,68,69,71,72,73,75,76,77,79,80,82,83,84,85,86,87,90,91,92,93,95,96,97,98 | LeAcc: 1.000
SVD Recovered Labels: 0,1,2,3,4,5,6,7,8,9,14,15,17,18,19,20,21,22,25,27,28,29,30,31,32,37,39,40,41,42,43,45,46,47,49,50,51,53,54,56,57,58,60,62,63,64,65,66,68,69,71,72,73,75,76,77,79,80,82,83,84,85,86,87,90,91,92,93,95,96,97,98 | LeAcc: 0.960
Start Experiment 21
***************************************************************
Ground-truth Labels: 0,1,2,3,4,5,6,10,11,12,13,14,15,16,19,20,21,22,24,25,26,27,28,29,30,31,33,34,35,38,39,41,43,45,48,50,51,52,54,55,57,59,63,65,66,69,71,72,73,75,76,78,79,80,82,83,85,86,87,88,92,93,95,96,98,99
Ground-truth Num of Instances: 5,2,4,5,2,1,1,1,3,1,1,4,1,1,1,1,2,1,2,1,2,1,1,3,2,2,2,1,2,1,2,3,2,1,1,3,2,4,1,1,1,2,2,2,2,1,1,3,2,1,3,4,2,2,2,1,3,2,1,4,2,1,2,2,1,2
Our Recovered Labels: 0,1,2,3,4,5,6,10,11,12,13,14,15,16,19,20,21,22,24,25,26,27,28,29,30,31,33,34,35,38,39,41,43,45,48,50,51,52,54,55,57,59,63,65,66,69,71,72,73,75,76,78,79,80,82,83,85,86,87,88,92,93,95,96,98,99 | LeAcc: 1.000
Our Recovered Num of Instances: 5,2,4,5,2,1,1,1,3,1,1,4,1,1,1,1,2,1,2,1,2,1,1,3,2,2,2,1,2,1,2,3,2,1,1,3,2,4,1,1,1,2,2,2,2,1,1,3,2,1,3,4,2,2,2,1,3,2,1,4,2,1,2,2,1,2 | LnAcc: 1.000 | IRec: 1.000
iDLG Recovered Labels: 0,1,2,3,4,11,13,14,20,21,24,26,29,30,31,35,39,41,43,50,51,52,54,59,65,72,76,78,79,82,85,86,87,88,92,95,96,99 | LeAcc: 0.720
GradInversion Recovered Labels: 0,1,2,3,4,5,6,10,11,12,13,14,15,16,19,20,21,22,24,25,26,27,28,29,30,31,33,34,35,38,39,41,43,45,48,50,51,52,54,55,57,59,63,65,66,69,71,72,73,75,76,78,79,80,82,83,85,86,87,88,92,93,95,96,98,99 | LeAcc: 1.000
SVD Recovered Labels: 0,1,2,3,4,5,6,10,11,12,13,14,15,16,19,20,21,22,24,25,26,27,28,29,30,31,33,34,35,38,39,41,43,45,48,50,51,52,54,55,57,59,63,65,66,69,71,72,73,75,76,78,79,80,82,83,85,86,87,88,92,93,95,96,98,99 | LeAcc: 1.000
Start Experiment 22
***************************************************************
Ground-truth Labels: 0,2,3,4,5,6,7,8,10,11,13,14,15,16,17,18,21,22,25,26,27,28,31,32,33,34,35,37,38,40,41,42,44,45,46,47,48,49,50,51,54,55,57,59,60,61,62,63,64,65,67,69,70,75,77,80,82,85,86,87,88,90,91,92,93,94,96,97,98,99
Ground-truth Num of Instances: 2,3,2,2,2,1,2,3,2,2,5,3,2,1,2,1,1,1,3,4,2,2,1,1,1,1,2,1,1,1,1,1,2,3,4,1,1,3,2,1,3,1,1,1,2,1,2,1,2,1,2,3,2,1,1,2,2,2,2,1,3,1,1,4,4,1,1,2,1,1
Our Recovered Labels: 0,2,3,4,5,6,7,8,10,11,13,14,15,16,17,18,21,22,25,26,27,28,31,32,33,34,35,37,38,40,41,42,44,45,46,47,48,49,50,51,54,55,57,59,60,61,62,63,64,65,67,69,70,75,77,80,82,85,86,87,88,90,91,92,93,94,96,97,98,99 | LeAcc: 1.000
Our Recovered Num of Instances: 2,3,2,2,2,1,2,3,2,2,5,3,2,1,2,1,1,1,3,4,2,2,1,1,1,1,2,1,1,1,1,1,2,3,4,1,1,3,2,1,3,1,1,1,2,1,2,1,2,1,2,3,2,1,1,2,2,2,2,1,3,1,1,4,4,1,1,2,1,1 | LnAcc: 1.000 | IRec: 1.000
iDLG Recovered Labels: 0,2,3,4,5,7,8,11,13,14,15,17,25,26,28,34,40,41,44,45,46,49,51,54,57,60,61,62,64,67,69,70,80,82,85,86,88,91,92,93,97,98 | LeAcc: 0.720
GradInversion Recovered Labels: 0,2,3,4,5,6,7,8,10,11,13,14,15,16,17,18,21,22,25,26,27,28,31,32,33,34,35,37,38,40,41,42,44,45,46,47,48,49,50,51,54,55,57,59,60,61,62,63,64,65,67,69,70,75,77,80,82,85,86,87,88,90,91,92,93,94,96,97,98,99 | LeAcc: 1.000
SVD Recovered Labels: 0,2,3,4,5,6,7,8,10,11,13,14,15,16,17,18,21,22,25,26,27,28,31,32,33,34,35,37,38,40,41,42,44,45,46,47,48,49,50,51,54,55,57,59,60,61,62,63,64,65,67,69,70,75,77,80,82,85,86,87,88,90,91,92,93,94,96,97,98,99 | LeAcc: 1.000
Start Experiment 23
***************************************************************
Ground-truth Labels: 0,1,2,3,4,5,6,7,8,10,11,12,13,14,15,17,19,21,22,23,24,25,26,27,28,29,30,32,33,36,37,38,40,42,43,44,45,46,47,48,49,50,52,53,55,56,57,58,61,63,65,66,67,68,69,70,72,73,74,75,76,77,78,80,81,82,83,84,86,87,88,89,93,94,95,96,97,99
Ground-truth Num of Instances: 2,1,2,1,1,2,2,3,1,1,2,3,2,1,2,2,1,1,1,1,1,2,1,1,4,2,1,2,3,4,1,2,2,1,2,1,2,1,2,4,1,2,1,1,2,2,1,2,2,2,2,1,1,1,3,1,1,1,3,1,1,1,2,1,1,1,2,2,1,2,1,1,1,2,3,1,2,1
Our Recovered Labels: 0,1,2,3,4,5,6,7,8,10,11,12,13,14,15,17,19,21,22,23,24,25,26,27,28,29,30,32,33,36,37,38,40,42,43,44,45,46,47,48,49,50,52,53,55,56,57,58,61,63,65,66,67,68,69,70,72,73,74,75,76,77,78,80,81,82,83,84,86,87,88,89,93,94,95,96,97,99 | LeAcc: 1.000
Our Recovered Num of Instances: 2,1,2,1,1,2,2,3,1,1,2,3,2,1,2,2,1,1,1,1,1,2,1,1,4,2,1,2,3,4,1,2,2,1,2,1,2,1,2,4,1,2,1,1,2,2,1,2,2,2,2,1,1,1,3,1,1,1,3,1,1,1,2,1,1,1,2,2,1,2,1,1,1,2,3,1,2,1 | LnAcc: 1.000 | IRec: 1.000
iDLG Recovered Labels: 0,2,5,6,7,8,11,12,13,15,17,22,25,28,29,32,33,36,38,40,43,45,47,48,50,55,56,57,58,61,63,65,69,74,77,78,83,84,87,94,95,97 | LeAcc: 0.640
GradInversion Recovered Labels: 0,1,2,3,4,5,6,7,8,10,11,12,13,14,15,17,19,21,22,23,24,25,26,27,28,29,30,32,33,36,37,38,40,42,43,44,45,46,47,48,49,50,52,53,55,56,57,58,61,63,65,66,67,68,69,70,72,73,74,75,76,77,78,80,81,82,83,84,86,87,88,89,93,94,95,96,97,99 | LeAcc: 1.000
SVD Recovered Labels: 0,3,4,6,7,8,10,11,12,14,15,17,19,23,24,25,26,27,28,29,30,32,33,36,37,38,40,42,43,44,45,47,48,49,50,55,56,57,58,61,63,65,67,68,69,70,72,73,74,78,80,83,84,87,88,89,94,95,96,97 | LeAcc: 0.820
Start Experiment 24
***************************************************************
Ground-truth Labels: 0,1,3,4,7,9,10,11,12,14,15,17,18,19,22,23,24,25,26,27,29,30,31,32,33,34,35,37,38,39,41,43,44,45,46,47,48,50,51,52,53,54,55,56,57,58,59,60,62,63,64,65,67,68,69,70,72,73,74,75,76,77,78,79,80,83,84,85,87,88,89,90,91,93,94,96,97,99
Ground-truth Num of Instances: 2,1,1,1,2,1,1,2,1,1,5,3,2,2,2,2,2,2,1,1,3,1,2,2,1,1,1,2,2,1,1,1,1,1,2,1,1,1,1,2,3,2,1,1,1,1,1,3,1,2,2,1,2,2,3,1,1,1,1,2,3,1,2,2,2,1,2,2,1,1,5,1,1,3,2,1,1,2
Our Recovered Labels: 0,1,3,4,7,9,10,11,12,14,15,17,18,19,22,23,24,25,26,27,29,30,31,32,33,34,35,37,38,39,41,43,44,45,46,47,48,50,51,52,53,54,55,56,57,58,59,60,62,63,64,65,67,68,69,70,72,73,74,75,76,77,78,79,80,83,84,85,87,88,89,90,91,93,94,96,97,99 | LeAcc: 1.000
Our Recovered Num of Instances: 2,1,1,1,2,1,1,2,1,1,5,3,2,2,2,2,2,2,1,1,3,1,2,2,1,1,1,2,2,1,1,1,1,1,2,1,1,1,1,2,3,2,1,1,1,1,1,3,1,2,2,1,2,2,3,1,1,1,1,2,3,1,2,2,2,1,2,2,1,1,5,1,1,3,2,1,1,2 | LnAcc: 1.000 | IRec: 1.000
iDLG Recovered Labels: 0,7,11,12,15,17,19,22,24,25,29,31,32,35,37,38,41,46,48,51,52,53,54,58,60,63,64,68,69,70,72,75,76,78,79,80,84,85,89,93,94,99 | LeAcc: 0.640
GradInversion Recovered Labels: 0,1,3,4,7,9,10,11,12,14,15,17,18,19,22,23,24,25,26,27,29,30,31,32,33,34,35,37,38,39,41,43,44,45,46,47,48,50,51,52,53,54,55,56,57,58,59,60,62,63,64,65,67,68,69,70,72,73,74,75,76,77,78,79,80,83,84,85,87,88,89,90,91,93,94,96,97,99 | LeAcc: 1.000
SVD Recovered Labels: 0,12,15,17,19,23,24,29,30,35,37,38,43,45,46,47,48,52,53,54,55,57,58,60,64,67,69,70,72,75,76,83,84,85,89,94,99 | LeAcc: 0.590
Start Experiment 25
***************************************************************
Ground-truth Labels: 0,1,2,3,5,6,7,8,9,10,12,13,14,16,17,18,20,22,23,24,26,27,28,29,31,32,33,34,36,38,40,41,43,44,46,47,48,49,50,51,53,54,55,56,57,58,59,60,61,62,63,64,68,69,70,73,74,77,78,79,82,83,85,86,87,89,90,93,95,96,97,99
Ground-truth Num of Instances: 1,2,1,1,1,3,1,1,1,3,2,1,3,3,1,1,2,1,1,1,2,3,4,2,3,2,2,2,1,1,2,1,1,1,3,2,2,1,2,1,2,1,2,3,4,1,2,1,1,1,1,2,1,2,3,3,1,3,1,2,1,1,1,1,2,1,2,2,1,5,1,4
Our Recovered Labels: 0,1,2,3,5,6,7,8,9,10,12,13,14,16,17,18,20,22,23,24,26,27,28,29,31,32,33,34,36,38,40,41,43,44,46,47,48,49,50,51,53,54,55,56,57,58,59,60,61,62,63,64,68,69,70,73,74,77,78,79,82,83,85,86,87,89,90,93,95,96,97,99 | LeAcc: 1.000
Our Recovered Num of Instances: 1,2,1,1,1,3,1,1,1,3,2,1,3,3,1,1,2,1,1,1,2,3,4,2,3,2,2,2,1,1,2,1,1,1,3,2,2,1,2,1,2,1,2,3,4,1,2,1,1,1,1,2,1,2,3,3,1,3,1,2,1,1,1,1,2,1,2,2,1,5,1,4 | LnAcc: 1.000 | IRec: 1.000
iDLG Recovered Labels: 0,1,6,9,10,12,14,16,20,24,26,27,28,29,31,32,34,40,41,46,47,48,50,53,56,57,59,63,64,69,70,73,77,79,83,85,86,87,90,95,96,99 | LeAcc: 0.700
GradInversion Recovered Labels: 0,1,2,3,5,6,7,8,9,10,12,13,14,16,17,18,20,22,23,24,26,27,28,29,31,32,33,34,36,38,40,41,43,44,46,47,48,49,50,51,53,54,55,56,57,58,59,60,61,62,63,64,68,69,70,73,74,77,78,79,82,83,85,86,87,89,90,93,95,96,97,99 | LeAcc: 1.000
SVD Recovered Labels: 0,1,2,3,5,6,7,8,9,10,12,13,14,16,17,18,20,22,23,24,26,27,28,29,31,32,33,34,36,38,40,41,43,44,46,47,48,49,50,51,53,54,55,56,57,58,59,60,61,62,63,64,68,69,70,73,74,77,78,79,82,83,85,86,87,89,90,93,95,96,97,99 | LeAcc: 1.000
Start Experiment 26
***************************************************************
Ground-truth Labels: 0,1,3,5,6,7,8,10,11,12,14,15,17,20,21,22,25,26,28,29,31,32,33,34,35,37,40,41,42,43,44,45,46,47,51,52,54,55,56,57,58,59,64,65,67,68,71,73,74,76,79,80,81,82,83,86,87,88,90,91,92,93,94,95,96,97,98,99
Ground-truth Num of Instances: 1,2,1,2,3,2,3,3,2,1,3,1,3,2,1,1,3,3,1,1,2,1,1,1,1,1,1,2,2,1,2,3,1,1,1,2,3,2,1,2,3,2,1,1,1,4,2,2,4,2,1,2,3,5,3,3,1,2,2,2,1,1,1,3,1,1,1,3
Our Recovered Labels: 0,1,3,5,6,7,8,10,11,12,14,15,17,20,21,22,25,26,28,29,31,32,33,34,35,37,40,41,42,43,44,45,46,47,51,52,54,55,56,57,58,59,64,65,67,68,71,73,74,76,79,80,81,82,83,86,87,88,90,91,92,93,94,95,96,97,98,99 | LeAcc: 1.000
Our Recovered Num of Instances: 1,2,1,2,3,2,3,3,2,1,3,1,3,2,1,1,3,3,1,1,2,1,1,1,1,1,1,2,2,1,2,3,1,1,1,2,3,2,1,2,3,2,1,1,1,4,2,2,4,2,1,2,3,5,3,3,1,2,2,2,1,1,1,3,1,1,1,3 | LnAcc: 1.000 | IRec: 1.000
iDLG Recovered Labels: 1,5,6,7,8,10,11,14,17,20,22,25,26,31,35,41,42,44,45,52,54,55,57,58,59,64,68,71,74,76,80,81,82,83,86,88,90,91,92,95,99 | LeAcc: 0.730
GradInversion Recovered Labels: 0,1,3,5,6,7,8,10,11,12,14,15,17,20,21,22,25,26,28,29,31,32,33,34,35,37,40,41,42,43,44,45,46,47,51,52,54,55,56,57,58,59,64,65,67,68,71,73,74,76,79,80,81,82,83,86,87,88,90,91,92,93,94,95,96,97,98,99 | LeAcc: 1.000
SVD Recovered Labels: 0,1,3,5,6,7,8,10,11,12,14,15,17,20,21,22,25,26,28,29,31,32,33,34,35,37,40,41,42,43,44,45,46,47,51,52,54,55,56,57,58,59,64,65,67,68,71,73,74,76,79,80,81,82,83,86,87,88,90,91,92,93,94,95,96,97,98,99 | LeAcc: 1.000
Start Experiment 27
***************************************************************
Ground-truth Labels: 0,1,2,3,6,7,9,10,11,13,14,15,17,18,19,20,21,27,30,31,34,35,36,38,39,40,41,42,43,44,45,47,48,49,50,51,52,53,54,55,56,57,58,59,62,63,64,67,68,69,70,71,72,73,75,77,79,80,81,82,83,84,85,86,87,88,89,90,91,93,94,95,97,98,99
Ground-truth Num of Instances: 2,1,1,1,1,2,1,2,1,1,1,3,1,1,2,4,1,1,2,1,1,2,2,2,2,1,2,1,1,2,1,2,3,2,3,1,2,3,1,1,2,2,3,1,2,3,2,2,1,3,1,1,3,1,1,3,7,1,1,1,1,1,3,1,3,1,1,1,1,1,1,2,1,2,2
Our Recovered Labels: 0,1,2,3,6,7,9,10,11,13,14,15,17,18,19,20,21,27,30,31,34,35,36,38,39,40,41,42,43,44,45,47,48,49,50,51,52,53,54,55,56,57,58,59,62,63,64,67,68,69,70,71,72,73,75,77,79,80,81,82,83,84,85,86,87,88,89,90,91,93,94,95,97,98,99 | LeAcc: 1.000
Our Recovered Num of Instances: 2,1,1,1,1,2,1,2,1,1,1,3,1,1,2,4,1,1,2,1,1,2,2,2,2,1,2,1,1,2,1,2,3,2,3,1,2,3,1,1,2,2,3,1,2,3,2,2,1,3,1,1,3,1,1,3,7,1,1,1,1,1,3,1,3,1,1,1,1,1,1,2,1,2,2 | LnAcc: 1.000 | IRec: 1.000
iDLG Recovered Labels: 3,7,10,13,15,17,18,19,20,30,35,36,38,39,41,44,47,48,49,50,52,53,56,57,58,62,63,64,69,72,77,79,85,87,90,95,98 | LeAcc: 0.620
GradInversion Recovered Labels: 0,1,2,3,6,7,9,10,11,13,14,15,17,18,19,20,21,27,30,31,34,35,36,38,39,40,41,42,43,44,45,47,48,49,50,51,52,53,54,55,56,57,58,59,62,63,64,67,68,69,70,71,72,73,75,77,79,80,81,82,83,84,85,86,87,88,89,90,91,93,94,95,97,98,99 | LeAcc: 1.000
SVD Recovered Labels: 0,1,2,3,6,7,9,10,11,13,14,15,17,18,19,20,21,27,30,31,34,35,36,38,39,40,41,42,43,44,45,47,48,49,50,51,52,53,54,55,56,57,58,59,62,63,64,67,69,70,71,72,73,75,77,79,80,81,82,83,84,85,86,87,88,89,90,91,93,94,95,97,98,99 | LeAcc: 0.990
Start Experiment 28
***************************************************************
Ground-truth Labels: 0,2,3,4,6,7,8,9,10,11,13,15,17,18,20,24,25,26,27,29,30,31,32,33,34,35,37,41,42,43,44,46,47,48,50,51,52,53,55,58,61,62,63,65,67,68,69,70,73,74,75,76,78,80,82,83,85,86,87,88,89,90,91,92,94,95,96,97,98
Ground-truth Num of Instances: 1,1,5,1,1,1,3,1,3,2,3,1,2,3,3,1,1,3,1,1,2,1,2,1,1,1,3,1,1,2,3,1,2,4,1,5,2,2,2,2,3,2,1,2,4,1,2,1,1,2,2,2,1,1,4,1,4,1,1,1,1,1,2,3,3,1,1,1,1
Our Recovered Labels: 0,2,3,4,6,7,8,9,10,11,13,15,17,18,20,24,25,26,27,29,30,31,32,33,34,35,37,41,42,43,44,46,47,48,50,51,52,53,55,58,61,62,63,65,67,68,69,70,73,74,75,76,78,80,82,83,85,86,87,88,89,90,91,92,94,95,96,97,98 | LeAcc: 1.000
Our Recovered Num of Instances: 1,1,5,1,1,1,3,1,3,2,3,1,2,3,3,1,1,3,1,1,2,1,2,1,1,1,3,1,1,2,3,1,2,4,1,5,2,2,2,2,3,2,1,2,4,1,2,1,1,2,2,2,1,1,4,1,4,1,1,1,1,1,2,3,3,1,1,1,1 | LnAcc: 1.000 | IRec: 1.000
iDLG Recovered Labels: 3,6,8,9,10,11,13,17,18,20,24,26,29,30,32,37,43,44,48,50,51,52,53,55,58,61,62,65,67,69,74,75,76,82,85,86,91,92,94 | LeAcc: 0.700
GradInversion Recovered Labels: 0,2,3,4,6,7,8,9,10,11,13,15,17,18,20,24,25,26,27,29,30,31,32,33,34,35,37,41,42,43,44,46,47,48,50,51,52,53,55,58,61,62,63,65,67,68,69,70,73,74,75,76,78,80,82,83,85,86,87,88,89,90,91,92,94,95,96,97,98 | LeAcc: 1.000
SVD Recovered Labels: 0,2,3,4,6,7,8,9,10,11,13,15,17,18,20,24,25,26,27,29,30,31,32,33,34,35,37,41,42,43,44,46,47,48,50,51,52,53,55,58,61,62,63,65,67,68,69,70,73,74,75,76,78,80,82,83,85,86,87,88,89,90,91,92,94,95,96,97,98 | LeAcc: 1.000
Start Experiment 29
***************************************************************
Ground-truth Labels: 0,2,3,4,5,7,8,11,12,18,21,22,23,24,25,26,27,28,30,31,32,33,34,35,36,37,38,39,41,42,43,44,45,46,48,49,51,53,57,58,60,61,62,63,65,66,67,68,69,70,74,75,76,77,78,79,80,81,82,83,84,85,86,87,88,89,90,91,94,95,96,97,99
Ground-truth Num of Instances: 1,2,2,1,1,1,1,1,1,4,2,2,3,4,1,1,1,3,1,1,2,2,1,1,1,1,2,1,3,1,4,1,2,2,2,2,1,3,1,2,1,1,1,2,2,1,1,1,1,2,1,2,2,4,2,3,1,1,1,1,1,5,2,4,2,1,4,1,1,2,1,2,2
Our Recovered Labels: 0,2,3,4,5,7,8,11,12,18,21,22,23,24,25,26,27,28,30,31,32,33,34,35,36,37,38,39,41,42,43,44,45,46,48,49,51,53,57,58,60,61,62,63,65,66,67,68,69,70,74,75,76,77,78,79,80,81,82,83,84,85,86,87,88,89,90,91,94,95,96,97,99 | LeAcc: 1.000
Our Recovered Num of Instances: 1,2,2,1,1,1,1,1,1,4,2,2,3,4,1,1,1,3,1,1,2,2,1,1,1,1,2,1,3,1,4,1,2,2,2,2,1,3,1,2,1,1,1,2,2,1,1,1,1,2,1,2,2,4,2,3,1,1,1,1,1,5,2,4,2,1,4,1,1,2,1,2,2 | LnAcc: 1.000 | IRec: 1.000
iDLG Recovered Labels: 2,3,4,7,18,21,22,23,24,25,28,32,33,38,39,41,43,45,46,48,49,51,53,57,58,65,69,70,75,76,77,78,79,80,85,86,87,88,90,95,97,99 | LeAcc: 0.690
GradInversion Recovered Labels: 0,2,3,4,5,7,8,11,12,18,21,22,23,24,25,26,27,28,30,31,32,33,34,35,36,37,38,39,41,42,43,44,45,46,48,49,51,53,57,58,60,61,62,63,65,66,67,68,69,70,74,75,76,77,78,79,80,81,82,83,84,85,86,87,88,89,90,91,94,95,96,97,99 | LeAcc: 1.000
SVD Recovered Labels: 0,2,3,4,5,7,8,11,12,18,21,22,23,24,25,26,27,28,30,31,32,33,34,35,36,37,38,39,41,42,43,44,45,46,48,49,51,53,57,58,60,61,62,63,65,66,67,68,69,70,74,75,76,77,78,79,80,81,82,83,84,85,86,87,88,89,90,91,94,95,96,97,99 | LeAcc: 1.000
Start Experiment 30
***************************************************************
Ground-truth Labels: 1,2,3,4,5,6,7,8,9,10,11,12,13,14,15,16,17,19,20,21,22,23,24,25,26,28,31,32,35,36,37,38,40,41,45,46,47,49,50,51,52,53,55,57,62,65,66,67,70,71,72,73,75,76,77,78,79,80,81,83,84,85,86,87,89,90,91,92,93,95,97,98,99
Ground-truth Num of Instances: 3,1,1,2,1,1,2,1,2,1,3,1,3,1,1,2,1,5,1,3,2,4,2,2,2,1,3,2,1,3,1,1,1,3,1,2,2,1,2,7,2,1,1,2,1,3,2,2,2,1,2,2,1,1,1,1,1,1,1,1,2,1,1,1,5,1,1,2,1,1,2,1,1
Our Recovered Labels: 1,2,3,4,5,6,7,8,9,10,11,12,13,14,15,16,17,19,20,21,22,23,24,25,26,28,31,32,35,36,37,38,40,41,45,46,47,49,50,51,52,53,55,57,62,65,66,67,70,71,72,73,75,76,77,78,79,80,81,83,84,85,86,87,89,90,91,92,93,95,97,98,99 | LeAcc: 1.000
Our Recovered Num of Instances: 3,1,1,2,1,1,2,1,2,1,3,1,3,1,1,2,1,5,1,3,2,4,2,2,2,1,3,2,1,3,1,1,1,3,1,2,2,1,2,7,2,1,1,2,1,3,2,2,2,1,2,2,1,1,1,1,1,1,1,1,2,1,1,1,5,1,1,2,1,1,2,1,1 | LnAcc: 1.000 | IRec: 1.000
iDLG Recovered Labels: 1,4,5,7,9,11,13,15,16,19,21,22,23,24,25,26,28,31,32,36,41,46,47,50,51,52,57,65,66,67,70,72,73,77,80,81,83,84,89,91,92,95,97 | LeAcc: 0.700
GradInversion Recovered Labels: 1,2,3,4,5,6,7,8,9,10,11,12,13,14,15,16,17,19,20,21,22,23,24,25,26,28,31,32,35,36,37,38,40,41,45,46,47,49,50,51,52,53,55,57,62,65,66,67,70,71,72,73,75,76,77,78,79,80,81,83,84,85,86,87,89,90,91,92,93,95,97,98,99 | LeAcc: 1.000
SVD Recovered Labels: 1,2,3,4,5,6,7,8,9,10,11,12,13,14,15,16,17,19,20,21,22,23,24,25,26,28,31,32,35,36,37,38,40,41,45,46,47,49,50,51,52,53,55,57,62,65,66,67,70,71,72,73,75,76,77,78,79,80,81,83,84,85,86,87,89,90,91,92,95,97,98,99 | LeAcc: 0.990
Start Experiment 31
***************************************************************
Ground-truth Labels: 0,1,2,4,5,6,7,10,11,12,13,16,18,19,20,21,22,23,24,27,28,29,30,31,32,34,35,36,37,38,39,40,41,42,45,46,47,49,51,52,53,56,58,63,64,65,66,67,68,69,71,72,73,75,76,77,78,79,80,81,82,83,84,85,86,87,88,90,91,92,93,94,95,96,99
Ground-truth Num of Instances: 4,1,4,1,3,1,1,1,1,1,1,1,3,3,3,2,1,3,1,1,1,3,2,1,2,2,1,1,3,2,3,1,1,1,2,2,2,2,1,1,1,1,3,2,1,2,1,1,1,1,2,1,1,3,1,1,2,2,1,2,2,1,3,2,1,1,1,2,3,4,2,2,1,1,1
Our Recovered Labels: 0,1,2,4,5,6,7,10,11,12,13,16,18,19,20,21,22,23,24,27,28,29,30,31,32,34,35,36,37,38,39,40,41,42,45,46,47,49,51,52,53,56,58,63,64,65,66,67,68,69,71,72,73,75,76,77,78,79,80,81,82,83,84,85,86,87,88,90,91,92,93,94,95,96,99 | LeAcc: 1.000
Our Recovered Num of Instances: 4,1,4,1,3,1,1,1,1,1,1,1,3,3,3,2,1,3,1,1,1,3,2,1,2,2,1,1,3,2,3,1,1,1,2,2,2,2,1,1,1,1,3,2,1,2,1,1,1,1,2,1,1,3,1,1,2,2,1,2,2,1,3,2,1,1,1,2,3,4,2,2,1,1,1 | LnAcc: 1.000 | IRec: 1.000
iDLG Recovered Labels: 0,2,5,10,16,18,19,20,21,22,23,28,29,30,32,34,37,38,39,45,46,47,49,58,63,65,68,71,75,78,79,81,82,83,84,85,90,91,92,93,94 | LeAcc: 0.660
GradInversion Recovered Labels: 0,1,2,4,5,6,7,10,11,12,13,16,18,19,20,21,22,23,24,27,28,29,30,31,32,34,35,36,37,38,39,40,41,42,45,46,47,49,51,52,53,56,58,63,64,65,66,67,68,69,71,72,73,75,76,77,78,79,80,81,82,83,84,85,86,87,88,90,91,92,93,94,95,96,99 | LeAcc: 1.000
SVD Recovered Labels: 0,1,2,4,5,6,7,10,11,12,13,16,18,19,20,21,22,23,24,27,28,29,30,32,34,35,36,37,38,39,40,41,42,45,46,47,49,51,52,53,56,58,63,64,65,67,68,69,71,73,75,76,77,79,81,82,83,84,85,86,87,88,90,91,92,93,94,95,96,99 | LeAcc: 0.950
Start Experiment 32
***************************************************************
Ground-truth Labels: 2,3,6,7,10,11,13,14,19,20,21,22,23,24,25,27,28,29,30,32,35,36,37,38,40,41,42,43,44,45,47,48,51,52,53,54,55,56,57,61,62,63,64,66,67,69,70,71,73,74,75,77,78,79,80,81,82,83,86,87,88,90,91,92,93,94,96,97,98
Ground-truth Num of Instances: 6,2,1,2,2,1,3,2,1,2,2,1,2,1,2,1,1,3,2,3,1,1,1,3,4,1,2,2,2,1,1,1,1,1,2,3,1,1,3,1,3,2,3,1,2,1,3,1,1,3,2,1,1,3,3,2,3,2,1,1,4,1,2,1,2,2,1,2,1
Our Recovered Labels: 2,3,6,7,10,11,13,14,19,20,21,22,23,24,25,27,28,29,30,32,35,36,37,38,40,41,42,43,44,45,47,48,51,52,53,54,55,56,57,61,62,63,64,66,67,69,70,71,73,74,75,77,78,79,80,81,82,83,86,87,88,90,91,92,93,94,96,97,98 | LeAcc: 1.000
Our Recovered Num of Instances: 6,2,1,2,2,1,3,2,1,2,2,1,2,1,2,1,1,3,2,3,1,1,1,3,4,1,2,2,2,1,1,1,1,1,2,3,1,1,3,1,3,2,3,1,2,1,3,1,1,3,2,1,1,3,3,2,3,2,1,1,4,1,2,1,2,2,1,2,1 | LnAcc: 1.000 | IRec: 1.000
iDLG Recovered Labels: 2,3,7,10,13,14,19,20,21,23,25,28,29,30,32,38,40,42,43,44,51,53,54,57,61,62,63,64,66,67,70,74,75,79,80,81,82,83,88,91,93,94,97 | LeAcc: 0.740
GradInversion Recovered Labels: 2,3,6,7,10,11,13,14,19,20,21,22,23,24,25,27,28,29,30,32,35,36,37,38,40,41,42,43,44,45,47,48,51,52,53,54,55,56,57,61,62,63,64,66,67,69,70,71,73,74,75,77,78,79,80,81,82,83,86,87,88,90,91,92,93,94,96,97,98 | LeAcc: 1.000
SVD Recovered Labels: 2,3,6,7,10,11,13,14,19,20,21,22,23,24,25,27,28,29,30,32,35,36,37,38,40,41,42,43,44,45,47,48,51,52,53,54,55,56,57,61,62,63,64,66,67,69,70,71,73,74,75,77,78,79,80,81,82,83,86,87,88,90,91,92,93,94,96,97,98 | LeAcc: 1.000
Start Experiment 33
***************************************************************
Ground-truth Labels: 0,2,5,6,8,9,11,12,16,17,18,21,25,26,27,28,29,30,31,32,34,35,36,37,38,39,40,41,42,43,44,45,46,47,48,49,50,54,56,57,59,60,61,62,63,64,65,66,67,68,69,70,71,73,74,75,77,78,80,82,83,84,85,86,88,90,91,92,95,96,97,98,99
Ground-truth Num of Instances: 1,2,2,2,1,1,2,2,1,3,1,2,1,2,1,2,1,2,1,1,4,1,3,2,2,1,4,3,2,3,1,2,1,2,1,1,2,1,1,2,2,1,2,3,1,2,1,2,2,1,3,1,1,1,1,7,2,1,1,1,4,1,2,3,2,1,1,1,1,2,1,2,1
Our Recovered Labels: 0,2,5,6,8,9,11,12,16,17,18,21,25,26,27,28,29,30,31,32,34,35,36,37,38,39,40,41,42,43,44,45,46,47,48,49,50,54,56,57,59,60,61,62,63,64,65,66,67,68,69,70,71,73,74,75,77,78,80,82,83,84,85,86,88,90,91,92,95,96,97,98,99 | LeAcc: 1.000
Our Recovered Num of Instances: 1,2,2,2,1,1,2,2,1,3,1,2,1,2,1,2,1,2,1,1,4,1,3,2,2,1,4,3,2,3,1,2,1,2,1,1,2,1,1,2,2,1,2,3,1,2,1,2,2,1,3,1,1,1,1,7,2,1,1,1,4,1,2,3,2,1,1,1,1,2,1,2,1 | LnAcc: 1.000 | IRec: 1.000
iDLG Recovered Labels: 0,2,5,6,11,12,16,17,21,26,28,34,35,36,37,38,39,40,41,42,43,44,45,47,50,57,59,61,62,64,66,69,70,75,77,82,83,85,86,88,91,95,96,98,99 | LeAcc: 0.720
GradInversion Recovered Labels: 0,2,5,6,8,9,11,12,16,17,18,21,25,26,27,28,29,30,31,32,34,35,36,37,38,39,40,41,42,43,44,45,46,47,48,49,50,54,56,57,59,60,61,62,63,64,65,66,67,68,69,70,71,73,74,75,77,78,80,82,83,84,85,86,88,90,91,92,95,96,97,98,99 | LeAcc: 1.000
SVD Recovered Labels: 0,2,5,6,8,9,11,12,16,17,18,21,25,26,27,28,29,30,31,32,34,35,36,37,38,39,40,41,42,43,44,45,46,47,48,49,50,54,56,57,59,60,61,62,63,64,65,66,67,68,69,70,71,73,74,75,77,78,80,82,83,84,85,86,88,90,91,92,95,96,97,98,99 | LeAcc: 1.000
Start Experiment 34
***************************************************************
Ground-truth Labels: 1,3,4,5,6,7,8,9,11,13,16,17,18,19,20,21,22,23,24,26,28,30,31,32,33,34,36,38,39,40,46,47,48,49,50,51,52,53,54,55,56,57,58,59,60,62,63,64,67,68,72,73,74,75,76,79,80,81,82,83,86,87,88,89,91,92,93,94,96,97,99
Ground-truth Num of Instances: 2,1,1,2,1,1,2,1,1,1,2,2,2,1,1,4,2,4,1,2,3,2,2,5,1,1,1,2,1,1,3,1,1,2,1,2,1,1,1,4,1,2,2,1,3,1,1,3,1,2,3,1,2,1,2,2,1,2,4,1,3,2,1,2,1,5,2,3,1,1,1
Our Recovered Labels: 1,3,4,5,6,7,8,9,11,13,16,17,18,19,20,21,22,23,24,26,28,30,31,32,33,34,36,38,39,40,46,47,48,49,50,51,52,53,54,55,56,57,58,59,60,62,63,64,67,68,72,73,74,75,76,79,80,81,82,83,86,87,88,89,91,92,93,94,96,97,99 | LeAcc: 1.000
Our Recovered Num of Instances: 2,1,1,2,1,1,2,1,1,1,2,2,2,1,1,4,2,4,1,2,3,2,2,5,1,1,1,2,1,1,3,1,1,2,1,2,1,1,1,4,1,2,2,1,3,1,1,3,1,2,3,1,2,1,2,2,1,2,4,1,3,2,1,2,1,5,2,3,1,1,1 | LnAcc: 1.000 | IRec: 1.000
iDLG Recovered Labels: 1,5,8,16,17,18,20,21,22,23,26,28,30,31,32,38,46,49,51,55,57,58,60,64,68,72,74,75,76,79,81,82,83,86,87,89,92,93,94,99 | LeAcc: 0.690
GradInversion Recovered Labels: 1,3,4,5,6,7,8,9,11,13,16,17,18,19,20,21,22,23,24,26,28,30,31,32,33,34,36,38,39,40,46,47,48,49,50,51,52,53,54,55,56,57,58,59,60,62,63,64,67,68,72,73,74,75,76,79,80,81,82,83,86,87,88,89,91,92,93,94,96,97,99 | LeAcc: 1.000
SVD Recovered Labels: 1,3,4,5,6,7,8,9,11,13,16,17,18,19,20,21,22,23,24,26,28,30,31,32,33,34,36,38,39,40,46,47,48,49,50,51,52,53,54,55,56,57,58,59,60,62,63,64,67,68,72,73,74,75,76,79,80,81,82,83,86,87,88,89,91,92,93,94,96,97,99 | LeAcc: 1.000
Start Experiment 35
***************************************************************
Ground-truth Labels: 1,2,3,5,6,7,8,9,10,11,12,13,14,15,16,17,18,20,21,22,23,24,25,26,29,30,31,35,37,38,40,41,42,44,45,46,48,49,50,51,52,53,55,58,60,61,63,64,66,71,72,73,74,75,76,77,78,79,80,81,82,83,84,85,86,89,90,91,92,94,95,96,97,99
Ground-truth Num of Instances: 2,2,2,1,1,1,1,1,3,1,2,1,2,4,1,1,1,2,1,1,2,1,3,3,1,1,1,1,3,1,2,1,1,1,3,1,1,4,1,1,2,1,2,2,2,1,1,1,1,3,2,1,2,1,4,2,2,2,3,2,1,2,2,1,5,3,1,1,2,2,2,2,2,1
Our Recovered Labels: 1,2,3,5,6,7,8,9,10,11,12,13,14,15,16,17,18,20,21,22,23,24,25,26,29,30,31,35,37,38,40,41,42,44,45,46,48,49,50,51,52,53,55,58,60,61,63,64,66,71,72,73,74,75,76,77,78,79,80,81,82,83,84,85,86,89,90,91,92,94,95,96,97,99 | LeAcc: 1.000
Our Recovered Num of Instances: 2,2,2,1,1,1,1,1,3,1,2,1,2,4,1,1,1,2,1,1,2,1,3,3,1,1,1,1,3,1,2,1,1,1,3,1,1,4,1,1,2,1,2,2,2,1,1,1,1,3,2,1,2,1,4,2,2,2,3,2,1,2,2,1,5,3,1,1,2,2,2,2,2,1 | LnAcc: 1.000 | IRec: 1.000
iDLG Recovered Labels: 1,2,3,5,9,10,12,14,15,20,22,23,24,25,26,29,37,40,45,49,52,55,58,60,61,71,72,76,77,78,79,80,81,83,84,86,89,92,94,95,96,97,99 | LeAcc: 0.690
GradInversion Recovered Labels: 1,2,3,5,6,7,8,9,10,11,12,13,14,15,16,17,18,20,21,22,23,24,25,26,29,30,31,35,37,38,40,41,42,44,45,46,48,49,50,51,52,53,55,58,60,61,63,64,66,71,72,73,74,75,76,77,78,79,80,81,82,83,84,85,86,89,90,91,92,94,95,96,97,99 | LeAcc: 1.000
SVD Recovered Labels: 1,2,3,5,6,7,8,9,10,11,12,13,14,15,16,17,18,20,21,22,23,24,25,26,29,30,31,35,37,38,40,41,42,44,45,46,48,49,50,51,52,55,58,60,61,64,66,71,74,75,76,77,78,79,80,81,82,83,84,85,86,89,90,91,92,94,95,96,97,99 | LeAcc: 0.960
Start Experiment 36
***************************************************************
Ground-truth Labels: 1,2,4,6,8,9,10,11,13,14,16,17,19,21,22,23,24,26,27,28,29,30,31,32,33,34,36,37,38,39,40,41,42,44,45,46,48,49,52,53,54,55,56,57,58,59,61,62,63,64,67,69,70,71,72,73,74,76,78,80,81,83,84,85,86,87,88,89,90,93,94,95,96,97,98,99
Ground-truth Num of Instances: 2,3,3,2,1,1,2,1,2,1,1,1,1,2,1,1,1,4,3,2,4,2,1,1,3,1,2,1,1,2,1,1,2,2,1,2,2,1,1,2,1,2,3,3,1,2,1,1,1,2,2,1,2,2,1,2,2,2,2,1,2,2,1,1,1,1,1,1,1,2,3,3,2,1,2,2
Our Recovered Labels: 1,2,4,6,8,9,10,11,13,14,16,17,19,21,22,23,24,26,27,28,29,30,31,32,33,34,36,37,38,39,40,41,42,44,45,46,48,49,52,53,54,55,56,57,58,59,61,62,63,64,67,69,70,71,72,73,74,76,78,80,81,83,84,85,86,87,88,89,90,93,94,95,96,97,98,99 | LeAcc: 1.000
Our Recovered Num of Instances: 2,3,3,2,1,1,2,1,2,1,1,1,1,2,1,1,1,4,3,2,4,2,1,1,3,1,2,1,1,2,1,1,2,2,1,2,2,1,1,2,1,2,3,3,1,2,1,1,1,2,2,1,2,2,1,2,2,2,2,1,2,2,1,1,1,1,1,1,1,2,3,3,2,1,2,2 | LnAcc: 1.000 | IRec: 1.000
iDLG Recovered Labels: 1,2,4,6,10,11,13,14,19,21,24,26,27,28,29,30,32,33,36,39,41,42,44,45,46,48,53,55,56,57,58,59,64,67,70,73,74,76,78,81,83,84,85,94,95,96,98,99 | LeAcc: 0.720
GradInversion Recovered Labels: 1,2,4,6,8,9,10,11,13,14,16,17,19,21,22,23,24,26,27,28,29,30,31,32,33,34,36,37,38,39,40,41,42,44,45,46,48,49,52,53,54,55,56,57,58,59,61,62,63,64,67,69,70,71,72,73,74,76,78,80,81,83,84,85,86,87,88,89,90,93,94,95,96,97,98,99 | LeAcc: 1.000
SVD Recovered Labels: 1,2,4,6,8,9,10,11,13,14,16,17,19,21,22,23,24,26,27,28,29,30,32,33,34,36,37,38,39,40,41,42,44,45,46,48,49,52,53,54,55,56,57,58,59,61,62,63,64,67,69,70,72,73,74,76,78,80,81,83,84,85,86,87,88,89,90,93,94,95,96,97,98,99 | LeAcc: 0.980
Start Experiment 37
***************************************************************
Ground-truth Labels: 0,1,2,3,5,6,7,8,9,10,11,12,13,14,15,17,18,19,21,22,23,24,25,26,27,28,29,30,31,32,34,36,37,38,40,41,42,43,45,46,47,48,49,51,54,56,57,58,59,60,63,65,66,67,68,69,71,72,73,74,76,77,78,83,84,85,86,88,92,94,95,98,99
Ground-truth Num of Instances: 1,1,1,1,2,1,1,1,1,2,1,3,4,1,1,2,1,3,1,2,2,2,1,2,3,2,1,1,1,1,2,1,1,1,2,2,1,2,1,1,4,2,3,3,1,2,1,2,2,2,3,3,2,1,1,1,4,4,2,2,2,1,1,1,1,1,3,3,2,1,2,2,2
Our Recovered Labels: 0,1,2,3,5,6,7,8,9,10,11,12,13,14,15,17,18,19,21,22,23,24,25,26,27,28,29,30,31,32,34,36,37,38,40,41,42,43,45,46,47,48,49,51,54,56,57,58,59,60,63,65,66,67,68,69,71,72,73,74,76,77,78,83,84,85,86,88,92,94,95,98,99 | LeAcc: 1.000
Our Recovered Num of Instances: 1,1,1,1,2,1,1,1,1,2,1,3,4,1,1,2,1,3,1,2,2,2,1,2,3,2,1,1,1,1,2,1,1,1,2,2,1,2,1,1,4,2,3,3,1,2,1,2,2,2,3,3,2,1,1,1,4,4,2,2,2,1,1,1,1,1,3,3,2,1,2,2,2 | LnAcc: 1.000 | IRec: 1.000
iDLG Recovered Labels: 5,9,12,13,17,19,22,23,24,26,27,28,29,34,40,41,43,47,48,49,51,54,56,58,59,60,63,65,66,69,71,72,73,74,76,85,86,88,92,95,98,99 | LeAcc: 0.690
GradInversion Recovered Labels: 0,1,2,3,5,6,7,8,9,10,11,12,13,14,15,17,18,19,21,22,23,24,25,26,27,28,29,30,31,32,34,36,37,38,40,41,42,43,45,46,47,48,49,51,54,56,57,58,59,60,63,65,66,67,68,69,71,72,73,74,76,77,78,83,84,85,86,88,92,94,95,98,99 | LeAcc: 1.000
SVD Recovered Labels: 0,1,2,3,5,6,7,8,9,10,11,12,13,14,15,17,18,19,21,22,23,24,25,26,27,28,29,30,31,32,34,36,37,38,40,41,42,43,45,46,47,48,49,51,54,56,57,58,59,60,63,65,66,67,68,69,71,72,73,74,76,77,78,83,84,85,86,88,92,94,95,98,99 | LeAcc: 1.000
Start Experiment 38
***************************************************************
Ground-truth Labels: 0,2,3,6,7,8,10,11,13,14,16,17,18,19,21,23,24,25,28,29,30,31,32,33,36,37,38,39,40,42,43,44,48,49,50,51,52,53,54,55,56,57,58,60,61,62,63,64,65,68,70,71,72,73,74,75,78,80,81,82,83,84,85,88,89,90,91,94,95,98,99
Ground-truth Num of Instances: 2,1,1,1,1,4,2,2,2,4,1,2,1,1,3,1,2,2,1,2,1,2,1,2,1,1,2,1,4,1,6,1,2,2,2,1,3,1,1,1,1,3,1,2,2,2,2,2,2,2,1,1,2,3,2,2,1,1,1,4,2,1,4,2,2,1,1,1,1,3,1
Our Recovered Labels: 0,2,3,6,7,8,10,11,13,14,16,17,18,19,21,23,24,25,28,29,30,31,32,33,36,37,38,39,40,42,43,44,48,49,50,51,52,53,54,55,56,57,58,60,61,62,63,64,65,68,70,71,72,73,74,75,78,80,81,82,83,84,85,88,89,90,91,94,95,98,99 | LeAcc: 1.000
Our Recovered Num of Instances: 2,1,1,1,1,4,2,2,2,4,1,2,1,1,3,1,2,2,1,2,1,2,1,2,1,1,2,1,4,1,6,1,2,2,2,1,3,1,1,1,1,3,1,2,2,2,2,2,2,2,1,1,2,3,2,2,1,1,1,4,2,1,4,2,2,1,1,1,1,3,1 | LnAcc: 1.000 | IRec: 1.000
iDLG Recovered Labels: 0,7,8,10,11,13,14,16,17,21,24,25,29,31,33,38,40,43,48,49,50,51,52,57,60,61,62,63,64,65,68,70,72,73,74,75,81,82,83,85,89,98,99 | LeAcc: 0.720
GradInversion Recovered Labels: 0,2,3,6,7,8,10,11,13,14,16,17,18,19,21,23,24,25,28,29,30,31,32,33,36,37,38,39,40,42,43,44,48,49,50,51,52,53,54,55,56,57,58,60,61,62,63,64,65,68,70,71,72,73,74,75,78,80,81,82,83,84,85,88,89,90,91,94,95,98,99 | LeAcc: 1.000
SVD Recovered Labels: 0,2,3,6,7,8,10,11,13,14,16,17,18,19,21,23,24,25,28,29,30,31,32,33,36,37,38,39,40,42,43,44,48,49,50,51,52,53,54,55,56,57,58,60,61,62,63,64,65,68,70,71,72,73,74,75,78,80,81,82,83,84,85,88,89,90,91,94,95,98,99 | LeAcc: 1.000
Start Experiment 39
***************************************************************
Ground-truth Labels: 1,5,6,7,9,10,11,12,13,14,15,16,18,19,21,22,24,26,27,28,29,31,32,34,35,36,37,39,40,41,43,45,47,48,49,50,52,53,55,56,57,58,59,60,61,62,63,64,66,69,70,71,72,73,74,77,78,79,80,81,82,83,84,85,87,88,89,90,91,93,95,96,97,98,99
Ground-truth Num of Instances: 2,3,1,1,1,1,1,3,1,1,1,1,1,2,1,2,1,1,2,1,1,1,2,1,1,2,1,2,1,2,2,4,2,4,3,1,1,1,1,4,3,2,2,1,2,1,3,1,1,2,2,1,1,3,2,1,1,2,2,2,1,4,4,1,2,1,3,2,1,1,2,2,2,1,1
Our Recovered Labels: 1,5,6,7,9,10,11,12,13,14,15,16,18,19,21,22,24,26,27,28,29,31,32,34,35,36,37,39,40,41,43,45,47,48,49,50,52,53,55,56,57,58,59,60,61,62,63,64,66,69,70,71,72,73,74,77,78,79,80,81,82,83,84,85,87,88,89,90,91,93,95,96,97,98,99 | LeAcc: 1.000
Our Recovered Num of Instances: 2,3,1,1,1,1,1,3,1,1,1,1,1,2,1,2,1,1,2,1,1,1,2,1,1,2,1,2,1,2,2,4,2,4,3,1,1,1,1,4,3,2,2,1,2,1,3,1,1,2,2,1,1,3,2,1,1,2,2,2,1,4,4,1,2,1,3,2,1,1,2,2,2,1,1 | LnAcc: 1.000 | IRec: 1.000
iDLG Recovered Labels: 1,5,7,12,16,19,21,22,24,26,28,29,31,32,36,37,39,41,43,45,47,48,49,56,57,58,59,61,63,69,70,73,74,80,81,83,84,85,89,90,95,96,97 | LeAcc: 0.680
GradInversion Recovered Labels: 1,5,6,7,9,10,11,12,13,14,15,16,18,19,21,22,24,26,27,28,29,31,32,34,35,36,37,39,40,41,43,45,47,48,49,50,52,53,55,56,57,58,59,60,61,62,63,64,66,69,70,71,72,73,74,77,78,79,80,81,82,83,84,85,87,88,89,90,91,93,95,96,97,98,99 | LeAcc: 1.000
SVD Recovered Labels: 1,5,6,7,9,11,12,13,14,15,16,18,19,21,22,24,26,27,28,29,31,32,35,36,37,39,40,41,43,45,47,48,49,50,52,53,55,56,57,58,59,60,61,62,63,64,69,70,71,72,73,74,77,79,80,81,82,83,84,85,87,88,89,90,91,93,95,96,97,99 | LeAcc: 0.950
Start Experiment 40
***************************************************************
Ground-truth Labels: 0,2,3,4,5,6,7,10,11,12,13,14,15,16,17,18,19,22,23,24,25,26,27,29,30,31,32,34,36,38,39,40,41,42,45,47,48,49,51,52,54,55,58,59,60,61,63,64,65,67,68,70,71,72,73,75,76,78,79,80,82,83,84,85,86,87,88,89,90,91,93,95,96,99
Ground-truth Num of Instances: 1,1,1,3,3,1,2,1,1,3,2,2,1,1,4,1,2,1,1,2,1,1,3,3,1,2,2,2,2,2,2,2,2,1,3,2,2,1,1,3,2,1,2,1,1,1,2,1,1,1,2,5,1,4,3,1,1,1,1,1,1,1,2,1,1,1,1,2,3,1,2,2,3,2
Our Recovered Labels: 0,2,3,4,5,6,7,10,11,12,13,14,15,16,17,18,19,22,23,24,25,26,27,29,30,31,32,34,36,38,39,40,41,42,45,47,48,49,51,52,54,55,58,59,60,61,63,64,65,67,68,70,71,72,73,75,76,78,79,80,82,83,84,85,86,87,88,89,90,91,93,95,96,99 | LeAcc: 1.000
Our Recovered Num of Instances: 1,1,1,3,3,1,2,1,1,3,2,2,1,1,4,1,2,1,1,2,1,1,3,3,1,2,2,2,2,2,2,2,2,1,3,2,2,1,1,3,2,1,2,1,1,1,2,1,1,1,2,5,1,4,3,1,1,1,1,1,1,1,2,1,1,1,1,2,3,1,2,2,3,2 | LnAcc: 1.000 | IRec: 1.000
iDLG Recovered Labels: 3,4,5,6,7,12,13,14,16,17,19,22,24,27,29,31,32,34,36,38,39,40,41,45,47,48,52,54,58,61,63,70,71,72,73,78,83,84,90,95,96,99 | LeAcc: 0.680
GradInversion Recovered Labels: 0,2,3,4,5,6,7,10,11,12,13,14,15,16,17,18,19,22,23,24,25,26,27,29,30,31,32,34,36,38,39,40,41,42,45,47,48,49,51,52,54,55,58,59,60,61,63,64,65,67,68,70,71,72,73,75,76,78,79,80,82,83,84,85,86,87,88,89,90,91,93,95,96,99 | LeAcc: 1.000
SVD Recovered Labels: 0,2,3,4,5,6,7,10,11,12,13,14,15,16,17,18,19,22,23,24,25,26,27,29,30,31,32,34,36,38,39,40,41,42,45,47,48,49,51,52,54,55,58,59,60,61,63,64,65,67,68,70,71,72,73,75,76,78,79,80,82,83,84,85,86,87,88,89,90,91,93,95,96,99 | LeAcc: 1.000
Start Experiment 41
***************************************************************
Ground-truth Labels: 1,2,3,4,5,6,7,8,9,11,12,13,14,15,16,17,18,21,23,27,29,30,31,32,33,36,37,39,40,41,43,45,46,47,48,49,50,51,53,55,56,58,60,62,64,65,66,67,68,69,70,71,72,74,75,76,79,81,82,83,84,85,86,89,90,92,95,96,97,98
Ground-truth Num of Instances: 1,2,2,1,1,2,2,1,1,3,3,1,1,2,3,1,3,1,2,2,1,2,3,1,4,1,1,2,3,1,1,2,1,6,2,1,2,2,3,3,2,1,2,1,1,1,1,2,1,2,1,1,1,3,1,2,4,3,1,2,3,1,2,1,3,1,1,2,1,3
Our Recovered Labels: 1,2,3,4,5,6,7,8,9,11,12,13,14,15,16,17,18,21,23,27,29,30,31,32,33,36,37,39,40,41,43,45,46,47,48,49,50,51,53,55,56,58,60,62,64,65,66,67,68,69,70,71,72,74,75,76,79,81,82,83,84,85,86,89,90,92,95,96,97,98 | LeAcc: 1.000
Our Recovered Num of Instances: 1,2,2,1,1,2,2,1,1,3,3,1,1,2,3,1,3,1,2,2,1,2,3,1,4,1,1,2,3,1,1,2,1,6,2,1,2,2,3,3,2,1,2,1,1,1,1,2,1,2,1,1,1,3,1,2,4,3,1,2,3,1,2,1,3,1,1,2,1,3 | LnAcc: 1.000 | IRec: 1.000
iDLG Recovered Labels: 2,3,5,6,7,11,12,15,16,18,23,30,31,33,36,37,39,40,41,45,47,48,50,51,53,55,56,60,67,69,74,76,79,81,83,84,85,86,89,90,97,98 | LeAcc: 0.720
GradInversion Recovered Labels: 1,2,3,4,5,6,7,8,9,11,12,13,14,15,16,17,18,21,23,27,29,30,31,32,33,36,37,39,40,41,43,45,46,47,48,49,50,51,53,55,56,58,60,62,64,65,66,67,68,69,70,71,72,74,75,76,79,81,82,83,84,85,86,89,90,92,95,96,97,98 | LeAcc: 1.000
SVD Recovered Labels: 1,2,3,4,5,6,7,8,9,11,12,13,14,15,16,17,18,21,23,27,29,30,31,32,33,36,37,39,40,41,43,45,46,47,48,49,50,51,53,55,56,58,60,62,64,65,66,67,68,69,70,71,72,74,75,76,79,81,82,83,84,85,86,89,90,92,95,96,97,98 | LeAcc: 1.000
Start Experiment 42
***************************************************************
Ground-truth Labels: 0,1,3,4,5,6,7,8,10,11,15,16,17,18,19,20,22,23,24,25,26,27,28,29,31,32,33,34,35,36,37,38,39,40,43,46,47,48,49,52,53,54,55,56,57,58,59,60,61,62,63,64,65,66,67,68,69,70,71,72,73,76,77,79,80,81,82,83,84,85,89,90,91,92,95,96
Ground-truth Num of Instances: 3,1,1,1,1,2,1,5,1,3,3,1,1,2,3,1,1,1,1,1,1,2,2,3,1,1,1,1,1,2,2,2,1,1,1,1,1,1,3,2,2,3,1,1,1,1,1,2,1,1,2,1,1,1,2,2,1,2,3,1,3,1,3,2,4,1,1,1,1,3,2,6,2,2,1,1
Our Recovered Labels: 0,1,3,4,5,6,7,8,10,11,15,16,17,18,19,20,22,23,24,25,26,27,28,29,31,32,33,34,35,36,37,38,39,40,43,46,47,48,49,52,53,54,55,56,57,58,59,60,61,62,63,64,65,66,67,68,69,70,71,72,73,76,77,79,80,81,82,83,84,85,89,90,91,92,95,96 | LeAcc: 1.000
Our Recovered Num of Instances: 3,1,1,1,1,2,1,5,1,3,3,1,1,2,3,1,1,1,1,1,1,2,2,3,1,1,1,1,1,2,2,2,1,1,1,1,1,1,3,2,2,3,1,1,1,1,1,2,1,1,2,1,1,1,2,2,1,2,3,1,3,1,3,2,4,1,1,1,1,3,2,6,2,2,1,1 | LnAcc: 1.000 | IRec: 1.000
iDLG Recovered Labels: 0,5,6,7,8,11,15,18,19,20,22,23,26,27,28,29,36,37,38,40,46,49,52,53,54,60,61,63,68,69,70,71,73,77,79,80,85,89,90,91,92,95 | LeAcc: 0.660
GradInversion Recovered Labels: 0,1,3,4,5,6,7,8,10,11,15,16,17,18,19,20,22,23,24,25,26,27,28,29,31,32,33,34,35,36,37,38,39,40,43,46,47,48,49,52,53,54,55,56,57,58,59,60,61,62,63,64,65,66,67,68,69,70,71,72,73,76,77,79,80,81,82,83,84,85,89,90,91,92,95,96 | LeAcc: 1.000
SVD Recovered Labels: 0,3,4,5,6,7,8,10,11,15,16,17,18,19,20,22,23,25,26,27,28,29,31,32,33,35,36,37,38,39,40,43,46,47,48,49,52,53,54,56,57,58,59,60,61,62,63,64,65,66,67,68,69,70,71,73,76,77,80,81,82,83,84,85,89,90,91,92,95,96 | LeAcc: 0.940
Start Experiment 43
***************************************************************
Ground-truth Labels: 0,2,4,7,9,10,12,15,16,17,18,20,21,23,25,26,27,28,32,33,35,36,37,38,39,40,42,43,44,45,48,49,51,52,53,54,55,57,60,61,62,63,64,66,67,69,71,75,77,78,79,81,82,83,85,86,87,88,89,90,91,92,94,95,96,97,98
Ground-truth Num of Instances: 3,1,1,1,2,2,2,1,1,5,3,1,1,1,2,4,2,4,1,1,1,3,1,1,2,2,2,1,1,3,1,1,1,4,4,1,3,1,2,1,1,1,1,3,2,2,3,1,3,3,1,2,1,3,2,3,2,2,1,3,1,1,5,1,2,1,2
Our Recovered Labels: 0,2,4,7,9,10,12,15,16,17,18,20,21,23,25,26,27,28,32,33,35,36,37,38,39,40,42,43,44,45,48,49,51,52,53,54,55,57,60,61,62,63,64,66,67,69,71,75,77,78,79,81,82,83,85,86,87,88,89,90,91,92,94,95,96,97,98 | LeAcc: 1.000
Our Recovered Num of Instances: 3,1,1,1,2,2,2,1,1,5,3,1,1,1,2,4,2,4,1,1,1,3,1,1,2,2,2,1,1,3,1,1,1,4,4,1,3,1,2,1,1,1,1,3,2,2,3,1,3,3,1,2,1,3,2,3,2,2,1,3,1,1,5,1,2,1,2 | LnAcc: 1.000 | IRec: 1.000
iDLG Recovered Labels: 0,2,7,9,10,12,15,16,17,18,25,26,27,28,32,36,39,40,42,45,52,53,55,57,60,66,67,69,71,77,78,81,83,85,86,87,88,90,94,96,98 | LeAcc: 0.740
GradInversion Recovered Labels: 0,2,4,7,9,10,12,15,16,17,18,20,21,23,25,26,27,28,32,33,35,36,37,38,39,40,42,43,44,45,48,49,51,52,53,54,55,57,60,61,62,63,64,66,67,69,71,75,77,78,79,81,82,83,85,86,87,88,89,90,91,92,94,95,96,97,98 | LeAcc: 1.000
SVD Recovered Labels: 0,2,4,7,9,10,12,15,16,17,18,20,21,23,25,26,27,28,32,33,35,36,37,38,39,40,42,43,44,45,48,49,51,52,53,54,55,57,60,61,62,63,64,66,67,69,71,75,77,78,79,81,82,83,85,86,87,88,89,90,91,92,94,95,96,97,98 | LeAcc: 1.000
Start Experiment 44
***************************************************************
Ground-truth Labels: 0,2,3,4,5,6,7,9,11,12,15,16,17,20,21,22,23,24,25,26,29,30,31,32,33,34,35,36,37,39,40,42,43,44,45,46,47,48,49,50,51,52,56,57,58,59,64,65,66,67,68,69,70,71,73,75,76,77,81,82,83,84,85,86,87,88,89,91,92,93,98,99
Ground-truth Num of Instances: 2,2,2,4,1,3,1,1,2,2,1,1,2,1,2,2,1,1,4,1,1,2,1,2,1,1,3,2,2,1,2,2,2,1,2,3,2,2,1,2,2,2,1,1,2,2,2,2,1,2,1,5,1,1,2,5,2,1,1,1,1,3,1,2,1,2,2,1,2,1,3,1
Our Recovered Labels: 0,2,3,4,5,6,7,9,11,12,15,16,17,20,21,22,23,24,25,26,29,30,31,32,33,34,35,36,37,39,40,42,43,44,45,46,47,48,49,50,51,52,56,57,58,59,64,65,66,67,68,69,70,71,73,75,76,77,81,82,83,84,85,86,87,88,89,91,92,93,98,99 | LeAcc: 1.000
Our Recovered Num of Instances: 2,2,2,4,1,3,1,1,2,2,1,1,2,1,2,2,1,1,4,1,1,2,1,2,1,1,3,2,2,1,2,2,2,1,2,3,2,2,1,2,2,2,1,1,2,2,2,2,1,2,1,5,1,1,2,5,2,1,1,1,1,3,1,2,1,2,2,1,2,1,3,1 | LnAcc: 1.000 | IRec: 1.000
iDLG Recovered Labels: 0,2,3,4,6,9,11,12,17,20,21,22,24,25,29,31,35,36,37,39,40,42,45,46,47,48,50,51,52,58,59,64,65,69,71,73,75,76,77,83,84,86,88,89,91,92,98 | LeAcc: 0.750
GradInversion Recovered Labels: 0,2,3,4,5,6,7,9,11,12,15,16,17,20,21,22,23,24,25,26,29,30,31,32,33,34,35,36,37,39,40,42,43,44,45,46,47,48,49,50,51,52,56,57,58,59,64,65,66,67,68,69,70,71,73,75,76,77,81,82,83,84,85,86,87,88,89,91,92,93,98,99 | LeAcc: 1.000
SVD Recovered Labels: 0,2,3,4,5,6,7,9,11,12,15,16,17,20,21,22,23,24,25,26,29,30,31,32,33,34,35,36,37,39,40,42,43,44,45,46,47,48,49,50,51,52,56,57,58,59,64,65,66,67,68,69,70,71,73,75,76,77,81,82,83,84,85,86,87,88,89,91,92,93,98,99 | LeAcc: 1.000
Start Experiment 45
***************************************************************
Ground-truth Labels: 3,4,5,8,10,12,16,17,18,19,20,22,23,25,26,27,28,29,30,32,33,34,35,37,38,39,40,41,43,44,45,46,48,49,50,51,53,54,55,56,57,58,59,60,61,62,64,65,66,67,68,69,72,73,74,75,78,80,82,83,84,85,87,88,90,93,94,96,99
Ground-truth Num of Instances: 2,3,2,1,2,2,1,2,1,1,1,4,2,2,2,1,4,1,3,1,2,1,1,2,2,1,1,2,3,1,2,2,1,1,2,2,2,2,1,2,1,4,1,2,1,2,2,3,1,1,1,2,2,2,4,2,4,2,2,1,2,1,1,3,2,1,2,2,3
Our Recovered Labels: 3,4,5,8,10,12,16,17,18,19,20,22,23,25,26,27,28,29,30,32,33,34,35,37,38,39,40,41,43,44,45,46,48,49,50,51,53,54,55,56,57,58,59,60,61,62,64,65,66,67,68,69,72,73,74,75,78,80,82,83,84,85,87,88,90,93,94,96,99 | LeAcc: 1.000
Our Recovered Num of Instances: 2,3,2,1,2,2,1,2,1,1,1,4,2,2,2,1,4,1,3,1,2,1,1,2,2,1,1,2,3,1,2,2,1,1,2,2,2,2,1,2,1,4,1,2,1,2,2,3,1,1,1,2,2,2,4,2,4,2,2,1,2,1,1,3,2,1,2,2,3 | LnAcc: 1.000 | IRec: 1.000
iDLG Recovered Labels: 3,4,5,10,12,17,22,23,25,26,28,30,33,37,38,41,43,45,46,50,51,53,54,56,58,60,61,62,64,65,68,69,72,73,74,75,78,80,82,84,88,90,94,96,99 | LeAcc: 0.760
GradInversion Recovered Labels: 3,4,5,8,10,12,16,17,18,19,20,22,23,25,26,27,28,29,30,32,33,34,35,37,38,39,40,41,43,44,45,46,48,49,50,51,53,54,55,56,57,58,59,60,61,62,64,65,66,67,68,69,72,73,74,75,78,80,82,83,84,85,87,88,90,93,94,96,99 | LeAcc: 1.000
SVD Recovered Labels: 3,4,5,8,10,12,16,17,18,19,20,22,23,25,26,27,28,29,30,32,33,34,35,37,38,39,40,41,43,44,45,46,48,49,50,51,53,54,55,56,57,58,59,60,61,62,64,65,66,67,68,69,72,73,74,75,78,80,82,83,84,85,87,88,90,93,94,96,99 | LeAcc: 1.000
Start Experiment 46
***************************************************************
Ground-truth Labels: 1,2,4,6,7,8,10,11,12,13,14,15,16,18,20,22,23,24,25,29,30,31,33,34,36,37,39,40,41,42,43,44,46,48,51,53,54,55,58,62,64,65,66,67,68,69,70,71,72,73,74,75,76,80,81,83,85,86,87,88,89,90,91,92,93,94,95,98
Ground-truth Num of Instances: 2,2,2,1,3,3,3,2,1,1,1,1,3,1,1,1,3,2,1,2,1,1,3,2,1,3,1,1,1,3,2,2,2,2,2,2,2,2,3,3,2,4,2,2,2,1,1,1,2,1,2,1,3,3,1,4,2,3,1,2,1,1,2,1,1,1,2,4
Our Recovered Labels: 1,2,4,6,7,8,10,11,12,13,14,15,16,18,20,22,23,24,25,29,30,31,33,34,36,37,39,40,41,42,43,44,46,48,51,53,54,55,58,62,64,65,66,67,68,69,70,71,72,73,74,75,76,80,81,83,85,86,87,88,89,90,91,92,93,94,95,98 | LeAcc: 1.000
Our Recovered Num of Instances: 2,2,2,1,3,3,3,2,1,1,1,1,3,1,1,1,3,2,1,2,1,1,3,2,1,3,1,1,1,3,2,2,2,2,2,2,2,2,3,3,2,4,2,2,2,1,1,1,2,1,2,1,3,3,1,4,2,3,1,2,1,1,2,1,1,1,2,4 | LnAcc: 1.000 | IRec: 1.000
iDLG Recovered Labels: 1,2,4,7,8,10,11,16,23,24,29,33,34,37,41,42,43,44,46,48,51,53,54,55,58,62,64,65,66,68,72,74,76,80,83,85,86,88,91,95,98 | LeAcc: 0.730
GradInversion Recovered Labels: 1,2,4,6,7,8,10,11,12,13,14,15,16,18,20,22,23,24,25,29,30,31,33,34,36,37,39,40,41,42,43,44,46,48,51,53,54,55,58,62,64,65,66,67,68,69,70,71,72,73,74,75,76,80,81,83,85,86,87,88,89,90,91,92,93,94,95,98 | LeAcc: 1.000
SVD Recovered Labels: 1,2,4,6,7,8,10,11,12,13,14,15,16,18,20,22,23,24,25,29,30,31,33,34,36,37,39,40,41,42,43,44,46,48,51,53,54,55,58,62,64,65,66,67,68,69,70,71,72,73,74,75,76,80,81,83,85,86,87,88,89,90,91,92,93,94,95,98 | LeAcc: 1.000
Start Experiment 47
***************************************************************
Ground-truth Labels: 1,2,4,5,7,8,9,12,13,14,15,17,18,19,20,21,22,24,25,27,29,31,32,33,34,35,36,37,38,39,40,41,42,43,44,47,48,49,50,52,53,54,56,58,59,60,62,64,66,67,70,71,72,73,74,76,77,78,79,80,84,85,87,88,91,92,93,94,95,96,97,98,99
Ground-truth Num of Instances: 1,1,2,7,1,1,1,1,1,1,1,1,3,2,1,1,1,1,1,2,2,1,1,1,4,1,1,1,2,1,1,3,3,2,2,2,1,1,1,2,2,4,2,1,1,2,3,2,2,2,2,3,2,1,1,3,4,2,2,2,3,1,1,1,1,3,1,2,1,2,1,2,2
Our Recovered Labels: 1,2,4,5,7,8,9,12,13,14,15,17,18,19,20,21,22,24,25,27,29,31,32,33,34,35,36,37,38,39,40,41,42,43,44,47,48,49,50,52,53,54,56,58,59,60,62,64,66,67,70,71,72,73,74,76,77,78,79,80,84,85,87,88,91,92,93,94,95,96,97,98,99 | LeAcc: 1.000
Our Recovered Num of Instances: 1,1,2,7,1,1,1,1,1,1,1,1,3,2,1,1,1,1,1,2,2,1,1,1,4,1,1,1,2,1,1,3,3,2,2,2,1,1,1,2,2,4,2,1,1,2,3,2,2,2,2,3,2,1,1,3,4,2,2,2,3,1,1,1,1,3,1,2,1,2,1,2,2 | LnAcc: 1.000 | IRec: 1.000
iDLG Recovered Labels: 4,5,7,9,18,19,20,22,27,29,34,36,38,41,42,43,44,47,52,53,54,56,58,60,62,66,70,71,72,76,77,78,79,80,84,85,92,94,95,96,98,99 | LeAcc: 0.690
GradInversion Recovered Labels: 1,2,4,5,7,8,9,12,13,14,15,17,18,19,20,21,22,24,25,27,29,31,32,33,34,35,36,37,38,39,40,41,42,43,44,47,48,49,50,52,53,54,56,58,59,60,62,64,66,67,70,71,72,73,74,76,77,78,79,80,84,85,87,88,91,92,93,94,95,96,97,98,99 | LeAcc: 1.000
SVD Recovered Labels: 2,4,5,7,8,9,12,13,14,15,17,18,19,20,21,22,24,25,27,29,31,32,33,34,35,36,37,38,39,40,41,42,43,44,47,48,49,50,52,53,54,56,58,59,60,62,64,66,67,70,71,72,73,74,76,77,78,79,80,84,85,87,88,91,92,93,94,95,96,97,98,99 | LeAcc: 0.990
Start Experiment 48
***************************************************************
Ground-truth Labels: 0,1,3,4,5,6,10,11,13,15,17,18,19,20,25,27,28,29,30,31,32,35,37,38,39,40,41,42,43,44,46,47,49,51,52,53,55,56,57,58,59,60,61,62,63,64,65,66,69,71,72,74,75,76,77,78,79,81,82,83,84,86,87,88,89,92,93,95,96,97,98,99
Ground-truth Num of Instances: 1,2,3,4,4,2,1,1,1,1,2,1,2,4,2,1,1,1,2,1,4,2,2,1,3,1,4,2,1,1,1,1,1,1,2,1,2,2,2,1,1,2,2,3,1,1,1,1,1,1,1,3,1,1,2,5,1,1,3,1,3,2,4,1,1,1,1,3,3,1,1,2
Our Recovered Labels: 0,1,3,4,5,6,10,11,13,15,17,18,19,20,25,27,28,29,30,31,32,35,37,38,39,40,41,42,43,44,46,47,49,51,52,53,55,56,57,58,59,60,61,62,63,64,65,66,69,71,72,74,75,76,77,78,79,81,82,83,84,86,87,88,89,92,93,95,96,97,98,99 | LeAcc: 1.000
Our Recovered Num of Instances: 1,2,3,4,4,2,1,1,1,1,2,1,2,4,2,1,1,1,2,1,4,2,2,1,3,1,4,2,1,1,1,1,1,1,2,1,2,2,2,1,1,2,2,3,1,1,1,1,1,1,1,3,1,1,2,5,1,1,3,1,3,2,4,1,1,1,1,3,3,1,1,2 | LnAcc: 1.000 | IRec: 1.000
iDLG Recovered Labels: 1,3,4,5,6,17,19,20,25,30,32,35,37,39,41,42,51,52,53,55,56,57,60,61,62,64,74,77,78,82,84,86,87,95,96,99 | LeAcc: 0.640
GradInversion Recovered Labels: 0,1,3,4,5,6,10,11,13,15,17,18,19,20,25,27,28,29,30,31,32,35,37,38,39,40,41,42,43,44,46,47,49,51,52,53,55,56,57,58,59,60,61,62,63,64,65,66,69,71,72,74,75,76,77,78,79,81,82,83,84,86,87,88,89,92,93,95,96,97,98,99 | LeAcc: 1.000
SVD Recovered Labels: 0,1,3,4,5,6,10,11,13,15,17,18,19,20,25,27,28,29,30,31,32,35,37,38,39,40,41,42,43,44,46,47,49,51,52,53,55,56,57,58,59,60,61,62,63,64,65,66,69,71,72,74,75,76,77,78,79,81,82,83,84,86,87,88,89,92,93,95,96,97,98,99 | LeAcc: 1.000
Start Experiment 49
***************************************************************
Ground-truth Labels: 0,1,3,4,5,6,8,10,12,13,14,15,21,23,24,25,27,29,30,32,33,34,35,37,39,40,42,43,44,46,47,50,53,54,55,56,57,58,61,62,64,65,66,70,71,73,74,75,77,79,80,81,82,84,85,86,87,88,89,90,91,92,93,94,95,96,97,98,99
Ground-truth Num of Instances: 1,1,1,2,1,1,2,4,1,3,1,2,3,2,2,3,3,2,2,5,1,2,1,1,2,1,6,1,1,4,3,2,1,1,1,3,4,1,3,3,2,2,1,1,2,3,1,1,1,1,2,1,2,1,4,1,2,1,1,1,1,2,1,1,1,1,1,1,4
Our Recovered Labels: 0,1,3,4,5,6,8,10,12,13,14,15,21,23,24,25,27,29,30,32,33,34,35,37,39,40,42,43,44,46,47,50,53,54,55,56,57,58,61,62,64,65,66,70,71,73,74,75,77,79,80,81,82,84,85,86,87,88,89,90,91,92,93,94,95,96,97,98,99 | LeAcc: 1.000
Our Recovered Num of Instances: 1,1,1,2,1,1,2,4,1,3,1,2,3,2,2,3,3,2,2,5,1,2,1,1,2,1,6,1,1,4,3,2,1,1,1,3,4,1,3,3,2,2,1,1,2,3,1,1,1,1,2,1,2,1,4,1,2,1,1,1,1,2,1,1,1,1,1,1,4 | LnAcc: 1.000 | IRec: 1.000
iDLG Recovered Labels: 4,6,8,10,12,13,15,21,23,24,25,27,29,32,34,39,42,44,46,47,50,56,57,61,62,65,70,71,73,75,80,82,85,87,91,92,94,95,99 | LeAcc: 0.700
GradInversion Recovered Labels: 0,1,3,4,5,6,8,10,12,13,14,15,21,23,24,25,27,29,30,32,33,34,35,37,39,40,42,43,44,46,47,50,53,54,55,56,57,58,61,62,64,65,66,70,71,73,74,75,77,79,80,81,82,84,85,86,87,88,89,90,91,92,93,94,95,96,97,98,99 | LeAcc: 1.000
SVD Recovered Labels: 0,1,3,4,5,6,8,10,12,13,14,15,21,23,24,25,27,29,30,32,33,34,35,37,39,40,42,43,44,46,47,50,53,54,55,56,57,58,61,62,64,65,66,70,71,73,74,75,77,79,80,81,82,84,85,86,87,88,89,90,91,92,93,94,95,96,97,98,99 | LeAcc: 1.000
Start Experiment 50
***************************************************************
Ground-truth Labels: 0,4,5,7,8,12,13,14,16,17,18,19,21,22,23,26,27,28,29,30,31,32,33,34,35,36,38,39,40,41,42,43,44,46,49,50,51,52,53,54,56,57,58,59,61,62,64,65,66,68,69,70,71,72,73,76,77,78,79,80,82,83,85,86,87,88,89,90,93,95,97,98
Ground-truth Num of Instances: 3,1,2,2,2,2,1,2,1,1,1,3,4,1,2,3,2,2,1,2,1,1,1,1,3,2,1,1,2,5,2,1,1,1,1,3,3,1,1,3,1,1,1,1,1,3,2,4,2,3,3,1,1,2,2,1,4,2,1,1,1,1,1,2,2,2,1,1,3,2,1,1
Our Recovered Labels: 0,4,5,7,8,12,13,14,16,17,18,19,21,22,23,26,27,28,29,30,31,32,33,34,35,36,38,39,40,41,42,43,44,46,49,50,51,52,53,54,56,57,58,59,61,62,64,65,66,68,69,70,71,72,73,76,77,78,79,80,82,83,85,86,87,88,89,90,93,95,97,98 | LeAcc: 1.000
Our Recovered Num of Instances: 3,1,2,2,2,2,1,2,1,1,1,3,4,1,2,3,2,2,1,2,1,1,1,1,3,2,1,1,2,5,2,1,1,1,1,3,3,1,1,3,1,1,1,1,1,3,2,4,2,3,3,1,1,2,2,1,4,2,1,1,1,1,1,2,2,2,1,1,3,2,1,1 | LnAcc: 1.000 | IRec: 1.000
iDLG Recovered Labels: 0,5,7,8,12,13,14,19,21,22,23,26,27,28,30,35,36,40,41,42,50,51,54,58,59,62,64,65,66,68,69,72,73,76,77,78,86,87,88,89,93,95 | LeAcc: 0.700
GradInversion Recovered Labels: 0,4,5,7,8,12,13,14,16,17,18,19,21,22,23,26,27,28,29,30,31,32,33,34,35,36,38,39,40,41,42,43,44,46,49,50,51,52,53,54,56,57,58,59,61,62,64,65,66,68,69,70,71,72,73,76,77,78,79,80,82,83,85,86,87,88,89,90,93,95,97,98 | LeAcc: 1.000
SVD Recovered Labels: 0,4,5,7,8,12,13,14,16,17,18,19,21,22,23,26,27,28,29,30,31,32,33,34,35,36,38,39,40,41,42,43,44,46,49,50,51,52,53,54,56,57,58,59,61,62,64,65,66,68,69,70,71,72,73,76,77,78,79,80,82,83,85,86,87,88,89,90,93,95,97,98 | LeAcc: 1.000
---------------------------------------------------------------
Mean iDLG LeAcc: 0.700 | Mean GI LeAcc: 1.000 | Mean SVD LeAcc: 0.980 | Mean Ours LeAcc: 1.000 | Mean Ours LnAcc: 1.000 | Mean Ours IRec: 1.000
