running experiments at 2022-09-03-19:17:15
	log_dir: exp_res
	cpu: False
	num_tries: 50
	num_images: 256
	seed: 12
	alpha: 1
	simplified: False
	analysis: False
	data_path: data
	dataset: CIFAR100
	split: train
	distribution: random
	start_id: 0
	num_classes: 100
	num_uniform_cls: 32
	model: lenet5
	trained_model: False
	epochs: 10
	batch_size: 128
	optimizer: SGD
	lr: 0.1
	scheduler: linear
	weight_decay: 0.0005
	warmup: False
	valid_interval: 1
	mid_save: False
	model_path: models
	dryrun: False
	batchnorm: False
	dropout: False
	silu: False
	dim: 300
	n_hidden: 1
	defense: False
	defense_method: dp
	noise_std: 0.001
	clip_bound: 4
	sparse_ratio: 10
	prune_ratio: 10
	rec_img: False
	fix_labels: False
	gt_labels: False
	optim: ig
	restarts: 1
	cost_fn: sim
	indices: def
	weights: equal
	rec_lr: None
	rec_optimizer: adam
	signed: False
	boxed: False
	scoring_choice: loss
	init: randn
	tv: 1e-06
	l2: 1e-06
	max_iterations: 8000
	loss_thresh: 0.0001
	save_image: False
	image_path: images
	table_path: tables

Start Experiment 1
***************************************************************
Ground-truth Labels: 1,2,3,4,5,6,7,8,9,10,11,12,13,14,15,16,17,18,20,22,23,24,25,26,27,28,29,30,31,32,34,35,36,38,39,40,41,42,44,45,46,47,48,49,50,51,52,53,54,55,56,57,58,60,61,62,63,64,65,66,67,68,69,70,71,72,73,74,76,77,78,79,80,81,82,83,84,85,86,87,88,89,90,91,92,93,94,95,96,97,98,99
Ground-truth Num of Instances: 2,4,8,3,3,2,3,2,6,3,2,5,3,3,3,5,1,3,2,1,3,4,2,3,2,4,4,2,3,2,1,1,1,2,1,1,4,3,4,5,1,1,1,2,2,1,4,3,3,4,5,6,3,1,1,1,2,5,3,4,1,2,2,2,3,5,5,2,4,1,3,4,3,3,3,2,3,5,3,4,4,2,1,4,3,1,2,1,2,1,4,2
Our Recovered Labels: 1,2,3,4,5,6,7,8,9,10,11,12,13,14,15,16,17,18,20,22,23,24,25,26,27,28,29,30,31,32,34,35,36,38,39,40,41,42,44,45,46,47,48,49,50,51,52,53,54,55,56,57,58,60,61,62,63,64,65,66,67,68,69,70,71,72,73,74,76,77,78,79,80,81,82,83,84,85,86,87,88,89,90,91,92,93,94,95,96,97,98,99 | LeAcc: 1.000
Our Recovered Num of Instances: 2,4,8,3,3,2,3,2,6,3,2,5,3,3,3,5,1,3,2,1,3,4,2,3,2,4,4,2,3,2,1,1,1,2,1,1,4,3,4,5,1,1,1,2,2,1,4,3,3,4,5,6,3,1,1,1,2,5,3,4,1,2,2,2,3,5,5,2,4,1,3,4,3,3,3,2,3,5,3,4,4,2,1,4,3,1,2,1,2,1,4,2 | LnAcc: 1.000 | IRec: 1.000
iDLG Recovered Labels: 2,3,5,6,7,9,12,14,15,16,20,24,26,28,29,31,41,44,45,50,52,53,54,55,56,57,58,64,66,71,72,73,76,78,79,82,84,85,86,87,88,91,92,94,96,98 | LeAcc: 0.540
GradInversion Recovered Labels: 1,2,3,4,5,6,7,8,9,10,11,12,13,14,15,16,17,18,20,22,23,24,25,26,27,28,29,30,31,32,34,35,36,38,39,40,41,42,44,45,46,47,48,49,50,51,52,53,54,55,56,57,58,60,61,62,63,64,65,66,67,68,69,70,71,72,73,74,76,77,78,79,80,81,82,83,84,85,86,87,88,89,90,91,92,93,94,95,96,97,98,99 | LeAcc: 1.000
SVD Recovered Labels: 9,10,15,16,31,45,55,83,85,92 | LeAcc: 0.180
Start Experiment 2
***************************************************************
Ground-truth Labels: 0,1,2,3,4,5,6,7,8,9,10,11,12,13,14,15,16,17,18,19,21,22,23,25,26,27,28,29,30,31,32,33,34,35,36,37,38,40,41,43,44,46,47,48,49,50,51,52,53,54,56,57,58,59,60,61,62,63,64,65,66,67,68,69,70,71,72,73,74,75,76,77,78,79,80,81,83,84,85,86,87,88,89,90,91,92,93,94,95,97,98,99
Ground-truth Num of Instances: 3,7,1,3,3,1,1,1,1,2,3,5,5,2,1,7,3,3,1,3,1,3,4,3,2,3,2,4,1,2,2,5,5,1,3,1,1,2,4,2,2,2,2,3,3,6,2,2,2,1,3,2,1,2,3,4,3,1,1,5,1,5,3,5,4,1,6,5,2,3,3,3,1,2,2,3,3,2,4,4,3,1,1,3,4,1,5,6,1,3,7,2
Our Recovered Labels: 0,1,2,3,4,5,6,7,8,9,10,11,12,13,14,15,16,17,18,19,21,22,23,25,26,27,28,29,30,31,32,33,34,35,36,37,38,40,41,43,44,46,47,48,49,50,51,52,53,54,56,57,58,59,60,61,62,63,64,65,66,67,68,69,70,71,72,73,74,75,76,77,78,79,80,81,83,84,85,86,87,88,89,90,91,92,93,94,95,97,98,99 | LeAcc: 1.000
Our Recovered Num of Instances: 3,7,1,3,3,1,1,1,1,2,3,5,5,2,1,7,3,3,1,3,1,3,4,3,2,3,2,4,1,2,2,5,5,1,3,1,1,2,4,2,2,2,2,3,3,6,2,2,2,1,3,2,1,2,3,4,3,1,1,5,1,5,3,5,4,1,6,5,2,3,3,3,1,2,2,3,3,2,4,4,3,1,1,3,4,1,5,6,1,3,7,2 | LnAcc: 1.000 | IRec: 1.000
iDLG Recovered Labels: 0,1,3,9,11,12,15,16,17,19,22,23,29,33,34,36,40,41,48,49,50,56,60,61,62,65,67,69,70,72,73,75,76,77,81,83,85,86,91,93,94,97,98,99 | LeAcc: 0.520
GradInversion Recovered Labels: 0,1,2,3,4,5,6,7,8,9,10,11,12,13,14,15,16,17,18,19,21,22,23,25,26,27,28,29,30,31,32,33,34,35,36,37,38,40,41,43,44,46,47,48,49,50,51,52,53,54,56,57,58,59,60,61,62,63,64,65,66,67,68,69,70,71,72,73,74,75,76,77,78,79,80,81,83,84,85,86,87,88,89,90,91,92,93,94,95,97,98,99 | LeAcc: 1.000
SVD Recovered Labels: 1,9,44,80,98 | LeAcc: 0.130
Start Experiment 3
***************************************************************
Ground-truth Labels: 2,3,4,5,6,7,9,10,11,12,13,14,15,16,17,18,19,20,21,22,23,24,25,26,28,29,30,31,32,33,34,35,36,37,38,39,40,42,43,44,45,46,47,48,49,50,51,52,53,54,55,56,57,58,59,60,61,62,63,64,65,66,67,68,69,70,71,72,73,74,75,76,77,78,79,80,81,82,83,84,85,86,87,88,89,90,91,92,93,94,95,96,97,98,99
Ground-truth Num of Instances: 1,6,8,3,2,1,2,3,1,1,1,1,3,4,3,2,3,2,2,5,3,1,1,5,1,2,3,1,1,5,4,3,4,2,3,7,3,1,4,1,4,2,4,3,4,1,2,1,5,1,2,1,1,5,3,2,2,1,4,3,4,3,4,1,4,3,3,3,4,3,2,2,5,2,3,2,4,2,1,1,3,2,2,2,4,3,3,1,2,4,2,1,3,4,4
Our Recovered Labels: 2,3,4,5,6,7,9,10,11,12,13,14,15,16,17,18,19,20,21,22,23,24,25,26,28,29,30,31,32,33,34,35,36,37,38,39,40,42,43,44,45,46,47,48,49,50,51,52,53,54,55,56,57,58,59,60,61,62,63,64,65,66,67,68,69,70,71,72,73,74,75,76,77,78,79,80,81,82,83,84,85,86,87,88,89,90,91,92,93,94,95,96,97,98,99 | LeAcc: 1.000
Our Recovered Num of Instances: 1,6,8,3,2,1,2,3,1,1,1,1,3,4,3,2,3,2,2,5,3,1,1,5,1,2,3,1,1,5,4,3,4,2,3,7,3,1,4,1,4,2,4,3,4,1,2,1,5,1,2,1,1,5,3,2,2,1,4,3,4,3,4,1,4,3,3,3,4,3,2,2,5,2,3,2,4,2,1,1,3,2,2,2,4,3,3,1,2,4,2,1,3,4,4 | LnAcc: 1.000 | IRec: 1.000
iDLG Recovered Labels: 3,4,5,6,9,10,15,16,17,19,20,22,26,29,30,33,34,35,36,38,39,40,43,45,47,48,49,53,58,59,63,64,65,69,70,71,73,74,76,77,81,85,89,90,91,94,97,98,99 | LeAcc: 0.540
GradInversion Recovered Labels: 2,3,4,5,6,7,9,10,11,12,13,14,15,16,17,18,19,20,21,22,23,24,25,26,28,29,30,31,32,33,34,35,36,37,38,39,40,42,43,44,45,46,47,48,49,50,51,52,53,54,55,56,57,58,59,60,61,62,63,64,65,66,67,68,69,70,71,72,73,74,75,76,77,78,79,80,81,82,83,84,85,86,87,88,89,90,91,92,93,94,95,96,97,98,99 | LeAcc: 1.000
SVD Recovered Labels: 6,19,64,75,93 | LeAcc: 0.100
Start Experiment 4
***************************************************************
Ground-truth Labels: 0,1,2,3,4,5,6,8,9,10,11,12,13,14,15,16,17,18,19,20,21,22,23,24,25,26,27,28,29,30,31,32,33,34,35,36,37,38,39,40,41,42,43,44,46,47,48,50,51,52,53,54,55,56,57,58,59,60,61,62,64,65,66,68,69,70,71,72,74,75,76,77,78,79,80,81,82,83,84,85,86,87,88,89,90,91,92,93,94,95,96,97,98,99
Ground-truth Num of Instances: 2,1,4,4,2,4,4,2,2,3,1,5,1,1,1,1,5,3,2,4,3,2,3,3,1,1,1,1,4,4,4,4,3,1,2,2,2,1,4,1,1,1,5,3,2,8,2,1,2,2,1,4,4,5,3,3,5,4,2,1,8,2,1,3,4,6,3,3,3,2,4,4,1,2,2,2,2,3,3,3,1,2,2,1,2,4,1,1,5,1,5,4,5,3
Our Recovered Labels: 0,1,2,3,4,5,6,8,9,10,11,12,13,14,15,16,17,18,19,20,21,22,23,24,25,26,27,28,29,30,31,32,33,34,35,36,37,38,39,40,41,42,43,44,46,47,48,50,51,52,53,54,55,56,57,58,59,60,61,62,64,65,66,68,69,70,71,72,74,75,76,77,78,79,80,81,82,83,84,85,86,87,88,89,90,91,92,93,94,95,96,97,98,99 | LeAcc: 1.000
Our Recovered Num of Instances: 2,1,4,4,2,4,4,2,2,3,1,5,1,1,1,1,5,3,2,4,3,2,3,3,1,1,1,1,4,4,4,4,3,1,2,2,2,1,4,1,1,1,5,3,2,8,2,1,2,2,1,4,4,5,3,3,5,4,2,1,8,2,1,3,4,6,3,3,3,2,4,4,1,2,2,2,2,3,3,3,1,2,2,1,2,4,1,1,5,1,5,4,5,3 | LnAcc: 1.000 | IRec: 1.000
iDLG Recovered Labels: 2,3,5,6,8,10,12,17,18,19,20,21,22,23,24,29,30,31,32,39,43,46,47,54,55,56,57,58,59,60,61,64,68,69,70,71,74,76,77,83,85,91,94,96,97,98 | LeAcc: 0.520
GradInversion Recovered Labels: 0,1,2,3,4,5,6,8,9,10,11,12,13,14,15,16,17,18,19,20,21,22,23,24,25,26,27,28,29,30,31,32,33,34,35,36,37,38,39,40,41,42,43,44,46,47,48,50,51,52,53,54,55,56,57,58,59,60,61,62,64,65,66,68,69,70,71,72,74,75,76,77,78,79,80,81,82,83,84,85,86,87,88,89,90,91,92,93,94,95,96,97,98,99 | LeAcc: 1.000
SVD Recovered Labels: 5,17,19,21,55 | LeAcc: 0.110
Start Experiment 5
***************************************************************
Ground-truth Labels: 0,1,2,3,4,5,7,8,9,10,11,12,14,15,16,17,18,19,20,21,22,23,24,25,26,27,28,29,30,31,32,33,34,35,36,37,38,39,40,41,42,43,45,47,48,49,50,51,52,53,54,55,56,57,58,59,60,61,62,63,64,65,66,67,68,69,71,72,73,74,75,76,77,78,79,80,81,82,83,84,85,86,87,88,89,90,92,94,95,96,97,98,99
Ground-truth Num of Instances: 6,3,3,4,4,3,1,5,2,3,1,4,1,2,1,3,1,1,1,4,2,1,2,3,1,2,3,1,7,3,1,3,5,3,6,4,5,2,3,1,1,1,5,2,5,3,2,2,2,4,1,1,2,3,4,4,1,5,2,2,1,2,4,2,2,3,3,3,4,3,4,2,1,3,3,1,1,1,5,1,7,2,3,3,1,4,5,4,2,2,4,3,4
Our Recovered Labels: 0,1,2,3,4,5,7,8,9,10,11,12,14,15,16,17,18,19,20,21,22,23,24,25,26,27,28,29,30,31,32,33,34,35,36,37,38,39,40,41,42,43,45,47,48,49,50,51,52,53,54,55,56,57,58,59,60,61,62,63,64,65,66,67,68,69,71,72,73,74,75,76,77,78,79,80,81,82,83,84,85,86,87,88,89,90,92,94,95,96,97,98,99 | LeAcc: 1.000
Our Recovered Num of Instances: 6,3,3,4,4,3,1,5,2,3,1,4,1,2,1,3,1,1,1,4,2,1,2,3,1,2,3,1,7,3,1,3,5,3,6,4,5,2,3,1,1,1,5,2,5,3,2,2,2,4,1,1,2,3,4,4,1,5,2,2,1,2,4,2,2,3,3,3,4,3,4,2,1,3,3,1,1,1,5,1,7,2,4,3,1,4,5,4,2,2,4,3,4 | LnAcc: 0.990 | IRec: 1.000
iDLG Recovered Labels: 0,2,3,4,5,8,9,12,17,21,24,25,28,30,31,34,35,36,37,38,40,45,48,49,53,57,58,59,61,66,69,71,72,73,74,75,78,83,85,86,88,90,92,94,97,98,99 | LeAcc: 0.540
GradInversion Recovered Labels: 0,1,2,3,4,5,7,8,9,10,11,12,14,15,16,17,19,20,21,22,23,24,25,26,27,28,29,30,31,32,33,34,35,36,37,38,39,40,41,42,43,45,47,48,49,50,51,52,53,54,55,56,57,58,59,60,61,62,63,64,65,66,67,68,69,71,72,73,74,75,76,77,78,79,80,81,82,83,84,85,86,87,88,89,90,92,94,95,96,97,98,99 | LeAcc: 0.990
SVD Recovered Labels: 0,5,35,45,57,59,64,69,76,87 | LeAcc: 0.170
Start Experiment 6
***************************************************************
Ground-truth Labels: 0,1,4,5,6,7,8,9,10,11,12,13,14,15,16,17,18,19,20,21,22,23,24,25,26,27,28,29,30,32,33,34,35,36,37,38,39,40,41,42,43,44,45,46,47,48,49,50,51,52,54,55,56,57,58,60,61,62,63,64,65,66,67,68,70,71,72,73,74,75,76,78,79,80,81,82,83,84,85,86,88,89,90,91,92,93,94,95,96,97,98,99
Ground-truth Num of Instances: 4,4,4,3,5,2,2,1,2,5,1,2,3,6,2,2,3,1,3,2,3,3,2,1,4,4,2,2,4,1,2,3,5,4,4,3,1,3,1,7,5,3,1,2,2,3,2,2,1,2,1,3,2,3,2,3,1,4,1,3,3,4,2,2,3,5,6,1,1,3,1,4,1,3,7,3,2,2,5,1,4,5,2,4,2,4,5,2,2,1,2,2
Our Recovered Labels: 0,1,4,5,6,7,8,9,10,11,12,13,14,15,16,17,18,19,20,21,22,23,24,25,26,27,28,29,30,32,33,34,35,36,37,38,39,40,41,42,43,44,45,46,47,48,49,50,51,52,54,55,56,57,58,60,61,62,63,64,65,66,67,68,70,71,72,73,74,75,76,78,79,80,81,82,83,84,85,86,88,89,90,91,92,93,94,95,96,97,98,99 | LeAcc: 1.000
Our Recovered Num of Instances: 4,4,4,3,5,2,2,1,2,5,1,2,3,6,2,2,3,1,3,2,3,3,2,1,4,4,2,2,4,1,2,3,5,4,4,3,1,3,1,7,5,3,1,2,2,3,2,2,1,2,1,3,2,3,2,3,1,4,1,3,3,4,2,2,3,5,6,1,1,3,1,4,1,3,7,3,2,2,5,1,4,5,2,4,2,4,5,2,2,1,2,2 | LnAcc: 1.000 | IRec: 1.000
iDLG Recovered Labels: 0,1,4,5,6,7,10,11,14,15,20,22,24,26,27,28,29,30,34,35,36,37,38,40,42,43,44,55,57,62,64,65,66,70,71,72,75,78,81,82,85,88,89,91,93,94 | LeAcc: 0.540
GradInversion Recovered Labels: 0,1,4,5,6,7,8,9,10,11,12,13,14,15,16,17,18,19,20,21,22,23,24,25,26,27,28,29,30,32,33,34,35,36,37,38,39,40,41,42,43,44,45,46,47,48,49,50,51,52,54,55,56,57,58,60,61,62,64,65,66,67,68,70,71,72,73,74,75,76,78,79,80,81,82,83,84,85,86,88,89,90,91,92,93,94,95,96,97,98,99 | LeAcc: 0.990
SVD Recovered Labels: 11,15,29,35,37,57,94 | LeAcc: 0.150
Start Experiment 7
***************************************************************
Ground-truth Labels: 0,1,2,3,5,6,7,8,9,10,12,13,14,15,16,17,18,19,20,21,22,23,24,25,26,27,28,29,30,32,33,34,35,36,37,38,39,40,41,42,43,44,45,46,47,48,49,50,51,52,53,54,56,57,58,59,60,61,62,63,64,66,67,68,69,70,71,72,73,75,76,77,78,79,80,81,82,83,84,85,86,87,88,89,90,91,92,93,94,95,96,97,98,99
Ground-truth Num of Instances: 4,5,1,1,2,4,1,2,3,2,4,1,3,6,2,2,3,4,2,2,4,3,6,3,2,5,2,2,5,3,1,4,4,2,4,3,2,1,2,1,1,3,2,2,4,5,3,4,1,1,3,1,1,4,2,5,6,4,3,2,3,1,2,3,3,4,5,2,1,4,2,1,5,3,2,5,1,1,2,2,1,2,4,1,5,1,1,4,3,3,3,2,2,2
Our Recovered Labels: 0,1,2,3,5,6,7,8,9,10,12,13,14,15,16,17,18,19,20,21,22,23,24,25,26,27,28,29,30,32,33,34,35,36,37,38,39,40,41,42,43,44,45,46,47,48,49,50,51,52,53,54,56,57,58,59,60,61,62,63,64,66,67,68,69,70,71,72,73,75,76,77,78,79,80,81,82,83,84,85,86,87,88,89,90,91,92,93,94,95,96,97,98,99 | LeAcc: 1.000
Our Recovered Num of Instances: 4,5,1,1,2,4,1,2,3,2,4,1,3,6,2,2,3,4,2,2,4,3,6,3,2,5,2,2,5,3,1,4,4,2,4,3,2,1,2,1,1,3,2,2,4,5,3,4,1,1,3,1,1,4,2,5,6,4,3,2,3,1,2,3,3,4,5,2,1,4,2,1,5,3,2,5,1,1,2,2,1,2,4,1,5,1,1,4,3,3,3,2,2,2 | LnAcc: 1.000 | IRec: 1.000
iDLG Recovered Labels: 0,1,5,6,9,12,14,15,16,19,20,22,24,25,27,30,34,35,37,44,47,48,50,53,57,59,60,61,62,64,68,69,70,71,75,78,79,81,85,88,90,94,96 | LeAcc: 0.490
GradInversion Recovered Labels: 0,1,2,3,5,6,7,8,9,10,12,13,14,15,16,17,18,19,20,21,22,23,24,25,26,27,28,29,30,32,33,34,35,36,37,38,39,40,41,42,43,44,45,46,47,48,49,50,51,52,53,54,56,57,58,59,60,61,62,63,64,67,68,69,70,71,72,73,75,76,77,78,79,80,81,82,83,84,85,86,87,88,89,90,91,92,93,94,95,96,97,98,99 | LeAcc: 0.990
SVD Recovered Labels: 10,22,33,75,87 | LeAcc: 0.110
Start Experiment 8
***************************************************************
Ground-truth Labels: 0,1,2,4,5,6,7,8,9,10,11,12,13,14,16,17,18,19,20,21,22,23,24,26,28,29,30,31,32,33,34,35,36,37,38,39,40,41,42,43,44,45,47,48,49,50,51,52,53,54,55,56,57,58,59,60,61,62,63,64,65,66,68,69,72,73,74,75,76,77,78,79,80,81,82,83,84,85,86,87,88,89,90,91,92,93,94,95,96,97,99
Ground-truth Num of Instances: 3,2,4,4,4,4,2,2,6,2,4,2,2,1,6,3,4,5,2,5,3,2,2,2,4,1,4,1,1,2,4,1,2,5,1,4,1,4,2,6,3,5,2,3,3,2,7,1,1,2,4,5,4,4,1,1,1,4,4,2,3,3,3,4,5,1,1,2,2,3,3,3,1,3,2,1,3,2,2,3,3,2,2,4,2,2,3,1,1,5,3
Our Recovered Labels: 0,1,2,4,5,6,7,8,9,10,11,12,13,14,16,17,18,19,20,21,22,23,24,26,28,29,30,31,32,33,34,35,36,37,38,39,40,41,42,43,44,45,47,48,49,50,51,52,53,54,55,56,57,58,59,60,61,62,63,64,65,66,68,69,72,73,74,75,76,77,78,79,80,81,82,83,84,85,86,87,88,89,90,91,92,93,94,95,96,97,99 | LeAcc: 1.000
Our Recovered Num of Instances: 3,2,4,4,4,4,2,2,6,2,4,3,2,1,6,3,4,5,2,5,3,2,2,2,4,1,4,1,1,2,4,1,2,5,1,4,1,4,2,6,3,5,2,3,3,2,7,1,1,2,4,5,4,4,1,1,1,4,4,2,3,3,3,4,5,1,1,2,2,3,3,3,1,3,2,1,3,2,2,3,3,2,2,4,2,2,3,1,1,5,3 | LnAcc: 0.990 | IRec: 1.000
iDLG Recovered Labels: 2,4,5,6,9,11,16,17,18,19,20,21,22,24,28,30,34,37,39,41,43,45,48,51,55,56,57,58,62,63,66,68,69,72,77,79,81,84,86,88,91,94,97,99 | LeAcc: 0.530
GradInversion Recovered Labels: 0,1,2,4,5,6,7,8,9,10,11,12,13,14,16,17,18,19,20,21,22,23,24,26,28,29,30,31,32,33,34,35,36,37,38,39,40,41,42,43,44,45,47,48,49,50,51,52,53,54,55,56,57,58,59,60,61,62,63,64,65,66,68,69,72,73,74,75,76,77,78,79,80,81,82,83,84,85,86,87,88,89,90,91,92,93,94,95,96,97,99 | LeAcc: 1.000
SVD Recovered Labels: 17,34,48,51,56,79,82,94 | LeAcc: 0.170
Start Experiment 9
***************************************************************
Ground-truth Labels: 0,1,2,3,4,5,6,7,8,9,10,11,12,13,14,15,16,17,18,19,20,21,22,23,24,25,26,27,28,30,31,32,33,34,35,36,37,38,39,40,41,42,43,44,45,46,47,48,49,50,51,53,54,55,56,57,58,59,60,61,63,64,65,66,67,68,69,70,71,72,73,74,76,77,78,79,80,81,82,83,84,85,86,87,88,89,90,91,92,93,94,95,96,97,98,99
Ground-truth Num of Instances: 3,2,3,5,5,1,2,3,1,1,1,2,1,1,2,4,3,6,1,4,3,4,1,2,5,3,1,1,4,1,3,4,3,1,3,5,4,2,4,3,3,1,1,3,2,4,2,1,4,2,4,1,1,3,2,4,5,3,5,2,4,2,2,1,4,2,2,3,4,2,1,4,4,1,4,5,1,4,1,2,3,4,2,1,2,1,2,3,5,2,2,4,1,2,2,6
Our Recovered Labels: 0,1,2,3,4,5,6,7,8,9,10,11,12,13,14,15,16,17,18,19,20,21,22,23,24,25,26,27,28,30,31,32,33,34,35,36,37,38,39,40,41,42,43,44,45,46,47,48,49,50,51,53,54,55,56,57,58,59,60,61,63,64,65,66,67,68,69,70,71,72,73,74,76,77,78,79,80,81,82,83,84,85,86,87,88,89,90,91,92,93,94,95,96,97,98,99 | LeAcc: 1.000
Our Recovered Num of Instances: 3,2,3,5,5,1,2,3,1,1,1,2,1,1,2,4,3,6,1,4,3,4,1,2,5,3,1,1,4,1,3,4,3,1,3,5,4,2,4,3,3,1,1,3,2,4,2,1,4,2,4,1,1,3,2,4,5,3,5,2,4,2,2,1,4,2,2,3,4,2,1,4,4,1,4,5,1,4,1,2,3,4,2,1,2,1,2,3,5,2,2,4,1,2,2,6 | LnAcc: 1.000 | IRec: 1.000
iDLG Recovered Labels: 0,1,2,3,4,7,15,16,17,19,20,21,24,25,28,35,36,37,39,40,41,45,46,49,51,57,58,60,61,63,71,74,76,78,79,81,83,84,85,86,91,92,95,97,99 | LeAcc: 0.490
GradInversion Recovered Labels: 0,1,2,3,4,5,6,7,8,9,10,11,12,13,14,15,16,17,18,19,20,21,22,23,24,25,26,27,28,30,31,32,33,34,35,36,37,38,39,40,41,42,43,44,45,46,47,48,49,50,51,53,54,55,56,57,58,59,60,61,63,64,65,66,67,68,69,70,71,72,73,74,76,77,78,79,80,81,82,83,84,85,86,87,88,89,90,91,92,93,94,95,96,97,98,99 | LeAcc: 1.000
SVD Recovered Labels: 0,37,54,98 | LeAcc: 0.080
Start Experiment 10
***************************************************************
Ground-truth Labels: 0,1,2,3,4,5,6,7,8,9,10,11,12,13,14,15,16,17,18,19,20,21,22,23,24,25,26,27,28,29,30,31,32,33,34,36,37,38,39,40,41,42,43,45,46,47,48,49,50,51,52,53,54,55,56,57,58,59,60,61,62,63,64,65,66,67,68,69,71,72,73,74,75,76,77,78,79,80,81,82,83,84,85,86,87,88,90,91,92,93,94,95,96,97,98
Ground-truth Num of Instances: 2,1,3,5,1,4,5,3,3,3,1,2,3,1,3,2,1,6,4,3,6,4,1,1,4,3,1,2,3,3,2,2,3,1,3,1,3,1,2,2,3,2,4,2,3,3,3,4,2,3,3,3,3,1,1,2,3,2,4,1,3,5,1,3,3,2,3,3,4,3,4,3,2,2,2,1,2,3,1,4,2,3,6,5,5,1,5,3,2,3,1,4,1,1,4
Our Recovered Labels: 0,1,2,3,4,5,6,7,8,9,10,11,12,13,14,15,16,17,18,19,20,21,22,23,24,25,26,27,28,29,30,31,32,33,34,36,37,38,39,40,41,42,43,45,46,47,48,49,50,51,52,53,54,55,56,57,58,59,60,61,62,63,64,65,66,67,68,69,71,72,73,74,75,76,77,78,79,80,81,82,83,84,85,86,87,88,90,91,92,93,94,95,96,97,98 | LeAcc: 1.000
Our Recovered Num of Instances: 2,1,3,5,1,4,5,3,3,3,1,2,4,1,3,2,1,6,4,3,6,4,1,1,4,3,1,2,3,3,2,2,3,1,3,1,3,1,2,2,3,2,4,2,3,3,3,4,2,3,3,3,3,1,1,2,3,2,4,1,3,5,1,3,3,2,3,3,4,3,4,3,2,2,2,1,2,3,1,4,2,3,6,5,5,1,5,3,2,3,1,4,1,1,4 | LnAcc: 0.990 | IRec: 1.000
iDLG Recovered Labels: 2,3,5,6,8,9,12,14,17,18,19,20,21,24,28,29,32,37,40,41,43,46,48,49,51,52,53,54,57,58,60,62,63,65,68,69,71,72,73,80,82,84,85,86,87,90,91,95,98 | LeAcc: 0.540
GradInversion Recovered Labels: 0,1,2,3,4,5,6,7,8,9,11,12,13,14,15,16,17,18,19,20,21,22,23,24,25,26,27,28,29,30,31,32,33,34,36,37,38,39,40,41,42,43,45,46,47,48,49,50,51,52,53,54,55,56,57,58,59,60,61,62,63,64,65,66,67,68,69,71,72,73,74,75,76,77,78,79,80,81,82,83,84,85,86,87,90,91,92,93,94,95,96,97,98 | LeAcc: 0.980
SVD Recovered Labels: 1,19,20,55,60,73,86,87,90 | LeAcc: 0.140
Start Experiment 11
***************************************************************
Ground-truth Labels: 0,1,2,3,4,5,6,7,8,10,11,12,13,14,15,16,17,18,19,21,22,24,25,26,27,28,29,30,31,32,33,34,35,37,38,39,40,41,42,43,44,45,46,47,48,49,50,51,52,54,55,57,59,60,61,62,63,64,65,66,67,69,70,71,72,73,75,76,77,78,79,80,82,83,85,86,87,88,90,91,92,93,94,95,96,97,98,99
Ground-truth Num of Instances: 7,2,7,7,4,3,2,2,3,3,4,1,6,7,3,2,2,1,1,3,2,2,4,6,3,3,3,2,2,1,3,2,4,1,2,2,1,4,1,2,2,4,4,1,3,3,5,3,4,4,3,2,3,2,1,2,4,2,3,2,2,4,2,1,3,2,2,3,1,4,2,4,3,1,5,4,2,7,1,1,6,5,2,2,3,2,2,3
Our Recovered Labels: 0,1,2,3,4,5,6,7,8,10,11,12,13,14,15,16,17,18,19,21,22,24,25,26,27,28,29,30,31,32,33,34,35,37,38,39,40,41,42,43,44,45,46,47,48,49,50,51,52,54,55,57,59,60,61,62,63,64,65,66,67,69,70,71,72,73,75,76,77,78,79,80,82,83,85,86,87,88,90,91,92,93,94,95,96,97,98,99 | LeAcc: 1.000
Our Recovered Num of Instances: 7,2,7,7,4,3,2,2,3,3,4,1,6,7,3,2,2,1,1,3,2,2,4,6,3,3,3,2,2,1,3,2,4,1,2,2,1,4,1,2,2,4,4,1,3,3,5,3,4,4,3,2,3,2,1,2,4,2,3,2,2,4,2,1,3,2,2,3,1,4,2,4,3,1,5,4,2,7,1,1,6,5,2,2,3,2,2,3 | LnAcc: 1.000 | IRec: 1.000
iDLG Recovered Labels: 0,2,3,4,5,8,11,13,14,15,21,24,25,26,28,29,34,35,41,45,46,50,51,52,54,55,57,59,63,69,72,76,78,79,80,82,85,86,88,92,93,99 | LeAcc: 0.540
GradInversion Recovered Labels: 0,1,2,3,4,5,6,7,8,10,11,12,13,14,15,16,17,18,19,21,22,24,25,26,27,28,29,30,31,32,33,34,35,37,38,39,40,41,42,43,44,45,46,47,48,49,50,51,52,54,55,57,59,60,61,62,63,64,65,66,67,69,70,71,72,73,75,76,77,78,79,80,82,83,85,86,87,88,90,91,92,93,94,95,96,97,98,99 | LeAcc: 1.000
SVD Recovered Labels: 0,2,3,11,13,14,17,21,32,34,46,48,51,72,76,82,85,86,99 | LeAcc: 0.310
Start Experiment 12
***************************************************************
Ground-truth Labels: 0,1,2,3,4,5,6,7,8,9,10,11,12,13,14,15,17,18,19,21,22,23,24,25,26,27,28,29,30,31,32,33,34,35,36,37,38,39,40,41,42,43,44,45,46,47,48,49,50,51,52,53,54,55,56,57,58,59,60,61,62,63,64,65,66,67,68,69,70,72,73,74,75,76,77,78,79,80,81,82,83,84,85,86,87,88,89,90,91,93,94,95,96,97,99
Ground-truth Num of Instances: 4,2,2,2,2,2,2,5,1,1,2,4,4,2,2,7,5,2,3,1,3,3,3,4,2,2,4,5,2,2,4,4,1,1,4,3,5,1,2,1,1,3,2,3,3,3,4,1,5,1,3,4,2,2,3,2,3,1,3,2,1,3,2,3,1,3,3,6,2,2,2,4,3,4,2,4,2,3,1,1,3,4,2,2,3,2,6,1,1,4,3,3,2,3,3
Our Recovered Labels: 0,1,2,3,4,5,6,7,8,9,10,11,12,13,14,15,17,18,19,21,22,23,24,25,26,27,28,29,30,31,32,33,34,35,36,37,38,39,40,41,42,43,44,45,46,47,48,49,50,51,52,53,54,55,56,57,58,59,60,61,62,63,64,65,66,67,68,69,70,72,73,74,75,76,77,78,79,80,81,82,83,84,85,86,87,88,89,90,91,93,94,95,96,97,99 | LeAcc: 1.000
Our Recovered Num of Instances: 4,2,2,2,2,2,2,5,1,1,2,4,4,2,2,7,5,2,3,1,3,3,3,4,2,4,4,5,2,2,4,4,1,1,4,3,5,1,2,1,1,3,2,3,3,3,4,1,5,1,3,4,2,2,3,2,3,1,3,2,1,3,2,3,1,3,3,6,2,2,2,4,3,4,2,4,2,3,1,1,3,4,2,2,3,2,6,1,1,4,3,3,2,3,3 | LnAcc: 0.990 | IRec: 1.000
iDLG Recovered Labels: 0,3,5,7,11,12,15,17,19,22,24,25,28,29,32,33,36,37,38,45,46,47,48,50,53,56,57,58,60,63,68,69,74,75,76,78,80,83,84,85,89,94,95,97,99 | LeAcc: 0.500
GradInversion Recovered Labels: 0,1,2,3,4,5,6,7,8,9,10,11,12,13,14,15,17,18,19,21,22,23,24,25,26,27,28,29,30,31,32,33,34,35,36,37,38,39,40,41,42,43,44,45,46,47,48,49,50,51,52,53,54,55,56,57,58,59,60,61,63,64,65,66,67,68,69,70,72,73,74,75,76,77,78,79,80,81,82,83,84,85,86,87,88,89,90,91,93,94,95,96,97,99 | LeAcc: 0.990
SVD Recovered Labels: 12,26,32,47 | LeAcc: 0.090
Start Experiment 13
***************************************************************
Ground-truth Labels: 0,1,2,3,5,6,7,8,9,10,11,12,13,14,15,16,17,18,20,21,22,23,24,25,26,27,28,29,31,32,33,34,35,36,37,40,41,42,43,44,45,46,47,48,49,51,52,53,54,55,56,57,58,59,60,61,62,63,64,65,67,68,69,70,71,73,74,76,77,78,79,80,81,82,83,85,86,87,88,89,90,91,92,93,94,95,96,97,98,99
Ground-truth Num of Instances: 2,4,1,2,3,6,3,4,1,6,2,3,1,6,1,3,4,2,3,1,2,1,1,3,5,3,5,3,5,3,3,4,1,1,1,3,3,2,2,3,3,4,3,2,2,2,2,2,4,4,4,6,4,4,1,1,1,1,3,1,1,6,2,3,2,5,5,2,3,1,3,2,4,6,4,1,3,3,2,1,4,2,1,3,1,4,6,2,1,7
Our Recovered Labels: 0,1,2,3,5,6,7,8,9,10,11,12,13,14,15,16,17,18,20,21,22,23,24,25,26,27,28,29,31,32,33,34,35,36,37,40,41,42,43,44,45,46,47,48,49,51,52,53,54,55,56,57,58,59,60,61,62,63,64,65,67,68,69,70,71,73,74,76,77,78,79,80,81,82,83,85,86,87,88,89,90,91,92,93,94,95,96,97,98,99 | LeAcc: 1.000
Our Recovered Num of Instances: 2,4,1,2,3,6,3,4,1,6,2,3,1,6,1,3,4,2,3,1,2,1,1,3,5,3,5,3,5,3,3,4,1,1,1,3,3,2,2,3,3,4,3,2,2,2,2,2,4,4,4,6,4,4,1,1,1,1,3,1,1,6,2,3,2,5,5,2,3,1,3,2,4,6,4,1,3,3,2,1,4,2,1,3,1,4,6,2,1,7 | LnAcc: 1.000 | IRec: 1.000
iDLG Recovered Labels: 0,1,5,6,8,10,12,14,16,17,20,26,28,29,31,34,40,41,44,46,47,53,54,55,56,57,58,59,64,68,69,70,73,74,77,79,81,82,83,86,90,95,96,99 | LeAcc: 0.540
GradInversion Recovered Labels: 0,1,2,3,5,6,7,8,9,10,11,12,13,14,15,16,17,18,20,21,22,23,24,25,26,27,28,29,31,32,33,34,35,36,37,40,41,42,43,44,45,46,47,48,49,51,52,53,54,55,56,57,58,59,60,61,62,63,64,65,67,68,69,70,71,73,74,76,77,78,79,80,81,82,83,85,86,87,88,89,90,91,92,93,94,95,96,97,98,99 | LeAcc: 1.000
SVD Recovered Labels: 12,54,57,68,69,82,90,92,99 | LeAcc: 0.190
Start Experiment 14
***************************************************************
Ground-truth Labels: 0,1,2,3,4,6,7,8,9,10,11,13,14,15,17,18,19,20,21,24,25,26,27,29,30,31,32,33,34,35,36,37,38,39,40,41,42,43,44,45,46,47,48,49,50,51,52,53,54,55,56,57,58,59,61,62,63,64,65,67,68,69,70,71,72,73,74,75,76,77,78,79,80,82,83,84,85,86,87,88,89,90,91,92,93,94,95,96,97,98,99
Ground-truth Num of Instances: 3,1,2,6,1,2,3,3,2,5,3,4,1,4,3,3,2,7,1,1,1,3,2,1,3,2,2,1,1,3,2,3,2,2,1,3,2,3,5,2,1,4,7,1,4,6,4,6,1,3,2,2,5,1,3,4,4,2,2,6,1,6,2,1,3,2,2,3,2,3,1,7,2,5,2,1,8,2,4,2,3,3,3,3,1,4,3,1,2,3,2
Our Recovered Labels: 0,1,2,3,4,6,7,8,9,10,11,13,14,15,17,18,19,20,21,24,25,26,27,29,30,31,32,33,34,35,36,37,38,39,40,41,42,43,44,45,46,47,48,49,50,51,52,53,54,55,56,57,58,59,61,62,63,64,65,67,68,69,70,71,72,73,74,75,76,77,78,79,80,82,83,84,85,86,87,88,89,90,91,92,93,94,95,96,97,98,99 | LeAcc: 1.000
Our Recovered Num of Instances: 3,1,2,6,1,2,3,3,2,5,3,4,1,4,3,3,2,7,1,1,1,3,2,1,3,2,2,1,1,3,2,3,2,2,1,3,2,3,5,2,1,4,7,1,4,6,4,6,1,3,2,2,5,1,3,4,4,2,2,6,1,6,2,1,3,2,2,3,2,3,1,7,2,5,2,1,8,2,4,2,3,3,3,3,1,4,3,1,2,3,2 | LnAcc: 1.000 | IRec: 1.000
iDLG Recovered Labels: 3,6,7,8,9,10,11,13,15,17,18,19,20,26,35,37,41,44,47,48,50,51,52,53,58,61,62,63,67,69,75,77,79,82,85,87,89,90,91,92,94,95,98 | LeAcc: 0.520
GradInversion Recovered Labels: 0,1,2,3,4,6,7,8,9,10,11,13,14,15,17,18,19,20,21,24,25,26,27,29,30,31,32,33,34,35,36,37,38,39,40,41,42,43,44,45,46,47,48,49,50,51,52,53,54,55,56,57,58,59,61,62,63,64,65,67,68,69,70,71,72,73,74,75,76,77,78,79,80,82,83,84,85,86,87,88,89,90,91,92,93,94,95,96,97,98,99 | LeAcc: 1.000
SVD Recovered Labels: 20,48,52,53,67,69,92,94 | LeAcc: 0.170
Start Experiment 15
***************************************************************
Ground-truth Labels: 0,1,2,3,4,5,6,7,8,9,10,11,12,13,14,15,16,17,18,19,20,21,22,23,24,25,26,27,28,30,31,32,33,34,35,36,37,38,39,40,41,42,43,44,45,46,47,48,49,50,51,52,53,55,57,58,60,61,62,63,65,66,67,68,70,71,72,73,74,75,76,77,78,79,80,81,82,83,84,85,86,87,88,89,90,91,92,93,94,95,96,97,98,99
Ground-truth Num of Instances: 1,3,3,3,3,3,1,3,2,2,1,4,2,3,1,1,2,1,5,5,1,5,4,7,6,3,3,2,4,1,4,5,2,1,2,4,2,3,1,1,6,1,4,1,2,4,2,2,3,2,8,2,3,1,3,2,1,1,2,2,5,3,3,1,4,1,2,2,1,3,3,5,3,5,2,3,1,2,3,5,3,5,2,5,4,2,2,1,1,3,1,4,1,3
Our Recovered Labels: 0,1,2,3,4,5,6,7,8,9,10,11,12,13,14,15,16,17,18,19,20,21,22,23,24,25,26,27,28,30,31,32,33,34,35,36,37,38,39,40,41,42,43,44,45,46,47,48,49,50,51,52,53,55,57,58,60,61,62,63,65,66,67,68,70,71,72,73,74,75,76,77,78,79,80,81,82,83,84,85,86,87,88,89,90,91,92,93,94,95,96,97,98,99 | LeAcc: 1.000
Our Recovered Num of Instances: 1,3,3,3,3,3,1,3,2,2,1,4,2,3,1,1,2,1,5,5,1,5,4,7,6,3,3,2,4,1,4,5,2,1,2,4,2,3,1,1,6,1,4,1,2,4,2,2,3,2,8,2,3,1,3,2,1,1,2,2,5,3,3,1,4,1,2,2,1,3,3,5,3,5,2,3,1,2,3,5,3,5,2,5,4,2,2,1,1,3,1,4,1,3 | LnAcc: 1.000 | IRec: 1.000
iDLG Recovered Labels: 2,3,4,5,7,11,13,18,19,21,22,23,24,25,26,28,31,32,36,38,41,43,46,49,51,53,57,65,70,76,77,78,79,81,84,85,86,87,89,90,95,97,99 | LeAcc: 0.490
GradInversion Recovered Labels: 0,1,2,3,4,5,6,7,8,9,10,11,12,13,14,15,16,17,18,19,20,21,22,23,24,25,26,27,28,30,31,32,33,34,35,36,37,38,39,40,41,42,43,44,45,46,47,48,49,50,51,52,53,55,57,58,60,61,62,63,65,66,67,68,70,71,72,73,74,75,76,77,78,79,80,81,82,83,84,85,86,87,88,89,90,91,92,93,94,95,96,97,98,99 | LeAcc: 1.000
SVD Recovered Labels: 0,4,30,46,77,79,97 | LeAcc: 0.130
Start Experiment 16
***************************************************************
Ground-truth Labels: 0,1,2,3,4,5,6,7,10,11,12,13,14,16,18,19,20,21,22,23,24,25,27,28,29,30,31,32,34,35,36,37,38,39,40,41,42,43,44,45,46,47,48,49,51,52,53,54,55,56,57,58,61,62,63,64,65,66,67,68,69,70,71,72,73,74,75,76,77,78,79,80,81,82,83,84,85,86,87,88,90,91,92,93,94,95,96,97,98,99
Ground-truth Num of Instances: 4,1,11,2,1,2,2,3,3,3,1,4,2,1,2,4,5,4,2,5,2,2,2,2,6,4,1,4,2,2,2,4,5,3,5,2,4,3,2,3,2,3,1,2,2,2,3,3,1,2,3,3,1,3,4,4,2,2,3,1,2,3,3,1,2,3,5,1,2,3,4,5,3,5,3,3,2,2,2,5,3,5,5,4,4,1,2,2,1,1
Our Recovered Labels: 0,1,2,3,4,5,6,7,10,11,12,13,14,16,18,19,20,21,22,23,24,25,27,28,29,30,31,32,34,35,36,37,38,39,40,41,42,43,44,45,46,47,48,49,51,52,53,54,55,56,57,58,61,62,63,64,65,66,67,68,69,70,71,72,73,74,75,76,77,78,79,80,81,82,83,84,85,86,87,88,90,91,92,93,94,95,96,97,98,99 | LeAcc: 1.000
Our Recovered Num of Instances: 4,1,11,2,1,2,2,3,3,3,1,4,2,1,2,4,5,4,2,5,2,2,2,2,6,4,1,4,2,2,2,4,5,3,5,2,4,3,2,3,2,3,1,2,2,2,3,3,1,2,3,3,1,3,4,4,2,2,3,1,2,3,3,1,2,3,5,1,2,3,4,5,3,5,3,3,2,2,2,5,3,5,5,4,4,1,2,2,1,1 | LnAcc: 1.000 | IRec: 1.000
iDLG Recovered Labels: 0,2,7,10,11,13,19,20,21,23,28,29,30,32,37,38,39,40,42,45,46,51,53,54,57,58,63,64,69,70,71,75,78,79,80,81,82,83,84,88,90,91,92,93,94 | LeAcc: 0.550
GradInversion Recovered Labels: 0,1,2,3,4,5,6,7,10,11,12,13,14,16,18,19,20,21,22,23,24,25,27,28,29,30,31,32,34,35,36,37,38,39,40,41,42,43,44,45,46,47,48,49,51,52,53,54,55,56,57,58,61,62,63,64,65,66,67,68,69,70,71,72,73,74,75,76,77,78,79,80,81,82,83,84,85,86,87,88,90,91,92,93,94,95,96,97,98,99 | LeAcc: 1.000
SVD Recovered Labels: 2,14,16,20,21,24,91 | LeAcc: 0.170
Start Experiment 17
***************************************************************
Ground-truth Labels: 0,1,2,3,4,5,6,7,8,9,10,11,12,13,15,16,17,18,19,20,21,22,23,24,25,26,28,29,30,31,32,33,34,35,36,37,38,39,40,41,42,43,44,45,46,47,48,49,50,51,52,53,54,55,56,57,58,59,60,61,62,63,64,65,66,67,68,69,70,71,72,73,74,75,76,77,78,79,80,81,82,83,84,85,86,87,88,89,90,91,92,93,94,95,96,97,98,99
Ground-truth Num of Instances: 1,2,1,1,1,4,3,1,3,2,1,2,2,1,1,3,5,3,1,1,6,2,4,1,1,4,5,1,4,3,6,1,5,1,3,2,4,2,5,3,1,2,1,2,4,3,2,3,3,2,1,1,2,4,2,4,3,3,4,2,4,2,5,1,2,3,3,3,1,1,3,2,4,8,2,2,1,3,1,2,6,5,2,2,6,2,3,2,1,2,6,2,3,1,3,2,2,2
Our Recovered Labels: 0,1,2,3,4,5,6,7,8,9,10,11,12,13,15,16,17,18,19,20,21,22,23,24,25,26,28,29,30,31,32,33,34,35,36,37,38,39,40,41,42,43,44,45,46,47,48,49,50,51,52,53,54,55,56,57,58,59,60,61,62,63,64,65,66,67,68,69,70,71,72,73,74,75,76,77,78,79,80,81,82,83,84,85,86,87,88,89,90,91,92,93,94,95,96,97,98,99 | LeAcc: 1.000
Our Recovered Num of Instances: 1,2,1,1,1,4,3,1,3,2,1,2,2,1,1,3,5,3,1,1,6,2,4,1,1,4,5,1,4,3,6,1,5,1,3,2,4,2,5,3,1,2,1,2,4,3,2,3,3,2,1,1,2,4,2,4,3,3,4,2,4,2,5,1,2,3,3,3,1,1,3,2,4,8,2,2,1,3,1,2,6,5,2,2,6,2,3,2,1,2,6,2,3,1,3,2,2,2 | LnAcc: 1.000 | IRec: 1.000
iDLG Recovered Labels: 5,6,8,16,17,21,23,26,28,30,31,32,34,36,38,40,41,45,46,47,55,57,58,59,60,62,64,68,69,72,74,75,82,83,85,86,91,92,94,99 | LeAcc: 0.420
GradInversion Recovered Labels: 0,1,2,3,4,5,6,7,8,9,11,12,13,15,16,17,18,19,20,21,22,23,24,25,26,28,29,30,31,32,33,34,35,36,37,38,39,40,41,42,43,44,45,46,47,48,49,50,51,52,53,54,55,56,57,58,59,60,61,62,63,64,65,66,67,68,69,70,71,72,73,74,75,76,77,78,79,80,81,82,83,84,85,86,87,88,89,90,91,92,93,94,95,96,97,98,99 | LeAcc: 0.990
SVD Recovered Labels: 8,28,51,57,62,67,86,92 | LeAcc: 0.100
Start Experiment 18
***************************************************************
Ground-truth Labels: 1,2,3,4,5,6,7,8,9,10,11,12,13,14,15,16,17,18,19,20,21,22,23,24,25,26,27,28,29,30,31,32,33,34,35,36,37,38,39,40,41,42,44,45,46,48,49,50,51,52,53,54,55,56,57,58,59,60,61,62,63,64,66,67,69,70,71,72,73,74,75,76,77,78,79,80,81,83,84,85,86,87,88,89,90,91,92,93,94,95,96,97,98,99
Ground-truth Num of Instances: 4,5,2,3,1,3,1,3,2,4,2,2,4,3,3,2,2,1,1,2,3,2,3,2,3,7,3,2,5,3,2,1,3,1,1,2,5,2,2,3,2,3,3,4,3,3,5,1,1,3,3,1,4,3,3,2,3,2,2,1,2,3,1,2,1,2,5,4,4,3,1,6,2,4,1,4,4,4,2,2,7,1,1,4,2,1,2,2,5,5,4,3,2,3
Our Recovered Labels: 1,2,3,4,5,6,7,8,9,10,11,12,13,14,15,16,17,18,19,20,21,22,23,24,25,26,27,28,29,30,31,32,33,34,35,36,37,38,39,40,41,42,44,45,46,48,49,50,51,52,53,54,55,56,57,58,59,60,61,62,63,64,66,67,69,70,71,72,73,74,75,76,77,78,79,80,81,83,84,85,86,87,88,89,90,91,92,93,94,95,96,97,98,99 | LeAcc: 1.000
Our Recovered Num of Instances: 4,5,2,3,1,3,1,3,2,4,2,2,4,3,3,2,2,1,1,2,3,2,3,2,3,7,3,2,5,3,2,1,3,1,1,2,5,2,2,3,2,3,3,4,3,3,5,1,1,3,3,1,4,3,3,2,3,2,2,1,2,3,1,2,1,2,5,4,4,3,1,6,2,4,1,4,4,4,2,2,7,1,1,4,2,1,2,2,5,5,4,3,2,3 | LnAcc: 1.000 | IRec: 1.000
iDLG Recovered Labels: 1,2,6,9,10,13,14,15,20,21,24,25,26,29,37,40,41,45,46,48,49,52,55,56,57,58,59,61,64,71,72,73,76,78,80,81,83,86,89,94,95,96,97,98,99 | LeAcc: 0.510
GradInversion Recovered Labels: 1,2,3,4,5,6,7,8,9,10,11,12,13,14,15,16,17,18,19,20,21,22,23,24,25,26,27,28,29,30,31,32,33,34,35,36,37,38,39,40,41,42,44,45,46,48,49,50,51,52,53,54,55,56,57,58,59,60,61,62,63,64,66,67,69,70,71,72,73,74,75,76,77,78,79,80,81,83,84,85,86,87,88,89,90,91,92,93,94,95,96,97,98,99 | LeAcc: 1.000
SVD Recovered Labels: 31,37,45,94 | LeAcc: 0.100
Start Experiment 19
***************************************************************
Ground-truth Labels: 0,1,2,3,5,6,7,8,9,10,11,12,13,14,15,16,17,18,19,21,22,23,24,25,26,27,28,29,30,31,32,33,34,36,37,38,39,40,41,42,43,44,45,46,47,48,49,50,51,52,53,54,55,56,57,58,59,60,61,62,63,64,65,66,67,68,69,70,71,72,73,74,75,76,77,78,80,81,82,83,84,85,86,88,89,90,91,92,94,95,98,99
Ground-truth Num of Instances: 3,1,2,2,2,2,2,4,1,4,3,4,5,5,1,1,4,2,4,4,2,3,4,3,2,3,3,3,2,3,3,2,2,2,1,3,1,6,2,2,8,1,1,1,4,4,6,2,3,3,1,2,1,4,4,3,1,4,2,2,6,2,5,2,1,3,1,1,5,5,4,4,2,2,1,2,1,1,4,3,3,5,2,5,3,1,2,2,2,3,5,3
Our Recovered Labels: 0,1,2,3,5,6,7,8,9,10,11,12,13,14,15,16,17,18,19,21,22,23,24,25,26,27,28,29,30,31,32,33,34,36,37,38,39,40,41,42,43,44,45,46,47,48,49,50,51,52,53,54,55,56,57,58,59,60,61,62,63,64,65,66,67,68,69,70,71,72,73,74,75,76,77,78,80,81,82,83,84,85,86,88,89,90,91,92,94,95,98,99 | LeAcc: 1.000
Our Recovered Num of Instances: 3,1,2,2,2,2,2,4,1,4,3,4,5,5,1,1,4,2,4,4,2,3,4,3,2,3,3,3,2,3,3,2,2,2,1,3,1,6,2,2,8,1,1,1,4,4,6,2,3,3,1,2,1,4,4,3,1,4,2,2,6,2,5,2,1,3,1,1,5,5,4,4,2,2,1,2,1,1,4,3,3,5,2,5,3,1,2,2,2,3,5,3 | LnAcc: 1.000 | IRec: 1.000
iDLG Recovered Labels: 0,5,7,8,10,11,12,13,14,17,19,21,23,24,25,28,29,38,40,41,43,47,48,49,51,52,54,56,57,58,60,63,65,68,71,72,73,74,82,83,84,85,86,88,89,95,98,99 | LeAcc: 0.560
GradInversion Recovered Labels: 0,1,2,3,5,6,7,8,9,10,11,12,13,14,15,16,17,18,19,21,22,23,24,25,26,27,28,29,30,31,32,33,34,36,37,38,39,40,41,42,43,44,45,46,47,48,49,50,51,52,53,54,55,56,57,58,59,60,61,62,63,64,65,66,67,68,69,70,71,72,73,74,75,76,77,78,80,81,82,83,84,85,86,88,89,90,91,92,94,95,98,99 | LeAcc: 1.000
SVD Recovered Labels: 12,38,51,56,82,91,99 | LeAcc: 0.150
Start Experiment 20
***************************************************************
Ground-truth Labels: 0,1,2,3,4,5,6,7,9,10,11,12,13,14,15,16,17,18,19,21,22,23,24,25,26,27,28,29,30,31,32,34,35,36,37,38,39,40,41,42,43,45,47,48,49,50,51,52,53,54,55,56,57,58,59,60,61,62,63,64,65,66,67,68,69,70,71,72,73,74,75,76,77,78,79,80,81,82,83,84,85,86,87,88,89,90,91,93,95,96,97,98,99
Ground-truth Num of Instances: 1,2,1,2,3,6,2,3,1,2,2,6,3,3,2,2,4,2,4,1,3,1,3,1,2,5,1,4,1,3,3,3,1,4,1,2,5,3,4,1,2,7,4,6,3,1,2,4,2,2,2,3,3,4,3,3,3,1,4,2,1,1,1,2,2,7,2,5,6,2,1,1,1,2,3,3,3,2,5,5,2,1,3,2,4,5,1,3,4,5,2,2,3
Our Recovered Labels: 0,1,2,3,4,5,6,7,9,10,11,12,13,14,15,16,17,18,19,21,22,23,24,25,26,27,28,29,30,31,32,34,35,36,37,38,39,40,41,42,43,45,47,48,49,50,51,52,53,54,55,56,57,58,59,60,61,62,63,64,65,66,67,68,69,70,71,72,73,74,75,76,77,78,79,80,81,82,83,84,85,86,87,88,89,90,91,93,95,96,97,98,99 | LeAcc: 1.000
Our Recovered Num of Instances: 1,2,1,2,3,6,2,3,1,2,2,7,3,3,2,2,4,2,4,1,3,1,3,1,2,5,1,4,1,3,3,3,1,4,1,2,5,3,4,1,2,7,4,6,3,1,2,4,2,2,2,3,3,4,3,3,3,1,4,2,1,1,1,2,2,7,2,5,6,2,1,1,1,2,4,3,3,2,5,5,2,1,4,2,4,5,1,3,4,5,2,2,3 | LnAcc: 0.970 | IRec: 1.000
iDLG Recovered Labels: 3,5,7,12,13,14,16,17,19,22,24,27,29,31,32,34,36,39,40,41,45,47,48,52,56,57,58,59,61,63,70,72,73,78,80,83,84,89,90,95,96 | LeAcc: 0.480
GradInversion Recovered Labels: 0,1,2,3,4,5,6,7,9,10,11,12,13,14,15,16,17,18,19,21,22,23,24,25,26,27,28,29,30,31,32,34,35,36,37,38,39,40,41,42,43,45,47,48,49,50,51,52,53,54,55,56,57,58,59,60,61,62,63,64,65,66,67,68,69,70,71,72,73,74,75,76,77,78,79,80,81,82,83,84,85,86,87,88,89,90,91,93,95,96,97,98,99 | LeAcc: 1.000
SVD Recovered Labels: 4,5,6,40,93 | LeAcc: 0.120
Start Experiment 21
***************************************************************
Ground-truth Labels: 0,1,2,3,4,5,6,7,8,9,10,11,12,13,14,15,16,17,18,19,20,21,22,23,24,25,26,27,28,29,30,31,32,33,34,35,36,37,38,39,40,41,43,44,45,46,47,48,49,50,51,52,53,54,55,56,57,58,59,60,61,62,63,64,65,66,67,68,69,70,71,72,73,74,75,76,77,79,80,81,82,83,84,85,86,88,89,90,91,92,95,96,97,98
Ground-truth Num of Instances: 3,2,3,2,2,2,4,3,6,1,1,6,2,1,1,6,4,2,5,3,1,1,1,3,1,1,1,4,3,4,2,4,2,5,1,1,3,3,2,2,3,1,2,1,2,2,7,3,4,2,1,2,4,3,4,3,1,2,1,4,1,2,2,2,2,2,4,3,3,3,5,2,3,3,1,3,3,6,4,4,2,3,4,4,2,1,3,9,3,3,2,3,1,2
Our Recovered Labels: 0,1,2,3,4,5,6,7,8,9,10,11,12,13,14,15,16,17,18,19,20,21,22,23,24,25,26,27,28,29,30,31,32,33,34,35,36,37,38,39,40,41,43,44,45,46,47,48,49,50,51,52,53,54,55,56,57,58,59,60,61,62,63,64,65,66,67,68,69,70,71,72,73,74,75,76,77,79,80,81,82,83,84,85,86,88,89,90,91,92,95,96,97,98 | LeAcc: 1.000
Our Recovered Num of Instances: 3,2,3,2,2,2,4,3,6,1,1,6,2,1,1,6,4,2,5,3,1,1,1,3,1,1,1,4,3,4,2,4,2,5,1,1,3,3,2,2,3,1,2,1,2,2,7,3,4,2,1,2,4,3,4,3,1,2,1,4,1,2,2,2,2,2,4,3,3,3,5,2,3,3,1,3,3,6,4,4,2,3,4,4,2,1,3,9,3,3,2,3,1,2 | LnAcc: 1.000 | IRec: 1.000
iDLG Recovered Labels: 0,2,3,5,6,7,8,11,15,16,18,19,23,27,29,31,33,36,37,40,47,48,49,53,54,55,60,67,68,69,70,71,73,74,79,80,81,84,85,89,90,92,95 | LeAcc: 0.490
GradInversion Recovered Labels: 0,1,2,3,4,5,6,7,8,9,10,11,12,13,14,15,16,17,18,19,20,21,22,23,24,25,26,27,28,29,30,31,32,33,34,35,36,37,38,39,40,41,43,44,45,46,47,48,49,50,51,52,53,54,55,56,57,58,59,60,61,62,63,64,65,66,67,68,69,70,71,72,73,74,75,76,77,79,80,81,82,83,84,85,86,88,89,90,91,92,95,96,97,98 | LeAcc: 1.000
SVD Recovered Labels: 2,27,32,58,81,84,86 | LeAcc: 0.130
Start Experiment 22
***************************************************************
Ground-truth Labels: 0,2,3,4,5,6,7,9,10,11,12,15,16,17,18,20,21,22,23,24,25,26,27,28,29,30,31,32,33,34,35,36,37,38,39,40,41,42,43,44,45,46,47,48,49,50,51,52,53,54,55,56,57,58,59,60,61,62,63,64,65,66,67,68,69,70,71,73,75,76,77,78,79,81,82,83,84,85,86,87,88,89,90,91,92,93,94,95,96,97,98,99
Ground-truth Num of Instances: 5,2,2,6,1,3,2,3,2,2,4,1,2,6,3,2,3,2,2,1,6,5,2,5,1,2,1,3,2,1,4,5,3,1,3,4,1,4,3,1,5,3,2,3,2,2,3,6,4,1,3,1,2,3,3,1,2,2,1,3,2,4,4,1,8,1,3,2,6,2,4,3,1,2,2,4,3,4,5,3,3,3,3,1,3,1,5,1,2,1,5,1
Our Recovered Labels: 0,1,2,3,4,5,6,7,9,10,11,12,15,16,17,18,20,21,22,23,24,25,26,27,28,29,30,31,32,33,34,35,36,37,38,39,40,41,42,43,44,45,46,47,48,49,50,51,52,53,54,55,56,57,58,59,60,61,62,63,64,65,66,67,68,69,70,71,73,75,76,77,78,79,81,82,83,84,85,86,87,88,89,90,91,92,93,94,95,96,97,98,99 | LeAcc: 0.990
Our Recovered Num of Instances: 5,1,2,2,6,1,3,2,3,2,2,4,1,2,6,3,2,3,2,2,1,6,5,2,5,1,2,1,3,2,1,4,5,3,1,3,4,1,4,3,1,5,3,2,3,2,2,3,6,4,1,3,1,2,3,3,1,2,2,1,3,2,4,4,1,8,1,3,3,6,2,4,3,1,2,2,4,3,4,5,3,3,3,3,1,4,1,5,1,2,1,5,1 | LnAcc: 0.970 | IRec: 1.000
iDLG Recovered Labels: 0,4,6,9,12,17,21,25,26,28,35,36,37,39,40,42,45,48,51,52,53,55,57,58,59,61,66,67,69,75,77,83,84,85,86,87,89,90,92,94,96,98 | LeAcc: 0.500
GradInversion Recovered Labels: 0,2,3,4,5,6,7,9,10,11,12,15,16,17,18,20,21,22,23,24,25,26,27,28,29,30,31,32,33,34,35,36,37,38,39,40,41,42,43,44,45,46,47,48,49,50,51,52,53,54,55,56,57,58,59,60,61,62,63,64,65,66,67,68,69,70,71,73,75,76,77,78,79,81,82,83,84,85,86,87,88,89,90,91,92,93,94,95,96,97,98,99 | LeAcc: 1.000
SVD Recovered Labels: 6,25,48,69,75,76,84,86,94 | LeAcc: 0.170
Start Experiment 23
***************************************************************
Ground-truth Labels: 1,2,3,4,5,6,7,8,10,11,12,13,14,15,16,17,18,19,20,22,23,24,25,26,27,28,29,30,31,32,33,34,35,36,37,38,39,40,41,42,43,44,45,46,48,49,50,51,53,54,55,56,57,58,60,62,64,65,66,67,68,69,70,71,72,73,74,75,76,78,80,81,82,83,84,85,86,87,88,89,90,91,92,93,94,95,96,98,99
Ground-truth Num of Instances: 2,2,2,3,3,1,4,4,5,2,3,1,1,2,4,3,2,1,2,5,5,2,3,2,2,2,3,4,1,1,5,3,1,1,5,2,2,2,2,3,5,4,2,4,3,1,2,4,5,5,3,2,1,6,2,5,4,7,3,3,3,2,1,1,4,3,6,3,3,4,6,1,2,5,2,2,3,2,5,1,3,2,2,2,3,2,2,4,3
Our Recovered Labels: 1,2,3,4,5,6,7,8,10,11,12,13,14,15,16,17,18,19,20,22,23,24,25,26,27,28,29,30,31,32,33,34,35,36,37,38,39,40,41,42,43,44,45,46,48,49,50,51,53,54,55,56,57,58,60,62,64,65,66,67,68,69,70,71,72,73,74,75,76,78,80,81,82,83,84,85,86,87,88,89,90,91,92,93,94,95,96,98,99 | LeAcc: 1.000
Our Recovered Num of Instances: 2,2,2,3,3,1,4,4,5,2,3,1,1,2,4,3,2,1,2,5,5,2,3,2,2,2,3,4,1,1,5,3,1,1,5,2,2,2,2,3,5,4,2,4,3,1,2,4,5,5,3,2,1,6,2,5,4,7,3,3,3,2,1,1,4,3,6,3,3,4,6,1,2,5,2,2,3,2,5,1,3,2,2,2,3,2,2,4,3 | LnAcc: 1.000 | IRec: 1.000
iDLG Recovered Labels: 5,7,8,10,12,16,17,22,23,24,25,26,28,29,30,33,34,37,41,43,44,46,51,53,54,55,58,62,64,65,66,68,72,74,75,76,78,80,83,84,86,88,90,94,98,99 | LeAcc: 0.570
GradInversion Recovered Labels: 1,2,3,4,5,6,7,8,10,11,12,13,14,15,16,17,18,19,20,22,23,24,25,26,27,28,29,30,31,32,33,34,35,36,37,38,39,40,41,42,43,44,45,46,48,49,50,51,53,54,55,56,57,58,60,62,64,65,66,67,68,69,70,71,72,73,74,75,76,78,80,81,82,83,84,85,86,87,88,89,90,91,92,93,94,95,96,98,99 | LeAcc: 1.000
SVD Recovered Labels: 2,28,29,43,44,51,53,57,58,62,65,75,88,92,98 | LeAcc: 0.260
Start Experiment 24
***************************************************************
Ground-truth Labels: 0,1,2,3,4,5,6,8,9,10,11,12,13,14,15,17,18,19,20,21,22,24,25,27,28,29,30,31,32,33,34,35,36,37,38,39,40,41,42,43,44,46,47,48,49,50,51,52,53,54,55,56,57,58,59,60,61,62,63,64,65,66,67,69,70,71,72,73,74,75,76,77,78,79,80,81,82,83,84,85,86,87,88,89,91,92,93,94,95,96,97,98,99
Ground-truth Num of Instances: 2,3,1,3,6,9,3,1,1,1,1,1,2,1,1,2,4,4,5,1,1,1,5,3,1,3,2,2,5,1,4,3,1,4,3,4,2,7,6,3,2,2,3,1,2,1,1,4,2,3,2,4,2,2,2,4,2,5,1,3,1,3,2,1,2,5,3,3,4,1,4,6,6,3,1,1,3,1,6,1,2,5,2,1,1,3,2,3,4,5,2,3,5
Our Recovered Labels: 0,1,2,3,4,5,6,8,9,10,11,12,13,14,15,17,18,19,20,21,22,24,25,27,28,29,30,31,32,33,34,35,36,37,38,39,40,41,42,43,44,46,47,48,49,50,51,52,53,54,55,56,57,58,59,60,61,62,63,64,65,66,67,69,70,71,72,73,74,75,76,77,78,79,80,81,82,83,84,85,86,87,88,89,91,92,93,94,95,96,97,98,99 | LeAcc: 1.000
Our Recovered Num of Instances: 2,3,1,3,6,9,3,1,1,1,1,1,2,1,1,2,4,4,5,1,1,1,5,3,1,3,2,2,5,1,4,3,1,4,3,4,2,7,6,3,2,2,3,1,2,1,1,4,2,3,2,4,2,2,2,4,2,5,1,3,1,3,2,1,2,5,3,3,4,1,4,6,6,3,1,1,3,1,6,1,2,5,2,1,1,3,2,3,4,5,2,3,5 | LnAcc: 1.000 | IRec: 1.000
iDLG Recovered Labels: 1,3,4,5,6,17,18,19,20,25,29,32,34,35,37,39,41,42,43,52,56,57,60,62,64,71,72,74,76,77,78,82,84,86,87,92,94,95,96,98,99 | LeAcc: 0.480
GradInversion Recovered Labels: 0,1,2,3,4,5,6,8,9,10,11,12,13,14,15,17,18,19,20,21,22,24,25,27,28,29,30,31,32,33,34,35,36,37,38,39,40,41,42,43,44,46,47,48,49,50,51,52,53,54,55,56,57,58,59,60,61,62,63,64,65,66,67,69,70,71,72,73,74,75,76,77,78,79,80,81,82,83,84,85,86,87,88,89,91,92,93,94,95,96,97,98,99 | LeAcc: 1.000
SVD Recovered Labels: 19,20,29,30,32,41,76,95,96 | LeAcc: 0.160
Start Experiment 25
***************************************************************
Ground-truth Labels: 0,1,3,4,5,7,8,10,12,13,14,15,16,17,18,19,21,22,23,24,25,26,27,28,29,30,31,32,33,34,35,36,38,39,40,41,42,43,44,46,47,49,50,51,52,53,54,55,56,57,58,59,61,62,64,65,66,68,69,70,71,72,73,74,75,76,77,78,79,80,81,82,83,84,85,86,87,88,89,90,91,92,93,95,96,97,98,99
Ground-truth Num of Instances: 3,1,1,3,3,3,4,4,3,4,3,2,1,2,1,4,7,1,5,3,1,3,4,2,3,4,1,6,2,3,5,2,1,4,3,5,7,2,2,4,3,1,5,3,1,2,4,2,4,5,2,1,5,6,4,6,3,3,3,2,2,2,3,1,1,1,5,3,3,3,1,3,2,1,5,3,5,3,2,2,1,2,4,3,1,2,2,3
Our Recovered Labels: 0,1,3,4,5,7,8,10,12,13,14,15,16,17,18,19,21,22,23,24,25,26,27,28,29,30,31,32,33,34,35,36,38,39,40,41,42,43,44,46,47,49,50,51,52,53,54,55,56,57,58,59,61,62,64,65,66,68,69,70,71,72,73,74,75,76,77,78,79,80,81,82,83,84,85,86,87,88,89,90,91,92,93,95,96,97,98,99 | LeAcc: 1.000
Our Recovered Num of Instances: 3,1,1,3,3,3,4,4,3,4,3,2,1,2,1,4,7,1,5,3,1,3,4,2,3,4,1,6,2,3,5,2,1,4,3,5,7,2,2,4,3,1,5,3,1,2,4,2,4,5,2,1,5,6,4,6,3,3,3,2,2,2,3,1,1,1,5,3,3,3,1,3,2,1,5,3,5,3,2,2,1,2,4,3,1,2,2,3 | LnAcc: 1.000 | IRec: 1.000
iDLG Recovered Labels: 0,4,5,7,8,12,13,14,15,19,21,23,24,26,27,28,29,30,32,34,35,39,40,41,42,46,47,50,51,54,56,57,61,62,64,65,66,69,73,77,78,80,82,85,86,87,93,95,99 | LeAcc: 0.610
GradInversion Recovered Labels: 0,1,3,4,5,7,8,10,12,13,14,15,16,17,18,19,21,22,23,24,25,26,27,28,29,30,31,32,33,34,35,36,38,39,40,41,42,43,44,46,47,49,50,51,52,53,54,55,56,57,58,59,61,62,64,65,66,68,69,70,71,72,73,74,75,76,77,78,79,80,81,82,83,84,85,86,87,88,89,90,91,92,93,95,96,97,98,99 | LeAcc: 1.000
SVD Recovered Labels: 5,7,10,13,24,27,32,40,42,53,54,56,62,65,68,95 | LeAcc: 0.280
Start Experiment 26
***************************************************************
Ground-truth Labels: 0,1,2,3,4,5,6,8,9,10,11,12,13,14,15,16,17,18,20,21,22,23,24,25,26,27,28,29,30,31,32,33,34,35,36,37,38,40,41,42,43,44,45,46,47,48,49,50,51,52,53,56,57,59,60,61,62,63,64,65,66,67,68,69,70,71,72,73,74,75,76,77,78,79,80,81,83,84,85,86,87,88,89,90,91,93,94,95,96,97,98,99
Ground-truth Num of Instances: 4,2,4,3,3,2,1,3,2,4,2,9,3,6,1,3,3,4,2,1,1,3,6,5,5,3,2,2,3,2,2,2,2,2,2,3,2,2,4,2,2,3,1,4,4,1,2,4,3,3,4,1,3,5,1,1,2,2,1,1,2,4,2,4,2,5,3,5,1,1,2,4,1,6,1,2,2,1,1,2,2,2,5,1,4,4,5,1,2,4,2,8
Our Recovered Labels: 0,1,2,3,4,5,6,8,9,10,11,12,13,14,15,16,17,18,20,21,22,23,24,25,26,27,28,29,30,31,32,33,34,35,36,37,38,40,41,42,43,44,45,46,47,48,49,50,51,52,53,56,57,59,60,61,62,63,64,65,66,67,68,69,70,71,72,73,74,75,76,77,78,79,80,81,83,84,85,86,87,88,89,90,91,93,94,95,96,97,98,99 | LeAcc: 1.000
Our Recovered Num of Instances: 4,2,4,3,3,2,1,3,2,4,2,9,3,6,1,3,3,4,2,1,1,3,6,5,5,3,2,2,3,2,2,2,2,2,2,3,2,2,4,2,2,3,1,4,4,1,2,4,3,3,4,1,3,5,1,1,2,2,1,1,2,4,2,4,2,5,3,5,1,1,2,4,1,6,1,2,2,1,1,2,2,2,5,1,4,4,5,1,2,4,2,8 | LnAcc: 1.000 | IRec: 1.000
iDLG Recovered Labels: 0,2,3,5,8,9,10,11,12,14,16,17,18,20,24,25,26,29,31,36,37,40,41,44,46,47,50,51,52,53,57,59,67,69,71,73,77,79,87,89,91,93,94,97,99 | LeAcc: 0.530
GradInversion Recovered Labels: 0,1,2,3,4,5,6,8,9,10,11,12,13,14,15,16,17,18,20,21,22,23,24,25,26,27,28,29,30,31,32,33,34,35,36,37,38,40,41,42,43,44,45,46,47,48,49,50,51,52,53,56,57,59,60,61,62,63,64,65,66,67,68,69,70,71,72,73,74,75,76,77,78,79,80,81,83,84,85,86,87,88,89,90,91,93,94,95,96,97,98,99 | LeAcc: 1.000
SVD Recovered Labels: 0,21,22,24,69,70,71,73,77,91 | LeAcc: 0.180
Start Experiment 27
***************************************************************
Ground-truth Labels: 1,2,3,4,5,7,9,10,11,12,13,14,15,16,17,18,19,20,21,22,23,24,25,26,27,28,29,30,31,32,33,34,35,36,37,38,39,40,41,42,43,44,46,47,48,49,50,51,52,53,54,57,58,59,60,61,62,63,65,66,67,68,69,70,71,72,73,74,76,77,78,79,80,81,82,84,85,86,87,89,90,91,92,93,94,95,96,97,98,99
Ground-truth Num of Instances: 2,8,2,1,2,4,5,4,6,1,2,2,4,4,3,2,1,2,3,4,6,4,1,4,1,5,4,1,2,3,1,1,2,3,4,3,1,1,4,2,3,3,1,2,2,4,5,1,2,4,1,2,5,3,2,3,1,1,3,3,5,2,3,2,1,3,2,4,2,1,4,5,4,5,3,3,6,2,2,1,2,3,3,6,3,4,1,2,3,3
Our Recovered Labels: 1,2,3,4,5,7,9,10,11,12,13,14,15,16,17,18,19,20,21,22,23,24,25,26,27,28,29,30,31,32,33,34,35,36,37,38,39,40,41,42,43,44,46,47,48,49,50,51,52,53,54,57,58,59,60,61,62,63,65,66,67,68,69,70,71,72,73,74,76,77,78,79,80,81,82,84,85,86,87,89,90,91,92,93,94,95,96,97,98,99 | LeAcc: 1.000
Our Recovered Num of Instances: 2,8,2,1,2,4,5,4,6,1,2,2,4,4,3,2,1,2,3,4,6,4,1,4,1,5,4,1,2,3,1,1,2,3,4,3,1,1,4,2,3,3,1,2,2,4,5,1,2,4,1,2,5,3,2,3,1,1,3,3,5,2,3,2,1,3,2,4,2,1,4,5,4,5,3,3,6,2,2,1,2,3,3,6,3,4,1,2,3,3 | LnAcc: 1.000 | IRec: 1.000
iDLG Recovered Labels: 1,2,7,9,10,11,15,16,17,20,22,23,24,26,28,29,32,36,37,38,41,49,50,53,58,59,67,69,72,74,78,79,80,81,82,84,85,86,91,92,93,94,95,97,99 | LeAcc: 0.550
GradInversion Recovered Labels: 1,2,3,4,5,7,9,10,11,12,13,14,15,16,17,18,19,20,21,22,23,24,25,26,27,28,29,30,31,32,33,34,35,36,37,38,39,40,41,42,43,44,46,47,48,49,50,51,52,53,54,57,58,59,60,61,62,63,65,66,67,68,69,70,71,72,73,74,76,77,78,79,80,81,82,84,85,86,87,89,90,91,92,93,94,95,96,97,98,99 | LeAcc: 1.000
SVD Recovered Labels: 5,9,11,28,29,30,35,59,68,72,86,87,93,95 | LeAcc: 0.240
Start Experiment 28
***************************************************************
Ground-truth Labels: 1,2,3,4,5,6,7,8,9,11,12,13,14,15,16,17,18,19,20,21,22,24,25,26,27,28,29,30,32,33,34,35,36,37,38,39,40,41,42,43,44,45,46,47,48,49,51,52,53,54,55,56,57,58,59,60,61,62,63,65,66,67,68,69,70,71,72,73,75,76,78,80,81,82,83,84,85,86,87,88,89,90,91,92,93,94,95,96,97,98,99
Ground-truth Num of Instances: 4,2,2,1,3,5,1,3,2,3,5,3,1,3,1,3,2,2,3,1,4,1,4,1,1,3,3,4,4,2,7,2,3,3,2,2,1,4,1,3,3,3,4,4,2,2,2,2,2,4,2,3,2,2,1,3,4,3,4,4,1,6,5,1,3,4,6,4,2,3,3,2,3,1,8,2,3,2,5,2,4,2,4,3,5,2,2,4,1,1,1
Our Recovered Labels: 1,2,3,4,5,6,7,8,9,11,12,13,14,15,16,17,18,19,20,21,22,24,25,26,27,28,29,30,32,33,34,35,36,37,38,39,40,41,42,43,44,45,46,47,48,49,51,52,53,54,55,56,57,58,59,60,61,62,63,65,66,67,68,69,70,71,72,73,75,76,78,80,81,82,83,84,85,86,87,88,89,90,91,92,93,94,95,96,97,98,99 | LeAcc: 1.000
Our Recovered Num of Instances: 4,2,2,1,3,5,1,3,2,3,5,3,1,3,1,3,2,2,3,1,4,1,4,1,1,3,3,4,4,2,7,2,3,3,2,2,1,4,1,3,3,3,4,4,2,2,2,2,2,4,2,3,2,2,1,3,4,3,4,4,1,6,5,1,3,4,6,4,2,3,3,2,3,1,8,2,3,2,5,2,4,2,4,3,5,2,2,4,1,1,1 | LnAcc: 1.000 | IRec: 1.000
iDLG Recovered Labels: 1,3,5,6,8,11,12,13,15,17,20,22,25,28,29,30,32,34,36,37,41,44,45,46,47,52,54,56,61,62,63,65,67,68,70,71,72,73,76,78,81,83,85,87,89,91,92,93,95,96 | LeAcc: 0.590
GradInversion Recovered Labels: 1,2,3,4,5,6,7,8,9,11,12,13,14,15,16,17,18,19,20,21,22,24,25,26,27,28,29,30,32,33,34,35,36,37,38,39,40,41,42,43,44,45,46,47,48,49,51,52,53,54,55,56,57,58,59,60,61,62,63,65,66,67,68,69,70,71,72,73,75,76,78,80,81,82,83,84,85,86,87,88,89,90,91,92,93,94,95,96,97,98,99 | LeAcc: 1.000
SVD Recovered Labels: 17,34,41,63,72,73,83,84,87 | LeAcc: 0.180
Start Experiment 29
***************************************************************
Ground-truth Labels: 1,2,3,4,5,6,7,8,9,10,11,12,13,14,15,16,17,18,19,20,21,22,23,24,25,27,28,29,30,31,32,33,34,35,36,37,38,39,40,41,42,44,45,46,47,48,49,50,51,52,53,54,55,56,57,58,59,60,61,63,64,65,66,67,68,69,72,73,74,75,76,77,78,80,81,82,83,84,85,86,87,88,89,90,91,92,93,94,95,96,97,98,99
Ground-truth Num of Instances: 3,1,3,1,2,1,4,3,8,5,7,3,2,1,2,4,1,2,2,4,4,4,5,1,2,4,5,2,2,1,3,5,3,4,2,3,6,2,3,1,6,4,1,3,1,3,1,2,2,1,5,2,3,2,3,3,3,2,3,3,1,3,4,2,1,3,2,2,1,4,3,4,2,2,2,1,5,2,2,1,1,1,2,2,2,4,3,3,4,3,1,6,3
Our Recovered Labels: 1,2,3,4,5,6,7,8,9,10,11,12,13,14,15,16,17,18,19,20,21,22,23,24,25,27,28,29,30,31,32,33,34,35,36,37,38,39,40,41,42,44,45,46,47,48,49,50,51,52,53,54,55,56,57,58,59,60,61,63,64,65,66,67,68,69,72,73,74,75,76,77,78,80,81,82,83,84,85,86,87,88,89,90,91,92,93,94,95,96,97,98,99 | LeAcc: 1.000
Our Recovered Num of Instances: 3,1,3,1,2,1,4,3,8,5,7,3,2,1,2,4,1,2,2,4,4,4,5,1,2,4,5,2,2,1,3,5,3,4,2,3,6,2,3,1,6,4,1,3,1,3,1,2,2,1,5,2,3,2,3,3,3,2,3,3,1,3,4,2,1,3,2,2,1,4,3,4,2,2,2,1,5,2,2,1,1,1,2,2,2,4,3,3,4,3,1,6,3 | LnAcc: 1.000 | IRec: 1.000
iDLG Recovered Labels: 1,3,5,7,8,9,10,11,12,16,19,20,21,22,23,27,28,32,33,35,37,38,40,42,44,46,48,53,55,57,58,59,61,63,66,69,75,76,77,83,91,92,94,95,98,99 | LeAcc: 0.530
GradInversion Recovered Labels: 1,2,3,4,5,6,7,8,9,10,11,12,13,14,15,16,17,18,19,20,21,22,23,24,25,27,28,29,30,31,32,33,34,35,36,37,38,39,40,41,42,44,45,46,47,48,49,50,51,52,53,54,55,56,57,58,59,60,61,63,64,65,66,67,68,69,72,73,74,75,76,77,78,80,81,82,83,84,85,86,87,88,89,90,91,92,93,94,95,96,97,98,99 | LeAcc: 1.000
SVD Recovered Labels: 21,28,32,46,51,58,75,98 | LeAcc: 0.150
Start Experiment 30
***************************************************************
Ground-truth Labels: 0,1,2,3,4,5,6,7,8,9,10,11,13,14,15,16,17,18,19,20,21,23,24,25,26,27,28,29,31,32,33,34,35,36,37,38,39,40,41,43,44,45,46,47,48,49,50,51,52,53,54,55,56,57,58,61,62,63,64,65,66,67,68,69,71,72,73,74,75,76,77,78,79,80,81,82,83,84,85,86,87,89,90,91,92,93,94,95,96,98,99
Ground-truth Num of Instances: 5,1,7,5,5,2,4,1,1,1,1,6,1,2,5,2,1,3,2,3,2,4,2,3,1,3,2,3,3,1,3,2,3,1,2,5,2,4,2,6,5,3,4,2,3,2,2,2,4,2,3,1,6,4,3,2,1,1,7,4,2,2,1,3,2,3,1,4,3,5,4,2,2,1,5,1,2,3,6,5,2,1,4,2,4,2,1,2,2,3,3
Our Recovered Labels: 0,1,2,3,4,5,6,7,8,9,10,11,12,13,14,15,16,17,18,19,20,21,23,24,25,26,27,28,29,31,32,33,34,35,36,37,38,39,40,41,43,44,45,46,47,48,49,50,51,52,53,54,55,56,57,58,61,62,63,64,65,66,67,68,69,71,72,73,74,75,76,77,78,79,80,81,82,83,84,85,86,87,89,90,91,92,93,94,95,96,98,99 | LeAcc: 0.990
Our Recovered Num of Instances: 5,1,7,5,5,2,4,1,1,1,1,6,1,1,2,5,2,1,3,2,3,2,4,2,4,1,3,2,3,3,1,3,2,3,1,2,5,2,4,2,6,5,3,4,2,3,2,2,2,4,2,3,1,6,4,3,2,1,1,7,4,2,2,1,3,2,3,1,4,3,5,4,2,2,1,5,1,2,3,6,5,2,1,4,2,4,2,1,2,2,3,3 | LnAcc: 0.980 | IRec: 1.000
iDLG Recovered Labels: 0,2,3,4,5,6,11,14,15,20,23,24,25,31,38,40,41,43,44,45,46,48,52,54,56,57,58,64,65,69,74,75,76,77,81,84,85,86,90,92,98,99 | LeAcc: 0.510
GradInversion Recovered Labels: 0,1,2,3,4,5,6,7,8,9,10,11,13,14,15,16,17,18,19,20,21,23,24,25,26,27,28,29,31,32,33,34,35,36,37,38,39,40,41,43,44,45,46,47,48,49,50,51,52,53,54,55,56,57,58,61,62,63,64,65,66,67,68,69,71,72,73,74,75,76,77,78,79,80,81,82,83,84,85,86,87,89,90,91,92,93,94,95,96,98,99 | LeAcc: 1.000
SVD Recovered Labels: 2,5,40,46,54,56,58,74,86 | LeAcc: 0.180
Start Experiment 31
***************************************************************
Ground-truth Labels: 0,1,2,3,5,7,8,9,10,11,12,13,14,15,16,17,18,19,20,21,22,23,25,26,27,28,29,30,31,32,33,34,35,36,37,38,39,40,41,42,43,44,45,46,48,49,50,51,52,53,54,55,56,57,58,59,60,61,62,63,65,66,67,68,69,70,71,72,73,74,75,76,78,79,80,81,82,83,84,85,86,87,88,89,90,91,93,94,95,96,97,98,99
Ground-truth Num of Instances: 6,3,6,3,4,3,5,2,5,5,2,1,3,2,2,1,3,3,2,5,3,2,1,3,1,3,1,5,1,1,2,3,1,1,2,2,1,5,2,2,2,4,3,2,6,2,2,1,4,1,2,3,3,3,1,3,3,2,4,4,1,3,2,3,4,3,2,2,2,4,1,4,4,1,1,3,1,3,3,2,4,3,4,2,4,4,1,4,3,6,1,3,5
Our Recovered Labels: 0,1,2,3,5,7,8,9,10,11,12,13,14,15,16,17,18,19,20,21,22,23,25,26,27,28,29,30,31,32,33,34,35,36,37,38,39,40,41,42,43,44,45,46,48,49,50,51,52,53,54,55,56,57,58,59,60,61,62,63,65,66,67,68,69,70,71,72,73,74,75,76,78,79,80,81,82,83,84,85,86,87,88,89,90,91,93,94,95,96,97,98,99 | LeAcc: 1.000
Our Recovered Num of Instances: 6,3,6,3,4,3,5,2,5,5,2,1,3,2,2,1,3,3,2,5,3,2,1,3,1,3,1,5,1,1,2,3,1,1,2,2,1,5,2,2,2,4,3,2,6,2,2,1,4,1,2,3,3,3,1,3,3,2,4,4,1,3,2,3,4,3,2,2,2,4,1,4,4,1,1,3,1,3,3,2,4,3,4,2,4,4,1,4,3,6,1,3,5 | LnAcc: 1.000 | IRec: 1.000
iDLG Recovered Labels: 0,2,3,5,7,8,10,11,14,18,19,20,21,22,26,30,37,40,41,44,48,52,54,55,56,59,61,62,63,66,68,69,70,74,76,78,81,83,84,85,86,90,91,94,95,96,98,99 | LeAcc: 0.550
GradInversion Recovered Labels: 0,1,2,3,5,7,8,9,10,11,12,13,14,15,16,17,18,19,20,21,22,23,25,26,27,28,29,30,31,32,33,34,35,36,37,38,39,40,41,42,43,44,45,46,48,49,50,51,52,53,54,55,56,57,58,59,60,61,62,63,65,66,67,68,69,70,71,72,73,74,75,76,78,79,80,81,82,83,84,85,86,87,88,89,90,91,93,94,95,96,97,98,99 | LeAcc: 1.000
SVD Recovered Labels: 0,8,10,30,43,46,71,72,74,81,84,88 | LeAcc: 0.190
Start Experiment 32
***************************************************************
Ground-truth Labels: 0,1,2,3,4,5,6,7,8,9,10,11,12,13,14,16,17,18,19,20,22,23,24,25,26,27,28,29,30,31,32,33,35,36,38,39,40,41,42,43,44,45,46,47,48,49,50,51,52,53,54,55,56,57,58,59,60,61,62,63,64,65,66,67,69,70,71,72,73,74,75,76,78,79,80,81,82,83,84,85,86,87,88,89,90,91,92,94,95,96,97,98,99
Ground-truth Num of Instances: 4,3,2,3,3,4,6,2,6,1,4,3,5,2,3,3,3,2,2,4,2,2,4,5,4,2,2,5,3,2,2,1,1,4,3,2,4,3,2,4,3,1,3,1,2,1,2,2,3,1,1,4,5,2,3,4,4,1,2,2,1,4,5,1,6,2,5,4,4,6,1,1,2,3,2,1,4,1,1,3,2,3,1,3,1,3,1,2,4,2,3,3,2
Our Recovered Labels: 0,1,2,3,4,5,6,7,8,9,10,11,12,13,14,16,17,18,19,20,22,23,24,25,26,27,28,29,30,31,32,33,35,36,38,39,40,41,42,43,44,45,46,47,48,49,50,51,52,53,54,55,56,57,58,59,60,61,62,63,64,65,66,67,69,70,71,72,73,74,75,76,78,79,80,81,82,83,84,85,86,87,88,89,90,91,92,94,95,96,97,98,99 | LeAcc: 1.000
Our Recovered Num of Instances: 4,3,2,3,3,4,6,2,6,1,4,3,5,2,3,3,3,2,2,4,2,2,5,5,4,2,2,5,3,2,2,1,1,4,3,2,4,3,2,4,3,1,3,1,2,1,2,2,3,1,1,4,5,2,3,4,4,1,2,2,1,4,5,1,6,2,5,4,4,6,1,1,2,3,2,1,4,1,1,3,2,3,1,3,1,3,1,2,4,2,3,3,2 | LnAcc: 0.990 | IRec: 1.000
iDLG Recovered Labels: 0,5,6,8,10,11,12,14,16,17,20,24,25,26,29,36,38,40,41,43,46,48,52,55,56,57,58,59,65,66,69,71,72,73,74,82,85,89,91,95,97,98,99 | LeAcc: 0.500
GradInversion Recovered Labels: 0,1,2,3,4,5,6,7,8,9,10,11,12,13,14,16,17,18,19,20,22,23,24,25,26,27,28,29,30,31,32,33,35,36,38,39,40,41,42,43,44,45,46,47,48,49,50,51,52,53,54,55,56,57,58,59,60,61,62,63,64,65,66,67,69,70,71,72,73,74,75,76,78,79,80,81,82,83,84,85,86,87,88,89,90,91,92,94,95,96,97,98,99 | LeAcc: 1.000
SVD Recovered Labels: 6,20,51,56,71,79,84,85 | LeAcc: 0.150
Start Experiment 33
***************************************************************
Ground-truth Labels: 0,1,2,3,4,6,7,8,9,10,11,12,13,14,15,16,17,18,19,20,21,22,23,24,25,26,27,28,29,30,31,32,33,34,35,36,37,38,39,40,41,42,43,44,45,46,47,48,49,50,51,52,53,54,55,56,57,58,59,60,61,64,65,66,67,68,69,70,71,72,73,74,75,76,77,78,79,80,81,82,83,84,85,86,87,89,90,91,92,93,94,95,96,97,98,99
Ground-truth Num of Instances: 5,1,2,2,2,2,4,1,6,4,5,4,1,1,3,1,4,4,3,1,3,1,4,3,3,2,5,4,2,3,3,2,2,6,1,4,4,3,4,2,3,3,5,3,2,1,1,3,4,5,2,5,3,2,1,2,1,1,2,1,2,3,4,3,1,4,1,3,2,1,2,1,3,5,2,5,1,3,6,1,2,3,3,2,1,4,4,3,1,1,1,3,2,1,2,3
Our Recovered Labels: 0,1,2,3,4,6,7,8,9,10,11,12,13,14,15,16,17,18,19,20,21,22,23,24,25,26,27,28,29,30,31,32,33,34,35,36,37,38,39,40,41,42,43,44,45,46,47,48,49,50,51,52,53,54,55,56,57,58,59,60,61,64,65,66,67,68,69,70,71,72,73,74,75,76,77,78,79,80,81,82,83,84,85,86,87,89,90,91,92,93,94,95,96,97,98,99 | LeAcc: 1.000
Our Recovered Num of Instances: 5,1,2,2,2,2,4,1,6,4,5,4,1,1,3,1,4,4,3,1,3,1,4,3,3,2,5,4,2,3,3,2,2,6,1,4,4,3,4,2,3,3,5,3,2,1,1,3,4,5,2,5,3,2,1,2,1,1,2,1,2,3,4,3,1,4,1,3,2,1,2,1,3,5,2,5,1,3,6,1,2,3,3,2,1,4,4,3,1,1,1,3,2,1,2,3 | LnAcc: 1.000 | IRec: 1.000
iDLG Recovered Labels: 0,7,9,10,11,12,15,17,18,19,21,23,24,27,28,34,36,37,38,39,40,41,42,43,44,49,50,52,61,64,65,68,70,75,76,78,80,81,84,85,89,90,91,95,98,99 | LeAcc: 0.500
GradInversion Recovered Labels: 0,1,2,3,4,6,7,8,9,10,11,12,13,14,15,16,17,18,19,20,21,22,23,24,25,26,27,28,29,30,31,32,33,34,36,37,38,39,40,41,42,43,44,45,46,47,48,49,50,51,52,53,54,55,56,57,58,59,60,61,64,65,66,67,68,69,70,71,72,73,74,75,76,77,78,79,80,81,82,83,84,85,86,87,89,90,91,92,93,94,95,96,97,98,99 | LeAcc: 0.990
SVD Recovered Labels: 68,80 | LeAcc: 0.060
Start Experiment 34
***************************************************************
Ground-truth Labels: 0,1,2,3,4,5,7,8,9,10,11,12,13,14,15,16,17,18,19,20,21,22,23,26,27,28,29,30,31,34,35,36,37,38,41,42,43,44,45,46,47,48,49,50,51,52,53,54,55,57,58,59,60,61,62,63,65,66,67,68,69,70,71,72,73,74,75,76,77,78,80,81,82,83,84,85,86,87,88,89,90,91,92,93,94,95,96,97,98,99
Ground-truth Num of Instances: 2,3,3,3,1,4,3,5,3,2,1,1,3,2,3,2,2,8,5,4,4,3,2,1,4,2,6,7,5,2,2,5,3,1,4,1,2,4,1,2,5,1,2,3,2,3,1,3,5,5,4,3,1,2,3,3,1,1,3,4,1,1,3,2,2,2,3,5,3,7,3,3,2,2,2,4,3,2,3,4,1,3,1,1,2,1,4,4,3,3
Our Recovered Labels: 0,1,2,3,4,5,7,8,9,10,11,12,13,14,15,16,17,18,19,20,21,22,23,26,27,28,29,30,31,34,35,36,37,38,41,42,43,44,45,46,47,48,49,50,51,52,53,54,55,57,58,59,60,61,62,63,65,66,67,68,69,70,71,72,73,74,75,76,77,78,80,81,82,83,84,85,86,87,88,89,90,91,92,93,94,95,96,97,98,99 | LeAcc: 1.000
Our Recovered Num of Instances: 2,3,3,3,1,4,3,5,3,2,1,1,3,2,3,2,2,8,5,4,4,3,2,1,4,2,6,7,5,2,2,5,3,1,4,1,2,4,1,2,5,1,2,3,2,3,1,3,5,5,4,3,1,2,3,3,1,1,3,4,1,1,3,2,2,2,3,5,3,7,3,3,2,2,2,4,3,2,3,4,1,3,1,1,2,1,4,4,3,3 | LnAcc: 1.000 | IRec: 1.000
iDLG Recovered Labels: 1,3,5,7,8,9,13,15,18,19,20,21,22,27,29,30,31,36,37,41,44,47,51,52,55,57,58,59,62,63,68,75,76,77,78,80,81,83,85,86,88,89,91,96,97,98 | LeAcc: 0.560
GradInversion Recovered Labels: 0,1,2,3,4,5,7,8,9,10,11,12,13,14,15,16,17,18,19,20,21,22,23,26,27,28,29,30,31,34,35,36,37,38,41,42,43,44,45,46,47,48,49,50,51,52,53,54,55,57,58,59,60,61,62,63,65,66,67,68,69,70,71,72,73,74,75,76,77,78,80,81,82,83,84,85,86,87,88,89,90,91,92,93,94,95,96,97,98,99 | LeAcc: 1.000
SVD Recovered Labels: 0,11,13,17,29,41,43,44,76,77,85,95,99 | LeAcc: 0.230
Start Experiment 35
***************************************************************
Ground-truth Labels: 1,2,3,4,5,6,8,9,10,11,12,13,14,15,16,17,18,20,21,22,23,24,25,26,27,28,29,30,31,32,33,34,35,36,37,38,39,40,41,42,43,44,45,46,47,48,49,50,51,52,53,54,55,56,57,58,59,60,61,63,64,65,66,67,68,69,70,71,72,73,74,76,77,78,79,80,81,82,83,84,85,86,87,88,89,90,91,92,93,95,96,98,99
Ground-truth Num of Instances: 1,1,2,1,4,2,5,3,3,2,1,3,2,3,3,1,2,2,2,2,5,4,2,2,7,1,2,1,2,3,3,6,1,1,2,2,3,4,3,1,5,3,3,4,3,2,2,3,2,1,3,4,1,6,4,4,2,1,3,1,4,1,2,2,4,2,3,1,1,2,1,2,3,7,3,7,7,2,4,3,5,3,1,3,3,5,1,2,3,2,3,6,1
Our Recovered Labels: 1,2,3,4,5,6,8,9,10,11,12,13,14,15,16,17,18,20,21,22,23,24,25,26,27,28,29,30,31,32,33,34,35,36,37,38,39,40,41,42,43,44,45,46,47,48,49,50,51,52,53,54,55,56,57,58,59,60,61,63,64,65,66,67,68,69,70,71,72,73,74,76,77,78,79,80,81,82,83,84,85,86,87,88,89,90,91,92,93,95,96,98,99 | LeAcc: 1.000
Our Recovered Num of Instances: 1,1,2,1,4,2,5,3,3,2,1,3,2,3,3,1,2,2,2,2,5,4,2,2,7,1,2,1,2,3,3,6,1,1,2,2,3,4,3,1,5,3,3,4,3,2,2,3,2,1,3,4,1,6,4,4,2,1,3,1,4,1,2,2,4,2,3,1,1,2,1,2,3,7,3,7,7,2,4,3,5,3,1,3,3,5,1,2,3,2,3,6,1 | LnAcc: 1.000 | IRec: 1.000
iDLG Recovered Labels: 5,8,9,10,13,15,16,20,23,24,27,29,31,32,34,39,40,41,43,44,46,50,53,54,56,57,58,61,64,68,69,77,78,80,81,83,84,85,86,88,89,90,92,98 | LeAcc: 0.510
GradInversion Recovered Labels: 1,2,3,4,5,6,8,9,10,11,12,13,14,15,16,17,18,20,21,22,23,24,25,26,27,28,29,30,31,32,33,34,35,36,37,38,39,40,41,42,43,44,45,46,47,48,49,50,51,52,53,54,55,56,57,58,59,60,61,63,64,65,66,67,68,69,70,71,72,73,74,76,77,78,79,80,81,82,83,84,85,86,87,88,89,90,91,92,93,95,96,98,99 | LeAcc: 1.000
SVD Recovered Labels: 8,23,30,43,46,54,63,68,80,81,86 | LeAcc: 0.180
Start Experiment 36
***************************************************************
Ground-truth Labels: 0,1,2,3,4,5,6,7,8,9,10,11,12,13,14,15,16,17,18,19,20,21,22,23,24,25,26,28,29,30,31,32,33,34,35,36,38,39,40,41,42,43,44,45,46,47,49,50,51,52,53,54,55,56,57,58,59,60,61,62,63,64,65,66,67,68,69,70,71,72,73,75,76,77,78,79,80,81,82,83,84,85,86,87,88,89,90,91,92,93,94,95,96,97,98,99
Ground-truth Num of Instances: 2,2,2,4,1,1,2,2,3,3,1,2,1,4,1,2,2,3,4,4,4,2,1,4,1,1,4,2,6,3,2,1,1,1,5,4,6,5,4,1,3,5,2,2,2,6,3,4,1,3,1,4,1,1,4,2,6,2,2,3,2,1,3,3,2,4,3,1,2,1,1,3,1,2,4,2,2,4,2,4,5,6,3,3,1,2,2,6,1,1,2,4,2,4,3,3
Our Recovered Labels: 0,1,2,3,4,5,6,7,8,9,10,11,12,13,14,15,16,17,18,19,20,21,22,23,24,25,26,28,29,30,31,32,33,34,35,36,38,39,40,41,42,43,44,45,46,47,49,50,51,52,53,54,55,56,57,58,59,60,61,62,63,64,65,66,67,68,69,70,71,72,73,75,76,77,78,79,80,81,82,83,84,85,86,87,88,89,90,91,92,93,94,95,96,97,98,99 | LeAcc: 1.000
Our Recovered Num of Instances: 2,2,2,4,1,1,2,2,3,3,1,2,1,4,1,2,2,3,4,4,4,2,1,4,1,1,4,2,6,3,2,1,1,1,5,4,7,5,4,1,3,5,2,2,3,6,3,4,1,3,1,4,1,1,4,2,6,2,2,3,2,1,3,3,2,4,3,1,2,1,1,3,1,2,4,2,2,4,2,4,5,6,3,3,1,2,2,6,1,1,2,4,2,4,3,3 | LnAcc: 0.980 | IRec: 1.000
iDLG Recovered Labels: 3,7,8,9,13,15,17,18,19,20,23,26,29,35,36,38,39,40,43,47,50,52,54,57,58,59,62,66,68,69,75,78,81,83,84,85,86,91,95,97,98 | LeAcc: 0.450
GradInversion Recovered Labels: 0,1,2,3,4,5,6,7,8,9,10,11,12,13,14,15,16,17,18,19,20,21,22,23,24,25,26,28,29,30,31,32,33,34,35,36,38,39,40,41,42,43,44,45,46,47,49,50,51,52,53,54,55,56,57,58,59,60,61,62,63,64,65,66,67,68,69,70,71,72,73,75,76,77,78,79,80,81,82,83,84,85,86,87,88,89,90,91,92,94,95,96,97,98,99 | LeAcc: 0.990
SVD Recovered Labels: 40,57,85,97 | LeAcc: 0.080
Start Experiment 37
***************************************************************
Ground-truth Labels: 0,1,2,3,5,6,7,8,9,10,11,12,13,14,15,16,17,19,21,22,23,24,25,26,27,28,29,30,31,32,33,34,35,36,37,38,39,40,41,42,43,44,46,49,50,51,52,53,54,55,56,57,58,59,60,61,62,64,65,66,67,68,69,70,71,72,73,75,76,77,78,79,80,81,83,84,85,86,87,88,89,90,92,93,94,95,96,97,98,99
Ground-truth Num of Instances: 2,3,2,4,2,2,4,3,3,3,1,3,2,5,4,2,3,3,3,1,4,4,3,2,1,4,4,1,2,4,1,5,2,1,2,3,1,2,6,1,2,1,2,1,4,3,1,2,2,2,2,2,1,2,4,4,1,5,6,4,2,4,2,4,2,7,1,1,2,5,2,2,3,2,5,3,2,4,2,4,5,4,7,5,3,3,5,1,1,4
Our Recovered Labels: 0,1,2,3,5,6,7,8,9,10,11,12,13,14,15,16,17,19,21,22,23,24,25,26,27,28,29,30,31,32,33,34,35,36,37,38,39,40,41,42,43,44,46,49,50,51,52,53,54,55,56,57,58,59,60,61,62,64,65,66,67,68,69,70,71,72,73,75,76,77,78,79,80,81,83,84,85,86,87,88,89,90,92,93,94,95,96,97,98,99 | LeAcc: 1.000
Our Recovered Num of Instances: 2,3,2,4,2,2,4,3,3,3,1,3,2,5,4,2,3,3,3,1,4,4,3,2,1,4,4,1,2,4,1,5,2,1,2,3,1,2,6,1,2,1,2,1,4,3,1,2,2,2,2,2,1,2,4,4,1,5,6,4,2,4,2,4,2,7,1,1,2,5,2,2,3,2,5,3,2,4,2,4,5,4,7,5,3,3,5,1,1,4 | LnAcc: 1.000 | IRec: 1.000
iDLG Recovered Labels: 1,2,3,5,7,8,9,12,14,15,17,19,21,23,24,28,29,32,34,40,41,50,53,57,60,61,64,65,66,68,70,72,76,77,80,83,84,85,86,88,89,90,92,93,94,96,99 | LeAcc: 0.570
GradInversion Recovered Labels: 0,1,2,3,5,6,7,8,9,10,11,12,13,14,15,16,17,19,21,22,23,24,25,26,27,28,29,30,31,32,33,34,35,36,37,38,39,40,41,42,43,44,46,49,50,51,52,53,54,55,56,57,58,59,60,61,62,64,65,66,67,68,69,70,71,72,73,75,76,77,78,79,80,81,83,84,85,86,87,88,89,90,92,93,94,95,96,97,98,99 | LeAcc: 1.000
SVD Recovered Labels: 7,28,41,44,64,83,92 | LeAcc: 0.170
Start Experiment 38
***************************************************************
Ground-truth Labels: 0,1,2,3,4,5,6,8,9,10,11,12,13,14,15,16,18,19,20,21,22,23,24,25,26,27,28,29,30,31,32,33,34,35,36,37,38,39,40,41,42,43,45,47,48,49,50,52,53,54,55,56,57,58,59,61,62,63,64,65,66,67,68,69,70,71,72,73,74,75,76,77,78,79,80,81,82,83,84,85,86,87,88,89,90,92,93,94,95,96,98,99
Ground-truth Num of Instances: 3,1,4,1,5,1,2,2,1,6,1,1,1,1,5,4,2,4,3,3,1,4,1,3,2,5,4,5,1,5,2,2,1,2,5,1,2,2,6,2,2,6,2,4,2,2,4,4,3,4,4,3,1,3,3,3,2,2,5,2,4,1,2,3,1,5,2,5,3,2,1,4,2,1,3,3,2,3,4,3,4,1,5,3,4,2,2,1,2,2,3,5
Our Recovered Labels: 0,1,2,3,4,5,6,8,9,10,11,12,13,14,15,16,18,19,20,21,22,23,24,25,26,27,28,29,30,31,32,33,34,35,36,37,38,39,40,41,42,43,45,47,48,49,50,52,53,54,55,56,57,58,59,61,62,63,64,65,66,67,68,69,70,71,72,73,74,75,76,77,78,79,80,81,82,83,84,85,86,87,88,89,90,92,93,94,95,96,98,99 | LeAcc: 1.000
Our Recovered Num of Instances: 3,1,4,1,5,1,2,2,1,6,1,1,1,1,5,4,2,4,3,3,1,4,1,3,2,5,4,5,1,5,2,2,1,2,5,1,2,2,6,2,2,6,2,4,2,2,4,4,3,4,4,3,1,3,3,3,2,2,5,2,4,1,2,3,1,5,2,5,3,2,1,4,2,1,3,3,2,3,4,3,4,1,5,3,4,2,2,1,2,2,3,5 | LnAcc: 1.000 | IRec: 1.000
iDLG Recovered Labels: 0,2,4,6,10,15,16,19,20,23,26,27,28,29,31,36,40,41,43,45,47,50,52,53,54,55,56,58,59,61,64,66,68,69,71,73,74,75,77,78,80,81,83,84,85,86,88,89,90,98,99 | LeAcc: 0.590
GradInversion Recovered Labels: 0,1,2,3,4,5,6,8,9,10,11,13,14,15,16,18,19,20,21,22,23,24,25,26,27,28,29,30,31,32,33,34,35,36,37,38,39,40,41,42,43,45,47,48,49,50,52,53,54,55,56,57,58,59,61,62,63,64,65,66,67,68,69,70,71,72,73,74,75,76,77,78,79,80,81,82,83,84,85,86,87,88,89,90,92,93,94,95,96,98,99 | LeAcc: 0.990
SVD Recovered Labels: 0,16,22,40,71,95,99 | LeAcc: 0.150
Start Experiment 39
***************************************************************
Ground-truth Labels: 0,1,2,3,5,6,7,8,9,10,11,12,13,14,15,16,17,18,19,20,21,22,23,24,25,26,27,28,29,30,31,32,33,34,35,36,37,38,41,42,43,45,46,47,48,49,50,51,52,53,54,55,56,57,60,61,62,63,64,65,66,68,69,70,71,72,73,74,76,77,78,79,80,81,82,83,84,85,86,87,88,89,90,91,92,93,94,96,97,98,99
Ground-truth Num of Instances: 2,4,5,5,1,5,3,1,2,2,4,3,1,5,1,2,3,5,3,1,2,2,4,1,2,4,2,3,1,1,1,5,2,1,1,3,2,1,3,2,1,3,1,5,4,1,5,3,2,3,4,4,4,4,4,1,3,1,1,2,4,2,6,9,2,4,4,2,2,3,2,1,3,3,2,2,2,3,1,6,4,3,1,6,7,1,5,3,2,2,2
Our Recovered Labels: 0,1,2,3,5,6,7,8,9,10,11,12,13,14,15,16,17,18,19,20,21,22,23,24,25,26,27,28,29,30,31,32,33,34,35,36,37,38,41,42,43,45,46,47,48,49,50,51,52,53,54,55,56,57,60,61,62,63,64,65,66,68,69,70,71,72,73,74,76,77,78,79,80,81,82,83,84,85,86,87,88,89,90,91,92,93,94,96,97,98,99 | LeAcc: 1.000
Our Recovered Num of Instances: 2,4,5,5,1,5,3,1,2,2,4,3,1,5,1,2,3,5,3,1,2,2,4,1,2,4,2,3,1,1,1,5,2,1,1,3,2,1,3,2,1,3,1,5,4,1,5,3,2,3,4,4,4,4,4,1,3,1,1,2,4,2,6,9,2,4,4,2,2,3,2,1,3,3,2,2,2,3,1,6,4,3,1,6,7,1,5,3,2,2,2 | LnAcc: 1.000 | IRec: 1.000
iDLG Recovered Labels: 1,2,3,6,7,11,14,17,18,19,23,26,32,36,41,45,47,48,50,51,53,54,55,56,57,60,62,66,69,70,72,73,74,77,80,81,84,85,87,88,89,91,92,94 | LeAcc: 0.530
GradInversion Recovered Labels: 0,1,2,3,5,6,7,8,9,10,11,12,13,14,15,16,17,18,19,20,21,22,23,24,25,26,27,28,29,30,31,32,33,34,35,36,37,38,41,42,43,45,46,47,48,49,50,51,52,53,54,55,56,57,60,61,62,63,64,65,66,68,69,70,71,72,73,74,76,77,78,79,80,81,82,83,84,85,86,87,88,89,90,91,92,93,94,96,97,98,99 | LeAcc: 1.000
SVD Recovered Labels: 1,14,17,70 | LeAcc: 0.130
Start Experiment 40
***************************************************************
Ground-truth Labels: 0,1,2,3,4,6,7,8,9,10,11,12,13,14,15,16,17,18,19,20,21,22,23,24,25,26,29,30,31,32,33,34,35,36,38,39,40,41,42,43,44,45,46,47,48,49,50,51,52,53,54,56,57,58,59,61,62,63,64,65,66,67,68,69,70,71,72,74,75,76,77,78,79,80,81,82,83,84,85,87,88,89,90,91,92,93,94,96,97,98,99
Ground-truth Num of Instances: 4,2,4,5,4,2,2,6,2,1,4,1,2,4,4,2,3,1,1,2,1,3,4,2,5,4,2,4,6,1,1,2,3,2,4,1,5,2,3,2,3,2,2,2,3,1,1,3,5,4,5,2,1,4,5,2,4,4,3,3,2,3,4,1,1,3,3,1,6,1,3,1,3,2,2,3,2,1,4,4,3,3,5,2,1,4,2,6,3,2,3
Our Recovered Labels: 0,1,2,3,4,6,7,8,9,10,11,12,13,14,15,16,17,18,19,20,21,22,23,24,25,26,29,30,31,32,33,34,35,36,38,39,40,41,42,43,44,45,46,47,48,49,50,51,52,53,54,56,57,58,59,61,62,63,64,65,66,67,68,69,70,71,72,74,75,76,77,78,79,80,81,82,83,84,85,87,88,89,90,91,92,93,94,96,97,98,99 | LeAcc: 1.000
Our Recovered Num of Instances: 4,2,4,5,4,2,2,6,2,1,4,1,2,4,4,2,3,1,1,2,1,3,4,2,5,4,2,4,6,1,1,2,3,2,4,1,5,2,3,2,3,2,2,2,3,1,1,3,5,4,5,2,1,4,5,2,4,4,3,3,2,3,4,1,1,3,3,1,6,1,3,1,3,2,2,3,2,1,4,4,3,3,5,2,1,4,2,6,3,2,3 | LnAcc: 1.000 | IRec: 1.000
iDLG Recovered Labels: 0,2,3,6,8,11,13,14,15,17,20,22,23,24,25,26,29,30,31,35,38,40,41,44,48,51,52,53,54,58,59,62,63,65,68,71,75,77,82,85,87,88,89,90,93,94,96,97 | LeAcc: 0.570
GradInversion Recovered Labels: 0,1,2,3,4,6,7,8,9,11,12,13,14,15,16,17,18,19,20,21,22,23,24,25,26,29,30,31,32,33,34,35,36,38,39,40,41,42,43,44,45,46,47,48,49,50,51,52,53,54,56,57,58,59,61,62,63,64,65,66,67,68,69,70,71,72,74,75,76,77,78,79,80,81,82,83,84,85,87,88,89,90,91,92,93,94,96,97,98,99 | LeAcc: 0.990
SVD Recovered Labels: 0,64,67,68,71,75,87 | LeAcc: 0.160
Start Experiment 41
***************************************************************
Ground-truth Labels: 0,1,2,3,4,5,6,7,8,9,10,11,12,13,14,15,16,17,18,19,20,21,22,24,25,26,27,28,29,30,31,32,33,34,35,36,37,38,39,40,41,43,44,45,46,48,49,50,51,52,53,54,55,56,57,58,59,60,62,63,64,65,66,67,68,69,70,71,72,73,74,75,76,77,78,79,80,81,82,84,85,86,87,88,89,90,91,92,93,94,95,96,97,98,99
Ground-truth Num of Instances: 3,5,1,5,2,3,1,3,3,3,3,1,4,1,4,1,4,3,2,1,4,2,2,2,2,4,7,3,2,1,4,3,4,1,2,8,7,2,1,2,3,2,2,1,2,3,3,4,3,3,3,2,4,2,1,1,2,3,3,3,3,5,3,6,3,3,2,1,1,5,1,2,6,3,1,3,2,2,1,1,4,1,6,3,1,1,2,3,1,2,1,1,6,1,3
Our Recovered Labels: 0,1,2,3,4,5,6,7,8,9,10,11,12,13,14,15,16,17,18,19,20,21,22,24,25,26,27,28,29,30,31,32,33,34,35,36,37,38,39,40,41,43,44,45,46,48,49,50,51,52,53,54,55,56,57,58,59,60,62,63,64,65,66,67,68,69,70,71,72,73,74,75,76,77,78,79,80,81,82,84,85,86,87,88,89,90,91,92,93,94,95,96,97,98,99 | LeAcc: 1.000
Our Recovered Num of Instances: 3,5,1,5,2,3,1,3,3,3,3,1,4,1,4,1,4,3,2,1,4,2,2,2,2,4,7,3,2,1,4,3,4,1,2,8,7,2,1,2,3,2,2,1,2,3,3,4,3,3,3,2,4,2,1,1,2,3,3,3,3,5,3,6,3,3,2,1,1,5,1,2,6,3,1,3,2,2,1,1,4,1,6,3,1,1,2,3,1,2,1,1,6,1,3 | LnAcc: 1.000 | IRec: 1.000
iDLG Recovered Labels: 0,1,3,5,7,8,9,12,14,16,20,22,24,26,27,28,29,31,32,36,37,40,41,46,48,50,51,53,55,62,64,65,66,67,68,69,73,76,77,85,87,88,92,97,99 | LeAcc: 0.500
GradInversion Recovered Labels: 0,1,2,3,4,5,6,7,8,9,10,11,12,13,14,15,16,17,18,19,20,21,22,24,25,26,27,28,29,30,31,32,33,34,35,36,37,38,39,40,41,43,44,45,46,48,49,50,51,52,53,54,55,56,57,58,59,60,62,63,64,65,66,67,68,69,70,71,72,73,74,75,76,77,78,79,80,81,82,84,85,86,87,88,90,91,92,93,94,95,96,97,98,99 | LeAcc: 0.990
SVD Recovered Labels: 9,20,31,36,37,69,72,92 | LeAcc: 0.130
Start Experiment 42
***************************************************************
Ground-truth Labels: 0,1,2,3,4,5,6,7,8,9,10,11,12,14,15,16,17,18,19,20,21,22,24,25,26,27,28,29,30,31,32,33,34,35,36,37,38,39,40,41,43,44,45,46,47,48,50,51,52,53,54,55,56,57,58,59,60,61,63,64,65,66,67,68,69,70,71,72,73,74,75,76,77,78,79,80,81,82,84,85,86,87,88,89,90,91,92,93,94,95,97,98,99
Ground-truth Num of Instances: 3,2,3,5,3,2,3,4,2,3,2,5,1,2,1,2,1,1,2,1,2,3,1,2,1,5,3,1,3,4,3,1,1,2,5,4,1,1,1,4,4,1,7,7,2,1,5,2,3,2,4,2,2,3,3,4,2,2,3,4,2,2,2,3,4,1,7,2,3,4,3,2,1,4,1,4,1,3,4,3,4,5,2,2,3,3,4,2,3,6,2,3,2
Our Recovered Labels: 0,1,2,3,4,5,6,7,8,9,10,11,12,14,15,16,17,18,19,20,21,22,24,25,26,27,28,29,30,31,32,33,34,35,36,37,38,39,40,41,43,44,45,46,47,48,50,51,52,53,54,55,56,57,58,59,60,61,63,64,65,66,67,68,69,70,71,72,73,74,75,76,77,78,79,80,81,82,84,85,86,87,88,89,90,91,92,93,94,95,97,98,99 | LeAcc: 1.000
Our Recovered Num of Instances: 3,2,3,5,3,2,3,4,2,3,2,5,1,2,1,2,1,1,2,1,2,3,1,2,1,5,3,1,3,4,3,1,1,2,5,4,1,1,1,4,4,1,7,7,2,1,5,2,3,2,4,2,2,3,3,4,2,2,3,4,2,2,2,3,4,1,7,2,3,4,3,2,1,4,1,4,1,3,4,3,4,5,2,2,3,3,4,2,3,6,2,3,2 | LnAcc: 1.000 | IRec: 1.000
iDLG Recovered Labels: 1,2,3,5,6,7,9,11,21,22,27,28,31,32,36,37,41,43,45,46,50,52,54,55,57,58,59,64,69,71,73,74,75,78,80,82,84,85,86,87,90,91,92,94,95,98,99 | LeAcc: 0.540
GradInversion Recovered Labels: 0,1,2,3,4,5,6,7,8,9,10,11,12,14,15,16,17,18,19,20,21,22,24,25,26,27,28,29,30,31,32,33,34,35,36,37,38,39,40,41,43,44,45,46,47,48,50,51,52,53,54,55,56,57,58,59,60,61,63,64,65,66,67,68,69,70,71,72,73,74,75,76,77,78,79,80,81,82,84,85,86,87,88,89,90,91,92,93,94,95,97,98,99 | LeAcc: 1.000
SVD Recovered Labels: 0,3,21,54,56,71,91,93,95 | LeAcc: 0.160
Start Experiment 43
***************************************************************
Ground-truth Labels: 0,1,2,3,4,5,6,7,8,9,10,11,12,13,14,15,16,17,19,20,21,22,23,24,25,26,30,31,32,33,34,35,36,37,38,39,40,41,42,43,45,46,47,48,49,51,52,53,54,55,56,57,58,59,60,61,62,63,64,65,67,68,69,70,71,72,74,75,76,77,78,79,80,81,82,83,84,85,86,87,88,89,90,91,92,93,94,95,96,97,98,99
Ground-truth Num of Instances: 5,1,3,2,1,2,4,4,2,2,2,3,3,3,6,2,2,2,8,5,2,5,4,2,1,4,2,5,2,1,1,3,1,6,2,3,1,2,2,9,2,2,1,2,3,4,2,3,2,4,2,3,2,3,4,3,3,4,4,2,1,2,1,3,1,4,4,4,3,4,2,2,2,3,3,6,1,2,1,1,3,2,4,1,1,3,4,5,1,3,2,2
Our Recovered Labels: 0,1,2,3,4,5,6,7,8,9,10,11,12,13,14,15,16,17,19,20,21,22,23,24,25,26,30,31,32,33,34,35,36,37,38,39,40,41,42,43,45,46,47,48,49,51,52,53,54,55,56,57,58,59,60,61,62,63,64,65,67,68,69,70,71,72,74,75,76,77,78,79,80,81,82,83,84,85,86,87,88,89,90,91,92,93,94,95,96,97,98,99 | LeAcc: 1.000
Our Recovered Num of Instances: 5,1,3,2,1,2,4,4,2,2,2,3,3,3,6,2,2,2,8,5,2,5,4,2,1,4,2,5,2,1,1,3,1,6,2,3,1,2,2,9,2,2,1,2,3,4,2,3,2,4,2,3,2,3,4,3,3,4,4,2,1,2,1,3,1,4,4,4,3,4,2,2,2,3,3,6,1,2,1,1,3,2,4,1,1,3,4,5,1,3,2,2 | LnAcc: 1.000 | IRec: 1.000
iDLG Recovered Labels: 0,3,5,6,7,11,12,13,14,15,16,19,20,22,24,26,31,37,39,41,43,49,51,53,54,55,57,59,60,61,64,70,72,74,75,76,77,81,82,83,85,88,90,94,95 | LeAcc: 0.530
GradInversion Recovered Labels: 0,1,2,3,4,5,6,7,8,9,10,11,12,13,14,15,16,17,19,20,21,22,23,24,25,26,30,31,32,33,34,35,36,37,38,39,40,41,42,43,45,46,47,48,49,51,52,53,54,55,56,57,58,59,60,61,62,63,64,65,67,68,69,70,71,72,74,75,76,77,78,79,80,81,82,83,84,85,86,87,88,89,90,91,92,93,94,95,96,97,98,99 | LeAcc: 1.000
SVD Recovered Labels: 0,19,20,38,53,62,68 | LeAcc: 0.150
Start Experiment 44
***************************************************************
Ground-truth Labels: 0,1,2,3,4,5,6,7,8,9,10,11,12,13,14,15,16,17,18,19,20,21,22,23,24,25,26,27,28,29,30,31,32,33,34,35,36,37,38,39,40,41,42,43,44,46,47,48,49,50,52,54,55,56,57,58,59,60,61,62,63,64,65,66,68,69,70,71,72,73,74,75,76,77,80,81,82,83,84,86,87,88,89,90,91,92,93,94,95,96,97,98
Ground-truth Num of Instances: 5,3,2,1,1,7,2,5,2,3,2,2,2,4,1,1,6,4,2,2,5,1,1,4,1,2,1,2,4,2,2,1,2,2,1,3,9,2,6,4,2,2,2,3,5,8,3,2,4,4,2,2,6,5,2,1,1,4,2,1,2,3,3,2,2,5,1,4,3,1,2,2,3,3,1,2,7,2,5,3,4,1,1,4,2,2,2,2,2,1,3,3
Our Recovered Labels: 0,1,2,3,4,5,6,7,8,9,10,11,12,13,14,15,16,17,18,19,20,21,22,23,24,25,26,27,28,29,30,31,32,33,34,35,36,37,38,39,40,41,42,43,44,46,47,48,49,50,52,54,55,56,57,58,59,60,61,62,63,64,65,66,68,69,70,71,72,73,74,75,76,77,80,81,82,83,84,86,87,88,89,90,91,92,93,94,95,96,97,98 | LeAcc: 1.000
Our Recovered Num of Instances: 5,3,2,1,1,7,2,5,2,3,2,2,2,4,1,1,6,4,2,2,5,1,1,4,1,2,1,2,4,2,2,1,2,2,1,3,9,2,6,4,2,2,2,3,5,8,3,2,4,4,2,2,6,5,2,1,1,4,2,1,2,3,3,2,2,5,1,4,3,1,2,2,3,3,1,2,7,2,5,3,4,1,1,4,2,2,2,2,2,1,3,3 | LnAcc: 1.000 | IRec: 1.000
iDLG Recovered Labels: 0,5,6,7,9,13,16,17,20,23,28,29,35,36,38,39,41,44,46,48,49,50,55,56,60,61,69,72,76,77,81,82,84,86,87,90,91,97,98 | LeAcc: 0.470
GradInversion Recovered Labels: 0,1,2,3,4,5,6,7,8,9,10,11,12,13,14,15,16,17,18,19,20,21,22,23,24,25,26,27,28,29,30,31,32,33,34,35,36,37,38,39,40,41,42,43,44,46,47,48,49,50,52,54,55,56,57,58,59,60,61,62,63,64,65,66,68,69,70,71,72,73,74,75,76,77,80,81,82,83,84,86,87,88,89,90,91,92,93,94,95,96,97,98 | LeAcc: 1.000
SVD Recovered Labels: 5,6,10,20,31,56 | LeAcc: 0.140
Start Experiment 45
***************************************************************
Ground-truth Labels: 0,1,2,3,4,6,7,8,9,10,12,13,14,15,16,17,19,20,21,22,23,24,25,26,27,28,29,30,31,32,33,34,35,36,37,38,39,40,41,42,43,44,45,46,47,48,49,51,52,53,54,56,57,58,59,60,61,62,64,65,66,67,68,69,70,71,72,73,74,75,76,77,78,80,81,82,84,85,86,87,88,89,90,92,93,94,95,96,97,98,99
Ground-truth Num of Instances: 3,3,5,3,5,4,2,3,4,2,5,1,5,2,5,3,4,2,1,2,4,2,3,3,5,3,2,1,3,3,4,2,3,2,4,3,1,3,2,1,2,2,2,4,3,5,2,2,2,3,2,1,8,3,3,1,1,3,1,2,2,2,3,2,3,4,3,4,1,3,4,3,2,3,3,1,3,2,2,3,4,1,2,8,2,2,2,1,4,3,4
Our Recovered Labels: 0,1,2,3,4,6,7,8,9,10,12,13,14,15,16,17,19,20,21,22,23,24,25,26,27,28,29,30,31,32,33,34,35,36,37,38,39,40,41,42,43,44,45,46,47,48,49,51,52,53,54,56,57,58,59,60,61,62,64,65,66,67,68,69,70,71,72,73,74,75,76,77,78,80,81,82,84,85,86,87,88,89,90,92,93,94,95,96,97,98,99 | LeAcc: 1.000
Our Recovered Num of Instances: 3,3,5,3,5,4,2,3,4,2,5,1,5,2,5,3,4,2,1,2,4,2,3,3,5,3,2,1,3,3,4,2,3,2,4,3,1,3,2,1,2,2,2,4,3,5,2,2,2,3,2,1,8,3,3,1,1,3,1,2,2,2,3,2,3,4,3,4,1,3,4,3,2,3,3,1,3,2,2,3,4,1,2,8,2,2,2,1,4,3,4 | LnAcc: 1.000 | IRec: 1.000
iDLG Recovered Labels: 0,1,2,3,4,6,7,8,9,12,14,15,16,19,20,23,26,27,28,29,32,35,37,38,40,41,46,48,53,57,58,68,70,71,72,73,75,76,77,80,81,88,92,94,97,98,99 | LeAcc: 0.560
GradInversion Recovered Labels: 0,1,2,3,4,6,7,8,9,10,12,13,14,15,16,17,19,20,21,22,23,24,25,26,27,28,29,30,31,32,33,34,35,36,37,38,39,40,41,43,44,45,46,47,48,49,51,52,53,54,56,57,58,59,60,61,62,64,65,66,67,68,69,70,71,72,73,74,75,76,77,78,80,81,82,84,85,86,87,88,89,90,92,93,94,95,96,97,98,99 | LeAcc: 0.990
SVD Recovered Labels: 0,14,57,70,73,75,76,81 | LeAcc: 0.170
Start Experiment 46
***************************************************************
Ground-truth Labels: 0,1,2,3,4,5,6,7,8,9,10,11,12,13,14,15,16,17,18,19,20,21,22,23,24,25,26,27,28,29,30,31,32,33,34,35,36,37,39,40,41,42,43,44,45,46,47,48,50,51,52,53,54,55,57,58,59,60,61,62,63,64,65,66,68,69,71,72,73,74,75,76,77,78,79,80,81,82,83,84,85,86,87,89,90,91,92,93,94,95,96,97,98,99
Ground-truth Num of Instances: 3,2,2,4,2,1,5,5,3,4,2,1,2,4,3,1,3,2,5,4,2,2,1,3,5,1,4,2,5,3,1,3,1,5,1,1,3,4,5,2,1,3,1,2,2,4,3,2,2,3,1,3,3,3,4,2,2,4,5,1,1,2,1,1,2,3,4,3,2,2,4,5,1,2,1,2,7,2,1,2,4,2,2,5,1,2,6,5,3,4,4,3,1,3
Our Recovered Labels: 0,1,2,3,4,5,6,7,8,9,10,11,12,13,14,15,16,17,18,19,20,21,22,23,24,25,26,27,28,29,30,31,32,33,34,35,36,37,39,40,41,42,43,44,45,46,47,48,50,51,52,53,54,55,57,58,59,60,61,62,63,64,65,66,68,69,71,72,73,74,75,76,77,78,79,80,81,82,83,84,85,86,87,89,90,91,92,93,94,95,96,97,98,99 | LeAcc: 1.000
Our Recovered Num of Instances: 3,2,2,4,2,1,5,5,3,4,2,1,2,4,3,1,3,2,5,4,2,2,1,3,5,1,4,2,5,3,1,3,1,5,1,1,3,4,5,2,1,3,1,2,2,4,3,2,2,3,1,3,3,3,4,2,2,4,5,1,1,2,1,1,2,3,4,3,2,2,4,5,1,2,1,2,7,2,1,2,4,2,2,5,1,2,6,5,3,4,4,3,1,3 | LnAcc: 1.000 | IRec: 1.000
iDLG Recovered Labels: 0,2,3,6,7,9,13,14,16,18,19,20,24,26,28,29,31,33,36,37,39,45,46,51,53,55,57,60,61,69,71,72,75,76,81,84,85,86,89,91,92,93,95,96,97,99 | LeAcc: 0.520
GradInversion Recovered Labels: 0,1,2,3,4,5,6,7,8,9,10,11,12,13,14,15,16,17,18,19,20,21,22,23,24,25,26,27,28,29,30,31,32,33,34,35,36,37,39,40,41,42,43,44,45,46,47,48,50,51,52,53,54,55,57,58,59,60,61,62,63,64,65,66,68,69,71,72,73,74,75,76,77,78,79,80,81,82,83,84,85,86,87,89,90,91,92,93,94,95,96,97,98,99 | LeAcc: 1.000
SVD Recovered Labels: 64,81,91,93,97 | LeAcc: 0.110
Start Experiment 47
***************************************************************
Ground-truth Labels: 0,1,2,3,4,5,6,7,8,9,10,11,12,13,14,15,16,17,18,19,20,21,22,23,24,25,26,27,28,29,30,31,32,33,34,35,36,37,38,39,40,41,42,43,44,45,46,47,49,50,51,52,53,54,56,57,58,61,62,63,65,66,67,68,69,70,71,72,73,75,76,77,78,80,81,82,83,84,85,86,87,89,90,91,92,93,94,95,96,97,98,99
Ground-truth Num of Instances: 3,1,2,2,1,2,4,2,1,4,3,6,4,2,2,3,1,4,1,4,2,3,3,2,2,3,4,3,3,2,3,3,4,1,4,1,2,3,2,3,3,3,2,6,1,9,3,2,3,2,3,1,3,3,1,2,4,4,3,4,3,2,1,5,1,3,2,3,2,3,4,2,1,1,1,3,3,2,2,7,4,2,5,3,1,1,3,4,2,4,5,4
Our Recovered Labels: 0,1,2,3,4,5,6,7,8,9,10,11,12,13,14,15,16,17,18,19,20,21,22,23,24,25,26,27,28,29,30,31,32,33,34,35,36,37,38,39,40,41,42,43,44,45,46,47,49,50,51,52,53,54,56,57,58,61,62,63,65,66,67,68,69,70,71,72,73,75,76,77,78,80,81,82,83,84,85,86,87,89,90,91,92,93,94,95,96,97,98,99 | LeAcc: 1.000
Our Recovered Num of Instances: 3,1,2,2,1,2,4,2,1,4,3,6,4,2,2,3,1,4,1,4,2,3,3,2,2,3,4,3,3,2,3,3,4,1,4,1,2,3,2,3,3,3,2,6,1,9,3,2,3,2,3,1,3,3,1,2,4,4,3,4,3,2,1,5,1,3,2,3,2,3,4,2,1,1,1,3,3,2,2,7,4,2,5,3,1,1,3,4,2,4,5,4 | LnAcc: 1.000 | IRec: 1.000
iDLG Recovered Labels: 0,2,3,5,6,9,10,11,12,15,17,19,20,22,24,26,28,32,34,40,41,43,45,46,51,53,54,58,61,63,68,70,72,75,76,83,84,86,87,90,91,95,97,98,99 | LeAcc: 0.530
GradInversion Recovered Labels: 0,1,2,3,4,5,6,7,8,9,10,11,12,13,14,15,16,17,18,19,20,21,22,23,24,25,26,27,28,29,30,31,32,33,34,35,36,37,38,39,40,41,42,43,44,45,46,47,49,50,51,52,53,54,56,57,58,61,62,63,65,66,67,68,69,70,71,72,73,75,76,77,78,80,81,82,83,84,85,86,87,89,90,91,92,93,94,95,96,97,98,99 | LeAcc: 1.000
SVD Recovered Labels: 6,13,15,21,25,40,49,51,75,87,90,91 | LeAcc: 0.200
Start Experiment 48
***************************************************************
Ground-truth Labels: 0,1,2,3,4,5,6,7,8,9,10,11,12,13,14,15,16,18,19,20,21,22,23,24,25,26,28,29,30,31,32,33,34,35,36,37,38,39,42,43,44,45,46,48,49,50,51,52,53,55,56,57,59,60,61,62,63,64,65,66,68,69,71,72,73,74,75,76,77,78,79,80,81,82,83,84,85,86,87,88,89,90,91,92,93,94,96,97,98,99
Ground-truth Num of Instances: 4,3,6,1,5,3,3,4,2,1,4,3,3,1,2,2,2,2,1,4,5,4,2,3,2,3,1,3,1,5,4,1,2,3,3,2,4,1,3,3,2,3,3,4,2,4,3,3,2,2,3,2,6,3,2,6,2,4,5,1,2,2,2,2,2,3,5,1,4,4,1,2,2,1,1,2,4,3,1,1,5,4,5,1,2,5,1,6,6,3
Our Recovered Labels: 0,1,2,3,4,5,6,7,8,9,10,11,12,13,14,15,16,18,19,20,21,22,23,24,25,26,28,29,30,31,32,33,34,35,36,37,38,39,42,43,44,45,46,48,49,50,51,52,53,55,56,57,59,60,61,62,63,64,65,66,68,69,71,72,73,74,75,76,77,78,79,80,81,82,83,84,85,86,87,88,89,90,91,92,93,94,96,97,98,99 | LeAcc: 1.000
Our Recovered Num of Instances: 4,3,6,1,5,3,3,4,2,1,4,3,3,1,2,2,2,2,1,4,5,4,2,3,2,3,1,3,1,5,4,1,2,3,3,2,4,1,3,3,2,3,3,4,2,4,3,3,2,2,3,2,6,3,2,6,2,4,5,1,2,2,2,2,2,3,5,1,4,4,1,2,2,1,1,2,4,3,1,1,5,4,5,1,2,5,1,6,6,3 | LnAcc: 1.000 | IRec: 1.000
iDLG Recovered Labels: 0,1,2,4,5,6,7,10,11,12,20,21,22,24,26,29,31,32,35,36,38,45,46,48,50,51,52,56,59,61,62,64,65,68,72,75,77,78,85,86,89,90,91,94,97,98,99 | LeAcc: 0.570
GradInversion Recovered Labels: 0,1,2,3,4,5,6,7,8,9,10,11,12,13,14,15,16,18,19,20,21,22,23,24,25,26,28,29,30,31,32,33,34,35,36,37,38,39,42,43,44,45,46,48,49,50,51,52,53,55,56,57,59,60,61,62,63,64,65,66,68,69,71,72,73,74,75,76,77,78,79,80,81,82,83,84,85,86,87,88,89,90,91,92,93,94,96,97,98,99 | LeAcc: 1.000
SVD Recovered Labels: 4,34,36,38,46,48,51,55,62,80,91,94 | LeAcc: 0.220
Start Experiment 49
***************************************************************
Ground-truth Labels: 0,1,2,3,4,5,6,7,8,9,10,11,12,13,14,15,16,17,18,19,20,21,22,23,24,25,26,27,28,29,30,31,33,35,36,37,38,39,40,41,42,43,44,45,46,47,48,49,50,51,54,55,57,58,59,60,61,62,63,64,65,66,67,68,69,70,71,72,73,74,76,77,78,79,80,82,83,84,85,86,87,88,89,90,91,92,93,94,95,96,98,99
Ground-truth Num of Instances: 3,3,2,3,1,5,3,1,2,1,3,3,1,5,1,1,2,1,3,3,5,4,3,4,4,2,3,1,2,1,3,2,5,2,7,4,1,2,3,2,2,5,3,2,3,3,6,3,2,2,1,4,5,5,6,4,2,1,3,2,1,4,3,3,2,3,3,3,3,3,1,3,3,5,3,3,2,1,1,1,4,3,2,2,1,3,5,5,1,1,3,4
Our Recovered Labels: 0,1,2,3,4,5,6,7,8,9,10,11,12,13,14,15,16,17,18,19,20,21,22,23,24,25,26,27,28,29,30,31,33,35,36,37,38,39,40,41,42,43,44,45,46,47,48,49,50,51,54,55,57,58,59,60,61,62,63,64,65,66,67,68,69,70,71,72,73,74,76,77,78,79,80,82,83,84,85,86,87,88,89,90,91,92,93,94,95,96,98,99 | LeAcc: 1.000
Our Recovered Num of Instances: 3,3,2,3,1,5,3,1,2,1,3,3,1,5,1,1,2,1,3,3,5,4,3,4,4,2,3,1,2,1,3,2,5,2,7,4,1,2,3,2,2,5,3,2,3,3,6,3,2,2,1,4,5,5,6,4,2,1,3,2,1,4,3,3,2,3,3,3,3,3,1,3,3,5,3,3,2,1,1,1,4,3,2,2,1,3,5,5,1,1,3,4 | LnAcc: 1.000 | IRec: 1.000
iDLG Recovered Labels: 0,1,3,5,6,11,13,19,20,21,22,23,24,26,33,36,37,40,43,44,46,47,48,49,51,55,57,58,59,60,66,67,68,69,70,71,74,78,79,80,87,88,92,93,94,98,99 | LeAcc: 0.550
GradInversion Recovered Labels: 0,1,2,3,4,5,6,7,8,9,10,11,12,13,14,15,16,17,18,19,20,21,22,23,24,25,26,27,28,29,30,31,33,35,36,37,38,39,40,41,42,43,44,45,46,47,48,49,50,51,54,55,57,58,59,60,61,62,63,64,65,66,67,68,69,70,71,72,73,74,76,77,78,79,80,82,83,84,85,86,87,88,89,90,91,92,93,94,95,96,98,99 | LeAcc: 1.000
SVD Recovered Labels: 48,50,68,76,87 | LeAcc: 0.130
Start Experiment 50
***************************************************************
Ground-truth Labels: 1,2,4,5,6,7,8,9,10,11,12,13,14,15,16,17,18,19,20,21,23,24,25,26,27,28,29,30,31,32,33,34,35,36,37,38,39,40,41,42,43,44,45,46,47,48,49,50,51,52,53,54,55,56,58,59,60,61,62,63,64,65,66,67,68,69,71,72,74,75,76,77,78,79,80,81,82,84,85,86,87,88,89,90,91,92,93,94,95,96,97,98,99
Ground-truth Num of Instances: 1,4,4,2,4,1,3,1,4,2,1,3,1,1,4,3,1,3,3,1,5,1,6,3,4,2,4,6,4,1,2,2,2,4,2,4,1,5,1,2,4,2,2,1,3,4,3,3,2,4,5,3,2,4,1,4,1,4,2,5,1,2,2,2,4,1,2,1,2,3,2,3,2,2,1,4,5,2,4,2,2,5,7,3,2,4,2,3,5,2,2,3,2
Our Recovered Labels: 1,2,4,5,6,7,8,9,10,11,12,13,14,15,16,17,18,19,20,21,23,24,25,26,27,28,29,30,31,32,33,34,35,36,37,38,39,40,41,42,43,44,45,46,47,48,49,50,51,52,53,54,55,56,58,59,60,61,62,63,64,65,66,67,68,69,71,72,74,75,76,77,78,79,80,81,82,84,85,86,87,88,89,90,91,92,93,94,95,96,97,98,99 | LeAcc: 1.000
Our Recovered Num of Instances: 1,4,4,2,4,1,3,1,4,2,1,3,1,1,4,3,1,3,3,1,5,1,6,3,4,2,4,6,4,1,2,2,2,4,2,4,1,5,1,2,4,2,2,1,3,4,3,3,2,4,5,3,2,4,1,4,1,4,2,5,1,2,2,2,4,1,2,1,2,3,2,3,2,2,1,4,5,2,4,2,2,5,7,3,2,4,2,3,5,2,2,3,2 | LnAcc: 1.000 | IRec: 1.000
iDLG Recovered Labels: 2,4,5,6,8,10,13,16,17,19,20,23,25,26,27,28,29,30,31,36,38,40,43,48,52,53,54,56,59,61,63,68,75,81,82,85,86,88,89,90,92,94,95,97,98,99 | LeAcc: 0.530
GradInversion Recovered Labels: 1,2,4,5,6,7,8,9,10,11,12,13,14,15,16,17,18,19,20,21,23,24,25,26,27,28,29,30,31,32,33,34,35,36,37,38,39,40,41,42,43,44,45,46,47,48,49,50,51,52,53,54,55,56,58,59,60,61,62,63,64,65,66,67,68,69,71,72,74,75,76,77,78,79,80,81,82,84,85,86,87,88,89,90,91,92,93,94,95,96,97,98,99 | LeAcc: 1.000
SVD Recovered Labels: 17,18,19,95 | LeAcc: 0.110
---------------------------------------------------------------
Mean iDLG LeAcc: 0.527 | Mean GI LeAcc: 0.997 | Mean SVD LeAcc: 0.156 | Mean Ours LeAcc: 1.000 | Mean Ours LnAcc: 0.997 | Mean Ours IRec: 1.000
