running experiments at 2022-09-03-19:19:23
	log_dir: exp_res
	cpu: False
	num_tries: 50
	num_images: 512
	seed: 12
	alpha: 1
	simplified: False
	analysis: False
	data_path: data
	dataset: CIFAR100
	split: train
	distribution: random
	start_id: 0
	num_classes: 100
	num_uniform_cls: 32
	model: lenet5
	trained_model: False
	epochs: 10
	batch_size: 128
	optimizer: SGD
	lr: 0.1
	scheduler: linear
	weight_decay: 0.0005
	warmup: False
	valid_interval: 1
	mid_save: False
	model_path: models
	dryrun: False
	batchnorm: False
	dropout: False
	silu: False
	dim: 300
	n_hidden: 1
	defense: False
	defense_method: dp
	noise_std: 0.001
	clip_bound: 4
	sparse_ratio: 10
	prune_ratio: 10
	rec_img: False
	fix_labels: False
	gt_labels: False
	optim: ig
	restarts: 1
	cost_fn: sim
	indices: def
	weights: equal
	rec_lr: None
	rec_optimizer: adam
	signed: False
	boxed: False
	scoring_choice: loss
	init: randn
	tv: 1e-06
	l2: 1e-06
	max_iterations: 8000
	loss_thresh: 0.0001
	save_image: False
	image_path: images
	table_path: tables

Start Experiment 1
***************************************************************
Ground-truth Labels: 0,1,2,3,4,5,6,7,8,9,10,11,12,13,14,15,16,17,18,19,20,21,22,23,24,25,26,27,28,29,30,31,32,33,34,35,36,37,38,39,40,41,42,43,44,45,46,47,48,49,50,51,52,53,54,55,56,57,58,59,60,61,62,63,64,65,66,67,68,69,70,71,72,73,74,75,76,77,78,79,80,81,82,83,84,85,86,87,88,89,90,91,92,93,94,95,96,97,98,99
Ground-truth Num of Instances: 3,8,5,11,6,4,3,4,3,8,6,7,10,5,4,10,8,4,4,3,2,1,4,7,4,5,5,5,6,7,3,5,4,5,6,2,4,1,3,1,3,8,3,2,6,6,3,3,4,5,8,3,6,5,4,4,8,8,5,2,4,5,4,3,6,8,5,6,5,7,6,4,11,9,4,3,8,4,4,6,5,6,3,5,5,9,7,7,5,3,4,8,4,6,8,2,2,4,11,4
Our Recovered Labels: 0,1,2,3,4,5,6,7,8,9,10,11,12,13,14,15,16,17,18,19,20,21,22,23,24,25,26,27,28,29,30,31,32,33,34,35,36,37,38,39,40,41,42,43,44,45,46,47,48,49,50,51,52,53,54,55,56,57,58,59,60,61,62,63,64,65,66,67,68,69,70,71,72,73,74,75,76,77,78,79,80,81,82,83,84,85,86,87,88,89,90,91,92,93,94,95,96,97,98,99 | LeAcc: 1.000
Our Recovered Num of Instances: 3,8,5,11,6,4,3,4,3,8,6,7,10,5,4,10,8,4,4,3,2,1,4,7,4,5,5,5,6,7,3,5,4,5,6,2,4,1,3,1,3,8,3,2,6,6,3,3,4,5,8,3,6,5,4,4,8,8,5,2,4,5,4,3,6,8,5,6,5,7,6,4,11,9,4,3,8,4,4,6,5,6,3,5,5,9,7,7,5,3,4,8,5,6,8,2,2,4,11,4 | LnAcc: 0.990 | IRec: 1.000
iDLG Recovered Labels: 1,3,7,9,11,12,15,16,23,24,26,28,29,41,44,45,50,52,53,56,57,58,65,69,70,72,73,76,79,81,83,85,86,87,91,94,98 | LeAcc: 0.370
GradInversion Recovered Labels: 0,1,2,3,4,5,6,7,8,9,10,11,12,13,14,15,16,17,18,19,20,21,22,23,24,25,26,27,28,29,30,31,32,33,34,35,36,37,38,40,41,42,44,45,46,47,48,49,50,51,52,53,54,55,56,57,58,59,60,61,62,63,64,65,66,67,68,69,70,71,72,73,74,75,76,77,78,79,80,81,82,83,84,85,86,87,88,89,90,91,92,93,94,95,96,97,98,99 | LeAcc: 0.980
SVD Recovered Labels: 1,15,31,55,85,98 | LeAcc: 0.060
Start Experiment 2
***************************************************************
Ground-truth Labels: 0,1,2,3,4,5,6,7,8,9,10,11,12,13,14,15,16,17,18,19,20,21,22,23,24,25,26,27,28,29,30,31,32,33,34,35,36,37,38,39,40,41,42,43,44,45,46,47,48,49,50,51,52,53,54,55,56,57,58,59,60,61,62,63,64,65,66,67,68,69,70,71,72,73,74,75,76,77,78,79,80,81,82,83,84,85,86,87,88,89,90,91,92,93,94,95,96,97,98,99
Ground-truth Num of Instances: 2,1,5,11,10,7,6,1,2,4,6,2,6,2,2,4,5,8,5,5,7,5,7,6,4,2,6,1,2,6,7,5,5,8,5,5,6,4,4,11,4,1,2,9,4,3,4,12,5,4,2,4,3,6,5,6,6,4,7,8,6,4,2,4,11,6,4,5,4,8,9,6,6,4,6,4,5,9,3,5,4,6,5,4,4,6,3,4,4,5,5,7,2,3,9,3,6,6,9,7
Our Recovered Labels: 0,1,2,3,4,5,6,7,8,9,10,11,12,13,14,15,16,17,18,19,20,21,22,23,24,25,26,27,28,29,30,31,32,33,34,35,36,37,38,39,40,41,42,43,44,45,46,47,48,49,50,51,52,53,54,55,56,57,58,59,60,61,62,63,64,65,66,67,68,69,70,71,72,73,74,75,76,77,78,79,80,81,82,83,84,85,86,87,88,89,90,91,92,93,94,95,96,97,98,99 | LeAcc: 1.000
Our Recovered Num of Instances: 2,1,5,11,10,7,7,1,4,4,6,2,6,2,2,4,5,8,5,5,7,5,7,6,4,2,6,1,2,6,7,5,5,8,5,5,6,4,4,11,4,1,2,9,4,3,4,12,5,4,2,4,3,6,5,6,6,4,7,8,6,4,2,4,11,6,4,5,4,8,9,6,6,4,6,4,5,9,3,5,4,6,5,4,4,6,3,4,4,5,5,7,3,3,9,3,6,6,9,7 | LnAcc: 0.970 | IRec: 1.000
iDLG Recovered Labels: 3,4,5,6,9,10,12,16,17,19,20,22,23,24,26,29,30,32,33,36,39,43,47,53,57,58,59,61,64,69,70,71,74,77,81,85,91,94,96,97,98,99 | LeAcc: 0.420
GradInversion Recovered Labels: 0,2,3,4,5,6,7,8,9,10,11,12,13,14,15,16,17,18,19,20,21,22,23,24,25,26,27,28,29,30,31,32,33,34,35,36,37,38,39,40,41,42,43,44,45,46,47,48,49,50,51,52,53,54,55,56,57,58,59,60,61,62,63,64,65,66,67,68,69,70,71,72,73,74,75,76,77,78,79,80,81,82,83,84,85,86,87,88,89,90,91,92,93,94,95,96,97,98,99 | LeAcc: 0.990
SVD Recovered Labels: 17,59,71,94 | LeAcc: 0.040
Start Experiment 3
***************************************************************
Ground-truth Labels: 0,1,2,3,4,5,6,7,8,9,10,11,12,13,14,15,16,17,18,19,20,21,22,23,24,25,26,27,28,29,30,31,32,33,34,35,36,37,38,39,40,41,42,43,44,45,46,47,48,49,50,51,52,53,54,55,56,57,58,59,60,61,62,63,64,65,66,67,68,69,70,71,72,73,74,75,76,77,78,79,80,81,82,83,84,85,86,87,88,89,90,91,92,93,94,95,96,97,98,99
Ground-truth Num of Instances: 10,7,3,3,8,6,5,3,7,3,5,6,5,2,4,8,3,5,4,2,3,6,5,4,4,4,5,6,5,3,11,3,2,5,8,8,10,8,8,3,6,2,8,6,3,6,2,5,9,5,4,3,4,4,2,4,4,6,6,4,4,6,6,3,4,5,8,3,5,3,3,8,9,5,4,7,3,1,7,4,4,8,3,7,3,12,3,3,7,6,6,4,7,5,9,4,4,5,5,6
Our Recovered Labels: 0,1,2,3,4,5,6,7,8,9,10,11,12,13,14,15,16,17,18,19,20,21,22,23,24,25,26,27,28,29,30,31,32,33,34,35,36,37,38,39,40,41,42,43,44,45,46,47,48,49,50,51,52,53,54,55,56,57,58,59,60,61,62,63,64,65,66,67,68,69,70,71,72,73,74,75,76,77,78,79,80,81,82,83,84,85,86,87,88,89,90,91,92,93,94,95,96,97,98,99 | LeAcc: 1.000
Our Recovered Num of Instances: 10,7,3,3,8,6,5,4,7,3,5,6,5,2,4,8,3,5,4,2,3,6,5,4,4,4,5,6,5,3,11,3,2,5,8,8,10,8,8,3,6,2,8,6,3,6,2,5,9,5,4,3,4,4,2,4,4,6,6,4,4,6,6,3,4,5,8,3,5,3,3,8,9,5,4,7,3,1,7,6,4,8,3,7,3,12,3,4,7,6,6,4,7,5,9,4,4,5,5,6 | LnAcc: 0.970 | IRec: 1.000
iDLG Recovered Labels: 0,1,4,5,6,8,9,11,12,15,17,24,26,28,30,34,35,36,37,38,40,42,43,48,55,57,58,61,62,66,71,72,74,75,78,81,83,85,88,89,90,91,92,94,99 | LeAcc: 0.450
GradInversion Recovered Labels: 0,1,2,3,4,5,6,7,8,9,10,11,12,14,15,16,17,18,19,20,21,22,23,24,25,26,27,28,29,30,31,32,33,34,35,36,37,38,39,40,41,42,43,44,45,46,47,48,49,50,51,52,53,54,55,56,57,58,59,60,61,62,63,64,65,66,67,68,69,70,71,72,73,74,75,76,77,78,79,80,81,82,83,84,85,86,87,88,89,90,91,92,93,94,95,96,97,98,99 | LeAcc: 0.990
SVD Recovered Labels: 2,30,40,48,76 | LeAcc: 0.050
Start Experiment 4
***************************************************************
Ground-truth Labels: 0,1,2,3,4,5,6,7,8,9,10,11,12,13,14,15,16,17,18,19,20,21,22,23,24,25,26,27,28,29,30,31,32,33,34,35,36,37,38,39,40,41,42,43,44,45,46,47,48,49,50,51,52,53,54,55,56,57,58,59,60,61,62,63,64,65,66,67,68,69,70,71,72,73,74,75,76,77,78,79,80,81,82,83,84,85,86,87,88,89,90,91,92,93,94,95,96,97,98,99
Ground-truth Num of Instances: 7,8,5,2,4,6,8,3,4,9,4,4,6,3,4,6,8,5,7,9,4,7,7,5,8,3,4,5,6,3,9,1,5,3,8,5,4,9,4,7,2,6,3,7,6,7,2,5,7,6,6,8,2,4,3,4,6,8,6,6,7,5,7,6,5,3,4,2,5,7,4,5,7,2,1,6,4,4,8,6,3,7,3,2,5,5,3,5,7,3,7,5,3,5,6,4,4,7,2,5
Our Recovered Labels: 0,1,2,3,4,5,6,7,8,9,10,11,12,13,14,15,16,17,18,19,20,21,22,23,24,25,26,27,28,29,30,31,32,33,34,35,36,37,38,39,40,41,42,43,44,45,46,47,48,49,50,51,52,53,54,55,56,57,58,59,60,61,62,63,64,65,66,67,68,69,70,71,72,73,74,75,76,77,78,79,80,81,82,83,84,85,86,87,88,89,90,91,92,93,94,95,96,97,98,99 | LeAcc: 1.000
Our Recovered Num of Instances: 7,12,5,2,4,6,8,3,4,9,4,4,6,3,4,6,8,5,7,9,4,7,7,5,8,3,4,5,6,3,9,1,5,3,8,5,4,9,4,7,2,6,3,7,6,7,2,5,7,6,6,8,2,4,3,4,6,8,6,6,7,5,7,6,5,3,4,2,5,7,4,5,7,2,1,6,4,4,9,6,3,7,3,2,5,5,3,5,7,3,7,5,4,5,9,4,4,7,2,5 | LnAcc: 0.960 | IRec: 1.000
iDLG Recovered Labels: 0,1,2,5,6,9,12,15,16,18,19,20,21,22,24,28,30,34,37,39,41,43,44,45,48,51,56,57,58,59,60,61,62,69,72,75,78,79,81,84,85,88,90,91,94,97,99 | LeAcc: 0.470
GradInversion Recovered Labels: 0,1,2,3,4,5,6,7,8,9,10,11,12,13,14,15,16,17,18,19,20,21,22,23,24,25,26,27,28,29,30,31,32,33,34,35,36,37,38,39,40,41,43,44,45,46,47,48,49,50,51,52,53,54,55,56,57,58,59,60,61,62,63,64,65,66,67,68,69,70,71,72,73,75,76,77,78,79,80,81,82,83,84,85,86,87,88,89,90,91,92,93,94,95,96,97,98,99 | LeAcc: 0.980
SVD Recovered Labels: 3,22,55 | LeAcc: 0.030
Start Experiment 5
***************************************************************
Ground-truth Labels: 0,1,2,3,4,5,6,7,8,9,10,11,12,13,14,15,16,17,18,19,20,21,22,23,24,25,26,27,28,29,30,31,32,33,34,35,36,37,38,39,40,41,42,43,44,45,46,47,48,49,50,51,52,53,54,55,56,57,58,59,60,61,62,63,64,65,66,67,68,69,70,71,72,73,74,75,76,77,78,79,80,81,82,83,84,85,86,87,88,89,90,91,92,93,94,95,96,97,98,99
Ground-truth Num of Instances: 5,3,6,9,6,5,7,6,4,3,2,4,4,2,6,6,4,12,5,7,9,8,2,3,9,6,2,3,7,4,3,5,6,4,4,3,6,7,3,5,5,6,3,5,3,4,7,5,4,8,4,7,3,4,4,4,3,6,8,5,9,3,3,9,3,5,5,6,5,6,3,8,5,5,7,2,6,3,5,7,4,5,5,4,6,9,7,7,3,1,7,6,7,5,3,8,2,3,6,6
Our Recovered Labels: 0,1,2,3,4,5,6,7,8,9,10,11,12,13,14,15,16,17,18,19,20,21,22,23,24,25,26,27,28,29,30,31,32,33,34,35,36,37,38,39,40,41,42,43,44,45,46,47,48,49,50,51,52,53,54,55,56,57,58,59,60,61,62,63,64,65,66,67,68,69,70,71,72,73,74,75,76,77,78,79,80,81,82,83,84,85,86,87,88,89,90,91,92,93,94,95,96,97,98,99 | LeAcc: 1.000
Our Recovered Num of Instances: 5,3,6,9,6,5,7,6,4,3,2,4,5,2,6,6,9,12,5,7,9,8,2,3,9,7,2,3,7,4,3,5,6,4,4,3,6,7,3,5,5,6,3,5,3,4,7,5,4,8,4,7,3,4,4,4,3,6,8,5,9,3,3,9,3,5,5,6,5,6,3,8,5,5,7,2,6,3,5,7,4,5,5,4,6,9,7,7,3,1,7,6,8,5,3,8,2,3,6,6 | LnAcc: 0.960 | IRec: 1.000
iDLG Recovered Labels: 0,2,3,5,6,7,14,15,17,19,20,21,24,28,36,37,40,41,46,49,51,57,58,60,61,63,69,71,74,76,81,84,85,86,87,90,91,92,95,98,99 | LeAcc: 0.410
GradInversion Recovered Labels: 0,1,2,3,4,5,6,7,8,9,10,11,12,13,14,15,16,17,18,19,20,21,22,23,24,25,26,27,28,29,30,31,32,33,34,35,36,37,38,39,40,41,42,43,44,45,46,47,48,49,50,51,52,53,54,55,56,57,58,59,60,61,62,63,64,65,66,67,68,69,70,71,72,73,74,75,76,77,78,79,80,81,82,83,84,85,86,87,88,90,91,92,93,94,95,96,97,98,99 | LeAcc: 0.990
SVD Recovered Labels: 28,85 | LeAcc: 0.020
Start Experiment 6
***************************************************************
Ground-truth Labels: 0,1,2,3,4,5,6,7,8,9,10,11,12,13,14,15,16,17,18,19,20,21,22,23,24,25,26,27,28,29,30,31,32,33,34,35,36,37,38,39,40,41,42,43,44,45,46,47,48,49,50,51,52,53,54,55,56,57,58,59,60,61,62,63,64,65,66,67,68,69,70,71,72,73,74,75,76,77,78,79,80,81,82,83,84,85,86,87,88,89,90,91,92,93,94,95,96,97,98,99
Ground-truth Num of Instances: 11,3,9,9,6,5,4,7,4,1,5,7,5,8,9,10,2,6,3,4,1,4,5,3,5,8,8,5,7,8,4,5,5,7,3,5,4,4,7,3,3,5,2,5,4,7,7,4,7,4,10,4,6,4,6,6,3,4,3,4,5,3,3,7,4,6,2,5,3,9,5,1,5,5,4,5,7,4,8,4,7,1,4,4,4,7,6,4,9,6,2,2,6,9,5,5,5,6,2,6
Our Recovered Labels: 0,1,2,3,4,5,6,7,8,9,10,11,12,13,14,15,16,17,18,19,20,21,22,23,24,25,26,27,28,29,30,31,32,33,34,35,36,37,38,39,40,41,42,43,44,45,46,47,48,49,50,51,52,53,54,55,56,57,58,59,60,61,62,63,64,65,66,67,68,69,70,71,72,73,74,75,76,77,78,79,80,81,82,83,84,85,86,87,88,89,90,91,92,93,94,95,96,97,98,99 | LeAcc: 1.000
Our Recovered Num of Instances: 11,7,9,9,6,5,4,7,4,1,5,7,5,8,9,10,2,6,3,4,1,4,5,3,5,8,8,5,7,8,4,5,5,7,3,5,4,4,7,3,3,5,2,5,4,7,7,4,7,4,10,4,6,4,6,6,3,4,3,4,5,3,3,7,4,6,2,5,3,9,5,1,5,6,4,5,7,4,8,4,7,1,4,4,4,7,6,4,9,6,2,2,7,9,5,5,5,6,2,6 | LnAcc: 0.970 | IRec: 1.000
iDLG Recovered Labels: 0,2,3,4,5,7,11,12,13,14,15,17,24,25,26,28,29,38,41,45,46,48,50,51,52,54,55,57,63,69,70,72,75,76,78,80,85,86,88,89,92,93,94,97,99 | LeAcc: 0.450
GradInversion Recovered Labels: 0,1,2,3,4,5,6,7,8,9,10,11,12,13,14,15,16,17,18,19,20,21,22,23,24,25,26,27,28,29,30,31,32,33,34,35,36,37,38,39,40,41,43,44,45,46,47,48,49,50,51,52,53,54,55,56,57,58,59,60,61,62,63,64,65,67,68,69,70,71,72,73,74,75,76,77,78,79,80,81,82,83,84,85,86,87,88,89,90,91,92,93,94,95,96,97,98,99 | LeAcc: 0.980
SVD Recovered Labels: 14,40,50,61,95 | LeAcc: 0.050
Start Experiment 7
***************************************************************
Ground-truth Labels: 0,1,2,3,4,5,6,7,8,9,10,11,12,13,14,15,16,17,18,19,20,21,22,23,24,25,26,27,28,29,30,31,32,33,34,35,36,37,38,39,40,41,42,43,44,45,46,47,48,49,50,51,52,53,54,55,56,57,58,59,60,61,62,63,64,65,67,68,69,70,71,72,73,74,75,76,77,78,79,80,81,82,83,84,85,86,87,88,89,90,91,92,93,94,95,96,97,98,99
Ground-truth Num of Instances: 5,5,3,8,2,3,8,6,7,3,11,5,3,5,6,5,3,7,5,2,9,2,2,1,2,5,8,6,5,3,3,6,6,4,5,4,3,4,3,2,4,7,4,5,8,5,5,7,9,3,4,8,6,8,5,6,6,8,9,5,1,4,5,6,5,3,7,7,8,4,3,3,6,7,3,4,4,2,10,4,4,11,6,1,9,5,8,4,4,7,5,4,4,5,7,7,4,4,10
Our Recovered Labels: 0,1,2,3,4,5,6,7,8,9,10,11,12,13,14,15,16,17,18,19,20,21,22,23,24,25,26,27,28,29,30,31,32,33,34,35,36,37,38,39,40,41,42,43,44,45,46,47,48,49,50,51,52,53,54,55,56,57,58,59,60,61,62,63,64,65,67,68,69,70,71,72,73,74,75,76,77,78,79,80,81,82,83,84,85,86,87,88,89,90,91,92,93,94,95,96,97,98,99 | LeAcc: 1.000
Our Recovered Num of Instances: 5,6,3,8,2,3,8,6,7,3,11,5,6,5,6,5,3,7,5,2,9,2,2,1,2,6,8,6,5,3,3,6,6,5,5,4,3,4,3,2,4,7,4,5,8,5,5,7,9,3,4,8,6,8,5,6,6,8,9,5,1,4,5,6,5,3,7,7,8,4,3,3,7,7,3,4,4,2,10,4,4,11,6,1,9,5,8,4,4,7,5,7,4,5,7,7,4,4,10 | LnAcc: 0.940 | IRec: 1.000
iDLG Recovered Labels: 0,3,6,7,8,10,11,13,14,15,17,20,26,28,31,32,34,41,44,47,48,51,52,53,54,55,56,57,58,59,64,68,69,74,79,82,83,85,86,87,90,91,92,94,95,96,99 | LeAcc: 0.480
GradInversion Recovered Labels: 0,1,2,3,4,5,6,7,8,9,10,11,12,13,14,15,16,17,18,19,20,21,22,24,25,26,27,28,29,30,31,32,33,34,35,36,37,38,39,40,41,42,43,44,45,46,47,48,49,50,51,52,53,54,55,56,57,58,59,60,61,62,63,64,65,67,68,69,70,71,72,73,74,75,76,77,78,79,80,81,82,83,84,85,86,87,88,89,90,91,92,93,94,95,96,97,98,99 | LeAcc: 0.990
SVD Recovered Labels:  | LeAcc: 0.010
Start Experiment 8
***************************************************************
Ground-truth Labels: 0,1,2,3,4,5,6,7,8,9,10,11,12,13,14,15,16,17,18,19,20,21,22,23,24,25,26,27,28,29,30,31,32,33,34,35,36,37,38,39,40,41,42,43,44,45,46,47,48,49,50,51,52,53,54,55,56,57,58,60,61,62,63,64,65,66,67,68,69,70,71,72,73,74,75,76,77,78,79,80,81,82,83,84,85,86,87,88,89,90,91,92,93,94,95,96,97,98,99
Ground-truth Num of Instances: 5,4,14,5,3,5,4,6,2,2,4,8,3,7,3,1,3,1,7,9,6,9,6,10,8,4,4,3,6,6,5,6,7,2,3,4,7,6,8,4,6,7,5,8,3,5,6,5,3,5,2,10,4,6,3,2,2,6,5,1,2,5,5,4,7,5,6,2,4,7,4,3,4,4,8,4,8,5,9,7,6,6,5,7,7,5,6,8,5,7,7,7,5,5,5,3,5,2,4
Our Recovered Labels: 0,1,2,3,4,5,6,7,8,9,10,11,12,13,14,15,16,17,18,19,20,21,22,23,24,25,26,27,28,29,30,31,32,33,34,35,36,37,38,39,40,41,42,43,44,45,46,47,48,49,50,51,52,53,54,55,56,57,58,60,61,62,63,64,65,66,67,68,69,70,71,72,73,74,75,76,77,78,79,80,81,82,83,84,85,86,87,88,89,90,91,92,93,94,95,96,97,98,99 | LeAcc: 1.000
Our Recovered Num of Instances: 5,4,14,5,3,5,4,6,2,2,4,8,5,7,3,1,3,2,7,9,6,9,6,10,8,4,4,3,6,6,5,6,7,2,3,4,7,6,8,4,6,7,5,8,3,5,6,5,3,5,2,10,4,6,3,2,2,6,5,1,2,5,5,4,7,5,6,2,4,7,4,3,4,4,8,4,8,5,11,7,6,6,5,7,7,5,6,8,5,7,7,7,5,5,5,3,5,2,4 | LnAcc: 0.970 | IRec: 1.000
iDLG Recovered Labels: 2,3,5,7,11,13,18,19,20,21,22,23,24,26,28,29,32,36,37,38,39,40,41,43,46,51,53,57,58,65,70,75,77,79,80,81,82,83,84,85,86,88,90,91,92,94,95,97,99 | LeAcc: 0.500
GradInversion Recovered Labels: 0,1,2,3,4,5,6,7,9,10,11,12,13,14,15,16,17,18,19,20,21,22,23,24,25,26,27,28,29,30,31,32,33,34,35,36,37,38,39,40,41,42,43,44,45,46,47,48,49,50,51,52,53,54,55,56,57,58,61,62,63,64,65,66,67,68,69,70,71,72,73,74,75,76,77,78,79,80,81,82,83,84,85,86,87,88,89,90,91,92,93,94,95,96,97,98,99 | LeAcc: 0.980
SVD Recovered Labels: 2,12,30,99 | LeAcc: 0.050
Start Experiment 9
***************************************************************
Ground-truth Labels: 0,1,2,3,4,5,6,7,8,9,10,11,12,13,14,15,16,17,18,19,20,21,22,23,24,25,26,27,28,29,30,31,32,33,34,35,36,37,38,39,40,41,42,43,44,45,46,47,48,49,50,51,52,53,54,55,56,57,58,59,60,61,62,63,64,65,66,67,68,69,70,71,72,73,74,75,76,77,78,79,80,81,82,83,84,85,86,87,88,89,90,91,92,93,94,95,96,97,98,99
Ground-truth Num of Instances: 1,6,6,3,4,5,5,3,6,4,5,3,5,6,3,4,5,7,4,2,3,9,4,7,3,4,10,4,7,6,6,4,7,4,6,2,4,7,5,4,8,6,4,1,4,6,8,3,5,9,4,4,4,4,3,8,5,7,6,6,8,4,5,4,8,2,4,5,3,2,3,6,7,6,7,9,8,4,5,4,5,6,6,9,3,4,13,3,3,6,3,3,8,4,8,5,7,5,4,5
Our Recovered Labels: 0,1,2,3,4,5,6,7,8,9,10,11,12,13,14,15,16,17,18,19,20,21,22,23,24,25,26,27,28,29,30,31,32,33,34,35,36,37,38,39,40,41,42,43,44,45,46,47,48,49,50,51,52,53,54,55,56,57,58,59,60,61,62,63,64,65,66,67,68,69,70,71,72,73,74,75,76,77,78,79,80,81,82,83,84,85,86,87,88,89,90,91,92,93,94,95,96,97,98,99 | LeAcc: 1.000
Our Recovered Num of Instances: 1,6,6,3,4,5,5,3,6,4,5,3,5,6,3,4,5,7,4,2,3,9,4,7,3,4,10,4,7,6,6,4,7,4,6,2,4,7,5,4,8,6,4,1,4,6,8,3,5,9,4,4,4,4,3,8,5,7,6,6,8,4,5,4,8,2,4,5,3,2,3,6,7,6,7,9,8,4,5,4,5,6,6,9,3,4,13,3,3,6,3,3,8,4,9,5,7,5,4,5 | LnAcc: 0.990 | IRec: 1.000
iDLG Recovered Labels: 2,5,6,8,13,16,17,21,23,26,28,29,32,34,36,37,40,41,45,46,49,55,57,58,59,60,61,64,72,75,76,81,82,83,85,86,89,92,94,95,96,99 | LeAcc: 0.420
GradInversion Recovered Labels: 0,1,2,3,4,5,6,7,8,9,10,11,12,13,14,15,16,17,18,19,20,21,22,23,24,25,26,27,28,29,30,31,32,33,34,36,37,38,39,40,41,42,43,44,45,46,47,48,49,50,51,52,53,54,55,56,57,58,59,60,61,62,63,64,65,66,67,68,69,70,71,72,73,74,75,76,77,78,79,80,81,82,83,84,85,86,87,88,89,90,91,92,93,94,95,96,97,98,99 | LeAcc: 0.990
SVD Recovered Labels: 12,32,37,73 | LeAcc: 0.040
Start Experiment 10
***************************************************************
Ground-truth Labels: 0,1,2,3,4,5,6,7,8,9,10,11,12,13,14,15,16,17,18,19,21,22,23,24,25,26,27,28,29,30,31,32,33,34,35,36,37,38,39,40,41,42,43,44,45,47,48,49,50,51,52,53,54,55,56,57,58,59,60,61,62,63,64,65,66,67,68,69,70,71,72,73,74,75,76,77,78,79,80,81,82,83,84,85,86,87,88,89,90,91,92,93,94,95,96,97,98,99
Ground-truth Num of Instances: 4,3,3,4,4,8,4,5,5,3,6,5,9,7,8,3,3,7,5,8,5,5,4,7,4,4,7,4,7,3,7,7,2,5,1,7,2,5,6,9,5,3,10,1,8,9,11,8,4,4,7,3,4,4,7,7,6,4,5,5,3,10,5,5,2,2,5,3,8,7,10,10,7,3,3,1,4,3,4,5,6,8,8,7,3,3,7,8,6,3,2,3,2,7,5,2,7,5
Our Recovered Labels: 0,1,2,3,4,5,6,7,8,9,10,11,12,13,14,15,16,17,18,19,21,22,23,24,25,26,27,28,29,30,31,32,33,34,35,36,37,38,39,40,41,42,43,44,45,47,48,49,50,51,52,53,54,55,56,57,58,59,60,61,62,63,64,65,66,67,68,69,70,71,72,73,74,75,76,77,78,79,80,81,82,83,84,85,86,87,88,89,90,91,92,93,94,95,96,97,98,99 | LeAcc: 1.000
Our Recovered Num of Instances: 4,6,3,4,4,8,4,5,5,3,6,5,9,7,8,3,3,7,5,8,5,5,4,7,4,4,8,4,7,3,7,7,2,5,6,7,2,5,6,9,5,3,10,1,8,9,11,8,4,4,7,3,4,4,7,7,6,4,5,5,3,10,5,5,2,3,5,3,8,7,10,10,7,3,3,1,4,3,4,5,6,8,8,7,5,3,7,8,6,3,5,3,2,7,5,2,7,5 | LnAcc: 0.940 | IRec: 1.000
iDLG Recovered Labels: 5,7,8,11,12,13,14,17,19,21,22,24,29,31,32,36,39,40,41,43,45,47,48,49,52,56,57,58,63,70,71,72,73,74,83,84,85,88,89,90,95,98 | LeAcc: 0.440
GradInversion Recovered Labels: 0,1,2,3,4,5,6,7,8,9,10,11,12,13,14,15,16,17,18,19,21,22,23,24,25,26,27,28,29,30,31,32,34,35,36,37,38,39,40,41,42,43,45,47,48,49,50,51,52,53,54,55,56,57,58,59,60,61,62,63,64,65,66,67,68,69,70,71,72,73,74,75,76,77,78,80,81,82,83,84,85,86,87,88,89,90,91,92,93,94,95,96,97,98,99 | LeAcc: 0.970
SVD Recovered Labels: 13 | LeAcc: 0.030
Start Experiment 11
***************************************************************
Ground-truth Labels: 0,1,2,3,4,5,6,7,8,9,10,11,12,13,14,15,16,17,18,19,20,21,22,23,24,25,26,27,28,29,30,31,32,33,34,35,36,37,38,39,40,41,42,43,44,45,46,47,48,49,50,51,52,53,54,55,56,57,58,59,60,61,62,63,64,65,66,67,68,69,70,71,72,73,74,75,76,77,78,79,80,81,82,83,84,85,86,87,88,89,90,91,92,93,94,95,96,97,98,99
Ground-truth Num of Instances: 8,2,5,4,7,3,7,4,6,3,4,8,7,1,1,7,6,8,7,4,3,4,3,6,2,7,7,6,10,5,4,4,4,7,3,6,7,6,3,5,7,2,4,5,2,7,5,8,6,6,3,4,8,8,4,6,4,3,6,4,5,3,4,3,4,5,6,8,4,11,4,8,2,5,2,7,5,7,4,7,5,5,4,7,7,8,7,3,4,5,12,4,6,1,5,3,6,2,7,1
Our Recovered Labels: 0,1,2,3,4,5,6,7,8,9,10,11,12,13,14,15,16,17,18,19,20,21,22,23,24,25,26,27,28,29,30,31,32,33,34,35,36,37,38,39,40,41,42,43,44,45,46,47,48,49,50,51,52,53,54,55,56,57,58,59,60,61,62,63,64,65,66,67,68,69,70,71,72,73,74,75,76,77,78,79,80,81,82,83,84,85,86,87,88,89,90,91,92,93,94,95,96,97,98,99 | LeAcc: 1.000
Our Recovered Num of Instances: 8,7,5,4,7,3,7,4,6,3,4,8,8,1,1,7,6,8,7,4,3,4,3,6,2,7,7,6,10,5,4,4,4,7,3,6,7,6,3,5,7,2,4,5,2,7,5,8,6,6,3,4,8,8,4,6,4,3,6,4,5,3,4,3,4,5,6,8,4,11,4,8,2,5,2,7,5,7,4,8,5,5,4,7,7,8,7,3,4,5,12,4,6,1,5,3,6,2,7,1 | LnAcc: 0.970 | IRec: 1.000
iDLG Recovered Labels: 0,4,6,7,11,12,15,16,17,23,25,26,28,29,35,36,37,39,40,45,47,48,49,52,53,55,58,67,69,71,75,77,83,84,85,86,89,90,92,94,98 | LeAcc: 0.410
GradInversion Recovered Labels: 0,1,2,3,4,5,6,7,8,9,10,11,12,13,15,16,17,18,19,20,21,22,23,24,25,26,27,28,29,30,31,32,33,34,35,36,37,38,39,40,41,42,43,44,45,46,47,48,49,50,51,52,53,54,55,56,57,58,59,60,61,62,63,64,65,66,67,68,69,70,71,72,73,74,75,76,77,78,79,80,81,82,83,84,85,86,87,88,89,90,91,92,94,95,96,97,98,99 | LeAcc: 0.980
SVD Recovered Labels: 32,66,69 | LeAcc: 0.030
Start Experiment 12
***************************************************************
Ground-truth Labels: 0,1,2,3,4,5,6,7,8,9,10,11,12,13,14,15,16,17,18,19,20,21,22,23,24,25,26,27,28,29,30,31,32,33,34,35,36,37,38,39,40,41,42,43,44,45,46,47,48,49,50,51,52,53,54,55,56,57,58,59,60,61,62,63,64,65,66,67,68,69,70,71,72,73,74,75,76,77,78,79,80,81,82,83,84,85,86,87,88,89,90,91,92,93,94,95,96,97,98,99
Ground-truth Num of Instances: 2,5,3,5,10,12,4,4,4,1,7,3,4,4,2,2,4,5,6,4,7,1,6,4,4,9,1,6,1,6,6,3,7,6,6,3,2,9,5,7,4,9,10,8,6,2,6,3,3,3,4,5,4,7,8,5,7,3,7,2,6,2,10,1,7,7,7,4,3,3,3,6,7,6,10,4,7,6,9,3,6,2,5,6,8,5,5,7,7,2,4,3,5,4,6,7,6,3,6,8
Our Recovered Labels: 0,1,2,3,4,5,6,7,8,9,10,11,12,13,14,15,16,17,18,19,20,21,22,23,24,25,26,27,28,29,30,31,32,33,34,35,36,37,38,39,40,41,42,43,44,45,46,47,48,49,50,51,52,53,54,55,56,57,58,59,60,61,62,63,64,65,66,67,68,69,70,71,72,73,74,75,76,77,78,79,80,81,82,83,84,85,86,87,88,89,90,91,92,93,94,95,96,97,98,99 | LeAcc: 1.000
Our Recovered Num of Instances: 2,5,3,5,10,12,4,4,4,1,7,3,8,4,2,2,4,5,6,4,7,1,6,4,4,9,1,6,1,6,6,3,7,6,6,3,2,9,5,7,4,9,10,8,6,2,6,3,3,3,4,5,4,7,8,5,7,3,7,2,6,2,10,1,7,7,7,4,3,3,3,6,7,6,10,4,7,6,9,3,6,2,5,6,8,5,5,7,7,2,4,3,5,4,6,7,6,3,6,8 | LnAcc: 0.990 | IRec: 1.000
iDLG Recovered Labels: 3,4,5,7,19,20,22,24,25,29,32,34,37,39,41,42,43,44,46,51,53,54,55,56,58,62,64,65,66,71,72,74,76,77,78,80,83,84,85,86,87,88,92,94,95,96,98,99 | LeAcc: 0.480
GradInversion Recovered Labels: 0,1,2,3,4,5,6,7,8,9,10,11,12,13,14,15,16,17,18,19,20,22,23,24,25,27,28,29,30,31,32,33,34,35,36,37,38,39,40,41,42,43,44,45,46,47,48,49,50,51,52,53,54,55,56,57,58,59,60,61,62,63,64,65,66,67,68,69,70,71,72,73,74,75,76,77,78,79,80,81,82,83,84,85,86,87,88,89,90,91,92,93,94,95,96,97,98,99 | LeAcc: 0.980
SVD Recovered Labels: 10,45,67 | LeAcc: 0.030
Start Experiment 13
***************************************************************
Ground-truth Labels: 0,1,2,3,4,5,6,7,8,9,10,11,12,13,14,15,16,17,18,19,20,21,22,23,24,25,26,27,28,29,30,31,32,33,34,35,36,37,38,39,40,41,42,43,44,45,46,47,48,49,50,51,52,53,54,55,56,57,58,59,60,61,62,63,64,65,66,67,68,69,70,71,72,73,74,75,76,77,78,79,80,81,82,83,84,85,86,87,88,89,90,91,92,93,94,95,96,97,98,99
Ground-truth Num of Instances: 7,3,5,4,5,5,1,3,7,2,8,2,11,6,10,5,4,5,5,4,3,9,2,9,9,5,8,6,4,5,7,3,7,4,5,6,4,3,4,4,5,9,8,4,5,1,7,7,2,4,8,6,4,6,4,2,4,8,2,6,1,6,8,2,5,7,4,4,5,9,4,7,5,8,2,2,3,9,5,9,4,3,3,4,2,4,5,7,5,8,2,5,2,8,5,5,3,5,4,12
Our Recovered Labels: 0,1,2,3,4,5,6,7,8,9,10,11,12,13,14,15,16,17,18,19,20,21,22,23,24,25,26,27,28,29,30,31,32,33,34,35,36,37,38,39,40,41,42,43,44,45,46,47,48,49,50,51,52,53,54,55,56,57,58,59,60,61,62,63,64,65,66,67,68,69,70,71,72,73,74,75,76,77,78,79,80,81,82,83,84,85,86,87,88,89,90,91,92,93,94,95,96,97,98,99 | LeAcc: 1.000
Our Recovered Num of Instances: 7,3,5,4,5,5,1,3,7,2,8,2,12,6,10,5,4,5,5,4,3,9,2,9,9,5,8,6,4,5,7,3,7,4,5,6,4,3,4,4,5,9,8,4,5,1,7,7,2,4,8,6,4,6,4,2,4,8,2,6,1,6,8,2,5,7,4,5,5,9,4,7,5,8,3,2,3,9,5,10,4,3,3,4,2,4,5,9,5,8,2,5,7,8,5,5,3,5,4,12 | LnAcc: 0.940 | IRec: 1.000
iDLG Recovered Labels: 0,2,5,8,10,12,13,14,15,17,21,23,24,26,28,29,32,35,40,41,42,46,47,50,51,53,57,59,61,62,65,69,71,73,77,78,79,86,87,89,91,94,95,99 | LeAcc: 0.440
GradInversion Recovered Labels: 0,1,2,3,4,5,6,7,8,9,10,11,12,13,14,15,16,17,18,19,20,21,22,23,24,25,26,27,28,29,30,31,32,33,34,35,36,37,38,39,40,41,42,43,44,45,46,47,48,49,50,51,52,53,54,55,56,57,58,59,60,61,62,63,64,65,66,67,68,69,70,71,72,73,74,75,76,77,78,79,80,81,82,83,84,85,86,87,88,89,90,91,92,93,94,95,96,97,98,99 | LeAcc: 1.000
SVD Recovered Labels: 12,21 | LeAcc: 0.020
Start Experiment 14
***************************************************************
Ground-truth Labels: 1,2,3,4,5,6,7,8,9,10,11,12,13,14,15,16,17,18,19,20,21,22,23,24,25,26,27,28,29,30,31,32,33,34,35,36,37,38,39,40,41,42,43,44,45,46,47,48,49,50,51,52,53,54,55,56,57,58,59,60,61,62,63,65,66,67,68,69,70,71,72,73,74,75,76,77,78,79,80,81,82,83,84,85,86,87,88,89,90,91,92,93,94,95,96,97,98,99
Ground-truth Num of Instances: 6,9,4,2,7,5,5,4,7,2,9,6,6,2,5,5,6,4,3,4,3,8,6,4,5,5,2,10,7,5,2,7,3,8,4,6,7,4,2,3,8,3,6,7,3,5,6,3,5,5,3,4,6,5,3,3,5,7,4,5,8,3,5,7,4,11,7,2,5,5,9,6,5,3,5,2,7,5,6,9,5,8,5,9,4,7,2,5,5,7,6,11,6,5,5,3,4,3
Our Recovered Labels: 1,2,3,4,5,6,7,8,9,10,11,12,13,14,15,16,17,18,19,20,21,22,23,24,25,26,27,28,29,30,31,32,33,34,35,36,37,38,39,40,41,42,43,44,45,46,47,48,49,50,51,52,53,54,55,56,57,58,59,60,61,62,63,65,66,67,68,69,70,71,72,73,74,75,76,77,78,79,80,81,82,83,84,85,86,87,88,89,90,91,92,93,94,95,96,97,98,99 | LeAcc: 1.000
Our Recovered Num of Instances: 7,9,4,2,7,5,5,4,7,2,9,6,6,2,5,5,6,4,3,4,3,8,6,4,5,5,2,10,7,5,2,7,3,8,4,6,8,4,2,3,8,3,6,7,3,5,6,3,5,5,3,4,6,5,3,3,5,7,4,5,8,3,5,7,4,11,7,2,5,5,9,6,5,3,5,2,13,5,6,9,5,8,5,9,4,7,2,5,5,7,7,11,7,5,5,3,4,3 | LnAcc: 0.950 | IRec: 1.000
iDLG Recovered Labels: 1,2,3,5,6,7,8,9,11,12,13,15,16,17,20,22,23,24,26,28,29,32,34,36,37,41,44,47,53,54,58,59,61,67,68,70,72,78,80,81,83,85,86,87,89,91,92,93,94,95 | LeAcc: 0.520
GradInversion Recovered Labels: 1,2,3,4,5,6,7,8,9,10,11,12,13,14,15,16,17,18,19,20,21,22,23,24,25,26,27,28,29,30,31,32,33,34,35,36,37,38,39,40,41,42,43,44,45,46,47,48,49,50,51,52,53,54,55,56,57,58,59,60,61,62,63,65,66,67,68,69,70,71,72,73,74,75,76,77,78,79,80,81,82,83,84,85,86,87,88,89,90,91,92,93,94,95,96,97,98,99 | LeAcc: 1.000
SVD Recovered Labels: 36,65,72 | LeAcc: 0.050
Start Experiment 15
***************************************************************
Ground-truth Labels: 0,1,2,3,4,5,6,7,8,9,10,11,12,13,14,15,16,17,18,19,20,21,22,23,24,25,26,27,28,29,30,31,32,33,34,35,36,37,38,39,40,41,42,43,44,45,46,47,48,49,50,51,52,53,54,55,56,57,58,59,60,61,62,63,64,65,66,67,68,69,71,72,73,74,75,76,77,78,79,80,81,82,83,84,85,86,87,88,89,90,91,92,93,94,95,96,97,98,99
Ground-truth Num of Instances: 6,4,10,8,6,2,5,5,5,9,6,13,3,2,3,7,6,2,5,4,7,7,4,8,3,5,1,7,5,5,2,5,4,8,5,7,3,5,11,4,6,3,6,6,9,4,7,3,7,3,4,4,5,7,5,3,8,7,6,3,2,4,2,5,8,7,6,4,2,6,2,5,3,5,6,8,7,3,2,3,6,1,7,6,8,7,3,1,2,6,4,8,5,5,6,7,1,10,6
Our Recovered Labels: 0,1,2,3,4,5,6,7,8,9,10,11,12,13,14,15,16,17,18,19,20,21,22,23,24,25,26,27,28,29,30,31,32,33,34,35,36,37,38,39,40,41,42,43,44,45,46,47,48,49,50,51,52,53,54,55,56,57,58,59,60,61,62,63,64,65,66,67,68,69,71,72,73,74,75,76,77,78,79,80,81,82,83,84,85,86,87,88,89,90,91,92,93,94,95,96,97,98,99 | LeAcc: 1.000
Our Recovered Num of Instances: 6,4,10,8,6,2,10,5,5,9,6,13,3,2,3,7,6,2,5,4,7,7,4,8,3,5,1,7,5,5,2,5,4,8,5,7,3,5,11,4,6,3,6,6,9,4,7,3,7,3,4,4,5,7,5,3,8,7,6,3,2,4,2,5,8,7,6,4,2,6,2,5,3,5,6,8,7,4,2,3,6,1,7,6,8,7,3,1,2,6,4,9,5,6,6,7,1,10,6 | LnAcc: 0.960 | IRec: 1.000
iDLG Recovered Labels: 0,2,3,6,7,9,11,15,16,20,21,22,23,28,31,33,35,37,38,44,46,48,52,53,54,56,57,58,64,65,69,74,75,76,77,81,83,84,85,86,90,91,92,94,95,96,98,99 | LeAcc: 0.490
GradInversion Recovered Labels: 0,1,2,3,4,5,6,7,8,9,10,11,12,13,14,15,16,17,18,19,20,21,22,23,24,25,26,27,28,29,30,31,32,33,34,35,36,37,38,39,40,41,42,43,44,45,46,47,48,49,50,51,52,53,54,55,56,57,58,59,60,61,63,64,65,66,67,68,69,71,72,73,74,75,76,77,78,80,81,82,83,84,85,86,87,88,89,90,91,92,93,94,95,96,97,98,99 | LeAcc: 0.980
SVD Recovered Labels: 20,21,28,64,95 | LeAcc: 0.060
Start Experiment 16
***************************************************************
Ground-truth Labels: 0,1,2,3,4,5,6,7,8,9,10,11,12,13,14,15,16,17,18,19,20,21,22,23,24,25,26,27,28,29,30,31,32,33,34,35,36,37,38,39,40,41,42,43,44,45,46,47,48,49,50,51,52,53,54,55,56,57,58,59,60,61,62,63,64,65,66,67,68,69,70,71,72,73,74,75,76,77,78,79,80,81,82,83,84,85,86,87,88,89,90,91,92,93,94,95,96,97,98,99
Ground-truth Num of Instances: 9,6,6,7,3,8,7,5,9,3,9,9,8,3,6,2,5,5,5,6,6,4,5,5,4,6,8,3,5,7,8,2,3,3,3,2,5,3,5,3,9,5,4,7,7,4,5,1,7,2,6,3,7,2,3,7,8,4,4,7,7,4,5,5,1,5,9,3,4,10,5,7,6,6,10,2,6,1,6,4,4,4,5,4,3,5,5,6,4,7,4,7,1,1,4,6,6,4,5,8
Our Recovered Labels: 0,1,2,3,4,5,6,7,8,9,10,11,12,13,14,15,16,17,18,19,20,21,22,23,24,25,26,27,28,29,30,31,32,33,34,35,36,37,38,39,40,41,42,43,44,45,46,47,48,49,50,51,52,53,54,55,56,57,58,59,60,61,62,63,64,65,66,67,68,69,70,71,72,73,74,75,76,77,78,79,80,81,82,83,84,85,86,87,88,89,90,91,92,93,94,95,96,97,98,99 | LeAcc: 1.000
Our Recovered Num of Instances: 9,8,6,7,3,8,7,6,9,3,9,9,9,3,6,2,5,5,5,6,6,4,5,5,4,6,8,3,5,7,8,2,3,3,3,2,5,3,5,3,9,5,4,7,7,4,5,1,7,2,6,3,7,2,3,7,8,4,4,7,7,4,5,5,1,5,9,3,4,10,5,7,6,9,10,2,6,1,6,5,4,4,5,4,3,5,5,8,4,7,4,7,2,1,5,6,6,4,5,8 | LnAcc: 0.920 | IRec: 1.000
iDLG Recovered Labels: 0,2,3,5,6,7,8,10,11,12,14,16,17,19,20,22,24,26,29,30,36,38,40,41,44,46,48,50,52,55,56,59,61,62,66,69,73,74,76,83,85,86,89,91,95,98,99 | LeAcc: 0.470
GradInversion Recovered Labels: 0,1,2,3,4,5,6,7,8,9,10,11,12,13,14,15,16,17,18,19,20,21,22,23,24,25,26,27,28,29,30,31,32,33,34,35,36,37,38,39,40,41,42,43,44,45,46,47,48,49,50,51,52,53,54,55,56,57,58,59,60,61,62,63,65,66,67,68,69,70,71,72,73,74,75,76,77,78,79,80,81,82,83,84,85,86,87,88,89,90,91,92,93,94,95,96,97,98,99 | LeAcc: 0.990
SVD Recovered Labels: 44,82 | LeAcc: 0.020
Start Experiment 17
***************************************************************
Ground-truth Labels: 0,1,2,3,4,5,6,7,8,9,10,11,12,13,14,15,16,17,18,19,20,21,22,23,24,25,26,27,28,29,30,31,32,33,34,35,36,37,38,39,40,41,42,43,44,45,46,47,48,49,50,51,52,53,54,55,56,57,58,59,60,61,62,63,64,65,66,67,68,69,70,71,72,73,74,75,76,77,78,79,80,81,82,83,84,85,86,87,88,89,90,91,92,93,94,95,96,97,98,99
Ground-truth Num of Instances: 7,4,5,4,3,4,1,7,6,10,6,5,4,4,3,6,3,5,12,7,5,7,5,5,4,4,2,8,6,8,10,8,2,3,8,3,9,6,5,5,2,8,5,6,7,3,3,7,4,6,6,4,9,5,5,6,2,6,5,6,2,5,3,3,4,5,3,4,7,2,5,5,3,4,2,6,10,5,12,1,6,9,4,4,5,7,5,3,3,6,5,6,3,2,3,4,6,5,6,5
Our Recovered Labels: 0,1,2,3,4,5,6,7,8,9,10,11,12,13,14,15,16,17,18,19,20,21,22,23,24,25,26,27,28,29,30,31,32,33,34,35,36,37,38,39,40,41,42,43,44,45,46,47,48,49,50,51,52,53,54,55,56,57,58,59,60,61,62,63,64,65,66,67,68,69,70,71,72,73,74,75,76,77,78,79,80,81,82,83,84,85,86,87,88,89,90,91,92,93,94,95,96,97,98,99 | LeAcc: 1.000
Our Recovered Num of Instances: 7,5,5,4,3,4,1,7,6,10,6,6,6,4,3,6,3,5,12,7,5,7,5,5,4,4,2,8,6,8,10,8,2,3,8,3,9,6,5,5,2,8,5,6,7,3,3,7,4,6,6,4,9,5,5,6,2,6,5,6,2,5,3,3,4,5,3,4,7,2,5,5,3,6,2,6,10,5,17,2,6,9,4,4,5,7,5,3,3,6,5,6,4,2,3,4,6,5,6,5 | LnAcc: 0.930 | IRec: 1.000
iDLG Recovered Labels: 0,7,8,9,10,11,15,17,18,19,20,21,24,27,28,29,30,31,34,36,37,38,39,41,44,47,49,51,52,53,55,57,58,59,61,65,68,75,76,77,78,81,85,86,89,91,96,98 | LeAcc: 0.480
GradInversion Recovered Labels: 0,1,2,3,4,5,6,7,8,9,10,11,12,13,14,15,16,17,18,19,20,21,22,23,24,25,26,27,28,29,30,31,32,33,34,35,36,37,38,39,40,41,42,43,44,45,46,47,48,49,50,51,52,53,54,55,56,57,58,59,60,61,62,63,64,65,66,67,68,69,70,71,72,73,74,75,76,77,78,79,80,81,82,83,84,85,86,87,88,89,90,91,92,93,94,95,96,97,98,99 | LeAcc: 1.000
SVD Recovered Labels: 11,13,18,43,49 | LeAcc: 0.050
Start Experiment 18
***************************************************************
Ground-truth Labels: 0,1,2,3,4,5,6,7,8,9,10,11,12,13,14,15,16,17,18,19,20,21,22,23,24,25,26,27,28,29,30,31,32,33,34,35,36,37,38,39,40,41,42,43,44,45,46,47,48,49,50,51,52,53,54,55,56,57,58,59,60,61,62,63,64,65,66,67,68,69,70,71,72,73,74,75,76,77,78,79,80,81,82,83,84,85,86,87,88,89,90,91,92,93,94,95,96,97,98,99
Ground-truth Num of Instances: 3,3,3,6,2,6,4,4,9,5,5,4,2,9,3,6,5,4,6,4,6,4,2,10,4,3,6,7,4,7,5,4,5,3,7,6,5,2,7,7,8,3,3,10,4,5,6,8,2,5,7,3,4,3,8,2,7,9,6,8,4,3,3,3,6,5,6,4,8,5,4,3,2,3,1,3,2,4,11,5,8,11,3,8,8,11,6,4,4,5,8,7,2,4,3,6,5,4,8,4
Our Recovered Labels: 0,1,2,3,4,5,6,7,8,9,10,11,12,13,14,15,16,17,18,19,20,21,22,23,24,25,26,27,28,29,30,31,32,33,34,35,36,37,38,39,40,41,42,43,44,45,46,47,48,49,50,51,52,53,54,55,56,57,58,59,60,61,62,63,64,65,66,67,68,69,70,71,72,73,74,75,76,77,78,79,80,81,82,83,84,85,86,87,88,89,90,91,92,93,94,95,96,97,98,99 | LeAcc: 1.000
Our Recovered Num of Instances: 3,3,3,6,2,6,4,4,9,5,5,4,4,9,3,6,5,4,6,4,6,4,2,10,4,3,6,7,4,7,5,4,5,3,7,6,5,2,7,7,8,3,3,10,4,5,6,8,2,5,7,3,4,3,8,2,7,9,6,8,4,3,3,3,6,5,6,4,8,5,4,3,2,3,1,3,2,4,11,6,8,11,3,8,8,11,6,5,4,5,8,7,2,4,3,6,5,4,8,4 | LnAcc: 0.970 | IRec: 1.000
iDLG Recovered Labels: 3,5,7,8,9,13,15,16,20,23,24,26,27,29,34,35,36,38,39,40,41,43,46,47,50,54,56,57,58,59,66,68,69,78,80,81,83,84,85,86,90,91,95,98 | LeAcc: 0.440
GradInversion Recovered Labels: 0,1,2,3,4,5,6,7,8,9,10,11,12,13,14,15,16,17,18,19,20,21,22,23,24,25,26,27,28,29,30,31,32,33,34,35,36,37,38,39,40,41,42,43,44,45,46,47,48,49,50,51,52,53,54,55,56,57,58,59,60,61,62,63,64,65,66,67,68,69,70,71,72,73,74,75,76,77,78,79,80,81,82,83,84,85,86,87,88,89,90,91,92,93,94,95,96,97,98,99 | LeAcc: 1.000
SVD Recovered Labels: 19,67 | LeAcc: 0.020
Start Experiment 19
***************************************************************
Ground-truth Labels: 0,1,2,3,4,5,6,7,8,9,10,11,12,13,14,15,16,17,18,19,20,21,22,23,24,25,26,27,28,29,30,31,32,33,34,35,36,37,38,39,40,41,42,43,44,45,46,47,48,49,50,51,52,53,54,55,56,57,58,59,60,61,62,63,64,65,66,67,68,69,70,71,72,73,74,75,76,77,78,79,80,81,82,83,84,85,86,87,88,89,90,92,93,94,95,96,97,98,99
Ground-truth Num of Instances: 5,4,8,5,5,2,4,3,4,5,8,2,4,1,7,8,6,3,2,7,3,7,3,8,5,5,4,6,7,9,1,8,6,3,6,5,6,4,5,3,8,8,4,8,1,3,2,4,2,3,7,4,4,5,6,6,5,3,4,5,4,7,4,2,8,7,7,3,6,5,4,7,9,6,3,3,3,9,4,3,7,5,2,8,7,6,8,4,10,8,7,11,7,3,5,7,1,4,9
Our Recovered Labels: 0,1,2,3,4,5,6,7,8,9,10,11,12,13,14,15,16,17,18,19,20,21,22,23,24,25,26,27,28,29,30,31,32,33,34,35,36,37,38,39,40,41,42,43,44,45,46,47,48,49,50,51,52,53,54,55,56,57,58,59,60,61,62,63,64,65,66,67,68,69,70,71,72,73,74,75,76,77,78,79,80,81,82,83,84,85,86,87,88,89,90,92,93,94,95,96,97,98,99 | LeAcc: 1.000
Our Recovered Num of Instances: 5,4,8,5,5,2,5,3,4,5,8,2,4,1,7,8,6,3,2,7,3,7,3,8,5,5,4,6,7,9,1,8,6,3,6,5,6,4,5,3,8,8,4,8,1,3,2,4,2,3,7,4,4,5,6,6,5,3,4,5,4,7,4,2,8,7,7,3,6,5,4,7,9,6,3,3,3,9,4,3,7,5,2,8,7,6,8,7,10,8,7,11,7,3,5,7,1,4,9 | LnAcc: 0.980 | IRec: 1.000
iDLG Recovered Labels: 0,2,3,6,9,10,14,15,16,19,21,23,24,26,28,29,31,34,35,36,40,41,43,50,53,54,55,56,59,61,64,65,66,68,69,71,72,77,78,80,83,84,85,86,88,89,90,92,96,99 | LeAcc: 0.510
GradInversion Recovered Labels: 0,1,2,3,4,5,6,7,8,9,10,12,13,14,15,16,17,18,19,20,21,22,23,24,25,26,27,28,29,31,32,33,34,35,36,37,38,39,40,41,42,43,44,45,46,47,48,49,50,51,52,53,54,55,56,57,58,59,60,61,62,63,64,65,66,67,68,69,70,71,72,73,74,75,76,77,78,79,80,81,82,83,84,85,86,87,88,89,90,92,93,94,95,96,98,99 | LeAcc: 0.970
SVD Recovered Labels: 15,28,34,67 | LeAcc: 0.050
Start Experiment 20
***************************************************************
Ground-truth Labels: 0,1,2,3,4,5,6,7,8,9,10,11,12,13,14,15,16,17,18,19,20,21,22,23,24,25,26,27,28,29,30,31,32,33,34,35,36,37,38,39,40,41,42,43,44,45,46,47,48,49,50,51,52,53,54,55,56,57,58,59,60,61,62,63,64,65,66,67,68,69,70,71,72,73,74,75,76,77,78,79,80,81,82,83,84,85,87,88,89,90,91,92,93,94,95,96,97,98,99
Ground-truth Num of Instances: 5,6,7,9,4,1,7,5,8,4,3,8,4,3,8,5,5,6,6,4,3,3,4,7,3,7,9,3,3,3,5,7,5,5,3,3,6,2,6,1,5,6,4,3,4,4,3,7,7,3,7,5,7,7,9,4,6,4,4,5,3,3,6,5,5,5,6,3,7,7,11,5,7,4,3,7,3,6,3,5,4,6,5,4,3,6,9,6,7,6,9,6,6,7,1,9,5,4,5
Our Recovered Labels: 0,1,2,3,4,5,6,7,8,9,10,11,12,13,14,15,16,17,18,19,20,21,22,23,24,25,26,27,28,29,30,31,32,33,34,35,36,37,38,39,40,41,42,43,44,45,46,47,48,49,50,51,52,53,54,55,56,57,58,59,60,61,62,63,64,65,66,67,68,69,70,71,72,73,74,75,76,77,78,79,80,81,82,83,84,85,87,88,89,90,91,92,93,94,95,96,97,98,99 | LeAcc: 1.000
Our Recovered Num of Instances: 5,6,7,9,4,1,7,5,8,4,3,8,4,3,8,5,5,6,6,4,3,3,4,7,3,7,9,3,3,3,5,7,5,5,3,3,6,2,6,1,5,6,4,3,4,4,3,7,7,3,7,5,7,7,9,4,6,4,4,5,3,3,6,5,5,5,6,3,7,7,11,5,7,4,3,7,3,6,8,7,4,6,5,4,3,6,9,6,7,6,9,6,6,7,1,9,5,4,5 | LnAcc: 0.980 | IRec: 1.000
iDLG Recovered Labels: 0,2,3,6,8,11,14,17,20,23,24,25,26,31,36,38,40,41,47,48,50,52,53,54,56,58,62,66,68,69,70,72,75,77,81,82,85,87,89,90,91,92,94,96 | LeAcc: 0.450
GradInversion Recovered Labels: 0,1,2,3,4,5,6,7,8,9,10,11,12,13,14,15,16,17,18,19,20,21,22,23,24,25,26,27,28,29,30,31,32,33,34,35,36,37,38,39,40,41,42,43,44,45,46,47,48,49,50,51,52,53,54,55,56,57,58,59,60,61,62,63,64,65,66,67,68,69,70,71,72,73,74,75,76,77,78,79,80,81,82,83,84,85,87,88,89,90,91,92,93,94,95,96,97,98,99 | LeAcc: 1.000
SVD Recovered Labels: 15,48,55,87,92,97 | LeAcc: 0.070
Start Experiment 21
***************************************************************
Ground-truth Labels: 0,1,2,3,4,5,6,7,8,9,10,11,12,13,14,15,16,17,18,19,20,21,22,24,25,26,27,28,29,30,31,32,33,34,35,36,37,38,39,40,41,43,44,45,46,47,48,49,50,51,52,53,54,55,56,57,58,59,60,61,62,63,64,65,66,67,68,69,70,71,72,73,74,75,76,77,78,79,80,81,82,84,85,86,87,88,89,90,91,92,93,94,95,96,97,98,99
Ground-truth Num of Instances: 6,7,4,10,6,6,5,6,5,5,6,6,5,1,6,2,5,4,3,6,5,3,5,3,4,4,11,6,3,4,7,6,3,2,4,12,12,2,2,3,6,7,2,8,9,2,4,3,8,6,6,7,6,6,4,4,5,6,6,2,3,6,6,7,5,8,6,7,2,8,5,7,6,4,8,5,5,3,6,3,4,5,6,5,11,5,2,5,5,8,2,5,7,2,9,4,5
Our Recovered Labels: 0,1,2,3,4,5,6,7,8,9,10,11,12,13,14,15,16,17,18,19,20,21,22,24,25,26,27,28,29,30,31,32,33,34,35,36,37,38,39,40,41,43,44,45,46,47,48,49,50,51,52,53,54,55,56,57,58,59,60,61,62,63,64,65,66,67,68,69,70,71,72,73,74,75,76,77,78,79,80,81,82,84,85,86,87,88,89,90,91,92,93,94,95,96,97,98,99 | LeAcc: 1.000
Our Recovered Num of Instances: 6,9,4,10,6,6,5,6,5,5,6,6,5,1,6,2,5,4,3,6,5,3,5,3,5,4,11,6,3,4,7,6,3,2,4,12,12,2,2,3,6,7,2,8,9,2,4,3,8,6,6,7,6,6,4,4,5,6,6,2,3,6,6,7,5,8,6,7,2,8,5,7,7,4,8,5,9,3,6,3,5,5,6,5,11,5,2,5,5,10,2,5,7,2,9,4,5 | LnAcc: 0.940 | IRec: 1.000
iDLG Recovered Labels: 0,1,3,5,6,7,8,9,11,14,16,19,20,22,27,28,29,31,32,36,37,41,43,45,46,50,51,52,53,54,55,57,58,59,64,65,67,68,69,71,73,76,80,84,85,86,87,90,91,92,94,95,97,99 | LeAcc: 0.570
GradInversion Recovered Labels: 0,1,2,3,4,5,6,7,8,9,10,11,12,13,14,15,16,17,18,19,20,21,22,24,25,26,27,28,29,30,31,32,33,34,35,36,37,38,39,40,41,43,44,45,46,47,48,49,50,51,52,53,54,55,56,57,58,59,60,61,62,63,64,65,66,67,68,69,70,71,72,73,74,75,76,77,78,79,80,81,82,84,85,86,87,88,89,90,91,92,93,94,95,96,97,98,99 | LeAcc: 1.000
SVD Recovered Labels: 3,53,67,76 | LeAcc: 0.070
Start Experiment 22
***************************************************************
Ground-truth Labels: 0,1,2,3,4,5,6,7,8,9,10,11,12,13,14,15,16,17,18,19,20,21,22,23,24,25,26,27,28,29,30,31,32,33,34,35,36,37,38,39,40,41,42,43,44,45,46,47,48,49,50,51,52,53,54,55,56,57,58,59,60,61,62,63,64,65,66,67,68,69,70,71,72,73,74,75,76,77,78,79,80,81,82,83,84,85,86,87,88,89,90,91,92,93,94,95,96,97,98,99
Ground-truth Num of Instances: 10,4,6,3,2,8,5,10,3,5,4,5,7,7,8,4,7,6,2,7,11,3,6,8,3,4,5,3,4,3,4,6,4,4,2,6,10,6,8,7,4,5,4,11,6,2,12,4,4,6,4,3,4,1,4,10,7,6,3,4,7,5,4,6,7,5,2,1,3,7,4,5,5,2,5,7,6,6,2,2,4,4,11,8,7,2,5,5,4,3,8,2,2,5,6,6,2,5,5,3
Our Recovered Labels: 0,1,2,3,4,5,6,7,8,9,10,11,12,13,14,15,16,17,18,19,20,21,22,23,24,25,26,27,28,29,30,31,32,33,34,35,36,37,38,39,40,41,42,43,44,45,46,47,48,49,50,51,52,53,54,55,56,57,58,59,60,61,62,63,64,65,66,67,68,69,70,71,72,73,74,75,76,77,78,79,80,81,82,83,84,85,86,87,88,89,90,91,92,93,94,95,96,97,98,99 | LeAcc: 1.000
Our Recovered Num of Instances: 10,8,6,3,2,8,5,10,3,5,4,5,13,7,8,4,7,6,2,7,11,3,6,8,3,4,5,3,4,3,4,6,4,4,2,6,10,6,8,7,4,5,4,11,6,2,12,4,4,6,4,3,4,1,4,10,7,6,3,4,7,5,4,6,7,5,2,1,3,7,4,5,5,2,5,7,6,6,2,3,4,4,11,8,7,2,5,7,4,3,8,2,2,5,11,6,2,5,5,3 | LnAcc: 0.950 | IRec: 1.000
iDLG Recovered Labels: 0,2,5,6,7,9,11,12,13,14,15,16,17,19,20,22,23,26,31,35,36,37,38,39,41,43,44,46,49,55,57,60,61,64,69,75,76,77,82,83,84,86,87,90,94,95,98 | LeAcc: 0.470
GradInversion Recovered Labels: 0,1,2,3,4,5,6,7,8,9,10,11,12,13,14,15,16,17,18,19,20,21,22,23,24,25,26,27,28,29,30,31,32,33,35,36,37,38,39,40,41,42,43,44,45,46,47,48,49,50,51,52,53,54,55,56,57,58,59,60,61,62,63,64,65,66,67,68,69,70,71,72,73,74,75,76,77,79,80,81,82,83,84,85,86,87,88,89,90,91,92,93,94,95,96,97,98,99 | LeAcc: 0.980
SVD Recovered Labels: 83,99 | LeAcc: 0.020
Start Experiment 23
***************************************************************
Ground-truth Labels: 0,1,2,3,4,5,6,7,8,9,10,11,12,13,14,15,16,17,18,19,20,21,22,23,24,25,26,27,28,29,30,31,32,33,34,35,36,37,38,39,40,41,42,43,44,45,46,47,48,49,50,51,52,53,54,55,56,57,58,59,60,61,62,63,64,65,66,67,68,69,70,71,72,73,74,75,76,77,78,79,80,81,82,83,84,85,86,87,88,89,90,91,92,93,94,95,96,97,98,99
Ground-truth Num of Instances: 6,5,6,7,6,2,9,6,6,8,4,1,5,5,7,2,8,6,5,8,2,3,4,7,7,4,8,5,10,4,3,6,5,8,4,4,5,9,3,8,4,3,4,3,3,6,6,5,7,2,2,5,3,6,6,3,1,11,7,5,5,6,4,1,3,4,5,2,5,4,3,9,7,5,2,7,10,4,4,1,4,10,2,1,4,6,4,4,4,8,2,2,15,7,5,7,4,8,5,6
Our Recovered Labels: 0,1,2,3,4,5,6,7,8,9,10,11,12,13,14,15,16,17,18,19,20,21,22,23,24,25,26,27,28,29,30,31,32,33,34,35,36,37,38,39,40,41,42,43,44,45,46,47,48,49,50,51,52,53,54,55,56,57,58,59,60,61,62,63,64,65,66,67,68,69,70,71,72,73,74,75,76,77,78,79,80,81,82,83,84,85,86,87,88,89,90,91,92,93,94,95,96,97,98,99 | LeAcc: 1.000
Our Recovered Num of Instances: 6,5,6,7,6,2,9,6,6,8,4,1,5,5,7,2,8,6,5,8,2,3,4,7,7,4,8,5,10,4,3,6,5,8,4,4,5,9,3,8,4,3,4,3,3,6,6,5,7,2,2,5,3,6,6,3,1,11,7,5,5,6,4,1,3,4,5,2,5,4,3,9,7,5,2,7,10,4,4,1,4,10,2,1,4,6,4,4,4,8,2,2,15,7,5,7,4,8,5,6 | LnAcc: 1.000 | IRec: 1.000
iDLG Recovered Labels: 0,2,3,6,7,9,12,13,14,16,17,19,23,24,26,28,29,33,36,37,39,45,48,51,53,54,57,58,61,71,72,75,76,81,85,86,89,92,94,95,97,98,99 | LeAcc: 0.430
GradInversion Recovered Labels: 0,1,2,3,4,5,6,7,8,9,10,12,13,14,15,16,17,18,19,20,21,22,23,24,25,26,27,28,29,30,31,32,33,34,35,36,37,38,39,40,41,42,43,44,45,46,47,48,49,50,51,52,53,54,55,56,57,58,59,60,61,62,63,64,65,66,67,68,69,70,71,72,73,75,76,77,78,79,80,81,82,83,84,85,86,87,88,89,90,91,92,93,94,95,96,97,98,99 | LeAcc: 0.980
SVD Recovered Labels: 0,14,51,53,70,85 | LeAcc: 0.060
Start Experiment 24
***************************************************************
Ground-truth Labels: 0,1,2,3,4,5,6,7,8,9,10,11,12,13,14,15,16,17,18,19,20,21,22,23,24,25,26,27,28,29,30,31,32,33,34,35,36,37,38,39,40,41,42,43,44,45,46,47,48,49,50,51,52,53,54,55,56,57,58,59,60,61,62,63,64,65,66,67,68,69,70,71,72,73,74,75,76,77,78,79,80,81,82,83,84,85,86,87,88,89,90,91,92,93,94,95,96,97,98,99
Ground-truth Num of Instances: 7,5,9,5,6,5,7,6,3,5,8,9,7,4,4,5,3,3,3,5,6,8,7,4,6,5,6,3,2,5,3,9,7,2,5,6,6,4,6,2,3,2,5,10,3,10,7,3,6,5,6,6,4,5,2,2,4,5,1,6,3,6,9,6,5,7,1,2,8,3,3,5,5,4,3,7,4,6,5,3,3,3,4,4,4,6,9,5,3,5,10,8,1,4,9,3,3,9,10,8
Our Recovered Labels: 0,1,2,3,4,5,6,7,8,9,10,11,12,13,14,15,16,17,18,19,20,21,22,23,24,25,26,27,28,29,30,31,32,33,34,35,36,37,38,39,40,41,42,43,44,45,46,47,48,49,50,51,52,53,54,55,56,57,58,59,60,61,62,63,64,65,66,67,68,69,70,71,72,73,74,75,76,77,78,79,80,81,82,83,84,85,86,87,88,89,90,91,92,93,94,95,96,97,98,99 | LeAcc: 1.000
Our Recovered Num of Instances: 7,5,9,5,6,5,7,6,3,5,8,9,8,4,4,5,3,3,3,5,6,8,7,4,6,5,6,3,2,5,3,9,7,2,5,6,6,4,6,2,3,2,5,10,3,10,7,3,6,5,6,6,4,5,2,2,4,5,1,6,3,6,9,6,5,7,1,2,8,3,3,5,5,4,3,7,4,6,5,3,3,3,4,4,4,6,9,5,3,5,10,8,1,4,14,3,3,9,10,8 | LnAcc: 0.980 | IRec: 1.000
iDLG Recovered Labels: 0,1,2,3,5,6,7,9,10,11,12,15,19,20,21,22,24,26,29,31,32,35,36,38,43,45,46,48,51,59,61,62,65,68,72,75,85,86,90,91,94,97,98,99 | LeAcc: 0.440
GradInversion Recovered Labels: 0,1,2,3,4,5,6,7,8,9,10,11,12,13,14,15,16,17,18,19,20,21,22,23,24,25,26,27,28,29,30,31,32,33,34,35,36,37,38,39,40,41,42,43,44,45,46,47,48,49,50,51,52,53,54,55,56,57,59,60,61,62,63,64,65,66,67,68,69,70,71,72,73,74,75,76,77,78,79,80,81,82,83,84,85,86,87,88,89,90,91,92,93,94,95,96,97,98,99 | LeAcc: 0.990
SVD Recovered Labels: 25,51,54 | LeAcc: 0.030
Start Experiment 25
***************************************************************
Ground-truth Labels: 0,1,2,3,4,5,6,7,8,9,10,11,12,13,14,15,16,17,18,19,20,21,22,23,24,25,26,27,28,29,30,31,32,33,34,35,36,37,38,39,40,41,42,43,44,45,46,47,48,49,50,51,52,53,54,55,56,57,58,59,60,61,62,63,64,65,66,67,68,69,70,71,72,73,74,75,76,77,78,79,80,81,82,83,84,85,86,87,88,89,90,91,92,93,94,95,96,97,98,99
Ground-truth Num of Instances: 3,4,5,1,6,7,7,2,5,2,5,5,2,8,3,4,7,5,4,7,9,6,2,9,4,7,6,5,4,5,9,5,1,7,2,2,11,6,5,3,9,3,4,8,5,4,3,5,8,6,5,4,5,6,4,6,4,5,6,11,5,6,4,9,3,3,6,4,6,4,3,4,5,3,5,3,3,7,5,8,4,6,9,2,4,5,5,7,5,9,4,3,7,6,7,6,3,2,6,5
Our Recovered Labels: 0,1,2,3,4,5,6,7,8,9,10,11,12,13,14,15,16,17,18,19,20,21,22,23,24,25,26,27,28,29,30,31,32,33,34,35,36,37,38,39,40,41,42,43,44,45,46,47,48,49,50,51,52,53,54,55,56,57,58,59,60,61,62,63,64,65,66,67,68,69,70,71,72,73,74,75,76,77,78,79,80,81,82,83,84,85,86,87,88,89,90,91,92,93,94,95,96,97,98,99 | LeAcc: 1.000
Our Recovered Num of Instances: 3,4,5,1,6,7,7,2,5,2,6,5,4,8,3,4,7,5,4,7,9,6,2,9,4,7,6,5,4,5,9,5,1,7,2,2,11,6,5,3,9,3,4,8,5,4,3,5,8,6,5,4,5,6,4,6,4,5,6,11,5,6,4,9,3,3,6,4,6,4,3,4,5,4,5,3,3,7,5,9,4,6,9,2,4,5,5,8,5,10,4,3,7,6,7,6,3,2,6,5 | LnAcc: 0.940 | IRec: 1.000
iDLG Recovered Labels: 2,5,6,8,11,13,15,16,17,19,20,21,23,24,25,26,29,30,31,36,37,38,40,43,48,52,53,57,58,59,61,63,68,69,77,79,81,82,84,85,86,87,89,92,94,95,98,99 | LeAcc: 0.480
GradInversion Recovered Labels: 0,1,2,3,4,5,6,7,8,9,10,11,12,13,14,15,16,17,18,19,20,21,22,23,24,25,26,27,28,29,30,31,32,33,34,35,36,37,38,39,40,41,42,43,44,45,46,47,48,49,50,51,52,53,54,55,56,57,58,59,60,61,62,63,64,65,66,67,68,69,70,71,72,73,74,75,76,77,78,79,80,81,82,83,84,85,86,87,88,89,90,91,92,93,94,95,96,97,98,99 | LeAcc: 1.000
SVD Recovered Labels: 53,87 | LeAcc: 0.020
Start Experiment 26
***************************************************************
Ground-truth Labels: 0,1,2,3,4,5,6,7,8,9,10,12,13,14,15,16,17,18,19,20,21,22,23,24,25,26,27,28,29,30,31,32,33,34,35,36,37,38,39,40,41,42,43,44,45,46,47,48,49,50,51,52,53,54,55,56,57,58,59,60,61,62,63,64,65,66,67,68,69,70,71,72,73,74,75,76,77,78,79,80,81,82,83,84,85,86,87,88,89,90,91,92,93,94,95,96,97,98,99
Ground-truth Num of Instances: 4,5,7,7,3,6,2,6,3,5,6,6,4,7,8,5,4,4,5,5,2,10,7,4,5,6,5,4,6,5,4,7,2,4,4,5,8,5,7,6,7,5,3,6,5,3,7,5,4,6,6,8,5,12,2,2,7,4,5,4,3,6,5,2,3,9,6,4,5,5,7,2,7,11,5,5,2,4,1,4,5,5,3,7,9,7,10,10,6,4,5,5,3,3,5,3,4,6,2
Our Recovered Labels: 0,1,2,3,4,5,6,7,8,9,10,12,13,14,15,16,17,18,19,20,21,22,23,24,25,26,27,28,29,30,31,32,33,34,35,36,37,38,39,40,41,42,43,44,45,46,47,48,49,50,51,52,53,54,55,56,57,58,59,60,61,62,63,64,65,66,67,68,69,70,71,72,73,74,75,76,77,78,79,80,81,82,83,84,85,86,87,88,89,90,91,92,93,94,95,96,97,98,99 | LeAcc: 1.000
Our Recovered Num of Instances: 4,6,7,7,3,6,2,6,3,5,6,6,4,7,8,5,4,4,5,5,2,10,7,4,5,6,5,4,6,5,4,7,2,4,4,5,8,5,7,6,7,5,3,6,5,3,7,5,4,6,6,8,5,12,2,2,7,4,5,4,3,6,5,2,3,9,6,4,5,5,7,2,9,11,5,5,2,5,3,4,5,5,3,7,9,7,17,10,6,4,5,7,3,3,5,3,4,6,2 | LnAcc: 0.940 | IRec: 1.000
iDLG Recovered Labels: 2,3,5,7,9,14,15,16,19,20,22,23,24,26,29,32,36,37,39,40,41,44,47,48,50,51,52,54,57,66,69,73,74,75,76,84,85,86,87,88,89,91,92,95,98 | LeAcc: 0.460
GradInversion Recovered Labels: 0,1,2,3,4,5,6,7,8,9,10,12,13,14,15,16,17,18,19,20,21,22,23,24,25,26,27,28,29,30,31,32,33,34,35,36,37,38,39,40,41,42,43,44,45,46,47,48,49,50,51,52,53,54,55,56,57,58,59,60,61,62,63,64,65,66,67,68,69,70,71,72,73,74,75,76,77,78,79,80,81,82,83,84,85,86,87,88,89,90,91,92,93,94,95,96,97,98,99 | LeAcc: 1.000
SVD Recovered Labels: 1,39,57,74,84 | LeAcc: 0.060
Start Experiment 27
***************************************************************
Ground-truth Labels: 0,1,2,3,4,5,6,7,8,9,10,11,12,13,14,15,16,17,18,19,20,21,22,23,24,25,26,27,28,29,30,31,32,33,34,35,36,37,38,39,40,41,42,43,44,45,46,47,48,49,50,51,52,53,54,55,56,57,58,59,60,61,62,63,64,65,66,67,68,69,70,71,72,73,74,75,76,77,78,79,80,81,82,83,84,85,86,87,88,89,90,91,92,93,94,95,96,97,99
Ground-truth Num of Instances: 6,3,7,8,7,5,4,10,5,2,4,5,10,3,3,4,6,9,5,5,10,12,4,8,5,6,7,2,3,5,4,3,2,3,2,8,5,6,3,3,4,4,4,10,6,5,7,4,3,6,4,8,2,7,2,2,7,5,2,5,6,2,5,4,7,2,5,6,4,6,4,8,7,7,4,1,6,4,2,8,5,5,10,5,9,5,5,4,5,3,5,3,6,10,6,4,6,3,6
Our Recovered Labels: 0,1,2,3,4,5,6,7,8,9,10,11,12,13,14,15,16,17,18,19,20,21,22,23,24,25,26,27,28,29,30,31,32,33,34,35,36,37,38,39,40,41,42,43,44,45,46,47,48,49,50,51,52,53,54,55,56,57,58,59,60,61,62,63,64,65,66,67,68,69,70,71,72,73,74,75,76,77,78,79,80,81,82,83,84,85,86,87,88,89,90,91,92,93,94,95,96,97,99 | LeAcc: 1.000
Our Recovered Num of Instances: 6,3,7,8,7,5,4,10,5,2,4,5,11,3,3,4,6,9,5,5,10,12,4,8,5,6,7,2,3,5,4,3,2,3,2,8,5,6,3,3,4,4,4,10,6,5,7,4,3,6,4,8,2,7,2,2,7,5,2,5,6,2,5,4,7,2,5,6,4,6,4,8,7,7,4,1,6,11,2,10,5,7,10,5,9,5,5,4,5,3,5,3,6,10,7,4,6,3,6 | LnAcc: 0.950 | IRec: 1.000
iDLG Recovered Labels: 2,3,5,7,12,15,16,17,20,21,22,23,24,25,26,29,35,36,37,41,43,44,46,49,51,53,56,57,59,64,69,71,72,76,79,80,81,82,84,85,86,90,92,93,94,99 | LeAcc: 0.470
GradInversion Recovered Labels: 0,1,2,3,4,5,6,7,8,9,10,11,12,13,14,15,16,17,18,19,20,21,22,23,24,25,26,27,28,29,30,31,32,33,34,35,36,37,38,39,40,41,42,43,44,45,46,47,48,49,50,51,52,53,54,55,56,57,58,59,60,61,62,63,64,65,66,67,68,69,70,71,72,73,74,75,76,77,78,79,80,81,82,83,84,85,86,87,88,89,90,91,92,93,94,95,96,97,99 | LeAcc: 1.000
SVD Recovered Labels: 12,59 | LeAcc: 0.030
Start Experiment 28
***************************************************************
Ground-truth Labels: 0,1,2,3,4,5,6,7,8,9,10,11,12,13,14,15,16,17,18,19,20,21,22,23,24,25,26,27,28,29,30,31,32,33,34,35,36,37,38,39,40,41,42,43,44,45,46,47,48,49,50,51,52,53,54,55,56,57,58,59,60,61,62,63,64,65,66,67,68,69,70,71,72,73,74,75,76,77,78,79,80,81,82,83,84,85,86,87,88,89,90,91,92,93,94,95,96,97,98,99
Ground-truth Num of Instances: 5,5,5,6,5,4,8,3,6,4,2,5,5,6,4,9,3,12,1,3,4,2,5,5,4,3,3,2,7,6,3,7,7,2,8,11,5,6,6,7,2,12,3,4,7,4,4,4,4,4,3,4,9,4,3,7,6,9,7,2,4,2,6,6,5,6,5,8,6,7,3,3,3,4,5,8,6,3,3,5,4,9,8,8,6,4,6,4,6,4,3,5,4,11,3,4,1,7,6,5
Our Recovered Labels: 0,1,2,3,4,5,6,7,8,9,10,11,12,13,14,15,16,17,18,19,20,21,22,23,24,25,26,27,28,29,30,31,32,33,34,35,36,37,38,39,40,41,42,43,44,45,46,47,48,49,50,51,52,53,54,55,56,57,58,59,60,61,62,63,64,65,66,67,68,69,70,71,72,73,74,75,76,77,78,79,80,81,82,83,84,85,86,87,88,89,90,91,92,93,94,95,96,97,98,99 | LeAcc: 1.000
Our Recovered Num of Instances: 5,6,5,6,5,4,8,3,6,4,2,5,5,6,4,9,3,12,1,3,4,2,5,5,4,3,3,2,7,6,3,7,7,2,8,11,5,6,6,7,2,12,3,4,7,4,4,4,4,4,3,4,9,5,3,7,6,9,7,2,4,2,6,6,5,6,5,8,6,7,3,3,3,7,5,8,6,3,3,7,4,9,8,8,6,4,6,7,6,4,3,5,4,12,3,4,1,7,6,5 | LnAcc: 0.940 | IRec: 1.000
iDLG Recovered Labels: 0,2,3,6,12,13,15,17,20,22,28,29,31,32,34,35,36,37,38,39,41,44,52,55,56,57,58,62,63,67,68,69,75,76,81,82,83,84,86,88,91,93,97,98 | LeAcc: 0.440
GradInversion Recovered Labels: 0,1,2,3,4,5,6,7,8,9,10,11,12,13,14,15,16,17,18,19,20,21,22,23,24,25,26,27,28,29,30,31,32,34,35,36,37,38,39,40,41,42,43,44,45,46,47,48,49,50,51,52,53,54,55,56,57,58,59,60,61,62,63,64,65,66,67,68,69,70,71,72,73,74,75,76,77,78,79,80,81,82,83,84,85,86,87,88,89,90,91,92,93,94,95,97,98,99 | LeAcc: 0.980
SVD Recovered Labels: 65 | LeAcc: 0.010
Start Experiment 29
***************************************************************
Ground-truth Labels: 0,1,2,3,4,5,6,7,8,9,10,11,12,13,14,15,16,17,18,19,20,21,22,23,24,25,26,27,28,29,30,31,32,33,34,35,36,37,38,39,40,41,42,43,44,45,46,47,48,49,50,51,52,53,54,55,56,57,58,59,60,61,62,63,64,65,66,67,68,69,70,71,72,73,74,75,76,77,78,79,80,81,82,83,84,85,86,87,88,89,90,91,92,93,94,95,96,97,98,99
Ground-truth Num of Instances: 8,8,5,2,5,6,4,4,4,8,7,3,8,10,4,7,10,2,6,5,9,5,5,5,3,7,4,5,8,10,3,6,1,4,3,5,1,6,6,3,2,3,9,4,2,7,2,1,5,3,5,7,3,5,5,6,9,11,6,3,6,3,8,9,4,6,6,6,5,4,4,5,4,3,4,3,5,5,3,1,4,5,7,8,5,6,3,4,8,2,5,6,9,11,2,7,2,3,5,3
Our Recovered Labels: 0,1,2,3,4,5,6,7,8,9,10,11,12,13,14,15,16,17,18,19,20,21,22,23,24,25,26,27,28,29,30,31,32,33,34,35,36,37,38,39,40,41,42,43,44,45,46,47,48,49,50,51,52,53,54,55,56,57,58,59,60,61,62,63,64,65,66,67,68,69,70,71,72,73,74,75,76,77,78,79,80,81,82,83,84,85,86,87,88,89,90,91,92,93,94,95,96,97,98,99 | LeAcc: 1.000
Our Recovered Num of Instances: 11,9,5,2,5,6,4,4,4,8,7,3,8,10,4,7,10,2,6,5,9,5,5,5,3,7,4,5,8,10,3,6,1,4,3,5,1,6,6,3,2,3,9,4,2,7,2,1,5,3,5,7,3,5,5,6,9,11,6,3,6,3,8,9,4,6,6,6,5,4,4,5,4,3,4,3,5,5,3,1,4,5,7,8,5,6,3,4,8,2,5,6,9,11,8,7,2,3,5,3 | LnAcc: 0.970 | IRec: 1.000
iDLG Recovered Labels: 0,1,5,9,10,12,13,15,16,20,21,22,25,28,29,31,35,37,38,42,45,48,51,53,56,57,58,62,63,65,66,76,77,81,82,83,85,88,91,92,93,95,98 | LeAcc: 0.430
GradInversion Recovered Labels: 0,1,2,3,4,5,6,7,8,9,10,11,12,13,14,15,16,17,18,19,20,21,22,23,24,25,26,27,28,29,30,31,32,33,34,35,36,37,38,39,40,41,42,43,44,45,46,48,49,50,51,52,53,54,55,56,57,58,59,60,61,62,63,64,65,66,67,68,69,70,71,72,73,74,75,76,77,78,80,81,82,83,84,85,86,87,88,89,90,91,92,93,94,95,96,97,98,99 | LeAcc: 0.980
SVD Recovered Labels: 18 | LeAcc: 0.010
Start Experiment 30
***************************************************************
Ground-truth Labels: 0,1,2,3,4,5,6,7,8,9,10,11,12,13,14,15,16,17,18,19,20,21,22,23,24,25,26,27,28,29,30,31,32,33,34,35,36,37,38,39,40,41,42,43,44,45,46,47,48,49,50,51,52,53,54,55,56,57,58,59,60,61,62,63,64,65,66,67,68,69,70,71,72,73,74,75,76,77,78,79,80,81,82,83,84,85,86,87,88,89,90,91,92,93,94,95,96,97,98,99
Ground-truth Num of Instances: 7,2,4,2,6,3,4,3,5,9,7,4,3,2,5,7,5,9,5,5,4,5,3,4,8,4,4,9,8,6,7,6,6,5,4,11,3,5,2,10,7,4,4,7,4,8,6,4,5,5,6,2,7,3,9,6,5,7,1,12,5,5,4,1,6,6,5,3,4,3,9,4,7,2,4,4,2,5,4,2,5,4,9,5,6,5,2,5,3,4,5,4,10,5,2,8,4,2,11,5
Our Recovered Labels: 0,1,2,3,4,5,6,7,8,9,10,11,12,13,14,15,16,17,18,19,20,21,22,23,24,25,26,27,28,29,30,31,32,33,34,35,36,37,38,39,40,41,42,43,44,45,46,47,48,49,50,51,52,53,54,55,56,57,58,59,60,61,62,63,64,65,66,67,68,69,70,71,72,73,74,75,76,77,78,79,80,81,82,83,84,85,86,87,88,89,90,91,92,93,94,95,96,97,98,99 | LeAcc: 1.000
Our Recovered Num of Instances: 7,2,4,2,6,3,4,3,5,9,7,4,3,2,5,7,5,9,5,5,4,5,3,4,8,4,4,9,8,6,7,6,6,5,4,11,3,5,2,10,7,4,4,7,4,8,6,4,5,5,6,2,7,3,9,6,5,7,1,12,5,5,4,1,6,6,5,3,4,3,9,4,7,2,4,4,2,5,4,2,5,4,9,5,6,5,2,5,3,4,5,4,10,5,2,8,4,2,11,5 | LnAcc: 1.000 | IRec: 1.000
iDLG Recovered Labels: 0,9,10,11,14,15,16,17,19,20,24,27,28,29,30,31,32,35,39,40,41,45,46,48,50,52,54,55,57,59,61,64,70,72,80,82,83,84,85,91,92,95,98,99 | LeAcc: 0.440
GradInversion Recovered Labels: 0,1,2,3,4,5,6,7,8,9,10,11,12,13,14,15,16,17,18,19,20,21,22,23,24,25,26,27,28,29,30,31,32,33,34,35,36,37,38,39,40,41,42,43,44,45,46,47,48,49,50,51,52,53,54,55,56,57,59,60,61,62,63,64,65,66,67,68,69,70,71,72,73,74,75,76,77,78,79,80,81,82,83,84,85,86,87,88,89,90,91,92,93,94,95,96,97,98,99 | LeAcc: 0.990
SVD Recovered Labels: 28,31,54,83,92 | LeAcc: 0.050
Start Experiment 31
***************************************************************
Ground-truth Labels: 0,1,2,3,4,5,6,7,8,9,10,11,12,13,14,15,16,17,18,19,20,21,22,23,24,25,26,27,28,29,30,31,32,33,34,35,36,37,38,39,40,41,42,43,44,45,46,47,48,49,50,51,52,53,54,55,56,57,58,59,60,61,62,63,64,65,66,67,68,69,70,71,72,73,74,75,76,77,78,79,80,81,82,83,84,85,86,87,88,89,90,91,92,93,94,95,96,97,98,99
Ground-truth Num of Instances: 5,6,6,10,4,10,5,7,4,2,5,7,3,2,3,2,4,7,6,5,2,4,5,3,6,6,2,5,6,10,4,7,1,5,7,5,6,5,6,10,6,4,8,6,6,4,5,5,5,6,7,4,4,4,3,4,6,3,7,8,6,10,7,7,2,3,3,3,6,6,8,3,4,6,5,4,6,13,5,6,5,3,7,1,3,5,4,4,5,6,4,5,2,3,4,8,7,3,3,4
Our Recovered Labels: 0,1,2,3,4,5,6,7,8,9,10,11,12,13,14,15,16,17,18,19,20,21,22,23,24,25,26,27,28,29,30,31,32,33,34,35,36,37,38,39,40,41,42,43,44,45,46,47,48,49,50,51,52,53,54,55,56,57,58,59,60,61,62,63,64,65,66,67,68,69,70,71,72,73,74,75,76,77,78,79,80,81,82,83,84,85,86,87,88,89,90,91,92,93,94,95,96,97,98,99 | LeAcc: 1.000
Our Recovered Num of Instances: 5,6,6,10,4,10,5,7,4,2,5,7,3,2,3,2,4,9,6,5,2,4,5,3,6,6,2,5,6,10,5,7,1,5,7,5,6,5,6,10,6,4,8,6,6,4,5,5,5,6,7,4,4,4,3,4,6,3,7,8,6,10,7,7,2,3,3,3,6,6,8,3,4,6,5,4,6,13,5,6,5,3,7,1,3,5,4,9,5,6,4,5,2,3,4,8,7,3,3,4 | LnAcc: 0.970 | IRec: 1.000
iDLG Recovered Labels: 1,2,3,5,7,10,11,17,18,19,22,24,28,29,31,34,36,37,38,39,40,41,42,43,44,46,48,49,50,53,58,59,60,61,62,63,68,69,70,73,76,77,82,85,95,96,99 | LeAcc: 0.470
GradInversion Recovered Labels: 0,1,2,3,4,5,6,7,8,9,10,11,12,13,14,15,16,17,18,19,20,21,22,23,24,25,26,27,28,29,30,31,33,34,35,36,37,38,39,40,41,42,43,44,45,46,47,48,49,50,51,52,53,54,55,56,57,58,59,60,61,62,63,64,65,66,67,68,69,70,71,72,73,74,75,76,77,78,79,80,81,82,83,84,85,86,87,88,89,90,91,92,93,94,95,96,97,98,99 | LeAcc: 0.990
SVD Recovered Labels: 50,57 | LeAcc: 0.020
Start Experiment 32
***************************************************************
Ground-truth Labels: 0,1,2,3,4,5,6,7,8,9,10,11,12,13,14,15,16,17,18,19,20,21,22,23,24,25,26,27,28,29,30,31,32,33,34,35,36,37,38,39,40,41,42,43,44,45,46,47,48,49,50,51,52,53,54,55,56,57,58,59,60,61,62,63,64,65,66,67,68,69,70,71,72,73,74,75,76,77,78,79,80,81,82,83,84,85,86,87,88,89,90,91,92,93,94,95,96,97,98,99
Ground-truth Num of Instances: 2,4,4,2,4,6,12,7,6,6,7,7,4,5,6,3,3,8,8,8,6,2,9,8,8,4,4,5,3,7,7,9,6,6,5,5,5,6,3,3,3,5,3,6,4,5,4,5,7,5,3,4,4,4,4,3,4,3,4,6,5,6,5,6,7,6,3,4,7,8,6,5,3,7,4,7,7,7,5,9,3,3,4,3,6,3,2,8,9,3,6,3,1,6,3,5,5,4,4,5
Our Recovered Labels: 0,1,2,3,4,5,6,7,8,9,10,11,12,13,14,15,16,17,18,19,20,21,22,23,24,25,26,27,28,29,30,31,32,33,34,35,36,37,38,39,40,41,42,43,44,45,46,47,48,49,50,51,52,53,54,55,56,57,58,59,60,61,62,63,64,65,66,67,68,69,70,71,72,73,74,75,76,77,78,79,80,81,82,83,84,85,86,87,88,89,90,91,92,93,94,95,96,97,98,99 | LeAcc: 1.000
Our Recovered Num of Instances: 2,4,4,2,4,6,12,7,6,6,7,7,4,5,6,3,3,8,8,8,6,2,9,8,8,4,4,5,3,7,7,9,6,6,5,5,5,6,3,3,3,5,3,6,4,5,4,5,7,5,3,4,4,4,4,3,4,3,4,6,6,6,5,6,7,6,3,4,7,9,6,5,3,7,4,7,7,7,9,9,3,3,4,3,6,3,2,8,9,3,6,3,1,6,10,5,5,4,4,5 | LnAcc: 0.960 | IRec: 1.000
iDLG Recovered Labels: 5,6,7,8,9,10,11,13,14,17,18,19,20,22,23,24,29,30,31,32,37,41,45,48,54,59,61,64,68,69,73,75,76,77,79,84,87,88,90,95,99 | LeAcc: 0.410
GradInversion Recovered Labels: 0,1,2,3,4,5,6,7,8,9,10,11,12,13,14,15,16,17,18,19,20,21,22,23,24,25,26,27,28,29,30,31,32,33,34,35,36,37,38,39,40,41,42,43,44,45,46,47,48,49,50,51,52,53,54,55,56,57,58,59,60,61,62,63,64,65,66,67,68,69,70,71,72,73,74,75,76,77,78,79,80,81,82,83,84,85,86,87,88,89,90,91,92,93,94,95,96,97,98,99 | LeAcc: 1.000
SVD Recovered Labels: 27,30,45,58 | LeAcc: 0.040
Start Experiment 33
***************************************************************
Ground-truth Labels: 0,1,2,3,4,5,6,7,8,9,10,11,12,13,14,15,16,17,18,19,20,21,22,23,24,25,26,27,28,29,30,31,32,34,35,36,37,38,39,40,41,42,43,44,45,46,47,48,49,50,51,52,53,54,55,56,57,58,59,60,61,62,63,64,65,66,67,68,69,70,71,72,73,74,75,76,77,78,79,80,81,82,83,84,85,86,87,88,89,90,91,92,93,94,95,96,97,98,99
Ground-truth Num of Instances: 4,3,5,8,1,4,6,5,3,7,7,5,4,6,6,10,5,7,2,2,3,10,3,6,3,7,5,3,2,10,4,5,3,7,3,6,3,8,4,6,4,8,9,7,3,5,6,4,2,3,8,3,4,5,6,8,6,6,4,2,5,10,4,7,3,3,9,2,7,7,4,7,3,6,2,4,7,4,3,5,6,7,5,4,4,7,4,8,4,5,9,8,6,4,4,3,3,10,5
Our Recovered Labels: 0,1,2,3,4,5,6,7,8,9,10,11,12,13,14,15,16,17,18,19,20,21,22,23,24,25,26,27,28,29,30,31,32,34,35,36,37,38,39,40,41,42,43,44,45,46,47,48,49,50,51,52,53,54,55,56,57,58,59,60,61,62,63,64,65,66,67,68,69,70,71,72,73,74,75,76,77,78,79,80,81,82,83,84,85,86,87,88,89,90,91,92,93,94,95,96,97,98,99 | LeAcc: 1.000
Our Recovered Num of Instances: 4,4,5,8,1,4,6,5,3,7,7,5,4,6,6,10,5,7,2,2,3,10,3,6,3,7,5,3,2,10,4,5,3,7,3,6,3,8,4,6,4,8,9,7,3,5,6,4,2,3,8,3,4,5,6,8,6,6,4,2,5,10,4,7,3,3,9,2,7,7,4,7,4,6,3,4,7,4,3,5,6,7,5,4,4,7,4,8,4,5,9,9,6,4,4,3,3,10,5 | LnAcc: 0.960 | IRec: 1.000
iDLG Recovered Labels: 3,5,6,9,10,11,12,13,14,15,16,17,20,21,23,25,26,29,34,36,38,41,42,43,44,51,54,56,57,58,61,62,64,67,69,70,72,74,77,80,81,82,83,85,86,88,91,92,98,99 | LeAcc: 0.510
GradInversion Recovered Labels: 0,1,2,3,4,5,6,7,8,9,10,11,12,13,14,15,16,17,18,19,20,21,22,23,24,25,26,27,28,29,30,31,32,34,35,36,37,38,39,40,41,42,43,44,45,46,47,48,49,50,51,52,53,54,55,56,57,58,59,60,61,62,63,64,65,66,67,68,69,70,71,72,73,74,75,76,77,78,79,80,81,82,83,84,85,86,87,88,89,90,91,92,93,94,95,96,97,98,99 | LeAcc: 1.000
SVD Recovered Labels: 9,12,30,59,91,94 | LeAcc: 0.070
Start Experiment 34
***************************************************************
Ground-truth Labels: 0,1,2,3,4,5,6,7,8,9,10,11,12,13,14,15,16,17,18,19,20,21,22,23,24,25,26,27,28,29,30,31,32,33,34,35,36,37,38,39,40,41,42,43,44,45,46,47,48,49,50,51,52,53,54,55,56,57,58,59,60,61,62,63,64,65,66,67,68,69,70,71,72,73,74,75,76,77,78,79,81,82,83,84,85,86,87,88,89,90,91,92,93,94,95,96,97,98,99
Ground-truth Num of Instances: 9,4,8,4,3,4,4,4,5,6,3,3,8,4,8,4,3,3,6,6,3,4,4,4,2,7,5,10,4,4,2,9,2,3,4,3,5,4,3,6,5,5,13,4,6,4,6,4,5,4,10,9,3,2,8,5,5,2,4,5,10,6,3,7,2,9,6,4,8,4,8,3,7,9,5,9,4,3,10,5,3,7,6,5,4,7,5,7,1,5,9,7,6,3,4,6,4,2,3
Our Recovered Labels: 0,1,2,3,4,5,6,7,8,9,10,11,12,13,14,15,16,17,18,19,20,21,22,23,24,25,26,27,28,29,30,31,32,33,34,35,36,37,38,39,40,41,42,43,44,45,46,47,48,49,50,51,52,53,54,55,56,57,58,59,60,61,62,63,64,65,66,67,68,69,70,71,72,73,74,75,76,77,78,79,81,82,83,84,85,86,87,88,89,90,91,92,93,94,95,96,97,98,99 | LeAcc: 1.000
Our Recovered Num of Instances: 9,6,8,4,3,4,4,4,5,6,3,3,9,4,8,4,3,3,6,6,3,4,4,4,2,7,5,10,4,4,2,9,2,3,4,3,5,4,3,6,5,5,13,4,6,4,6,4,5,4,10,9,3,2,8,5,5,2,4,5,10,6,3,7,2,9,6,4,8,4,8,3,7,10,5,9,4,3,11,7,3,7,6,5,4,7,6,7,1,5,9,8,6,3,4,6,4,2,3 | LnAcc: 0.930 | IRec: 1.000
iDLG Recovered Labels: 0,2,9,12,14,22,25,26,27,29,31,39,40,41,42,46,50,51,54,58,60,61,63,65,66,68,70,72,73,75,78,82,83,84,85,86,88,90,91,92,99 | LeAcc: 0.420
GradInversion Recovered Labels: 0,1,2,3,4,5,6,7,8,9,10,11,12,13,14,15,16,17,18,19,20,21,22,23,24,25,26,27,28,29,30,31,32,33,34,35,36,37,38,39,40,41,42,43,44,45,46,47,48,49,50,51,52,53,54,55,56,57,58,59,60,61,62,63,64,65,66,67,68,69,70,71,72,73,74,75,76,77,78,79,81,82,83,84,85,86,87,88,89,90,91,92,93,94,95,96,97,98,99 | LeAcc: 1.000
SVD Recovered Labels: 3,60,64,90 | LeAcc: 0.050
Start Experiment 35
***************************************************************
Ground-truth Labels: 0,1,2,3,4,5,6,7,8,9,10,11,12,13,14,15,16,17,18,19,20,21,22,23,24,25,26,27,28,29,30,31,32,33,34,35,36,37,38,39,40,41,42,43,44,45,46,47,48,49,50,51,52,53,54,55,56,57,58,59,60,61,62,63,64,65,66,67,68,69,70,71,72,73,74,75,76,77,78,79,80,81,82,83,84,85,86,87,88,89,90,91,92,93,94,95,96,97,98,99
Ground-truth Num of Instances: 2,7,4,7,7,2,5,8,8,3,7,2,3,6,4,4,5,7,2,5,2,4,6,2,7,3,7,6,7,3,9,1,3,3,4,6,8,2,3,3,4,3,4,3,8,7,4,3,5,6,8,6,8,2,7,7,2,5,4,8,10,3,2,5,5,1,4,2,7,3,5,10,4,7,5,5,4,7,3,2,4,8,14,4,1,8,8,7,7,7,7,6,1,8,6,6,9,4,5,7
Our Recovered Labels: 0,1,2,3,4,5,6,7,8,9,10,11,12,13,14,15,16,17,18,19,20,21,22,23,24,25,26,27,28,29,30,31,32,33,34,35,36,37,38,39,40,41,42,43,44,45,46,47,48,49,50,51,52,53,54,55,56,57,58,59,60,61,62,63,64,65,66,67,68,69,70,71,72,73,74,75,76,77,78,79,80,81,82,83,84,85,86,87,88,89,90,91,92,93,94,95,96,97,98,99 | LeAcc: 1.000
Our Recovered Num of Instances: 2,7,4,7,7,2,5,8,8,3,7,2,3,6,4,4,5,7,2,5,2,4,6,2,7,3,7,6,7,3,9,1,3,3,4,6,8,2,3,3,4,3,4,3,8,7,4,3,5,6,8,6,8,2,7,7,2,5,4,8,10,3,2,5,5,1,4,2,7,3,5,10,4,7,5,5,4,7,4,7,4,8,14,4,1,8,8,7,7,7,7,6,1,8,6,6,9,4,5,7 | LnAcc: 0.980 | IRec: 1.000
iDLG Recovered Labels: 1,3,4,6,7,8,9,10,13,14,15,16,17,22,24,26,28,30,35,36,40,44,45,46,48,50,51,52,54,55,57,59,60,68,70,71,73,75,77,81,82,85,86,87,88,89,90,91,93,94,95,96,98,99 | LeAcc: 0.540
GradInversion Recovered Labels: 0,1,2,3,4,5,6,7,8,9,10,11,12,13,14,15,16,17,18,19,20,21,22,23,24,25,26,27,28,29,30,31,32,33,34,35,36,37,38,39,40,41,42,43,44,45,46,47,48,49,50,51,52,53,54,55,56,57,58,59,60,61,62,63,64,65,66,67,68,69,70,71,72,73,74,75,76,77,78,79,80,81,82,83,85,86,87,88,89,90,91,92,93,94,95,96,97,98,99 | LeAcc: 0.990
SVD Recovered Labels: 46,69,73,77 | LeAcc: 0.040
Start Experiment 36
***************************************************************
Ground-truth Labels: 0,1,2,3,4,5,6,7,8,9,10,11,12,13,14,15,16,17,18,19,20,21,22,23,24,25,26,27,28,29,30,31,32,33,34,35,36,37,38,39,40,41,42,43,44,45,46,47,48,49,50,51,52,53,54,55,56,57,58,59,60,61,62,63,64,65,66,67,68,69,70,71,72,73,74,75,76,77,78,79,80,81,82,83,84,85,86,87,88,89,90,91,92,93,94,95,96,97,98,99
Ground-truth Num of Instances: 2,9,3,4,5,7,5,3,3,6,6,8,10,2,4,7,5,5,4,3,4,7,4,4,4,3,7,4,6,5,8,9,3,5,7,2,1,2,3,3,3,9,3,1,5,4,3,4,8,10,5,2,5,2,5,4,6,7,5,8,4,5,6,3,5,7,7,6,10,4,7,5,7,6,6,7,6,5,7,3,7,8,7,3,5,3,8,4,5,6,7,4,4,2,4,6,6,4,9,3
Our Recovered Labels: 0,1,2,3,4,5,6,7,8,9,10,11,12,13,14,15,16,17,18,19,20,21,22,23,24,25,26,27,28,29,30,31,32,33,34,35,36,37,38,39,40,41,42,43,44,45,46,47,48,49,50,51,52,53,54,55,56,57,58,59,60,61,62,63,64,65,66,67,68,69,70,71,72,73,74,75,76,77,78,79,80,81,82,83,84,85,86,87,88,89,90,91,92,93,94,95,96,97,98,99 | LeAcc: 1.000
Our Recovered Num of Instances: 2,9,3,4,5,7,5,3,3,6,6,8,10,2,4,7,5,5,4,3,4,7,4,4,4,3,7,4,6,5,8,9,3,5,7,2,1,2,3,3,3,9,3,1,5,4,3,4,8,10,5,2,5,2,5,4,6,7,5,8,4,5,6,3,5,7,7,6,10,4,7,5,7,6,6,7,6,5,12,3,7,8,7,3,5,3,8,4,5,6,7,4,4,2,4,6,6,4,9,3 | LnAcc: 0.990 | IRec: 1.000
iDLG Recovered Labels: 1,5,6,9,11,12,15,16,17,20,21,22,24,26,28,29,30,31,34,41,48,49,57,58,59,62,65,66,68,70,72,75,77,78,80,81,82,84,86,89,90,95,96,98 | LeAcc: 0.440
GradInversion Recovered Labels: 0,1,2,3,4,5,6,7,8,9,10,11,12,13,14,15,16,17,18,19,20,21,22,23,24,25,26,27,28,29,30,31,32,33,34,35,36,37,38,39,40,41,42,43,44,45,46,47,48,49,50,51,52,53,54,55,56,57,58,59,60,61,62,63,64,65,66,67,68,69,70,71,72,73,74,75,76,77,78,79,80,81,82,83,84,85,86,87,88,89,90,91,92,93,94,95,96,97,98,99 | LeAcc: 1.000
SVD Recovered Labels: 52,57,82 | LeAcc: 0.030
Start Experiment 37
***************************************************************
Ground-truth Labels: 0,1,2,3,4,5,6,7,8,9,10,11,12,13,14,15,16,17,18,19,20,21,22,23,24,25,26,27,28,29,30,31,32,33,34,35,36,37,38,39,40,41,42,43,44,45,46,47,48,49,50,51,52,53,54,55,56,57,58,59,60,61,62,63,64,65,66,67,68,69,70,71,72,73,74,75,76,77,78,79,80,81,82,83,84,85,86,87,88,89,90,91,92,93,94,95,96,97,98,99
Ground-truth Num of Instances: 3,6,3,7,8,4,5,8,5,7,9,4,5,8,5,6,5,7,3,6,7,8,6,3,4,1,5,8,1,6,7,7,4,5,5,2,7,4,4,5,3,4,6,10,5,7,3,7,2,6,5,4,5,2,4,5,6,7,4,3,3,6,4,8,4,2,3,5,4,7,6,8,7,3,5,6,6,3,6,3,2,6,3,8,6,6,2,13,7,4,3,7,7,4,3,3,8,3,3,4
Our Recovered Labels: 0,1,2,3,4,5,6,7,8,9,10,11,12,13,14,15,16,17,18,19,20,21,22,23,24,25,26,27,28,29,30,31,32,33,34,35,36,37,38,39,40,41,42,43,44,45,46,47,48,49,50,51,52,53,54,55,56,57,58,59,60,61,62,63,64,65,66,67,68,69,70,71,72,73,74,75,76,77,78,79,80,81,82,83,84,85,86,87,88,89,90,91,92,93,94,95,96,97,98,99 | LeAcc: 1.000
Our Recovered Num of Instances: 3,6,3,7,8,4,5,8,5,7,9,4,5,8,5,6,5,7,3,6,7,8,6,3,4,1,5,8,1,6,7,7,4,5,5,2,7,4,4,5,3,4,6,10,5,7,3,7,2,6,5,4,5,2,4,5,6,7,4,3,3,6,4,8,4,2,3,5,4,8,6,8,7,3,5,6,6,3,6,3,2,6,3,8,6,6,2,18,7,4,3,7,7,4,3,3,8,3,3,4 | LnAcc: 0.980 | IRec: 1.000
iDLG Recovered Labels: 1,3,4,6,7,8,9,10,13,15,16,17,19,20,21,22,26,29,30,31,36,39,43,45,47,49,55,56,57,61,63,69,70,71,72,75,76,78,83,84,85,87,88,91,92,96 | LeAcc: 0.460
GradInversion Recovered Labels: 0,1,2,3,4,5,6,7,8,9,10,11,12,13,14,15,16,17,18,19,20,21,22,23,24,25,26,27,28,29,30,31,32,33,34,35,36,37,38,39,40,41,42,43,44,45,46,47,48,49,50,51,52,53,54,55,56,57,58,59,60,61,62,63,64,65,66,67,68,69,70,71,72,73,74,75,76,77,78,79,80,81,82,83,84,85,86,87,88,89,90,91,92,93,94,95,96,97,98,99 | LeAcc: 1.000
SVD Recovered Labels: 85 | LeAcc: 0.010
Start Experiment 38
***************************************************************
Ground-truth Labels: 0,1,2,3,4,5,6,7,8,9,10,11,12,13,14,15,16,17,18,19,20,21,22,23,24,25,26,27,28,29,30,31,32,33,34,35,36,37,38,39,40,41,42,43,44,45,46,47,48,49,50,51,52,53,54,55,56,57,58,59,60,61,62,63,64,65,66,67,68,69,70,71,72,73,74,75,76,77,78,79,80,81,82,83,84,85,86,87,88,89,90,91,92,93,94,95,96,97,98,99
Ground-truth Num of Instances: 8,4,9,1,7,4,4,8,4,1,3,5,4,3,12,4,5,6,5,4,6,6,6,5,3,3,5,4,5,11,3,4,7,6,5,4,7,10,5,3,4,1,11,4,6,1,2,2,11,8,6,5,5,3,3,5,5,5,6,5,2,7,7,3,8,4,10,3,8,6,2,7,5,1,4,3,7,1,3,5,3,5,5,8,5,3,3,2,6,11,7,2,3,5,6,4,3,9,9,10
Our Recovered Labels: 0,1,2,3,4,5,6,7,8,9,10,11,12,13,14,15,16,17,18,19,20,21,22,23,24,25,26,27,28,29,30,31,32,33,34,35,36,37,38,39,40,41,42,43,44,45,46,47,48,49,50,51,52,53,54,55,56,57,58,59,60,61,62,63,64,65,66,67,68,69,70,71,72,73,74,75,76,77,78,79,80,81,82,83,84,85,86,87,88,89,90,91,92,93,94,95,96,97,98,99 | LeAcc: 1.000
Our Recovered Num of Instances: 8,4,9,1,7,4,5,12,4,1,3,5,4,3,12,4,5,6,5,4,6,6,6,5,3,3,5,4,5,11,3,4,7,6,5,4,7,10,5,3,4,1,11,4,6,1,2,2,11,8,6,5,5,3,3,5,5,5,6,5,2,7,7,3,8,4,11,3,8,7,2,7,5,2,4,3,7,1,3,5,3,5,5,8,5,3,3,2,6,11,7,2,4,5,6,4,3,9,9,10 | LnAcc: 0.940 | IRec: 1.000
iDLG Recovered Labels: 0,2,4,5,6,7,11,14,16,17,20,22,26,29,32,34,36,37,40,42,44,48,49,50,52,57,58,59,61,62,64,66,68,69,71,72,76,83,84,89,90,94,95,97,98,99 | LeAcc: 0.460
GradInversion Recovered Labels: 0,1,2,3,4,5,6,7,8,9,10,11,12,13,14,15,16,17,18,19,20,21,22,23,24,25,26,27,28,29,30,31,32,33,34,35,36,37,38,39,40,41,42,43,44,45,46,47,48,49,50,51,52,53,54,55,56,57,58,59,60,61,62,63,64,65,66,67,68,69,70,71,72,73,74,75,76,78,79,80,81,82,83,84,85,86,87,88,89,90,91,92,93,94,95,96,97,98,99 | LeAcc: 0.990
SVD Recovered Labels: 0,87 | LeAcc: 0.020
Start Experiment 39
***************************************************************
Ground-truth Labels: 0,1,2,3,4,5,6,7,8,9,10,11,12,13,14,15,16,17,18,19,20,21,22,23,24,25,26,28,29,30,31,32,33,34,35,36,37,38,39,40,41,42,43,44,45,46,47,48,49,50,51,52,53,54,55,56,57,58,59,60,61,62,63,64,65,66,67,68,69,70,71,72,73,74,75,76,77,78,79,80,81,82,83,84,85,86,87,88,89,90,91,92,93,94,95,96,97,98,99
Ground-truth Num of Instances: 2,4,2,5,2,7,6,6,7,4,7,7,5,2,6,7,7,5,6,6,2,5,4,6,2,6,7,5,2,4,8,3,2,8,3,3,4,5,5,4,8,1,6,6,5,5,2,7,3,3,5,6,5,8,5,7,6,5,5,4,10,6,1,8,5,5,3,5,7,6,4,5,8,4,5,6,2,10,8,12,7,6,3,6,8,5,8,3,7,5,4,6,7,2,4,5,5,4,4
Our Recovered Labels: 0,1,2,3,4,5,6,7,8,9,10,11,12,13,14,15,16,17,18,19,20,21,22,23,24,25,26,28,29,30,31,32,33,34,35,36,37,38,39,40,41,42,43,44,45,46,47,48,49,50,51,52,53,54,55,56,57,58,59,60,61,62,63,64,65,66,67,68,69,70,71,72,73,74,75,76,77,78,79,80,81,82,83,84,85,86,87,88,89,90,91,92,93,94,95,96,97,98,99 | LeAcc: 1.000
Our Recovered Num of Instances: 2,4,2,5,2,7,7,7,7,4,7,7,7,2,6,7,7,5,6,6,2,5,4,6,2,6,7,5,2,4,8,3,2,8,3,3,4,5,5,4,8,1,6,6,5,5,2,7,3,3,5,6,5,8,5,7,6,5,5,4,10,6,1,8,5,5,3,5,7,6,4,5,8,4,5,6,2,10,11,12,7,6,3,6,8,5,9,3,7,5,4,6,7,2,4,5,5,4,4 | LnAcc: 0.950 | IRec: 1.000
iDLG Recovered Labels: 3,5,6,7,8,9,10,11,14,15,16,17,19,22,23,25,26,28,31,34,39,41,45,48,52,54,56,57,59,61,62,64,66,69,70,73,75,76,78,80,81,82,84,85,86,87,89,92,93,98 | LeAcc: 0.510
GradInversion Recovered Labels: 0,1,2,3,4,5,6,7,8,9,10,11,12,13,14,15,16,17,18,19,20,21,22,23,24,25,26,28,29,30,31,32,33,34,35,36,37,38,39,40,41,42,43,44,45,46,47,48,49,50,51,52,53,54,55,56,57,58,59,60,61,62,64,65,66,67,68,69,70,71,72,73,74,75,76,77,78,79,80,81,82,83,84,85,86,87,88,89,90,91,92,93,94,95,96,97,98,99 | LeAcc: 0.990
SVD Recovered Labels: 23,30,76 | LeAcc: 0.040
Start Experiment 40
***************************************************************
Ground-truth Labels: 0,1,2,3,4,5,6,7,8,9,10,11,12,13,14,15,16,17,18,19,20,21,22,23,24,25,26,27,28,29,30,31,32,33,34,35,36,37,38,39,40,41,42,43,44,45,46,47,48,49,50,51,52,53,54,55,56,57,58,59,60,61,62,63,64,65,66,67,68,69,70,71,72,73,74,75,76,77,78,79,80,81,82,83,84,85,86,87,88,89,90,91,92,93,94,95,96,97,98,99
Ground-truth Num of Instances: 6,6,7,5,2,7,7,6,8,4,9,6,7,4,6,5,3,2,5,2,1,4,3,9,9,6,2,5,4,6,3,7,3,4,5,9,8,1,3,6,10,7,4,5,4,6,5,2,7,5,3,6,7,5,7,3,3,11,4,5,7,3,7,6,4,6,5,8,7,5,3,2,1,6,4,5,8,5,8,8,3,4,5,1,5,5,5,5,5,5,6,3,4,6,8,5,4,5,1,5
Our Recovered Labels: 0,1,2,3,4,5,6,7,8,9,10,11,12,13,14,15,16,17,18,19,20,21,22,23,24,25,26,27,28,29,30,31,32,33,34,35,36,37,38,39,40,41,42,43,44,45,46,47,48,49,50,51,52,53,54,55,56,57,58,59,60,61,62,63,64,65,66,67,68,69,70,71,72,73,74,75,76,77,78,79,80,81,82,83,84,85,86,87,88,89,90,91,92,93,94,95,96,97,98,99 | LeAcc: 1.000
Our Recovered Num of Instances: 6,6,7,5,2,7,7,6,8,4,9,6,11,4,6,5,3,2,5,2,1,4,3,9,9,6,2,5,4,6,3,7,3,4,5,9,8,1,3,6,10,7,4,5,4,6,5,2,7,5,3,6,7,5,7,3,3,11,4,6,7,3,7,6,4,7,5,8,7,5,3,2,1,6,4,5,8,5,8,8,3,4,5,1,5,5,5,5,5,5,6,3,4,6,8,5,4,5,1,5 | LnAcc: 0.970 | IRec: 1.000
iDLG Recovered Labels: 0,1,2,3,5,6,7,8,10,11,12,14,15,23,24,29,31,35,36,40,41,45,48,51,52,53,54,57,60,62,65,67,68,69,73,76,78,79,82,85,86,89,90,94,97,99 | LeAcc: 0.460
GradInversion Recovered Labels: 0,1,2,3,4,5,6,7,8,9,10,11,12,13,14,15,16,17,18,19,20,21,22,23,24,25,26,27,28,29,30,31,32,33,34,35,36,37,38,39,40,41,42,43,44,45,46,47,48,49,50,51,52,53,54,55,56,57,58,59,60,61,62,63,64,65,66,67,68,69,70,71,72,73,74,75,76,77,78,79,80,81,82,83,84,85,86,87,88,89,90,91,92,93,94,95,96,97,98,99 | LeAcc: 1.000
SVD Recovered Labels: 15,31,95 | LeAcc: 0.030
Start Experiment 41
***************************************************************
Ground-truth Labels: 0,1,2,3,4,5,6,7,8,9,10,11,12,13,14,15,16,17,18,19,20,21,22,23,24,25,26,27,28,29,30,31,32,33,34,35,36,37,38,39,40,41,42,43,44,45,46,47,48,49,50,51,52,53,54,55,56,57,58,59,60,61,62,63,64,65,66,67,68,69,70,71,72,73,74,75,76,77,78,79,80,81,82,83,84,85,86,87,88,89,90,91,92,93,94,95,96,97,98,99
Ground-truth Num of Instances: 3,4,2,2,5,6,4,7,4,7,9,3,5,3,4,3,2,9,8,5,9,9,6,8,5,6,4,6,5,5,8,7,6,5,4,4,7,4,4,4,5,3,8,4,7,4,3,6,5,9,5,5,5,8,4,5,6,7,4,4,5,5,2,10,13,4,4,3,4,4,3,7,3,7,3,5,4,3,1,6,8,9,3,5,6,4,2,3,8,6,2,4,4,2,7,7,5,6,4,3
Our Recovered Labels: 0,1,2,3,4,5,6,7,8,9,10,11,12,13,14,15,16,17,18,19,20,21,22,23,24,25,26,27,28,29,30,31,32,33,34,35,36,37,38,39,40,41,42,43,44,45,46,47,48,49,50,51,52,53,54,55,56,57,58,59,60,61,62,63,64,65,66,67,68,69,70,71,72,73,74,75,76,77,78,79,80,81,82,83,84,85,86,87,88,89,90,91,92,93,94,95,96,97,98,99 | LeAcc: 1.000
Our Recovered Num of Instances: 3,4,2,2,5,6,4,7,4,7,9,3,5,3,4,3,2,9,8,5,9,9,6,8,5,6,4,6,5,5,8,7,6,5,4,4,7,4,4,4,5,3,8,4,7,4,3,6,5,9,5,5,5,8,4,5,6,7,4,4,5,5,2,10,13,4,4,3,4,4,3,7,3,7,3,5,4,3,1,6,8,9,3,5,6,4,2,3,8,6,2,4,4,2,7,7,5,6,4,3 | LnAcc: 1.000 | IRec: 1.000
iDLG Recovered Labels: 5,7,9,10,17,18,19,20,21,22,23,24,26,27,29,30,31,36,40,42,44,49,53,55,57,58,61,63,64,71,75,79,80,81,84,85,88,89,91,94,95,97 | LeAcc: 0.420
GradInversion Recovered Labels: 0,1,2,3,4,5,6,7,8,9,10,11,12,13,14,15,16,17,18,19,20,21,22,23,24,25,26,27,28,29,30,31,32,33,34,35,36,37,38,39,40,41,42,43,44,45,46,47,48,49,50,51,52,53,54,55,56,57,58,59,60,61,62,63,64,65,66,67,68,69,70,71,72,73,74,75,76,77,78,79,80,81,82,83,84,85,86,87,88,89,90,91,92,93,94,95,96,97,98,99 | LeAcc: 1.000
SVD Recovered Labels: 4,10,52 | LeAcc: 0.030
Start Experiment 42
***************************************************************
Ground-truth Labels: 0,1,2,3,4,5,6,7,8,9,10,11,12,13,14,15,16,17,18,19,20,21,22,23,24,25,26,27,28,29,30,31,32,33,34,35,36,37,38,39,40,41,42,43,44,45,46,47,48,49,50,51,52,53,54,55,56,57,58,59,60,61,62,63,64,65,66,67,68,69,70,71,72,73,74,75,76,77,78,79,80,81,82,83,84,85,86,87,88,89,90,91,92,93,94,95,96,97,98,99
Ground-truth Num of Instances: 5,5,5,3,10,5,3,3,5,10,1,4,7,5,2,5,6,5,6,6,5,4,4,9,3,3,4,7,5,7,5,9,2,2,2,7,3,6,4,8,7,6,9,6,3,2,8,4,6,6,8,8,9,5,7,4,5,6,6,5,4,5,6,3,4,3,5,3,2,8,4,2,4,5,8,4,4,5,4,4,8,5,6,10,5,3,4,4,4,3,6,4,7,5,6,3,4,7,2,9
Our Recovered Labels: 0,1,2,3,4,5,6,7,8,9,10,11,12,13,14,15,16,17,18,19,20,21,22,23,24,25,26,27,28,29,30,31,32,33,34,35,36,37,38,39,40,41,42,43,44,45,46,47,48,49,50,51,52,53,54,55,56,57,58,59,60,61,62,63,64,65,66,67,68,69,70,71,72,73,74,75,76,77,78,79,80,81,82,83,84,85,86,87,88,89,90,91,92,93,94,95,96,97,98,99 | LeAcc: 1.000
Our Recovered Num of Instances: 5,6,5,3,10,5,3,3,5,10,1,4,8,5,2,5,6,5,6,6,5,4,4,9,3,3,4,7,5,7,5,9,2,2,2,7,3,6,4,8,7,6,9,6,3,2,8,4,6,6,8,8,9,5,7,4,5,6,6,5,4,5,6,3,4,3,5,3,2,13,4,2,4,6,8,4,4,5,5,4,8,5,6,10,5,3,4,4,4,3,6,4,9,5,7,3,4,7,2,9 | LnAcc: 0.930 | IRec: 1.000
iDLG Recovered Labels: 0,4,5,8,9,12,13,15,16,19,20,23,27,28,29,31,35,37,39,40,41,42,46,48,49,50,51,52,53,54,56,57,58,61,62,69,74,76,77,80,81,82,83,86,90,92,94,97,99 | LeAcc: 0.490
GradInversion Recovered Labels: 0,1,2,3,4,5,6,7,8,9,11,12,13,14,15,16,17,18,19,20,21,22,23,24,25,26,27,28,29,30,31,32,33,34,35,36,37,38,39,40,41,42,43,44,45,46,47,48,49,50,51,52,53,54,55,56,57,58,59,60,61,62,63,64,65,66,67,68,69,70,71,72,73,74,75,76,77,78,79,80,81,82,83,84,85,86,87,88,89,90,91,92,93,94,95,96,97,98,99 | LeAcc: 0.990
SVD Recovered Labels: 27 | LeAcc: 0.010
Start Experiment 43
***************************************************************
Ground-truth Labels: 0,1,2,3,4,5,6,7,8,9,10,11,12,13,14,15,16,17,18,19,20,21,22,23,24,25,26,27,28,29,30,31,32,33,34,35,36,37,38,39,40,41,42,43,44,45,46,47,48,49,50,51,52,53,54,55,56,57,58,59,60,61,62,63,64,65,66,67,68,69,70,71,72,73,74,75,76,77,78,79,80,81,82,83,84,85,86,87,88,89,90,91,92,93,94,95,96,97,98,99
Ground-truth Num of Instances: 4,7,6,4,6,2,5,8,4,4,5,1,6,6,3,5,5,6,5,2,1,5,4,5,7,5,4,5,6,4,6,5,5,2,6,4,9,4,6,4,5,5,1,8,3,4,6,1,9,3,7,8,2,6,6,8,3,5,5,3,6,5,4,5,1,5,6,6,6,6,6,8,7,7,7,2,6,3,7,6,7,5,7,4,8,2,4,7,6,6,8,4,7,9,4,4,3,8,7,4
Our Recovered Labels: 0,1,2,3,4,5,6,7,8,9,10,11,12,13,14,15,16,17,18,19,20,21,22,23,24,25,26,27,28,29,30,31,32,33,34,35,36,37,38,39,40,41,42,43,44,45,46,47,48,49,50,51,52,53,54,55,56,57,58,59,60,61,62,63,64,65,66,67,68,69,70,71,72,73,74,75,76,77,78,79,80,81,82,83,84,85,86,87,88,89,90,91,92,93,94,95,96,97,98,99 | LeAcc: 1.000
Our Recovered Num of Instances: 4,7,6,4,6,2,5,8,4,4,5,1,6,6,3,5,5,6,5,2,1,5,4,5,7,5,4,5,6,4,6,5,5,2,6,4,9,4,6,4,5,5,1,8,3,4,6,1,9,3,9,8,2,6,6,8,3,5,5,3,6,5,4,5,1,5,6,6,6,6,6,8,7,8,7,2,6,3,7,6,7,5,7,4,8,2,4,7,6,6,8,4,8,9,9,4,3,8,7,5 | LnAcc: 0.950 | IRec: 1.000
iDLG Recovered Labels: 1,2,6,7,9,12,13,15,16,17,18,24,26,28,29,31,34,36,38,40,41,43,46,48,50,51,53,54,55,57,58,60,61,66,68,69,70,71,72,73,74,76,78,80,81,82,84,86,87,88,89,90,92,93,94,97,98 | LeAcc: 0.570
GradInversion Recovered Labels: 0,1,2,3,4,5,6,7,8,9,10,11,12,13,14,15,16,17,18,19,20,21,22,23,24,25,26,27,28,29,30,31,32,33,34,35,36,37,38,39,40,41,42,43,44,45,46,47,48,49,50,51,52,53,54,55,56,57,58,59,60,61,62,63,65,66,67,68,69,70,71,72,73,74,75,76,77,78,79,80,81,82,83,84,85,86,87,88,89,90,91,92,93,94,95,96,97,98,99 | LeAcc: 0.990
SVD Recovered Labels: 21,24,37,92 | LeAcc: 0.040
Start Experiment 44
***************************************************************
Ground-truth Labels: 0,1,2,3,4,5,6,7,8,9,10,11,12,13,14,15,16,17,18,19,20,21,22,23,24,25,26,27,28,29,30,31,32,33,34,35,36,37,38,39,40,41,42,43,44,45,46,47,48,49,50,51,52,53,54,55,56,57,58,59,60,61,62,63,64,65,66,67,68,69,70,71,72,73,74,75,76,77,78,79,80,81,82,83,84,85,86,87,88,89,90,91,92,93,94,95,96,97,98,99
Ground-truth Num of Instances: 3,5,6,5,3,9,6,5,8,3,4,7,5,6,6,4,5,2,8,4,8,7,4,8,5,6,2,7,5,2,11,8,2,13,2,4,2,8,4,6,5,8,6,6,5,5,6,7,3,3,2,5,1,7,3,4,7,4,6,7,8,9,8,2,7,4,8,4,4,5,2,7,6,3,1,5,8,4,5,4,4,7,6,5,2,3,4,4,4,11,4,3,4,2,7,1,6,8,2,3
Our Recovered Labels: 0,1,2,3,4,5,6,7,8,9,10,11,12,13,14,15,16,17,18,19,20,21,22,23,24,25,26,27,28,29,30,31,32,33,34,35,36,37,38,39,40,41,42,43,44,45,46,47,48,49,50,51,52,53,54,55,56,57,58,59,60,61,62,63,64,65,66,67,68,69,70,71,72,73,74,75,76,77,78,79,80,81,82,83,84,85,86,87,88,89,90,91,92,93,94,95,96,97,98,99 | LeAcc: 1.000
Our Recovered Num of Instances: 3,5,6,5,3,9,6,5,8,3,4,7,5,6,6,4,5,2,8,4,8,7,4,8,5,6,2,7,5,2,11,8,2,13,2,4,2,8,4,6,5,8,6,6,5,5,6,7,3,3,2,5,1,7,3,4,7,4,6,7,8,9,8,2,7,4,8,4,4,5,2,7,6,4,1,5,8,4,6,4,4,7,6,5,2,3,4,5,4,11,4,3,5,2,8,1,6,8,2,3 | LnAcc: 0.950 | IRec: 1.000
iDLG Recovered Labels: 2,3,5,6,7,8,11,13,14,16,18,19,20,21,22,23,24,25,27,28,30,31,33,37,39,41,46,47,51,53,56,57,58,59,60,61,62,64,66,69,71,76,78,81,82,83,86,89,94,96,97 | LeAcc: 0.510
GradInversion Recovered Labels: 0,1,2,3,4,5,6,7,8,9,10,11,12,13,14,15,16,17,18,19,20,21,22,23,24,25,26,27,28,29,30,31,32,33,34,35,36,37,38,39,40,41,42,43,44,45,46,47,48,49,50,51,52,53,54,55,56,57,58,59,60,61,62,63,64,65,66,67,68,69,70,71,72,73,75,76,77,78,79,80,81,82,83,84,85,86,87,88,89,90,91,92,93,94,95,96,97,98,99 | LeAcc: 0.990
SVD Recovered Labels: 28,46,82 | LeAcc: 0.030
Start Experiment 45
***************************************************************
Ground-truth Labels: 0,1,2,3,4,5,6,7,8,9,10,11,12,13,14,15,16,17,18,19,20,21,22,23,24,25,26,27,28,29,30,31,32,33,34,35,37,38,39,40,41,42,43,44,45,46,47,48,49,50,51,52,53,54,55,56,57,58,59,60,61,62,63,64,65,66,67,68,69,70,71,72,73,74,75,76,77,78,79,80,81,82,83,84,85,86,87,88,89,90,91,92,93,94,95,96,97,98,99
Ground-truth Num of Instances: 4,6,4,5,9,10,8,3,7,4,9,9,3,3,9,1,6,6,1,5,7,8,6,8,5,6,4,12,6,6,6,6,8,6,7,5,4,7,7,2,2,7,1,5,5,3,4,1,3,4,7,6,4,2,2,6,2,6,5,4,4,6,4,6,4,3,5,7,5,7,3,5,12,8,4,4,1,8,3,3,9,2,6,10,4,2,10,2,5,4,6,5,2,4,5,8,1,5,3
Our Recovered Labels: 0,1,2,3,4,5,6,7,8,9,10,11,12,13,14,15,16,17,18,19,20,21,22,23,24,25,26,27,28,29,30,31,32,33,34,35,37,38,39,40,41,42,43,44,45,46,47,48,49,50,51,52,53,54,55,56,57,58,59,60,61,62,63,64,65,66,67,68,69,70,71,72,73,74,75,76,77,78,79,80,81,82,83,84,85,86,87,88,89,90,91,92,93,94,95,96,97,98,99 | LeAcc: 1.000
Our Recovered Num of Instances: 4,6,4,5,9,10,8,3,7,4,9,9,3,3,11,1,6,6,1,5,7,8,6,8,5,6,4,12,6,6,6,6,8,6,7,5,4,7,7,2,2,7,1,5,5,3,4,1,3,4,7,6,4,2,2,6,2,6,5,4,4,6,4,6,4,3,5,7,5,7,3,5,12,8,4,4,1,8,3,3,9,2,7,10,4,2,10,2,5,4,6,6,2,4,5,8,1,5,3 | LnAcc: 0.970 | IRec: 1.000
iDLG Recovered Labels: 1,4,5,6,8,9,10,11,14,16,17,19,20,21,22,23,24,26,27,28,29,30,31,32,34,38,39,44,51,52,56,58,62,64,68,69,70,73,74,78,81,83,84,85,87,89,92,94,96,98 | LeAcc: 0.510
GradInversion Recovered Labels: 0,1,2,3,4,5,6,7,8,9,10,11,12,13,14,15,16,17,19,20,21,22,23,24,25,26,27,28,29,30,31,32,33,34,35,37,38,39,40,41,42,44,45,46,47,49,50,51,52,53,54,55,56,57,58,59,60,61,62,63,64,65,66,67,68,69,70,71,72,73,74,75,76,77,78,79,80,81,82,83,84,85,86,87,88,89,90,91,92,93,94,95,96,97,98,99 | LeAcc: 0.970
SVD Recovered Labels: 54,70,73 | LeAcc: 0.040
Start Experiment 46
***************************************************************
Ground-truth Labels: 0,1,2,3,4,5,6,7,8,9,10,11,12,13,14,15,16,17,18,19,20,21,22,23,24,25,26,27,28,29,30,31,32,33,34,35,36,37,38,39,40,41,42,43,44,45,46,47,48,49,50,51,52,53,54,55,56,57,58,59,60,61,62,63,64,65,66,67,68,69,70,71,72,73,74,75,76,77,78,79,80,81,82,83,84,85,86,87,88,89,90,91,92,93,94,95,96,97,98,99
Ground-truth Num of Instances: 8,7,6,3,6,6,7,2,4,7,4,5,5,6,7,5,5,7,7,4,7,5,3,7,5,3,6,10,3,3,6,2,4,8,4,6,3,4,12,2,7,9,3,4,6,4,7,5,4,3,5,3,2,6,8,3,7,11,4,4,5,4,7,6,6,2,4,3,8,2,7,5,5,3,6,4,12,7,5,3,4,3,7,4,2,4,1,5,3,4,6,4,5,7,2,10,2,7,7,2
Our Recovered Labels: 0,1,2,3,4,5,6,7,8,9,10,11,12,13,14,15,16,17,18,19,20,21,22,23,24,25,26,27,28,29,30,31,32,33,34,35,36,37,38,39,40,41,42,43,44,45,46,47,48,49,50,51,52,53,54,55,56,57,58,59,60,61,62,63,64,65,66,67,68,69,70,71,72,73,74,75,76,77,78,79,80,81,82,83,84,85,86,87,88,89,90,91,92,93,94,95,96,97,98,99 | LeAcc: 1.000
Our Recovered Num of Instances: 8,7,6,3,6,6,7,2,4,7,4,5,5,6,7,5,5,7,7,4,7,5,3,7,5,3,6,10,3,3,6,2,4,8,4,6,3,4,12,2,7,9,3,4,6,4,7,5,4,3,5,3,2,6,8,3,7,11,4,4,5,4,7,6,7,2,4,3,8,2,7,5,5,3,6,4,12,7,10,3,4,3,7,4,2,4,1,5,3,4,6,4,5,7,2,10,2,7,7,2 | LnAcc: 0.980 | IRec: 1.000
iDLG Recovered Labels: 0,1,2,5,6,9,13,14,15,16,17,20,23,24,26,27,30,33,35,38,40,41,46,53,54,56,57,62,64,68,70,72,74,76,77,82,85,90,93,95,97,98 | LeAcc: 0.420
GradInversion Recovered Labels: 0,1,2,3,4,5,6,7,8,9,10,11,12,13,14,15,16,17,18,19,20,21,22,23,24,25,26,27,28,29,30,31,32,33,34,35,36,37,38,39,40,41,42,43,44,45,46,47,48,49,50,51,52,53,54,55,56,57,58,59,60,61,62,63,64,65,66,67,68,69,70,71,72,73,74,75,76,77,78,79,80,81,82,83,84,85,86,87,88,89,90,91,92,93,94,95,96,97,98,99 | LeAcc: 1.000
SVD Recovered Labels: 11,13,34,46 | LeAcc: 0.040
Start Experiment 47
***************************************************************
Ground-truth Labels: 0,1,2,3,4,5,6,7,8,9,10,11,12,13,14,15,16,17,18,19,20,21,22,23,24,25,26,27,28,29,30,31,32,33,34,35,36,37,38,39,40,41,42,43,44,45,46,47,48,49,50,51,52,53,54,55,56,57,58,59,60,61,62,63,64,65,66,67,68,69,70,71,72,73,74,75,76,77,78,79,80,81,82,83,84,85,86,87,88,89,90,91,92,93,94,95,96,97,98,99
Ground-truth Num of Instances: 4,4,10,7,6,5,7,9,15,5,5,4,5,12,4,5,5,7,4,8,5,8,2,3,4,3,8,2,1,8,1,9,6,6,4,4,6,3,6,8,3,3,3,7,2,2,3,4,2,5,5,7,3,6,8,7,7,2,1,5,3,7,4,4,6,6,2,4,6,11,4,6,2,3,2,7,4,4,8,4,7,3,10,6,7,6,8,6,6,3,5,3,2,2,6,5,6,2,3,6
Our Recovered Labels: 0,1,2,3,4,5,6,7,8,9,10,11,12,13,14,15,16,17,18,19,20,21,22,23,24,25,26,27,28,29,30,31,32,33,34,35,36,37,38,39,40,41,42,43,44,45,46,47,48,49,50,51,52,53,54,55,56,57,58,59,60,61,62,63,64,65,66,67,68,69,70,71,72,73,74,75,76,77,78,79,80,81,82,83,84,85,86,87,88,89,90,91,92,93,94,95,96,97,98,99 | LeAcc: 1.000
Our Recovered Num of Instances: 4,7,10,7,6,5,7,9,15,5,5,4,5,12,4,5,5,7,4,8,5,8,2,3,4,3,8,2,1,8,1,9,7,6,4,4,6,3,6,8,3,3,3,7,2,2,3,4,2,5,5,7,3,6,8,7,7,2,1,5,3,7,4,4,6,6,2,4,6,11,4,6,2,5,2,7,4,4,8,4,7,3,10,6,7,6,8,6,6,3,5,3,3,2,6,5,6,2,3,6 | LnAcc: 0.960 | IRec: 1.000
iDLG Recovered Labels: 2,3,5,6,7,8,9,11,12,13,15,16,17,19,20,21,26,29,31,32,36,39,43,51,53,54,55,56,59,61,64,65,69,71,75,78,80,82,83,84,85,86,87,94,95,96,99 | LeAcc: 0.470
GradInversion Recovered Labels: 0,1,2,3,4,5,6,7,8,9,10,11,12,13,14,15,16,17,18,19,20,21,22,23,24,25,26,27,28,29,30,31,32,33,34,35,36,37,38,39,40,41,42,43,44,45,46,47,48,49,50,51,52,53,54,55,56,57,58,59,60,61,62,63,64,65,67,68,69,70,71,72,73,74,75,76,77,78,79,80,81,82,83,84,85,86,87,88,89,90,91,92,93,94,95,96,97,98,99 | LeAcc: 0.990
SVD Recovered Labels: 75,88 | LeAcc: 0.020
Start Experiment 48
***************************************************************
Ground-truth Labels: 0,1,2,3,4,5,6,7,8,9,10,11,12,13,14,15,16,17,18,19,20,21,22,23,24,25,26,27,28,29,30,31,32,33,34,35,36,37,38,39,40,41,42,43,44,45,46,47,48,49,50,51,52,53,54,55,56,57,58,59,60,61,62,63,64,65,66,67,68,69,70,71,72,73,74,75,76,77,78,79,80,81,82,83,84,85,86,87,88,89,90,91,92,93,94,95,96,97,98,99
Ground-truth Num of Instances: 2,5,5,4,4,8,11,4,5,9,2,11,4,8,6,4,5,6,6,6,7,3,4,7,4,2,7,2,5,5,2,6,5,10,3,7,6,5,4,5,8,5,5,4,1,5,9,5,5,4,2,6,4,4,6,3,8,9,5,6,5,6,8,4,5,4,13,6,6,2,7,4,5,8,9,3,3,4,3,7,6,4,4,6,3,4,4,6,5,6,4,5,2,5,3,4,3,3,2,3
Our Recovered Labels: 0,1,2,3,4,5,6,7,8,9,10,11,12,13,14,15,16,17,18,19,20,21,22,23,24,25,26,27,28,29,30,31,32,33,34,35,36,37,38,39,40,41,42,43,44,45,46,47,48,49,50,51,52,53,54,55,56,57,58,59,60,61,62,63,64,65,66,67,68,69,70,71,72,73,74,75,76,77,78,79,80,81,82,83,84,85,86,87,88,89,90,91,92,93,94,95,96,97,98,99 | LeAcc: 1.000
Our Recovered Num of Instances: 2,6,5,4,4,8,11,4,5,9,2,11,5,8,6,4,5,6,6,6,7,3,4,7,4,2,7,3,5,5,2,6,5,10,3,7,6,5,4,5,8,6,5,4,1,5,9,5,5,4,2,6,4,4,6,3,8,9,5,6,5,6,8,4,5,4,13,6,6,2,7,4,5,8,9,3,3,4,4,8,6,4,4,6,3,4,4,6,5,6,4,5,5,5,4,4,3,3,2,3 | LnAcc: 0.920 | IRec: 1.000
iDLG Recovered Labels: 2,5,6,8,9,11,13,14,17,18,19,20,22,23,24,26,31,32,33,35,36,37,40,41,45,46,51,54,56,57,58,59,61,62,66,68,70,71,73,74,79,80,83,85,87,89 | LeAcc: 0.460
GradInversion Recovered Labels: 0,1,2,3,4,5,6,7,8,9,10,11,12,13,14,15,16,17,18,19,20,21,22,23,24,25,26,27,28,29,30,31,32,33,34,35,36,37,38,39,40,41,42,43,44,45,46,47,48,49,50,51,52,53,54,55,56,57,58,59,60,61,62,63,64,65,66,67,68,69,70,71,72,73,74,75,76,77,78,79,80,81,82,83,84,85,86,87,88,89,90,91,92,93,94,95,96,97,98,99 | LeAcc: 1.000
SVD Recovered Labels: 4,40,41,86 | LeAcc: 0.040
Start Experiment 49
***************************************************************
Ground-truth Labels: 0,1,2,3,4,5,6,7,8,9,10,11,12,13,14,15,16,17,18,19,20,21,22,23,24,25,26,27,28,29,30,31,32,33,34,35,36,37,38,39,40,41,42,43,44,45,46,47,48,49,50,51,52,53,54,55,56,57,58,59,60,61,62,63,64,65,66,67,68,69,70,71,72,73,74,75,76,77,78,79,80,81,82,83,84,85,86,87,88,89,90,91,92,93,94,95,96,97,98,99
Ground-truth Num of Instances: 5,4,3,8,6,4,8,5,9,3,6,6,5,8,6,9,6,3,6,3,5,4,2,7,8,2,6,8,3,3,5,5,6,5,7,7,7,6,5,7,4,5,3,4,3,6,8,4,9,10,4,7,9,1,3,6,3,7,5,7,6,2,7,3,2,6,3,5,3,3,4,5,3,4,6,6,5,6,2,5,6,3,3,2,6,6,5,5,2,6,1,1,7,3,5,7,8,9,3,9
Our Recovered Labels: 0,1,2,3,4,5,6,7,8,9,10,11,12,13,14,15,16,17,18,19,20,21,22,23,24,25,26,27,28,29,30,31,32,33,34,35,36,37,38,39,40,41,42,43,44,45,46,47,48,49,50,51,52,53,54,55,56,57,58,59,60,61,62,63,64,65,66,67,68,69,70,71,72,73,74,75,76,77,78,79,80,81,82,83,84,85,86,87,88,89,90,91,92,93,94,95,96,97,98,99 | LeAcc: 1.000
Our Recovered Num of Instances: 5,8,3,8,6,4,8,5,9,3,6,6,7,8,6,9,6,3,6,3,5,4,2,7,8,2,6,8,3,3,5,5,6,5,7,7,7,6,5,7,4,5,3,4,3,6,8,4,9,10,4,7,9,1,3,6,3,7,5,7,6,2,7,3,2,6,3,5,3,3,4,5,3,5,6,6,5,6,7,5,6,3,3,2,6,6,5,6,2,6,1,1,9,3,6,7,8,9,3,9 | LnAcc: 0.930 | IRec: 1.000
iDLG Recovered Labels: 3,6,7,8,11,13,14,15,16,20,23,24,26,27,32,34,35,36,37,39,41,46,48,49,51,52,55,57,58,59,62,65,74,75,76,77,79,84,85,86,89,92,95,96,97,99 | LeAcc: 0.460
GradInversion Recovered Labels: 0,1,2,3,4,5,6,7,8,9,10,11,12,13,14,15,16,17,18,19,20,21,22,23,24,25,26,27,28,29,30,31,32,33,34,35,36,37,38,39,40,41,42,43,44,45,46,47,48,49,50,51,52,53,54,55,56,57,58,59,60,61,62,63,64,65,66,67,68,69,70,71,72,73,74,75,76,77,78,79,80,81,82,83,84,85,86,87,89,90,91,92,93,94,95,96,97,98,99 | LeAcc: 0.990
SVD Recovered Labels: 12,34,46 | LeAcc: 0.030
Start Experiment 50
***************************************************************
Ground-truth Labels: 0,1,2,3,4,5,6,7,8,9,10,11,12,13,14,15,16,17,18,19,20,21,22,23,24,25,26,27,28,29,30,31,32,33,34,35,36,37,38,39,40,41,42,43,44,45,46,47,48,49,50,51,52,53,54,55,56,57,58,59,60,61,62,63,64,65,66,67,68,69,70,71,72,73,74,75,76,77,78,79,80,81,82,83,84,85,86,87,88,89,90,91,92,93,94,95,96,97,98,99
Ground-truth Num of Instances: 2,5,4,5,4,6,5,13,14,6,8,5,3,9,8,5,6,7,2,1,6,7,6,7,5,5,9,4,5,6,5,6,4,7,5,4,5,7,7,7,3,1,4,4,4,1,2,4,5,4,4,7,4,5,4,5,5,4,5,6,3,4,7,3,3,7,5,3,2,7,7,4,5,2,3,6,6,2,5,7,7,5,1,6,4,7,5,4,5,4,5,8,7,2,8,4,8,9,2,4
Our Recovered Labels: 0,1,2,3,4,5,6,7,8,9,10,11,12,13,14,15,16,17,18,19,20,21,22,23,24,25,26,27,28,29,30,31,32,33,34,35,36,37,38,39,40,41,42,43,44,45,46,47,48,49,50,51,52,53,54,55,56,57,58,59,60,61,62,63,64,65,66,67,68,69,70,71,72,73,74,75,76,77,78,79,80,81,82,83,84,85,86,87,88,89,90,91,92,93,94,95,96,97,98,99 | LeAcc: 1.000
Our Recovered Num of Instances: 2,6,4,5,4,6,5,13,14,6,8,5,3,9,8,5,6,7,2,1,6,7,6,7,5,5,9,4,5,6,5,6,4,7,5,4,5,7,7,7,3,1,4,4,4,1,2,4,5,4,4,7,4,5,4,5,6,4,5,6,3,4,7,3,3,7,5,3,2,7,7,4,5,3,3,6,6,2,5,8,7,5,1,6,4,7,5,11,5,4,5,8,8,2,8,4,8,9,2,4 | LnAcc: 0.940 | IRec: 1.000
iDLG Recovered Labels: 3,5,6,7,8,9,10,13,14,15,16,17,20,21,22,23,24,26,28,29,31,36,37,38,39,51,56,58,59,62,65,69,70,75,76,78,79,80,83,85,86,91,92,94,96,97,99 | LeAcc: 0.470
GradInversion Recovered Labels: 0,1,2,3,4,5,6,7,8,9,10,11,12,13,14,15,16,17,18,19,20,21,22,23,24,25,26,27,28,29,30,31,32,33,34,35,36,37,38,39,40,41,42,43,44,46,47,48,49,50,51,52,53,54,55,56,57,58,59,60,61,62,63,64,65,66,67,68,69,70,71,72,73,74,75,76,77,78,79,80,81,83,84,85,86,87,88,89,90,91,92,93,94,95,96,97,98,99 | LeAcc: 0.980
SVD Recovered Labels: 25,30,51 | LeAcc: 0.030
---------------------------------------------------------------
Mean iDLG LeAcc: 0.464 | Mean GI LeAcc: 0.990 | Mean SVD LeAcc: 0.036 | Mean Ours LeAcc: 1.000 | Mean Ours LnAcc: 0.960 | Mean Ours IRec: 1.000
