running experiments at 2022-09-15-14:49:27
	log_dir: exp_res
	cpu: False
	num_tries: 50
	num_images: 24
	seed: 12
	alpha: 1
	simplified: False
	compare: True
	analysis: False
	data_path: data
	dataset: CIFAR100
	split: train
	distribution: random
	start_id: 0
	num_classes: 100
	num_uniform_cls: 32
	num_target_cls: 5
	max_size: 32
	model: lenet5
	trained_model: False
	iter_train: False
	epochs: 10
	iters: 1000
	batch_size: 128
	optimizer: SGD
	lr: 0.1
	scheduler: linear
	weight_decay: 0.0005
	warmup: False
	epoch_interval: 10
	iter_interval: 100
	mid_save: False
	model_path: models
	dryrun: False
	batchnorm: False
	dropout: False
	silu: True
	leaky_relu: False
	dim: 300
	n_hidden: 1
	defense: False
	defense_method: dp
	noise_std: 0.001
	clip_bound: 4
	sparse_ratio: 10
	prune_ratio: 10
	rec_img: False
	fix_labels: False
	gt_labels: False
	optim: ig
	restarts: 1
	cost_fn: sim
	indices: def
	weights: equal
	rec_lr: None
	rec_optimizer: adam
	signed: False
	boxed: False
	scoring_choice: loss
	init: randn
	tv: 1e-06
	l2: 1e-06
	max_iterations: 8000
	loss_thresh: 0.0001
	resume: False
	resume_iter: 200
	resume_imgs: images/ImageNet
	save_image: False
	image_path: images

Start Experiment 1
***************************************************************
Ground-truth Labels: 1,2,9,10,26,35,41,42,44,46,56,72,73,80,83,85,88,90,94,98,99
Ground-truth Num of Instances: 1,2,1,1,1,1,2,2,1,1,1,1,1,1,1,1,1,1,1,1,1
Our Recovered Labels: 1,2,9,10,26,35,41,42,44,46,56,72,73,80,83,85,88,90,94,98,99 | LeAcc: 1.000
Our Recovered Num of Instances: 1,2,1,1,1,1,2,2,1,1,1,1,1,1,1,1,1,1,1,1,1 | LnAcc: 1.000 | IRec: 1.000
iDLG Recovered Labels: 0,3,4,5,6,7,8,9,10,11,12,13,14,15,16,17,18,19,20,21,22,23,24,25,27,28,29,30,31,32,33,34,36,37,38,39,40,43,44,45,47,48,49,50,51,52,53,54,55,56,57,58,59,60,61,62,63,64,65,66,67,68,69,70,71,73,74,75,76,77,78,79,81,82,84,85,86,87,89,90,91,92,93,94,95,96,97 | LeAcc: 0.080
GradInversion Recovered Labels: 0,1,2,3,4,5,6,7,8,9,10,11,12,13,14,15,16,17,18,19,20,21,22,23,24,25,26,27,28,29,30,31,32,33,34,35,36,37,38,39,40,41,42,43,44,45,46,47,48,49,50,51,52,53,54,55,56,57,58,59,60,61,62,63,64,65,66,67,68,69,70,71,72,73,74,75,76,77,78,79,80,81,82,83,84,85,86,87,88,89,90,91,92,93,94,95,96,97,98,99 | LeAcc: 0.210
SVD Recovered Labels: 1,2,9,10,26,35,41,42,44,46,56,72,73,80,83,85,88,90,94,98,99 | LeAcc: 1.000
Start Experiment 2
***************************************************************
Ground-truth Labels: 3,9,27,29,49,52,54,55,71,72,76,78,82,84,85,86,87,98
Ground-truth Num of Instances: 3,2,1,1,1,1,1,1,1,2,1,1,2,1,2,1,1,1
Our Recovered Labels: 3,9,27,29,49,52,54,55,71,72,76,78,82,84,85,86,87,98 | LeAcc: 1.000
Our Recovered Num of Instances: 3,2,1,1,1,1,1,1,1,2,1,1,2,1,2,1,1,1 | LnAcc: 1.000 | IRec: 1.000
iDLG Recovered Labels: 0,1,2,3,4,5,6,7,8,10,11,12,13,14,15,16,17,18,19,20,21,22,23,24,25,26,28,30,31,32,33,34,35,36,37,38,39,40,41,42,43,44,45,46,47,48,49,50,51,53,55,56,57,58,59,60,61,62,63,64,65,66,67,68,69,70,71,73,74,75,77,78,79,80,81,83,85,87,88,89,90,91,92,93,94,95,96,97,99 | LeAcc: 0.070
GradInversion Recovered Labels: 0,1,2,3,4,5,6,7,8,9,10,11,12,13,14,15,16,17,18,19,20,21,22,23,24,25,26,27,28,29,30,31,32,33,34,35,36,37,38,39,40,41,42,43,44,45,46,47,48,49,50,51,52,53,54,55,56,57,58,59,60,61,62,63,64,65,66,67,68,69,70,71,72,73,74,75,76,77,78,79,80,81,82,83,84,85,86,87,88,89,90,91,92,93,94,95,96,97,98,99 | LeAcc: 0.180
SVD Recovered Labels: 3,9,27,29,49,52,54,55,71,72,76,78,82,84,85,86,87,98 | LeAcc: 1.000
Start Experiment 3
***************************************************************
Ground-truth Labels: 3,5,7,10,16,30,39,44,45,51,52,54,57,64,66,74,76,79,81,83,84,86,93,94
Ground-truth Num of Instances: 1,1,1,1,1,1,1,1,1,1,1,1,1,1,1,1,1,1,1,1,1,1,1,1
Our Recovered Labels: 3,5,7,10,16,30,39,44,45,51,52,54,57,64,66,74,76,79,81,83,84,86,93,94 | LeAcc: 1.000
Our Recovered Num of Instances: 1,1,1,1,1,1,1,1,1,1,1,1,1,1,1,1,1,1,1,1,1,1,1,1 | LnAcc: 1.000 | IRec: 1.000
iDLG Recovered Labels: 0,1,2,4,6,7,8,9,11,12,13,14,15,17,18,19,20,21,22,23,24,25,26,27,28,29,31,32,33,34,35,36,37,38,40,41,42,43,46,47,48,49,50,51,52,53,54,55,56,58,59,60,61,62,63,64,65,67,68,69,70,71,72,73,75,77,78,80,82,83,84,85,87,88,89,90,91,92,94,95,96,97,98,99 | LeAcc: 0.080
GradInversion Recovered Labels: 0,1,2,3,4,5,6,7,8,9,10,11,12,13,14,15,16,17,18,19,20,21,22,23,24,25,26,27,28,29,30,31,32,33,34,35,36,37,38,39,40,41,42,43,44,45,46,47,48,49,50,51,52,53,54,55,56,57,58,59,60,61,62,63,64,65,66,67,68,69,70,71,72,73,74,75,76,77,78,79,80,81,82,83,84,85,86,87,88,89,90,91,92,93,94,95,96,97,98,99 | LeAcc: 0.240
SVD Recovered Labels: 3,5,7,10,16,30,39,44,45,51,52,54,57,64,66,74,76,79,81,83,84,86,93,94 | LeAcc: 1.000
Start Experiment 4
***************************************************************
Ground-truth Labels: 2,15,26,28,29,34,41,47,50,52,55,56,57,58,63,64,65,73,74,84,92,97
Ground-truth Num of Instances: 1,1,1,1,2,1,1,1,1,1,1,1,2,1,1,1,1,1,1,1,1,1
Our Recovered Labels: 2,15,26,28,29,34,41,47,50,52,55,56,57,58,63,64,65,73,74,84,92,97 | LeAcc: 1.000
Our Recovered Num of Instances: 1,1,1,1,2,1,1,1,1,1,1,1,2,1,1,1,1,1,1,1,1,1 | LnAcc: 1.000 | IRec: 1.000
iDLG Recovered Labels: 0,1,2,3,4,5,6,7,8,9,10,11,13,14,15,16,17,18,19,20,21,22,23,24,25,26,27,29,30,31,32,33,35,36,37,38,39,40,42,43,44,45,46,48,49,50,51,52,53,54,56,58,59,60,61,62,66,67,68,69,70,71,72,73,74,75,76,77,78,80,81,82,83,85,86,87,88,89,90,91,93,94,95,96,98,99 | LeAcc: 0.120
GradInversion Recovered Labels: 0,1,2,3,4,5,6,7,8,9,10,11,12,13,14,15,16,17,18,19,20,21,22,23,24,25,26,27,28,29,30,31,32,33,34,35,36,37,38,39,40,41,42,43,44,45,46,47,48,49,50,51,52,53,54,55,56,57,58,59,60,61,62,63,64,65,66,67,68,69,70,71,72,73,74,75,76,77,78,79,80,81,82,83,84,85,86,87,88,89,90,91,92,93,94,95,96,97,98,99 | LeAcc: 0.220
SVD Recovered Labels: 2,15,26,28,29,34,41,47,50,52,55,56,57,58,63,64,65,73,74,84,92,97 | LeAcc: 1.000
Start Experiment 5
***************************************************************
Ground-truth Labels: 2,3,6,8,9,11,12,23,24,44,49,50,58,61,68,70,72,76,81,92,98
Ground-truth Num of Instances: 1,1,1,1,1,1,1,1,3,2,1,1,1,1,1,1,1,1,1,1,1
Our Recovered Labels: 2,3,6,8,9,11,12,23,24,44,49,50,58,61,68,70,72,76,81,92,98 | LeAcc: 1.000
Our Recovered Num of Instances: 1,1,1,1,1,1,1,1,3,2,1,1,1,1,1,1,1,1,1,1,1 | LnAcc: 1.000 | IRec: 1.000
iDLG Recovered Labels: 3,6,9,11,23,24,50,68,70,92,98 | LeAcc: 0.900
GradInversion Recovered Labels: 0,1,2,3,4,5,6,7,8,9,10,11,12,13,14,15,16,17,18,19,20,21,22,23,24,25,26,27,28,29,30,31,32,33,34,35,36,37,38,39,40,41,42,43,44,45,46,47,48,49,50,51,52,53,54,55,56,57,58,59,60,61,62,63,64,65,66,67,68,69,70,71,72,73,74,75,76,77,78,79,80,81,82,83,84,85,86,87,88,89,90,91,92,93,94,95,96,97,98,99 | LeAcc: 0.210
SVD Recovered Labels: 2,3,6,8,9,11,12,23,24,44,49,50,58,61,68,70,72,76,81,92,98 | LeAcc: 1.000
Start Experiment 6
***************************************************************
Ground-truth Labels: 3,4,9,12,18,25,27,29,31,45,54,56,57,62,64,78,80,86,87,88,89,95
Ground-truth Num of Instances: 1,1,1,1,1,1,1,1,1,2,1,1,1,1,1,1,2,1,1,1,1,1
Our Recovered Labels: 3,4,9,12,18,25,27,29,31,45,54,56,57,62,64,78,80,86,87,88,89,95 | LeAcc: 1.000
Our Recovered Num of Instances: 1,1,1,1,1,1,1,1,1,2,1,1,1,1,1,1,2,1,1,1,1,1 | LnAcc: 1.000 | IRec: 1.000
iDLG Recovered Labels: 0,1,2,3,5,6,7,8,10,11,12,13,14,15,16,17,19,20,21,22,23,24,25,26,27,28,30,31,32,33,34,35,36,37,38,39,40,41,42,43,44,46,47,48,49,50,51,52,53,55,58,59,60,61,62,63,64,65,66,67,68,69,70,71,72,73,74,75,76,77,79,81,82,83,84,85,90,91,92,93,94,95,96,97,98,99 | LeAcc: 0.080
GradInversion Recovered Labels: 0,1,2,3,4,5,6,7,8,9,10,11,12,13,14,15,16,17,18,19,20,21,22,23,24,25,26,27,28,29,30,31,32,33,34,35,36,37,38,39,40,41,42,43,44,45,46,47,48,49,50,51,52,53,54,55,56,57,58,59,60,61,62,63,64,65,66,67,68,69,70,71,72,73,74,75,76,77,78,79,80,81,82,83,84,85,86,87,88,89,90,91,92,93,94,95,96,97,98,99 | LeAcc: 0.220
SVD Recovered Labels: 3,4,9,12,18,25,27,29,31,45,54,56,57,62,64,78,80,86,87,88,89,95 | LeAcc: 1.000
Start Experiment 7
***************************************************************
Ground-truth Labels: 1,7,9,13,14,16,25,30,32,38,40,48,55,56,58,60,66,73,79,81,85
Ground-truth Num of Instances: 1,1,1,1,1,2,1,1,1,1,1,1,2,1,1,1,1,2,1,1,1
Our Recovered Labels: 1,7,9,13,14,16,25,30,32,38,40,48,55,56,58,60,66,73,79,81,85 | LeAcc: 1.000
Our Recovered Num of Instances: 1,1,1,1,1,2,1,1,1,1,1,1,2,1,1,1,1,2,1,1,1 | LnAcc: 1.000 | IRec: 1.000
iDLG Recovered Labels: 0,2,3,4,5,6,7,8,10,11,12,14,15,17,18,19,20,21,22,23,24,25,26,27,28,29,30,31,32,33,34,35,36,37,38,39,40,41,42,43,44,45,46,47,48,49,50,51,52,53,54,57,59,61,62,63,64,65,67,68,69,70,71,72,73,74,75,76,77,78,79,80,82,83,84,85,86,87,88,89,90,91,92,93,94,95,96,97,98,99 | LeAcc: 0.110
GradInversion Recovered Labels: 0,1,2,3,4,5,6,7,8,9,10,11,12,13,14,15,16,17,18,19,20,21,22,23,24,25,26,27,28,29,30,31,32,33,34,35,36,37,38,39,40,41,42,43,44,45,46,47,48,49,50,51,52,53,54,55,56,57,58,59,60,61,62,63,64,65,66,67,68,69,70,71,72,73,74,75,76,77,78,79,80,81,82,83,84,85,86,87,88,89,90,91,92,93,94,95,96,97,98,99 | LeAcc: 0.210
SVD Recovered Labels: 1,7,9,13,14,16,25,30,32,38,40,48,55,56,58,60,66,73,79,81,85 | LeAcc: 1.000
Start Experiment 8
***************************************************************
Ground-truth Labels: 5,12,16,18,20,23,26,28,31,32,42,53,57,64,65,68,71,73,82,89,91,96
Ground-truth Num of Instances: 1,1,1,1,1,1,1,1,1,1,1,1,2,2,1,1,1,1,1,1,1,1
Our Recovered Labels: 5,12,16,18,20,23,26,28,31,32,42,53,57,64,65,68,71,73,82,89,91,96 | LeAcc: 1.000
Our Recovered Num of Instances: 1,1,1,1,1,1,1,1,1,1,1,1,2,2,1,1,1,1,1,1,1,1 | LnAcc: 1.000 | IRec: 1.000
iDLG Recovered Labels: 0,1,2,3,4,6,7,8,9,10,11,13,14,15,17,19,21,22,23,24,25,26,27,28,29,30,31,33,34,35,36,37,38,39,40,41,43,44,45,46,47,48,49,50,51,52,54,55,56,57,58,59,60,61,62,63,66,67,69,70,72,74,75,76,77,78,79,80,81,82,83,84,85,86,87,88,90,91,92,93,94,95,97,98,99 | LeAcc: 0.070
GradInversion Recovered Labels: 0,1,2,3,4,5,6,7,8,9,10,11,12,13,14,15,16,17,18,19,20,21,22,23,24,25,26,27,28,29,30,31,32,33,34,35,36,37,38,39,40,41,42,43,44,45,46,47,48,49,50,51,52,53,54,55,56,57,58,59,60,61,62,63,64,65,66,67,68,69,70,71,72,73,74,75,76,77,78,79,80,81,82,83,84,85,86,87,88,89,90,91,92,93,94,95,96,97,98,99 | LeAcc: 0.220
SVD Recovered Labels: 5,12,16,18,20,23,26,28,31,32,42,53,57,64,65,68,71,73,82,89,91,96 | LeAcc: 1.000
Start Experiment 9
***************************************************************
Ground-truth Labels: 12,13,15,16,22,24,28,31,52,53,56,63,65,66,69,71,79,87,91,96,99
Ground-truth Num of Instances: 1,1,2,1,1,1,1,1,1,2,1,1,1,1,1,1,1,2,1,1,1
Our Recovered Labels: 12,13,15,16,22,24,28,31,52,53,56,63,65,66,69,71,79,87,91,96,99 | LeAcc: 1.000
Our Recovered Num of Instances: 1,1,2,1,1,1,1,1,1,2,1,1,1,1,1,1,1,2,1,1,1 | LnAcc: 1.000 | IRec: 1.000
iDLG Recovered Labels: 12,15,16,24,53,56 | LeAcc: 0.850
GradInversion Recovered Labels: 0,1,2,3,4,5,6,7,8,9,10,11,12,13,14,15,16,17,18,19,20,21,22,23,24,25,26,27,28,29,30,31,32,33,34,35,36,37,38,39,40,41,42,43,44,45,46,47,48,49,50,51,52,53,54,55,56,57,58,59,60,61,62,63,64,65,66,67,68,69,70,71,72,73,74,75,76,77,78,79,80,81,82,83,84,85,86,87,88,89,90,91,92,93,94,95,96,97,98,99 | LeAcc: 0.210
SVD Recovered Labels: 12,13,15,16,22,24,28,31,52,53,56,63,65,66,69,71,79,87,91,96,99 | LeAcc: 1.000
Start Experiment 10
***************************************************************
Ground-truth Labels: 3,4,5,6,8,11,13,14,17,18,20,23,38,41,66,69,70,72,78,88,91,92
Ground-truth Num of Instances: 2,1,1,1,1,1,1,1,1,1,1,1,1,1,1,1,1,1,1,2,1,1
Our Recovered Labels: 3,4,5,6,8,11,13,14,17,18,20,23,38,41,66,69,70,72,78,88,91,92 | LeAcc: 1.000
Our Recovered Num of Instances: 2,1,1,1,1,1,1,1,1,1,1,1,1,1,1,1,1,1,1,2,1,1 | LnAcc: 1.000 | IRec: 1.000
iDLG Recovered Labels: 0,1,2,4,5,7,8,9,10,12,13,15,16,17,18,19,20,21,22,24,25,26,27,28,29,30,31,32,33,34,35,36,37,39,40,42,43,44,45,46,47,48,49,50,51,52,53,54,55,56,57,58,59,60,61,62,63,64,65,67,68,71,73,74,75,76,77,79,80,81,82,83,84,85,86,87,88,89,90,92,93,94,95,96,97,98,99 | LeAcc: 0.090
GradInversion Recovered Labels: 0,1,2,3,4,5,6,7,8,9,10,11,12,13,14,15,16,17,18,19,20,21,22,23,24,25,26,27,28,29,30,31,32,33,34,35,36,37,38,39,40,41,42,43,44,45,46,47,48,49,50,51,52,53,54,55,56,57,58,59,60,61,62,63,64,65,66,67,68,69,70,71,72,73,74,75,76,77,78,79,80,81,82,83,84,85,86,87,88,89,90,91,92,93,94,95,96,97,98,99 | LeAcc: 0.220
SVD Recovered Labels: 3,4,5,6,8,11,13,14,17,18,20,23,38,41,66,69,70,72,78,88,91,92 | LeAcc: 1.000
Start Experiment 11
***************************************************************
Ground-truth Labels: 1,4,7,10,12,14,17,19,28,29,36,45,57,67,73,76,77,79,85,91,98
Ground-truth Num of Instances: 1,1,1,1,1,1,1,1,1,1,1,2,1,2,1,1,1,1,2,1,1
Our Recovered Labels: 1,4,7,10,12,14,17,19,28,29,36,45,57,67,73,76,77,79,85,91,98 | LeAcc: 1.000
Our Recovered Num of Instances: 1,1,1,1,1,1,1,1,1,1,1,2,1,2,1,1,1,1,2,1,1 | LnAcc: 1.000 | IRec: 1.000
iDLG Recovered Labels: 0,2,3,5,6,7,8,9,11,13,15,16,18,20,21,22,23,24,25,26,27,28,30,31,32,33,34,35,37,38,39,40,41,42,43,44,46,47,48,49,50,51,52,53,54,55,56,58,59,60,61,62,63,64,65,66,68,69,70,71,72,74,75,78,79,80,81,82,83,84,85,86,87,88,89,90,91,92,93,94,95,96,97,98,99 | LeAcc: 0.060
GradInversion Recovered Labels: 0,1,2,3,4,5,6,7,8,9,10,11,12,13,14,15,16,17,18,19,20,21,22,23,24,25,26,27,28,29,30,31,32,33,34,35,36,37,38,39,40,41,42,43,44,45,46,47,48,49,50,51,52,53,54,55,56,57,58,59,60,61,62,63,64,65,66,67,68,69,70,71,72,73,74,75,76,77,78,79,80,81,82,83,84,85,86,87,88,89,90,91,92,93,94,95,96,97,98,99 | LeAcc: 0.210
SVD Recovered Labels: 1,4,7,10,12,14,17,19,28,29,36,45,57,67,73,76,77,79,85,91,98 | LeAcc: 1.000
Start Experiment 12
***************************************************************
Ground-truth Labels: 1,15,23,36,48,52,56,57,60,61,65,67,72,74,76,79,84,86,87,91,93,97,99
Ground-truth Num of Instances: 1,1,1,1,1,1,1,1,1,1,1,1,1,1,1,1,1,2,1,1,1,1,1
Our Recovered Labels: 1,15,23,36,48,52,56,57,60,61,65,67,72,74,76,79,84,86,87,91,93,97,99 | LeAcc: 1.000
Our Recovered Num of Instances: 1,1,1,1,1,1,1,1,1,1,1,1,1,1,1,1,1,2,1,1,1,1,1 | LnAcc: 1.000 | IRec: 1.000
iDLG Recovered Labels: 0,2,3,4,5,6,7,8,9,10,11,12,13,14,15,16,17,18,19,20,21,22,24,25,26,27,28,29,30,31,32,33,34,35,37,38,39,40,41,42,43,44,45,46,47,48,49,50,51,52,53,54,55,57,58,59,62,63,64,66,68,69,70,71,73,75,77,78,80,81,82,83,84,85,86,88,89,90,91,92,94,95,96,98 | LeAcc: 0.070
GradInversion Recovered Labels: 0,1,2,3,4,5,6,7,8,9,10,11,12,13,14,15,16,17,18,19,20,21,22,23,24,25,26,27,28,29,30,31,32,33,34,35,36,37,38,39,40,41,42,43,44,45,46,47,48,49,50,51,52,53,54,55,56,57,58,59,60,61,62,63,64,65,66,67,68,69,70,71,72,73,74,75,76,77,78,79,80,81,82,83,84,85,86,87,88,89,90,91,92,93,94,95,96,97,98,99 | LeAcc: 0.230
SVD Recovered Labels: 1,15,23,36,48,52,56,57,60,61,65,67,72,74,76,79,84,86,87,91,93,97,99 | LeAcc: 1.000
Start Experiment 13
***************************************************************
Ground-truth Labels: 1,4,10,11,16,23,26,31,34,46,58,62,68,70,72,77,80,81,83,85,90,98
Ground-truth Num of Instances: 2,1,1,2,1,1,1,1,1,1,1,1,1,1,1,1,1,1,1,1,1,1
Our Recovered Labels: 1,4,10,11,16,23,26,31,34,46,58,62,68,70,72,77,80,81,83,85,90,98 | LeAcc: 1.000
Our Recovered Num of Instances: 2,1,1,2,1,1,1,1,1,1,1,1,1,1,1,1,1,1,1,1,1,1 | LnAcc: 1.000 | IRec: 1.000
iDLG Recovered Labels: 0,2,3,4,5,6,7,8,9,11,12,13,14,15,16,17,18,19,20,21,22,24,25,27,28,29,30,32,33,35,36,37,38,39,40,41,42,43,44,45,47,48,49,50,51,52,53,54,55,56,57,58,59,60,61,62,63,64,65,66,67,69,71,73,74,75,76,77,78,79,80,81,82,84,85,86,87,88,89,90,91,92,93,94,95,96,97,98,99 | LeAcc: 0.110
GradInversion Recovered Labels: 0,1,2,3,4,5,6,7,8,9,10,11,12,13,14,15,16,17,18,19,20,21,22,23,24,25,26,27,28,29,30,31,32,33,34,35,36,37,38,39,40,41,42,43,44,45,46,47,48,49,50,51,52,53,54,55,56,57,58,59,60,61,62,63,64,65,66,67,68,69,70,71,72,73,74,75,76,77,78,79,80,81,82,83,84,85,86,87,88,89,90,91,92,93,94,95,96,97,98,99 | LeAcc: 0.220
SVD Recovered Labels: 1,4,10,11,16,23,26,31,34,46,58,62,68,70,72,77,80,81,83,85,90,98 | LeAcc: 1.000
Start Experiment 14
***************************************************************
Ground-truth Labels: 0,2,15,22,23,27,30,33,41,44,46,49,50,56,64,68,69,70,78,83,93,98
Ground-truth Num of Instances: 1,1,1,1,1,1,1,1,1,2,1,1,1,1,1,1,1,1,1,1,1,2
Our Recovered Labels: 0,2,15,22,23,27,30,33,41,44,46,49,50,56,64,68,69,70,78,83,93,98 | LeAcc: 1.000
Our Recovered Num of Instances: 1,1,1,1,1,1,1,1,1,2,1,1,1,1,1,1,1,1,1,1,1,2 | LnAcc: 1.000 | IRec: 1.000
iDLG Recovered Labels: 1,3,4,5,6,7,8,9,10,11,12,13,14,16,17,18,19,20,21,22,23,24,25,26,28,29,30,31,32,33,34,35,36,37,38,39,40,42,43,44,45,46,47,48,49,51,52,53,54,55,56,57,58,59,60,61,62,63,65,66,67,70,71,72,73,74,75,76,77,79,80,81,82,83,84,85,86,87,88,89,90,91,92,94,95,96,97,98,99 | LeAcc: 0.110
GradInversion Recovered Labels: 0,1,2,3,4,5,6,7,8,9,10,11,12,13,14,15,16,17,18,19,20,21,22,23,24,25,26,27,28,29,30,31,32,33,34,35,36,37,38,39,40,41,42,43,44,45,46,47,48,49,50,51,52,53,54,55,56,57,58,59,60,61,62,63,64,65,66,67,68,69,70,71,72,73,74,75,76,77,78,79,80,81,82,83,84,85,86,87,88,89,90,91,92,93,94,95,96,97,98,99 | LeAcc: 0.220
SVD Recovered Labels: 0,2,15,22,23,27,30,33,41,44,46,49,50,56,64,68,69,70,78,83,93,98 | LeAcc: 1.000
Start Experiment 15
***************************************************************
Ground-truth Labels: 0,11,12,13,34,41,49,50,52,59,65,66,67,72,73,75,77,84,86,90,98
Ground-truth Num of Instances: 1,1,2,1,2,1,1,1,1,1,2,1,1,1,1,1,1,1,1,1,1
Our Recovered Labels: 0,11,12,13,34,41,49,50,52,59,65,66,67,72,73,75,77,84,86,90,98 | LeAcc: 1.000
Our Recovered Num of Instances: 1,1,2,1,2,1,1,1,1,1,2,1,1,1,1,1,1,1,1,1,1 | LnAcc: 1.000 | IRec: 1.000
iDLG Recovered Labels: 11,12,13,41,49,65,72,73,75,77,84,86,90 | LeAcc: 0.920
GradInversion Recovered Labels: 0,1,2,3,4,5,6,7,8,9,10,11,12,13,14,15,16,17,18,19,20,21,22,23,24,25,26,27,28,29,30,31,32,33,34,35,36,37,38,39,40,41,42,43,44,45,46,47,48,49,50,51,52,53,54,55,56,57,58,59,60,61,62,63,64,65,66,67,68,69,70,71,72,73,74,75,76,77,78,79,80,81,82,83,84,85,86,87,88,89,90,91,92,93,94,95,96,97,98,99 | LeAcc: 0.210
SVD Recovered Labels: 0,11,12,13,34,41,49,50,52,59,65,66,67,72,73,75,77,84,86,90,98 | LeAcc: 1.000
Start Experiment 16
***************************************************************
Ground-truth Labels: 14,15,16,19,25,32,40,41,47,48,54,62,71,77,91,92,93,94,95,97
Ground-truth Num of Instances: 1,2,1,1,1,1,1,1,1,1,1,1,1,1,2,1,2,2,1,1
Our Recovered Labels: 14,15,16,19,25,32,40,41,47,48,54,62,71,77,91,92,93,94,95,97 | LeAcc: 1.000
Our Recovered Num of Instances: 1,2,1,1,1,1,1,1,1,1,1,1,1,1,2,1,2,2,1,1 | LnAcc: 1.000 | IRec: 1.000
iDLG Recovered Labels: 0,1,2,3,4,5,6,7,8,9,10,11,12,13,14,16,17,18,20,21,22,23,24,26,27,28,29,30,31,32,33,34,35,36,37,38,39,41,42,43,44,45,46,49,50,51,52,53,55,56,57,58,59,60,61,63,64,65,66,67,68,69,70,71,72,73,74,75,76,78,79,80,81,82,83,84,85,86,87,88,89,90,91,92,93,96,98,99 | LeAcc: 0.080
GradInversion Recovered Labels: 0,1,2,3,4,5,6,7,8,9,10,11,12,13,14,15,16,17,18,19,20,21,22,23,24,25,26,27,28,29,30,31,32,33,34,35,36,37,38,39,40,41,42,43,44,45,46,47,48,49,50,51,52,53,54,55,56,57,58,59,60,61,62,63,64,65,66,67,68,69,70,71,72,73,74,75,76,77,78,79,80,81,82,83,84,85,86,87,88,89,90,91,92,93,94,95,96,97,98,99 | LeAcc: 0.200
SVD Recovered Labels: 14,15,16,19,25,32,40,41,47,48,54,62,71,77,91,92,93,94,95,97 | LeAcc: 1.000
Start Experiment 17
***************************************************************
Ground-truth Labels: 1,3,6,9,10,13,16,17,22,25,32,33,48,50,62,67,70,76,80,81,87,94,97
Ground-truth Num of Instances: 1,2,1,1,1,1,1,1,1,1,1,1,1,1,1,1,1,1,1,1,1,1,1
Our Recovered Labels: 1,3,6,9,10,13,16,17,22,25,32,33,48,50,62,67,70,76,80,81,87,94,97 | LeAcc: 1.000
Our Recovered Num of Instances: 1,2,1,1,1,1,1,1,1,1,1,1,1,1,1,1,1,1,1,1,1,1,1 | LnAcc: 1.000 | IRec: 1.000
iDLG Recovered Labels: 0,1,2,4,5,6,7,8,11,12,13,14,15,18,19,20,21,22,23,24,25,26,27,28,29,30,31,32,33,34,35,36,37,38,39,40,41,42,43,44,45,46,47,49,51,52,53,54,55,56,57,58,59,60,61,63,64,65,66,68,69,71,72,73,74,75,77,78,79,81,82,83,84,85,86,88,89,90,91,92,93,95,96,98,99 | LeAcc: 0.080
GradInversion Recovered Labels: 0,1,2,3,4,5,6,7,8,9,10,11,12,13,14,15,16,17,18,19,20,21,22,23,24,25,26,27,28,29,30,31,32,33,34,35,36,37,38,39,40,41,42,43,44,45,46,47,48,49,50,51,52,53,54,55,56,57,58,59,60,61,62,63,64,65,66,67,68,69,70,71,72,73,74,75,76,77,78,79,80,81,82,83,84,85,86,87,88,89,90,91,92,93,94,95,96,97,98,99 | LeAcc: 0.230
SVD Recovered Labels: 1,3,6,9,10,13,16,17,22,25,32,33,48,50,62,67,70,76,80,81,87,94,97 | LeAcc: 1.000
Start Experiment 18
***************************************************************
Ground-truth Labels: 1,3,10,15,28,29,34,35,37,38,61,65,69,70,73,76,89,91
Ground-truth Num of Instances: 2,1,1,1,1,1,2,1,1,1,2,2,2,1,2,1,1,1
Our Recovered Labels: 1,3,10,15,28,29,34,35,37,38,61,65,69,70,73,76,89,91 | LeAcc: 1.000
Our Recovered Num of Instances: 2,1,1,1,1,1,2,1,1,1,2,2,2,1,2,1,1,1 | LnAcc: 1.000 | IRec: 1.000
iDLG Recovered Labels: 0,2,3,4,5,6,7,8,9,11,12,13,14,16,17,18,19,20,21,22,23,24,25,26,27,28,29,30,31,32,33,36,37,39,40,41,42,43,44,45,46,47,48,49,50,51,52,53,54,55,56,57,58,59,60,62,63,64,66,67,68,69,70,71,72,74,75,77,78,79,80,81,82,83,84,85,86,87,88,89,90,91,92,93,94,95,96,97,98,99 | LeAcc: 0.080
GradInversion Recovered Labels: 0,1,2,3,4,5,6,7,8,9,10,11,12,13,14,15,16,17,18,19,20,21,22,23,24,25,26,27,28,29,30,31,32,33,34,35,36,37,38,39,40,41,42,43,44,45,46,47,48,49,50,51,52,53,54,55,56,57,58,59,60,61,62,63,64,65,66,67,68,69,70,71,72,73,74,75,76,77,78,79,80,81,82,83,84,85,86,87,88,89,90,91,92,93,94,95,96,97,98,99 | LeAcc: 0.180
SVD Recovered Labels: 1,3,10,15,28,29,34,35,37,38,61,65,69,70,73,76,89,91 | LeAcc: 1.000
Start Experiment 19
***************************************************************
Ground-truth Labels: 0,4,15,18,25,27,33,36,40,43,50,51,59,60,63,67,69,72,83,85,87,88,94,98
Ground-truth Num of Instances: 1,1,1,1,1,1,1,1,1,1,1,1,1,1,1,1,1,1,1,1,1,1,1,1
Our Recovered Labels: 0,4,15,18,25,27,33,36,40,43,50,51,59,60,63,67,69,72,83,85,87,88,94,98 | LeAcc: 1.000
Our Recovered Num of Instances: 1,1,1,1,1,1,1,1,1,1,1,1,1,1,1,1,1,1,1,1,1,1,1,1 | LnAcc: 1.000 | IRec: 1.000
iDLG Recovered Labels: 1,2,3,4,5,6,7,8,9,10,11,12,13,14,15,16,17,19,20,21,22,23,24,26,27,28,29,30,31,32,33,34,35,37,38,39,40,41,42,44,45,46,47,48,49,50,51,52,53,54,55,56,57,58,61,62,64,65,66,67,68,70,71,72,73,74,75,76,77,78,79,80,81,82,84,86,88,89,90,91,92,93,95,96,97,99 | LeAcc: 0.100
GradInversion Recovered Labels: 0,1,2,3,4,5,6,7,8,9,10,11,12,13,14,15,16,17,18,19,20,21,22,23,24,25,26,27,28,29,30,31,32,33,34,35,36,37,38,39,40,41,42,43,44,45,46,47,48,49,50,51,52,53,54,55,56,57,58,59,60,61,62,63,64,65,66,67,68,69,70,71,72,73,74,75,76,77,78,79,80,81,82,83,84,85,86,87,88,89,90,91,92,93,94,95,96,97,98,99 | LeAcc: 0.240
SVD Recovered Labels: 0,4,15,18,25,27,33,36,40,43,50,51,59,60,63,67,69,72,83,85,87,88,94,98 | LeAcc: 1.000
Start Experiment 20
***************************************************************
Ground-truth Labels: 5,11,12,19,26,28,33,36,43,49,51,53,61,68,72,73,74,75,79,85,94,98
Ground-truth Num of Instances: 1,1,1,1,1,1,1,1,1,1,1,2,1,1,1,1,1,1,1,1,2,1
Our Recovered Labels: 5,11,12,19,26,28,33,36,43,49,51,53,61,68,72,73,74,75,79,85,94,98 | LeAcc: 1.000
Our Recovered Num of Instances: 1,1,1,1,1,1,1,1,1,1,1,2,1,1,1,1,1,1,1,1,2,1 | LnAcc: 1.000 | IRec: 1.000
iDLG Recovered Labels: 1,2,3,4,6,8,9,10,11,12,13,14,15,16,17,18,20,21,22,23,24,26,27,28,29,30,31,32,35,36,37,38,39,40,42,44,45,46,47,50,53,54,55,57,58,59,60,62,63,64,65,66,67,69,70,71,72,73,74,75,76,77,78,82,84,86,88,89,90,91,92,93,95,96,97,99 | LeAcc: 0.220
GradInversion Recovered Labels: 0,1,2,3,4,5,6,7,8,9,10,11,12,13,14,15,16,17,18,19,20,21,22,23,24,25,26,27,28,29,30,31,32,33,34,35,36,37,38,39,40,41,42,43,44,45,46,47,48,49,50,51,52,53,54,55,56,57,58,59,60,61,62,63,64,65,66,67,68,69,70,71,72,73,74,75,76,77,78,79,80,81,82,83,84,85,86,87,88,89,90,91,92,93,94,95,96,97,98,99 | LeAcc: 0.220
SVD Recovered Labels: 5,11,12,19,26,28,33,36,43,49,51,53,61,68,72,73,74,75,79,85,94,98 | LeAcc: 1.000
Start Experiment 21
***************************************************************
Ground-truth Labels: 4,7,11,15,17,21,22,23,27,29,31,33,41,50,56,60,69,75,81,86,90,93,99
Ground-truth Num of Instances: 1,1,1,1,1,1,1,1,1,1,1,1,1,2,1,1,1,1,1,1,1,1,1
Our Recovered Labels: 4,7,11,15,17,21,22,23,27,29,31,33,41,50,56,60,69,75,81,86,90,93,99 | LeAcc: 1.000
Our Recovered Num of Instances: 1,1,1,1,1,1,1,1,1,1,1,1,1,2,1,1,1,1,1,1,1,1,1 | LnAcc: 1.000 | IRec: 1.000
iDLG Recovered Labels: 0,1,2,3,5,6,8,9,10,12,13,14,16,18,19,20,21,24,25,26,28,29,30,31,32,34,35,36,37,38,39,40,42,43,44,45,46,47,48,49,51,52,53,54,55,56,57,58,59,60,61,62,63,64,65,66,67,68,70,71,72,73,74,76,77,78,79,80,81,82,83,84,85,86,87,88,89,90,91,92,94,95,96,97,98,99 | LeAcc: 0.090
GradInversion Recovered Labels: 0,1,2,3,4,5,6,7,8,9,10,11,12,13,14,15,16,17,18,19,20,21,22,23,24,25,26,27,28,29,30,31,32,33,34,35,36,37,38,39,40,41,42,43,44,45,46,47,48,49,50,51,52,53,54,55,56,57,58,59,60,61,62,63,64,65,66,67,68,69,70,71,72,73,74,75,76,77,78,79,80,81,82,83,84,85,86,87,88,89,90,91,92,93,94,95,96,97,98,99 | LeAcc: 0.230
SVD Recovered Labels: 4,7,11,15,17,21,22,23,27,29,31,33,41,50,56,60,69,75,81,86,90,93,99 | LeAcc: 1.000
Start Experiment 22
***************************************************************
Ground-truth Labels: 8,9,12,14,21,29,32,40,43,45,47,48,53,58,60,64,72,73,74,76,98,99
Ground-truth Num of Instances: 1,1,2,1,1,1,1,2,1,1,1,1,1,1,1,1,1,1,1,1,1,1
Our Recovered Labels: 8,9,12,14,21,29,32,40,43,45,47,48,53,58,60,64,72,73,74,76,98,99 | LeAcc: 1.000
Our Recovered Num of Instances: 1,1,2,1,1,1,1,2,1,1,1,1,1,1,1,1,1,1,1,1,1,1 | LnAcc: 1.000 | IRec: 1.000
iDLG Recovered Labels: 0,1,2,3,4,5,6,7,9,10,11,13,14,15,16,17,18,19,20,21,22,23,24,25,26,27,28,29,30,31,33,34,35,36,37,38,39,40,41,42,44,46,49,50,51,52,54,55,56,57,59,60,61,62,63,65,66,67,68,69,70,71,75,76,77,78,79,80,81,82,83,84,85,86,87,88,89,90,91,92,93,94,95,96,97,98,99 | LeAcc: 0.090
GradInversion Recovered Labels: 0,1,2,3,4,5,6,7,8,9,10,11,12,13,14,15,16,17,18,19,20,21,22,23,24,25,26,27,28,29,30,31,32,33,34,35,36,37,38,39,40,41,42,43,44,45,46,47,48,49,50,51,52,53,54,55,56,57,58,59,60,61,62,63,64,65,66,67,68,69,70,71,72,73,74,75,76,77,78,79,80,81,82,83,84,85,86,87,88,89,90,91,92,93,94,95,96,97,98,99 | LeAcc: 0.220
SVD Recovered Labels: 8,9,12,14,21,29,32,40,43,45,47,48,53,58,60,64,72,73,74,76,98,99 | LeAcc: 1.000
Start Experiment 23
***************************************************************
Ground-truth Labels: 3,10,17,18,26,34,38,50,54,63,73,77,78,79,87,89,92,93,96,98
Ground-truth Num of Instances: 3,1,2,1,1,1,1,1,1,1,2,1,1,1,1,1,1,1,1,1
Our Recovered Labels: 3,10,17,18,26,34,38,50,54,63,73,77,78,79,87,89,92,93,96,98 | LeAcc: 1.000
Our Recovered Num of Instances: 3,1,2,1,1,1,1,1,1,1,2,1,1,1,1,1,1,1,1,1 | LnAcc: 1.000 | IRec: 1.000
iDLG Recovered Labels: 0,1,2,3,4,5,6,7,8,9,10,11,12,13,14,15,16,17,19,20,21,22,23,24,25,27,28,29,30,31,32,33,35,36,37,39,40,41,42,43,44,45,46,47,48,49,50,51,52,53,55,56,57,58,59,60,61,62,64,65,66,67,68,69,70,71,72,74,75,76,80,81,82,83,84,85,86,88,89,90,91,92,94,95,97,99 | LeAcc: 0.060
GradInversion Recovered Labels: 0,1,2,3,4,5,6,7,8,9,10,11,12,13,14,15,16,17,18,19,20,21,22,23,24,25,26,27,28,29,30,31,32,33,34,35,36,37,38,39,40,41,42,43,44,45,46,47,48,49,50,51,52,53,54,55,56,57,58,59,60,61,62,63,64,65,66,67,68,69,70,71,72,73,74,75,76,77,78,79,80,81,82,83,84,85,86,87,88,89,90,91,92,93,94,95,96,97,98,99 | LeAcc: 0.200
SVD Recovered Labels: 3,10,17,18,26,34,38,50,54,63,73,77,78,79,87,89,92,93,96,98 | LeAcc: 1.000
Start Experiment 24
***************************************************************
Ground-truth Labels: 4,7,18,23,30,34,36,39,44,46,47,49,52,59,69,74,75,79,88,90
Ground-truth Num of Instances: 1,1,1,1,2,1,1,1,1,1,1,1,1,2,3,1,1,1,1,1
Our Recovered Labels: 4,7,18,23,30,34,36,39,44,46,47,49,52,59,69,74,75,79,88,90 | LeAcc: 1.000
Our Recovered Num of Instances: 1,1,1,1,2,1,1,1,1,1,1,1,1,2,3,1,1,1,1,1 | LnAcc: 1.000 | IRec: 1.000
iDLG Recovered Labels: 0,1,2,3,5,6,7,8,9,10,11,12,13,14,15,16,17,19,20,21,22,23,24,25,26,27,28,29,31,32,33,35,36,37,38,39,40,41,42,43,45,48,50,51,52,53,54,55,56,57,58,60,61,62,63,64,65,66,67,68,69,70,71,72,73,74,76,77,78,80,81,82,83,84,85,86,87,89,91,92,93,94,95,96,97,98,99 | LeAcc: 0.070
GradInversion Recovered Labels: 0,1,2,3,4,5,6,7,8,9,10,11,12,13,14,15,16,17,18,19,20,21,22,23,24,25,26,27,28,29,30,31,32,33,34,35,36,37,38,39,40,41,42,43,44,45,46,47,48,49,50,51,52,53,54,55,56,57,58,59,60,61,62,63,64,65,66,67,68,69,70,71,72,73,74,75,76,77,78,79,80,81,82,83,84,85,86,87,88,89,90,91,92,93,94,95,96,97,98,99 | LeAcc: 0.200
SVD Recovered Labels: 4,7,18,23,30,34,36,39,44,46,47,49,52,59,69,74,75,79,88,90 | LeAcc: 1.000
Start Experiment 25
***************************************************************
Ground-truth Labels: 3,6,9,15,16,20,22,30,39,51,60,63,67,78,83,84,85,87,91,94
Ground-truth Num of Instances: 1,1,1,2,1,2,1,1,1,1,1,1,2,1,1,1,1,1,2,1
Our Recovered Labels: 3,6,9,15,16,20,22,30,39,51,60,63,67,78,83,84,85,87,91,94 | LeAcc: 1.000
Our Recovered Num of Instances: 1,1,1,2,1,2,1,1,1,1,1,1,2,1,1,1,1,1,2,1 | LnAcc: 1.000 | IRec: 1.000
iDLG Recovered Labels: 0,1,2,4,5,7,8,9,10,11,12,13,14,17,18,19,20,21,22,23,24,25,26,27,28,29,31,32,33,34,35,36,37,38,40,41,42,43,44,45,46,47,48,49,50,52,53,54,55,56,57,58,59,60,61,62,64,65,66,68,69,70,71,72,73,74,75,76,77,78,79,80,81,82,85,86,88,89,90,92,93,95,96,97,98,99 | LeAcc: 0.060
GradInversion Recovered Labels: 0,1,2,3,4,5,6,7,8,9,10,11,12,13,14,15,16,17,18,19,20,21,22,23,24,25,26,27,28,29,30,31,32,33,34,35,36,37,38,39,40,41,42,43,44,45,46,47,48,49,50,51,52,53,54,55,56,57,58,59,60,61,62,63,64,65,66,67,68,69,70,71,72,73,74,75,76,77,78,79,80,81,82,83,84,85,86,87,88,89,90,91,92,93,94,95,96,97,98,99 | LeAcc: 0.200
SVD Recovered Labels: 3,6,9,15,16,20,22,30,39,51,60,63,67,78,83,84,85,87,91,94 | LeAcc: 1.000
Start Experiment 26
***************************************************************
Ground-truth Labels: 3,4,5,15,17,21,25,33,35,43,58,71,76,81,82,85,89,90,93,94,99
Ground-truth Num of Instances: 1,2,1,1,1,1,1,2,1,1,1,1,1,2,1,1,1,1,1,1,1
Our Recovered Labels: 3,4,5,15,17,21,25,33,35,43,58,71,76,81,82,85,89,90,93,94,99 | LeAcc: 1.000
Our Recovered Num of Instances: 1,2,1,1,1,1,1,2,1,1,1,1,1,2,1,1,1,1,1,1,1 | LnAcc: 1.000 | IRec: 1.000
iDLG Recovered Labels: 0,1,2,4,6,7,8,9,10,11,12,13,14,16,17,18,19,20,21,22,23,24,26,27,28,29,30,31,32,33,34,35,36,37,38,39,40,41,42,44,45,46,47,48,49,50,51,52,53,54,55,56,57,58,59,60,61,62,63,64,65,66,67,68,69,70,71,72,73,74,75,77,78,79,80,83,84,85,86,87,88,89,91,92,94,95,96,97,98,99 | LeAcc: 0.110
GradInversion Recovered Labels: 0,1,2,3,4,5,6,7,8,9,10,11,12,13,14,15,16,17,18,19,20,21,22,23,24,25,26,27,28,29,30,31,32,33,34,35,36,37,38,39,40,41,42,43,44,45,46,47,48,49,50,51,52,53,54,55,56,57,58,59,60,61,62,63,64,65,66,67,68,69,70,71,72,73,74,75,76,77,78,79,80,81,82,83,84,85,86,87,88,89,90,91,92,93,94,95,96,97,98,99 | LeAcc: 0.210
SVD Recovered Labels: 3,4,5,15,17,21,25,33,35,43,58,71,76,81,82,85,89,90,93,94,99 | LeAcc: 1.000
Start Experiment 27
***************************************************************
Ground-truth Labels: 19,22,26,34,35,39,45,53,58,65,69,70,71,77,79,90,94,95,98
Ground-truth Num of Instances: 1,2,2,1,2,1,2,1,1,2,1,1,1,1,1,1,1,1,1
Our Recovered Labels: 19,22,26,34,35,39,45,53,58,65,69,70,71,77,79,90,94,95,98 | LeAcc: 1.000
Our Recovered Num of Instances: 1,2,2,1,2,1,2,1,1,2,1,1,1,1,1,1,1,1,1 | LnAcc: 1.000 | IRec: 1.000
iDLG Recovered Labels: 0,1,2,3,4,5,6,7,8,9,10,11,12,13,14,15,16,17,18,20,21,22,23,24,25,27,28,29,30,31,32,33,34,36,37,38,39,40,41,42,43,44,46,47,48,49,50,51,52,54,55,56,57,58,59,60,61,62,63,64,66,67,68,72,73,74,75,76,78,80,81,82,83,84,85,86,87,88,89,91,92,93,94,95,96,97,99 | LeAcc: 0.060
GradInversion Recovered Labels: 0,1,2,3,4,5,6,7,8,9,10,11,12,13,14,15,16,17,18,19,20,21,22,23,24,25,26,27,28,29,30,31,32,33,34,35,36,37,38,39,40,41,42,43,44,45,46,47,48,49,50,51,52,53,54,55,56,57,58,59,60,61,62,63,64,65,66,67,68,69,70,71,72,73,74,75,76,77,78,79,80,81,82,83,84,85,86,87,88,89,90,91,92,93,94,95,96,97,98,99 | LeAcc: 0.190
SVD Recovered Labels: 19,22,26,34,35,39,45,53,58,65,69,70,71,77,79,90,94,95,98 | LeAcc: 1.000
Start Experiment 28
***************************************************************
Ground-truth Labels: 11,12,16,23,31,33,34,38,39,43,47,51,53,55,56,61,63,64,66,80,81,88,91
Ground-truth Num of Instances: 1,1,1,1,1,1,1,1,2,1,1,1,1,1,1,1,1,1,1,1,1,1,1
Our Recovered Labels: 11,12,16,23,31,33,34,38,39,43,47,51,53,55,56,61,63,64,66,80,81,88,91 | LeAcc: 1.000
Our Recovered Num of Instances: 1,1,1,1,1,1,1,1,2,1,1,1,1,1,1,1,1,1,1,1,1,1,1 | LnAcc: 1.000 | IRec: 1.000
iDLG Recovered Labels: 0,1,2,3,4,5,6,7,8,9,10,11,12,13,14,15,16,17,18,19,20,21,22,23,24,25,26,27,28,29,30,32,35,36,37,40,41,42,43,44,45,46,47,48,49,50,52,53,54,55,57,58,59,60,62,63,64,65,67,68,69,70,71,72,73,74,75,76,77,78,79,80,81,82,83,84,85,86,87,89,90,92,93,94,95,96,97,98,99 | LeAcc: 0.120
GradInversion Recovered Labels: 0,1,2,3,4,5,6,7,8,9,10,11,12,13,14,15,16,17,18,19,20,21,22,23,24,25,26,27,28,29,30,31,32,33,34,35,36,37,38,39,40,41,42,43,44,45,46,47,48,49,50,51,52,53,54,55,56,57,58,59,60,61,62,63,64,65,66,67,68,69,70,71,72,73,74,75,76,77,78,79,80,81,82,83,84,85,86,87,88,89,90,91,92,93,94,95,96,97,98,99 | LeAcc: 0.230
SVD Recovered Labels: 11,12,16,23,31,33,34,38,39,43,47,51,53,55,56,61,63,64,66,80,81,88,91 | LeAcc: 1.000
Start Experiment 29
***************************************************************
Ground-truth Labels: 4,5,6,9,22,24,29,33,36,39,40,45,53,55,62,67,70,73,74,77,94,97
Ground-truth Num of Instances: 1,1,1,1,1,1,1,1,2,2,1,1,1,1,1,1,1,1,1,1,1,1
Our Recovered Labels: 4,5,6,9,22,24,29,33,36,39,40,45,53,55,62,67,70,73,74,77,94,97 | LeAcc: 1.000
Our Recovered Num of Instances: 1,1,1,1,1,1,1,1,2,2,1,1,1,1,1,1,1,1,1,1,1,1 | LnAcc: 1.000 | IRec: 1.000
iDLG Recovered Labels: 0,1,2,3,6,7,8,10,11,12,13,14,15,16,17,18,19,20,21,23,24,25,26,27,28,29,30,31,32,34,35,37,38,41,42,43,44,46,47,48,49,50,51,52,53,54,55,56,57,58,59,60,61,62,63,64,65,66,68,69,71,72,75,76,78,79,80,81,82,83,84,85,86,87,88,89,90,91,92,93,95,96,98,99 | LeAcc: 0.060
GradInversion Recovered Labels: 0,1,2,3,4,5,6,7,8,9,10,11,12,13,14,15,16,17,18,19,20,21,22,23,24,25,26,27,28,29,30,31,32,33,34,35,36,37,38,39,40,41,42,43,44,45,46,47,48,49,50,51,52,53,54,55,56,57,58,59,60,61,62,63,64,65,66,67,68,69,70,71,72,73,74,75,76,77,78,79,80,81,82,83,84,85,86,87,88,89,90,91,92,93,94,95,96,97,98,99 | LeAcc: 0.220
SVD Recovered Labels: 4,5,6,9,22,24,29,33,36,39,40,45,53,55,62,67,70,73,74,77,94,97 | LeAcc: 1.000
Start Experiment 30
***************************************************************
Ground-truth Labels: 2,3,4,5,10,19,23,26,29,36,37,49,58,64,65,68,72,77,81,82,98
Ground-truth Num of Instances: 1,1,3,1,1,1,1,1,1,1,1,1,1,1,2,1,1,1,1,1,1
Our Recovered Labels: 2,3,4,5,10,19,23,26,29,36,37,49,58,64,65,68,72,77,81,82,98 | LeAcc: 1.000
Our Recovered Num of Instances: 1,1,3,1,1,1,1,1,1,1,1,1,1,1,2,1,1,1,1,1,1 | LnAcc: 1.000 | IRec: 1.000
iDLG Recovered Labels: 0,1,3,5,6,7,8,9,11,12,13,14,15,16,17,18,20,21,22,23,24,25,27,28,29,30,31,32,33,34,35,37,38,39,40,41,42,43,44,45,46,47,48,49,50,51,52,53,54,55,56,57,59,60,61,62,63,66,67,69,70,71,73,74,75,76,78,79,80,83,84,85,86,87,88,89,90,91,92,93,94,95,96,97,99 | LeAcc: 0.060
GradInversion Recovered Labels: 0,1,2,3,4,5,6,7,8,9,10,11,12,13,14,15,16,17,18,19,20,21,22,23,24,25,26,27,28,29,30,31,32,33,34,35,36,37,38,39,40,41,42,43,44,45,46,47,48,49,50,51,52,53,54,55,56,57,58,59,60,61,62,63,64,65,66,67,68,69,70,71,72,73,74,75,76,77,78,79,80,81,82,83,84,85,86,87,88,89,90,91,92,93,94,95,96,97,98,99 | LeAcc: 0.210
SVD Recovered Labels: 2,3,4,5,10,19,23,26,29,36,37,49,58,64,65,68,72,77,81,82,98 | LeAcc: 1.000
Start Experiment 31
***************************************************************
Ground-truth Labels: 4,10,16,19,28,33,38,42,46,48,49,57,59,63,71,86,94,95,97,99
Ground-truth Num of Instances: 1,1,2,1,1,1,1,1,1,2,1,1,1,1,1,2,1,1,1,2
Our Recovered Labels: 4,10,16,19,28,33,38,42,46,48,49,57,59,63,71,86,94,95,97,99 | LeAcc: 1.000
Our Recovered Num of Instances: 1,1,2,1,1,1,1,1,1,2,1,1,1,1,1,2,1,1,1,2 | LnAcc: 1.000 | IRec: 1.000
iDLG Recovered Labels: 0,1,2,3,5,6,7,8,9,11,12,13,14,15,16,17,18,20,21,22,23,24,25,26,27,28,29,30,31,32,34,35,36,37,38,39,40,41,43,44,45,46,47,50,51,52,53,54,55,56,58,59,60,61,62,64,65,66,67,68,69,70,71,72,73,74,75,76,77,78,79,80,81,82,83,84,85,86,87,88,89,90,91,92,93,94,95,96,98 | LeAcc: 0.090
GradInversion Recovered Labels: 0,1,2,3,4,5,6,7,8,9,10,11,12,13,14,15,16,17,18,19,20,21,22,23,24,25,26,27,28,29,30,31,32,33,34,35,36,37,38,39,40,41,42,43,44,45,46,47,48,49,50,51,52,53,54,55,56,57,58,59,60,61,62,63,64,65,66,67,68,69,70,71,72,73,74,75,76,77,78,79,80,81,82,83,84,85,86,87,88,89,90,91,92,93,94,95,96,97,98,99 | LeAcc: 0.200
SVD Recovered Labels: 4,10,16,19,28,33,38,42,46,48,49,57,59,63,71,86,94,95,97,99 | LeAcc: 1.000
Start Experiment 32
***************************************************************
Ground-truth Labels: 13,22,26,37,43,47,49,53,58,61,66,67,70,72,75,77,80,85,89,97,98
Ground-truth Num of Instances: 1,1,1,1,1,1,1,1,1,1,2,1,1,2,1,1,1,1,2,1,1
Our Recovered Labels: 13,22,26,37,43,47,49,53,58,61,66,67,70,72,75,77,80,85,89,97,98 | LeAcc: 1.000
Our Recovered Num of Instances: 1,1,1,1,1,1,1,1,1,1,2,1,1,2,1,1,1,1,2,1,1 | LnAcc: 1.000 | IRec: 1.000
iDLG Recovered Labels: 0,1,2,3,4,5,6,7,8,9,10,11,12,14,15,16,17,18,19,20,21,23,24,25,27,28,29,30,31,32,33,34,35,36,38,39,40,41,42,43,44,45,46,47,48,50,51,52,54,55,56,57,58,59,60,61,62,63,64,65,66,68,69,71,73,74,75,76,78,79,81,82,83,84,85,86,87,88,90,91,92,93,94,95,96,99 | LeAcc: 0.070
GradInversion Recovered Labels: 0,1,2,3,4,5,6,7,8,9,10,11,12,13,14,15,16,17,18,19,20,21,22,23,24,25,26,27,28,29,30,31,32,33,34,35,36,37,38,39,40,41,42,43,44,45,46,47,48,49,50,51,52,53,54,55,56,57,58,59,60,61,62,63,64,65,66,67,68,69,70,71,72,73,74,75,76,77,78,79,80,81,82,83,84,85,86,87,88,89,90,91,92,93,94,95,96,97,98,99 | LeAcc: 0.210
SVD Recovered Labels: 13,22,26,37,43,47,49,53,58,61,66,67,70,72,75,77,80,85,89,97,98 | LeAcc: 1.000
Start Experiment 33
***************************************************************
Ground-truth Labels: 3,9,12,18,20,24,31,35,42,43,47,51,55,59,61,62,69,71,76,96,99
Ground-truth Num of Instances: 1,1,1,1,1,1,1,1,1,1,2,1,2,1,1,1,1,1,1,1,2
Our Recovered Labels: 3,9,12,18,20,24,31,35,42,43,47,51,55,59,61,62,69,71,76,96,99 | LeAcc: 1.000
Our Recovered Num of Instances: 1,1,1,1,1,1,1,1,1,1,2,1,2,1,1,1,1,1,1,1,2 | LnAcc: 1.000 | IRec: 1.000
iDLG Recovered Labels: 3,12,20,24,35,42,47,61,62,69,76,99 | LeAcc: 0.910
GradInversion Recovered Labels: 0,1,2,3,4,5,6,7,8,9,10,11,12,13,14,15,16,17,18,19,20,21,22,23,24,25,26,27,28,29,30,31,32,33,34,35,36,37,38,39,40,41,42,43,44,45,46,47,48,49,50,51,52,53,54,55,56,57,58,59,60,61,62,63,64,65,66,67,68,69,70,71,72,73,74,75,76,77,78,79,80,81,82,83,84,85,86,87,88,89,90,91,92,93,94,95,96,97,98,99 | LeAcc: 0.210
SVD Recovered Labels: 3,9,12,18,20,24,31,35,42,43,47,51,55,59,61,62,69,71,76,96,99 | LeAcc: 1.000
Start Experiment 34
***************************************************************
Ground-truth Labels: 2,3,10,11,17,21,25,29,30,33,47,56,57,64,65,70,71,74,83,92,94
Ground-truth Num of Instances: 2,2,1,1,1,1,1,2,1,1,1,1,1,1,1,1,1,1,1,1,1
Our Recovered Labels: 2,3,10,11,17,21,25,29,30,33,47,56,57,64,65,70,71,74,83,92,94 | LeAcc: 1.000
Our Recovered Num of Instances: 2,2,1,1,1,1,1,2,1,1,1,1,1,1,1,1,1,1,1,1,1 | LnAcc: 1.000 | IRec: 1.000
iDLG Recovered Labels: 0,1,4,5,6,7,8,9,10,12,13,14,15,16,17,18,19,20,22,23,24,25,26,27,28,31,32,34,35,36,37,38,39,40,41,42,43,44,45,46,48,49,50,51,52,53,54,55,57,58,59,60,61,62,63,66,67,68,69,70,72,73,74,75,76,77,78,79,80,81,82,83,84,85,86,87,88,89,90,91,93,94,95,96,97,98,99 | LeAcc: 0.080
GradInversion Recovered Labels: 0,1,2,3,4,5,6,7,8,9,10,11,12,13,14,15,16,17,18,19,20,21,22,23,24,25,26,27,28,29,30,31,32,33,34,35,36,37,38,39,40,41,42,43,44,45,46,47,48,49,50,51,52,53,54,55,56,57,58,59,60,61,62,63,64,65,66,67,68,69,70,71,72,73,74,75,76,77,78,79,80,81,82,83,84,85,86,87,88,89,90,91,92,93,94,95,96,97,98,99 | LeAcc: 0.210
SVD Recovered Labels: 2,3,10,11,17,21,25,29,30,33,47,56,57,64,65,70,71,74,83,92,94 | LeAcc: 1.000
Start Experiment 35
***************************************************************
Ground-truth Labels: 8,12,13,16,17,21,22,23,27,38,44,54,55,59,60,74,76,77,80,84,88
Ground-truth Num of Instances: 1,1,1,1,1,1,1,1,1,1,2,1,1,1,1,2,2,1,1,1,1
Our Recovered Labels: 8,12,13,16,17,21,22,23,27,38,44,54,55,59,60,74,76,77,80,84,88 | LeAcc: 1.000
Our Recovered Num of Instances: 1,1,1,1,1,1,1,1,1,1,2,1,1,1,1,2,2,1,1,1,1 | LnAcc: 1.000 | IRec: 1.000
iDLG Recovered Labels: 0,1,2,3,4,5,6,7,8,9,10,11,14,15,16,17,18,19,20,22,23,24,25,26,28,29,30,31,32,33,34,35,36,37,39,40,41,42,43,45,46,47,48,49,50,51,52,53,56,57,58,59,60,61,62,63,64,65,66,67,68,69,70,71,72,73,75,76,78,79,81,82,83,85,86,87,89,90,91,92,93,94,95,96,97,98,99 | LeAcc: 0.080
GradInversion Recovered Labels: 0,1,2,3,4,5,6,7,8,9,10,11,12,13,14,15,16,17,18,19,20,21,22,23,24,25,26,27,28,29,30,31,32,33,34,35,36,37,38,39,40,41,42,43,44,45,46,47,48,49,50,51,52,53,54,55,56,57,58,59,60,61,62,63,64,65,66,67,68,69,70,71,72,73,74,75,76,77,78,79,80,81,82,83,84,85,86,87,88,89,90,91,92,93,94,95,96,97,98,99 | LeAcc: 0.210
SVD Recovered Labels: 8,12,13,16,17,21,22,23,27,38,44,54,55,59,60,74,76,77,80,84,88 | LeAcc: 1.000
Start Experiment 36
***************************************************************
Ground-truth Labels: 2,12,17,18,35,39,50,51,56,65,68,71,75,83,89,91,96,97,98
Ground-truth Num of Instances: 2,1,1,2,1,1,1,1,2,1,1,1,1,1,1,2,1,1,2
Our Recovered Labels: 2,12,17,18,35,39,50,51,56,65,68,71,75,83,89,91,96,97,98 | LeAcc: 1.000
Our Recovered Num of Instances: 2,1,1,2,1,1,1,1,2,1,1,1,1,1,1,2,1,1,2 | LnAcc: 1.000 | IRec: 1.000
iDLG Recovered Labels: 0,1,3,4,5,6,7,8,9,10,11,12,13,14,15,16,17,19,20,21,22,23,24,25,26,27,28,29,30,31,32,33,34,36,37,38,40,41,42,43,44,45,46,47,48,49,52,53,54,55,57,58,59,60,61,62,63,64,66,67,68,69,70,71,72,73,74,76,77,78,79,80,81,82,83,84,85,86,87,88,90,91,92,93,94,95,99 | LeAcc: 0.060
GradInversion Recovered Labels: 0,1,2,3,4,5,6,7,8,9,10,11,12,13,14,15,16,17,18,19,20,21,22,23,24,25,26,27,28,29,30,31,32,33,34,35,36,37,38,39,40,41,42,43,44,45,46,47,48,49,50,51,52,53,54,55,56,57,58,59,60,61,62,63,64,65,66,67,68,69,70,71,72,73,74,75,76,77,78,79,80,81,82,83,84,85,86,87,88,89,90,91,92,93,94,95,96,97,98,99 | LeAcc: 0.190
SVD Recovered Labels: 2,12,17,18,35,39,50,51,56,65,68,71,75,83,89,91,96,97,98 | LeAcc: 1.000
Start Experiment 37
***************************************************************
Ground-truth Labels: 5,12,19,22,29,30,31,32,33,37,47,54,56,64,70,72,79,81,85,90
Ground-truth Num of Instances: 1,1,1,1,2,2,1,1,1,1,2,1,1,1,2,1,1,1,1,1
Our Recovered Labels: 5,12,19,22,29,30,31,32,33,37,47,54,56,64,70,72,79,81,85,90 | LeAcc: 1.000
Our Recovered Num of Instances: 1,1,1,1,2,2,1,1,1,1,2,1,1,1,2,1,1,1,1,1 | LnAcc: 1.000 | IRec: 1.000
iDLG Recovered Labels: 0,1,2,3,4,6,7,8,9,10,11,12,13,14,15,16,17,18,19,20,21,22,23,24,25,26,27,28,29,34,35,36,37,38,39,40,41,42,43,44,45,46,48,49,50,51,52,53,55,57,58,59,60,61,62,63,65,66,67,68,69,71,73,74,75,76,77,78,80,81,82,83,84,85,86,87,88,89,91,92,93,94,95,96,97,98,99 | LeAcc: 0.070
GradInversion Recovered Labels: 0,1,2,3,4,5,6,7,8,9,10,11,12,13,14,15,16,17,18,19,20,21,22,23,24,25,26,27,28,29,30,31,32,33,34,35,36,37,38,39,40,41,42,43,44,45,46,47,48,49,50,51,52,53,54,55,56,57,58,59,60,61,62,63,64,65,66,67,68,69,70,71,72,73,74,75,76,77,78,79,80,81,82,83,84,85,86,87,88,89,90,91,92,93,94,95,96,97,98,99 | LeAcc: 0.200
SVD Recovered Labels: 5,12,19,22,29,30,31,32,33,37,47,54,56,64,70,72,79,81,85,90 | LeAcc: 1.000
Start Experiment 38
***************************************************************
Ground-truth Labels: 3,20,21,24,26,31,32,36,41,43,47,54,61,64,68,76,77,95,97,98
Ground-truth Num of Instances: 1,2,1,1,1,1,1,1,1,2,1,1,1,1,1,1,2,1,1,2
Our Recovered Labels: 3,20,21,24,26,31,32,36,41,43,47,54,61,64,68,76,77,95,97,98 | LeAcc: 1.000
Our Recovered Num of Instances: 1,2,1,1,1,1,1,1,1,2,1,1,1,1,1,1,2,1,1,2 | LnAcc: 1.000 | IRec: 1.000
iDLG Recovered Labels: 0,1,2,4,5,6,7,8,9,10,11,12,13,14,15,16,17,18,19,22,23,24,25,26,27,28,29,30,32,33,34,35,37,38,39,40,41,42,44,45,46,47,48,49,50,51,52,53,54,55,56,57,58,59,60,61,62,63,64,65,66,67,69,70,71,72,73,74,75,76,78,79,80,81,82,83,84,85,86,87,88,89,90,91,92,93,94,96,98,99 | LeAcc: 0.100
GradInversion Recovered Labels: 0,1,2,3,4,5,6,7,8,9,10,11,12,13,14,15,16,17,18,19,20,21,22,23,24,25,26,27,28,29,30,31,32,33,34,35,36,37,38,39,40,41,42,43,44,45,46,47,48,49,50,51,52,53,54,55,56,57,58,59,60,61,62,63,64,65,66,67,68,69,70,71,72,73,74,75,76,77,78,79,80,81,82,83,84,85,86,87,88,89,90,91,92,93,94,95,96,97,98,99 | LeAcc: 0.200
SVD Recovered Labels: 3,20,21,24,26,31,32,36,41,43,47,54,61,64,68,76,77,95,97,98 | LeAcc: 1.000
Start Experiment 39
***************************************************************
Ground-truth Labels: 0,4,23,28,40,46,48,52,58,59,64,68,69,70,79,80,83,90,91,93,96,98
Ground-truth Num of Instances: 1,1,1,1,1,1,1,1,1,2,2,1,1,1,1,1,1,1,1,1,1,1
Our Recovered Labels: 0,4,23,28,40,46,48,52,58,59,64,68,69,70,79,80,83,90,91,93,96,98 | LeAcc: 1.000
Our Recovered Num of Instances: 1,1,1,1,1,1,1,1,1,2,2,1,1,1,1,1,1,1,1,1,1,1 | LnAcc: 1.000 | IRec: 1.000
iDLG Recovered Labels: 1,2,3,5,6,7,8,9,10,11,13,14,15,16,17,18,19,20,21,22,23,24,25,26,27,29,30,31,32,33,34,35,36,37,38,39,41,42,44,45,46,48,49,50,51,52,53,54,55,57,59,60,61,62,63,65,66,67,71,72,73,75,76,77,78,79,81,82,83,84,85,86,88,89,92,94,95,97,98,99 | LeAcc: 0.140
GradInversion Recovered Labels: 0,1,2,3,4,5,6,7,8,9,10,11,12,13,14,15,16,17,18,19,20,21,22,23,24,25,26,27,28,29,30,31,32,33,34,35,36,37,38,39,40,41,42,43,44,45,46,47,48,49,50,51,52,53,54,55,56,57,58,59,60,61,62,63,64,65,66,67,68,69,70,71,72,73,74,75,76,77,78,79,80,81,82,83,84,85,86,87,88,89,90,91,92,93,94,95,96,97,98,99 | LeAcc: 0.220
SVD Recovered Labels: 0,4,23,28,40,46,48,52,58,59,64,68,69,70,79,80,83,90,91,93,96,98 | LeAcc: 1.000
Start Experiment 40
***************************************************************
Ground-truth Labels: 6,15,20,34,47,48,53,54,55,57,60,64,66,69,72,75,81,84,85,86,87,88,94,96
Ground-truth Num of Instances: 1,1,1,1,1,1,1,1,1,1,1,1,1,1,1,1,1,1,1,1,1,1,1,1
Our Recovered Labels: 6,15,20,34,47,48,53,54,55,57,60,64,66,69,72,75,81,84,85,86,87,88,94,96 | LeAcc: 1.000
Our Recovered Num of Instances: 1,1,1,1,1,1,1,1,1,1,1,1,1,1,1,1,1,1,1,1,1,1,1,1 | LnAcc: 1.000 | IRec: 1.000
iDLG Recovered Labels: 0,1,2,3,4,5,7,8,9,10,11,12,13,14,15,16,17,18,19,20,21,22,23,24,25,26,27,28,29,30,31,32,33,35,36,37,38,39,40,41,42,43,44,45,46,49,50,51,52,56,58,59,60,61,62,63,65,67,68,70,71,72,73,74,76,77,78,79,80,82,83,85,86,89,90,91,92,93,94,95,96,97,98,99 | LeAcc: 0.080
GradInversion Recovered Labels: 0,1,2,3,4,5,6,7,8,9,10,11,12,13,14,15,16,17,18,19,20,21,22,23,24,25,26,27,28,29,30,31,32,33,34,35,36,37,38,39,40,41,42,43,44,45,46,47,48,49,50,51,52,53,54,55,56,57,58,59,60,61,62,63,64,65,66,67,68,69,70,71,72,73,74,75,76,77,78,79,80,81,82,83,84,85,86,87,88,89,90,91,92,93,94,95,96,97,98,99 | LeAcc: 0.240
SVD Recovered Labels: 6,15,20,34,47,48,53,54,55,57,60,64,66,69,72,75,81,84,85,86,87,88,94,96 | LeAcc: 1.000
Start Experiment 41
***************************************************************
Ground-truth Labels: 0,5,14,19,30,31,32,36,39,43,44,47,57,60,64,70,77,78,82,94
Ground-truth Num of Instances: 1,1,1,1,1,1,1,1,2,1,1,1,1,2,1,2,1,1,1,2
Our Recovered Labels: 0,5,14,19,30,31,32,36,39,43,44,47,57,60,64,70,77,78,82,94 | LeAcc: 1.000
Our Recovered Num of Instances: 1,1,1,1,1,1,1,1,2,1,1,1,1,2,1,2,1,1,1,2 | LnAcc: 1.000 | IRec: 1.000
iDLG Recovered Labels: 1,2,3,4,5,6,7,8,9,10,11,12,13,15,16,17,18,20,21,22,23,24,25,26,27,28,29,32,33,34,35,36,37,38,40,41,42,45,46,47,48,49,50,51,52,53,54,55,56,57,58,59,61,62,63,65,66,67,68,69,71,72,73,74,75,76,79,80,81,83,84,85,86,87,88,89,90,91,92,93,94,95,96,97,98,99 | LeAcc: 0.060
GradInversion Recovered Labels: 0,1,2,3,4,5,6,7,8,9,10,11,12,13,14,15,16,17,18,19,20,21,22,23,24,25,26,27,28,29,30,31,32,33,34,35,36,37,38,39,40,41,42,43,44,45,46,47,48,49,50,51,52,53,54,55,56,57,58,59,60,61,62,63,64,65,66,67,68,69,70,71,72,73,74,75,76,77,78,79,80,81,82,83,84,85,86,87,88,89,90,91,92,93,94,95,96,97,98,99 | LeAcc: 0.200
SVD Recovered Labels: 0,5,14,19,30,31,32,36,39,43,44,47,57,60,64,70,77,78,82,94 | LeAcc: 1.000
Start Experiment 42
***************************************************************
Ground-truth Labels: 1,5,6,8,9,10,12,17,23,24,33,43,46,52,58,64,72,84,94,96,97
Ground-truth Num of Instances: 1,1,1,1,1,2,1,2,1,1,1,1,1,1,2,1,1,1,1,1,1
Our Recovered Labels: 1,5,6,8,9,10,12,17,23,24,33,43,46,52,58,64,72,84,94,96,97 | LeAcc: 1.000
Our Recovered Num of Instances: 1,1,1,1,1,2,1,2,1,1,1,1,1,1,2,1,1,1,1,1,1 | LnAcc: 1.000 | IRec: 1.000
iDLG Recovered Labels: 0,2,3,4,6,7,9,11,13,14,15,16,17,18,19,20,21,22,24,25,26,27,28,29,30,31,32,33,34,35,36,37,38,39,40,41,42,43,44,45,47,48,49,50,51,53,54,55,56,57,59,60,61,62,63,65,66,67,68,69,70,71,72,73,74,75,76,77,78,79,80,81,82,83,85,86,87,88,89,90,91,92,93,95,97,98,99 | LeAcc: 0.080
GradInversion Recovered Labels: 0,1,2,3,4,5,6,7,8,9,10,11,12,13,14,15,16,17,18,19,20,21,22,23,24,25,26,27,28,29,30,31,32,33,34,35,36,37,38,39,40,41,42,43,44,45,46,47,48,49,50,51,52,53,54,55,56,57,58,59,60,61,62,63,64,65,66,67,68,69,70,71,72,73,74,75,76,77,78,79,80,81,82,83,84,85,86,87,88,89,90,91,92,93,94,95,96,97,98,99 | LeAcc: 0.210
SVD Recovered Labels: 1,5,6,8,9,10,12,17,23,24,33,43,46,52,58,64,72,84,94,96,97 | LeAcc: 1.000
Start Experiment 43
***************************************************************
Ground-truth Labels: 0,3,4,5,6,20,32,36,37,39,47,56,59,67,69,82,85,87,90,91,97,99
Ground-truth Num of Instances: 1,1,1,1,2,1,1,1,1,1,1,1,1,1,1,2,1,1,1,1,1,1
Our Recovered Labels: 0,3,4,5,6,20,32,36,37,39,47,56,59,67,69,82,85,87,90,91,97,99 | LeAcc: 1.000
Our Recovered Num of Instances: 1,1,1,1,2,1,1,1,1,1,1,1,1,1,1,2,1,1,1,1,1,1 | LnAcc: 1.000 | IRec: 1.000
iDLG Recovered Labels: 1,2,5,7,8,9,10,11,12,13,14,15,16,17,18,19,20,21,22,23,24,25,26,27,28,29,30,31,32,33,34,35,38,39,40,41,42,43,44,45,46,47,48,49,50,51,52,53,54,55,57,58,60,61,62,63,64,65,66,68,70,71,72,73,74,75,76,77,78,79,80,81,82,83,84,86,88,89,91,92,93,94,95,96,98 | LeAcc: 0.070
GradInversion Recovered Labels: 0,1,2,3,4,5,6,7,8,9,10,11,12,13,14,15,16,17,18,19,20,21,22,23,24,25,26,27,28,29,30,31,32,33,34,35,36,37,38,39,40,41,42,43,44,45,46,47,48,49,50,51,52,53,54,55,56,57,58,59,60,61,62,63,64,65,66,67,68,69,70,71,72,73,74,75,76,77,78,79,80,81,82,83,84,85,86,87,88,89,90,91,92,93,94,95,96,97,98,99 | LeAcc: 0.220
SVD Recovered Labels: 0,3,4,5,6,20,32,36,37,39,47,56,59,67,69,82,85,87,90,91,97,99 | LeAcc: 1.000
Start Experiment 44
***************************************************************
Ground-truth Labels: 1,2,3,15,22,25,32,33,40,45,48,53,57,59,61,63,65,66,85,86,87,96
Ground-truth Num of Instances: 1,1,1,2,1,1,1,1,2,1,1,1,1,1,1,1,1,1,1,1,1,1
Our Recovered Labels: 1,2,3,15,22,25,32,33,40,45,48,53,57,59,61,63,65,66,85,86,87,96 | LeAcc: 1.000
Our Recovered Num of Instances: 1,1,1,2,1,1,1,1,2,1,1,1,1,1,1,1,1,1,1,1,1,1 | LnAcc: 1.000 | IRec: 1.000
iDLG Recovered Labels: 0,4,5,6,7,8,9,10,11,12,13,14,15,16,17,18,19,20,21,23,24,26,27,28,29,30,31,33,34,35,36,37,38,39,40,41,42,43,44,45,46,47,48,49,50,51,52,54,55,56,58,59,60,61,62,64,67,68,69,70,71,72,73,74,75,76,77,78,79,80,81,82,83,84,85,88,89,90,91,92,93,94,95,97,98,99 | LeAcc: 0.080
GradInversion Recovered Labels: 0,1,2,3,4,5,6,7,8,9,10,11,12,13,14,15,16,17,18,19,20,21,22,23,24,25,26,27,28,29,30,31,32,33,34,35,36,37,38,39,40,41,42,43,44,45,46,47,48,49,50,51,52,53,54,55,56,57,58,59,60,61,62,63,64,65,66,67,68,69,70,71,72,73,74,75,76,77,78,79,80,81,82,83,84,85,86,87,88,89,90,91,92,93,94,95,96,97,98,99 | LeAcc: 0.220
SVD Recovered Labels: 1,2,3,15,22,25,32,33,40,45,48,53,57,59,61,63,65,66,85,86,87,96 | LeAcc: 1.000
Start Experiment 45
***************************************************************
Ground-truth Labels: 1,4,30,34,37,38,39,42,45,48,53,54,56,57,59,61,62,66,71,75,87,90,95
Ground-truth Num of Instances: 1,1,1,1,1,2,1,1,1,1,1,1,1,1,1,1,1,1,1,1,1,1,1
Our Recovered Labels: 1,4,30,34,37,38,39,42,45,48,53,54,56,57,59,61,62,66,71,75,87,90,95 | LeAcc: 1.000
Our Recovered Num of Instances: 1,1,1,1,1,2,1,1,1,1,1,1,1,1,1,1,1,1,1,1,1,1,1 | LnAcc: 1.000 | IRec: 1.000
iDLG Recovered Labels: 0,2,3,5,6,7,8,9,10,11,12,13,14,15,16,17,18,19,20,21,22,23,24,25,26,27,28,29,31,32,33,35,36,39,40,41,43,44,46,47,48,49,50,51,52,55,57,58,60,63,64,65,67,68,69,70,71,72,73,74,76,77,78,79,80,81,82,83,84,85,86,88,89,90,91,92,93,94,95,96,97,98,99 | LeAcc: 0.060
GradInversion Recovered Labels: 0,1,2,3,4,5,6,7,8,9,10,11,12,13,14,15,16,17,18,19,20,21,22,23,24,25,26,27,28,29,30,31,32,33,34,35,36,37,38,39,40,41,42,43,44,45,46,47,48,49,50,51,52,53,54,55,56,57,58,59,60,61,62,63,64,65,66,67,68,69,70,71,72,73,74,75,76,77,78,79,80,81,82,83,84,85,86,87,88,89,90,91,92,93,94,95,96,97,98,99 | LeAcc: 0.230
SVD Recovered Labels: 1,4,30,34,37,38,39,42,45,48,53,54,56,57,59,61,62,66,71,75,87,90,95 | LeAcc: 1.000
Start Experiment 46
***************************************************************
Ground-truth Labels: 0,3,12,24,31,34,40,45,48,49,59,61,68,69,71,72,74,78,83,96,98
Ground-truth Num of Instances: 1,1,1,1,1,1,1,2,1,1,1,1,2,1,1,1,2,1,1,1,1
Our Recovered Labels: 0,3,12,24,31,34,40,45,48,49,59,61,68,69,71,72,74,78,83,96,98 | LeAcc: 1.000
Our Recovered Num of Instances: 1,1,1,1,1,1,1,2,1,1,1,1,2,1,1,1,2,1,1,1,1 | LnAcc: 1.000 | IRec: 1.000
iDLG Recovered Labels: 1,2,3,4,5,6,7,8,9,10,11,12,13,14,15,16,17,18,19,20,21,22,23,25,26,27,28,29,30,32,33,34,35,36,37,38,39,41,42,43,44,45,46,47,50,51,52,53,54,55,56,57,58,59,60,61,62,63,64,65,66,67,68,70,71,73,75,76,77,79,80,81,82,84,85,86,87,88,89,90,91,92,93,94,95,97,98,99 | LeAcc: 0.090
GradInversion Recovered Labels: 0,1,2,3,4,5,6,7,8,9,10,11,12,13,14,15,16,17,18,19,20,21,22,23,24,25,26,27,28,29,30,31,32,33,34,35,36,37,38,39,40,41,42,43,44,45,46,47,48,49,50,51,52,53,54,55,56,57,58,59,60,61,62,63,64,65,66,67,68,69,70,71,72,73,74,75,76,77,78,79,80,81,82,83,84,85,86,87,88,89,90,91,92,93,94,95,96,97,98,99 | LeAcc: 0.210
SVD Recovered Labels: 0,3,12,24,31,34,40,45,48,49,59,61,68,69,71,72,74,78,83,96,98 | LeAcc: 1.000
Start Experiment 47
***************************************************************
Ground-truth Labels: 1,4,17,28,30,33,36,37,39,48,49,53,58,61,65,78,84,85,86,90,94
Ground-truth Num of Instances: 1,2,1,1,1,1,1,1,1,1,1,1,2,1,1,1,1,1,1,2,1
Our Recovered Labels: 1,4,17,28,30,33,36,37,39,48,49,53,58,61,65,78,84,85,86,90,94 | LeAcc: 1.000
Our Recovered Num of Instances: 1,2,1,1,1,1,1,1,1,1,1,1,2,1,1,1,1,1,1,2,1 | LnAcc: 1.000 | IRec: 1.000
iDLG Recovered Labels: 0,2,3,5,6,7,8,9,10,11,12,13,14,15,16,17,18,19,20,21,22,23,24,25,26,27,28,29,30,31,32,34,35,38,40,41,42,43,44,45,46,47,50,51,52,54,55,56,57,59,60,62,63,64,66,67,68,69,70,71,72,73,74,75,76,77,79,80,81,82,83,85,86,87,88,89,90,91,92,93,95,96,97,98,99 | LeAcc: 0.060
GradInversion Recovered Labels: 0,1,2,3,4,5,6,7,8,9,10,11,12,13,14,15,16,17,18,19,20,21,22,23,24,25,26,27,28,29,30,31,32,33,34,35,36,37,38,39,40,41,42,43,44,45,46,47,48,49,50,51,52,53,54,55,56,57,58,59,60,61,62,63,64,65,66,67,68,69,70,71,72,73,74,75,76,77,78,79,80,81,82,83,84,85,86,87,88,89,90,91,92,93,94,95,96,97,98,99 | LeAcc: 0.210
SVD Recovered Labels: 1,4,17,28,30,33,36,37,39,48,49,53,58,61,65,78,84,85,86,90,94 | LeAcc: 1.000
Start Experiment 48
***************************************************************
Ground-truth Labels: 3,5,8,9,10,14,16,19,21,23,26,36,37,48,51,56,58,73,83,95,97,98,99
Ground-truth Num of Instances: 1,1,1,1,1,1,1,1,1,1,1,2,1,1,1,1,1,1,1,1,1,1,1
Our Recovered Labels: 3,5,8,9,10,14,16,19,21,23,26,36,37,48,51,56,58,73,83,95,97,98,99 | LeAcc: 1.000
Our Recovered Num of Instances: 1,1,1,1,1,1,1,1,1,1,1,2,1,1,1,1,1,1,1,1,1,1,1 | LnAcc: 1.000 | IRec: 1.000
iDLG Recovered Labels: 0,1,2,4,6,7,8,9,10,11,12,13,15,17,18,20,22,24,25,26,27,28,29,30,31,32,33,34,35,37,38,39,40,41,42,43,44,45,46,47,48,49,50,52,53,54,55,57,59,60,61,62,63,64,65,66,67,68,69,70,71,72,74,75,76,77,78,79,80,81,82,83,84,85,86,87,88,89,90,91,92,93,94,96 | LeAcc: 0.070
GradInversion Recovered Labels: 0,1,2,3,4,5,6,7,8,9,10,11,12,13,14,15,16,17,18,19,20,21,22,23,24,25,26,27,28,29,30,31,32,33,34,35,36,37,38,39,40,41,42,43,44,45,46,47,48,49,50,51,52,53,54,55,56,57,58,59,60,61,62,63,64,65,66,67,68,69,70,71,72,73,74,75,76,77,78,79,80,81,82,83,84,85,86,87,88,89,90,91,92,93,94,95,96,97,98,99 | LeAcc: 0.230
SVD Recovered Labels: 3,5,8,9,10,14,16,19,21,23,26,36,37,48,51,56,58,73,83,95,97,98,99 | LeAcc: 1.000
Start Experiment 49
***************************************************************
Ground-truth Labels: 0,2,4,12,17,25,27,30,35,41,45,52,60,61,72,75,83,85,89,92,94,99
Ground-truth Num of Instances: 1,1,1,1,1,1,1,1,1,1,1,1,1,1,1,1,1,1,1,2,2,1
Our Recovered Labels: 0,2,4,12,17,25,27,30,35,41,45,52,60,61,72,75,83,85,89,92,94,99 | LeAcc: 1.000
Our Recovered Num of Instances: 1,1,1,1,1,1,1,1,1,1,1,1,1,1,1,1,1,1,1,2,2,1 | LnAcc: 1.000 | IRec: 1.000
iDLG Recovered Labels: 1,2,3,4,5,6,7,8,9,10,11,12,13,14,15,16,18,19,20,21,22,23,24,26,28,29,31,32,33,34,35,36,37,38,39,40,41,42,43,44,46,47,48,49,50,51,53,54,55,56,57,58,59,61,62,63,64,65,66,67,68,69,70,71,73,74,76,77,78,79,80,81,82,84,86,87,88,89,90,91,93,94,95,96,97,98,99 | LeAcc: 0.090
GradInversion Recovered Labels: 0,1,2,3,4,5,6,7,8,9,10,11,12,13,14,15,16,17,18,19,20,21,22,23,24,25,26,27,28,29,30,31,32,33,34,35,36,37,38,39,40,41,42,43,44,45,46,47,48,49,50,51,52,53,54,55,56,57,58,59,60,61,62,63,64,65,66,67,68,69,70,71,72,73,74,75,76,77,78,79,80,81,82,83,84,85,86,87,88,89,90,91,92,93,94,95,96,97,98,99 | LeAcc: 0.220
SVD Recovered Labels: 0,2,4,12,17,25,27,30,35,41,45,52,60,61,72,75,83,85,89,92,94,99 | LeAcc: 1.000
Start Experiment 50
***************************************************************
Ground-truth Labels: 0,5,8,12,18,29,30,33,36,38,43,50,53,79,85,87,92,98
Ground-truth Num of Instances: 2,2,2,1,1,1,2,1,1,1,1,2,1,1,1,1,2,1
Our Recovered Labels: 0,5,8,12,18,29,30,33,36,38,43,50,53,79,85,87,92,98 | LeAcc: 1.000
Our Recovered Num of Instances: 2,2,2,1,1,1,2,1,1,1,1,2,1,1,1,1,2,1 | LnAcc: 1.000 | IRec: 1.000
iDLG Recovered Labels: 0,1,2,3,4,5,6,7,9,10,11,12,13,14,15,16,17,19,20,21,22,23,24,25,26,27,28,29,31,32,34,35,37,39,40,41,42,44,45,46,47,48,49,51,52,54,55,56,57,58,59,60,61,62,63,64,65,66,67,68,69,70,71,72,73,74,75,76,77,78,79,80,81,82,83,84,85,86,87,88,89,90,91,92,93,94,95,96,97,99 | LeAcc: 0.080
GradInversion Recovered Labels: 0,1,2,3,4,5,6,7,8,9,10,11,12,13,14,15,16,17,18,19,20,21,22,23,24,25,26,27,28,29,30,31,32,33,34,35,36,37,38,39,40,41,42,43,44,45,46,47,48,49,50,51,52,53,54,55,56,57,58,59,60,61,62,63,64,65,66,67,68,69,70,71,72,73,74,75,76,77,78,79,80,81,82,83,84,85,86,87,88,89,90,91,92,93,94,95,96,97,98,99 | LeAcc: 0.180
SVD Recovered Labels: 0,5,8,12,18,29,30,33,36,38,43,50,53,79,85,87,92,98 | LeAcc: 1.000
---------------------------------------------------------------
Mean iDLG LeAcc: 0.150 | Mean GI LeAcc: 0.213 | Mean SVD LeAcc: 1.000 | Mean Ours LeAcc: 1.000 | Mean Ours LnAcc: 1.000 | Mean Ours IRec: 1.000
