running experiments at 2022-09-03-20:15:32
	log_dir: exp_res
	cpu: False
	num_tries: 50
	num_images: 24
	seed: 12
	alpha: 1
	simplified: False
	compare: True
	analysis: False
	data_path: data
	dataset: ImageNet
	split: train
	distribution: random
	start_id: 0
	num_classes: 1000
	num_uniform_cls: 32
	model: vgg16
	trained_model: False
	epochs: 10
	batch_size: 128
	optimizer: SGD
	lr: 0.1
	scheduler: linear
	weight_decay: 0.0005
	warmup: False
	valid_interval: 1
	mid_save: False
	model_path: models
	dryrun: False
	batchnorm: False
	dropout: False
	silu: False
	dim: 300
	n_hidden: 1
	defense: False
	defense_method: dp
	noise_std: 0.001
	clip_bound: 4
	sparse_ratio: 10
	prune_ratio: 10
	rec_img: False
	fix_labels: False
	gt_labels: False
	optim: ig
	restarts: 1
	cost_fn: sim
	indices: def
	weights: equal
	rec_lr: None
	rec_optimizer: adam
	signed: False
	boxed: False
	scoring_choice: loss
	init: randn
	tv: 1e-06
	l2: 1e-06
	max_iterations: 8000
	loss_thresh: 0.0001
	save_image: False
	image_path: images
	table_path: tables

Start Experiment 1
***************************************************************
Ground-truth Labels: 193,201,277,286,297,300,321,324,327,383,387,391,414,432,482,529,546,597,734,750,785,801,808,854
Ground-truth Num of Instances: 1,1,1,1,1,1,1,1,1,1,1,1,1,1,1,1,1,1,1,1,1,1,1,1
Our Recovered Labels: 193,201,277,286,297,300,321,324,327,383,387,391,414,432,482,529,546,597,734,750,785,801,808,854 | LeAcc: 1.000
Our Recovered Num of Instances: 1,1,1,1,1,1,1,1,1,1,1,1,1,1,1,1,1,1,1,1,1,1,1,1 | LnAcc: 1.000 | IRec: 1.000
iDLG Recovered Labels: 193,201,277,286,297,300,321,324,327,383,387,391,414,432,482,529,546,597,734,750,785,801,808,854 | LeAcc: 1.000
GradInversion Recovered Labels: 193,201,277,286,297,300,321,324,327,383,387,391,414,432,482,529,546,597,734,750,785,801,808,854 | LeAcc: 1.000
SVD Recovered Labels: 193,201,277,286,297,300,321,324,327,383,387,391,414,432,482,529,546,597,734,750,785,801,808,854 | LeAcc: 1.000
Start Experiment 2
***************************************************************
Ground-truth Labels: 10,188,330,353,360,432,440,444,459,487,494,559,565,662,663,807,831,862,881,904,938,942,971,982
Ground-truth Num of Instances: 1,1,1,1,1,1,1,1,1,1,1,1,1,1,1,1,1,1,1,1,1,1,1,1
Our Recovered Labels: 10,188,330,353,360,432,440,444,459,487,494,559,565,662,663,807,831,862,881,904,938,942,971,982 | LeAcc: 1.000
Our Recovered Num of Instances: 1,1,1,1,1,1,1,1,1,1,1,1,1,1,1,1,1,1,1,1,1,1,1,1 | LnAcc: 1.000 | IRec: 1.000
iDLG Recovered Labels: 10,188,330,353,360,432,440,444,459,487,494,559,565,662,663,807,831,862,881,904,938,942,971,982 | LeAcc: 1.000
GradInversion Recovered Labels: 10,188,330,353,360,432,440,444,459,487,494,559,565,662,663,807,831,862,881,904,938,942,971,982 | LeAcc: 1.000
SVD Recovered Labels: 10,188,330,353,360,432,440,444,459,487,494,559,565,662,663,807,831,862,881,904,938,942,971,982 | LeAcc: 1.000
Start Experiment 3
***************************************************************
Ground-truth Labels: 143,164,215,238,262,311,329,338,423,554,665,715,768,781,786,804,812,819,840,875,892,930,939,963
Ground-truth Num of Instances: 1,1,1,1,1,1,1,1,1,1,1,1,1,1,1,1,1,1,1,1,1,1,1,1
Our Recovered Labels: 143,164,215,238,262,311,329,338,423,554,665,715,768,781,786,804,812,819,840,875,892,930,939,963 | LeAcc: 1.000
Our Recovered Num of Instances: 1,1,1,1,1,1,1,1,1,1,1,1,1,1,1,1,1,1,1,1,1,1,1,1 | LnAcc: 1.000 | IRec: 1.000
iDLG Recovered Labels: 143,164,215,238,262,311,329,338,423,554,665,715,768,781,786,804,812,819,840,875,892,930,939,963 | LeAcc: 1.000
GradInversion Recovered Labels: 143,164,215,238,262,311,329,338,423,554,665,715,768,781,786,804,812,819,840,875,892,930,939,963 | LeAcc: 1.000
SVD Recovered Labels: 143,164,215,238,262,311,329,338,423,554,665,715,768,781,786,804,812,819,840,875,892,930,939,963 | LeAcc: 1.000
Start Experiment 4
***************************************************************
Ground-truth Labels: 10,127,141,150,212,218,242,249,297,333,407,575,629,642,654,661,680,781,783,801,862,872,890,948
Ground-truth Num of Instances: 1,1,1,1,1,1,1,1,1,1,1,1,1,1,1,1,1,1,1,1,1,1,1,1
Our Recovered Labels: 10,127,141,150,212,218,242,249,297,333,407,575,629,642,654,661,680,781,783,801,862,872,890,948 | LeAcc: 1.000
Our Recovered Num of Instances: 1,1,1,1,1,1,1,1,1,1,1,1,1,1,1,1,1,1,1,1,1,1,1,1 | LnAcc: 1.000 | IRec: 1.000
iDLG Recovered Labels: 10,127,141,150,212,218,242,249,297,333,407,575,629,642,654,661,680,781,783,801,862,872,890,948 | LeAcc: 1.000
GradInversion Recovered Labels: 10,127,141,150,212,218,242,249,297,333,407,575,629,642,654,661,680,781,783,801,862,872,890,948 | LeAcc: 1.000
SVD Recovered Labels: 10,127,141,150,212,218,242,249,297,333,407,575,629,642,654,661,680,781,783,801,862,872,890,948 | LeAcc: 1.000
Start Experiment 5
***************************************************************
Ground-truth Labels: 9,14,29,164,207,235,239,267,442,491,548,553,589,648,692,697,709,751,842,886,898,911,915,935
Ground-truth Num of Instances: 1,1,1,1,1,1,1,1,1,1,1,1,1,1,1,1,1,1,1,1,1,1,1,1
Our Recovered Labels: 9,14,29,164,207,235,239,267,442,491,548,553,589,648,692,697,709,751,842,886,898,911,915,935 | LeAcc: 1.000
Our Recovered Num of Instances: 1,1,1,1,1,1,1,1,1,1,1,1,1,1,1,1,1,1,1,1,1,1,1,1 | LnAcc: 1.000 | IRec: 1.000
iDLG Recovered Labels: 9,14,29,164,207,235,239,267,442,491,548,553,589,648,692,697,709,751,842,886,898,911,915,935 | LeAcc: 1.000
GradInversion Recovered Labels: 9,14,29,164,207,235,239,267,442,491,548,553,589,648,692,697,709,751,842,886,898,911,915,935 | LeAcc: 1.000
SVD Recovered Labels: 9,14,29,164,207,235,239,267,442,491,548,553,589,648,692,697,709,751,842,886,898,911,915,935 | LeAcc: 1.000
Start Experiment 6
***************************************************************
Ground-truth Labels: 94,151,247,282,288,292,345,367,420,484,575,602,660,679,690,772,785,811,857,884,914,993,999
Ground-truth Num of Instances: 1,1,2,1,1,1,1,1,1,1,1,1,1,1,1,1,1,1,1,1,1,1,1
Our Recovered Labels: 94,151,247,282,288,292,345,367,420,484,575,602,660,679,690,772,785,811,857,884,914,993,999 | LeAcc: 1.000
Our Recovered Num of Instances: 1,1,2,1,1,1,1,1,1,1,1,1,1,1,1,1,1,1,1,1,1,1,1 | LnAcc: 1.000 | IRec: 1.000
iDLG Recovered Labels: 94,151,247,282,288,292,345,367,420,484,575,602,660,679,690,772,785,811,857,884,914,993,999 | LeAcc: 1.000
GradInversion Recovered Labels: 94,151,247,282,288,292,345,367,420,484,575,602,660,679,690,772,785,811,857,884,914,993,999 | LeAcc: 1.000
SVD Recovered Labels: 94,151,247,282,288,292,345,367,420,484,575,602,660,679,690,772,785,811,857,884,914,993,999 | LeAcc: 1.000
Start Experiment 7
***************************************************************
Ground-truth Labels: 17,104,123,143,174,213,267,280,377,428,435,489,536,567,583,611,648,666,669,839,854,937,961,987
Ground-truth Num of Instances: 1,1,1,1,1,1,1,1,1,1,1,1,1,1,1,1,1,1,1,1,1,1,1,1
Our Recovered Labels: 17,104,123,143,174,213,267,280,377,428,435,489,536,567,583,611,648,666,669,839,854,937,961,987 | LeAcc: 1.000
Our Recovered Num of Instances: 1,1,1,1,1,1,1,1,1,1,1,1,1,1,1,1,1,1,1,1,1,1,1,1 | LnAcc: 1.000 | IRec: 1.000
iDLG Recovered Labels: 17,104,123,143,174,213,267,280,377,428,435,489,536,567,583,611,648,666,669,839,854,937,961,987 | LeAcc: 1.000
GradInversion Recovered Labels: 17,104,123,143,174,213,267,280,377,428,435,489,536,567,583,611,648,666,669,839,854,937,961,987 | LeAcc: 1.000
SVD Recovered Labels: 17,104,123,143,174,213,267,280,377,428,435,489,536,567,583,611,648,666,669,839,854,937,961,987 | LeAcc: 1.000
Start Experiment 8
***************************************************************
Ground-truth Labels: 74,142,144,145,175,223,266,352,358,418,425,446,463,534,611,657,710,716,762,868,913,925,938
Ground-truth Num of Instances: 1,1,1,1,1,1,1,1,1,1,1,2,1,1,1,1,1,1,1,1,1,1,1
Our Recovered Labels: 74,142,144,145,175,223,266,352,358,418,425,446,463,534,611,657,710,716,762,868,913,925,938 | LeAcc: 1.000
Our Recovered Num of Instances: 1,1,1,1,1,1,1,1,1,1,1,2,1,1,1,1,1,1,1,1,1,1,1 | LnAcc: 1.000 | IRec: 1.000
iDLG Recovered Labels: 74,142,144,145,175,223,266,352,358,418,425,446,463,534,611,657,710,716,762,868,913,925,938 | LeAcc: 1.000
GradInversion Recovered Labels: 74,142,144,145,175,223,266,352,358,418,425,446,463,534,611,657,710,716,762,868,913,925,938 | LeAcc: 1.000
SVD Recovered Labels: 74,142,144,145,175,223,266,352,358,418,425,446,463,534,611,657,710,716,762,868,913,925,938 | LeAcc: 1.000
Start Experiment 9
***************************************************************
Ground-truth Labels: 28,33,107,122,134,151,266,312,333,360,503,515,594,596,621,648,658,745,765,803,830,833,867,882
Ground-truth Num of Instances: 1,1,1,1,1,1,1,1,1,1,1,1,1,1,1,1,1,1,1,1,1,1,1,1
Our Recovered Labels: 28,33,107,122,134,151,266,312,333,360,503,515,594,596,621,648,658,745,765,803,830,833,867,882 | LeAcc: 1.000
Our Recovered Num of Instances: 1,1,1,1,1,1,1,1,1,1,1,1,1,1,1,1,1,1,1,1,1,1,1,1 | LnAcc: 1.000 | IRec: 1.000
iDLG Recovered Labels: 28,33,107,122,134,151,266,312,333,360,503,515,594,596,621,648,658,745,765,803,830,833,867,882 | LeAcc: 1.000
GradInversion Recovered Labels: 28,33,107,122,134,151,266,312,333,360,503,515,594,596,621,648,658,745,765,803,830,833,867,882 | LeAcc: 1.000
SVD Recovered Labels: 28,33,107,122,134,151,266,312,333,360,503,515,594,596,621,648,658,745,765,803,830,833,867,882 | LeAcc: 1.000
Start Experiment 10
***************************************************************
Ground-truth Labels: 20,27,29,212,224,229,273,349,375,396,402,438,448,449,457,512,678,694,730,817,837,862,882,945
Ground-truth Num of Instances: 1,1,1,1,1,1,1,1,1,1,1,1,1,1,1,1,1,1,1,1,1,1,1,1
Our Recovered Labels: 20,27,29,212,224,229,273,349,375,396,402,438,448,449,457,512,678,694,730,817,837,862,882,945 | LeAcc: 1.000
Our Recovered Num of Instances: 1,1,1,1,1,1,1,1,1,1,1,1,1,1,1,1,1,1,1,1,1,1,1,1 | LnAcc: 1.000 | IRec: 1.000
iDLG Recovered Labels: 20,27,29,212,224,229,273,349,375,396,402,438,448,449,457,512,678,694,730,817,837,862,882,945 | LeAcc: 1.000
GradInversion Recovered Labels: 20,27,29,212,224,229,273,349,375,396,402,438,448,449,457,512,678,694,730,817,837,862,882,945 | LeAcc: 1.000
SVD Recovered Labels: 20,27,29,212,224,229,273,349,375,396,402,438,448,449,457,512,678,694,730,817,837,862,882,945 | LeAcc: 1.000
Start Experiment 11
***************************************************************
Ground-truth Labels: 22,36,90,98,108,275,289,308,311,353,385,468,477,485,572,673,743,777,829,851,861,903,932,992
Ground-truth Num of Instances: 1,1,1,1,1,1,1,1,1,1,1,1,1,1,1,1,1,1,1,1,1,1,1,1
Our Recovered Labels: 22,36,90,98,108,275,289,308,311,353,385,468,477,485,572,673,743,777,829,851,861,903,932,992 | LeAcc: 1.000
Our Recovered Num of Instances: 1,1,1,1,1,1,1,1,1,1,1,1,1,1,1,1,1,1,1,1,1,1,1,1 | LnAcc: 1.000 | IRec: 1.000
iDLG Recovered Labels: 22,36,90,98,108,275,289,308,311,353,385,468,477,485,572,673,743,777,829,851,861,903,932,992 | LeAcc: 1.000
GradInversion Recovered Labels: 22,36,90,98,108,275,289,308,311,353,385,468,477,485,572,673,743,777,829,851,861,903,932,992 | LeAcc: 1.000
SVD Recovered Labels: 22,36,90,98,108,275,289,308,311,353,385,468,477,485,572,673,743,777,829,851,861,903,932,992 | LeAcc: 1.000
Start Experiment 12
***************************************************************
Ground-truth Labels: 47,135,218,309,321,341,350,407,428,430,487,526,538,609,617,708,727,743,752,785,796,882,892,905
Ground-truth Num of Instances: 1,1,1,1,1,1,1,1,1,1,1,1,1,1,1,1,1,1,1,1,1,1,1,1
Our Recovered Labels: 47,135,218,309,321,341,350,407,428,430,487,526,538,609,617,708,727,743,752,785,796,882,892,905 | LeAcc: 1.000
Our Recovered Num of Instances: 1,1,1,1,1,1,1,1,1,1,1,1,1,1,1,1,1,1,1,1,1,1,1,1 | LnAcc: 1.000 | IRec: 1.000
iDLG Recovered Labels: 47,135,218,309,321,341,350,407,428,430,487,526,538,609,617,708,727,743,752,785,796,882,892,905 | LeAcc: 1.000
GradInversion Recovered Labels: 47,135,218,309,321,341,350,407,428,430,487,526,538,609,617,708,727,743,752,785,796,882,892,905 | LeAcc: 1.000
SVD Recovered Labels: 47,135,218,309,321,341,350,407,428,430,487,526,538,609,617,708,727,743,752,785,796,882,892,905 | LeAcc: 1.000
Start Experiment 13
***************************************************************
Ground-truth Labels: 22,57,59,102,108,111,115,145,237,249,326,343,347,422,471,545,556,570,572,588,639,704,781,806
Ground-truth Num of Instances: 1,1,1,1,1,1,1,1,1,1,1,1,1,1,1,1,1,1,1,1,1,1,1,1
Our Recovered Labels: 22,57,59,102,108,111,115,145,237,249,326,343,347,422,471,545,556,570,572,588,639,704,781,806 | LeAcc: 1.000
Our Recovered Num of Instances: 1,1,1,1,1,1,1,1,1,1,1,1,1,1,1,1,1,1,1,1,1,1,1,1 | LnAcc: 1.000 | IRec: 1.000
iDLG Recovered Labels: 22,57,59,102,108,111,115,145,237,249,326,343,347,422,471,545,556,570,572,588,639,704,781,806 | LeAcc: 1.000
GradInversion Recovered Labels: 22,57,59,102,108,111,115,145,237,249,326,343,347,422,471,545,556,570,572,588,639,704,781,806 | LeAcc: 1.000
SVD Recovered Labels: 22,57,59,102,108,111,115,145,237,249,326,343,347,422,471,545,556,570,572,588,639,704,781,806 | LeAcc: 1.000
Start Experiment 14
***************************************************************
Ground-truth Labels: 33,57,89,206,246,248,264,299,331,385,394,495,525,526,528,542,553,563,850,905,918,954,957,965
Ground-truth Num of Instances: 1,1,1,1,1,1,1,1,1,1,1,1,1,1,1,1,1,1,1,1,1,1,1,1
Our Recovered Labels: 33,57,89,206,246,248,264,299,331,385,394,495,525,526,528,542,553,563,850,905,918,954,957,965 | LeAcc: 1.000
Our Recovered Num of Instances: 1,1,1,1,1,1,1,1,1,1,1,1,1,1,1,1,1,1,1,1,1,1,1,1 | LnAcc: 1.000 | IRec: 1.000
iDLG Recovered Labels: 33,57,89,206,246,248,264,299,331,385,394,495,525,526,528,542,553,563,850,905,918,954,957,965 | LeAcc: 1.000
GradInversion Recovered Labels: 33,57,89,206,246,248,264,299,331,385,394,495,525,526,528,542,553,563,850,905,918,954,957,965 | LeAcc: 1.000
SVD Recovered Labels: 33,57,89,206,246,248,264,299,331,385,394,495,525,526,528,542,553,563,850,905,918,954,957,965 | LeAcc: 1.000
Start Experiment 15
***************************************************************
Ground-truth Labels: 191,240,250,312,338,376,381,422,423,447,461,464,581,589,596,601,682,683,761,766,772,781,802,875
Ground-truth Num of Instances: 1,1,1,1,1,1,1,1,1,1,1,1,1,1,1,1,1,1,1,1,1,1,1,1
Our Recovered Labels: 191,240,250,312,338,376,381,422,423,447,461,464,581,589,596,601,682,683,761,766,772,781,802,875 | LeAcc: 1.000
Our Recovered Num of Instances: 1,1,1,1,1,1,1,1,1,1,1,1,1,1,1,1,1,1,1,1,1,1,1,1 | LnAcc: 1.000 | IRec: 1.000
iDLG Recovered Labels: 191,240,250,312,338,376,381,422,423,447,461,464,581,589,596,601,682,683,761,766,772,781,802,875 | LeAcc: 1.000
GradInversion Recovered Labels: 191,240,250,312,338,376,381,422,423,447,461,464,581,589,596,601,682,683,761,766,772,781,802,875 | LeAcc: 1.000
SVD Recovered Labels: 191,240,250,312,338,376,381,422,423,447,461,464,581,589,596,601,682,683,761,766,772,781,802,875 | LeAcc: 1.000
Start Experiment 16
***************************************************************
Ground-truth Labels: 35,72,89,112,176,316,376,421,480,501,504,562,582,586,627,636,643,644,680,691,804,852,935,978
Ground-truth Num of Instances: 1,1,1,1,1,1,1,1,1,1,1,1,1,1,1,1,1,1,1,1,1,1,1,1
Our Recovered Labels: 35,72,89,112,176,316,376,421,480,501,504,562,582,586,627,636,643,644,680,691,804,852,935,978 | LeAcc: 1.000
Our Recovered Num of Instances: 1,1,1,1,1,1,1,1,1,1,1,1,1,1,1,1,1,1,1,1,1,1,1,1 | LnAcc: 1.000 | IRec: 1.000
iDLG Recovered Labels: 35,72,89,112,176,316,376,421,480,501,504,562,582,586,627,636,643,644,680,691,804,852,935,978 | LeAcc: 1.000
GradInversion Recovered Labels: 35,72,89,112,176,316,376,421,480,501,504,562,582,586,627,636,643,644,680,691,804,852,935,978 | LeAcc: 1.000
SVD Recovered Labels: 35,72,89,112,176,316,376,421,480,501,504,562,582,586,627,636,643,644,680,691,804,852,935,978 | LeAcc: 1.000
Start Experiment 17
***************************************************************
Ground-truth Labels: 113,127,326,366,396,426,493,510,556,563,582,597,639,690,699,700,786,842,859,888,894,909,939,952
Ground-truth Num of Instances: 1,1,1,1,1,1,1,1,1,1,1,1,1,1,1,1,1,1,1,1,1,1,1,1
Our Recovered Labels: 113,127,326,366,396,426,493,510,556,563,582,597,639,690,699,700,786,842,859,888,894,909,939,952 | LeAcc: 1.000
Our Recovered Num of Instances: 1,1,1,1,1,1,1,1,1,1,1,1,1,1,1,1,1,1,1,1,1,1,1,1 | LnAcc: 1.000 | IRec: 1.000
iDLG Recovered Labels: 113,127,326,366,396,426,493,510,556,563,582,597,639,690,699,700,786,842,859,888,894,909,939,952 | LeAcc: 1.000
GradInversion Recovered Labels: 113,127,326,366,396,426,493,510,556,563,582,597,639,690,699,700,786,842,859,888,894,909,939,952 | LeAcc: 1.000
SVD Recovered Labels: 113,127,326,366,396,426,493,510,556,563,582,597,639,690,699,700,786,842,859,888,894,909,939,952 | LeAcc: 1.000
Start Experiment 18
***************************************************************
Ground-truth Labels: 32,58,128,177,235,282,301,307,368,396,441,459,484,487,515,526,535,578,626,769,793,920,935,964
Ground-truth Num of Instances: 1,1,1,1,1,1,1,1,1,1,1,1,1,1,1,1,1,1,1,1,1,1,1,1
Our Recovered Labels: 32,58,128,177,235,282,301,307,368,396,441,459,484,487,515,526,535,578,626,769,793,920,935,964 | LeAcc: 1.000
Our Recovered Num of Instances: 1,1,1,1,1,1,1,1,1,1,1,1,1,1,1,1,1,1,1,1,1,1,1,1 | LnAcc: 1.000 | IRec: 1.000
iDLG Recovered Labels: 32,58,128,177,235,282,301,307,368,396,441,459,484,487,515,526,535,578,626,769,793,920,935,964 | LeAcc: 1.000
GradInversion Recovered Labels: 32,58,128,177,235,282,301,307,368,396,441,459,484,487,515,526,535,578,626,769,793,920,935,964 | LeAcc: 1.000
SVD Recovered Labels: 32,58,128,177,235,282,301,307,368,396,441,459,484,487,515,526,535,578,626,769,793,920,935,964 | LeAcc: 1.000
Start Experiment 19
***************************************************************
Ground-truth Labels: 10,14,50,113,140,200,204,217,266,269,337,363,510,518,552,637,664,668,677,868,900,911,945
Ground-truth Num of Instances: 1,1,1,1,1,1,1,1,1,1,2,1,1,1,1,1,1,1,1,1,1,1,1
Our Recovered Labels: 10,14,50,113,140,200,204,217,266,269,337,363,510,518,552,637,664,668,677,868,900,911,945 | LeAcc: 1.000
Our Recovered Num of Instances: 1,1,1,1,1,1,1,1,1,1,2,1,1,1,1,1,1,1,1,1,1,1,1 | LnAcc: 1.000 | IRec: 1.000
iDLG Recovered Labels: 10,14,50,113,140,200,204,217,266,269,337,363,510,518,552,637,664,668,677,868,900,911,945 | LeAcc: 1.000
GradInversion Recovered Labels: 10,14,50,113,140,200,204,217,266,269,337,363,510,518,552,637,664,668,677,868,900,911,945 | LeAcc: 1.000
SVD Recovered Labels: 10,14,50,113,140,200,204,217,266,269,337,363,510,518,552,637,664,668,677,868,900,911,945 | LeAcc: 1.000
Start Experiment 20
***************************************************************
Ground-truth Labels: 68,77,92,145,221,228,334,342,358,535,553,619,632,663,668,676,704,744,758,809,836,892,926,955
Ground-truth Num of Instances: 1,1,1,1,1,1,1,1,1,1,1,1,1,1,1,1,1,1,1,1,1,1,1,1
Our Recovered Labels: 68,77,92,145,221,228,334,342,358,535,553,619,632,663,668,676,704,744,758,809,836,892,926,955 | LeAcc: 1.000
Our Recovered Num of Instances: 1,1,1,1,1,1,1,1,1,1,1,1,1,1,1,1,1,1,1,1,1,1,1,1 | LnAcc: 1.000 | IRec: 1.000
iDLG Recovered Labels: 68,77,92,145,221,228,334,342,358,535,553,619,632,663,668,676,704,744,758,809,836,892,926,955 | LeAcc: 1.000
GradInversion Recovered Labels: 68,77,92,145,221,228,334,342,358,535,553,619,632,663,668,676,704,744,758,809,836,892,926,955 | LeAcc: 1.000
SVD Recovered Labels: 68,77,92,145,221,228,334,342,358,535,553,619,632,663,668,676,704,744,758,809,836,892,926,955 | LeAcc: 1.000
Start Experiment 21
***************************************************************
Ground-truth Labels: 42,46,83,98,132,181,182,211,240,256,411,438,442,472,485,493,544,552,642,747,848,884,973
Ground-truth Num of Instances: 1,1,1,1,1,1,1,1,1,1,1,1,1,1,1,1,1,2,1,1,1,1,1
Our Recovered Labels: 42,46,83,98,132,181,182,211,240,256,411,438,442,472,485,493,544,552,642,747,848,884,973 | LeAcc: 1.000
Our Recovered Num of Instances: 1,1,1,1,1,1,1,1,1,1,1,1,1,1,1,1,1,2,1,1,1,1,1 | LnAcc: 1.000 | IRec: 1.000
iDLG Recovered Labels: 42,46,83,98,132,181,182,211,240,256,411,438,442,472,485,493,544,552,642,747,848,884,973 | LeAcc: 1.000
GradInversion Recovered Labels: 42,46,83,98,132,181,182,211,240,256,411,438,442,472,485,493,544,552,642,747,848,884,973 | LeAcc: 1.000
SVD Recovered Labels: 42,46,83,98,132,181,182,211,240,256,411,438,442,472,485,493,544,552,642,747,848,884,973 | LeAcc: 1.000
Start Experiment 22
***************************************************************
Ground-truth Labels: 26,66,101,111,125,187,195,210,381,404,428,442,522,550,622,685,690,729,829,836,857,865,915,979
Ground-truth Num of Instances: 1,1,1,1,1,1,1,1,1,1,1,1,1,1,1,1,1,1,1,1,1,1,1,1
Our Recovered Labels: 26,66,101,111,125,187,195,210,381,404,428,442,522,550,622,685,690,729,829,836,857,865,915,979 | LeAcc: 1.000
Our Recovered Num of Instances: 1,1,1,1,1,1,1,1,1,1,1,1,1,1,1,1,1,1,1,1,1,1,1,1 | LnAcc: 1.000 | IRec: 1.000
iDLG Recovered Labels: 26,66,101,111,125,187,195,210,381,404,428,442,522,550,622,685,690,729,829,836,857,865,915,979 | LeAcc: 1.000
GradInversion Recovered Labels: 26,66,101,111,125,187,195,210,381,404,428,442,522,550,622,685,690,729,829,836,857,865,915,979 | LeAcc: 1.000
SVD Recovered Labels: 26,66,101,111,125,187,195,210,381,404,428,442,522,550,622,685,690,729,829,836,857,865,915,979 | LeAcc: 1.000
Start Experiment 23
***************************************************************
Ground-truth Labels: 72,76,79,228,244,287,292,302,309,345,394,452,490,515,562,592,689,758,774,822,827,845,892,998
Ground-truth Num of Instances: 1,1,1,1,1,1,1,1,1,1,1,1,1,1,1,1,1,1,1,1,1,1,1,1
Our Recovered Labels: 72,76,79,228,244,287,292,302,309,345,394,452,490,515,562,592,689,758,774,822,827,845,892,998 | LeAcc: 1.000
Our Recovered Num of Instances: 1,1,1,1,1,1,1,1,1,1,1,1,1,1,1,1,1,1,1,1,1,1,1,1 | LnAcc: 1.000 | IRec: 1.000
iDLG Recovered Labels: 72,76,79,228,244,287,292,302,309,345,394,452,490,515,562,592,689,758,774,822,827,845,892,998 | LeAcc: 1.000
GradInversion Recovered Labels: 72,76,79,228,244,287,292,302,309,345,394,452,490,515,562,592,689,758,774,822,827,845,892,998 | LeAcc: 1.000
SVD Recovered Labels: 72,76,79,228,244,287,292,302,309,345,394,452,490,515,562,592,689,758,774,822,827,845,892,998 | LeAcc: 1.000
Start Experiment 24
***************************************************************
Ground-truth Labels: 37,237,257,336,355,389,406,541,571,587,590,618,637,638,699,735,769,774,809,813,859,890,903,988
Ground-truth Num of Instances: 1,1,1,1,1,1,1,1,1,1,1,1,1,1,1,1,1,1,1,1,1,1,1,1
Our Recovered Labels: 37,237,257,336,355,389,406,541,571,587,590,618,637,638,699,735,769,774,809,813,859,890,903,988 | LeAcc: 1.000
Our Recovered Num of Instances: 1,1,1,1,1,1,1,1,1,1,1,1,1,1,1,1,1,1,1,1,1,1,1,1 | LnAcc: 1.000 | IRec: 1.000
iDLG Recovered Labels: 37,237,257,336,355,389,406,541,571,587,590,618,637,638,699,735,769,774,809,813,859,890,903,988 | LeAcc: 1.000
GradInversion Recovered Labels: 37,237,257,336,355,389,406,541,571,587,590,618,637,638,699,735,769,774,809,813,859,890,903,988 | LeAcc: 1.000
SVD Recovered Labels: 37,237,257,336,355,389,406,541,571,587,590,618,637,638,699,735,769,774,809,813,859,890,903,988 | LeAcc: 1.000
Start Experiment 25
***************************************************************
Ground-truth Labels: 9,67,73,74,140,142,191,299,384,401,476,499,505,540,564,594,614,698,704,762,782,837,915
Ground-truth Num of Instances: 1,1,1,1,1,1,1,1,2,1,1,1,1,1,1,1,1,1,1,1,1,1,1
Our Recovered Labels: 9,67,73,74,140,142,191,299,384,401,476,499,505,540,564,594,614,698,704,762,782,837,915 | LeAcc: 1.000
Our Recovered Num of Instances: 1,1,1,1,1,1,1,1,2,1,1,1,1,1,1,1,1,1,1,1,1,1,1 | LnAcc: 1.000 | IRec: 1.000
iDLG Recovered Labels: 9,67,73,74,140,142,191,299,384,401,476,499,505,540,564,594,614,698,704,762,782,837,915 | LeAcc: 1.000
GradInversion Recovered Labels: 9,67,73,74,140,142,191,299,384,401,476,499,505,540,564,594,614,698,704,762,782,837,915 | LeAcc: 1.000
SVD Recovered Labels: 9,67,73,74,140,142,191,299,384,401,476,499,505,540,564,594,614,698,704,762,782,837,915 | LeAcc: 1.000
Start Experiment 26
***************************************************************
Ground-truth Labels: 68,135,151,206,210,246,256,274,285,345,392,417,455,555,600,641,694,712,798,899,933,965,967,982
Ground-truth Num of Instances: 1,1,1,1,1,1,1,1,1,1,1,1,1,1,1,1,1,1,1,1,1,1,1,1
Our Recovered Labels: 68,135,151,206,210,246,256,274,285,345,392,417,455,555,600,641,694,712,798,899,933,965,967,982 | LeAcc: 1.000
Our Recovered Num of Instances: 1,1,1,1,1,1,1,1,1,1,1,1,1,1,1,1,1,1,1,1,1,1,1,1 | LnAcc: 1.000 | IRec: 1.000
iDLG Recovered Labels: 68,135,151,206,210,246,256,274,285,345,392,417,455,555,600,641,694,712,798,899,933,965,967,982 | LeAcc: 1.000
GradInversion Recovered Labels: 68,135,151,206,210,246,256,274,285,345,392,417,455,555,600,641,694,712,798,899,933,965,967,982 | LeAcc: 1.000
SVD Recovered Labels: 68,135,151,206,210,246,256,274,285,345,392,417,455,555,600,641,694,712,798,899,933,965,967,982 | LeAcc: 1.000
Start Experiment 27
***************************************************************
Ground-truth Labels: 90,126,286,299,326,416,421,463,610,626,677,701,729,753,756,778,811,854,887,888,931,951,972,974
Ground-truth Num of Instances: 1,1,1,1,1,1,1,1,1,1,1,1,1,1,1,1,1,1,1,1,1,1,1,1
Our Recovered Labels: 90,126,286,299,326,416,421,463,610,626,677,701,729,753,756,778,811,854,887,888,931,951,972,974 | LeAcc: 1.000
Our Recovered Num of Instances: 1,1,1,1,1,1,1,1,1,1,1,1,1,1,1,1,1,1,1,1,1,1,1,1 | LnAcc: 1.000 | IRec: 1.000
iDLG Recovered Labels: 90,126,286,299,326,416,421,463,610,626,677,701,729,753,756,778,811,854,887,888,931,951,972,974 | LeAcc: 1.000
GradInversion Recovered Labels: 90,126,286,299,326,416,421,463,610,626,677,701,729,753,756,778,811,854,887,888,931,951,972,974 | LeAcc: 1.000
SVD Recovered Labels: 90,126,286,299,326,416,421,463,610,626,677,701,729,753,756,778,811,854,887,888,931,951,972,974 | LeAcc: 1.000
Start Experiment 28
***************************************************************
Ground-truth Labels: 38,64,75,87,110,148,232,270,274,284,305,308,366,423,442,544,570,607,777,805,835,873,911,919
Ground-truth Num of Instances: 1,1,1,1,1,1,1,1,1,1,1,1,1,1,1,1,1,1,1,1,1,1,1,1
Our Recovered Labels: 38,64,75,87,110,148,232,270,274,284,305,308,366,423,442,544,570,607,777,805,835,873,911,919 | LeAcc: 1.000
Our Recovered Num of Instances: 1,1,1,1,1,1,1,1,1,1,1,1,1,1,1,1,1,1,1,1,1,1,1,1 | LnAcc: 1.000 | IRec: 1.000
iDLG Recovered Labels: 38,64,75,87,110,148,232,270,274,284,305,308,366,423,442,544,570,607,777,805,835,873,911,919 | LeAcc: 1.000
GradInversion Recovered Labels: 38,64,75,87,110,148,232,270,274,284,305,308,366,423,442,544,570,607,777,805,835,873,911,919 | LeAcc: 1.000
SVD Recovered Labels: 38,64,75,87,110,148,232,270,274,284,305,308,366,423,442,544,570,607,777,805,835,873,911,919 | LeAcc: 1.000
Start Experiment 29
***************************************************************
Ground-truth Labels: 0,1,19,62,182,246,285,332,395,405,462,490,582,621,656,694,710,767,768,857,897,957,963,968
Ground-truth Num of Instances: 1,1,1,1,1,1,1,1,1,1,1,1,1,1,1,1,1,1,1,1,1,1,1,1
Our Recovered Labels: 0,1,19,62,182,246,285,332,395,405,462,490,582,621,656,694,710,767,768,857,897,957,963,968 | LeAcc: 1.000
Our Recovered Num of Instances: 1,1,1,1,1,1,1,1,1,1,1,1,1,1,1,1,1,1,1,1,1,1,1,1 | LnAcc: 1.000 | IRec: 1.000
iDLG Recovered Labels: 0,1,19,62,182,246,285,332,395,405,462,490,582,621,656,694,710,767,768,857,897,957,963,968 | LeAcc: 1.000
GradInversion Recovered Labels: 0,1,19,62,182,246,285,332,395,405,462,490,582,621,656,694,710,767,768,857,897,957,963,968 | LeAcc: 1.000
SVD Recovered Labels: 0,1,19,62,182,246,285,332,395,405,462,490,582,621,656,694,710,767,768,857,897,957,963,968 | LeAcc: 1.000
Start Experiment 30
***************************************************************
Ground-truth Labels: 56,68,88,169,194,198,199,214,256,356,418,435,452,506,539,554,617,675,702,834,863,905,913,951
Ground-truth Num of Instances: 1,1,1,1,1,1,1,1,1,1,1,1,1,1,1,1,1,1,1,1,1,1,1,1
Our Recovered Labels: 56,68,88,169,194,198,199,214,256,356,418,435,452,506,539,554,617,675,702,834,863,905,913,951 | LeAcc: 1.000
Our Recovered Num of Instances: 1,1,1,1,1,1,1,1,1,1,1,1,1,1,1,1,1,1,1,1,1,1,1,1 | LnAcc: 1.000 | IRec: 1.000
iDLG Recovered Labels: 56,68,88,169,194,198,199,214,256,356,418,435,452,506,539,554,617,675,702,834,863,905,913,951 | LeAcc: 1.000
GradInversion Recovered Labels: 56,68,88,169,194,198,199,214,256,356,418,435,452,506,539,554,617,675,702,834,863,905,913,951 | LeAcc: 1.000
SVD Recovered Labels: 56,68,88,169,194,198,199,214,256,356,418,435,452,506,539,554,617,675,702,834,863,905,913,951 | LeAcc: 1.000
Start Experiment 31
***************************************************************
Ground-truth Labels: 2,12,18,134,165,191,234,301,314,345,392,420,583,609,667,693,695,714,745,765,767,893,935,999
Ground-truth Num of Instances: 1,1,1,1,1,1,1,1,1,1,1,1,1,1,1,1,1,1,1,1,1,1,1,1
Our Recovered Labels: 2,12,18,134,165,191,234,301,314,345,392,420,583,609,667,693,695,714,745,765,767,893,935,999 | LeAcc: 1.000
Our Recovered Num of Instances: 1,1,1,1,1,1,1,1,1,1,1,1,1,1,1,1,1,1,1,1,1,1,1,1 | LnAcc: 1.000 | IRec: 1.000
iDLG Recovered Labels: 2,12,18,134,165,191,234,301,314,345,392,420,583,609,667,693,695,714,745,765,767,893,935,999 | LeAcc: 1.000
GradInversion Recovered Labels: 2,12,18,134,165,191,234,301,314,345,392,420,583,609,667,693,695,714,745,765,767,893,935,999 | LeAcc: 1.000
SVD Recovered Labels: 2,12,18,134,165,191,234,301,314,345,392,420,583,609,667,693,695,714,745,765,767,893,935,999 | LeAcc: 1.000
Start Experiment 32
***************************************************************
Ground-truth Labels: 27,29,57,203,249,294,315,470,486,549,574,650,668,725,745,787,822,845,849,879,955,962,988
Ground-truth Num of Instances: 1,1,1,1,1,1,2,1,1,1,1,1,1,1,1,1,1,1,1,1,1,1,1
Our Recovered Labels: 27,29,57,203,249,294,315,470,486,549,574,650,668,725,745,787,822,845,849,879,955,962,988 | LeAcc: 1.000
Our Recovered Num of Instances: 1,1,1,1,1,1,2,1,1,1,1,1,1,1,1,1,1,1,1,1,1,1,1 | LnAcc: 1.000 | IRec: 1.000
iDLG Recovered Labels: 27,29,57,203,249,294,315,470,486,549,574,650,668,725,745,787,822,845,849,879,955,962,988 | LeAcc: 1.000
GradInversion Recovered Labels: 27,29,57,203,249,294,315,470,486,549,574,650,668,725,745,787,822,845,849,879,955,962,988 | LeAcc: 1.000
SVD Recovered Labels: 27,29,57,203,249,294,315,470,486,549,574,650,668,725,745,787,822,845,849,879,955,962,988 | LeAcc: 1.000
Start Experiment 33
***************************************************************
Ground-truth Labels: 6,16,35,37,40,85,101,103,110,169,187,201,227,391,484,511,613,682,753,764,836,919,931,989
Ground-truth Num of Instances: 1,1,1,1,1,1,1,1,1,1,1,1,1,1,1,1,1,1,1,1,1,1,1,1
Our Recovered Labels: 6,16,35,37,40,85,101,103,110,169,187,201,227,391,484,511,613,682,753,764,836,919,931,989 | LeAcc: 1.000
Our Recovered Num of Instances: 1,1,1,1,1,1,1,1,1,1,1,1,1,1,1,1,1,1,1,1,1,1,1,1 | LnAcc: 1.000 | IRec: 1.000
iDLG Recovered Labels: 6,16,35,37,40,85,101,103,110,169,187,201,227,391,484,511,613,682,753,764,836,919,931,989 | LeAcc: 1.000
GradInversion Recovered Labels: 6,16,35,37,40,85,101,103,110,169,187,201,227,391,484,511,613,682,753,764,836,919,931,989 | LeAcc: 1.000
SVD Recovered Labels: 6,16,35,37,40,85,101,103,110,169,187,201,227,391,484,511,613,682,753,764,836,919,931,989 | LeAcc: 1.000
Start Experiment 34
***************************************************************
Ground-truth Labels: 126,140,184,207,285,303,346,374,556,611,633,651,663,699,760,766,823,827,830,831,881,957,996
Ground-truth Num of Instances: 1,1,1,1,1,1,1,1,2,1,1,1,1,1,1,1,1,1,1,1,1,1,1
Our Recovered Labels: 126,140,184,207,285,303,346,374,556,611,633,651,663,699,760,766,823,827,830,831,881,957,996 | LeAcc: 1.000
Our Recovered Num of Instances: 1,1,1,1,1,1,1,1,2,1,1,1,1,1,1,1,1,1,1,1,1,1,1 | LnAcc: 1.000 | IRec: 1.000
iDLG Recovered Labels: 126,140,184,207,285,303,346,374,556,611,633,651,663,699,760,766,823,827,830,831,881,957,996 | LeAcc: 1.000
GradInversion Recovered Labels: 126,140,184,207,285,303,346,374,556,611,633,651,663,699,760,766,823,827,830,831,881,957,996 | LeAcc: 1.000
SVD Recovered Labels: 126,140,184,207,285,303,346,374,556,611,633,651,663,699,760,766,823,827,830,831,881,957,996 | LeAcc: 1.000
Start Experiment 35
***************************************************************
Ground-truth Labels: 46,60,61,65,86,94,124,164,216,218,238,333,434,462,488,512,558,587,709,761,790,802,813,855
Ground-truth Num of Instances: 1,1,1,1,1,1,1,1,1,1,1,1,1,1,1,1,1,1,1,1,1,1,1,1
Our Recovered Labels: 46,60,61,65,86,94,124,164,216,218,238,333,434,462,488,512,558,587,709,761,790,802,813,855 | LeAcc: 1.000
Our Recovered Num of Instances: 1,1,1,1,1,1,1,1,1,1,1,1,1,1,1,1,1,1,1,1,1,1,1,1 | LnAcc: 1.000 | IRec: 1.000
iDLG Recovered Labels: 46,60,61,65,86,94,124,164,216,218,238,333,434,462,488,512,558,587,709,761,790,802,813,855 | LeAcc: 1.000
GradInversion Recovered Labels: 46,60,61,65,86,94,124,164,216,218,238,333,434,462,488,512,558,587,709,761,790,802,813,855 | LeAcc: 1.000
SVD Recovered Labels: 46,60,61,65,86,94,124,164,216,218,238,333,434,462,488,512,558,587,709,761,790,802,813,855 | LeAcc: 1.000
Start Experiment 36
***************************************************************
Ground-truth Labels: 64,79,86,108,114,253,346,432,474,480,492,493,502,530,543,557,569,629,713,853,902,974,994,997
Ground-truth Num of Instances: 1,1,1,1,1,1,1,1,1,1,1,1,1,1,1,1,1,1,1,1,1,1,1,1
Our Recovered Labels: 64,79,86,108,114,253,346,432,474,480,492,493,502,530,543,557,569,629,713,853,902,974,994,997 | LeAcc: 1.000
Our Recovered Num of Instances: 1,1,1,1,1,1,1,1,1,1,1,1,1,1,1,1,1,1,1,1,1,1,1,1 | LnAcc: 1.000 | IRec: 1.000
iDLG Recovered Labels: 64,79,86,108,114,253,346,432,474,480,492,493,502,530,543,557,569,629,713,853,902,974,994,997 | LeAcc: 1.000
GradInversion Recovered Labels: 64,79,86,108,114,253,346,432,474,480,492,493,502,530,543,557,569,629,713,853,902,974,994,997 | LeAcc: 1.000
SVD Recovered Labels: 64,79,86,108,114,253,346,432,474,480,492,493,502,530,543,557,569,629,713,853,902,974,994,997 | LeAcc: 1.000
Start Experiment 37
***************************************************************
Ground-truth Labels: 19,20,22,50,66,79,147,179,209,305,335,381,387,394,421,436,477,582,634,635,702,759,789,790
Ground-truth Num of Instances: 1,1,1,1,1,1,1,1,1,1,1,1,1,1,1,1,1,1,1,1,1,1,1,1
Our Recovered Labels: 19,20,22,50,66,79,147,179,209,305,335,381,387,394,421,436,477,582,634,635,702,759,789,790 | LeAcc: 1.000
Our Recovered Num of Instances: 1,1,1,1,1,1,1,1,1,1,1,1,1,1,1,1,1,1,1,1,1,1,1,1 | LnAcc: 1.000 | IRec: 1.000
iDLG Recovered Labels: 19,20,22,50,66,79,147,179,209,305,335,381,387,394,421,436,477,582,634,635,702,759,789,790 | LeAcc: 1.000
GradInversion Recovered Labels: 19,20,22,50,66,79,147,179,209,305,335,381,387,394,421,436,477,582,634,635,702,759,789,790 | LeAcc: 1.000
SVD Recovered Labels: 19,20,22,50,66,79,147,179,209,305,335,381,387,394,421,436,477,582,634,635,702,759,789,790 | LeAcc: 1.000
Start Experiment 38
***************************************************************
Ground-truth Labels: 5,34,39,140,150,151,234,299,339,348,446,468,475,502,623,672,753,755,821,847,862,864,871,921
Ground-truth Num of Instances: 1,1,1,1,1,1,1,1,1,1,1,1,1,1,1,1,1,1,1,1,1,1,1,1
Our Recovered Labels: 5,34,39,140,150,151,234,299,339,348,446,468,475,502,623,672,753,755,821,847,862,864,871,921 | LeAcc: 1.000
Our Recovered Num of Instances: 1,1,1,1,1,1,1,1,1,1,1,1,1,1,1,1,1,1,1,1,1,1,1,1 | LnAcc: 1.000 | IRec: 1.000
iDLG Recovered Labels: 5,34,39,140,150,151,234,299,339,348,446,468,475,502,623,672,753,755,821,847,862,864,871,921 | LeAcc: 1.000
GradInversion Recovered Labels: 5,34,39,140,150,151,234,299,339,348,446,468,475,502,623,672,753,755,821,847,862,864,871,921 | LeAcc: 1.000
SVD Recovered Labels: 5,34,39,140,150,151,234,299,339,348,446,468,475,502,623,672,753,755,821,847,862,864,871,921 | LeAcc: 1.000
Start Experiment 39
***************************************************************
Ground-truth Labels: 213,250,345,351,409,440,464,498,525,530,533,555,565,599,727,785,810,831,875,880,925,931,989,999
Ground-truth Num of Instances: 1,1,1,1,1,1,1,1,1,1,1,1,1,1,1,1,1,1,1,1,1,1,1,1
Our Recovered Labels: 213,250,345,351,409,440,464,498,525,530,533,555,565,599,727,785,810,831,875,880,925,931,989,999 | LeAcc: 1.000
Our Recovered Num of Instances: 1,1,1,1,1,1,1,1,1,1,1,1,1,1,1,1,1,1,1,1,1,1,1,1 | LnAcc: 1.000 | IRec: 1.000
iDLG Recovered Labels: 213,250,345,351,409,440,464,498,525,530,533,555,565,599,727,785,810,831,875,880,925,931,989,999 | LeAcc: 1.000
GradInversion Recovered Labels: 213,250,345,351,409,440,464,498,525,530,533,555,565,599,727,785,810,831,875,880,925,931,989,999 | LeAcc: 1.000
SVD Recovered Labels: 213,250,345,351,409,440,464,498,525,530,533,555,565,599,727,785,810,831,875,880,925,931,989,999 | LeAcc: 1.000
Start Experiment 40
***************************************************************
Ground-truth Labels: 102,104,132,159,293,307,332,399,420,440,461,473,498,546,609,650,670,704,708,755,764,833,863,986
Ground-truth Num of Instances: 1,1,1,1,1,1,1,1,1,1,1,1,1,1,1,1,1,1,1,1,1,1,1,1
Our Recovered Labels: 102,104,132,159,293,307,332,399,420,440,461,473,498,546,609,650,670,704,708,755,764,833,863,986 | LeAcc: 1.000
Our Recovered Num of Instances: 1,1,1,1,1,1,1,1,1,1,1,1,1,1,1,1,1,1,1,1,1,1,1,1 | LnAcc: 1.000 | IRec: 1.000
iDLG Recovered Labels: 102,104,132,159,293,307,332,399,420,440,461,473,498,546,609,650,670,704,708,755,764,833,863,986 | LeAcc: 1.000
GradInversion Recovered Labels: 102,104,132,159,293,307,332,399,420,440,461,473,498,546,609,650,670,704,708,755,764,833,863,986 | LeAcc: 1.000
SVD Recovered Labels: 102,104,132,159,293,307,332,399,420,440,461,473,498,546,609,650,670,704,708,755,764,833,863,986 | LeAcc: 1.000
Start Experiment 41
***************************************************************
Ground-truth Labels: 43,57,124,138,149,169,179,209,329,332,342,460,472,483,528,630,700,702,764,833,898,933,944,954
Ground-truth Num of Instances: 1,1,1,1,1,1,1,1,1,1,1,1,1,1,1,1,1,1,1,1,1,1,1,1
Our Recovered Labels: 43,57,124,138,149,169,179,209,329,332,342,460,472,483,528,630,700,702,764,833,898,933,944,954 | LeAcc: 1.000
Our Recovered Num of Instances: 1,1,1,1,1,1,1,1,1,1,1,1,1,1,1,1,1,1,1,1,1,1,1,1 | LnAcc: 1.000 | IRec: 1.000
iDLG Recovered Labels: 43,57,124,138,149,169,179,209,329,332,342,460,472,483,528,630,700,702,764,833,898,933,944,954 | LeAcc: 1.000
GradInversion Recovered Labels: 43,57,124,138,149,169,179,209,329,332,342,460,472,483,528,630,700,702,764,833,898,933,944,954 | LeAcc: 1.000
SVD Recovered Labels: 43,57,124,138,149,169,179,209,329,332,342,460,472,483,528,630,700,702,764,833,898,933,944,954 | LeAcc: 1.000
Start Experiment 42
***************************************************************
Ground-truth Labels: 3,143,157,177,179,181,186,208,219,221,276,356,365,444,588,646,700,742,748,799,846,937,968,999
Ground-truth Num of Instances: 1,1,1,1,1,1,1,1,1,1,1,1,1,1,1,1,1,1,1,1,1,1,1,1
Our Recovered Labels: 3,143,157,177,179,181,186,208,219,221,276,356,365,444,588,646,700,742,748,799,846,937,968,999 | LeAcc: 1.000
Our Recovered Num of Instances: 1,1,1,1,1,1,1,1,1,1,1,1,1,1,1,1,1,1,1,1,1,1,1,1 | LnAcc: 1.000 | IRec: 1.000
iDLG Recovered Labels: 3,143,157,177,179,181,186,208,219,221,276,356,365,444,588,646,700,742,748,799,846,937,968,999 | LeAcc: 1.000
GradInversion Recovered Labels: 3,143,157,177,179,181,186,208,219,221,276,356,365,444,588,646,700,742,748,799,846,937,968,999 | LeAcc: 1.000
SVD Recovered Labels: 3,143,157,177,179,181,186,208,219,221,276,356,365,444,588,646,700,742,748,799,846,937,968,999 | LeAcc: 1.000
Start Experiment 43
***************************************************************
Ground-truth Labels: 33,42,51,148,207,238,265,341,474,488,493,525,561,573,656,688,706,792,884,903,940,990,993,994
Ground-truth Num of Instances: 1,1,1,1,1,1,1,1,1,1,1,1,1,1,1,1,1,1,1,1,1,1,1,1
Our Recovered Labels: 33,42,51,148,207,238,265,341,474,488,493,525,561,573,656,688,706,792,884,903,940,990,993,994 | LeAcc: 1.000
Our Recovered Num of Instances: 1,1,1,1,1,1,1,1,1,1,1,1,1,1,1,1,1,1,1,1,1,1,1,1 | LnAcc: 1.000 | IRec: 1.000
iDLG Recovered Labels: 33,42,51,148,207,238,265,341,474,488,493,525,561,573,656,688,706,792,884,903,940,990,993,994 | LeAcc: 1.000
GradInversion Recovered Labels: 33,42,51,148,207,238,265,341,474,488,493,525,561,573,656,688,706,792,884,903,940,990,993,994 | LeAcc: 1.000
SVD Recovered Labels: 33,42,51,148,207,238,265,341,474,488,493,525,561,573,656,688,706,792,884,903,940,990,993,994 | LeAcc: 1.000
Start Experiment 44
***************************************************************
Ground-truth Labels: 3,58,105,134,151,164,249,253,261,353,490,521,527,547,583,590,671,720,738,758,771,878,953,987
Ground-truth Num of Instances: 1,1,1,1,1,1,1,1,1,1,1,1,1,1,1,1,1,1,1,1,1,1,1,1
Our Recovered Labels: 3,58,105,134,151,164,249,253,261,353,490,521,527,547,583,590,671,720,738,758,771,878,953,987 | LeAcc: 1.000
Our Recovered Num of Instances: 1,1,1,1,1,1,1,1,1,1,1,1,1,1,1,1,1,1,1,1,1,1,1,1 | LnAcc: 1.000 | IRec: 1.000
iDLG Recovered Labels: 3,58,105,134,151,164,249,253,261,353,490,521,527,547,583,590,671,720,738,758,771,878,953,987 | LeAcc: 1.000
GradInversion Recovered Labels: 3,58,105,134,151,164,249,253,261,353,490,521,527,547,583,590,671,720,738,758,771,878,953,987 | LeAcc: 1.000
SVD Recovered Labels: 3,58,105,134,151,164,249,253,261,353,490,521,527,547,583,590,671,720,738,758,771,878,953,987 | LeAcc: 1.000
Start Experiment 45
***************************************************************
Ground-truth Labels: 27,40,63,184,247,312,341,370,384,433,483,501,511,637,692,715,727,903,964,968,978,997
Ground-truth Num of Instances: 1,1,1,1,2,1,1,1,1,1,2,1,1,1,1,1,1,1,1,1,1,1
Our Recovered Labels: 27,40,63,184,247,312,341,370,384,433,483,501,511,637,692,715,727,903,964,968,978,997 | LeAcc: 1.000
Our Recovered Num of Instances: 1,1,1,1,2,1,1,1,1,1,2,1,1,1,1,1,1,1,1,1,1,1 | LnAcc: 1.000 | IRec: 1.000
iDLG Recovered Labels: 27,40,63,184,247,312,341,370,384,433,483,501,511,637,692,715,727,903,964,968,978,997 | LeAcc: 1.000
GradInversion Recovered Labels: 27,40,63,184,247,312,341,370,384,433,483,501,511,637,692,715,727,903,964,968,978,997 | LeAcc: 1.000
SVD Recovered Labels: 27,40,63,184,247,312,341,370,384,433,483,501,511,637,692,715,727,903,964,968,978,997 | LeAcc: 1.000
Start Experiment 46
***************************************************************
Ground-truth Labels: 43,139,178,238,300,400,431,459,524,532,552,574,601,610,711,722,736,759,788,832,873,899,990
Ground-truth Num of Instances: 1,1,1,1,1,1,1,1,1,1,1,1,1,1,1,2,1,1,1,1,1,1,1
Our Recovered Labels: 43,139,178,238,300,400,431,459,524,532,552,574,601,610,711,722,736,759,788,832,873,899,990 | LeAcc: 1.000
Our Recovered Num of Instances: 1,1,1,1,1,1,1,1,1,1,1,1,1,1,1,2,1,1,1,1,1,1,1 | LnAcc: 1.000 | IRec: 1.000
iDLG Recovered Labels: 43,139,178,238,300,400,431,459,524,532,552,574,601,610,711,722,736,759,788,832,873,899,990 | LeAcc: 1.000
GradInversion Recovered Labels: 43,139,178,238,300,400,431,459,524,532,552,574,601,610,711,722,736,759,788,832,873,899,990 | LeAcc: 1.000
SVD Recovered Labels: 43,139,178,238,300,400,431,459,524,532,552,574,601,610,711,722,736,759,788,832,873,899,990 | LeAcc: 1.000
Start Experiment 47
***************************************************************
Ground-truth Labels: 0,24,49,55,59,69,93,108,137,181,240,347,365,401,439,465,472,500,507,637,673,698,818,848
Ground-truth Num of Instances: 1,1,1,1,1,1,1,1,1,1,1,1,1,1,1,1,1,1,1,1,1,1,1,1
Our Recovered Labels: 0,24,49,55,59,69,93,108,137,181,240,347,365,401,439,465,472,500,507,637,673,698,818,848 | LeAcc: 1.000
Our Recovered Num of Instances: 1,1,1,1,1,1,1,1,1,1,1,1,1,1,1,1,1,1,1,1,1,1,1,1 | LnAcc: 1.000 | IRec: 1.000
iDLG Recovered Labels: 0,24,49,55,59,69,93,108,137,181,240,347,365,401,439,465,472,500,507,637,673,698,818,848 | LeAcc: 1.000
GradInversion Recovered Labels: 0,24,49,55,59,69,93,108,137,181,240,347,365,401,439,465,472,500,507,637,673,698,818,848 | LeAcc: 1.000
SVD Recovered Labels: 0,24,49,55,59,69,93,108,137,181,240,347,365,401,439,465,472,500,507,637,673,698,818,848 | LeAcc: 1.000
Start Experiment 48
***************************************************************
Ground-truth Labels: 18,73,78,87,190,200,210,266,273,311,334,347,421,433,572,607,613,702,721,817,878,899,905,946
Ground-truth Num of Instances: 1,1,1,1,1,1,1,1,1,1,1,1,1,1,1,1,1,1,1,1,1,1,1,1
Our Recovered Labels: 18,73,78,87,190,200,210,266,273,311,334,347,421,433,572,607,613,702,721,817,878,899,905,946 | LeAcc: 1.000
Our Recovered Num of Instances: 1,1,1,1,1,1,1,1,1,1,1,1,1,1,1,1,1,1,1,1,1,1,1,1 | LnAcc: 1.000 | IRec: 1.000
iDLG Recovered Labels: 18,73,78,87,190,200,210,266,273,311,334,347,421,433,572,607,613,702,721,817,878,899,905,946 | LeAcc: 1.000
GradInversion Recovered Labels: 18,73,78,87,190,200,210,266,273,311,334,347,421,433,572,607,613,702,721,817,878,899,905,946 | LeAcc: 1.000
SVD Recovered Labels: 18,73,78,87,190,200,210,266,273,311,334,347,421,433,572,607,613,702,721,817,878,899,905,946 | LeAcc: 1.000
Start Experiment 49
***************************************************************
Ground-truth Labels: 21,35,124,133,185,461,471,487,506,528,553,561,580,610,625,651,823,824,832,842,868,878,945
Ground-truth Num of Instances: 1,1,1,1,1,1,1,1,1,1,1,1,1,1,1,1,2,1,1,1,1,1,1
Our Recovered Labels: 21,35,124,133,185,461,471,487,506,528,553,561,580,610,625,651,823,824,832,842,868,878,945 | LeAcc: 1.000
Our Recovered Num of Instances: 1,1,1,1,1,1,1,1,1,1,1,1,1,1,1,1,2,1,1,1,1,1,1 | LnAcc: 1.000 | IRec: 1.000
iDLG Recovered Labels: 21,35,124,133,185,461,471,487,506,528,553,561,580,610,625,651,823,824,832,842,868,878,945 | LeAcc: 1.000
GradInversion Recovered Labels: 21,35,124,133,185,461,471,487,506,528,553,561,580,610,625,651,823,824,832,842,868,878,945 | LeAcc: 1.000
SVD Recovered Labels: 21,35,124,133,185,461,471,487,506,528,553,561,580,610,625,651,823,824,832,842,868,878,945 | LeAcc: 1.000
Start Experiment 50
***************************************************************
Ground-truth Labels: 87,123,236,313,421,447,471,511,547,554,599,649,651,653,719,736,742,744,820,826,835,860,926,943
Ground-truth Num of Instances: 1,1,1,1,1,1,1,1,1,1,1,1,1,1,1,1,1,1,1,1,1,1,1,1
Our Recovered Labels: 87,123,236,313,421,447,471,511,547,554,599,649,651,653,719,736,742,744,820,826,835,860,926,943 | LeAcc: 1.000
Our Recovered Num of Instances: 1,1,1,1,1,1,1,1,1,1,1,1,1,1,1,1,1,1,1,1,1,1,1,1 | LnAcc: 1.000 | IRec: 1.000
iDLG Recovered Labels: 87,123,236,313,421,447,471,511,547,554,599,649,651,653,719,736,742,744,820,826,835,860,926,943 | LeAcc: 1.000
GradInversion Recovered Labels: 87,123,236,313,421,447,471,511,547,554,599,649,651,653,719,736,742,744,820,826,835,860,926,943 | LeAcc: 1.000
SVD Recovered Labels: 87,123,236,313,421,447,471,511,547,554,599,649,651,653,719,736,742,744,820,826,835,860,926,943 | LeAcc: 1.000
---------------------------------------------------------------
Mean iDLG LeAcc: 1.000 | Mean GI LeAcc: 1.000 | Mean SVD LeAcc: 1.000 | Mean Ours LeAcc: 1.000 | Mean Ours LnAcc: 1.000 | Mean Ours IRec: 1.000
