running experiments at 2022-09-18-23:15:59
	exp_name: cifar100_10cls
	cpu: False
	num_tries: 1
	num_images: 16
	seed: 8888
	alpha: 1
	simplified: False
	compare: False
	analysis: False
	data_path: data
	dataset: CIFAR100
	split: train
	distribution: random2
	start_id: 0
	num_classes: 100
	num_uniform_cls: 32
	num_target_cls: 10
	max_size: 32
	model: resnet18
	trained_model: False
	iter_train: False
	iters: 1000
	epochs: 10
	batch_size: 128
	lr: 0.1
	optimizer: SGD
	scheduler: linear
	weight_decay: 0.0005
	warmup: False
	epoch_interval: 10
	iter_interval: 100
	mid_save: False
	model_path: models
	dryrun: False
	batchnorm: False
	dropout: False
	silu: False
	leaky_relu: False
	n_dim: 300
	n_hidden: 1
	defense: False
	defense_method: dp
	noise_std: 0.001
	clip_bound: 4
	sparse_ratio: 10
	prune_ratio: 10
	rec_img: True
	fix_labels: True
	gt_labels: False
	optim: ig
	restarts: 1
	cost_fn: sim
	indices: def
	weights: equal
	rec_lr: None
	rec_optimizer: adam
	signed: True
	boxed: True
	scoring_choice: loss
	init: randn
	tv: 0.008
	l2: 1e-06
	max_iterations: 24000
	loss_thresh: 0.0001
	save_image: True
	log_dir: logs/cifar100_10cls
	image_dir: images/cifar100_10cls

Start Experiment 1
start_id: 0
***************************************************************
Ground-truth Labels: 8,9,11,16,22,34,45,53,57,86
Ground-truth Num of Instances: 4,2,1,1,1,1,1,3,1,1
Our Recovered Labels: 8,9,11,16,22,34,45,53,57,86 | LeAcc: 1.000
Our Recovered Num of Instances: 4,2,1,1,1,1,1,3,1,1 | LnAcc: 1.000 | IRec: 1.000
 
Start reconstructing images
End reconstructing images
---------------------------------------------------------------
Mean Ours LeAcc: 1.000 | Mean Ours LnAcc: 1.000 | Mean Ours IRec: 1.000
