running experiments at 2022-09-20-18:47:19
	exp_name: BNDO
	cpu: False
	num_tries: 50
	num_images: 128
	seed: 12
	alpha: 1
	simplified: False
	compare: False
	analysis: False
	data_path: data
	dataset: CIFAR100
	split: train
	distribution: random
	start_id: 0
	num_classes: 100
	num_uniform_cls: 32
	num_target_cls: 5
	max_size: 32
	model: lenet5
	trained_model: False
	iter_train: False
	iters: 1000
	epochs: 10
	batch_size: 128
	lr: 0.1
	optimizer: SGD
	scheduler: linear
	weight_decay: 0.0005
	warmup: False
	epoch_interval: 10
	iter_interval: 100
	mid_save: False
	model_path: models
	dryrun: False
	batchnorm: False
	dropout: False
	silu: False
	leaky_relu: False
	n_dim: 300
	n_hidden: 1
	defense: False
	defense_method: dp
	noise_std: 0.001
	clip_bound: 4
	sparse_ratio: 10
	prune_ratio: 10
	rec_img: False
	fix_labels: False
	gt_labels: False
	optim: ig
	restarts: 1
	cost_fn: sim
	indices: def
	weights: equal
	rec_lr: None
	rec_optimizer: adam
	signed: False
	boxed: False
	scoring_choice: loss
	init: randn
	tv: 1e-06
	l2: 1e-06
	max_iterations: 8000
	loss_thresh: 0.0001
	save_image: False
	log_dir: logs/BNDO
	image_dir: images/BNDO

Start Experiment 1
start_id: 0
***************************************************************
Ground-truth Labels: 1,2,3,5,6,7,8,9,10,11,12,15,16,23,24,25,26,27,28,29,30,34,35,39,41,42,44,45,46,47,49,50,51,52,54,55,56,57,58,61,62,63,64,65,66,68,70,71,72,73,74,76,78,79,80,81,82,83,84,85,86,87,88,89,90,92,93,94,97,98,99
Ground-truth Num of Instances: 1,4,6,1,1,1,1,4,2,1,1,1,1,1,3,1,2,1,1,4,1,1,1,1,3,2,4,1,1,1,2,2,1,3,2,2,2,3,2,1,1,1,3,1,1,1,1,1,4,2,2,3,2,1,2,2,2,2,3,3,2,1,1,1,1,2,1,2,1,3,1
Our Recovered Labels: 1,2,3,5,6,7,8,9,10,11,12,15,16,23,24,25,26,27,28,29,30,34,35,39,41,42,44,45,46,47,49,50,51,52,54,55,56,57,58,61,62,63,64,65,66,68,70,71,72,73,74,76,78,79,80,81,82,83,84,85,86,87,88,89,90,92,93,94,97,98,99 | LeAcc: 1.000
Our Recovered Num of Instances: 1,4,6,1,1,1,1,4,2,1,1,1,1,1,3,1,2,1,1,4,1,1,1,1,3,2,4,1,1,1,2,2,1,3,2,2,2,3,2,1,1,1,3,1,1,1,1,1,4,2,2,3,2,1,2,2,2,2,3,3,2,1,1,1,1,2,1,2,1,3,1 | LnAcc: 1.000 | IRec: 1.000
Start Experiment 2
start_id: 11879
***************************************************************
Ground-truth Labels: 1,3,4,5,6,7,8,9,10,11,12,13,14,15,16,17,18,20,22,23,24,25,26,27,28,30,31,32,36,38,40,41,42,45,48,52,53,54,55,56,57,58,60,63,64,65,66,67,68,69,70,71,72,73,76,77,78,79,80,81,82,85,86,87,88,89,91,92,95,96,98,99
Ground-truth Num of Instances: 1,2,3,2,1,2,1,2,1,1,4,3,3,2,4,1,3,2,1,2,1,1,1,1,3,1,3,2,1,2,1,1,1,4,1,1,3,1,2,3,3,1,1,1,2,2,3,1,1,2,1,2,1,3,1,1,1,3,1,1,1,2,1,3,3,1,4,1,1,2,1,1
Our Recovered Labels: 1,3,4,5,6,7,8,9,10,11,12,13,14,15,16,17,18,20,22,23,24,25,26,27,28,30,31,32,36,38,40,41,42,45,48,52,53,54,55,56,57,58,60,63,64,65,66,67,68,69,70,71,72,73,76,77,78,79,80,81,82,85,86,87,88,89,91,92,95,96,98,99 | LeAcc: 1.000
Our Recovered Num of Instances: 1,2,3,2,1,2,1,2,1,1,4,3,3,2,4,1,3,2,1,2,1,1,1,1,3,1,3,2,1,2,1,1,1,4,1,1,3,1,2,3,3,1,1,1,2,2,3,1,1,2,1,2,1,3,1,1,1,3,1,1,1,2,1,3,3,1,4,1,1,2,1,1 | LnAcc: 1.000 | IRec: 1.000
Start Experiment 3
start_id: 40061
***************************************************************
Ground-truth Labels: 0,1,2,4,10,11,12,13,14,15,16,17,19,22,23,25,26,27,29,30,31,32,33,34,36,40,41,44,46,47,48,49,50,52,54,56,57,58,59,60,61,62,64,65,66,67,68,69,70,71,72,73,74,75,76,77,78,79,80,81,83,84,85,86,87,90,91,92,93,94,95,97,98,99
Ground-truth Num of Instances: 2,4,1,1,1,3,2,1,1,4,2,1,2,1,3,1,1,1,1,1,1,1,1,3,1,1,3,2,2,1,2,2,2,2,1,2,2,1,1,1,1,2,1,3,1,3,2,1,2,1,3,2,1,1,1,3,1,1,1,1,2,2,2,3,1,2,3,1,4,2,1,2,4,1
Our Recovered Labels: 0,1,2,4,10,11,12,13,14,15,16,17,19,22,23,25,26,27,29,30,31,32,33,34,36,40,41,44,46,47,48,49,50,52,54,56,57,58,59,60,61,62,64,65,66,67,68,69,70,71,72,73,74,75,76,77,78,79,80,81,83,84,85,86,87,90,91,92,93,94,95,97,98,99 | LeAcc: 1.000
Our Recovered Num of Instances: 2,4,1,1,1,3,2,1,1,4,2,1,2,1,3,1,1,1,1,1,1,1,1,3,1,1,3,2,2,1,2,2,2,2,1,2,2,1,1,1,1,2,1,3,1,3,2,1,2,1,3,2,1,1,1,3,1,1,1,1,2,2,2,3,1,2,3,1,4,2,1,2,4,1 | LnAcc: 1.000 | IRec: 1.000
Start Experiment 4
start_id: 44349
***************************************************************
Ground-truth Labels: 0,1,3,4,5,6,7,8,9,10,11,12,13,15,16,17,18,19,21,22,23,25,26,27,28,29,31,32,33,34,35,36,37,38,40,41,43,47,48,49,50,51,53,56,59,60,61,62,63,65,67,68,69,70,72,73,74,75,76,79,80,81,83,85,86,87,88,89,90,91,93,94,97,98,99
Ground-truth Num of Instances: 1,3,3,2,1,1,1,1,2,2,2,3,1,3,1,2,1,1,1,2,1,2,1,2,2,3,1,1,4,2,1,2,1,1,1,1,2,1,1,1,4,2,2,1,1,2,3,1,1,2,2,1,4,2,3,3,1,2,2,1,1,2,1,2,1,2,1,1,1,1,1,4,1,3,1
Our Recovered Labels: 0,1,3,4,5,6,7,8,9,10,11,12,13,15,16,17,18,19,21,22,23,25,26,27,28,29,31,32,33,34,35,36,37,38,40,41,43,47,48,49,50,51,53,56,59,60,61,62,63,65,67,68,69,70,72,73,74,75,76,79,80,81,83,85,86,87,88,89,90,91,93,94,97,98,99 | LeAcc: 1.000
Our Recovered Num of Instances: 1,3,3,2,1,1,1,1,2,2,2,3,1,3,1,2,1,1,1,2,1,2,1,2,2,3,1,1,4,2,1,2,1,1,1,1,2,1,1,1,4,2,2,1,1,2,3,1,1,2,2,1,4,2,3,3,1,2,2,1,1,2,1,2,1,2,1,1,1,1,1,4,1,3,1 | LnAcc: 1.000 | IRec: 1.000
Start Experiment 5
start_id: 31266
***************************************************************
Ground-truth Labels: 3,4,5,6,7,9,10,14,15,16,17,18,19,20,21,22,23,25,26,30,32,33,34,35,36,38,39,40,43,44,45,46,47,48,49,50,51,52,53,54,58,59,60,63,64,65,67,69,71,73,74,75,76,77,78,79,81,82,83,84,85,87,88,89,90,91,92,93,94,96,98,99
Ground-truth Num of Instances: 5,3,1,1,1,1,1,1,3,1,3,2,1,2,2,2,1,1,2,3,1,2,3,2,1,1,2,2,2,1,2,1,1,1,1,1,1,1,2,1,3,2,2,2,1,2,2,4,1,3,2,1,2,2,2,3,2,1,1,1,2,2,1,2,3,2,1,2,3,1,2,2
Our Recovered Labels: 3,4,5,6,7,9,10,14,15,16,17,18,19,20,21,22,23,25,26,30,32,33,34,35,36,38,39,40,43,44,45,46,47,48,49,50,51,52,53,54,58,59,60,63,64,65,67,69,71,73,74,75,76,77,78,79,81,82,83,84,85,87,88,89,90,91,92,93,94,96,98,99 | LeAcc: 1.000
Our Recovered Num of Instances: 5,3,1,1,1,1,1,1,3,1,3,2,1,2,2,2,1,1,2,3,1,2,3,2,1,1,2,2,2,1,2,1,1,1,1,1,1,1,2,1,3,2,2,2,1,2,2,4,1,3,2,1,2,2,2,3,2,1,1,1,2,2,1,2,3,2,1,2,3,1,2,2 | LnAcc: 1.000 | IRec: 1.000
Start Experiment 6
start_id: 22311
***************************************************************
Ground-truth Labels: 2,3,4,5,6,9,10,11,12,13,16,19,22,23,24,26,28,29,31,33,34,35,36,37,38,39,40,42,43,45,46,47,48,49,51,53,55,56,57,58,59,61,62,63,64,65,66,67,68,70,71,72,73,74,75,77,80,81,82,85,86,88,89,91,94,95,97,98,99
Ground-truth Num of Instances: 1,1,5,2,1,1,2,1,1,1,3,2,3,2,1,3,1,2,1,3,1,1,3,2,2,5,1,1,2,2,1,2,2,3,1,3,2,1,1,2,1,2,1,2,2,2,3,2,1,3,2,3,1,1,1,3,2,2,1,1,2,1,2,1,2,2,3,2,2
Our Recovered Labels: 2,3,4,5,6,9,10,11,12,13,16,19,22,23,24,26,28,29,31,33,34,35,36,37,38,39,40,42,43,45,46,47,48,49,51,53,55,56,57,58,59,61,62,63,64,65,66,67,68,70,71,72,73,74,75,77,80,81,82,85,86,88,89,91,94,95,97,98,99 | LeAcc: 1.000
Our Recovered Num of Instances: 1,1,5,2,1,1,2,1,1,1,3,2,3,2,1,3,1,2,1,3,1,1,3,2,2,5,1,1,2,2,1,2,2,3,1,3,2,1,1,2,1,2,1,2,2,2,3,2,1,3,2,3,1,1,1,3,2,2,1,1,2,1,2,1,2,2,3,2,2 | LnAcc: 1.000 | IRec: 1.000
Start Experiment 7
start_id: 4099
***************************************************************
Ground-truth Labels: 2,3,5,8,9,10,11,12,13,16,17,18,19,20,21,22,23,24,25,27,29,30,31,32,33,35,37,38,39,41,42,43,44,47,50,51,54,55,56,57,59,60,61,62,64,65,68,69,70,71,72,74,75,76,77,79,80,81,83,84,85,88,89,90,91,92,94,95,96,97,98,99
Ground-truth Num of Instances: 4,4,1,1,1,1,1,4,1,1,3,3,1,2,2,2,1,1,1,1,4,3,2,1,2,2,1,1,1,1,1,1,2,5,1,2,2,3,4,1,2,1,1,1,2,2,2,1,3,3,1,3,1,4,2,1,1,1,2,1,1,1,1,1,2,1,1,1,2,2,2,2
Our Recovered Labels: 2,3,5,8,9,10,11,12,13,16,17,18,19,20,21,22,23,24,25,27,29,30,31,32,33,35,37,38,39,41,42,43,44,47,50,51,54,55,56,57,59,60,61,62,64,65,68,69,70,71,72,74,75,76,77,79,80,81,83,84,85,88,89,90,91,92,94,95,96,97,98,99 | LeAcc: 1.000
Our Recovered Num of Instances: 4,4,1,1,1,1,1,4,1,1,3,3,1,2,2,2,1,1,1,1,4,3,2,1,2,2,1,1,1,1,1,1,2,5,1,2,2,3,4,1,2,1,1,1,2,2,2,1,3,3,1,3,1,4,2,1,1,1,2,1,1,1,1,1,2,1,1,1,2,2,2,2 | LnAcc: 1.000 | IRec: 1.000
Start Experiment 8
start_id: 22289
***************************************************************
Ground-truth Labels: 0,1,4,5,6,8,9,10,12,14,15,17,19,20,21,23,24,26,28,30,31,32,33,34,36,37,39,40,43,44,46,47,48,52,53,54,55,56,57,58,59,60,61,64,66,68,69,70,72,75,77,78,79,80,81,82,83,84,85,86,87,88,90,91,93,94,96,97,98,99
Ground-truth Num of Instances: 2,1,2,3,4,1,1,2,1,1,1,2,1,2,1,2,2,1,1,1,2,3,1,1,2,1,3,1,4,1,2,4,2,2,1,2,1,1,2,3,3,3,1,6,1,1,2,3,2,1,2,1,1,1,1,2,1,2,2,1,2,1,1,2,1,4,3,2,3,1
Our Recovered Labels: 0,1,4,5,6,8,9,10,12,14,15,17,19,20,21,23,24,26,28,30,31,32,33,34,36,37,39,40,43,44,46,47,48,52,53,54,55,56,57,58,59,60,61,64,66,68,69,70,72,75,77,78,79,80,81,82,83,84,85,86,87,88,90,91,93,94,96,97,98,99 | LeAcc: 1.000
Our Recovered Num of Instances: 2,1,2,3,4,1,1,2,1,1,1,2,1,2,1,2,2,1,1,1,2,3,1,1,2,1,3,1,4,1,2,4,2,2,1,2,1,1,2,3,3,3,1,6,1,1,2,3,2,1,2,1,1,1,1,2,1,2,2,1,2,1,1,2,1,4,3,2,3,1 | LnAcc: 1.000 | IRec: 1.000
Start Experiment 9
start_id: 10245
***************************************************************
Ground-truth Labels: 0,1,2,3,4,5,8,9,10,12,14,15,16,17,19,20,21,22,23,24,25,26,28,30,31,32,33,34,36,37,38,39,40,42,45,48,49,51,53,54,56,57,58,59,61,62,63,65,66,67,68,69,71,72,73,74,75,78,82,83,84,85,86,87,90,94,95,96,97,98,99
Ground-truth Num of Instances: 2,3,1,4,3,1,1,1,1,1,1,2,1,1,1,1,1,1,1,1,1,1,1,2,1,1,2,2,4,3,2,2,3,1,4,5,2,1,3,1,2,2,3,3,4,1,1,2,2,1,2,2,2,1,1,2,1,2,1,2,1,2,2,2,4,1,2,2,1,2,1
Our Recovered Labels: 0,1,2,3,4,5,8,9,10,12,14,15,16,17,19,20,21,22,23,24,25,26,28,30,31,32,33,34,36,37,38,39,40,42,45,48,49,51,53,54,56,57,58,59,61,62,63,65,66,67,68,69,71,72,73,74,75,78,82,83,84,85,86,87,90,94,95,96,97,98,99 | LeAcc: 1.000
Our Recovered Num of Instances: 2,3,1,4,3,1,1,1,1,1,1,2,1,1,1,1,1,1,1,1,1,1,1,2,1,1,2,2,4,3,2,2,3,1,4,5,2,1,3,1,2,2,3,3,4,1,1,2,2,1,2,2,2,1,1,2,1,2,1,2,1,2,2,2,4,1,2,2,1,2,1 | LnAcc: 1.000 | IRec: 1.000
Start Experiment 10
start_id: 17447
***************************************************************
Ground-truth Labels: 0,2,4,5,7,8,9,10,11,12,17,18,21,22,24,25,27,28,29,30,31,33,34,35,36,37,38,41,43,45,47,49,50,51,52,53,55,57,58,59,60,61,62,63,64,66,67,69,71,72,73,74,75,76,77,78,79,80,81,83,85,87,88,89,92,94,97,98,99
Ground-truth Num of Instances: 4,2,1,2,1,4,1,2,1,3,2,1,3,1,1,2,2,2,1,5,2,1,2,3,2,1,3,1,1,1,2,1,2,1,2,1,1,1,1,1,1,1,1,1,1,2,1,2,1,2,3,1,3,2,1,1,3,1,1,3,5,1,3,1,5,3,3,1,3
Our Recovered Labels: 0,2,4,5,7,8,9,10,11,12,17,18,21,22,24,25,27,28,29,30,31,33,34,35,36,37,38,41,43,45,47,49,50,51,52,53,55,57,58,59,60,61,62,63,64,66,67,69,71,72,73,74,75,76,77,78,79,80,81,83,85,87,88,89,92,94,97,98,99 | LeAcc: 1.000
Our Recovered Num of Instances: 4,2,1,2,1,4,1,2,1,3,2,1,3,1,1,2,2,2,1,5,2,1,2,3,2,1,3,1,1,1,2,1,2,1,2,1,1,1,1,1,1,1,1,1,1,2,1,2,1,2,3,1,3,2,1,1,3,1,1,3,5,1,3,1,5,3,3,1,3 | LnAcc: 1.000 | IRec: 1.000
Start Experiment 11
start_id: 33262
***************************************************************
Ground-truth Labels: 0,1,4,5,6,7,8,10,11,13,15,16,17,18,19,20,21,22,23,24,25,27,29,30,34,35,36,37,38,40,41,42,43,44,45,47,48,49,51,55,56,57,60,61,62,63,64,65,66,67,70,71,72,73,74,75,76,78,79,80,81,82,84,85,88,89,91,92,93,94,95,96,97,98,99
Ground-truth Num of Instances: 1,3,3,2,3,1,1,1,1,1,2,1,2,2,1,1,1,1,2,2,1,3,2,3,4,3,2,1,1,1,1,4,3,1,1,1,2,2,1,2,1,1,2,1,2,1,2,3,1,1,1,2,3,1,1,2,1,2,1,2,4,1,2,3,1,1,2,1,1,3,1,2,1,2,1
Our Recovered Labels: 0,1,4,5,6,7,8,10,11,13,15,16,17,18,19,20,21,22,23,24,25,27,29,30,34,35,36,37,38,40,41,42,43,44,45,47,48,49,51,55,56,57,60,61,62,63,64,65,66,67,70,71,72,73,74,75,76,78,79,80,81,82,84,85,88,89,91,92,93,94,95,96,97,98,99 | LeAcc: 1.000
Our Recovered Num of Instances: 1,3,3,2,3,1,1,1,1,1,2,1,2,2,1,1,1,1,2,2,1,3,2,3,4,3,2,1,1,1,1,4,3,1,1,1,2,2,1,2,1,1,2,1,2,1,2,3,1,1,1,2,3,1,1,2,1,2,1,2,4,1,2,3,1,1,2,1,1,3,1,2,1,2,1 | LnAcc: 1.000 | IRec: 1.000
Start Experiment 12
start_id: 49796
***************************************************************
Ground-truth Labels: 0,1,4,5,6,7,8,9,10,11,12,13,14,15,16,18,20,21,22,23,26,27,28,30,32,33,35,36,37,38,39,40,42,43,44,46,47,48,50,52,54,55,56,57,58,60,62,64,66,67,68,70,71,72,75,78,80,81,82,83,85,86,88,89,90,91,92,93,94,95,99
Ground-truth Num of Instances: 3,1,1,1,2,1,1,1,1,4,1,1,3,4,1,1,2,1,2,1,4,1,2,1,1,2,2,2,3,2,1,2,3,2,2,2,1,1,2,2,1,1,1,2,2,1,2,1,3,1,2,2,2,3,1,2,1,3,2,2,2,1,3,4,2,2,1,3,2,1,1
Our Recovered Labels: 0,1,4,5,6,7,8,9,10,11,12,13,14,15,16,18,20,21,22,23,26,27,28,30,32,33,35,36,37,38,39,40,42,43,44,46,47,48,50,52,54,55,56,57,58,60,62,64,66,67,68,70,71,72,75,78,80,81,82,83,85,86,88,89,90,91,92,93,94,95,99 | LeAcc: 1.000
Our Recovered Num of Instances: 3,1,1,1,2,1,1,1,1,4,1,1,3,4,1,1,2,1,2,1,4,1,2,1,1,2,2,2,3,2,1,2,3,2,2,2,1,1,2,2,1,1,1,2,2,1,2,1,3,1,2,2,2,3,1,2,1,3,2,2,2,1,3,4,2,2,1,3,2,1,1 | LnAcc: 1.000 | IRec: 1.000
Start Experiment 13
start_id: 20343
***************************************************************
Ground-truth Labels: 0,1,2,3,5,6,7,9,12,14,15,16,17,18,19,20,22,23,24,25,26,27,30,35,36,37,38,41,45,47,48,49,50,52,53,56,57,58,59,60,61,62,64,67,68,69,70,71,73,75,76,78,79,80,81,82,86,87,88,89,90,91,93,95,96,97,99
Ground-truth Num of Instances: 1,4,1,1,1,4,1,2,1,3,3,2,2,2,1,2,2,3,5,1,1,2,3,2,2,3,1,2,1,1,3,3,1,1,2,1,1,2,3,3,1,1,1,2,3,2,2,5,1,2,2,3,2,1,2,1,1,1,1,1,3,1,2,2,2,1,2
Our Recovered Labels: 0,1,2,3,5,6,7,9,12,14,15,16,17,18,19,20,22,23,24,25,26,27,30,35,36,37,38,41,45,47,48,49,50,52,53,56,57,58,59,60,61,62,64,67,68,69,70,71,73,75,76,78,79,80,81,82,86,87,88,89,90,91,93,95,96,97,99 | LeAcc: 1.000
Our Recovered Num of Instances: 1,4,1,1,1,4,1,2,1,3,3,2,2,2,1,2,2,3,5,1,1,2,3,2,2,3,1,2,1,1,3,3,1,1,2,1,1,2,3,3,1,1,1,2,3,2,2,5,1,2,2,3,2,1,2,1,1,1,1,1,3,1,2,2,2,1,2 | LnAcc: 1.000 | IRec: 1.000
Start Experiment 14
start_id: 680
***************************************************************
Ground-truth Labels: 0,1,5,8,9,10,12,13,15,18,19,21,22,24,25,26,27,28,29,30,32,33,34,35,37,38,39,40,42,43,44,45,46,47,48,50,51,53,54,57,59,60,61,62,63,64,66,69,70,71,72,75,77,78,79,80,81,83,84,85,87,88,90,92,93,94,95,97,98
Ground-truth Num of Instances: 3,1,1,2,1,2,3,1,3,1,3,2,3,1,2,1,3,2,2,2,3,1,4,2,1,2,2,1,1,1,3,1,2,3,2,3,1,1,1,3,2,3,3,2,2,2,1,1,2,1,2,2,1,2,1,1,3,1,2,2,1,2,2,1,2,3,1,1,2
Our Recovered Labels: 0,1,5,8,9,10,12,13,15,18,19,21,22,24,25,26,27,28,29,30,32,33,34,35,37,38,39,40,42,43,44,45,46,47,48,50,51,53,54,57,59,60,61,62,63,64,66,69,70,71,72,75,77,78,79,80,81,83,84,85,87,88,90,92,93,94,95,97,98 | LeAcc: 1.000
Our Recovered Num of Instances: 3,1,1,2,1,2,3,1,3,1,3,2,3,1,2,1,3,2,2,2,3,1,4,2,1,2,2,1,1,1,3,1,2,3,2,3,1,1,1,3,2,3,3,2,2,2,1,1,2,1,2,2,1,2,1,1,3,1,2,2,1,2,2,1,2,3,1,1,2 | LnAcc: 1.000 | IRec: 1.000
Start Experiment 15
start_id: 22513
***************************************************************
Ground-truth Labels: 0,1,2,4,5,6,7,8,9,10,11,12,13,14,16,17,18,19,20,21,22,23,28,33,34,35,36,37,39,41,42,43,44,45,49,50,51,52,53,55,56,57,58,61,62,63,64,65,66,68,69,72,73,74,75,77,78,79,81,82,83,84,85,87,88,89,90,91,94,96,97,99
Ground-truth Num of Instances: 2,1,4,1,3,3,1,1,2,1,2,1,1,1,4,1,2,2,1,2,3,2,3,1,3,1,1,3,2,2,1,3,2,1,1,2,2,1,1,2,3,1,3,1,2,3,1,2,2,2,3,3,1,1,1,2,2,1,1,1,1,1,2,2,1,1,1,2,3,2,1,2
Our Recovered Labels: 0,1,2,4,5,6,7,8,9,10,11,12,13,14,16,17,18,19,20,21,22,23,28,33,34,35,36,37,39,41,42,43,44,45,49,50,51,52,53,55,56,57,58,61,62,63,64,65,66,68,69,72,73,74,75,77,78,79,81,82,83,84,85,87,88,89,90,91,94,96,97,99 | LeAcc: 1.000
Our Recovered Num of Instances: 2,1,4,1,3,3,1,1,2,1,2,1,1,1,4,1,2,2,1,2,3,2,3,1,3,1,1,3,2,2,1,3,2,1,1,2,2,1,1,2,3,1,3,1,2,3,1,2,2,2,3,3,1,1,1,2,2,1,1,1,1,1,2,2,1,1,1,2,3,2,1,2 | LnAcc: 1.000 | IRec: 1.000
Start Experiment 16
start_id: 49827
***************************************************************
Ground-truth Labels: 0,1,4,5,6,7,8,9,10,11,12,13,16,17,18,19,20,21,24,26,28,29,30,31,32,34,36,37,38,39,40,41,42,43,44,45,47,48,49,51,54,55,56,57,58,59,60,62,64,65,66,68,69,72,75,76,77,78,79,80,81,82,84,86,87,88,89,90,91,92,93,95,97,99
Ground-truth Num of Instances: 1,1,3,1,1,1,1,4,1,2,1,1,2,2,2,3,1,3,2,2,1,1,4,1,1,1,1,2,1,2,1,2,1,3,1,4,2,3,2,5,2,2,2,3,1,1,1,2,1,1,1,1,1,2,1,2,1,1,2,1,2,1,2,2,1,3,1,1,2,2,2,1,4,1
Our Recovered Labels: 0,1,4,5,6,7,8,9,10,11,12,13,16,17,18,19,20,21,24,26,28,29,30,31,32,34,36,37,38,39,40,41,42,43,44,45,47,48,49,51,54,55,56,57,58,59,60,62,64,65,66,68,69,72,75,76,77,78,79,80,81,82,84,86,87,88,89,90,91,92,93,95,97,99 | LeAcc: 1.000
Our Recovered Num of Instances: 1,1,3,1,1,1,1,4,1,2,1,1,2,2,2,3,1,3,2,2,1,1,4,1,1,1,1,2,1,2,1,2,1,3,1,4,2,3,2,5,2,2,2,3,1,1,1,2,1,1,1,1,1,2,1,2,1,1,2,1,2,1,2,2,1,3,1,1,2,2,2,1,4,1 | LnAcc: 1.000 | IRec: 1.000
Start Experiment 17
start_id: 47780
***************************************************************
Ground-truth Labels: 0,1,2,3,6,7,8,11,12,15,16,17,18,19,20,21,22,23,24,26,27,28,30,32,33,34,35,36,37,38,39,40,41,44,46,47,48,49,50,51,54,55,56,57,58,59,60,61,63,64,65,66,67,68,69,70,71,73,74,76,77,78,79,84,85,88,90,91,92,93,94,95,96,97,98,99
Ground-truth Num of Instances: 2,1,2,4,2,3,1,2,1,2,1,2,1,2,2,1,1,2,2,1,1,2,1,2,2,1,1,2,2,1,1,1,1,2,2,1,1,2,2,1,1,2,2,3,3,2,3,1,4,2,1,1,3,1,1,1,1,1,1,2,1,3,2,2,4,1,1,3,2,1,1,2,1,1,2,1
Our Recovered Labels: 0,1,2,3,6,7,8,11,12,15,16,17,18,19,20,21,22,23,24,26,27,28,30,32,33,34,35,36,37,38,39,40,41,44,46,47,48,49,50,51,54,55,56,57,58,59,60,61,63,64,65,66,67,68,69,70,71,73,74,76,77,78,79,84,85,88,90,91,92,93,94,95,96,97,98,99 | LeAcc: 1.000
Our Recovered Num of Instances: 2,1,2,4,2,3,1,2,1,2,1,2,1,2,2,1,1,2,2,1,1,2,1,2,2,1,1,2,2,1,1,1,1,2,2,1,1,2,2,1,1,2,2,3,3,2,3,1,4,2,1,1,3,1,1,1,1,1,1,2,1,3,2,2,4,1,1,3,2,1,1,2,1,1,2,1 | LnAcc: 1.000 | IRec: 1.000
Start Experiment 18
start_id: 25280
***************************************************************
Ground-truth Labels: 0,1,2,3,4,5,9,10,13,14,15,16,17,19,20,21,24,25,28,31,32,33,35,36,37,38,39,40,41,42,43,44,45,46,47,49,51,53,55,57,58,59,60,61,63,64,65,67,68,69,70,71,72,74,76,78,79,80,81,83,84,86,87,88,89,90,92,93,94,95,97,99
Ground-truth Num of Instances: 1,1,1,1,5,1,1,1,1,2,2,2,4,2,1,3,3,3,2,3,2,2,2,3,2,1,3,2,2,1,1,1,2,2,1,2,2,1,1,1,2,1,2,1,1,1,1,1,1,1,2,3,2,3,2,1,3,1,4,1,1,2,1,1,1,1,3,1,1,2,1,5
Our Recovered Labels: 0,1,2,3,4,5,9,10,13,14,15,16,17,19,20,21,24,25,28,31,32,33,35,36,37,38,39,40,41,42,43,44,45,46,47,49,51,53,55,57,58,59,60,61,63,64,65,67,68,69,70,71,72,74,76,78,79,80,81,83,84,86,87,88,89,90,92,93,94,95,97,99 | LeAcc: 1.000
Our Recovered Num of Instances: 1,1,1,1,5,1,1,1,1,2,2,2,4,2,1,3,3,3,2,3,2,2,2,3,2,1,3,2,2,1,1,1,2,2,1,2,2,1,1,1,2,1,2,1,1,1,1,1,1,1,2,3,2,3,2,1,3,1,4,1,1,2,1,1,1,1,3,1,1,2,1,5 | LnAcc: 1.000 | IRec: 1.000
Start Experiment 19
start_id: 29519
***************************************************************
Ground-truth Labels: 2,3,5,6,7,8,9,10,11,12,13,14,16,17,18,19,20,21,23,24,25,26,27,28,29,32,33,34,36,37,41,43,45,46,47,48,49,51,52,53,54,55,57,59,60,61,62,63,65,66,67,68,71,72,73,74,75,78,79,80,81,82,83,84,85,86,87,88,90,91,92,93,94,95,98
Ground-truth Num of Instances: 2,4,1,2,2,1,2,1,1,1,1,2,1,3,2,2,1,2,1,4,2,1,1,1,1,2,1,1,1,2,2,1,1,2,2,3,1,2,3,2,2,1,1,2,2,1,2,1,2,1,1,2,3,1,1,3,1,1,1,2,1,3,2,1,2,3,2,1,4,2,1,2,1,2,2
Our Recovered Labels: 2,3,5,6,7,8,9,10,11,12,13,14,16,17,18,19,20,21,23,24,25,26,27,28,29,32,33,34,36,37,41,43,45,46,47,48,49,51,52,53,54,55,57,59,60,61,62,63,65,66,67,68,71,72,73,74,75,78,79,80,81,82,83,84,85,86,87,88,90,91,92,93,94,95,98 | LeAcc: 1.000
Our Recovered Num of Instances: 2,4,1,2,2,1,2,1,1,1,1,2,1,3,2,2,1,2,1,4,2,1,1,1,1,2,1,1,1,2,2,1,1,2,2,3,1,2,3,2,2,1,1,2,2,1,2,1,2,1,1,2,3,1,1,3,1,1,1,2,1,3,2,1,2,3,2,1,4,2,1,2,1,2,2 | LnAcc: 1.000 | IRec: 1.000
Start Experiment 20
start_id: 22204
***************************************************************
Ground-truth Labels: 0,1,2,3,4,5,6,7,8,9,12,14,15,17,18,19,20,21,22,25,27,28,29,30,31,32,34,37,38,39,40,41,42,43,45,46,47,49,50,51,53,54,56,57,58,60,62,63,64,65,66,67,68,69,71,72,73,75,76,77,79,80,82,83,84,85,86,87,90,91,92,93,95,96,97,98
Ground-truth Num of Instances: 2,1,1,1,1,3,3,1,2,1,2,1,2,3,2,1,4,2,1,1,1,2,2,2,2,1,2,1,1,2,2,1,2,3,1,1,1,3,2,2,1,1,1,1,3,2,1,4,1,1,2,1,1,3,1,2,3,1,2,2,1,1,1,1,2,4,2,3,1,1,1,1,2,1,1,2
Our Recovered Labels: 0,1,2,3,4,5,6,7,8,9,12,14,15,17,18,19,20,21,22,25,27,28,29,30,31,32,34,37,38,39,40,41,42,43,45,46,47,49,50,51,53,54,56,57,58,60,62,63,64,65,66,67,68,69,71,72,73,75,76,77,79,80,82,83,84,85,86,87,90,91,92,93,95,96,97,98 | LeAcc: 1.000
Our Recovered Num of Instances: 2,1,1,1,1,3,3,1,2,1,2,1,2,3,2,1,4,2,1,1,1,2,2,2,2,1,2,1,1,2,2,1,2,3,1,1,1,3,2,2,1,1,1,1,3,2,1,4,1,1,2,1,1,3,1,2,3,1,2,2,1,1,1,1,2,4,2,3,1,1,1,1,2,1,1,2 | LnAcc: 1.000 | IRec: 1.000
Start Experiment 21
start_id: 36926
***************************************************************
Ground-truth Labels: 0,1,2,3,4,5,6,10,11,12,13,14,15,16,19,20,21,22,24,25,26,27,28,29,30,31,33,34,35,38,39,41,43,45,48,50,51,52,54,55,57,59,63,65,66,69,71,72,73,75,76,78,79,80,82,83,85,86,87,88,92,93,95,96,98,99
Ground-truth Num of Instances: 5,2,4,5,2,1,1,1,3,1,1,4,1,1,1,1,2,1,2,1,2,1,1,3,2,2,2,1,2,1,2,3,2,1,1,3,2,4,1,1,1,2,2,2,2,1,1,3,2,1,3,4,2,2,2,1,3,2,1,4,2,1,2,2,1,2
Our Recovered Labels: 0,1,2,3,4,5,6,10,11,12,13,14,15,16,19,20,21,22,24,25,26,27,28,29,30,31,33,34,35,38,39,41,43,45,48,50,51,52,54,55,57,59,63,65,66,69,71,72,73,75,76,78,79,80,82,83,85,86,87,88,92,93,95,96,98,99 | LeAcc: 1.000
Our Recovered Num of Instances: 5,2,4,5,2,1,1,1,3,1,1,4,1,1,1,1,2,1,2,1,2,1,1,3,2,2,2,1,2,1,2,3,2,1,1,3,2,4,1,1,1,2,2,2,2,1,1,3,2,1,3,4,2,2,2,1,3,2,1,4,2,1,2,2,1,2 | LnAcc: 1.000 | IRec: 1.000
Start Experiment 22
start_id: 47846
***************************************************************
Ground-truth Labels: 0,2,3,4,5,6,7,8,10,11,13,14,15,16,17,18,21,22,25,26,27,28,31,32,33,34,35,37,38,40,41,42,44,45,46,47,48,49,50,51,54,55,57,59,60,61,62,63,64,65,67,69,70,75,77,80,82,85,86,87,88,90,91,92,93,94,96,97,98,99
Ground-truth Num of Instances: 2,3,2,2,2,1,2,3,2,2,5,3,2,1,2,1,1,1,3,4,2,2,1,1,1,1,2,1,1,1,1,1,2,3,4,1,1,3,2,1,3,1,1,1,2,1,2,1,2,1,2,3,2,1,1,2,2,2,2,1,3,1,1,4,4,1,1,2,1,1
Our Recovered Labels: 0,2,3,4,5,6,7,8,10,11,13,14,15,16,17,18,21,22,25,26,27,28,31,32,33,34,35,37,38,40,41,42,44,45,46,47,48,49,50,51,54,55,57,59,60,61,62,63,64,65,67,69,70,75,77,80,82,85,86,87,88,90,91,92,93,94,96,97,98,99 | LeAcc: 1.000
Our Recovered Num of Instances: 2,3,2,2,2,1,2,3,2,2,5,3,2,1,2,1,1,1,3,4,2,2,1,1,1,1,2,1,1,1,1,1,2,3,4,1,1,3,2,1,3,1,1,1,2,1,2,1,2,1,2,3,2,1,1,2,2,2,2,1,3,1,1,4,4,1,1,2,1,1 | LnAcc: 1.000 | IRec: 1.000
Start Experiment 23
start_id: 17967
***************************************************************
Ground-truth Labels: 0,1,2,3,4,5,6,7,8,10,11,12,13,14,15,17,19,21,22,23,24,25,26,27,28,29,30,32,33,36,37,38,40,42,43,44,45,46,47,48,49,50,52,53,55,56,57,58,61,63,65,66,67,68,69,70,72,73,74,75,76,77,78,80,81,82,83,84,86,87,88,89,93,94,95,96,97,99
Ground-truth Num of Instances: 2,1,2,1,1,2,2,3,1,1,2,3,2,1,2,2,1,1,1,1,1,2,1,1,4,2,1,2,3,4,1,2,2,1,2,1,2,1,2,4,1,2,1,1,2,2,1,2,2,2,2,1,1,1,3,1,1,1,3,1,1,1,2,1,1,1,2,2,1,2,1,1,1,2,3,1,2,1
Our Recovered Labels: 0,1,2,3,4,5,6,7,8,10,11,12,13,14,15,17,19,21,22,23,24,25,26,27,28,29,30,32,33,36,37,38,40,42,43,44,45,46,47,48,49,50,52,53,55,56,57,58,61,63,65,66,67,68,69,70,72,73,74,75,76,77,78,80,81,82,83,84,86,87,88,89,93,94,95,96,97,99 | LeAcc: 1.000
Our Recovered Num of Instances: 2,1,2,1,1,2,2,3,1,1,2,3,2,1,2,2,1,1,1,1,1,2,1,1,4,2,1,2,3,4,1,2,2,1,2,1,2,1,2,4,1,2,1,1,2,2,1,2,2,2,2,1,1,1,3,1,1,1,3,1,1,1,2,1,1,1,2,2,1,2,1,1,1,2,3,1,2,1 | LnAcc: 1.000 | IRec: 1.000
Start Experiment 24
start_id: 40797
***************************************************************
Ground-truth Labels: 0,1,3,4,7,9,10,11,12,14,15,17,18,19,22,23,24,25,26,27,29,30,31,32,33,34,35,37,38,39,41,43,44,45,46,47,48,50,51,52,53,54,55,56,57,58,59,60,62,63,64,65,67,68,69,70,72,73,74,75,76,77,78,79,80,83,84,85,87,88,89,90,91,93,94,96,97,99
Ground-truth Num of Instances: 2,1,1,1,2,1,1,2,1,1,5,3,2,2,2,2,2,2,1,1,3,1,2,2,1,1,1,2,2,1,1,1,1,1,2,1,1,1,1,2,3,2,1,1,1,1,1,3,1,2,2,1,2,2,3,1,1,1,1,2,3,1,2,2,2,1,2,2,1,1,5,1,1,3,2,1,1,2
Our Recovered Labels: 0,1,3,4,7,9,10,11,12,14,15,17,18,19,22,23,24,25,26,27,29,30,31,32,33,34,35,37,38,39,41,43,44,45,46,47,48,50,51,52,53,54,55,56,57,58,59,60,62,63,64,65,67,68,69,70,72,73,74,75,76,77,78,79,80,83,84,85,87,88,89,90,91,93,94,96,97,99 | LeAcc: 1.000
Our Recovered Num of Instances: 2,1,1,1,2,1,1,2,1,1,5,3,2,2,2,2,2,2,1,1,3,1,2,2,1,1,1,2,2,1,1,1,1,1,2,1,1,1,1,2,3,2,1,1,1,1,1,3,1,2,2,1,2,2,3,1,1,1,1,2,3,1,2,2,2,1,2,2,1,1,5,1,1,3,2,1,1,2 | LnAcc: 1.000 | IRec: 1.000
Start Experiment 25
start_id: 24072
***************************************************************
Ground-truth Labels: 0,1,2,3,5,6,7,8,9,10,12,13,14,16,17,18,20,22,23,24,26,27,28,29,31,32,33,34,36,38,40,41,43,44,46,47,48,49,50,51,53,54,55,56,57,58,59,60,61,62,63,64,68,69,70,73,74,77,78,79,82,83,85,86,87,89,90,93,95,96,97,99
Ground-truth Num of Instances: 1,2,1,1,1,3,1,1,1,3,2,1,3,3,1,1,2,1,1,1,2,3,4,2,3,2,2,2,1,1,2,1,1,1,3,2,2,1,2,1,2,1,2,3,4,1,2,1,1,1,1,2,1,2,3,3,1,3,1,2,1,1,1,1,2,1,2,2,1,5,1,4
Our Recovered Labels: 0,1,2,3,5,6,7,8,9,10,12,13,14,16,17,18,20,22,23,24,26,27,28,29,31,32,33,34,36,38,40,41,43,44,46,47,48,49,50,51,53,54,55,56,57,58,59,60,61,62,63,64,68,69,70,73,74,77,78,79,82,83,85,86,87,89,90,93,95,96,97,99 | LeAcc: 1.000
Our Recovered Num of Instances: 1,2,1,1,1,3,1,1,1,3,2,1,3,3,1,1,2,1,1,1,2,3,4,2,3,2,2,2,1,1,2,1,1,1,3,2,2,1,2,1,2,1,2,3,4,1,2,1,1,1,1,2,1,2,3,3,1,3,1,2,1,1,1,1,2,1,2,2,1,5,1,4 | LnAcc: 1.000 | IRec: 1.000
Start Experiment 26
start_id: 18610
***************************************************************
Ground-truth Labels: 0,1,3,5,6,7,8,10,11,12,14,15,17,20,21,22,25,26,28,29,31,32,33,34,35,37,40,41,42,43,44,45,46,47,51,52,54,55,56,57,58,59,64,65,67,68,71,73,74,76,79,80,81,82,83,86,87,88,90,91,92,93,94,95,96,97,98,99
Ground-truth Num of Instances: 1,2,1,2,3,2,3,3,2,1,3,1,3,2,1,1,3,3,1,1,2,1,1,1,1,1,1,2,2,1,2,3,1,1,1,2,3,2,1,2,3,2,1,1,1,4,2,2,4,2,1,2,3,5,3,3,1,2,2,2,1,1,1,3,1,1,1,3
Our Recovered Labels: 0,1,3,5,6,7,8,10,11,12,14,15,17,20,21,22,25,26,28,29,31,32,33,34,35,37,40,41,42,43,44,45,46,47,51,52,54,55,56,57,58,59,64,65,67,68,71,73,74,76,79,80,81,82,83,86,87,88,90,91,92,93,94,95,96,97,98,99 | LeAcc: 1.000
Our Recovered Num of Instances: 1,2,1,2,3,2,3,3,2,1,3,1,3,2,1,1,3,3,1,1,2,1,1,1,1,1,1,2,2,1,2,3,1,1,1,2,3,2,1,2,3,2,1,1,1,4,2,2,4,2,1,2,3,5,3,3,1,2,2,2,1,1,1,3,1,1,1,3 | LnAcc: 1.000 | IRec: 1.000
Start Experiment 27
start_id: 37755
***************************************************************
Ground-truth Labels: 0,1,2,3,6,7,9,10,11,13,14,15,17,18,19,20,21,27,30,31,34,35,36,38,39,40,41,42,43,44,45,47,48,49,50,51,52,53,54,55,56,57,58,59,62,63,64,67,68,69,70,71,72,73,75,77,79,80,81,82,83,84,85,86,87,88,89,90,91,93,94,95,97,98,99
Ground-truth Num of Instances: 2,1,1,1,1,2,1,2,1,1,1,3,1,1,2,4,1,1,2,1,1,2,2,2,2,1,2,1,1,2,1,2,3,2,3,1,2,3,1,1,2,2,3,1,2,3,2,2,1,3,1,1,3,1,1,3,7,1,1,1,1,1,3,1,3,1,1,1,1,1,1,2,1,2,2
Our Recovered Labels: 0,1,2,3,6,7,9,10,11,13,14,15,17,18,19,20,21,27,30,31,34,35,36,38,39,40,41,42,43,44,45,47,48,49,50,51,52,53,54,55,56,57,58,59,62,63,64,67,68,69,70,71,72,73,75,77,79,80,81,82,83,84,85,86,87,88,89,90,91,93,94,95,97,98,99 | LeAcc: 1.000
Our Recovered Num of Instances: 2,1,1,1,1,2,1,2,1,1,1,3,1,1,2,4,1,1,2,1,1,2,2,2,2,1,2,1,1,2,1,2,3,2,3,1,2,3,1,1,2,2,3,1,2,3,2,2,1,3,1,1,3,1,1,3,7,1,1,1,1,1,3,1,3,1,1,1,1,1,1,2,1,2,2 | LnAcc: 1.000 | IRec: 1.000
Start Experiment 28
start_id: 21923
***************************************************************
Ground-truth Labels: 0,2,3,4,6,7,8,9,10,11,13,15,17,18,20,24,25,26,27,29,30,31,32,33,34,35,37,41,42,43,44,46,47,48,50,51,52,53,55,58,61,62,63,65,67,68,69,70,73,74,75,76,78,80,82,83,85,86,87,88,89,90,91,92,94,95,96,97,98
Ground-truth Num of Instances: 1,1,5,1,1,1,3,1,3,2,3,1,2,3,3,1,1,3,1,1,2,1,2,1,1,1,3,1,1,2,3,1,2,4,1,5,2,2,2,2,3,2,1,2,4,1,2,1,1,2,2,2,1,1,4,1,4,1,1,1,1,1,2,3,3,1,1,1,1
Our Recovered Labels: 0,2,3,4,6,7,8,9,10,11,13,15,17,18,20,24,25,26,27,29,30,31,32,33,34,35,37,41,42,43,44,46,47,48,50,51,52,53,55,58,61,62,63,65,67,68,69,70,73,74,75,76,78,80,82,83,85,86,87,88,89,90,91,92,94,95,96,97,98 | LeAcc: 1.000
Our Recovered Num of Instances: 1,1,5,1,1,1,3,1,3,2,3,1,2,3,3,1,1,3,1,1,2,1,2,1,1,1,3,1,1,2,3,1,2,4,1,5,2,2,2,2,3,2,1,2,4,1,2,1,1,2,2,2,1,1,4,1,4,1,1,1,1,1,2,3,3,1,1,1,1 | LnAcc: 1.000 | IRec: 1.000
Start Experiment 29
start_id: 13032
***************************************************************
Ground-truth Labels: 0,2,3,4,5,7,8,11,12,18,21,22,23,24,25,26,27,28,30,31,32,33,34,35,36,37,38,39,41,42,43,44,45,46,48,49,51,53,57,58,60,61,62,63,65,66,67,68,69,70,74,75,76,77,78,79,80,81,82,83,84,85,86,87,88,89,90,91,94,95,96,97,99
Ground-truth Num of Instances: 1,2,2,1,1,1,1,1,1,4,2,2,3,4,1,1,1,3,1,1,2,2,1,1,1,1,2,1,3,1,4,1,2,2,2,2,1,3,1,2,1,1,1,2,2,1,1,1,1,2,1,2,2,4,2,3,1,1,1,1,1,5,2,4,2,1,4,1,1,2,1,2,2
Our Recovered Labels: 0,2,3,4,5,7,8,11,12,18,21,22,23,24,25,26,27,28,30,31,32,33,34,35,36,37,38,39,41,42,43,44,45,46,48,49,51,53,57,58,60,61,62,63,65,66,67,68,69,70,74,75,76,77,78,79,80,81,82,83,84,85,86,87,88,89,90,91,94,95,96,97,99 | LeAcc: 1.000
Our Recovered Num of Instances: 1,2,2,1,1,1,1,1,1,4,2,2,3,4,1,1,1,3,1,1,2,2,1,1,1,1,2,1,3,1,4,1,2,2,2,2,1,3,1,2,1,1,1,2,2,1,1,1,1,2,1,2,2,4,2,3,1,1,1,1,1,5,2,4,2,1,4,1,1,2,1,2,2 | LnAcc: 1.000 | IRec: 1.000
Start Experiment 30
start_id: 9865
***************************************************************
Ground-truth Labels: 1,2,3,4,5,6,7,8,9,10,11,12,13,14,15,16,17,19,20,21,22,23,24,25,26,28,31,32,35,36,37,38,40,41,45,46,47,49,50,51,52,53,55,57,62,65,66,67,70,71,72,73,75,76,77,78,79,80,81,83,84,85,86,87,89,90,91,92,93,95,97,98,99
Ground-truth Num of Instances: 3,1,1,2,1,1,2,1,2,1,3,1,3,1,1,2,1,5,1,3,2,4,2,2,2,1,3,2,1,3,1,1,1,3,1,2,2,1,2,7,2,1,1,2,1,3,2,2,2,1,2,2,1,1,1,1,1,1,1,1,2,1,1,1,5,1,1,2,1,1,2,1,1
Our Recovered Labels: 1,2,3,4,5,6,7,8,9,10,11,12,13,14,15,16,17,19,20,21,22,23,24,25,26,28,31,32,35,36,37,38,40,41,45,46,47,49,50,51,52,53,55,57,62,65,66,67,70,71,72,73,75,76,77,78,79,80,81,83,84,85,86,87,89,90,91,92,93,95,97,98,99 | LeAcc: 1.000
Our Recovered Num of Instances: 3,1,1,2,1,1,2,1,2,1,3,1,3,1,1,2,1,5,1,3,2,4,2,2,2,1,3,2,1,3,1,1,1,3,1,2,2,1,2,7,2,1,1,2,1,3,2,2,2,1,2,2,1,1,1,1,1,1,1,1,2,1,1,1,5,1,1,2,1,1,2,1,1 | LnAcc: 1.000 | IRec: 1.000
Start Experiment 31
start_id: 1813
***************************************************************
Ground-truth Labels: 0,1,2,4,5,6,7,10,11,12,13,16,18,19,20,21,22,23,24,27,28,29,30,31,32,34,35,36,37,38,39,40,41,42,45,46,47,49,51,52,53,56,58,63,64,65,66,67,68,69,71,72,73,75,76,77,78,79,80,81,82,83,84,85,86,87,88,90,91,92,93,94,95,96,99
Ground-truth Num of Instances: 4,1,4,1,3,1,1,1,1,1,1,1,3,3,3,2,1,3,1,1,1,3,2,1,2,2,1,1,3,2,3,1,1,1,2,2,2,2,1,1,1,1,3,2,1,2,1,1,1,1,2,1,1,3,1,1,2,2,1,2,2,1,3,2,1,1,1,2,3,4,2,2,1,1,1
Our Recovered Labels: 0,1,2,4,5,6,7,10,11,12,13,16,18,19,20,21,22,23,24,27,28,29,30,31,32,34,35,36,37,38,39,40,41,42,45,46,47,49,51,52,53,56,58,63,64,65,66,67,68,69,71,72,73,75,76,77,78,79,80,81,82,83,84,85,86,87,88,90,91,92,93,94,95,96,99 | LeAcc: 1.000
Our Recovered Num of Instances: 4,1,4,1,3,1,1,1,1,1,1,1,3,3,3,2,1,3,1,1,1,3,2,1,2,2,1,1,3,2,3,1,1,1,2,2,2,2,1,1,1,1,3,2,1,2,1,1,1,1,2,1,1,3,1,1,2,2,1,2,2,1,3,2,1,1,1,2,3,4,2,2,1,1,1 | LnAcc: 1.000 | IRec: 1.000
Start Experiment 32
start_id: 2097
***************************************************************
Ground-truth Labels: 2,3,6,7,10,11,13,14,19,20,21,22,23,24,25,27,28,29,30,32,35,36,37,38,40,41,42,43,44,45,47,48,51,52,53,54,55,56,57,61,62,63,64,66,67,69,70,71,73,74,75,77,78,79,80,81,82,83,86,87,88,90,91,92,93,94,96,97,98
Ground-truth Num of Instances: 6,2,1,2,2,1,3,2,1,2,2,1,2,1,2,1,1,3,2,3,1,1,1,3,4,1,2,2,2,1,1,1,1,1,2,3,1,1,3,1,3,2,3,1,2,1,3,1,1,3,2,1,1,3,3,2,3,2,1,1,4,1,2,1,2,2,1,2,1
Our Recovered Labels: 2,3,6,7,10,11,13,14,19,20,21,22,23,24,25,27,28,29,30,32,35,36,37,38,40,41,42,43,44,45,47,48,51,52,53,54,55,56,57,61,62,63,64,66,67,69,70,71,73,74,75,77,78,79,80,81,82,83,86,87,88,90,91,92,93,94,96,97,98 | LeAcc: 1.000
Our Recovered Num of Instances: 6,2,1,2,2,1,3,2,1,2,2,1,2,1,2,1,1,3,2,3,1,1,1,3,4,1,2,2,2,1,1,1,1,1,2,3,1,1,3,1,3,2,3,1,2,1,3,1,1,3,2,1,1,3,3,2,3,2,1,1,4,1,2,1,2,2,1,2,1 | LnAcc: 1.000 | IRec: 1.000
Start Experiment 33
start_id: 42286
***************************************************************
Ground-truth Labels: 0,2,5,6,8,9,11,12,16,17,18,21,25,26,27,28,29,30,31,32,34,35,36,37,38,39,40,41,42,43,44,45,46,47,48,49,50,54,56,57,59,60,61,62,63,64,65,66,67,68,69,70,71,73,74,75,77,78,80,82,83,84,85,86,88,90,91,92,95,96,97,98,99
Ground-truth Num of Instances: 1,2,2,2,1,1,2,2,1,3,1,2,1,2,1,2,1,2,1,1,4,1,3,2,2,1,4,3,2,3,1,2,1,2,1,1,2,1,1,2,2,1,2,3,1,2,1,2,2,1,3,1,1,1,1,7,2,1,1,1,4,1,2,3,2,1,1,1,1,2,1,2,1
Our Recovered Labels: 0,2,5,6,8,9,11,12,16,17,18,21,25,26,27,28,29,30,31,32,34,35,36,37,38,39,40,41,42,43,44,45,46,47,48,49,50,54,56,57,59,60,61,62,63,64,65,66,67,68,69,70,71,73,74,75,77,78,80,82,83,84,85,86,88,90,91,92,95,96,97,98,99 | LeAcc: 1.000
Our Recovered Num of Instances: 1,2,2,2,1,1,2,2,1,3,1,2,1,2,1,2,1,2,1,1,4,1,3,2,2,1,4,3,2,3,1,2,1,2,1,1,2,1,1,2,2,1,2,3,1,2,1,2,2,1,3,1,1,1,1,7,2,1,1,1,4,1,2,3,2,1,1,1,1,2,1,2,1 | LnAcc: 1.000 | IRec: 1.000
Start Experiment 34
start_id: 18808
***************************************************************
Ground-truth Labels: 1,3,4,5,6,7,8,9,11,13,16,17,18,19,20,21,22,23,24,26,28,30,31,32,33,34,36,38,39,40,46,47,48,49,50,51,52,53,54,55,56,57,58,59,60,62,63,64,67,68,72,73,74,75,76,79,80,81,82,83,86,87,88,89,91,92,93,94,96,97,99
Ground-truth Num of Instances: 2,1,1,2,1,1,2,1,1,1,2,2,2,1,1,4,2,4,1,2,3,2,2,5,1,1,1,2,1,1,3,1,1,2,1,2,1,1,1,4,1,2,2,1,3,1,1,3,1,2,3,1,2,1,2,2,1,2,4,1,3,2,1,2,1,5,2,3,1,1,1
Our Recovered Labels: 1,3,4,5,6,7,8,9,11,13,16,17,18,19,20,21,22,23,24,26,28,30,31,32,33,34,36,38,39,40,46,47,48,49,50,51,52,53,54,55,56,57,58,59,60,62,63,64,67,68,72,73,74,75,76,79,80,81,82,83,86,87,88,89,91,92,93,94,96,97,99 | LeAcc: 1.000
Our Recovered Num of Instances: 2,1,1,2,1,1,2,1,1,1,2,2,2,1,1,4,2,4,1,2,3,2,2,5,1,1,1,2,1,1,3,1,1,2,1,2,1,1,1,4,1,2,2,1,3,1,1,3,1,2,3,1,2,1,2,2,1,2,4,1,3,2,1,2,1,5,2,3,1,1,1 | LnAcc: 1.000 | IRec: 1.000
Start Experiment 35
start_id: 4647
***************************************************************
Ground-truth Labels: 1,2,3,5,6,7,8,9,10,11,12,13,14,15,16,17,18,20,21,22,23,24,25,26,29,30,31,35,37,38,40,41,42,44,45,46,48,49,50,51,52,53,55,58,60,61,63,64,66,71,72,73,74,75,76,77,78,79,80,81,82,83,84,85,86,89,90,91,92,94,95,96,97,99
Ground-truth Num of Instances: 2,2,2,1,1,1,1,1,3,1,2,1,2,4,1,1,1,2,1,1,2,1,3,3,1,1,1,1,3,1,2,1,1,1,3,1,1,4,1,1,2,1,2,2,2,1,1,1,1,3,2,1,2,1,4,2,2,2,3,2,1,2,2,1,5,3,1,1,2,2,2,2,2,1
Our Recovered Labels: 1,2,3,5,6,7,8,9,10,11,12,13,14,15,16,17,18,20,21,22,23,24,25,26,29,30,31,35,37,38,40,41,42,44,45,46,48,49,50,51,52,53,55,58,60,61,63,64,66,71,72,73,74,75,76,77,78,79,80,81,82,83,84,85,86,89,90,91,92,94,95,96,97,99 | LeAcc: 1.000
Our Recovered Num of Instances: 2,2,2,1,1,1,1,1,3,1,2,1,2,4,1,1,1,2,1,1,2,1,3,3,1,1,1,1,3,1,2,1,1,1,3,1,1,4,1,1,2,1,2,2,2,1,1,1,1,3,2,1,2,1,4,2,2,2,3,2,1,2,2,1,5,3,1,1,2,2,2,2,2,1 | LnAcc: 1.000 | IRec: 1.000
Start Experiment 36
start_id: 29650
***************************************************************
Ground-truth Labels: 1,2,4,6,8,9,10,11,13,14,16,17,19,21,22,23,24,26,27,28,29,30,31,32,33,34,36,37,38,39,40,41,42,44,45,46,48,49,52,53,54,55,56,57,58,59,61,62,63,64,67,69,70,71,72,73,74,76,78,80,81,83,84,85,86,87,88,89,90,93,94,95,96,97,98,99
Ground-truth Num of Instances: 2,3,3,2,1,1,2,1,2,1,1,1,1,2,1,1,1,4,3,2,4,2,1,1,3,1,2,1,1,2,1,1,2,2,1,2,2,1,1,2,1,2,3,3,1,2,1,1,1,2,2,1,2,2,1,2,2,2,2,1,2,2,1,1,1,1,1,1,1,2,3,3,2,1,2,2
Our Recovered Labels: 1,2,4,6,8,9,10,11,13,14,16,17,19,21,22,23,24,26,27,28,29,30,31,32,33,34,36,37,38,39,40,41,42,44,45,46,48,49,52,53,54,55,56,57,58,59,61,62,63,64,67,69,70,71,72,73,74,76,78,80,81,83,84,85,86,87,88,89,90,93,94,95,96,97,98,99 | LeAcc: 1.000
Our Recovered Num of Instances: 2,3,3,2,1,1,2,1,2,1,1,1,1,2,1,1,1,4,3,2,4,2,1,1,3,1,2,1,1,2,1,1,2,2,1,2,2,1,1,2,1,2,3,3,1,2,1,1,1,2,2,1,2,2,1,2,2,2,2,1,2,2,1,1,1,1,1,1,1,2,3,3,2,1,2,2 | LnAcc: 1.000 | IRec: 1.000
Start Experiment 37
start_id: 15752
***************************************************************
Ground-truth Labels: 0,1,2,3,5,6,7,8,9,10,11,12,13,14,15,17,18,19,21,22,23,24,25,26,27,28,29,30,31,32,34,36,37,38,40,41,42,43,45,46,47,48,49,51,54,56,57,58,59,60,63,65,66,67,68,69,71,72,73,74,76,77,78,83,84,85,86,88,92,94,95,98,99
Ground-truth Num of Instances: 1,1,1,1,2,1,1,1,1,2,1,3,4,1,1,2,1,3,1,2,2,2,1,2,3,2,1,1,1,1,2,1,1,1,2,2,1,2,1,1,4,2,3,3,1,2,1,2,2,2,3,3,2,1,1,1,4,4,2,2,2,1,1,1,1,1,3,3,2,1,2,2,2
Our Recovered Labels: 0,1,2,3,5,6,7,8,9,10,11,12,13,14,15,17,18,19,21,22,23,24,25,26,27,28,29,30,31,32,34,36,37,38,40,41,42,43,45,46,47,48,49,51,54,56,57,58,59,60,63,65,66,67,68,69,71,72,73,74,76,77,78,83,84,85,86,88,92,94,95,98,99 | LeAcc: 1.000
Our Recovered Num of Instances: 1,1,1,1,2,1,1,1,1,2,1,3,4,1,1,2,1,3,1,2,2,2,1,2,3,2,1,1,1,1,2,1,1,1,2,2,1,2,1,1,4,2,3,3,1,2,1,2,2,2,3,3,2,1,1,1,4,4,2,2,2,1,1,1,1,1,3,3,2,1,2,2,2 | LnAcc: 1.000 | IRec: 1.000
Start Experiment 38
start_id: 17831
***************************************************************
Ground-truth Labels: 0,2,3,6,7,8,10,11,13,14,16,17,18,19,21,23,24,25,28,29,30,31,32,33,36,37,38,39,40,42,43,44,48,49,50,51,52,53,54,55,56,57,58,60,61,62,63,64,65,68,70,71,72,73,74,75,78,80,81,82,83,84,85,88,89,90,91,94,95,98,99
Ground-truth Num of Instances: 2,1,1,1,1,4,2,2,2,4,1,2,1,1,3,1,2,2,1,2,1,2,1,2,1,1,2,1,4,1,6,1,2,2,2,1,3,1,1,1,1,3,1,2,2,2,2,2,2,2,1,1,2,3,2,2,1,1,1,4,2,1,4,2,2,1,1,1,1,3,1
Our Recovered Labels: 0,2,3,6,7,8,10,11,13,14,16,17,18,19,21,23,24,25,28,29,30,31,32,33,36,37,38,39,40,42,43,44,48,49,50,51,52,53,54,55,56,57,58,60,61,62,63,64,65,68,70,71,72,73,74,75,78,80,81,82,83,84,85,88,89,90,91,94,95,98,99 | LeAcc: 1.000
Our Recovered Num of Instances: 2,1,1,1,1,4,2,2,2,4,1,2,1,1,3,1,2,2,1,2,1,2,1,2,1,1,2,1,4,1,6,1,2,2,2,1,3,1,1,1,1,3,1,2,2,2,2,2,2,2,1,1,2,3,2,2,1,1,1,4,2,1,4,2,2,1,1,1,1,3,1 | LnAcc: 1.000 | IRec: 1.000
Start Experiment 39
start_id: 2458
***************************************************************
Ground-truth Labels: 1,5,6,7,9,10,11,12,13,14,15,16,18,19,21,22,24,26,27,28,29,31,32,34,35,36,37,39,40,41,43,45,47,48,49,50,52,53,55,56,57,58,59,60,61,62,63,64,66,69,70,71,72,73,74,77,78,79,80,81,82,83,84,85,87,88,89,90,91,93,95,96,97,98,99
Ground-truth Num of Instances: 2,3,1,1,1,1,1,3,1,1,1,1,1,2,1,2,1,1,2,1,1,1,2,1,1,2,1,2,1,2,2,4,2,4,3,1,1,1,1,4,3,2,2,1,2,1,3,1,1,2,2,1,1,3,2,1,1,2,2,2,1,4,4,1,2,1,3,2,1,1,2,2,2,1,1
Our Recovered Labels: 1,5,6,7,9,10,11,12,13,14,15,16,18,19,21,22,24,26,27,28,29,31,32,34,35,36,37,39,40,41,43,45,47,48,49,50,52,53,55,56,57,58,59,60,61,62,63,64,66,69,70,71,72,73,74,77,78,79,80,81,82,83,84,85,87,88,89,90,91,93,95,96,97,98,99 | LeAcc: 1.000
Our Recovered Num of Instances: 2,3,1,1,1,1,1,3,1,1,1,1,1,2,1,2,1,1,2,1,1,1,2,1,1,2,1,2,1,2,2,4,2,4,3,1,1,1,1,4,3,2,2,1,2,1,3,1,1,2,2,1,1,3,2,1,1,2,2,2,1,4,4,1,2,1,3,2,1,1,2,2,2,1,1 | LnAcc: 1.000 | IRec: 1.000
Start Experiment 40
start_id: 45223
***************************************************************
Ground-truth Labels: 0,2,3,4,5,6,7,10,11,12,13,14,15,16,17,18,19,22,23,24,25,26,27,29,30,31,32,34,36,38,39,40,41,42,45,47,48,49,51,52,54,55,58,59,60,61,63,64,65,67,68,70,71,72,73,75,76,78,79,80,82,83,84,85,86,87,88,89,90,91,93,95,96,99
Ground-truth Num of Instances: 1,1,1,3,3,1,2,1,1,3,2,2,1,1,4,1,2,1,1,2,1,1,3,3,1,2,2,2,2,2,2,2,2,1,3,2,2,1,1,3,2,1,2,1,1,1,2,1,1,1,2,5,1,4,3,1,1,1,1,1,1,1,2,1,1,1,1,2,3,1,2,2,3,2
Our Recovered Labels: 0,2,3,4,5,6,7,10,11,12,13,14,15,16,17,18,19,22,23,24,25,26,27,29,30,31,32,34,36,38,39,40,41,42,45,47,48,49,51,52,54,55,58,59,60,61,63,64,65,67,68,70,71,72,73,75,76,78,79,80,82,83,84,85,86,87,88,89,90,91,93,95,96,99 | LeAcc: 1.000
Our Recovered Num of Instances: 1,1,1,3,3,1,2,1,1,3,2,2,1,1,4,1,2,1,1,2,1,1,3,3,1,2,2,2,2,2,2,2,2,1,3,2,2,1,1,3,2,1,2,1,1,1,2,1,1,1,2,5,1,4,3,1,1,1,1,1,1,1,2,1,1,1,1,2,3,1,2,2,3,2 | LnAcc: 1.000 | IRec: 1.000
Start Experiment 41
start_id: 8303
***************************************************************
Ground-truth Labels: 1,2,3,4,5,6,7,8,9,11,12,13,14,15,16,17,18,21,23,27,29,30,31,32,33,36,37,39,40,41,43,45,46,47,48,49,50,51,53,55,56,58,60,62,64,65,66,67,68,69,70,71,72,74,75,76,79,81,82,83,84,85,86,89,90,92,95,96,97,98
Ground-truth Num of Instances: 1,2,2,1,1,2,2,1,1,3,3,1,1,2,3,1,3,1,2,2,1,2,3,1,4,1,1,2,3,1,1,2,1,6,2,1,2,2,3,3,2,1,2,1,1,1,1,2,1,2,1,1,1,3,1,2,4,3,1,2,3,1,2,1,3,1,1,2,1,3
Our Recovered Labels: 1,2,3,4,5,6,7,8,9,11,12,13,14,15,16,17,18,21,23,27,29,30,31,32,33,36,37,39,40,41,43,45,46,47,48,49,50,51,53,55,56,58,60,62,64,65,66,67,68,69,70,71,72,74,75,76,79,81,82,83,84,85,86,89,90,92,95,96,97,98 | LeAcc: 1.000
Our Recovered Num of Instances: 1,2,2,1,1,2,2,1,1,3,3,1,1,2,3,1,3,1,2,2,1,2,3,1,4,1,1,2,3,1,1,2,1,6,2,1,2,2,3,3,2,1,2,1,1,1,1,2,1,2,1,1,1,3,1,2,4,3,1,2,3,1,2,1,3,1,1,2,1,3 | LnAcc: 1.000 | IRec: 1.000
Start Experiment 42
start_id: 22290
***************************************************************
Ground-truth Labels: 0,1,3,4,5,6,7,8,10,11,15,16,17,18,19,20,22,23,24,25,26,27,28,29,31,32,33,34,35,36,37,38,39,40,43,46,47,48,49,52,53,54,55,56,57,58,59,60,61,62,63,64,65,66,67,68,69,70,71,72,73,76,77,79,80,81,82,83,84,85,89,90,91,92,95,96
Ground-truth Num of Instances: 3,1,1,1,1,2,1,5,1,3,3,1,1,2,3,1,1,1,1,1,1,2,2,3,1,1,1,1,1,2,2,2,1,1,1,1,1,1,3,2,2,3,1,1,1,1,1,2,1,1,2,1,1,1,2,2,1,2,3,1,3,1,3,2,4,1,1,1,1,3,2,6,2,2,1,1
Our Recovered Labels: 0,1,3,4,5,6,7,8,10,11,15,16,17,18,19,20,22,23,24,25,26,27,28,29,31,32,33,34,35,36,37,38,39,40,43,46,47,48,49,52,53,54,55,56,57,58,59,60,61,62,63,64,65,66,67,68,69,70,71,72,73,76,77,79,80,81,82,83,84,85,89,90,91,92,95,96 | LeAcc: 1.000
Our Recovered Num of Instances: 3,1,1,1,1,2,1,5,1,3,3,1,1,2,3,1,1,1,1,1,1,2,2,3,1,1,1,1,1,2,2,2,1,1,1,1,1,1,3,2,2,3,1,1,1,1,1,2,1,1,2,1,1,1,2,2,1,2,3,1,3,1,3,2,4,1,1,1,1,3,2,6,2,2,1,1 | LnAcc: 1.000 | IRec: 1.000
Start Experiment 43
start_id: 4302
***************************************************************
Ground-truth Labels: 0,2,4,7,9,10,12,15,16,17,18,20,21,23,25,26,27,28,32,33,35,36,37,38,39,40,42,43,44,45,48,49,51,52,53,54,55,57,60,61,62,63,64,66,67,69,71,75,77,78,79,81,82,83,85,86,87,88,89,90,91,92,94,95,96,97,98
Ground-truth Num of Instances: 3,1,1,1,2,2,2,1,1,5,3,1,1,1,2,4,2,4,1,1,1,3,1,1,2,2,2,1,1,3,1,1,1,4,4,1,3,1,2,1,1,1,1,3,2,2,3,1,3,3,1,2,1,3,2,3,2,2,1,3,1,1,5,1,2,1,2
Our Recovered Labels: 0,2,4,7,9,10,12,15,16,17,18,20,21,23,25,26,27,28,32,33,35,36,37,38,39,40,42,43,44,45,48,49,51,52,53,54,55,57,60,61,62,63,64,66,67,69,71,75,77,78,79,81,82,83,85,86,87,88,89,90,91,92,94,95,96,97,98 | LeAcc: 1.000
Our Recovered Num of Instances: 3,1,1,1,2,2,2,1,1,5,3,1,1,1,2,4,2,4,1,1,1,3,1,1,2,2,2,1,1,3,1,1,1,4,4,1,3,1,2,1,1,1,1,3,2,2,3,1,3,3,1,2,1,3,2,3,2,2,1,3,1,1,5,1,2,1,2 | LnAcc: 1.000 | IRec: 1.000
Start Experiment 44
start_id: 48771
***************************************************************
Ground-truth Labels: 0,2,3,4,5,6,7,9,11,12,15,16,17,20,21,22,23,24,25,26,29,30,31,32,33,34,35,36,37,39,40,42,43,44,45,46,47,48,49,50,51,52,56,57,58,59,64,65,66,67,68,69,70,71,73,75,76,77,81,82,83,84,85,86,87,88,89,91,92,93,98,99
Ground-truth Num of Instances: 2,2,2,4,1,3,1,1,2,2,1,1,2,1,2,2,1,1,4,1,1,2,1,2,1,1,3,2,2,1,2,2,2,1,2,3,2,2,1,2,2,2,1,1,2,2,2,2,1,2,1,5,1,1,2,5,2,1,1,1,1,3,1,2,1,2,2,1,2,1,3,1
Our Recovered Labels: 0,2,3,4,5,6,7,9,11,12,15,16,17,20,21,22,23,24,25,26,29,30,31,32,33,34,35,36,37,39,40,42,43,44,45,46,47,48,49,50,51,52,56,57,58,59,64,65,66,67,68,69,70,71,73,75,76,77,81,82,83,84,85,86,87,88,89,91,92,93,98,99 | LeAcc: 1.000
Our Recovered Num of Instances: 2,2,2,4,1,3,1,1,2,2,1,1,2,1,2,2,1,1,4,1,1,2,1,2,1,1,3,2,2,1,2,2,2,1,2,3,2,2,1,2,2,2,1,1,2,2,2,2,1,2,1,5,1,1,2,5,2,1,1,1,1,3,1,2,1,2,2,1,2,1,3,1 | LnAcc: 1.000 | IRec: 1.000
Start Experiment 45
start_id: 4012
***************************************************************
Ground-truth Labels: 3,4,5,8,10,12,16,17,18,19,20,22,23,25,26,27,28,29,30,32,33,34,35,37,38,39,40,41,43,44,45,46,48,49,50,51,53,54,55,56,57,58,59,60,61,62,64,65,66,67,68,69,72,73,74,75,78,80,82,83,84,85,87,88,90,93,94,96,99
Ground-truth Num of Instances: 2,3,2,1,2,2,1,2,1,1,1,4,2,2,2,1,4,1,3,1,2,1,1,2,2,1,1,2,3,1,2,2,1,1,2,2,2,2,1,2,1,4,1,2,1,2,2,3,1,1,1,2,2,2,4,2,4,2,2,1,2,1,1,3,2,1,2,2,3
Our Recovered Labels: 3,4,5,8,10,12,16,17,18,19,20,22,23,25,26,27,28,29,30,32,33,34,35,37,38,39,40,41,43,44,45,46,48,49,50,51,53,54,55,56,57,58,59,60,61,62,64,65,66,67,68,69,72,73,74,75,78,80,82,83,84,85,87,88,90,93,94,96,99 | LeAcc: 1.000
Our Recovered Num of Instances: 2,3,2,1,2,2,1,2,1,1,1,4,2,2,2,1,4,1,3,1,2,1,1,2,2,1,1,2,3,1,2,2,1,1,2,2,2,2,1,2,1,4,1,2,1,2,2,3,1,1,1,2,2,2,4,2,4,2,2,1,2,1,1,3,2,1,2,2,3 | LnAcc: 1.000 | IRec: 1.000
Start Experiment 46
start_id: 45260
***************************************************************
Ground-truth Labels: 1,2,4,6,7,8,10,11,12,13,14,15,16,18,20,22,23,24,25,29,30,31,33,34,36,37,39,40,41,42,43,44,46,48,51,53,54,55,58,62,64,65,66,67,68,69,70,71,72,73,74,75,76,80,81,83,85,86,87,88,89,90,91,92,93,94,95,98
Ground-truth Num of Instances: 2,2,2,1,3,3,3,2,1,1,1,1,3,1,1,1,3,2,1,2,1,1,3,2,1,3,1,1,1,3,2,2,2,2,2,2,2,2,3,3,2,4,2,2,2,1,1,1,2,1,2,1,3,3,1,4,2,3,1,2,1,1,2,1,1,1,2,4
Our Recovered Labels: 1,2,4,6,7,8,10,11,12,13,14,15,16,18,20,22,23,24,25,29,30,31,33,34,36,37,39,40,41,42,43,44,46,48,51,53,54,55,58,62,64,65,66,67,68,69,70,71,72,73,74,75,76,80,81,83,85,86,87,88,89,90,91,92,93,94,95,98 | LeAcc: 1.000
Our Recovered Num of Instances: 2,2,2,1,3,3,3,2,1,1,1,1,3,1,1,1,3,2,1,2,1,1,3,2,1,3,1,1,1,3,2,2,2,2,2,2,2,2,3,3,2,4,2,2,2,1,1,1,2,1,2,1,3,3,1,4,2,3,1,2,1,1,2,1,1,1,2,4 | LnAcc: 1.000 | IRec: 1.000
Start Experiment 47
start_id: 15601
***************************************************************
Ground-truth Labels: 1,2,4,5,7,8,9,12,13,14,15,17,18,19,20,21,22,24,25,27,29,31,32,33,34,35,36,37,38,39,40,41,42,43,44,47,48,49,50,52,53,54,56,58,59,60,62,64,66,67,70,71,72,73,74,76,77,78,79,80,84,85,87,88,91,92,93,94,95,96,97,98,99
Ground-truth Num of Instances: 1,1,2,7,1,1,1,1,1,1,1,1,3,2,1,1,1,1,1,2,2,1,1,1,4,1,1,1,2,1,1,3,3,2,2,2,1,1,1,2,2,4,2,1,1,2,3,2,2,2,2,3,2,1,1,3,4,2,2,2,3,1,1,1,1,3,1,2,1,2,1,2,2
Our Recovered Labels: 1,2,4,5,7,8,9,12,13,14,15,17,18,19,20,21,22,24,25,27,29,31,32,33,34,35,36,37,38,39,40,41,42,43,44,47,48,49,50,52,53,54,56,58,59,60,62,64,66,67,70,71,72,73,74,76,77,78,79,80,84,85,87,88,91,92,93,94,95,96,97,98,99 | LeAcc: 1.000
Our Recovered Num of Instances: 1,1,2,7,1,1,1,1,1,1,1,1,3,2,1,1,1,1,1,2,2,1,1,1,4,1,1,1,2,1,1,3,3,2,2,2,1,1,1,2,2,4,2,1,1,2,3,2,2,2,2,3,2,1,1,3,4,2,2,2,3,1,1,1,1,3,1,2,1,2,1,2,2 | LnAcc: 1.000 | IRec: 1.000
Start Experiment 48
start_id: 39932
***************************************************************
Ground-truth Labels: 0,1,3,4,5,6,10,11,13,15,17,18,19,20,25,27,28,29,30,31,32,35,37,38,39,40,41,42,43,44,46,47,49,51,52,53,55,56,57,58,59,60,61,62,63,64,65,66,69,71,72,74,75,76,77,78,79,81,82,83,84,86,87,88,89,92,93,95,96,97,98,99
Ground-truth Num of Instances: 1,2,3,4,4,2,1,1,1,1,2,1,2,4,2,1,1,1,2,1,4,2,2,1,3,1,4,2,1,1,1,1,1,1,2,1,2,2,2,1,1,2,2,3,1,1,1,1,1,1,1,3,1,1,2,5,1,1,3,1,3,2,4,1,1,1,1,3,3,1,1,2
Our Recovered Labels: 0,1,3,4,5,6,10,11,13,15,17,18,19,20,25,27,28,29,30,31,32,35,37,38,39,40,41,42,43,44,46,47,49,51,52,53,55,56,57,58,59,60,61,62,63,64,65,66,69,71,72,74,75,76,77,78,79,81,82,83,84,86,87,88,89,92,93,95,96,97,98,99 | LeAcc: 1.000
Our Recovered Num of Instances: 1,2,3,4,4,2,1,1,1,1,2,1,2,4,2,1,1,1,2,1,4,2,2,1,3,1,4,2,1,1,1,1,1,1,2,1,2,2,2,1,1,2,2,3,1,1,1,1,1,1,1,3,1,1,2,5,1,1,3,1,3,2,4,1,1,1,1,3,3,1,1,2 | LnAcc: 1.000 | IRec: 1.000
Start Experiment 49
start_id: 16401
***************************************************************
Ground-truth Labels: 0,1,3,4,5,6,8,10,12,13,14,15,21,23,24,25,27,29,30,32,33,34,35,37,39,40,42,43,44,46,47,50,53,54,55,56,57,58,61,62,64,65,66,70,71,73,74,75,77,79,80,81,82,84,85,86,87,88,89,90,91,92,93,94,95,96,97,98,99
Ground-truth Num of Instances: 1,1,1,2,1,1,2,4,1,3,1,2,3,2,2,3,3,2,2,5,1,2,1,1,2,1,6,1,1,4,3,2,1,1,1,3,4,1,3,3,2,2,1,1,2,3,1,1,1,1,2,1,2,1,4,1,2,1,1,1,1,2,1,1,1,1,1,1,4
Our Recovered Labels: 0,1,3,4,5,6,8,10,12,13,14,15,21,23,24,25,27,29,30,32,33,34,35,37,39,40,42,43,44,46,47,50,53,54,55,56,57,58,61,62,64,65,66,70,71,73,74,75,77,79,80,81,82,84,85,86,87,88,89,90,91,92,93,94,95,96,97,98,99 | LeAcc: 1.000
Our Recovered Num of Instances: 1,1,1,2,1,1,2,4,1,3,1,2,3,2,2,3,3,2,2,5,1,2,1,1,2,1,6,1,1,4,3,2,1,1,1,3,4,1,3,3,2,2,1,1,2,3,1,1,1,1,2,1,2,1,4,1,2,1,1,1,1,2,1,1,1,1,1,1,4 | LnAcc: 1.000 | IRec: 1.000
Start Experiment 50
start_id: 31220
***************************************************************
Ground-truth Labels: 0,4,5,7,8,12,13,14,16,17,18,19,21,22,23,26,27,28,29,30,31,32,33,34,35,36,38,39,40,41,42,43,44,46,49,50,51,52,53,54,56,57,58,59,61,62,64,65,66,68,69,70,71,72,73,76,77,78,79,80,82,83,85,86,87,88,89,90,93,95,97,98
Ground-truth Num of Instances: 3,1,2,2,2,2,1,2,1,1,1,3,4,1,2,3,2,2,1,2,1,1,1,1,3,2,1,1,2,5,2,1,1,1,1,3,3,1,1,3,1,1,1,1,1,3,2,4,2,3,3,1,1,2,2,1,4,2,1,1,1,1,1,2,2,2,1,1,3,2,1,1
Our Recovered Labels: 0,4,5,7,8,12,13,14,16,17,18,19,21,22,23,26,27,28,29,30,31,32,33,34,35,36,38,39,40,41,42,43,44,46,49,50,51,52,53,54,56,57,58,59,61,62,64,65,66,68,69,70,71,72,73,76,77,78,79,80,82,83,85,86,87,88,89,90,93,95,97,98 | LeAcc: 1.000
Our Recovered Num of Instances: 3,1,2,2,2,2,1,2,1,1,1,3,4,1,2,3,2,2,1,2,1,1,1,1,3,2,1,1,2,5,2,1,1,1,1,3,3,1,1,3,1,1,1,1,1,3,2,4,2,3,3,1,1,2,2,1,4,2,1,1,1,1,1,2,2,2,1,1,3,2,1,1 | LnAcc: 1.000 | IRec: 1.000
---------------------------------------------------------------
Mean Ours LeAcc: 1.000 | Mean Ours LnAcc: 1.000 | Mean Ours IRec: 1.000
