running experiments at 2022-09-20-18:51:11
	exp_name: BNDO
	cpu: False
	num_tries: 50
	num_images: 64
	seed: 12
	alpha: 1
	simplified: False
	compare: False
	analysis: False
	data_path: data
	dataset: ImageNet
	split: train
	distribution: random
	start_id: 0
	num_classes: 1000
	num_uniform_cls: 32
	num_target_cls: 5
	max_size: 32
	model: vgg16
	trained_model: False
	iter_train: False
	iters: 1000
	epochs: 10
	batch_size: 128
	lr: 0.1
	optimizer: SGD
	scheduler: linear
	weight_decay: 0.0005
	warmup: False
	epoch_interval: 10
	iter_interval: 100
	mid_save: False
	model_path: models
	dryrun: False
	batchnorm: False
	dropout: False
	silu: False
	leaky_relu: False
	n_dim: 300
	n_hidden: 1
	defense: False
	defense_method: dp
	noise_std: 0.001
	clip_bound: 4
	sparse_ratio: 10
	prune_ratio: 10
	rec_img: False
	fix_labels: False
	gt_labels: False
	optim: ig
	restarts: 1
	cost_fn: sim
	indices: def
	weights: equal
	rec_lr: None
	rec_optimizer: adam
	signed: False
	boxed: False
	scoring_choice: loss
	init: randn
	tv: 1e-06
	l2: 1e-06
	max_iterations: 8000
	loss_thresh: 0.0001
	save_image: False
	log_dir: logs/BNDO
	image_dir: images/BNDO

Start Experiment 1
start_id: 0
***************************************************************
Ground-truth Labels: 10,164,188,193,201,215,238,262,277,286,297,300,311,321,324,327,329,330,338,353,360,383,387,391,414,432,440,444,459,482,487,494,529,546,559,565,597,662,663,665,715,734,750,781,785,786,801,807,808,812,819,831,840,854,862,881,904,930,938,939,942,971,982
Ground-truth Num of Instances: 1,1,1,1,1,1,1,1,1,1,1,1,1,1,1,1,1,1,1,1,1,1,1,1,1,2,1,1,1,1,1,1,1,1,1,1,1,1,1,1,1,1,1,1,1,1,1,1,1,1,1,1,1,1,1,1,1,1,1,1,1,1,1
Our Recovered Labels: 10,164,188,193,201,215,238,262,277,286,297,300,311,321,324,327,329,330,338,353,360,383,387,391,414,432,440,444,459,482,487,494,529,546,559,565,597,662,663,665,715,734,750,781,785,786,801,807,808,812,819,831,840,854,862,881,904,930,938,939,942,971,982 | LeAcc: 1.000
Our Recovered Num of Instances: 1,1,1,1,1,1,1,1,1,1,1,1,1,1,1,1,1,1,1,1,1,1,1,1,1,2,1,1,1,1,1,1,1,1,1,1,1,1,1,1,1,1,1,1,1,1,1,1,1,1,1,1,1,1,1,1,1,1,1,1,1,1,1 | LnAcc: 1.000 | IRec: 1.000
Start Experiment 2
start_id: 380139
***************************************************************
Ground-truth Labels: 9,10,14,29,127,141,143,150,164,207,212,218,235,239,242,249,267,297,333,407,420,423,442,491,548,553,554,575,589,629,642,648,654,660,661,680,690,692,697,709,751,768,772,781,783,785,801,804,842,862,872,875,886,890,892,898,911,914,915,935,948,963,993,999
Ground-truth Num of Instances: 1,1,1,1,1,1,1,1,1,1,1,1,1,1,1,1,1,1,1,1,1,1,1,1,1,1,1,1,1,1,1,1,1,1,1,1,1,1,1,1,1,1,1,1,1,1,1,1,1,1,1,1,1,1,1,1,1,1,1,1,1,1,1,1
Our Recovered Labels: 9,10,14,29,127,141,143,150,164,207,212,218,235,239,242,249,267,297,333,407,420,423,442,491,548,553,554,575,589,629,642,648,654,660,661,680,690,692,697,709,751,768,772,781,783,785,801,804,842,862,872,875,886,890,892,898,911,914,915,935,948,963,993,999 | LeAcc: 1.000
Our Recovered Num of Instances: 1,1,1,1,1,1,1,1,1,1,1,1,1,1,1,1,1,1,1,1,1,1,1,1,1,1,1,1,1,1,1,1,1,1,1,1,1,1,1,1,1,1,1,1,1,1,1,1,1,1,1,1,1,1,1,1,1,1,1,1,1,1,1,1 | LnAcc: 1.000 | IRec: 1.000
Start Experiment 3
start_id: 1233921
***************************************************************
Ground-truth Labels: 17,74,94,104,123,142,143,144,145,151,174,175,213,223,247,266,267,280,282,288,292,345,352,358,367,377,418,425,428,435,446,463,484,489,534,536,567,575,583,602,611,648,657,666,669,679,710,716,762,811,839,854,857,868,884,913,925,937,938,961,987
Ground-truth Num of Instances: 1,1,1,1,1,1,1,1,1,1,1,1,1,1,2,1,1,1,1,1,1,1,1,1,1,1,1,1,1,1,2,1,1,1,1,1,1,1,1,1,2,1,1,1,1,1,1,1,1,1,1,1,1,1,1,1,1,1,1,1,1
Our Recovered Labels: 17,74,94,104,123,142,143,144,145,151,174,175,213,223,247,266,267,280,282,288,292,345,352,358,367,377,418,425,428,435,446,463,484,489,534,536,567,575,583,602,611,648,657,666,669,679,710,716,762,811,839,854,857,868,884,913,925,937,938,961,987 | LeAcc: 1.000
Our Recovered Num of Instances: 1,1,1,1,1,1,1,1,1,1,1,1,1,1,2,1,1,1,1,1,1,1,1,1,1,1,1,1,1,1,2,1,1,1,1,1,1,1,1,1,2,1,1,1,1,1,1,1,1,1,1,1,1,1,1,1,1,1,1,1,1 | LnAcc: 1.000 | IRec: 1.000
Start Experiment 4
start_id: 870995
***************************************************************
Ground-truth Labels: 20,22,27,28,29,33,36,90,98,107,122,134,151,212,224,229,266,273,311,312,333,349,353,360,375,396,402,438,448,449,457,468,477,503,512,515,572,594,596,621,648,658,678,694,730,743,745,765,777,803,817,829,830,833,837,851,861,862,867,882,932,945,992
Ground-truth Num of Instances: 1,1,1,1,1,1,1,1,1,1,1,1,1,1,1,1,1,1,1,1,1,1,1,1,1,1,1,1,1,1,1,1,1,1,1,1,1,1,1,1,1,1,1,1,1,1,1,1,1,1,1,1,1,1,1,1,1,1,1,2,1,1,1
Our Recovered Labels: 20,22,27,28,29,33,36,90,98,107,122,134,151,212,224,229,266,273,311,312,333,349,353,360,375,396,402,438,448,449,457,468,477,503,512,515,572,594,596,621,648,658,678,694,730,743,745,765,777,803,817,829,830,833,837,851,861,862,867,882,932,945,992 | LeAcc: 1.000
Our Recovered Num of Instances: 1,1,1,1,1,1,1,1,1,1,1,1,1,1,1,1,1,1,1,1,1,1,1,1,1,1,1,1,1,1,1,1,1,1,1,1,1,1,1,1,1,1,1,1,1,1,1,1,1,1,1,1,1,1,1,1,1,1,1,2,1,1,1 | LnAcc: 1.000 | IRec: 1.000
Start Experiment 5
start_id: 158972
***************************************************************
Ground-truth Labels: 22,33,47,57,59,102,108,111,115,135,145,218,237,248,249,275,289,299,308,309,321,326,331,341,343,347,350,385,407,422,428,430,471,485,487,526,538,545,556,563,570,572,588,609,617,639,673,704,708,727,743,752,781,785,796,806,882,892,903,905,965
Ground-truth Num of Instances: 1,1,1,2,1,1,2,1,1,1,1,1,1,1,1,1,1,1,1,1,1,1,1,1,1,1,1,2,1,1,1,1,1,1,1,1,1,1,1,1,1,1,1,1,1,1,1,1,1,1,1,1,1,1,1,1,1,1,1,1,1
Our Recovered Labels: 22,33,47,57,59,102,108,111,115,135,145,218,237,248,249,275,289,299,308,309,321,326,331,341,343,347,350,385,407,422,428,430,471,485,487,526,538,545,556,563,570,572,588,609,617,639,673,704,708,727,743,752,781,785,796,806,882,892,903,905,965 | LeAcc: 1.000
Our Recovered Num of Instances: 1,1,1,2,1,1,2,1,1,1,1,1,1,1,1,1,1,1,1,1,1,1,1,1,1,1,1,2,1,1,1,1,1,1,1,1,1,1,1,1,1,1,1,1,1,1,1,1,1,1,1,1,1,1,1,1,1,1,1,1,1 | LnAcc: 1.000 | IRec: 1.000
Start Experiment 6
start_id: 351437
***************************************************************
Ground-truth Labels: 35,72,89,112,176,191,206,240,246,250,264,312,316,338,376,381,394,421,422,423,447,461,464,480,495,501,504,525,526,528,542,553,562,581,582,586,589,596,601,627,636,643,644,680,682,683,691,761,766,772,781,802,804,850,852,875,905,918,935,954,957,978
Ground-truth Num of Instances: 1,1,2,1,1,1,1,1,1,1,1,1,1,1,2,1,1,1,1,1,1,1,1,1,1,1,1,1,1,1,1,1,1,1,1,1,1,1,1,1,1,1,1,1,1,1,1,1,1,1,1,1,1,1,1,1,1,1,1,1,1,1
Our Recovered Labels: 35,72,89,112,176,191,206,240,246,250,264,312,316,338,376,381,394,421,422,423,447,461,464,480,495,501,504,525,526,528,542,553,562,581,582,586,589,596,601,627,636,643,644,680,682,683,691,761,766,772,781,802,804,850,852,875,905,918,935,954,957,978 | LeAcc: 1.000
Our Recovered Num of Instances: 1,1,2,1,1,1,1,1,1,1,1,1,1,1,2,1,1,1,1,1,1,1,1,1,1,1,1,1,1,1,1,1,1,1,1,1,1,1,1,1,1,1,1,1,1,1,1,1,1,1,1,1,1,1,1,1,1,1,1,1,1,1 | LnAcc: 1.000 | IRec: 1.000
Start Experiment 7
start_id: 263348
***************************************************************
Ground-truth Labels: 32,50,58,113,127,128,140,177,200,235,266,282,301,307,326,337,363,366,368,396,426,441,459,484,487,493,510,515,518,526,535,552,556,563,578,582,597,626,639,664,668,677,690,699,700,769,786,793,842,859,888,894,909,911,920,935,939,945,952,964
Ground-truth Num of Instances: 1,1,1,2,1,1,1,1,1,1,1,1,1,1,1,2,1,1,1,2,1,1,1,1,1,1,2,1,1,1,1,1,1,1,1,1,1,1,1,1,1,1,1,1,1,1,1,1,1,1,1,1,1,1,1,1,1,1,1,1
Our Recovered Labels: 32,50,58,113,127,128,140,177,200,235,266,282,301,307,326,337,363,366,368,396,426,441,459,484,487,493,510,515,518,526,535,552,556,563,578,582,597,626,639,664,668,677,690,699,700,769,786,793,842,859,888,894,909,911,920,935,939,945,952,964 | LeAcc: 1.000
Our Recovered Num of Instances: 1,1,1,2,1,1,1,1,1,1,1,1,1,1,1,2,1,1,1,2,1,1,1,1,1,1,2,1,1,1,1,1,1,1,1,1,1,1,1,1,1,1,1,1,1,1,1,1,1,1,1,1,1,1,1,1,1,1,1,1 | LnAcc: 1.000 | IRec: 1.000
Start Experiment 8
start_id: 1007865
***************************************************************
Ground-truth Labels: 10,14,42,46,68,77,83,92,98,101,111,132,145,181,182,204,210,211,217,221,228,240,256,269,334,342,358,381,411,428,438,442,472,485,493,535,544,552,553,619,632,637,642,663,668,676,685,704,744,747,758,809,836,848,857,865,868,884,892,900,926,955,973
Ground-truth Num of Instances: 1,1,1,1,1,1,1,1,1,1,1,1,1,1,1,1,1,1,1,1,1,1,1,1,1,1,1,1,1,1,1,1,1,1,1,1,1,2,1,1,1,1,1,1,1,1,1,1,1,1,1,1,1,1,1,1,1,1,1,1,1,1,1
Our Recovered Labels: 10,14,42,46,68,77,83,92,98,101,111,132,145,181,182,204,210,211,217,221,228,240,256,269,334,342,358,381,411,428,438,442,472,485,493,535,544,552,553,619,632,637,642,663,668,676,685,704,744,747,758,809,836,848,857,865,868,884,892,900,926,955,973 | LeAcc: 1.000
Our Recovered Num of Instances: 1,1,1,1,1,1,1,1,1,1,1,1,1,1,1,1,1,1,1,1,1,1,1,1,1,1,1,1,1,1,1,1,1,1,1,1,1,2,1,1,1,1,1,1,1,1,1,1,1,1,1,1,1,1,1,1,1,1,1,1,1,1,1 | LnAcc: 1.000 | IRec: 1.000
Start Experiment 9
start_id: 344188
***************************************************************
Ground-truth Labels: 26,37,66,72,76,79,125,187,195,228,237,244,257,287,292,302,309,336,345,355,389,394,404,406,442,452,490,515,522,541,550,562,571,587,590,592,618,622,637,638,689,690,699,729,735,758,769,774,809,813,822,827,829,836,845,859,890,892,903,915,979,988,998
Ground-truth Num of Instances: 1,1,1,1,1,1,1,1,1,1,1,1,1,1,1,1,1,1,1,1,1,1,1,1,1,1,1,1,1,1,1,1,1,1,1,1,1,1,1,1,1,1,1,1,1,1,1,2,1,1,1,1,1,1,1,1,1,1,1,1,1,1,1
Our Recovered Labels: 26,37,66,72,76,79,125,187,195,228,237,244,257,287,292,302,309,336,345,355,389,394,404,406,442,452,490,515,522,541,550,562,571,587,590,592,618,622,637,638,689,690,699,729,735,758,769,774,809,813,822,827,829,836,845,859,890,892,903,915,979,988,998 | LeAcc: 1.000
Our Recovered Num of Instances: 1,1,1,1,1,1,1,1,1,1,1,1,1,1,1,1,1,1,1,1,1,1,1,1,1,1,1,1,1,1,1,1,1,1,1,1,1,1,1,1,1,1,1,1,1,1,1,2,1,1,1,1,1,1,1,1,1,1,1,1,1,1,1 | LnAcc: 1.000 | IRec: 1.000
Start Experiment 10
start_id: 670437
***************************************************************
Ground-truth Labels: 9,67,68,73,74,90,126,135,140,142,151,191,206,210,246,256,274,285,299,326,345,384,392,401,416,417,421,455,463,476,499,505,540,555,564,594,600,610,614,626,641,694,698,704,712,756,762,778,782,798,837,854,888,899,915,931,933,965,967,972,974,982
Ground-truth Num of Instances: 1,1,1,1,1,1,1,1,1,1,1,1,1,1,1,1,1,1,2,1,1,2,1,1,1,1,1,1,1,1,1,1,1,1,1,1,1,1,1,1,1,1,1,1,1,1,1,1,1,1,1,1,1,1,1,1,1,1,1,1,1,1
Our Recovered Labels: 9,67,68,73,74,90,126,135,140,142,151,191,206,210,246,256,274,285,299,326,345,384,392,401,416,417,421,455,463,476,499,505,540,555,564,594,600,610,614,626,641,694,698,704,712,756,762,778,782,798,837,854,888,899,915,931,933,965,967,972,974,982 | LeAcc: 1.000
Our Recovered Num of Instances: 1,1,1,1,1,1,1,1,1,1,1,1,1,1,1,1,1,1,2,1,1,2,1,1,1,1,1,1,1,1,1,1,1,1,1,1,1,1,1,1,1,1,1,1,1,1,1,1,1,1,1,1,1,1,1,1,1,1,1,1,1,1 | LnAcc: 1.000 | IRec: 1.000
Start Experiment 11
start_id: 976714
***************************************************************
Ground-truth Labels: 0,1,19,38,62,64,75,87,110,148,182,232,246,270,274,284,285,286,305,308,332,356,366,395,405,418,423,435,442,452,462,490,506,544,570,582,607,621,656,675,677,694,701,702,710,729,753,767,768,777,805,811,835,857,863,873,887,897,911,919,951,957,963,968
Ground-truth Num of Instances: 1,1,1,1,1,1,1,1,1,1,1,1,1,1,1,1,1,1,1,1,1,1,1,1,1,1,1,1,1,1,1,1,1,1,1,1,1,1,1,1,1,1,1,1,1,1,1,1,1,1,1,1,1,1,1,1,1,1,1,1,1,1,1,1
Our Recovered Labels: 0,1,19,38,62,64,75,87,110,148,182,232,246,270,274,284,285,286,305,308,332,356,366,395,405,418,423,435,442,452,462,490,506,544,570,582,607,621,656,675,677,694,701,702,710,729,753,767,768,777,805,811,835,857,863,873,887,897,911,919,951,957,963,968 | LeAcc: 1.000
Our Recovered Num of Instances: 1,1,1,1,1,1,1,1,1,1,1,1,1,1,1,1,1,1,1,1,1,1,1,1,1,1,1,1,1,1,1,1,1,1,1,1,1,1,1,1,1,1,1,1,1,1,1,1,1,1,1,1,1,1,1,1,1,1,1,1,1,1,1,1 | LnAcc: 1.000 | IRec: 1.000
Start Experiment 12
start_id: 869656
***************************************************************
Ground-truth Labels: 2,12,18,27,29,56,57,68,88,134,165,169,191,194,198,199,203,214,234,249,256,294,301,314,315,345,392,420,470,486,539,549,554,574,583,609,617,650,667,668,693,695,714,725,745,765,767,787,822,834,845,849,879,893,905,913,935,951,955,962,988,999
Ground-truth Num of Instances: 1,1,1,1,1,1,1,1,1,1,1,1,1,1,1,1,1,1,1,1,1,1,1,1,2,1,1,1,1,1,1,1,1,1,1,1,1,1,1,1,1,1,1,1,2,1,1,1,1,1,1,1,1,1,1,1,1,1,1,1,1,1
Our Recovered Labels: 2,12,18,27,29,56,57,68,88,134,165,169,191,194,198,199,203,214,234,249,256,294,301,314,315,345,392,420,470,486,539,549,554,574,583,609,617,650,667,668,693,695,714,725,745,765,767,787,822,834,845,849,879,893,905,913,935,951,955,962,988,999 | LeAcc: 1.000
Our Recovered Num of Instances: 1,1,1,1,1,1,1,1,1,1,1,1,1,1,1,1,1,1,1,1,1,1,1,1,2,1,1,1,1,1,1,1,1,1,1,1,1,1,1,1,1,1,1,1,2,1,1,1,1,1,1,1,1,1,1,1,1,1,1,1,1,1 | LnAcc: 1.000 | IRec: 1.000
Start Experiment 13
start_id: 711757
***************************************************************
Ground-truth Labels: 6,16,35,37,40,60,61,65,85,86,94,101,103,110,126,140,164,169,184,187,201,207,218,227,238,285,303,333,346,374,391,434,462,484,511,556,558,611,613,633,651,663,682,699,709,753,760,761,764,766,790,823,827,830,831,836,855,881,919,931,957,989,996
Ground-truth Num of Instances: 1,1,1,1,1,1,1,1,1,1,1,1,1,1,1,1,1,1,1,1,1,1,1,1,1,1,1,1,1,1,1,1,1,1,1,2,1,1,1,1,1,1,1,1,1,1,1,1,1,1,1,1,1,1,1,1,1,1,1,1,1,1,1
Our Recovered Labels: 6,16,35,37,40,60,61,65,85,86,94,101,103,110,126,140,164,169,184,187,201,207,218,227,238,285,303,333,346,374,391,434,462,484,511,556,558,611,613,633,651,663,682,699,709,753,760,761,764,766,790,823,827,830,831,836,855,881,919,931,957,989,996 | LeAcc: 1.000
Our Recovered Num of Instances: 1,1,1,1,1,1,1,1,1,1,1,1,1,1,1,1,1,1,1,1,1,1,1,1,1,1,1,1,1,1,1,1,1,1,1,2,1,1,1,1,1,1,1,1,1,1,1,1,1,1,1,1,1,1,1,1,1,1,1,1,1,1,1 | LnAcc: 1.000 | IRec: 1.000
Start Experiment 14
start_id: 1071172
***************************************************************
Ground-truth Labels: 19,20,22,34,39,46,50,64,66,79,86,108,114,124,147,179,209,216,253,305,335,346,381,387,394,421,432,436,446,474,477,480,488,492,493,502,512,530,543,557,569,582,587,623,629,634,635,672,702,713,759,789,790,802,813,853,862,864,902,974,994,997
Ground-truth Num of Instances: 1,1,1,1,1,1,1,1,1,2,1,1,1,1,1,1,1,1,1,1,1,1,1,1,1,1,1,1,1,1,1,1,1,1,1,2,1,1,1,1,1,1,1,1,1,1,1,1,1,1,1,1,1,1,1,1,1,1,1,1,1,1
Our Recovered Labels: 19,20,22,34,39,46,50,64,66,79,86,108,114,124,147,179,209,216,253,305,335,346,381,387,394,421,432,436,446,474,477,480,488,492,493,502,512,530,543,557,569,582,587,623,629,634,635,672,702,713,759,789,790,802,813,853,862,864,902,974,994,997 | LeAcc: 1.000
Our Recovered Num of Instances: 1,1,1,1,1,1,1,1,1,2,1,1,1,1,1,1,1,1,1,1,1,1,1,1,1,1,1,1,1,1,1,1,1,1,1,2,1,1,1,1,1,1,1,1,1,1,1,1,1,1,1,1,1,1,1,1,1,1,1,1,1,1 | LnAcc: 1.000 | IRec: 1.000
Start Experiment 15
start_id: 60323
***************************************************************
Ground-truth Labels: 5,102,104,132,140,150,151,159,213,234,250,293,299,307,332,339,345,348,351,399,409,420,440,461,464,468,473,475,498,525,530,533,546,555,565,599,609,650,670,704,708,727,753,755,764,785,810,821,831,833,847,863,871,875,880,921,925,931,986,989,999
Ground-truth Num of Instances: 1,1,1,1,1,1,1,1,1,1,1,1,1,1,1,1,1,1,1,1,1,1,2,1,1,1,1,1,2,1,1,1,1,1,1,1,1,1,1,1,1,1,1,2,1,1,1,1,1,1,1,1,1,1,1,1,1,1,1,1,1
Our Recovered Labels: 5,102,104,132,140,150,151,159,213,234,250,293,299,307,332,339,345,348,351,399,409,420,440,461,464,468,473,475,498,525,530,533,546,555,565,599,609,650,670,704,708,727,753,755,764,785,810,821,831,833,847,863,871,875,880,921,925,931,986,989,999 | LeAcc: 1.000
Our Recovered Num of Instances: 1,1,1,1,1,1,1,1,1,1,1,1,1,1,1,1,1,1,1,1,1,1,2,1,1,1,1,1,2,1,1,1,1,1,1,1,1,1,1,1,1,1,1,2,1,1,1,1,1,1,1,1,1,1,1,1,1,1,1,1,1 | LnAcc: 1.000 | IRec: 1.000
Start Experiment 16
start_id: 601777
***************************************************************
Ground-truth Labels: 3,33,42,43,51,57,124,138,143,148,149,157,169,177,179,181,186,207,208,209,219,221,238,265,276,329,332,341,342,356,365,444,460,472,474,483,488,525,528,561,573,588,630,646,700,702,706,742,748,764,799,833,846,884,898,903,933,937,944,954,968,999
Ground-truth Num of Instances: 1,1,1,1,1,1,1,1,1,1,1,1,1,1,2,1,1,1,1,1,1,1,1,1,1,1,1,1,1,1,1,1,1,1,1,1,1,1,1,1,1,1,1,1,2,1,1,1,1,1,1,1,1,1,1,1,1,1,1,1,1,1
Our Recovered Labels: 3,33,42,43,51,57,124,138,143,148,149,157,169,177,179,181,186,207,208,209,219,221,238,265,276,329,332,341,342,356,365,444,460,472,474,483,488,525,528,561,573,588,630,646,700,702,706,742,748,764,799,833,846,884,898,903,933,937,944,954,968,999 | LeAcc: 1.000
Our Recovered Num of Instances: 1,1,1,1,1,1,1,1,1,1,1,1,1,1,2,1,1,1,1,1,1,1,1,1,1,1,1,1,1,1,1,1,1,1,1,1,1,1,1,1,1,1,1,1,2,1,1,1,1,1,1,1,1,1,1,1,1,1,1,1,1,1 | LnAcc: 1.000 | IRec: 1.000
Start Experiment 17
start_id: 1150749
***************************************************************
Ground-truth Labels: 3,27,40,58,63,105,134,151,164,184,247,249,253,261,312,341,353,370,384,400,433,459,483,490,493,501,511,521,527,547,552,583,590,601,610,637,656,671,688,692,711,715,720,727,738,758,759,771,792,832,878,903,940,953,964,968,978,987,990,993,994,997
Ground-truth Num of Instances: 1,1,1,1,1,1,1,1,1,1,2,1,1,1,1,1,1,1,1,1,1,1,2,1,1,1,1,1,1,1,1,1,1,1,1,1,1,1,1,1,1,1,1,1,1,1,1,1,1,1,1,1,1,1,1,1,1,1,1,1,1,1
Our Recovered Labels: 3,27,40,58,63,105,134,151,164,184,247,249,253,261,312,341,353,370,384,400,433,459,483,490,493,501,511,521,527,547,552,583,590,601,610,637,656,671,688,692,711,715,720,727,738,758,759,771,792,832,878,903,940,953,964,968,978,987,990,993,994,997 | LeAcc: 1.000
Our Recovered Num of Instances: 1,1,1,1,1,1,1,1,1,1,2,1,1,1,1,1,1,1,1,1,1,1,2,1,1,1,1,1,1,1,1,1,1,1,1,1,1,1,1,1,1,1,1,1,1,1,1,1,1,1,1,1,1,1,1,1,1,1,1,1,1,1 | LnAcc: 1.000 | IRec: 1.000
Start Experiment 18
start_id: 1272243
***************************************************************
Ground-truth Labels: 0,18,24,43,49,55,59,69,73,78,87,93,108,137,139,178,181,190,200,210,238,240,266,273,300,311,334,347,365,401,421,431,433,439,465,472,500,507,524,532,572,574,607,613,637,673,698,702,721,722,736,788,817,818,848,873,878,899,905,946,990
Ground-truth Num of Instances: 1,1,1,1,1,1,1,1,1,1,1,1,1,1,1,1,1,1,1,1,1,1,1,1,1,1,1,2,1,1,1,1,1,1,1,1,1,1,1,1,1,1,1,1,1,1,1,1,1,2,1,1,1,1,1,1,1,2,1,1,1
Our Recovered Labels: 0,18,24,43,49,55,59,69,73,78,87,93,108,137,139,178,181,190,200,210,238,240,266,273,300,311,334,347,365,401,421,431,433,439,465,472,500,507,524,532,572,574,607,613,637,673,698,702,721,722,736,788,817,818,848,873,878,899,905,946,990 | LeAcc: 1.000
Our Recovered Num of Instances: 1,1,1,1,1,1,1,1,1,1,1,1,1,1,1,1,1,1,1,1,1,1,1,1,1,1,1,2,1,1,1,1,1,1,1,1,1,1,1,1,1,1,1,1,1,1,1,1,1,2,1,1,1,1,1,1,1,2,1,1,1 | LnAcc: 1.000 | IRec: 1.000
Start Experiment 19
start_id: 1010718
***************************************************************
Ground-truth Labels: 21,35,86,87,119,123,124,133,183,185,236,281,313,329,349,356,377,383,387,421,424,447,461,471,487,506,511,528,547,553,554,561,580,599,610,625,649,651,653,684,719,736,742,744,820,823,824,826,832,835,842,852,860,868,878,892,926,933,943,945
Ground-truth Num of Instances: 2,1,1,1,1,1,1,1,1,1,1,1,1,1,1,1,1,1,1,1,1,1,1,2,1,1,1,1,1,1,1,1,1,1,1,1,1,2,1,1,1,1,1,1,1,2,1,1,1,1,1,1,1,1,1,1,1,1,1,1
Our Recovered Labels: 21,35,86,87,119,123,124,133,183,185,236,281,313,329,349,356,377,383,387,421,424,447,461,471,487,506,511,528,547,553,554,561,580,599,610,625,649,651,653,684,719,736,742,744,820,823,824,826,832,835,842,852,860,868,878,892,926,933,943,945 | LeAcc: 1.000
Our Recovered Num of Instances: 2,1,1,1,1,1,1,1,1,1,1,1,1,1,1,1,1,1,1,1,1,1,1,2,1,1,1,1,1,1,1,1,1,1,1,1,1,2,1,1,1,1,1,1,1,2,1,1,1,1,1,1,1,1,1,1,1,1,1,1 | LnAcc: 1.000 | IRec: 1.000
Start Experiment 20
start_id: 745366
***************************************************************
Ground-truth Labels: 16,41,53,57,71,75,77,80,117,169,199,204,231,237,252,305,333,354,356,359,381,387,388,402,408,411,436,439,440,446,491,517,552,580,583,614,627,635,660,668,669,739,741,760,768,775,785,805,835,841,850,877,899,909,944,962,964,973,988,995,998
Ground-truth Num of Instances: 1,1,1,1,1,2,1,1,1,1,1,1,1,1,1,1,1,1,1,1,1,1,1,1,1,1,1,1,1,1,2,1,1,1,1,1,1,1,1,1,1,1,1,1,1,1,1,1,1,1,1,1,1,1,1,1,1,1,1,1,2
Our Recovered Labels: 16,41,53,57,71,75,77,80,117,169,199,204,231,237,252,305,333,354,356,359,381,387,388,402,408,411,436,439,440,446,491,517,552,580,583,614,627,635,660,668,669,739,741,760,768,775,785,805,835,841,850,877,899,909,944,962,964,973,988,995,998 | LeAcc: 1.000
Our Recovered Num of Instances: 1,1,1,1,1,2,1,1,1,1,1,1,1,1,1,1,1,1,1,1,1,1,1,1,1,1,1,1,1,1,2,1,1,1,1,1,1,1,1,1,1,1,1,1,1,1,1,1,1,1,1,1,1,1,1,1,1,1,1,1,2 | LnAcc: 1.000 | IRec: 1.000
Start Experiment 21
start_id: 1005690
***************************************************************
Ground-truth Labels: 35,45,80,91,94,100,135,162,180,182,193,239,250,251,256,258,260,282,319,330,340,359,405,420,421,425,464,474,493,500,501,507,533,542,561,565,579,612,613,622,632,636,706,728,740,769,793,794,809,816,825,838,852,857,881,927,939,958,963,967,990,995,998
Ground-truth Num of Instances: 1,1,1,1,1,1,1,1,1,1,1,1,1,1,1,1,1,1,1,1,1,1,1,1,1,1,1,1,1,1,1,1,1,1,1,1,1,1,1,1,1,1,1,1,1,1,1,1,1,1,1,1,1,1,1,1,1,1,1,1,1,2,1
Our Recovered Labels: 35,45,80,91,94,100,135,162,180,182,193,239,250,251,256,258,260,282,319,330,340,359,405,420,421,425,464,474,493,500,501,507,533,542,561,565,579,612,613,622,632,636,706,728,740,769,793,794,809,816,825,838,852,857,881,927,939,958,963,967,990,995,998 | LeAcc: 1.000
Our Recovered Num of Instances: 1,1,1,1,1,1,1,1,1,1,1,1,1,1,1,1,1,1,1,1,1,1,1,1,1,1,1,1,1,1,1,1,1,1,1,1,1,1,1,1,1,1,1,1,1,1,1,1,1,1,1,1,1,1,1,1,1,1,1,1,1,2,1 | LnAcc: 1.000 | IRec: 1.000
Start Experiment 22
start_id: 906467
***************************************************************
Ground-truth Labels: 10,16,19,45,49,73,84,92,108,118,122,147,161,188,219,246,280,302,318,323,338,340,348,389,433,457,462,492,495,506,527,536,545,546,553,578,594,624,653,654,658,662,676,692,718,735,751,776,825,831,832,861,867,891,893,916,923,951,956,959,960,990,998
Ground-truth Num of Instances: 1,1,1,1,1,1,1,1,1,1,1,1,1,1,1,2,1,1,1,1,1,1,1,1,1,1,1,1,1,1,1,1,1,1,1,1,1,1,1,1,1,1,1,1,1,1,1,1,1,1,1,1,1,1,1,1,1,1,1,1,1,1,1
Our Recovered Labels: 10,16,19,45,49,73,84,92,108,118,122,147,161,188,219,246,280,302,318,323,338,340,348,389,433,457,462,492,495,506,527,536,545,546,553,578,594,624,653,654,658,662,676,692,718,735,751,776,825,831,832,861,867,891,893,916,923,951,956,959,960,990,998 | LeAcc: 1.000
Our Recovered Num of Instances: 1,1,1,1,1,1,1,1,1,1,1,1,1,1,1,2,1,1,1,1,1,1,1,1,1,1,1,1,1,1,1,1,1,1,1,1,1,1,1,1,1,1,1,1,1,1,1,1,1,1,1,1,1,1,1,1,1,1,1,1,1,1,1 | LnAcc: 1.000 | IRec: 1.000
Start Experiment 23
start_id: 850274
***************************************************************
Ground-truth Labels: 21,70,83,87,129,136,138,159,163,186,207,220,227,240,271,301,330,333,347,382,406,452,454,458,469,488,510,526,557,562,583,586,595,621,629,632,647,676,700,701,722,751,766,791,809,810,818,823,850,853,863,865,878,886,901,903,948,962,964,965,972,980
Ground-truth Num of Instances: 1,1,1,1,1,1,1,1,1,1,1,1,1,1,1,1,1,2,1,1,1,1,1,1,1,1,1,1,1,2,1,1,1,1,1,1,1,1,1,1,1,1,1,1,1,1,1,1,1,1,1,1,1,1,1,1,1,1,1,1,1,1
Our Recovered Labels: 21,70,83,87,129,136,138,159,163,186,207,220,227,240,271,301,330,333,347,382,406,452,454,458,469,488,510,526,557,562,583,586,595,621,629,632,647,676,700,701,722,751,766,791,809,810,818,823,850,853,863,865,878,886,901,903,948,962,964,965,972,980 | LeAcc: 1.000
Our Recovered Num of Instances: 1,1,1,1,1,1,1,1,1,1,1,1,1,1,1,1,1,2,1,1,1,1,1,1,1,1,1,1,1,2,1,1,1,1,1,1,1,1,1,1,1,1,1,1,1,1,1,1,1,1,1,1,1,1,1,1,1,1,1,1,1,1 | LnAcc: 1.000 | IRec: 1.000
Start Experiment 24
start_id: 797729
***************************************************************
Ground-truth Labels: 0,8,47,67,68,83,88,92,107,111,117,125,195,228,231,239,287,336,344,361,362,397,416,444,459,466,469,533,559,573,574,580,593,594,595,621,622,652,656,680,702,707,715,723,736,751,753,761,762,796,803,814,820,831,845,850,851,900,927,950,962,996
Ground-truth Num of Instances: 1,1,1,1,1,1,1,1,1,1,1,2,1,1,1,1,1,1,1,1,1,1,1,1,1,1,1,1,2,1,1,1,1,1,1,1,1,1,1,1,1,1,1,1,1,1,1,1,1,1,1,1,1,1,1,1,1,1,1,1,1,1
Our Recovered Labels: 0,8,47,67,68,83,88,92,107,111,117,125,195,228,231,239,287,336,344,361,362,397,416,444,459,466,469,533,559,573,574,580,593,594,595,621,622,652,656,680,702,707,715,723,736,751,753,761,762,796,803,814,820,831,845,850,851,900,927,950,962,996 | LeAcc: 1.000
Our Recovered Num of Instances: 1,1,1,1,1,1,1,1,1,1,1,2,1,1,1,1,1,1,1,1,1,1,1,1,1,1,1,1,2,1,1,1,1,1,1,1,1,1,1,1,1,1,1,1,1,1,1,1,1,1,1,1,1,1,1,1,1,1,1,1,1,1 | LnAcc: 1.000 | IRec: 1.000
Start Experiment 25
start_id: 114426
***************************************************************
Ground-truth Labels: 0,5,23,33,43,118,120,188,199,211,228,232,251,270,295,311,316,333,350,359,364,369,374,388,420,439,443,476,485,486,506,525,526,537,564,571,578,585,587,592,620,647,664,670,678,705,713,755,789,792,795,797,807,808,820,831,840,844,846,897,924,934,964
Ground-truth Num of Instances: 1,1,1,1,1,1,1,1,1,1,1,1,1,1,1,1,1,1,1,1,1,1,1,1,1,1,1,1,1,1,1,1,1,1,2,1,1,1,1,1,1,1,1,1,1,1,1,1,1,1,1,1,1,1,1,1,1,1,1,1,1,1,1
Our Recovered Labels: 0,5,23,33,43,118,120,188,199,211,228,232,251,270,295,311,316,333,350,359,364,369,374,388,420,439,443,476,485,486,506,525,526,537,564,571,578,585,587,592,620,647,664,670,678,705,713,755,789,792,795,797,807,808,820,831,840,844,846,897,924,934,964 | LeAcc: 1.000
Our Recovered Num of Instances: 1,1,1,1,1,1,1,1,1,1,1,1,1,1,1,1,1,1,1,1,1,1,1,1,1,1,1,1,1,1,1,1,1,1,2,1,1,1,1,1,1,1,1,1,1,1,1,1,1,1,1,1,1,1,1,1,1,1,1,1,1,1,1 | LnAcc: 1.000 | IRec: 1.000
Start Experiment 26
start_id: 270354
***************************************************************
Ground-truth Labels: 12,20,35,52,70,107,114,116,126,143,151,161,164,165,172,173,180,205,216,225,229,249,259,282,288,301,333,349,351,352,362,378,387,408,484,528,531,569,571,586,630,646,660,675,700,747,779,783,803,804,813,819,822,831,867,910,915,952,965,966,976,980,996
Ground-truth Num of Instances: 1,1,1,1,1,1,1,1,1,1,1,1,1,1,1,1,1,1,1,1,1,1,1,1,1,1,1,1,1,1,1,1,1,1,1,2,1,1,1,1,1,1,1,1,1,1,1,1,1,1,1,1,1,1,1,1,1,1,1,1,1,1,1
Our Recovered Labels: 12,20,35,52,70,107,114,116,126,143,151,161,164,165,172,173,180,205,216,225,229,249,259,282,288,301,333,349,351,352,362,378,387,408,484,528,531,569,571,586,630,646,660,675,700,747,779,783,803,804,813,819,822,831,867,910,915,952,965,966,976,980,996 | LeAcc: 1.000
Our Recovered Num of Instances: 1,1,1,1,1,1,1,1,1,1,1,1,1,1,1,1,1,1,1,1,1,1,1,1,1,1,1,1,1,1,1,1,1,1,1,2,1,1,1,1,1,1,1,1,1,1,1,1,1,1,1,1,1,1,1,1,1,1,1,1,1,1,1 | LnAcc: 1.000 | IRec: 1.000
Start Experiment 27
start_id: 196079
***************************************************************
Ground-truth Labels: 51,52,66,88,112,113,119,132,136,155,168,248,251,269,275,283,295,317,320,338,339,340,389,403,410,414,416,419,423,443,464,467,484,496,508,515,540,546,575,583,585,608,633,644,673,709,712,717,743,784,788,804,806,811,818,859,887,915,928,932,949,963,990,997
Ground-truth Num of Instances: 1,1,1,1,1,1,1,1,1,1,1,1,1,1,1,1,1,1,1,1,1,1,1,1,1,1,1,1,1,1,1,1,1,1,1,1,1,1,1,1,1,1,1,1,1,1,1,1,1,1,1,1,1,1,1,1,1,1,1,1,1,1,1,1
Our Recovered Labels: 51,52,66,88,112,113,119,132,136,155,168,248,251,269,275,283,295,317,320,338,339,340,389,403,410,414,416,419,423,443,464,467,484,496,508,515,540,546,575,583,585,608,633,644,673,709,712,717,743,784,788,804,806,811,818,859,887,915,928,932,949,963,990,997 | LeAcc: 1.000
Our Recovered Num of Instances: 1,1,1,1,1,1,1,1,1,1,1,1,1,1,1,1,1,1,1,1,1,1,1,1,1,1,1,1,1,1,1,1,1,1,1,1,1,1,1,1,1,1,1,1,1,1,1,1,1,1,1,1,1,1,1,1,1,1,1,1,1,1,1,1 | LnAcc: 1.000 | IRec: 1.000
Start Experiment 28
start_id: 622695
***************************************************************
Ground-truth Labels: 17,27,51,101,119,165,169,175,192,196,200,208,215,256,269,298,306,310,328,363,390,392,395,399,415,433,463,468,505,512,532,545,546,561,569,583,595,599,601,603,606,657,663,673,677,687,703,706,715,723,726,737,741,746,770,816,864,881,887,942,945,967,978,991
Ground-truth Num of Instances: 1,1,1,1,1,1,1,1,1,1,1,1,1,1,1,1,1,1,1,1,1,1,1,1,1,1,1,1,1,1,1,1,1,1,1,1,1,1,1,1,1,1,1,1,1,1,1,1,1,1,1,1,1,1,1,1,1,1,1,1,1,1,1,1
Our Recovered Labels: 17,27,51,101,119,165,169,175,192,196,200,208,215,256,269,298,306,310,328,363,390,392,395,399,415,433,463,468,505,512,532,545,546,561,569,583,595,599,601,603,606,657,663,673,677,687,703,706,715,723,726,737,741,746,770,816,864,881,887,942,945,967,978,991 | LeAcc: 1.000
Our Recovered Num of Instances: 1,1,1,1,1,1,1,1,1,1,1,1,1,1,1,1,1,1,1,1,1,1,1,1,1,1,1,1,1,1,1,1,1,1,1,1,1,1,1,1,1,1,1,1,1,1,1,1,1,1,1,1,1,1,1,1,1,1,1,1,1,1,1,1 | LnAcc: 1.000 | IRec: 1.000
Start Experiment 29
start_id: 1252751
***************************************************************
Ground-truth Labels: 1,12,14,21,69,103,107,135,156,174,188,191,193,205,217,226,234,289,290,302,322,331,374,393,433,437,456,460,467,493,504,505,521,541,553,580,609,615,627,633,644,672,684,687,701,719,725,755,782,797,819,833,863,888,897,919,922,945,960,968,971,995,999
Ground-truth Num of Instances: 1,1,1,1,1,1,1,1,1,1,2,1,1,1,1,1,1,1,1,1,1,1,1,1,1,1,1,1,1,1,1,1,1,1,1,1,1,1,1,1,1,1,1,1,1,1,1,1,1,1,1,1,1,1,1,1,1,1,1,1,1,1,1
Our Recovered Labels: 1,12,14,21,69,103,107,135,156,174,188,191,193,205,217,226,234,289,290,302,322,331,374,393,433,437,456,460,467,493,504,505,521,541,553,580,609,615,627,633,644,672,684,687,701,719,725,755,782,797,819,833,863,888,897,919,922,945,960,968,971,995,999 | LeAcc: 1.000
Our Recovered Num of Instances: 1,1,1,1,1,1,1,1,1,1,2,1,1,1,1,1,1,1,1,1,1,1,1,1,1,1,1,1,1,1,1,1,1,1,1,1,1,1,1,1,1,1,1,1,1,1,1,1,1,1,1,1,1,1,1,1,1,1,1,1,1,1,1 | LnAcc: 1.000 | IRec: 1.000
Start Experiment 30
start_id: 789968
***************************************************************
Ground-truth Labels: 3,12,61,66,69,89,102,152,162,184,190,210,212,264,267,295,297,300,311,333,337,357,373,409,414,417,420,445,468,499,504,520,549,585,587,599,603,616,629,663,690,704,733,763,764,777,803,832,837,847,851,859,883,893,912,920,938,956,967,969,973,981,986,990
Ground-truth Num of Instances: 1,1,1,1,1,1,1,1,1,1,1,1,1,1,1,1,1,1,1,1,1,1,1,1,1,1,1,1,1,1,1,1,1,1,1,1,1,1,1,1,1,1,1,1,1,1,1,1,1,1,1,1,1,1,1,1,1,1,1,1,1,1,1,1
Our Recovered Labels: 3,12,61,66,69,89,102,152,162,184,190,210,212,264,267,295,297,300,311,333,337,357,373,409,414,417,420,445,468,499,504,520,549,585,587,599,603,616,629,663,690,704,733,763,764,777,803,832,837,847,851,859,883,893,912,920,938,956,967,969,973,981,986,990 | LeAcc: 1.000
Our Recovered Num of Instances: 1,1,1,1,1,1,1,1,1,1,1,1,1,1,1,1,1,1,1,1,1,1,1,1,1,1,1,1,1,1,1,1,1,1,1,1,1,1,1,1,1,1,1,1,1,1,1,1,1,1,1,1,1,1,1,1,1,1,1,1,1,1,1,1 | LnAcc: 1.000 | IRec: 1.000
Start Experiment 31
start_id: 243249
***************************************************************
Ground-truth Labels: 46,77,82,121,132,134,142,145,151,168,171,195,209,212,230,238,260,295,304,306,313,326,337,413,449,451,456,483,484,485,540,581,606,642,648,688,694,696,705,712,722,723,731,764,774,777,805,815,818,819,827,843,855,862,895,922,925,948,960,963,964,974,976,983
Ground-truth Num of Instances: 1,1,1,1,1,1,1,1,1,1,1,1,1,1,1,1,1,1,1,1,1,1,1,1,1,1,1,1,1,1,1,1,1,1,1,1,1,1,1,1,1,1,1,1,1,1,1,1,1,1,1,1,1,1,1,1,1,1,1,1,1,1,1,1
Our Recovered Labels: 46,77,82,121,132,134,142,145,151,168,171,195,209,212,230,238,260,295,304,306,313,326,337,413,449,451,456,483,484,485,540,581,606,642,648,688,694,696,705,712,722,723,731,764,774,777,805,815,818,819,827,843,855,862,895,922,925,948,960,963,964,974,976,983 | LeAcc: 1.000
Our Recovered Num of Instances: 1,1,1,1,1,1,1,1,1,1,1,1,1,1,1,1,1,1,1,1,1,1,1,1,1,1,1,1,1,1,1,1,1,1,1,1,1,1,1,1,1,1,1,1,1,1,1,1,1,1,1,1,1,1,1,1,1,1,1,1,1,1,1,1 | LnAcc: 1.000 | IRec: 1.000
Start Experiment 32
start_id: 904718
***************************************************************
Ground-truth Labels: 0,27,61,89,105,120,134,135,145,176,195,197,229,250,283,293,310,311,316,320,332,357,383,402,412,428,447,454,459,470,473,477,491,508,528,536,564,601,611,642,643,685,711,719,721,724,729,745,753,758,760,805,832,839,849,867,876,903,916,927,949,963,978
Ground-truth Num of Instances: 1,1,1,1,1,1,1,1,1,1,1,1,1,1,1,1,1,1,1,1,1,1,1,1,1,1,1,1,1,1,1,1,1,1,1,1,1,1,1,1,1,1,1,1,1,1,1,1,1,1,1,1,1,2,1,1,1,1,1,1,1,1,1
Our Recovered Labels: 0,27,61,89,105,120,134,135,145,176,195,197,229,250,283,293,310,311,316,320,332,357,383,402,412,428,447,454,459,470,473,477,491,508,528,536,564,601,611,642,643,685,711,719,721,724,729,745,753,758,760,805,832,839,849,867,876,903,916,927,949,963,978 | LeAcc: 1.000
Our Recovered Num of Instances: 1,1,1,1,1,1,1,1,1,1,1,1,1,1,1,1,1,1,1,1,1,1,1,1,1,1,1,1,1,1,1,1,1,1,1,1,1,1,1,1,1,1,1,1,1,1,1,1,1,1,1,1,1,2,1,1,1,1,1,1,1,1,1 | LnAcc: 1.000 | IRec: 1.000
Start Experiment 33
start_id: 529587
***************************************************************
Ground-truth Labels: 3,12,37,67,72,98,111,120,132,171,173,180,192,209,244,248,249,270,273,274,307,310,313,341,360,361,363,370,371,455,460,522,526,532,547,567,575,577,586,636,649,677,698,730,735,768,771,782,796,800,822,823,838,855,856,858,902,908,911,913,931,956
Ground-truth Num of Instances: 2,1,1,1,1,1,1,1,1,1,1,1,1,1,1,1,1,1,1,1,1,1,1,1,1,1,1,1,1,1,1,1,1,1,1,1,1,1,1,1,1,1,1,1,1,1,2,1,1,1,1,1,1,1,1,1,1,1,1,1,1,1
Our Recovered Labels: 3,12,37,67,72,98,111,120,132,171,173,180,192,209,244,248,249,270,273,274,307,310,313,341,360,361,363,370,371,455,460,522,526,532,547,567,575,577,586,636,649,677,698,730,735,768,771,782,796,800,822,823,838,855,856,858,902,908,911,913,931,956 | LeAcc: 1.000
Our Recovered Num of Instances: 2,1,1,1,1,1,1,1,1,1,1,1,1,1,1,1,1,1,1,1,1,1,1,1,1,1,1,1,1,1,1,1,1,1,1,1,1,1,1,1,1,1,1,1,1,1,2,1,1,1,1,1,1,1,1,1,1,1,1,1,1,1 | LnAcc: 1.000 | IRec: 1.000
Start Experiment 34
start_id: 591062
***************************************************************
Ground-truth Labels: 0,20,25,60,92,183,195,213,234,267,269,288,303,305,320,326,349,350,357,358,365,371,399,429,432,434,447,450,456,481,487,497,523,527,534,556,564,571,585,587,590,598,601,624,627,651,677,734,745,751,755,766,803,809,819,823,824,839,857,862,864,868,982,990
Ground-truth Num of Instances: 1,1,1,1,1,1,1,1,1,1,1,1,1,1,1,1,1,1,1,1,1,1,1,1,1,1,1,1,1,1,1,1,1,1,1,1,1,1,1,1,1,1,1,1,1,1,1,1,1,1,1,1,1,1,1,1,1,1,1,1,1,1,1,1
Our Recovered Labels: 0,20,25,60,92,183,195,213,234,267,269,288,303,305,320,326,349,350,357,358,365,371,399,429,432,434,447,450,456,481,487,497,523,527,534,556,564,571,585,587,590,598,601,624,627,651,677,734,745,751,755,766,803,809,819,823,824,839,857,862,864,868,982,990 | LeAcc: 1.000
Our Recovered Num of Instances: 1,1,1,1,1,1,1,1,1,1,1,1,1,1,1,1,1,1,1,1,1,1,1,1,1,1,1,1,1,1,1,1,1,1,1,1,1,1,1,1,1,1,1,1,1,1,1,1,1,1,1,1,1,1,1,1,1,1,1,1,1,1,1,1 | LnAcc: 1.000 | IRec: 1.000
Start Experiment 35
start_id: 578931
***************************************************************
Ground-truth Labels: 0,4,21,49,104,107,111,135,137,163,172,182,242,255,293,298,352,405,420,446,474,478,485,488,489,499,512,548,578,600,604,619,632,639,656,667,680,683,690,719,731,735,786,795,814,820,833,836,851,859,870,880,886,894,906,912,915,930,937,985,992,994
Ground-truth Num of Instances: 1,1,1,1,1,1,1,1,1,1,1,2,1,1,1,1,1,1,1,1,1,1,1,1,1,1,1,1,1,1,1,1,1,1,1,1,1,1,1,1,1,1,1,1,1,1,1,1,1,1,1,1,1,1,1,1,1,1,1,2,1,1
Our Recovered Labels: 0,4,21,49,104,107,111,135,137,163,172,182,242,255,293,298,352,405,420,446,474,478,485,488,489,499,512,548,578,600,604,619,632,639,656,667,680,683,690,719,731,735,786,795,814,820,833,836,851,859,870,880,886,894,906,912,915,930,937,985,992,994 | LeAcc: 1.000
Our Recovered Num of Instances: 1,1,1,1,1,1,1,1,1,1,1,2,1,1,1,1,1,1,1,1,1,1,1,1,1,1,1,1,1,1,1,1,1,1,1,1,1,1,1,1,1,1,1,1,1,1,1,1,1,1,1,1,1,1,1,1,1,1,1,2,1,1 | LnAcc: 1.000 | IRec: 1.000
Start Experiment 36
start_id: 572915
***************************************************************
Ground-truth Labels: 30,44,50,88,92,94,95,96,120,142,144,150,167,181,185,201,202,207,224,238,271,279,315,317,358,364,380,394,401,428,452,457,464,469,470,519,528,549,553,560,593,597,615,657,665,682,683,690,707,715,717,729,776,780,806,877,913,921,969,973,981,997
Ground-truth Num of Instances: 1,2,1,1,1,1,1,1,1,1,1,1,1,1,1,1,1,1,2,1,1,1,1,1,1,1,1,1,1,1,1,1,1,1,1,1,1,1,1,1,1,1,1,1,1,1,1,1,1,1,1,1,1,1,1,1,1,1,1,1,1,1
Our Recovered Labels: 30,44,50,88,92,94,95,96,120,142,144,150,167,181,185,201,202,207,224,238,271,279,315,317,358,364,380,394,401,428,452,457,464,469,470,519,528,549,553,560,593,597,615,657,665,682,683,690,707,715,717,729,776,780,806,877,913,921,969,973,981,997 | LeAcc: 1.000
Our Recovered Num of Instances: 1,2,1,1,1,1,1,1,1,1,1,1,1,1,1,1,1,1,2,1,1,1,1,1,1,1,1,1,1,1,1,1,1,1,1,1,1,1,1,1,1,1,1,1,1,1,1,1,1,1,1,1,1,1,1,1,1,1,1,1,1,1 | LnAcc: 1.000 | IRec: 1.000
Start Experiment 37
start_id: 403603
***************************************************************
Ground-truth Labels: 0,1,2,9,49,77,81,91,100,109,133,147,156,161,172,180,192,209,217,265,271,273,320,362,376,384,395,408,433,434,438,443,453,478,479,521,525,552,578,580,583,584,591,600,602,613,650,651,669,696,708,716,722,732,741,787,801,844,848,868,873,924,945
Ground-truth Num of Instances: 1,1,1,1,1,1,1,1,1,1,1,1,1,1,1,1,1,1,1,1,1,1,1,1,1,1,1,1,1,1,1,1,1,1,2,1,1,1,1,1,1,1,1,1,1,1,1,1,1,1,1,1,1,1,1,1,1,1,1,1,1,1,1
Our Recovered Labels: 0,1,2,9,49,77,81,91,100,109,133,147,156,161,172,180,192,209,217,265,271,273,320,362,376,384,395,408,433,434,438,443,453,478,479,521,525,552,578,580,583,584,591,600,602,613,650,651,669,696,708,716,722,732,741,787,801,844,848,868,873,924,945 | LeAcc: 1.000
Our Recovered Num of Instances: 1,1,1,1,1,1,1,1,1,1,1,1,1,1,1,1,1,1,1,1,1,1,1,1,1,1,1,1,1,1,1,1,1,1,2,1,1,1,1,1,1,1,1,1,1,1,1,1,1,1,1,1,1,1,1,1,1,1,1,1,1,1,1 | LnAcc: 1.000 | IRec: 1.000
Start Experiment 38
start_id: 750261
***************************************************************
Ground-truth Labels: 2,14,28,33,34,39,99,104,112,140,158,162,176,182,194,203,216,229,232,290,318,319,320,350,376,392,395,423,424,439,450,485,488,489,532,543,554,577,590,614,640,645,646,652,677,685,728,733,739,759,808,825,853,862,872,894,897,899,904,908,937,946,954,968
Ground-truth Num of Instances: 1,1,1,1,1,1,1,1,1,1,1,1,1,1,1,1,1,1,1,1,1,1,1,1,1,1,1,1,1,1,1,1,1,1,1,1,1,1,1,1,1,1,1,1,1,1,1,1,1,1,1,1,1,1,1,1,1,1,1,1,1,1,1,1
Our Recovered Labels: 2,14,28,33,34,39,99,104,112,140,158,162,176,182,194,203,216,229,232,290,318,319,320,350,376,392,395,423,424,439,450,485,488,489,532,543,554,577,590,614,640,645,646,652,677,685,728,733,739,759,808,825,853,862,872,894,897,899,904,908,937,946,954,968 | LeAcc: 1.000
Our Recovered Num of Instances: 1,1,1,1,1,1,1,1,1,1,1,1,1,1,1,1,1,1,1,1,1,1,1,1,1,1,1,1,1,1,1,1,1,1,1,1,1,1,1,1,1,1,1,1,1,1,1,1,1,1,1,1,1,1,1,1,1,1,1,1,1,1,1,1 | LnAcc: 1.000 | IRec: 1.000
Start Experiment 39
start_id: 1152264
***************************************************************
Ground-truth Labels: 3,7,26,42,54,70,72,94,116,138,141,158,206,222,228,286,290,292,319,329,331,337,338,343,359,378,399,405,416,419,420,428,450,463,507,508,536,548,554,567,585,587,606,627,646,656,695,713,751,756,785,789,815,828,842,843,848,864,930,982,985,991
Ground-truth Num of Instances: 1,1,1,1,1,1,1,1,1,1,1,1,1,1,1,1,1,1,1,1,1,1,2,1,1,1,1,1,1,1,1,1,1,1,1,1,1,1,1,1,1,1,1,1,1,1,1,1,1,1,1,1,1,2,1,1,1,1,1,1,1,1
Our Recovered Labels: 3,7,26,42,54,70,72,94,116,138,141,158,206,222,228,286,290,292,319,329,331,337,338,343,359,378,399,405,416,419,420,428,450,463,507,508,536,548,554,567,585,587,606,627,646,656,695,713,751,756,785,789,815,828,842,843,848,864,930,982,985,991 | LeAcc: 1.000
Our Recovered Num of Instances: 1,1,1,1,1,1,1,1,1,1,1,1,1,1,1,1,1,1,1,1,1,1,2,1,1,1,1,1,1,1,1,1,1,1,1,1,1,1,1,1,1,1,1,1,1,1,1,1,1,1,1,1,1,2,1,1,1,1,1,1,1,1 | LnAcc: 1.000 | IRec: 1.000
Start Experiment 40
start_id: 1191140
***************************************************************
Ground-truth Labels: 1,2,9,30,31,45,55,58,70,90,106,147,162,166,168,171,194,210,217,218,236,243,260,276,335,367,368,388,399,405,421,422,428,433,452,463,469,473,475,517,519,526,541,582,589,600,611,621,726,729,787,814,821,825,829,830,837,874,882,917,925,958,976
Ground-truth Num of Instances: 1,1,1,1,1,1,1,1,1,1,1,1,1,1,1,1,1,1,1,1,1,1,1,1,1,1,1,2,1,1,1,1,1,1,1,1,1,1,1,1,1,1,1,1,1,1,1,1,1,1,1,1,1,1,1,1,1,1,1,1,1,1,1
Our Recovered Labels: 1,2,9,30,31,45,55,58,70,90,106,147,162,166,168,171,194,210,217,218,236,243,260,276,335,367,368,388,399,405,421,422,428,433,452,463,469,473,475,517,519,526,541,582,589,600,611,621,726,729,787,814,821,825,829,830,837,874,882,917,925,958,976 | LeAcc: 1.000
Our Recovered Num of Instances: 1,1,1,1,1,1,1,1,1,1,1,1,1,1,1,1,1,1,1,1,1,1,1,1,1,1,1,2,1,1,1,1,1,1,1,1,1,1,1,1,1,1,1,1,1,1,1,1,1,1,1,1,1,1,1,1,1,1,1,1,1,1,1 | LnAcc: 1.000 | IRec: 1.000
Start Experiment 41
start_id: 676459
***************************************************************
Ground-truth Labels: 3,33,72,79,88,98,102,103,145,160,168,177,197,213,214,241,254,275,287,301,370,378,383,417,465,483,487,489,496,501,502,503,517,552,565,566,577,587,612,613,616,643,647,661,695,699,716,723,735,744,780,810,822,827,828,907,911,915,930,932,941,943,953,955
Ground-truth Num of Instances: 1,1,1,1,1,1,1,1,1,1,1,1,1,1,1,1,1,1,1,1,1,1,1,1,1,1,1,1,1,1,1,1,1,1,1,1,1,1,1,1,1,1,1,1,1,1,1,1,1,1,1,1,1,1,1,1,1,1,1,1,1,1,1,1
Our Recovered Labels: 3,33,72,79,88,98,102,103,145,160,168,177,197,213,214,241,254,275,287,301,370,378,383,417,465,483,487,489,496,501,502,503,517,552,565,566,577,587,612,613,616,643,647,661,695,699,716,723,735,744,780,810,822,827,828,907,911,915,930,932,941,943,953,955 | LeAcc: 1.000
Our Recovered Num of Instances: 1,1,1,1,1,1,1,1,1,1,1,1,1,1,1,1,1,1,1,1,1,1,1,1,1,1,1,1,1,1,1,1,1,1,1,1,1,1,1,1,1,1,1,1,1,1,1,1,1,1,1,1,1,1,1,1,1,1,1,1,1,1,1,1 | LnAcc: 1.000 | IRec: 1.000
Start Experiment 42
start_id: 1220448
***************************************************************
Ground-truth Labels: 23,30,35,36,48,71,87,99,108,131,159,161,169,174,196,211,214,243,257,303,345,347,352,362,390,395,405,412,415,429,431,440,456,505,546,547,551,570,573,598,606,609,617,661,676,688,690,691,727,785,816,823,834,838,845,852,889,904,909,934,951,978,982
Ground-truth Num of Instances: 1,1,1,1,1,1,1,1,1,1,1,1,1,1,1,1,1,1,1,1,1,1,1,1,1,1,1,1,1,1,1,1,1,1,1,1,1,1,1,2,1,1,1,1,1,1,1,1,1,1,1,1,1,1,1,1,1,1,1,1,1,1,1
Our Recovered Labels: 23,30,35,36,48,71,87,99,108,131,159,161,169,174,196,211,214,243,257,303,345,347,352,362,390,395,405,412,415,429,431,440,456,505,546,547,551,570,573,598,606,609,617,661,676,688,690,691,727,785,816,823,834,838,845,852,889,904,909,934,951,978,982 | LeAcc: 1.000
Our Recovered Num of Instances: 1,1,1,1,1,1,1,1,1,1,1,1,1,1,1,1,1,1,1,1,1,1,1,1,1,1,1,1,1,1,1,1,1,1,1,1,1,1,1,2,1,1,1,1,1,1,1,1,1,1,1,1,1,1,1,1,1,1,1,1,1,1,1 | LnAcc: 1.000 | IRec: 1.000
Start Experiment 43
start_id: 735931
***************************************************************
Ground-truth Labels: 14,29,51,52,60,71,99,110,120,158,186,191,205,250,258,260,273,294,295,296,328,334,337,355,393,413,421,476,478,492,496,498,511,538,540,557,595,596,601,623,630,640,659,668,690,738,751,755,758,773,791,817,834,838,842,875,878,943,951,958,973,986,988
Ground-truth Num of Instances: 1,1,1,1,1,1,1,1,1,1,1,1,1,1,1,1,1,1,1,1,1,1,1,1,1,1,1,1,1,1,1,1,1,1,1,1,1,1,1,1,1,1,1,1,1,2,1,1,1,1,1,1,1,1,1,1,1,1,1,1,1,1,1
Our Recovered Labels: 14,29,51,52,60,71,99,110,120,158,186,191,205,250,258,260,273,294,295,296,328,334,337,355,393,413,421,476,478,492,496,498,511,538,540,557,595,596,601,623,630,640,659,668,690,738,751,755,758,773,791,817,834,838,842,875,878,943,951,958,973,986,988 | LeAcc: 1.000
Our Recovered Num of Instances: 1,1,1,1,1,1,1,1,1,1,1,1,1,1,1,1,1,1,1,1,1,1,1,1,1,1,1,1,1,1,1,1,1,1,1,1,1,1,1,1,1,1,1,1,1,2,1,1,1,1,1,1,1,1,1,1,1,1,1,1,1,1,1 | LnAcc: 1.000 | IRec: 1.000
Start Experiment 44
start_id: 204453
***************************************************************
Ground-truth Labels: 12,34,52,58,61,67,94,99,108,134,137,142,185,189,202,204,262,300,317,325,327,332,338,345,355,365,375,378,408,437,450,468,505,537,545,580,641,651,668,682,702,706,745,746,775,788,804,806,811,821,825,839,895,897,901,938,939,959,968,993
Ground-truth Num of Instances: 1,1,2,1,1,1,1,1,1,1,1,1,1,1,1,1,1,1,1,1,1,1,1,1,2,1,1,1,1,1,1,1,1,1,2,1,1,1,1,1,1,1,1,1,1,1,1,1,1,1,1,1,1,1,1,1,1,1,1,2
Our Recovered Labels: 12,34,52,58,61,67,94,99,108,134,137,142,185,189,202,204,262,300,317,325,327,332,338,345,355,365,375,378,408,437,450,468,505,537,545,580,641,651,668,682,702,706,745,746,775,788,804,806,811,821,825,839,895,897,901,938,939,959,968,993 | LeAcc: 1.000
Our Recovered Num of Instances: 1,1,2,1,1,1,1,1,1,1,1,1,1,1,1,1,1,1,1,1,1,1,1,1,2,1,1,1,1,1,1,1,1,1,2,1,1,1,1,1,1,1,1,1,1,1,1,1,1,1,1,1,1,1,1,1,1,1,1,2 | LnAcc: 1.000 | IRec: 1.000
Start Experiment 45
start_id: 699689
***************************************************************
Ground-truth Labels: 29,33,62,104,145,164,181,197,199,222,231,239,263,278,285,369,399,426,437,450,455,471,504,507,511,522,525,526,537,549,574,583,588,596,612,617,619,632,650,667,668,677,691,710,746,754,759,796,799,812,833,839,863,914,925,948,964,993,997
Ground-truth Num of Instances: 1,2,1,1,1,1,1,1,1,1,1,1,1,1,1,1,1,1,1,1,1,1,1,2,1,1,1,1,1,1,2,1,1,1,1,1,1,1,1,1,1,1,1,1,1,1,1,1,2,1,1,1,1,1,1,2,1,1,1
Our Recovered Labels: 29,33,62,104,145,164,181,197,199,222,231,239,263,278,285,369,399,426,437,450,455,471,504,507,511,522,525,526,537,549,574,583,588,596,612,617,619,632,650,667,668,677,691,710,746,754,759,796,799,812,833,839,863,914,925,948,964,993,997 | LeAcc: 1.000
Our Recovered Num of Instances: 1,2,1,1,1,1,1,1,1,1,1,1,1,1,1,1,1,1,1,1,1,1,1,2,1,1,1,1,1,1,2,1,1,1,1,1,1,1,1,1,1,1,1,1,1,1,1,1,2,1,1,1,1,1,1,2,1,1,1 | LnAcc: 1.000 | IRec: 1.000
Start Experiment 46
start_id: 1040725
***************************************************************
Ground-truth Labels: 27,31,32,38,42,59,80,114,125,148,156,188,219,241,246,284,296,297,302,309,354,368,388,389,396,408,416,421,422,425,440,462,480,494,498,513,536,546,566,573,615,636,664,700,704,706,707,727,750,780,785,816,833,839,849,852,856,881,902,914,926,928,985
Ground-truth Num of Instances: 1,1,1,1,1,1,1,1,1,1,1,1,1,1,1,2,1,1,1,1,1,1,1,1,1,1,1,1,1,1,1,1,1,1,1,1,1,1,1,1,1,1,1,1,1,1,1,1,1,1,1,1,1,1,1,1,1,1,1,1,1,1,1
Our Recovered Labels: 27,31,32,38,42,59,80,114,125,148,156,188,219,241,246,284,296,297,302,309,354,368,388,389,396,408,416,421,422,425,440,462,480,494,498,513,536,546,566,573,615,636,664,700,704,706,707,727,750,780,785,816,833,839,849,852,856,881,902,914,926,928,985 | LeAcc: 1.000
Our Recovered Num of Instances: 1,1,1,1,1,1,1,1,1,1,1,1,1,1,1,2,1,1,1,1,1,1,1,1,1,1,1,1,1,1,1,1,1,1,1,1,1,1,1,1,1,1,1,1,1,1,1,1,1,1,1,1,1,1,1,1,1,1,1,1,1,1,1 | LnAcc: 1.000 | IRec: 1.000
Start Experiment 47
start_id: 498335
***************************************************************
Ground-truth Labels: 9,28,44,66,71,83,108,194,195,199,218,257,295,305,312,320,337,340,349,361,365,369,377,380,390,430,445,520,526,530,533,551,556,564,591,601,614,665,670,752,753,779,796,798,813,832,836,837,852,855,857,864,888,901,907,909,914,940,942,946,955,956,987
Ground-truth Num of Instances: 1,1,1,1,1,1,1,1,1,2,1,1,1,1,1,1,1,1,1,1,1,1,1,1,1,1,1,1,1,1,1,1,1,1,1,1,1,1,1,1,1,1,1,1,1,1,1,1,1,1,1,1,1,1,1,1,1,1,1,1,1,1,1
Our Recovered Labels: 9,28,44,66,71,83,108,194,195,199,218,257,295,305,312,320,337,340,349,361,365,369,377,380,390,430,445,520,526,530,533,551,556,564,591,601,614,665,670,752,753,779,796,798,813,832,836,837,852,855,857,864,888,901,907,909,914,940,942,946,955,956,987 | LeAcc: 1.000
Our Recovered Num of Instances: 1,1,1,1,1,1,1,1,1,2,1,1,1,1,1,1,1,1,1,1,1,1,1,1,1,1,1,1,1,1,1,1,1,1,1,1,1,1,1,1,1,1,1,1,1,1,1,1,1,1,1,1,1,1,1,1,1,1,1,1,1,1,1 | LnAcc: 1.000 | IRec: 1.000
Start Experiment 48
start_id: 501232
***************************************************************
Ground-truth Labels: 5,13,18,20,39,66,77,81,90,93,133,146,152,158,169,172,179,181,244,252,263,273,285,370,373,389,432,439,440,458,480,515,524,528,539,541,545,554,575,594,597,600,602,615,642,644,654,674,727,750,763,783,796,824,846,853,882,896,913,951,975,991,994,998
Ground-truth Num of Instances: 1,1,1,1,1,1,1,1,1,1,1,1,1,1,1,1,1,1,1,1,1,1,1,1,1,1,1,1,1,1,1,1,1,1,1,1,1,1,1,1,1,1,1,1,1,1,1,1,1,1,1,1,1,1,1,1,1,1,1,1,1,1,1,1
Our Recovered Labels: 5,13,18,20,39,66,77,81,90,93,133,146,152,158,169,172,179,181,244,252,263,273,285,370,373,389,432,439,440,458,480,515,524,528,539,541,545,554,575,594,597,600,602,615,642,644,654,674,727,750,763,783,796,824,846,853,882,896,913,951,975,991,994,998 | LeAcc: 1.000
Our Recovered Num of Instances: 1,1,1,1,1,1,1,1,1,1,1,1,1,1,1,1,1,1,1,1,1,1,1,1,1,1,1,1,1,1,1,1,1,1,1,1,1,1,1,1,1,1,1,1,1,1,1,1,1,1,1,1,1,1,1,1,1,1,1,1,1,1,1,1 | LnAcc: 1.000 | IRec: 1.000
Start Experiment 49
start_id: 961687
***************************************************************
Ground-truth Labels: 33,51,63,76,90,94,96,133,137,152,241,285,316,336,362,369,400,405,412,434,476,477,485,498,503,510,517,528,557,558,577,583,586,587,609,633,639,651,664,704,718,743,751,756,757,765,777,797,821,836,850,865,868,892,893,909,920,930,970,999
Ground-truth Num of Instances: 1,2,1,2,1,2,1,1,1,1,1,1,1,1,1,1,1,1,1,1,1,1,1,1,2,1,1,1,1,1,1,1,1,1,1,1,1,1,1,1,1,1,1,1,1,1,1,1,1,1,1,1,1,1,1,1,1,1,1,1
Our Recovered Labels: 33,51,63,76,90,94,96,133,137,152,241,285,316,336,362,369,400,405,412,434,476,477,485,498,503,510,517,528,557,558,577,583,586,587,609,633,639,651,664,704,718,743,751,756,757,765,777,797,821,836,850,865,868,892,893,909,920,930,970,999 | LeAcc: 1.000
Our Recovered Num of Instances: 1,2,1,2,1,2,1,1,1,1,1,1,1,1,1,1,1,1,1,1,1,1,1,1,2,1,1,1,1,1,1,1,1,1,1,1,1,1,1,1,1,1,1,1,1,1,1,1,1,1,1,1,1,1,1,1,1,1,1,1 | LnAcc: 1.000 | IRec: 1.000
Start Experiment 50
start_id: 473947
***************************************************************
Ground-truth Labels: 0,3,17,57,71,72,77,80,100,116,177,238,257,262,265,293,327,358,363,368,377,384,390,401,409,421,434,435,436,473,501,521,522,525,548,572,621,668,681,697,699,721,724,726,727,745,756,777,808,811,817,826,858,896,897,899,914,925,926,955
Ground-truth Num of Instances: 3,1,1,1,1,1,1,1,1,1,1,1,1,1,1,1,1,1,1,1,1,2,1,1,1,1,1,1,1,1,1,1,1,1,1,1,1,1,1,1,2,1,1,1,1,1,1,1,1,1,1,1,1,1,1,1,1,1,1,1
Our Recovered Labels: 0,3,17,57,71,72,77,80,100,116,177,238,257,262,265,293,327,358,363,368,377,384,390,401,409,421,434,435,436,473,501,521,522,525,548,572,621,668,681,697,699,721,724,726,727,745,756,777,808,811,817,826,858,896,897,899,914,925,926,955 | LeAcc: 1.000
Our Recovered Num of Instances: 3,1,1,1,1,1,1,1,1,1,1,1,1,1,1,1,1,1,1,1,1,2,1,1,1,1,1,1,1,1,1,1,1,1,1,1,1,1,1,1,2,1,1,1,1,1,1,1,1,1,1,1,1,1,1,1,1,1,1,1 | LnAcc: 1.000 | IRec: 1.000
---------------------------------------------------------------
Mean Ours LeAcc: 1.000 | Mean Ours LnAcc: 1.000 | Mean Ours IRec: 1.000
