running experiments at 2022-11-13-15:18:04
	exp_name: train_stage
	cpu: False
	num_tries: 20
	num_images: 64
	seed: 12
	alpha: 1
	simplified: False
	compare: False
	estimate: False
	analysis: False
	ratio: 0.0
	data_path: data
	dataset: CIFAR100
	split: train
	distribution: random
	start_id: 0
	num_classes: 100
	num_uniform_cls: 32
	num_target_cls: 5
	max_size: 32
	model: vgg16
	trained_model: True
	iter_train: False
	iters: 1000
	epochs: 90
	batch_size: 128
	lr: 0.1
	optimizer: SGD
	scheduler: linear
	weight_decay: 0.0005
	warmup: False
	epoch_interval: 10
	iter_interval: 100
	mid_save: False
	model_path: models
	dryrun: False
	batchnorm: False
	dropout: False
	silu: False
	leaky_relu: False
	n_dim: 300
	n_hidden: 1
	defense: False
	defense_method: dp
	noise_std: 0.001
	clip_bound: 4
	sparse_ratio: 10
	prune_ratio: 10
	rec_img: False
	fix_labels: False
	gt_labels: False
	optim: ig
	restarts: 1
	cost_fn: sim
	indices: def
	weights: equal
	rec_lr: None
	rec_optimizer: adam
	signed: False
	boxed: False
	scoring_choice: loss
	init: randn
	tv: 1e-06
	l2: 1e-06
	max_iterations: 8000
	loss_thresh: 0.0001
	save_image: False
	log_dir: logs/train_stage
	image_dir: images/train_stage

Model loaded from file vgg16_CIFAR100_Epoch90.pth.
Start Experiment 1
start_id: 0
64/64, Acc for this batch: 1.000
***************************************************************
Ground-truth Labels: 1,2,3,5,7,9,10,16,26,27,29,30,35,39,41,42,44,46,49,51,52,54,55,56,57,64,66,71,72,73,76,78,80,82,83,84,85,86,87,88,90,93,94,98,99
Ground-truth Num of Instances: 1,2,4,1,1,3,2,1,1,1,1,1,1,1,2,2,2,1,1,1,1,1,1,1,1,1,1,1,3,1,2,1,1,2,2,2,3,1,1,1,1,1,1,2,1
Our Recovered Labels: 3,26,39,44,52,55,71,72,73,76,77,82,85,88 | LeAcc: 0.670
Our Recovered Num of Instances: 2,3,1,1,6,44,3,50,1,1,10,2,1,9 | LnAcc: 0.570 | IRec: 0.266
Start Experiment 2
start_id: 11879
64/64, Acc for this batch: 1.000
***************************************************************
Ground-truth Labels: 2,3,6,8,9,11,12,15,23,24,25,26,28,29,34,41,44,45,47,49,50,52,54,55,56,57,58,61,62,63,64,65,68,70,72,73,74,76,78,79,80,81,84,86,89,92,94,97,98
Ground-truth Num of Instances: 2,2,1,1,1,1,1,1,1,3,1,1,1,3,1,1,2,1,1,1,2,2,1,1,1,2,2,1,1,1,2,1,1,1,1,1,2,1,1,1,1,2,1,1,1,2,1,1,1
Our Recovered Labels: 8,12,24,25,41,50,52,56,57,58,61,62,65,81,97 | LeAcc: 0.660
Our Recovered Num of Instances: 1,2,3,12,30,24,1,1,3,2,5,10,2,3,1 | LnAcc: 0.560 | IRec: 0.328
Start Experiment 3
start_id: 44822
64/64, Acc for this batch: 1.000
***************************************************************
Ground-truth Labels: 1,4,5,7,9,12,13,14,16,18,20,23,25,26,27,28,30,31,32,38,40,42,45,48,53,54,55,56,57,58,60,64,65,66,68,71,73,79,80,81,82,85,86,87,88,89,91,95,96
Ground-truth Num of Instances: 1,1,1,1,2,2,1,1,3,2,1,1,1,1,1,1,1,2,2,1,1,1,2,1,1,1,2,2,3,1,1,2,1,1,1,1,3,1,1,1,1,1,1,1,1,1,1,1,1
Our Recovered Labels: 12,14,20,45,48,53,57,68,73,82,87,91,95 | LeAcc: 0.640
Our Recovered Num of Instances: 1,40,13,5,1,1,4,2,28,1,1,1,1 | LnAcc: 0.570 | IRec: 0.281
Start Experiment 4
start_id: 40061
64/64, Acc for this batch: 1.000
***************************************************************
Ground-truth Labels: 3,4,5,6,7,8,10,11,12,13,14,15,16,17,18,20,22,23,24,28,31,36,38,41,45,52,53,56,63,65,66,67,69,70,71,72,76,77,78,79,85,87,88,91,92,96,98,99
Ground-truth Num of Instances: 2,2,1,1,1,1,1,1,2,2,2,2,1,1,1,1,1,1,1,2,1,1,1,1,2,1,2,1,1,1,2,1,2,1,1,1,1,1,1,2,1,2,2,3,1,1,1,1
Our Recovered Labels: 3,5,7,8,10,11,12,14,18,20,23,28,45,52,53,56,63,77,87,98 | LeAcc: 0.720
Our Recovered Num of Instances: 1,4,17,2,1,1,4,13,2,2,1,17,14,1,2,15,5,1,9,2 | LnAcc: 0.580 | IRec: 0.406
Start Experiment 5
start_id: 23435
64/64, Acc for this batch: 1.000
***************************************************************
Ground-truth Labels: 0,1,2,4,10,11,15,16,17,19,22,23,26,29,31,34,36,41,44,46,48,52,56,57,58,60,61,62,65,67,68,70,72,73,74,76,77,79,80,81,83,84,85,86,87,90,91,93,97,98,99
Ground-truth Num of Instances: 1,4,1,1,1,2,1,1,1,1,1,2,1,1,1,1,1,1,1,2,1,1,1,2,1,1,1,1,1,2,2,1,2,1,1,1,1,1,1,1,1,1,2,2,1,1,1,2,1,1,1
Our Recovered Labels: 10,11,16,17,19,29,31,36,44,48,57,58,60,61,62,65,68,70,72,74,76,77,81,84,85,91,99 | LeAcc: 0.760
Our Recovered Num of Instances: 2,20,2,2,13,1,8,1,1,1,11,12,7,2,6,1,2,18,6,1,3,25,1,4,5,52,1 | LnAcc: 0.580 | IRec: 0.500
Start Experiment 6
start_id: 44349
63/64, Acc for this batch: 0.984
***************************************************************
Ground-truth Labels: 0,11,12,13,14,15,16,19,23,25,27,30,32,33,34,40,41,44,47,48,49,50,52,54,56,59,62,64,65,66,67,69,70,71,72,73,75,77,78,83,84,86,90,91,92,93,94,95,97,98
Ground-truth Num of Instances: 1,1,2,1,1,3,1,1,1,1,1,1,1,1,2,1,2,1,1,1,2,2,1,1,1,1,1,1,2,1,1,1,1,1,1,1,1,2,1,1,1,1,1,2,1,2,2,1,1,3
Our Recovered Labels: 0,13,25,41,47,52,64,70,71,73,77,84,86,94,95,97 | LeAcc: 0.660
Our Recovered Num of Instances: 1,1,1,2,2,1,4,3,1,1,5,9,1,1,2,7 | LnAcc: 0.580 | IRec: 0.281
Start Experiment 7
start_id: 40522
64/64, Acc for this batch: 1.000
***************************************************************
Ground-truth Labels: 0,1,3,4,6,9,10,13,15,16,17,22,25,27,28,29,32,33,34,35,36,37,38,48,50,51,59,60,61,62,63,65,67,69,70,72,73,76,80,81,83,87,89,91,94,97
Ground-truth Num of Instances: 1,3,3,1,1,1,2,1,2,1,1,1,2,1,1,1,1,1,2,1,1,1,1,1,2,1,1,1,2,1,1,2,2,3,2,1,2,2,1,1,1,1,1,1,2,1
Our Recovered Labels: 6,9,10,27,35,48,60,61,73,81,83,94,97 | LeAcc: 0.670
Our Recovered Num of Instances: 1,2,7,6,9,1,1,22,6,1,5,2,10 | LnAcc: 0.590 | IRec: 0.266
Start Experiment 8
start_id: 31266
64/64, Acc for this batch: 1.000
***************************************************************
Ground-truth Labels: 4,5,7,8,9,11,12,15,17,18,19,21,22,23,26,27,28,29,31,33,36,40,41,43,47,49,50,51,53,56,60,61,68,69,72,73,74,75,79,81,85,86,87,88,90,93,94,98,99
Ground-truth Num of Instances: 1,1,1,1,1,2,3,1,1,1,1,1,1,1,1,1,1,2,1,3,1,1,1,2,1,1,2,1,2,1,1,1,1,1,2,1,1,2,1,1,2,1,1,1,1,1,2,3,1
Our Recovered Labels: 8,9,17,22,29,43,47,51,69,72,74,75,90,94,98 | LeAcc: 0.660
Our Recovered Num of Instances: 2,17,1,8,7,24,1,2,1,2,3,2,1,3,1 | LnAcc: 0.570 | IRec: 0.312
Start Experiment 9
start_id: 12513
64/64, Acc for this batch: 1.000
***************************************************************
Ground-truth Labels: 3,4,7,10,14,17,18,21,23,26,30,32,34,36,38,39,40,43,44,45,46,47,48,49,50,52,53,54,58,59,60,63,64,69,73,74,75,76,77,78,79,87,88,89,90,92,93,96,98,99
Ground-truth Num of Instances: 3,1,1,1,1,2,2,1,1,1,2,1,2,1,1,1,2,1,1,1,1,1,1,1,1,1,1,1,1,2,1,1,1,3,3,2,1,1,1,1,2,1,1,1,1,1,1,1,1,1
Our Recovered Labels: 7,17,21,26,30,34,39,40,48,53,58,59,60,64,75,77,78,87,89 | LeAcc: 0.690
Our Recovered Num of Instances: 1,2,1,2,28,2,3,1,1,3,12,38,1,1,1,19,33,11,9 | LnAcc: 0.580 | IRec: 0.359
Start Experiment 10
start_id: 22311
63/64, Acc for this batch: 0.984
***************************************************************
Ground-truth Labels: 3,4,5,6,9,15,16,17,19,20,21,22,25,26,30,33,34,35,39,43,45,51,53,58,60,63,65,67,69,71,76,77,78,79,81,82,83,84,85,87,89,90,91,93,94,98,99
Ground-truth Num of Instances: 2,2,1,1,1,3,1,1,1,2,1,2,1,1,1,2,1,2,1,1,1,1,1,2,1,1,2,2,1,1,1,1,1,1,2,1,1,1,2,1,1,2,2,1,3,1,1
Our Recovered Labels: 4,15,16,17,19,20,21,30,34,35,39,51,53,58,60,63,65,76,81,82,94 | LeAcc: 0.740
Our Recovered Num of Instances: 3,7,1,8,3,2,1,1,1,5,38,1,1,4,1,3,3,1,2,1,4 | LnAcc: 0.640 | IRec: 0.484
Start Experiment 11
start_id: 25552
63/64, Acc for this batch: 0.984
***************************************************************
Ground-truth Labels: 2,4,5,6,9,11,12,16,22,23,24,26,29,31,33,34,35,36,38,39,40,43,45,47,51,53,55,56,61,62,63,64,66,67,70,71,73,74,77,80,81,88,91,94,95,97,98
Ground-truth Num of Instances: 1,4,1,1,1,1,1,1,2,1,1,2,2,1,2,1,1,2,1,5,1,1,2,1,1,2,2,1,1,1,1,1,1,1,2,1,1,1,1,1,2,1,1,1,1,1,1
Our Recovered Labels: 45,77 | LeAcc: 0.550
Our Recovered Num of Instances: 1,1 | LnAcc: 0.540 | IRec: 0.031
Start Experiment 12
start_id: 4099
64/64, Acc for this batch: 1.000
***************************************************************
Ground-truth Labels: 3,4,5,10,13,16,19,22,23,26,28,33,36,37,38,42,43,46,47,48,49,53,57,58,59,61,63,64,65,66,67,68,70,71,72,75,77,80,82,85,86,89,94,95,97,98,99
Ground-truth Num of Instances: 1,1,1,2,1,2,2,1,1,1,1,1,1,2,1,1,1,1,1,2,3,1,1,2,1,1,1,1,2,2,1,1,1,1,3,1,2,1,1,1,2,2,1,1,2,1,2
Our Recovered Labels: 4,13,19,23,28,47,48,57,61,68,70,75,77,82,85,94,97,98,99 | LeAcc: 0.720
Our Recovered Num of Instances: 1,16,2,12,3,1,2,1,11,3,7,2,7,3,1,1,2,1,2 | LnAcc: 0.630 | IRec: 0.375
Start Experiment 13
start_id: 23682
64/64, Acc for this batch: 1.000
***************************************************************
Ground-truth Labels: 2,3,9,10,11,12,13,16,17,18,20,21,24,25,27,29,30,31,33,35,38,42,43,44,47,51,54,55,56,57,59,61,62,64,65,69,70,71,74,76,77,83,84,88,92,94,96,99
Ground-truth Num of Instances: 2,3,1,1,1,1,1,1,2,1,1,2,1,1,1,2,1,1,1,1,1,1,1,2,3,1,1,3,1,1,1,1,1,1,1,1,1,2,3,2,1,1,1,1,1,1,1,2
Our Recovered Labels: 2,3,13,21,24,30,38,44,59,70,71,74,77,94,99 | LeAcc: 0.670
Our Recovered Num of Instances: 19,1,1,2,1,1,7,1,1,11,2,53,3,1,5 | LnAcc: 0.590 | IRec: 0.328
Start Experiment 14
start_id: 22289
64/64, Acc for this batch: 1.000
***************************************************************
Ground-truth Labels: 2,3,5,8,12,17,18,19,20,22,23,29,30,31,32,33,35,37,39,41,47,50,51,54,56,59,60,64,65,68,70,71,72,75,76,77,79,80,81,83,85,89,90,91,95,96,97,98
Ground-truth Num of Instances: 2,1,1,1,3,1,2,1,1,2,1,2,2,1,1,1,1,1,1,1,2,1,1,1,3,1,1,1,1,2,2,1,1,1,2,1,1,1,1,1,1,1,1,2,1,1,2,2
Our Recovered Labels: 3,12,37,41,56,65,68,72,75,76,77,83,85,91 | LeAcc: 0.660
Our Recovered Num of Instances: 1,5,1,1,24,1,18,1,2,1,2,1,4,1 | LnAcc: 0.580 | IRec: 0.297
Start Experiment 15
start_id: 9265
63/64, Acc for this batch: 0.984
***************************************************************
Ground-truth Labels: 0,4,6,15,20,21,23,24,26,28,31,32,34,36,40,43,46,47,48,52,53,54,55,57,58,59,60,61,64,66,68,69,70,72,75,77,79,80,81,83,84,85,86,87,88,90,91,93,94,96,98
Ground-truth Num of Instances: 1,1,1,1,2,1,1,1,1,1,1,1,1,1,1,2,1,2,2,1,1,2,1,1,1,2,1,1,4,1,1,2,1,1,1,1,1,1,1,1,1,1,1,1,1,1,1,1,1,2,3
Our Recovered Labels: 20,28,45,46,47,53,55,57,58,69,78,83,85,88,98 | LeAcc: 0.600
Our Recovered Num of Instances: 10,1,4,2,1,12,1,7,36,7,1,44,4,17,7 | LnAcc: 0.490 | IRec: 0.266
Start Experiment 16
start_id: 10245
64/64, Acc for this batch: 1.000
***************************************************************
Ground-truth Labels: 0,1,4,5,6,8,9,10,12,14,17,19,23,24,30,31,32,33,36,37,39,43,44,46,47,52,56,57,58,59,60,64,70,72,77,78,82,84,85,87,91,94,96,97,99
Ground-truth Num of Instances: 1,1,1,3,3,1,1,2,1,1,2,1,1,1,1,1,2,1,1,1,3,2,1,1,2,1,1,1,2,1,2,2,2,1,1,1,2,1,1,1,1,3,1,2,1
Our Recovered Labels: 1,5,10,17,39,52,58,60,82 | LeAcc: 0.640
Our Recovered Num of Instances: 1,1,1,5,24,2,1,1,1 | LnAcc: 0.560 | IRec: 0.188
Start Experiment 17
start_id: 26090
64/64, Acc for this batch: 1.000
***************************************************************
Ground-truth Labels: 0,1,2,3,4,12,15,20,22,25,30,31,32,33,34,36,37,38,39,40,42,45,48,53,54,56,57,59,61,62,63,65,66,67,68,69,71,75,82,83,85,86,87,90,95,96
Ground-truth Num of Instances: 1,2,1,2,1,1,2,1,1,1,1,1,1,1,2,1,1,2,1,2,1,2,2,2,1,1,2,3,3,1,1,1,2,1,1,2,1,1,1,1,1,1,2,2,1,1
Our Recovered Labels: 2,12,15,20,32,36,37,39,45,48,54,57,59,62,63,66,68,69,82,83,87 | LeAcc: 0.750
Our Recovered Num of Instances: 4,5,9,2,1,1,2,24,14,5,6,2,1,9,1,2,4,1,2,2,2 | LnAcc: 0.600 | IRec: 0.422
Start Experiment 18
start_id: 17447
63/64, Acc for this batch: 0.984
***************************************************************
Ground-truth Labels: 0,1,3,4,5,8,9,10,14,16,17,19,21,23,24,26,28,30,33,36,37,39,40,45,48,49,51,53,56,58,61,65,68,71,72,73,74,78,83,84,85,86,90,94,95,96,97,98,99
Ground-truth Num of Instances: 1,1,2,2,1,1,1,1,1,1,1,1,1,1,1,1,1,1,1,3,2,1,1,2,3,2,1,1,1,3,1,1,1,1,1,1,2,2,1,1,1,1,2,1,1,1,1,2,1
Our Recovered Labels: 8,39,97 | LeAcc: 0.540
Our Recovered Num of Instances: 1,1,1 | LnAcc: 0.540 | IRec: 0.047
Start Experiment 19
start_id: 17513
64/64, Acc for this batch: 1.000
***************************************************************
Ground-truth Labels: 0,2,4,5,7,8,11,12,17,18,21,25,27,29,30,33,35,36,38,41,43,45,50,52,53,58,59,60,61,67,69,72,73,75,77,79,83,85,87,88,89,92,94,98,99
Ground-truth Num of Instances: 3,1,1,2,1,3,1,2,1,1,1,1,1,1,3,1,2,2,2,1,1,1,2,1,1,1,1,1,1,1,1,1,2,1,1,2,1,2,1,1,1,4,2,1,1
Our Recovered Labels: 0,2,8,17,21,35,36,38,41,43,45,53,59,60,61,67,75,77,79,87,92,94,99 | LeAcc: 0.780
Our Recovered Num of Instances: 8,1,5,1,2,2,6,1,3,4,4,1,1,11,1,1,1,3,1,2,3,3,1 | LnAcc: 0.640 | IRec: 0.500
Start Experiment 20
start_id: 33262
64/64, Acc for this batch: 1.000
***************************************************************
Ground-truth Labels: 0,2,8,9,10,12,17,21,22,24,25,27,28,30,31,34,35,37,38,47,49,51,52,55,57,62,63,64,66,69,71,72,73,74,75,76,78,79,80,81,83,85,88,92,94,97,99
Ground-truth Num of Instances: 1,1,1,1,2,1,1,2,1,1,1,1,2,2,2,2,1,1,1,2,1,1,1,1,1,1,1,1,2,1,1,1,1,1,2,2,1,1,1,1,2,3,2,1,1,3,2
Our Recovered Labels: 8,10,17,21,24,34,35,47,64,72,73,74,75,76,81,83,85,88,94,97 | LeAcc: 0.730
Our Recovered Num of Instances: 17,5,1,16,1,8,1,1,3,1,1,2,2,5,9,1,4,1,12,1 | LnAcc: 0.590 | IRec: 0.422
---------------------------------------------------------------
Mean Ours LeAcc: 0.675 | Mean Ours LnAcc: 0.579 | Mean Ours IRec: 0.318
