running experiments at 2022-11-13-15:11:38
	exp_name: train_stage
	cpu: False
	num_tries: 20
	num_images: 64
	seed: 12
	alpha: 1
	simplified: False
	compare: False
	estimate: False
	analysis: False
	ratio: 0.0
	data_path: data
	dataset: CIFAR100
	split: train
	distribution: random
	start_id: 0
	num_classes: 100
	num_uniform_cls: 32
	num_target_cls: 5
	max_size: 32
	model: vgg16
	trained_model: True
	iter_train: False
	iters: 1000
	epochs: 30
	batch_size: 128
	lr: 0.1
	optimizer: SGD
	scheduler: linear
	weight_decay: 0.0005
	warmup: False
	epoch_interval: 10
	iter_interval: 100
	mid_save: False
	model_path: models
	dryrun: False
	batchnorm: False
	dropout: False
	silu: False
	leaky_relu: False
	n_dim: 300
	n_hidden: 1
	defense: False
	defense_method: dp
	noise_std: 0.001
	clip_bound: 4
	sparse_ratio: 10
	prune_ratio: 10
	rec_img: False
	fix_labels: False
	gt_labels: False
	optim: ig
	restarts: 1
	cost_fn: sim
	indices: def
	weights: equal
	rec_lr: None
	rec_optimizer: adam
	signed: False
	boxed: False
	scoring_choice: loss
	init: randn
	tv: 1e-06
	l2: 1e-06
	max_iterations: 8000
	loss_thresh: 0.0001
	save_image: False
	log_dir: logs/train_stage
	image_dir: images/train_stage

Model loaded from file vgg16_CIFAR100_Epoch30.pth.
Start Experiment 1
start_id: 0
36/64, Acc for this batch: 0.562
***************************************************************
Ground-truth Labels: 1,2,3,5,7,9,10,16,26,27,29,30,35,39,41,42,44,46,49,51,52,54,55,56,57,64,66,71,72,73,76,78,80,82,83,84,85,86,87,88,90,93,94,98,99
Ground-truth Num of Instances: 1,2,4,1,1,3,2,1,1,1,1,1,1,1,2,2,2,1,1,1,1,1,1,1,1,1,1,1,3,1,2,1,1,2,2,2,3,1,1,1,1,1,1,2,1
Our Recovered Labels: 1,2,3,5,9,10,26,27,35,41,44,49,58,64,66,71,72,73,76,78,83,84,85,86,90,93,94,98 | LeAcc: 0.810
Our Recovered Num of Instances: 1,2,3,25,1,1,1,3,1,1,1,1,6,1,1,1,3,2,2,1,2,1,5,1,1,1,1,2 | LnAcc: 0.710 | IRec: 0.578
Start Experiment 2
start_id: 11879
42/64, Acc for this batch: 0.656
***************************************************************
Ground-truth Labels: 2,3,6,8,9,11,12,15,23,24,25,26,28,29,34,41,44,45,47,49,50,52,54,55,56,57,58,61,62,63,64,65,68,70,72,73,74,76,78,79,80,81,84,86,89,92,94,97,98
Ground-truth Num of Instances: 2,2,1,1,1,1,1,1,1,3,1,1,1,3,1,1,2,1,1,1,2,2,1,1,1,2,2,1,1,1,2,1,1,1,1,1,2,1,1,1,1,2,1,1,1,2,1,1,1
Our Recovered Labels: 2,3,6,9,12,23,24,26,28,29,34,44,45,49,61,63,72,74,76,78,79,81,89,92,94,97,98 | LeAcc: 0.780
Our Recovered Num of Instances: 1,2,3,2,1,2,2,1,1,1,1,2,1,1,18,1,1,1,1,1,1,2,4,2,1,1,1 | LnAcc: 0.690 | IRec: 0.500
Start Experiment 3
start_id: 44822
40/64, Acc for this batch: 0.625
***************************************************************
Ground-truth Labels: 1,4,5,7,9,12,13,14,16,18,20,23,25,26,27,28,30,31,32,38,40,42,45,48,53,54,55,56,57,58,60,64,65,66,68,71,73,79,80,81,82,85,86,87,88,89,91,95,96
Ground-truth Num of Instances: 1,1,1,1,2,2,1,1,3,2,1,1,1,1,1,1,1,2,2,1,1,1,2,1,1,1,2,2,3,1,1,2,1,1,1,1,3,1,1,1,1,1,1,1,1,1,1,1,1
Our Recovered Labels: 7,12,13,16,18,20,23,28,31,38,45,54,57,60,71,73,81,87,88,95 | LeAcc: 0.710
Our Recovered Num of Instances: 1,1,1,2,2,15,1,1,2,1,2,1,3,1,1,2,1,1,1,2 | LnAcc: 0.660 | IRec: 0.422
Start Experiment 4
start_id: 40061
37/64, Acc for this batch: 0.578
***************************************************************
Ground-truth Labels: 3,4,5,6,7,8,10,11,12,13,14,15,16,17,18,20,22,23,24,28,31,36,38,41,45,52,53,56,63,65,66,67,69,70,71,72,76,77,78,79,85,87,88,91,92,96,98,99
Ground-truth Num of Instances: 2,2,1,1,1,1,1,1,2,2,2,2,1,1,1,1,1,1,1,2,1,1,1,1,2,1,2,1,1,1,2,1,2,1,1,1,1,1,1,2,1,2,2,3,1,1,1,1
Our Recovered Labels: 3,5,6,8,12,13,16,18,23,28,31,45,53,70,71,76,77,79,85,87,88,91,96,98 | LeAcc: 0.760
Our Recovered Num of Instances: 1,1,1,1,1,1,1,1,1,4,1,1,1,1,1,1,1,1,1,1,1,1,1,1 | LnAcc: 0.660 | IRec: 0.391
Start Experiment 5
start_id: 23435
35/64, Acc for this batch: 0.547
***************************************************************
Ground-truth Labels: 0,1,2,4,10,11,15,16,17,19,22,23,26,29,31,34,36,41,44,46,48,52,56,57,58,60,61,62,65,67,68,70,72,73,74,76,77,79,80,81,83,84,85,86,87,90,91,93,97,98,99
Ground-truth Num of Instances: 1,4,1,1,1,2,1,1,1,1,1,2,1,1,1,1,1,1,1,2,1,1,1,2,1,1,1,1,1,2,2,1,2,1,1,1,1,1,1,1,1,1,2,2,1,1,1,2,1,1,1
Our Recovered Labels: 0,1,4,10,11,15,16,19,22,23,26,29,30,31,32,34,36,41,44,46,52,57,60,61,67,68,72,73,74,76,77,79,81,83,84,85,86,90,93,97,98,99 | LeAcc: 0.870
Our Recovered Num of Instances: 2,3,1,1,1,1,1,1,1,2,1,1,1,1,1,1,1,1,1,1,1,2,30,1,1,1,2,1,1,1,1,1,2,1,1,2,1,1,2,1,1,1 | LnAcc: 0.780 | IRec: 0.734
Start Experiment 6
start_id: 44349
36/64, Acc for this batch: 0.562
***************************************************************
Ground-truth Labels: 0,11,12,13,14,15,16,19,23,25,27,30,32,33,34,40,41,44,47,48,49,50,52,54,56,59,62,64,65,66,67,69,70,71,72,73,75,77,78,83,84,86,90,91,92,93,94,95,97,98
Ground-truth Num of Instances: 1,1,2,1,1,3,1,1,1,1,1,1,1,1,2,1,2,1,1,1,2,2,1,1,1,1,1,1,2,1,1,1,1,1,1,1,1,2,1,1,1,1,1,2,1,2,2,1,1,3
Our Recovered Labels: 12,13,14,15,17,19,23,25,33,34,40,41,49,65,69,71,72,73,77,78,84,86,93,94,95,97,98 | LeAcc: 0.750
Our Recovered Num of Instances: 60,1,1,1,1,1,1,1,1,2,9,1,2,1,1,1,1,1,2,1,1,1,1,4,1,1,2 | LnAcc: 0.670 | IRec: 0.500
Start Experiment 7
start_id: 40522
34/64, Acc for this batch: 0.531
***************************************************************
Ground-truth Labels: 0,1,3,4,6,9,10,13,15,16,17,22,25,27,28,29,32,33,34,35,36,37,38,48,50,51,59,60,61,62,63,65,67,69,70,72,73,76,80,81,83,87,89,91,94,97
Ground-truth Num of Instances: 1,3,3,1,1,1,2,1,2,1,1,1,2,1,1,1,1,1,2,1,1,1,1,1,2,1,1,1,2,1,1,2,2,3,2,1,2,2,1,1,1,1,1,1,2,1
Our Recovered Labels: 0,3,4,6,9,10,16,25,27,28,29,33,34,35,36,37,38,50,51,54,59,60,61,63,67,69,70,72,73,76,83,94,97 | LeAcc: 0.850
Our Recovered Num of Instances: 1,3,1,1,1,1,1,2,1,1,1,1,2,1,1,1,1,1,1,1,1,37,3,1,1,1,1,1,2,2,1,2,1 | LnAcc: 0.780 | IRec: 0.625
Start Experiment 8
start_id: 31266
36/64, Acc for this batch: 0.562
***************************************************************
Ground-truth Labels: 4,5,7,8,9,11,12,15,17,18,19,21,22,23,26,27,28,29,31,33,36,40,41,43,47,49,50,51,53,56,60,61,68,69,72,73,74,75,79,81,85,86,87,88,90,93,94,98,99
Ground-truth Num of Instances: 1,1,1,1,1,2,3,1,1,1,1,1,1,1,1,1,1,2,1,3,1,1,1,2,1,1,2,1,2,1,1,1,1,1,2,1,1,2,1,1,2,1,1,1,1,1,2,3,1
Our Recovered Labels: 4,5,7,11,12,18,19,23,26,27,31,33,43,47,51,53,56,57,60,61,72,73,74,81,85,86,88,93,94,98 | LeAcc: 0.790
Our Recovered Num of Instances: 1,16,1,1,3,1,1,1,2,1,1,2,2,1,1,1,3,1,11,1,2,1,1,1,9,1,1,1,1,3 | LnAcc: 0.700 | IRec: 0.578
Start Experiment 9
start_id: 12513
33/64, Acc for this batch: 0.516
***************************************************************
Ground-truth Labels: 3,4,7,10,14,17,18,21,23,26,30,32,34,36,38,39,40,43,44,45,46,47,48,49,50,52,53,54,58,59,60,63,64,69,73,74,75,76,77,78,79,87,88,89,90,92,93,96,98,99
Ground-truth Num of Instances: 3,1,1,1,1,2,2,1,1,1,2,1,2,1,1,1,2,1,1,1,1,1,1,1,1,1,1,1,1,2,1,1,1,3,3,2,1,1,1,1,2,1,1,1,1,1,1,1,1,1
Our Recovered Labels: 3,17,18,23,30,34,40,45,53,54,60,73,74,76,78,79,87,89,92 | LeAcc: 0.690
Our Recovered Num of Instances: 1,3,1,1,2,1,1,1,1,3,1,2,1,1,1,2,1,1,1 | LnAcc: 0.610 | IRec: 0.359
Start Experiment 10
start_id: 22311
40/64, Acc for this batch: 0.625
***************************************************************
Ground-truth Labels: 3,4,5,6,9,15,16,17,19,20,21,22,25,26,30,33,34,35,39,43,45,51,53,58,60,63,65,67,69,71,76,77,78,79,81,82,83,84,85,87,89,90,91,93,94,98,99
Ground-truth Num of Instances: 2,2,1,1,1,3,1,1,1,2,1,2,1,1,1,2,1,2,1,1,1,1,1,2,1,1,2,2,1,1,1,1,1,1,2,1,1,1,2,1,1,2,2,1,3,1,1
Our Recovered Labels: 2,3,4,6,9,11,16,17,20,21,22,24,26,30,33,34,35,39,43,45,46,51,53,55,60,63,65,66,67,71,76,77,78,79,81,85,86,91,93,94,98 | LeAcc: 0.800
Our Recovered Num of Instances: 1,2,2,1,5,1,8,2,2,1,1,1,1,1,2,1,3,2,1,2,1,2,1,1,1,1,2,1,1,1,1,1,1,1,2,3,1,2,1,2,1 | LnAcc: 0.690 | IRec: 0.688
Start Experiment 11
start_id: 25552
30/64, Acc for this batch: 0.469
***************************************************************
Ground-truth Labels: 2,4,5,6,9,11,12,16,22,23,24,26,29,31,33,34,35,36,38,39,40,43,45,47,51,53,55,56,61,62,63,64,66,67,70,71,73,74,77,80,81,88,91,94,95,97,98
Ground-truth Num of Instances: 1,4,1,1,1,1,1,1,2,1,1,2,2,1,2,1,1,2,1,5,1,1,2,1,1,2,2,1,1,1,1,1,1,1,2,1,1,1,1,1,2,1,1,1,1,1,1
Our Recovered Labels: 4,12,22,23,26,29,31,33,34,35,36,39,40,43,45,47,53,55,56,63,66,71,73,77,81,88,91,94,97,98 | LeAcc: 0.830
Our Recovered Num of Instances: 3,1,1,1,2,1,1,2,1,1,1,2,1,64,2,1,3,1,1,4,1,1,1,1,2,1,1,1,1,1 | LnAcc: 0.740 | IRec: 0.594
Start Experiment 12
start_id: 4099
35/64, Acc for this batch: 0.547
***************************************************************
Ground-truth Labels: 3,4,5,10,13,16,19,22,23,26,28,33,36,37,38,42,43,46,47,48,49,53,57,58,59,61,63,64,65,66,67,68,70,71,72,75,77,80,82,85,86,89,94,95,97,98,99
Ground-truth Num of Instances: 1,1,1,2,1,2,2,1,1,1,1,1,1,2,1,1,1,1,1,2,3,1,1,2,1,1,1,1,2,2,1,1,1,1,3,1,2,1,1,1,2,2,1,1,2,1,2
Our Recovered Labels: 3,10,16,19,23,26,28,33,38,43,47,49,53,57,61,65,70,71,72,77,85,86,89,94,97,98,99 | LeAcc: 0.800
Our Recovered Num of Instances: 1,1,1,1,1,1,1,1,1,1,1,3,1,1,1,1,1,1,2,2,1,2,1,1,1,1,1 | LnAcc: 0.720 | IRec: 0.500
Start Experiment 13
start_id: 23682
23/64, Acc for this batch: 0.359
***************************************************************
Ground-truth Labels: 2,3,9,10,11,12,13,16,17,18,20,21,24,25,27,29,30,31,33,35,38,42,43,44,47,51,54,55,56,57,59,61,62,64,65,69,70,71,74,76,77,83,84,88,92,94,96,99
Ground-truth Num of Instances: 2,3,1,1,1,1,1,1,2,1,1,2,1,1,1,2,1,1,1,1,1,1,1,2,3,1,1,3,1,1,1,1,1,1,1,1,1,2,3,2,1,1,1,1,1,1,1,2
Our Recovered Labels: 3,10,12,17,21,33,43,44,47,61,71,76,83,84,88,94,99 | LeAcc: 0.690
Our Recovered Num of Instances: 1,1,1,1,1,1,1,1,2,1,2,2,1,1,1,1,1 | LnAcc: 0.630 | IRec: 0.312
Start Experiment 14
start_id: 22289
36/64, Acc for this batch: 0.562
***************************************************************
Ground-truth Labels: 2,3,5,8,12,17,18,19,20,22,23,29,30,31,32,33,35,37,39,41,47,50,51,54,56,59,60,64,65,68,70,71,72,75,76,77,79,80,81,83,85,89,90,91,95,96,97,98
Ground-truth Num of Instances: 2,1,1,1,3,1,2,1,1,2,1,2,2,1,1,1,1,1,1,1,2,1,1,1,3,1,1,1,1,2,2,1,1,1,2,1,1,1,1,1,1,1,1,2,1,1,2,2
Our Recovered Labels: 2,3,8,12,17,18,22,29,30,31,33,39,47,51,54,56,70,71,76,79,80,81,83,85,91,96,97,98 | LeAcc: 0.800
Our Recovered Num of Instances: 1,1,1,2,2,3,2,1,1,1,1,1,2,1,1,1,1,2,2,1,1,1,1,8,2,1,2,2 | LnAcc: 0.700 | IRec: 0.562
Start Experiment 15
start_id: 9265
40/64, Acc for this batch: 0.625
***************************************************************
Ground-truth Labels: 0,4,6,15,20,21,23,24,26,28,31,32,34,36,40,43,46,47,48,52,53,54,55,57,58,59,60,61,64,66,68,69,70,72,75,77,79,80,81,83,84,85,86,87,88,90,91,93,94,96,98
Ground-truth Num of Instances: 1,1,1,1,2,1,1,1,1,1,1,1,1,1,1,2,1,2,2,1,1,2,1,1,1,2,1,1,4,1,1,2,1,1,1,1,1,1,1,1,1,1,1,1,1,1,1,1,1,2,3
Our Recovered Labels: 0,20,23,26,28,31,34,36,43,47,48,57,60,69,70,81,83,84,85,86,88,96,98 | LeAcc: 0.720
Our Recovered Num of Instances: 1,1,1,1,1,1,1,1,2,1,1,1,1,3,1,1,1,1,1,1,1,1,2 | LnAcc: 0.660 | IRec: 0.406
Start Experiment 16
start_id: 10245
36/64, Acc for this batch: 0.562
***************************************************************
Ground-truth Labels: 0,1,4,5,6,8,9,10,12,14,17,19,23,24,30,31,32,33,36,37,39,43,44,46,47,52,56,57,58,59,60,64,70,72,77,78,82,84,85,87,91,94,96,97,99
Ground-truth Num of Instances: 1,1,1,3,3,1,1,2,1,1,2,1,1,1,1,1,2,1,1,1,3,2,1,1,2,1,1,1,2,1,2,2,2,1,1,1,2,1,1,1,1,3,1,2,1
Our Recovered Labels: 0,5,6,8,10,12,14,19,23,24,31,32,33,36,37,39,43,46,52,59,60,70,72,78,91,94,97,99 | LeAcc: 0.830
Our Recovered Num of Instances: 1,3,1,1,3,1,1,1,1,1,1,1,1,1,1,2,1,1,1,1,1,2,1,1,62,1,2,1 | LnAcc: 0.750 | IRec: 0.531
Start Experiment 17
start_id: 26090
36/64, Acc for this batch: 0.562
***************************************************************
Ground-truth Labels: 0,1,2,3,4,12,15,20,22,25,30,31,32,33,34,36,37,38,39,40,42,45,48,53,54,56,57,59,61,62,63,65,66,67,68,69,71,75,82,83,85,86,87,90,95,96
Ground-truth Num of Instances: 1,2,1,2,1,1,2,1,1,1,1,1,1,1,2,1,1,2,1,2,1,2,2,2,1,1,2,3,3,1,1,1,2,1,1,2,1,1,1,1,1,1,2,2,1,1
Our Recovered Labels: 12,33,34,38,39,40,45,57,59,61,62,69,71 | LeAcc: 0.670
Our Recovered Num of Instances: 1,1,1,1,1,1,1,1,1,2,1,1,1 | LnAcc: 0.590 | IRec: 0.219
Start Experiment 18
start_id: 17447
39/64, Acc for this batch: 0.609
***************************************************************
Ground-truth Labels: 0,1,3,4,5,8,9,10,14,16,17,19,21,23,24,26,28,30,33,36,37,39,40,45,48,49,51,53,56,58,61,65,68,71,72,73,74,78,83,84,85,86,90,94,95,96,97,98,99
Ground-truth Num of Instances: 1,1,2,2,1,1,1,1,1,1,1,1,1,1,1,1,1,1,1,3,2,1,1,2,3,2,1,1,1,3,1,1,1,1,1,1,2,2,1,1,1,1,2,1,1,1,1,2,1
Our Recovered Labels: 1,3,4,5,7,14,17,19,23,24,26,33,36,37,40,45,48,49,53,58,61,71,74,78,83,84,86,90,94,96,97,98,99 | LeAcc: 0.820
Our Recovered Num of Instances: 1,1,1,1,1,1,1,1,1,3,1,1,2,1,1,2,1,2,1,5,32,1,1,3,1,1,1,56,4,1,1,1,4 | LnAcc: 0.680 | IRec: 0.609
Start Experiment 19
start_id: 17513
40/64, Acc for this batch: 0.625
***************************************************************
Ground-truth Labels: 0,2,4,5,7,8,11,12,17,18,21,25,27,29,30,33,35,36,38,41,43,45,50,52,53,58,59,60,61,67,69,72,73,75,77,79,83,85,87,88,89,92,94,98,99
Ground-truth Num of Instances: 3,1,1,2,1,3,1,2,1,1,1,1,1,1,3,1,2,2,2,1,1,1,2,1,1,1,1,1,1,1,1,1,2,1,1,2,1,2,1,1,1,4,2,1,1
Our Recovered Labels: 0,2,8,11,12,17,21,27,30,35,36,38,41,45,48,53,58,60,61,72,73,77,79,83,85,87,88,89,92,94,98 | LeAcc: 0.840
Our Recovered Num of Instances: 1,1,2,1,1,1,1,1,1,2,1,2,3,1,2,1,30,1,1,1,1,1,1,1,4,4,1,5,4,1,1 | LnAcc: 0.710 | IRec: 0.578
Start Experiment 20
start_id: 33262
40/64, Acc for this batch: 0.625
***************************************************************
Ground-truth Labels: 0,2,8,9,10,12,17,21,22,24,25,27,28,30,31,34,35,37,38,47,49,51,52,55,57,62,63,64,66,69,71,72,73,74,75,76,78,79,80,81,83,85,88,92,94,97,99
Ground-truth Num of Instances: 1,1,1,1,2,1,1,2,1,1,1,1,2,2,2,2,1,1,1,2,1,1,1,1,1,1,1,1,2,1,1,1,1,1,2,2,1,1,1,1,2,3,2,1,1,3,2
Our Recovered Labels: 2,10,12,15,21,27,28,31,34,35,38,47,49,52,54,55,57,59,62,63,66,69,70,71,72,73,74,75,76,78,79,82,83,85,92,94,96,97,99 | LeAcc: 0.800
Our Recovered Num of Instances: 1,2,1,1,1,1,2,2,2,1,1,14,1,6,33,1,1,2,2,1,1,1,3,1,1,1,2,1,2,1,1,2,2,1,2,3,12,3,1 | LnAcc: 0.690 | IRec: 0.656
---------------------------------------------------------------
Mean Ours LeAcc: 0.781 | Mean Ours LnAcc: 0.691 | Mean Ours IRec: 0.517
