running experiments at 2022-11-13-15:14:46
	exp_name: train_stage
	cpu: False
	num_tries: 20
	num_images: 64
	seed: 12
	alpha: 1
	simplified: False
	compare: False
	estimate: False
	analysis: False
	ratio: 0.0
	data_path: data
	dataset: CIFAR100
	split: train
	distribution: random
	start_id: 0
	num_classes: 100
	num_uniform_cls: 32
	num_target_cls: 5
	max_size: 32
	model: vgg16
	trained_model: True
	iter_train: False
	iters: 1000
	epochs: 60
	batch_size: 128
	lr: 0.1
	optimizer: SGD
	scheduler: linear
	weight_decay: 0.0005
	warmup: False
	epoch_interval: 10
	iter_interval: 100
	mid_save: False
	model_path: models
	dryrun: False
	batchnorm: False
	dropout: False
	silu: False
	leaky_relu: False
	n_dim: 300
	n_hidden: 1
	defense: False
	defense_method: dp
	noise_std: 0.001
	clip_bound: 4
	sparse_ratio: 10
	prune_ratio: 10
	rec_img: False
	fix_labels: False
	gt_labels: False
	optim: ig
	restarts: 1
	cost_fn: sim
	indices: def
	weights: equal
	rec_lr: None
	rec_optimizer: adam
	signed: False
	boxed: False
	scoring_choice: loss
	init: randn
	tv: 1e-06
	l2: 1e-06
	max_iterations: 8000
	loss_thresh: 0.0001
	save_image: False
	log_dir: logs/train_stage
	image_dir: images/train_stage

Model loaded from file vgg16_CIFAR100_Epoch60.pth.
Start Experiment 1
start_id: 0
55/64, Acc for this batch: 0.859
***************************************************************
Ground-truth Labels: 1,2,3,5,7,9,10,16,26,27,29,30,35,39,41,42,44,46,49,51,52,54,55,56,57,64,66,71,72,73,76,78,80,82,83,84,85,86,87,88,90,93,94,98,99
Ground-truth Num of Instances: 1,2,4,1,1,3,2,1,1,1,1,1,1,1,2,2,2,1,1,1,1,1,1,1,1,1,1,1,3,1,2,1,1,2,2,2,3,1,1,1,1,1,1,2,1
Our Recovered Labels: 2,3,9,10,16,17,31,44,47,52,56,57,61,64,71,72,76,83,84,85,86,90,93,94 | LeAcc: 0.710
Our Recovered Num of Instances: 1,3,2,1,1,1,3,1,1,3,6,1,1,1,6,2,18,3,2,1,2,33,3,13 | LnAcc: 0.550 | IRec: 0.422
Start Experiment 2
start_id: 11879
53/64, Acc for this batch: 0.828
***************************************************************
Ground-truth Labels: 2,3,6,8,9,11,12,15,23,24,25,26,28,29,34,41,44,45,47,49,50,52,54,55,56,57,58,61,62,63,64,65,68,70,72,73,74,76,78,79,80,81,84,86,89,92,94,97,98
Ground-truth Num of Instances: 2,2,1,1,1,1,1,1,1,3,1,1,1,3,1,1,2,1,1,1,2,2,1,1,1,2,2,1,1,1,2,1,1,1,1,1,2,1,1,1,1,2,1,1,1,2,1,1,1
Our Recovered Labels: 2,3,4,7,9,11,12,13,15,18,25,26,34,44,45,47,50,52,55,56,58,61,62,63,64,65,73,74,76,79,80,81,94,98,99 | LeAcc: 0.760
Our Recovered Num of Instances: 9,3,1,1,1,1,3,3,3,8,6,14,5,13,2,2,2,3,1,3,1,4,1,1,4,2,1,4,2,2,7,2,1,2,5 | LnAcc: 0.550 | IRec: 0.594
Start Experiment 3
start_id: 44822
54/64, Acc for this batch: 0.844
***************************************************************
Ground-truth Labels: 1,4,5,7,9,12,13,14,16,18,20,23,25,26,27,28,30,31,32,38,40,42,45,48,53,54,55,56,57,58,60,64,65,66,68,71,73,79,80,81,82,85,86,87,88,89,91,95,96
Ground-truth Num of Instances: 1,1,1,1,2,2,1,1,3,2,1,1,1,1,1,1,1,2,2,1,1,1,2,1,1,1,2,2,3,1,1,2,1,1,1,1,3,1,1,1,1,1,1,1,1,1,1,1,1
Our Recovered Labels: 4,7,12,20,55,73,87 | LeAcc: 0.580
Our Recovered Num of Instances: 1,1,1,6,1,3,1 | LnAcc: 0.550 | IRec: 0.141
Start Experiment 4
start_id: 40061
53/64, Acc for this batch: 0.828
***************************************************************
Ground-truth Labels: 3,4,5,6,7,8,10,11,12,13,14,15,16,17,18,20,22,23,24,28,31,36,38,41,45,52,53,56,63,65,66,67,69,70,71,72,76,77,78,79,85,87,88,91,92,96,98,99
Ground-truth Num of Instances: 2,2,1,1,1,1,1,1,2,2,2,2,1,1,1,1,1,1,1,2,1,1,1,1,2,1,2,1,1,1,2,1,2,1,1,1,1,1,1,2,1,2,2,3,1,1,1,1
Our Recovered Labels: 3,4,5,7,10,11,12,14,16,20,22,23,24,33,38,41,47,52,53,56,59,65,72,77,79,85,91,92,96,98 | LeAcc: 0.760
Our Recovered Num of Instances: 1,8,1,1,1,1,1,1,1,2,1,1,1,6,2,2,19,4,2,1,10,1,1,1,1,2,1,9,27,1 | LnAcc: 0.630 | IRec: 0.453
Start Experiment 5
start_id: 23435
55/64, Acc for this batch: 0.859
***************************************************************
Ground-truth Labels: 0,1,2,4,10,11,15,16,17,19,22,23,26,29,31,34,36,41,44,46,48,52,56,57,58,60,61,62,65,67,68,70,72,73,74,76,77,79,80,81,83,84,85,86,87,90,91,93,97,98,99
Ground-truth Num of Instances: 1,4,1,1,1,2,1,1,1,1,1,2,1,1,1,1,1,1,1,2,1,1,1,2,1,1,1,1,1,2,2,1,2,1,1,1,1,1,1,1,1,1,2,2,1,1,1,2,1,1,1
Our Recovered Labels: 1,10,16,22,29,46,57,72,73,74,85,90,91,93 | LeAcc: 0.630
Our Recovered Num of Instances: 1,1,1,1,1,1,1,2,1,1,1,1,3,2 | LnAcc: 0.580 | IRec: 0.250
Start Experiment 6
start_id: 44349
57/64, Acc for this batch: 0.891
***************************************************************
Ground-truth Labels: 0,11,12,13,14,15,16,19,23,25,27,30,32,33,34,40,41,44,47,48,49,50,52,54,56,59,62,64,65,66,67,69,70,71,72,73,75,77,78,83,84,86,90,91,92,93,94,95,97,98
Ground-truth Num of Instances: 1,1,2,1,1,3,1,1,1,1,1,1,1,1,2,1,2,1,1,1,2,2,1,1,1,1,1,1,2,1,1,1,1,1,1,1,1,2,1,1,1,1,1,2,1,2,2,1,1,3
Our Recovered Labels: 12,15,23,25,27,36,44,50,56,64,66,67,70,71,73,77,84,86,91,92,97 | LeAcc: 0.690
Our Recovered Num of Instances: 1,26,1,1,3,1,1,4,1,1,1,1,1,1,1,1,2,1,56,1,3 | LnAcc: 0.610 | IRec: 0.375
Start Experiment 7
start_id: 40522
55/64, Acc for this batch: 0.859
***************************************************************
Ground-truth Labels: 0,1,3,4,6,9,10,13,15,16,17,22,25,27,28,29,32,33,34,35,36,37,38,48,50,51,59,60,61,62,63,65,67,69,70,72,73,76,80,81,83,87,89,91,94,97
Ground-truth Num of Instances: 1,3,3,1,1,1,2,1,2,1,1,1,2,1,1,1,1,1,2,1,1,1,1,1,2,1,1,1,2,1,1,2,2,3,2,1,2,2,1,1,1,1,1,1,2,1
Our Recovered Labels: 8,9,10,25,27,37,67,69,73 | LeAcc: 0.610
Our Recovered Num of Instances: 1,1,2,6,1,1,1,1,2 | LnAcc: 0.580 | IRec: 0.172
Start Experiment 8
start_id: 31266
55/64, Acc for this batch: 0.859
***************************************************************
Ground-truth Labels: 4,5,7,8,9,11,12,15,17,18,19,21,22,23,26,27,28,29,31,33,36,40,41,43,47,49,50,51,53,56,60,61,68,69,72,73,74,75,79,81,85,86,87,88,90,93,94,98,99
Ground-truth Num of Instances: 1,1,1,1,1,2,3,1,1,1,1,1,1,1,1,1,1,2,1,3,1,1,1,2,1,1,2,1,2,1,1,1,1,1,2,1,1,2,1,1,2,1,1,1,1,1,2,3,1
Our Recovered Labels: 5,8,12,21,43,47,51,53,56,72,73,85,86,87,90,93,94,98,99 | LeAcc: 0.700
Our Recovered Num of Instances: 57,1,1,5,3,1,1,1,2,1,1,5,1,1,1,1,57,1,2 | LnAcc: 0.590 | IRec: 0.344
Start Experiment 9
start_id: 12513
58/64, Acc for this batch: 0.906
***************************************************************
Ground-truth Labels: 3,4,7,10,14,17,18,21,23,26,30,32,34,36,38,39,40,43,44,45,46,47,48,49,50,52,53,54,58,59,60,63,64,69,73,74,75,76,77,78,79,87,88,89,90,92,93,96,98,99
Ground-truth Num of Instances: 3,1,1,1,1,2,2,1,1,1,2,1,2,1,1,1,2,1,1,1,1,1,1,1,1,1,1,1,1,2,1,1,1,3,3,2,1,1,1,1,2,1,1,1,1,1,1,1,1,1
Our Recovered Labels: 10,21,30,32,40,46,53,61,74,75,87,89,98 | LeAcc: 0.610
Our Recovered Num of Instances: 59,3,2,1,4,1,1,1,2,2,1,1,2 | LnAcc: 0.560 | IRec: 0.234
Start Experiment 10
start_id: 22311
58/64, Acc for this batch: 0.906
***************************************************************
Ground-truth Labels: 3,4,5,6,9,15,16,17,19,20,21,22,25,26,30,33,34,35,39,43,45,51,53,58,60,63,65,67,69,71,76,77,78,79,81,82,83,84,85,87,89,90,91,93,94,98,99
Ground-truth Num of Instances: 2,2,1,1,1,3,1,1,1,2,1,2,1,1,1,2,1,2,1,1,1,1,1,2,1,1,2,2,1,1,1,1,1,1,2,1,1,1,2,1,1,2,2,1,3,1,1
Our Recovered Labels: 3,4,13,20,21,22,30,35,51,53,58,65,67,71,79,85,87,91,94 | LeAcc: 0.700
Our Recovered Num of Instances: 12,6,3,1,1,2,1,2,1,1,3,1,43,1,1,2,2,3,1 | LnAcc: 0.610 | IRec: 0.406
Start Experiment 11
start_id: 25552
55/64, Acc for this batch: 0.859
***************************************************************
Ground-truth Labels: 2,4,5,6,9,11,12,16,22,23,24,26,29,31,33,34,35,36,38,39,40,43,45,47,51,53,55,56,61,62,63,64,66,67,70,71,73,74,77,80,81,88,91,94,95,97,98
Ground-truth Num of Instances: 1,4,1,1,1,1,1,1,2,1,1,2,2,1,2,1,1,2,1,5,1,1,2,1,1,2,2,1,1,1,1,1,1,1,2,1,1,1,1,1,2,1,1,1,1,1,1
Our Recovered Labels: 4,9,12,22,26,29,31,38,45,47,53,55,56,66,70,73,74,80,91,94,98 | LeAcc: 0.740
Our Recovered Num of Instances: 3,48,1,1,1,1,2,1,1,1,3,6,1,2,1,1,1,1,1,1,1 | LnAcc: 0.630 | IRec: 0.391
Start Experiment 12
start_id: 4099
59/64, Acc for this batch: 0.922
***************************************************************
Ground-truth Labels: 3,4,5,10,13,16,19,22,23,26,28,33,36,37,38,42,43,46,47,48,49,53,57,58,59,61,63,64,65,66,67,68,70,71,72,75,77,80,82,85,86,89,94,95,97,98,99
Ground-truth Num of Instances: 1,1,1,2,1,2,2,1,1,1,1,1,1,2,1,1,1,1,1,2,3,1,1,2,1,1,1,1,2,2,1,1,1,1,3,1,2,1,1,1,2,2,1,1,2,1,2
Our Recovered Labels: 4,10,16,53,57,61,72,77,85,86,95 | LeAcc: 0.640
Our Recovered Num of Instances: 1,1,1,1,1,1,1,6,1,1,2 | LnAcc: 0.580 | IRec: 0.188
Start Experiment 13
start_id: 23682
57/64, Acc for this batch: 0.891
***************************************************************
Ground-truth Labels: 2,3,9,10,11,12,13,16,17,18,20,21,24,25,27,29,30,31,33,35,38,42,43,44,47,51,54,55,56,57,59,61,62,64,65,69,70,71,74,76,77,83,84,88,92,94,96,99
Ground-truth Num of Instances: 2,3,1,1,1,1,1,1,2,1,1,2,1,1,1,2,1,1,1,1,1,1,1,2,3,1,1,3,1,1,1,1,1,1,1,1,1,2,3,2,1,1,1,1,1,1,1,2
Our Recovered Labels: 3,10,21,30,44,47,62,83,84,94,96,99 | LeAcc: 0.640
Our Recovered Num of Instances: 3,1,2,1,1,6,1,1,1,1,1,1 | LnAcc: 0.610 | IRec: 0.266
Start Experiment 14
start_id: 22289
53/64, Acc for this batch: 0.828
***************************************************************
Ground-truth Labels: 2,3,5,8,12,17,18,19,20,22,23,29,30,31,32,33,35,37,39,41,47,50,51,54,56,59,60,64,65,68,70,71,72,75,76,77,79,80,81,83,85,89,90,91,95,96,97,98
Ground-truth Num of Instances: 2,1,1,1,3,1,2,1,1,2,1,2,2,1,1,1,1,1,1,1,2,1,1,1,3,1,1,1,1,2,2,1,1,1,2,1,1,1,1,1,1,1,1,2,1,1,2,2
Our Recovered Labels: 3,5,17,29,30,50,72,80,85,91,95,97 | LeAcc: 0.640
Our Recovered Num of Instances: 1,1,1,1,2,1,1,1,1,1,1,5 | LnAcc: 0.610 | IRec: 0.219
Start Experiment 15
start_id: 9265
58/64, Acc for this batch: 0.906
***************************************************************
Ground-truth Labels: 0,4,6,15,20,21,23,24,26,28,31,32,34,36,40,43,46,47,48,52,53,54,55,57,58,59,60,61,64,66,68,69,70,72,75,77,79,80,81,83,84,85,86,87,88,90,91,93,94,96,98
Ground-truth Num of Instances: 1,1,1,1,2,1,1,1,1,1,1,1,1,1,1,2,1,2,2,1,1,2,1,1,1,2,1,1,4,1,1,2,1,1,1,1,1,1,1,1,1,1,1,1,1,1,1,1,1,2,3
Our Recovered Labels: 0,4,23,28,46,47,48,53,55,64,69,72,75,81,83,90,96,98 | LeAcc: 0.670
Our Recovered Num of Instances: 4,1,1,1,1,1,1,1,1,1,1,1,1,11,1,1,1,1 | LnAcc: 0.590 | IRec: 0.281
Start Experiment 16
start_id: 10245
57/64, Acc for this batch: 0.891
***************************************************************
Ground-truth Labels: 0,1,4,5,6,8,9,10,12,14,17,19,23,24,30,31,32,33,36,37,39,43,44,46,47,52,56,57,58,59,60,64,70,72,77,78,82,84,85,87,91,94,96,97,99
Ground-truth Num of Instances: 1,1,1,3,3,1,1,2,1,1,2,1,1,1,1,1,2,1,1,1,3,2,1,1,2,1,1,1,2,1,2,2,2,1,1,1,2,1,1,1,1,3,1,2,1
Our Recovered Labels: 0,9,19,30,31,37,52,60,64,70,72,91,97,99 | LeAcc: 0.690
Our Recovered Num of Instances: 1,1,1,1,1,1,1,1,1,1,1,1,1,1 | LnAcc: 0.650 | IRec: 0.219
Start Experiment 17
start_id: 26090
57/64, Acc for this batch: 0.891
***************************************************************
Ground-truth Labels: 0,1,2,3,4,12,15,20,22,25,30,31,32,33,34,36,37,38,39,40,42,45,48,53,54,56,57,59,61,62,63,65,66,67,68,69,71,75,82,83,85,86,87,90,95,96
Ground-truth Num of Instances: 1,2,1,2,1,1,2,1,1,1,1,1,1,1,2,1,1,2,1,2,1,2,2,2,1,1,2,3,3,1,1,1,2,1,1,2,1,1,1,1,1,1,2,2,1,1
Our Recovered Labels: 4,12,30,31,40,42,45,57,83,85 | LeAcc: 0.640
Our Recovered Num of Instances: 1,1,1,2,2,1,11,1,1,8 | LnAcc: 0.600 | IRec: 0.188
Start Experiment 18
start_id: 17447
59/64, Acc for this batch: 0.922
***************************************************************
Ground-truth Labels: 0,1,3,4,5,8,9,10,14,16,17,19,21,23,24,26,28,30,33,36,37,39,40,45,48,49,51,53,56,58,61,65,68,71,72,73,74,78,83,84,85,86,90,94,95,96,97,98,99
Ground-truth Num of Instances: 1,1,2,2,1,1,1,1,1,1,1,1,1,1,1,1,1,1,1,3,2,1,1,2,3,2,1,1,1,3,1,1,1,1,1,1,2,2,1,1,1,1,2,1,1,1,1,2,1
Our Recovered Labels: 3,4,30,37,48,49,53,56,63,65,72,73,74,84,90,95,97,98 | LeAcc: 0.670
Our Recovered Num of Instances: 1,1,2,2,1,1,1,1,1,4,2,10,1,1,2,2,1,1 | LnAcc: 0.560 | IRec: 0.297
Start Experiment 19
start_id: 17513
63/64, Acc for this batch: 0.984
***************************************************************
Ground-truth Labels: 0,2,4,5,7,8,11,12,17,18,21,25,27,29,30,33,35,36,38,41,43,45,50,52,53,58,59,60,61,67,69,72,73,75,77,79,83,85,87,88,89,92,94,98,99
Ground-truth Num of Instances: 3,1,1,2,1,3,1,2,1,1,1,1,1,1,3,1,2,2,2,1,1,1,2,1,1,1,1,1,1,1,1,1,2,1,1,2,1,2,1,1,1,4,2,1,1
Our Recovered Labels: 0,2,5,10,12,21,22,25,30,35,41,50,53,58,60,61,67,69,75,77,79,83,85 | LeAcc: 0.740
Our Recovered Num of Instances: 2,1,5,4,6,1,7,1,2,1,43,1,2,3,52,4,1,2,2,1,1,1,36 | LnAcc: 0.590 | IRec: 0.406
Start Experiment 20
start_id: 33262
58/64, Acc for this batch: 0.906
***************************************************************
Ground-truth Labels: 0,2,8,9,10,12,17,21,22,24,25,27,28,30,31,34,35,37,38,47,49,51,52,55,57,62,63,64,66,69,71,72,73,74,75,76,78,79,80,81,83,85,88,92,94,97,99
Ground-truth Num of Instances: 1,1,1,1,2,1,1,2,1,1,1,1,2,2,2,2,1,1,1,2,1,1,1,1,1,1,1,1,2,1,1,1,1,1,2,2,1,1,1,1,2,3,2,1,1,3,2
Our Recovered Labels: 12,21,28,34,47,49,73,83,85,97,99 | LeAcc: 0.640
Our Recovered Num of Instances: 1,1,1,1,1,15,1,3,1,5,1 | LnAcc: 0.550 | IRec: 0.219
---------------------------------------------------------------
Mean Ours LeAcc: 0.673 | Mean Ours LnAcc: 0.589 | Mean Ours IRec: 0.303
