running experiments at 2022-11-13-15:42:25
	exp_name: extreme_distribution
	cpu: False
	num_tries: 20
	num_images: 24
	seed: 12
	alpha: 1
	simplified: False
	compare: False
	estimate: False
	analysis: False
	ratio: 0.0
	data_path: data
	dataset: CIFAR100
	split: train
	distribution: custom_imbalanced
	start_id: 0
	num_classes: 100
	num_uniform_cls: 32
	num_target_cls: 5
	max_size: 32
	model: vgg16
	trained_model: True
	iter_train: False
	iters: 1000
	epochs: 100
	batch_size: 128
	lr: 0.1
	optimizer: SGD
	scheduler: linear
	weight_decay: 0.0005
	warmup: False
	epoch_interval: 10
	iter_interval: 100
	mid_save: False
	model_path: models
	dryrun: False
	batchnorm: False
	dropout: False
	silu: False
	leaky_relu: False
	n_dim: 300
	n_hidden: 1
	defense: False
	defense_method: dp
	noise_std: 0.001
	clip_bound: 4
	sparse_ratio: 10
	prune_ratio: 10
	rec_img: False
	fix_labels: False
	gt_labels: False
	optim: ig
	restarts: 1
	cost_fn: sim
	indices: def
	weights: equal
	rec_lr: None
	rec_optimizer: adam
	signed: False
	boxed: False
	scoring_choice: loss
	init: randn
	tv: 1e-06
	l2: 1e-06
	max_iterations: 8000
	loss_thresh: 0.0001
	save_image: False
	log_dir: logs/extreme_distribution
	image_dir: images/extreme_distribution

Model loaded from file vgg16_CIFAR100_Epoch100.pth.
Start Experiment 1
start_id: 0
24/24, Acc for this batch: 1.000
***************************************************************
Ground-truth Labels: 0,18,92
Ground-truth Num of Instances: 1,22,1
Our Recovered Labels: 0,18,92 | LeAcc: 1.000
Our Recovered Num of Instances: 1,22,1 | LnAcc: 1.000 | IRec: 1.000
Start Experiment 2
start_id: 2558
24/24, Acc for this batch: 1.000
***************************************************************
Ground-truth Labels: 0,18,92
Ground-truth Num of Instances: 1,22,1
Our Recovered Labels: 0,14,18,92 | LeAcc: 0.990
Our Recovered Num of Instances: 1,2,19,1 | LnAcc: 0.980 | IRec: 0.875
Start Experiment 3
start_id: 4787
24/24, Acc for this batch: 1.000
***************************************************************
Ground-truth Labels: 0,18,92
Ground-truth Num of Instances: 1,22,1
Our Recovered Labels: 0,18,92 | LeAcc: 1.000
Our Recovered Num of Instances: 3,20,1 | LnAcc: 0.980 | IRec: 0.917
Start Experiment 4
start_id: 7650
24/24, Acc for this batch: 1.000
***************************************************************
Ground-truth Labels: 0,18,92
Ground-truth Num of Instances: 1,22,1
Our Recovered Labels: 18,63,92 | LeAcc: 0.980
Our Recovered Num of Instances: 22,1,1 | LnAcc: 0.980 | IRec: 0.958
Start Experiment 5
start_id: 9719
24/24, Acc for this batch: 1.000
***************************************************************
Ground-truth Labels: 0,18,92
Ground-truth Num of Instances: 1,22,1
Our Recovered Labels: 0,18,92 | LeAcc: 1.000
Our Recovered Num of Instances: 1,22,1 | LnAcc: 1.000 | IRec: 1.000
Start Experiment 6
start_id: 11524
24/24, Acc for this batch: 1.000
***************************************************************
Ground-truth Labels: 0,18,92
Ground-truth Num of Instances: 1,22,1
Our Recovered Labels: 0,18,92 | LeAcc: 1.000
Our Recovered Num of Instances: 1,22,1 | LnAcc: 1.000 | IRec: 1.000
Start Experiment 7
start_id: 13404
24/24, Acc for this batch: 1.000
***************************************************************
Ground-truth Labels: 0,18,92
Ground-truth Num of Instances: 1,22,1
Our Recovered Labels: 0,18,92 | LeAcc: 1.000
Our Recovered Num of Instances: 1,22,1 | LnAcc: 1.000 | IRec: 1.000
Start Experiment 8
start_id: 15175
24/24, Acc for this batch: 1.000
***************************************************************
Ground-truth Labels: 0,18,92
Ground-truth Num of Instances: 1,22,1
Our Recovered Labels: 0,18,92 | LeAcc: 1.000
Our Recovered Num of Instances: 1,21,2 | LnAcc: 0.980 | IRec: 0.958
Start Experiment 9
start_id: 18032
24/24, Acc for this batch: 1.000
***************************************************************
Ground-truth Labels: 0,18,92
Ground-truth Num of Instances: 1,22,1
Our Recovered Labels: 0,18 | LeAcc: 0.990
Our Recovered Num of Instances: 1,23 | LnAcc: 0.980 | IRec: 0.958
Start Experiment 10
start_id: 20144
24/24, Acc for this batch: 1.000
***************************************************************
Ground-truth Labels: 0,18,92
Ground-truth Num of Instances: 1,22,1
Our Recovered Labels: 92 | LeAcc: 0.980
Our Recovered Num of Instances: 1 | LnAcc: 0.980 | IRec: 0.042
Start Experiment 11
start_id: 21878
24/24, Acc for this batch: 1.000
***************************************************************
Ground-truth Labels: 0,18,92
Ground-truth Num of Instances: 1,22,1
Our Recovered Labels: 18 | LeAcc: 0.980
Our Recovered Num of Instances: 24 | LnAcc: 0.970 | IRec: 0.917
Start Experiment 12
start_id: 24329
24/24, Acc for this batch: 1.000
***************************************************************
Ground-truth Labels: 0,18,92
Ground-truth Num of Instances: 1,22,1
Our Recovered Labels: 0,18,92 | LeAcc: 1.000
Our Recovered Num of Instances: 1,22,1 | LnAcc: 1.000 | IRec: 1.000
Start Experiment 13
start_id: 27170
24/24, Acc for this batch: 1.000
***************************************************************
Ground-truth Labels: 0,18,92
Ground-truth Num of Instances: 1,22,1
Our Recovered Labels: 18,92 | LeAcc: 0.990
Our Recovered Num of Instances: 23,1 | LnAcc: 0.980 | IRec: 0.958
Start Experiment 14
start_id: 29035
24/24, Acc for this batch: 1.000
***************************************************************
Ground-truth Labels: 0,18,92
Ground-truth Num of Instances: 1,22,1
Our Recovered Labels: 0,9,18,92 | LeAcc: 0.990
Our Recovered Num of Instances: 2,1,19,1 | LnAcc: 0.970 | IRec: 0.875
Start Experiment 15
start_id: 31531
24/24, Acc for this batch: 1.000
***************************************************************
Ground-truth Labels: 0,18,92
Ground-truth Num of Instances: 1,22,1
Our Recovered Labels: 92 | LeAcc: 0.980
Our Recovered Num of Instances: 1 | LnAcc: 0.980 | IRec: 0.042
Start Experiment 16
start_id: 32828
24/24, Acc for this batch: 1.000
***************************************************************
Ground-truth Labels: 0,18,92
Ground-truth Num of Instances: 1,22,1
Our Recovered Labels: 0,18,78,92 | LeAcc: 0.990
Our Recovered Num of Instances: 1,21,1,1 | LnAcc: 0.980 | IRec: 0.958
Start Experiment 17
start_id: 35248
24/24, Acc for this batch: 1.000
***************************************************************
Ground-truth Labels: 0,18,92
Ground-truth Num of Instances: 1,22,1
Our Recovered Labels: 0,18,79,92 | LeAcc: 0.990
Our Recovered Num of Instances: 2,17,2,2 | LnAcc: 0.960 | IRec: 0.792
Start Experiment 18
start_id: 36762
24/24, Acc for this batch: 1.000
***************************************************************
Ground-truth Labels: 0,18,92
Ground-truth Num of Instances: 1,22,1
Our Recovered Labels: 0,18,92 | LeAcc: 1.000
Our Recovered Num of Instances: 1,19,4 | LnAcc: 0.980 | IRec: 0.875
Start Experiment 19
start_id: 38499
24/24, Acc for this batch: 1.000
***************************************************************
Ground-truth Labels: 0,18,92
Ground-truth Num of Instances: 1,22,1
Our Recovered Labels: 0,7,18,92 | LeAcc: 0.990
Our Recovered Num of Instances: 1,4,17,2 | LnAcc: 0.970 | IRec: 0.792
Start Experiment 20
start_id: 40499
24/24, Acc for this batch: 1.000
***************************************************************
Ground-truth Labels: 0,18,92
Ground-truth Num of Instances: 1,22,1
Our Recovered Labels: 0,18,92 | LeAcc: 1.000
Our Recovered Num of Instances: 11,12,1 | LnAcc: 0.980 | IRec: 0.583
---------------------------------------------------------------
Mean Ours LeAcc: 0.993 | Mean Ours LnAcc: 0.983 | Mean Ours IRec: 0.825
Mean Rec Instances: Class 0-1, Class 18-18, Class 92-1
