running experiments at 2022-09-03-21:03:53
	log_dir: exp_res
	cpu: False
	num_tries: 50
	num_images: 128
	seed: 12
	alpha: 1
	simplified: False
	compare: False
	analysis: False
	data_path: data
	dataset: CIFAR100
	split: train
	distribution: balanced
	start_id: 0
	num_classes: 100
	num_uniform_cls: 64
	model: lenet5
	trained_model: False
	epochs: 10
	batch_size: 128
	optimizer: SGD
	lr: 0.1
	scheduler: linear
	weight_decay: 0.0005
	warmup: False
	valid_interval: 1
	mid_save: False
	model_path: models
	dryrun: False
	batchnorm: False
	dropout: False
	silu: False
	dim: 300
	n_hidden: 1
	defense: False
	defense_method: dp
	noise_std: 0.001
	clip_bound: 4
	sparse_ratio: 10
	prune_ratio: 10
	rec_img: False
	fix_labels: False
	gt_labels: False
	optim: ig
	restarts: 1
	cost_fn: sim
	indices: def
	weights: equal
	rec_lr: None
	rec_optimizer: adam
	signed: False
	boxed: False
	scoring_choice: loss
	init: randn
	tv: 1e-06
	l2: 1e-06
	max_iterations: 8000
	loss_thresh: 0.0001
	save_image: False
	image_path: images
	table_path: tables

Start Experiment 1
***************************************************************
Ground-truth Labels: 0,7,9,10,12,13,15,17,18,19,21,22,23,25,27,28,30,31,32,33,34,35,36,37,38,40,41,42,43,45,46,49,51,52,54,56,57,58,61,62,63,64,66,67,68,69,71,73,74,75,76,78,79,80,83,84,85,87,90,93,94,97,98,99
Ground-truth Num of Instances: 2,2,2,2,2,2,2,2,2,2,2,2,2,2,2,2,2,2,2,2,2,2,2,2,2,2,2,2,2,2,2,2,2,2,2,2,2,2,2,2,2,2,2,2,2,2,2,2,2,2,2,2,2,2,2,2,2,2,2,2,2,2,2,2
Our Recovered Labels: 0,7,9,10,12,13,15,17,18,19,21,22,23,25,27,28,30,31,32,33,34,35,36,37,38,40,41,42,43,45,46,49,51,52,54,56,57,58,61,62,63,64,66,67,68,69,71,73,74,75,76,78,79,80,83,84,85,87,90,93,94,97,98,99 | LeAcc: 1.000
Our Recovered Num of Instances: 2,2,2,2,2,2,2,2,2,2,2,2,2,2,2,2,2,2,2,2,2,2,2,2,2,2,2,2,2,2,2,2,2,2,2,2,2,2,2,2,2,2,2,2,2,2,2,2,2,2,2,2,2,2,2,2,2,2,2,2,2,2,2,2 | LnAcc: 1.000 | IRec: 1.000
Start Experiment 2
***************************************************************
Ground-truth Labels: 0,1,8,9,10,11,12,16,17,18,19,21,23,24,25,26,27,31,32,33,34,36,39,41,43,44,45,46,50,51,52,53,55,60,61,62,63,65,67,68,69,71,72,73,74,75,76,78,80,81,83,84,85,86,87,88,89,90,91,92,95,96,97,98
Ground-truth Num of Instances: 2,2,2,2,2,2,2,2,2,2,2,2,2,2,2,2,2,2,2,2,2,2,2,2,2,2,2,2,2,2,2,2,2,2,2,2,2,2,2,2,2,2,2,2,2,2,2,2,2,2,2,2,2,2,2,2,2,2,2,2,2,2,2,2
Our Recovered Labels: 0,1,8,9,10,11,12,16,17,18,19,21,23,24,25,26,27,31,32,33,34,36,39,41,43,44,45,46,50,51,52,53,55,60,61,62,63,65,67,68,69,71,72,73,74,75,76,78,80,81,83,84,85,86,87,88,89,90,91,92,95,96,97,98 | LeAcc: 1.000
Our Recovered Num of Instances: 2,2,2,2,2,2,2,2,2,2,2,2,2,2,2,2,2,2,2,2,2,2,2,2,2,2,2,2,2,2,2,2,2,2,2,2,2,2,2,2,2,2,2,2,2,2,2,2,2,2,2,2,2,2,2,2,2,2,2,2,2,2,2,2 | LnAcc: 1.000 | IRec: 1.000
Start Experiment 3
***************************************************************
Ground-truth Labels: 0,1,2,4,5,7,9,10,11,12,13,16,17,19,20,21,22,23,25,26,27,28,29,32,33,36,37,38,43,44,45,46,47,49,51,53,54,55,57,58,59,60,61,63,64,65,67,69,70,71,73,74,75,77,78,79,81,82,84,90,92,96,98,99
Ground-truth Num of Instances: 2,2,2,2,2,2,2,2,2,2,2,2,2,2,2,2,2,2,2,2,2,2,2,2,2,2,2,2,2,2,2,2,2,2,2,2,2,2,2,2,2,2,2,2,2,2,2,2,2,2,2,2,2,2,2,2,2,2,2,2,2,2,2,2
Our Recovered Labels: 0,1,2,4,5,7,9,10,11,12,13,16,17,19,20,21,22,23,25,26,27,28,29,32,33,36,37,38,43,44,45,46,47,49,51,53,54,55,57,58,59,60,61,63,64,65,67,69,70,71,73,74,75,77,78,79,81,82,84,90,92,96,98,99 | LeAcc: 1.000
Our Recovered Num of Instances: 2,2,2,2,2,2,2,2,2,2,2,2,2,2,2,2,2,2,2,2,2,2,2,2,2,2,2,2,2,2,2,2,2,2,2,2,2,2,2,2,2,2,2,2,2,2,2,2,2,2,2,2,2,2,2,2,2,2,2,2,2,2,2,2 | LnAcc: 1.000 | IRec: 1.000
Start Experiment 4
***************************************************************
Ground-truth Labels: 0,1,2,4,5,8,9,11,13,14,15,17,20,23,24,25,27,28,33,34,36,39,40,41,42,45,46,47,48,50,51,54,56,57,58,59,60,61,62,64,67,68,71,72,73,74,76,80,81,82,83,84,85,86,87,88,89,90,92,93,94,95,97,98
Ground-truth Num of Instances: 2,2,2,2,2,2,2,2,2,2,2,2,2,2,2,2,2,2,2,2,2,2,2,2,2,2,2,2,2,2,2,2,2,2,2,2,2,2,2,2,2,2,2,2,2,2,2,2,2,2,2,2,2,2,2,2,2,2,2,2,2,2,2,2
Our Recovered Labels: 0,1,2,4,5,8,9,11,13,14,15,17,20,23,24,25,27,28,33,34,36,39,40,41,42,45,46,47,48,50,51,54,56,57,58,59,60,61,62,64,67,68,71,72,73,74,76,80,81,82,83,84,85,86,87,88,89,90,92,93,94,95,97,98 | LeAcc: 1.000
Our Recovered Num of Instances: 2,2,2,2,2,2,2,2,2,2,2,2,2,2,2,2,2,2,2,2,2,2,2,2,2,2,2,2,2,2,2,2,2,2,2,2,2,2,2,2,2,2,2,2,2,2,2,2,2,2,2,2,2,2,2,2,2,2,2,2,2,2,2,2 | LnAcc: 1.000 | IRec: 1.000
Start Experiment 5
***************************************************************
Ground-truth Labels: 1,2,5,7,8,12,13,15,16,17,19,20,21,22,24,27,28,29,30,31,34,35,36,37,38,40,44,47,48,49,52,53,54,58,59,60,61,63,64,65,66,67,69,71,72,73,74,75,77,78,81,82,84,85,86,87,88,89,90,93,94,95,97,98
Ground-truth Num of Instances: 2,2,2,2,2,2,2,2,2,2,2,2,2,2,2,2,2,2,2,2,2,2,2,2,2,2,2,2,2,2,2,2,2,2,2,2,2,2,2,2,2,2,2,2,2,2,2,2,2,2,2,2,2,2,2,2,2,2,2,2,2,2,2,2
Our Recovered Labels: 1,2,5,7,8,12,13,15,16,17,19,20,21,22,24,27,28,29,30,31,34,35,36,37,38,40,44,47,48,49,52,53,54,58,59,60,61,63,64,65,66,67,69,71,72,73,74,75,77,78,81,82,84,85,86,87,88,89,90,93,94,95,97,98 | LeAcc: 1.000
Our Recovered Num of Instances: 2,2,2,2,2,2,2,2,2,2,2,2,2,2,2,2,2,2,2,2,2,2,2,2,2,2,2,2,2,2,2,2,2,2,2,2,2,2,2,2,2,2,2,2,2,2,2,2,2,2,2,2,2,2,2,2,2,2,2,2,2,2,2,2 | LnAcc: 1.000 | IRec: 1.000
Start Experiment 6
***************************************************************
Ground-truth Labels: 1,2,3,4,8,9,10,11,14,15,16,18,19,20,21,22,23,25,26,27,30,33,35,36,37,42,43,44,45,46,47,50,51,52,53,55,58,59,61,63,66,67,69,72,73,74,77,79,80,81,82,83,84,85,86,89,90,91,92,93,94,96,97,99
Ground-truth Num of Instances: 2,2,2,2,2,2,2,2,2,2,2,2,2,2,2,2,2,2,2,2,2,2,2,2,2,2,2,2,2,2,2,2,2,2,2,2,2,2,2,2,2,2,2,2,2,2,2,2,2,2,2,2,2,2,2,2,2,2,2,2,2,2,2,2
Our Recovered Labels: 1,2,3,4,8,9,10,11,14,15,16,18,19,20,21,22,23,25,26,27,30,33,35,36,37,42,43,44,45,46,47,50,51,52,53,55,58,59,61,63,66,67,69,72,73,74,77,79,80,81,82,83,84,85,86,89,90,91,92,93,94,96,97,99 | LeAcc: 1.000
Our Recovered Num of Instances: 2,2,2,2,2,2,2,2,2,2,2,2,2,2,2,2,2,2,2,2,2,2,2,2,2,2,2,2,2,2,2,2,2,2,2,2,2,2,2,2,2,2,2,2,2,2,2,2,2,2,2,2,2,2,2,2,2,2,2,2,2,2,2,2 | LnAcc: 1.000 | IRec: 1.000
Start Experiment 7
***************************************************************
Ground-truth Labels: 2,4,5,7,12,13,14,15,18,19,22,24,25,26,27,29,30,33,34,35,36,37,39,43,44,45,46,47,48,49,50,53,54,58,59,60,61,62,64,66,67,68,70,74,75,76,78,79,80,82,83,84,85,86,88,89,90,91,92,93,95,96,97,98
Ground-truth Num of Instances: 2,2,2,2,2,2,2,2,2,2,2,2,2,2,2,2,2,2,2,2,2,2,2,2,2,2,2,2,2,2,2,2,2,2,2,2,2,2,2,2,2,2,2,2,2,2,2,2,2,2,2,2,2,2,2,2,2,2,2,2,2,2,2,2
Our Recovered Labels: 2,4,5,7,12,13,14,15,18,19,22,24,25,26,27,29,30,33,34,35,36,37,39,43,44,45,46,47,48,49,50,53,54,58,59,60,61,62,64,66,67,68,70,74,75,76,78,79,80,82,83,84,85,86,88,89,90,91,92,93,95,96,97,98 | LeAcc: 1.000
Our Recovered Num of Instances: 2,2,2,2,2,2,2,2,2,2,2,2,2,2,2,2,2,2,2,2,2,2,2,2,2,2,2,2,2,2,2,2,2,2,2,2,2,2,2,2,2,2,2,2,2,2,2,2,2,2,2,2,2,2,2,2,2,2,2,2,2,2,2,2 | LnAcc: 1.000 | IRec: 1.000
Start Experiment 8
***************************************************************
Ground-truth Labels: 0,1,2,4,5,7,8,10,13,14,17,18,20,21,22,23,24,26,28,31,33,35,36,37,38,39,40,41,43,44,45,46,47,49,50,54,55,56,58,60,61,62,64,65,66,67,69,70,71,72,73,74,75,78,80,86,87,88,89,90,92,93,96,97
Ground-truth Num of Instances: 2,2,2,2,2,2,2,2,2,2,2,2,2,2,2,2,2,2,2,2,2,2,2,2,2,2,2,2,2,2,2,2,2,2,2,2,2,2,2,2,2,2,2,2,2,2,2,2,2,2,2,2,2,2,2,2,2,2,2,2,2,2,2,2
Our Recovered Labels: 0,1,2,4,5,7,8,10,13,14,17,18,20,21,22,23,24,26,28,31,33,35,36,37,38,39,40,41,43,44,45,46,47,49,50,54,55,56,58,60,61,62,64,65,66,67,69,70,71,72,73,74,75,78,80,86,87,88,89,90,92,93,96,97 | LeAcc: 1.000
Our Recovered Num of Instances: 2,2,2,2,2,2,2,2,2,2,2,2,2,2,2,2,2,2,2,2,2,2,2,2,2,2,2,2,2,2,2,2,2,2,2,2,2,2,2,2,2,2,2,2,2,2,2,2,2,2,2,2,2,2,2,2,2,2,2,2,2,2,2,2 | LnAcc: 1.000 | IRec: 1.000
Start Experiment 9
***************************************************************
Ground-truth Labels: 1,3,4,5,6,7,9,11,14,15,16,17,18,19,20,21,25,26,28,29,32,33,34,40,41,43,48,49,50,51,52,55,57,58,59,60,61,63,64,65,66,67,69,70,71,72,73,74,75,77,78,79,83,84,85,86,88,89,90,92,93,94,97,98
Ground-truth Num of Instances: 2,2,2,2,2,2,2,2,2,2,2,2,2,2,2,2,2,2,2,2,2,2,2,2,2,2,2,2,2,2,2,2,2,2,2,2,2,2,2,2,2,2,2,2,2,2,2,2,2,2,2,2,2,2,2,2,2,2,2,2,2,2,2,2
Our Recovered Labels: 1,3,4,5,6,7,9,11,14,15,16,17,18,19,20,21,25,26,28,29,32,33,34,40,41,43,48,49,50,51,52,55,57,58,59,60,61,63,64,65,66,67,69,70,71,72,73,74,75,77,78,79,83,84,85,86,88,89,90,92,93,94,97,98 | LeAcc: 1.000
Our Recovered Num of Instances: 2,2,2,2,2,2,2,2,2,2,2,2,2,2,2,2,2,2,2,2,2,2,2,2,2,2,2,2,2,2,2,2,2,2,2,2,2,2,2,2,2,2,2,2,2,2,2,2,2,2,2,2,2,2,2,2,2,2,2,2,2,2,2,2 | LnAcc: 1.000 | IRec: 1.000
Start Experiment 10
***************************************************************
Ground-truth Labels: 2,5,6,9,11,13,14,15,16,17,21,22,23,24,26,27,28,30,31,32,33,34,38,39,40,41,43,44,48,53,54,57,59,60,61,62,64,65,66,67,68,69,70,71,73,74,76,77,78,79,80,81,82,83,84,85,90,92,93,94,95,96,97,98
Ground-truth Num of Instances: 2,2,2,2,2,2,2,2,2,2,2,2,2,2,2,2,2,2,2,2,2,2,2,2,2,2,2,2,2,2,2,2,2,2,2,2,2,2,2,2,2,2,2,2,2,2,2,2,2,2,2,2,2,2,2,2,2,2,2,2,2,2,2,2
Our Recovered Labels: 2,5,6,9,11,13,14,15,16,17,21,22,23,24,26,27,28,30,31,32,33,34,38,39,40,41,43,44,48,53,54,57,59,60,61,62,64,65,66,67,68,69,70,71,73,74,76,77,78,79,80,81,82,83,84,85,90,92,93,94,95,96,97,98 | LeAcc: 1.000
Our Recovered Num of Instances: 2,2,2,2,2,2,2,2,2,2,2,2,2,2,2,2,2,2,2,2,2,2,2,2,2,2,2,2,2,2,2,2,2,2,2,2,2,2,2,2,2,2,2,2,2,2,2,2,2,2,2,2,2,2,2,2,2,2,2,2,2,2,2,2 | LnAcc: 1.000 | IRec: 1.000
Start Experiment 11
***************************************************************
Ground-truth Labels: 0,2,5,8,9,11,12,13,14,16,17,20,21,23,24,25,26,27,30,31,36,37,39,41,42,44,46,47,48,53,54,55,56,57,59,60,61,62,63,64,65,67,68,69,70,71,72,73,74,76,77,78,80,81,83,84,86,88,89,90,94,97,98,99
Ground-truth Num of Instances: 2,2,2,2,2,2,2,2,2,2,2,2,2,2,2,2,2,2,2,2,2,2,2,2,2,2,2,2,2,2,2,2,2,2,2,2,2,2,2,2,2,2,2,2,2,2,2,2,2,2,2,2,2,2,2,2,2,2,2,2,2,2,2,2
Our Recovered Labels: 0,2,5,8,9,11,12,13,14,16,17,20,21,23,24,25,26,27,30,31,36,37,39,41,42,44,46,47,48,53,54,55,56,57,59,60,61,62,63,64,65,67,68,69,70,71,72,73,74,76,77,78,80,81,83,84,86,88,89,90,94,97,98,99 | LeAcc: 1.000
Our Recovered Num of Instances: 2,2,2,2,2,2,2,2,2,2,2,2,2,2,2,2,2,2,2,2,2,2,2,2,2,2,2,2,2,2,2,2,2,2,2,2,2,2,2,2,2,2,2,2,2,2,2,2,2,2,2,2,2,2,2,2,2,2,2,2,2,2,2,2 | LnAcc: 1.000 | IRec: 1.000
Start Experiment 12
***************************************************************
Ground-truth Labels: 0,1,2,4,5,6,7,9,10,11,12,15,17,18,19,21,22,23,24,25,27,28,30,32,33,36,37,39,41,42,44,47,49,51,53,54,55,57,58,59,60,61,63,65,66,68,69,71,73,74,75,77,78,80,81,83,84,85,88,89,93,94,97,98
Ground-truth Num of Instances: 2,2,2,2,2,2,2,2,2,2,2,2,2,2,2,2,2,2,2,2,2,2,2,2,2,2,2,2,2,2,2,2,2,2,2,2,2,2,2,2,2,2,2,2,2,2,2,2,2,2,2,2,2,2,2,2,2,2,2,2,2,2,2,2
Our Recovered Labels: 0,1,2,4,5,6,7,9,10,11,12,15,17,18,19,21,22,23,24,25,27,28,30,32,33,36,37,39,41,42,44,47,49,51,53,54,55,57,58,59,60,61,63,65,66,68,69,71,73,74,75,77,78,80,81,83,84,85,88,89,93,94,97,98 | LeAcc: 1.000
Our Recovered Num of Instances: 2,2,2,2,2,2,2,2,2,2,2,2,2,2,2,2,2,2,2,2,2,2,2,2,2,2,2,2,2,2,2,2,2,2,2,2,2,2,2,2,2,2,2,2,2,2,2,2,2,2,2,2,2,2,2,2,2,2,2,2,2,2,2,2 | LnAcc: 1.000 | IRec: 1.000
Start Experiment 13
***************************************************************
Ground-truth Labels: 0,1,4,5,6,7,9,11,12,13,14,15,16,19,20,22,23,26,27,29,32,34,35,36,37,39,41,42,43,45,48,51,52,53,54,55,59,62,65,66,67,68,69,70,71,74,75,76,78,79,81,82,83,85,87,88,90,91,92,93,94,95,96,98
Ground-truth Num of Instances: 2,2,2,2,2,2,2,2,2,2,2,2,2,2,2,2,2,2,2,2,2,2,2,2,2,2,2,2,2,2,2,2,2,2,2,2,2,2,2,2,2,2,2,2,2,2,2,2,2,2,2,2,2,2,2,2,2,2,2,2,2,2,2,2
Our Recovered Labels: 0,1,4,5,6,7,9,11,12,13,14,15,16,19,20,22,23,26,27,29,32,34,35,36,37,39,41,42,43,45,48,51,52,53,54,55,59,62,65,66,67,68,69,70,71,74,75,76,78,79,81,82,83,85,87,88,90,91,92,93,94,95,96,98 | LeAcc: 1.000
Our Recovered Num of Instances: 2,2,2,2,2,2,2,2,2,2,2,2,2,2,2,2,2,2,2,2,2,2,2,2,2,2,2,2,2,2,2,2,2,2,2,2,2,2,2,2,2,2,2,2,2,2,2,2,2,2,2,2,2,2,2,2,2,2,2,2,2,2,2,2 | LnAcc: 1.000 | IRec: 1.000
Start Experiment 14
***************************************************************
Ground-truth Labels: 0,1,2,3,4,5,6,7,8,13,15,21,22,24,25,29,32,34,35,36,37,40,41,43,44,45,46,47,50,51,52,53,56,58,59,60,61,62,64,65,66,68,69,71,72,73,74,75,76,77,79,81,82,83,84,86,87,88,89,90,92,94,95,99
Ground-truth Num of Instances: 2,2,2,2,2,2,2,2,2,2,2,2,2,2,2,2,2,2,2,2,2,2,2,2,2,2,2,2,2,2,2,2,2,2,2,2,2,2,2,2,2,2,2,2,2,2,2,2,2,2,2,2,2,2,2,2,2,2,2,2,2,2,2,2
Our Recovered Labels: 0,1,2,3,4,5,6,7,8,13,15,21,22,24,25,29,32,34,35,36,37,40,41,43,44,45,46,47,50,51,52,53,56,58,59,60,61,62,64,65,66,68,69,71,72,73,74,75,76,77,79,81,82,83,84,86,87,88,89,90,92,94,95,99 | LeAcc: 1.000
Our Recovered Num of Instances: 2,2,2,2,2,2,2,2,2,2,2,2,2,2,2,2,2,2,2,2,2,2,2,2,2,2,2,2,2,2,2,2,2,2,2,2,2,2,2,2,2,2,2,2,2,2,2,2,2,2,2,2,2,2,2,2,2,2,2,2,2,2,2,2 | LnAcc: 1.000 | IRec: 1.000
Start Experiment 15
***************************************************************
Ground-truth Labels: 2,3,4,5,6,7,9,10,12,13,16,17,18,19,20,21,22,23,24,26,27,29,33,34,35,36,38,39,40,43,46,47,48,49,50,52,53,54,55,59,60,61,62,63,64,65,66,67,69,70,73,74,77,78,80,81,82,84,87,89,90,94,95,97
Ground-truth Num of Instances: 2,2,2,2,2,2,2,2,2,2,2,2,2,2,2,2,2,2,2,2,2,2,2,2,2,2,2,2,2,2,2,2,2,2,2,2,2,2,2,2,2,2,2,2,2,2,2,2,2,2,2,2,2,2,2,2,2,2,2,2,2,2,2,2
Our Recovered Labels: 2,3,4,5,6,7,9,10,12,13,16,17,18,19,20,21,22,23,24,26,27,29,33,34,35,36,38,39,40,43,46,47,48,49,50,52,53,54,55,59,60,61,62,63,64,65,66,67,69,70,73,74,77,78,80,81,82,84,87,89,90,94,95,97 | LeAcc: 1.000
Our Recovered Num of Instances: 2,2,2,2,2,2,2,2,2,2,2,2,2,2,2,2,2,2,2,2,2,2,2,2,2,2,2,2,2,2,2,2,2,2,2,2,2,2,2,2,2,2,2,2,2,2,2,2,2,2,2,2,2,2,2,2,2,2,2,2,2,2,2,2 | LnAcc: 1.000 | IRec: 1.000
Start Experiment 16
***************************************************************
Ground-truth Labels: 0,1,2,3,4,5,6,9,11,13,14,16,17,18,19,20,23,26,28,29,30,32,33,34,35,36,37,38,39,43,44,45,48,49,52,53,54,55,57,58,59,60,61,65,67,69,70,79,80,81,82,84,85,86,87,88,90,91,92,93,94,95,98,99
Ground-truth Num of Instances: 2,2,2,2,2,2,2,2,2,2,2,2,2,2,2,2,2,2,2,2,2,2,2,2,2,2,2,2,2,2,2,2,2,2,2,2,2,2,2,2,2,2,2,2,2,2,2,2,2,2,2,2,2,2,2,2,2,2,2,2,2,2,2,2
Our Recovered Labels: 0,1,2,3,4,5,6,9,11,13,14,16,17,18,19,20,23,26,28,29,30,32,33,34,35,36,37,38,39,43,44,45,48,49,52,53,54,55,57,58,59,60,61,65,67,69,70,79,80,81,82,84,85,86,87,88,90,91,92,93,94,95,98,99 | LeAcc: 1.000
Our Recovered Num of Instances: 2,2,2,2,2,2,2,2,2,2,2,2,2,2,2,2,2,2,2,2,2,2,2,2,2,2,2,2,2,2,2,2,2,2,2,2,2,2,2,2,2,2,2,2,2,2,2,2,2,2,2,2,2,2,2,2,2,2,2,2,2,2,2,2 | LnAcc: 1.000 | IRec: 1.000
Start Experiment 17
***************************************************************
Ground-truth Labels: 1,2,5,6,8,10,11,12,13,16,18,19,20,25,27,29,31,32,34,35,36,37,39,40,41,42,43,44,45,46,47,50,51,52,54,55,59,60,62,63,64,65,68,70,72,73,75,77,78,79,81,82,84,86,87,89,91,92,93,94,96,97,98,99
Ground-truth Num of Instances: 2,2,2,2,2,2,2,2,2,2,2,2,2,2,2,2,2,2,2,2,2,2,2,2,2,2,2,2,2,2,2,2,2,2,2,2,2,2,2,2,2,2,2,2,2,2,2,2,2,2,2,2,2,2,2,2,2,2,2,2,2,2,2,2
Our Recovered Labels: 1,2,5,6,8,10,11,12,13,16,18,19,20,25,27,29,31,32,34,35,36,37,39,40,41,42,43,44,45,46,47,50,51,52,54,55,59,60,62,63,64,65,68,70,72,73,75,77,78,79,81,82,84,86,87,89,91,92,93,94,96,97,98,99 | LeAcc: 1.000
Our Recovered Num of Instances: 2,2,2,2,2,2,2,2,2,2,2,2,2,2,2,2,2,2,2,2,2,2,2,2,2,2,2,2,2,2,2,2,2,2,2,2,2,2,2,2,2,2,2,2,2,2,2,2,2,2,2,2,2,2,2,2,2,2,2,2,2,2,2,2 | LnAcc: 1.000 | IRec: 1.000
Start Experiment 18
***************************************************************
Ground-truth Labels: 0,1,2,3,5,8,9,11,12,13,14,16,17,18,19,20,21,22,25,26,27,28,30,34,35,36,38,42,44,45,46,47,48,49,50,51,52,54,56,58,62,63,65,66,69,71,73,74,75,77,78,79,81,83,86,87,89,90,92,94,95,96,97,98
Ground-truth Num of Instances: 2,2,2,2,2,2,2,2,2,2,2,2,2,2,2,2,2,2,2,2,2,2,2,2,2,2,2,2,2,2,2,2,2,2,2,2,2,2,2,2,2,2,2,2,2,2,2,2,2,2,2,2,2,2,2,2,2,2,2,2,2,2,2,2
Our Recovered Labels: 0,1,2,3,5,8,9,11,12,13,14,16,17,18,19,20,21,22,25,26,27,28,30,34,35,36,38,42,44,45,46,47,48,49,50,51,52,54,56,58,62,63,65,66,69,71,73,74,75,77,78,79,81,83,86,87,89,90,92,94,95,96,97,98 | LeAcc: 1.000
Our Recovered Num of Instances: 2,2,2,2,2,2,2,2,2,2,2,2,2,2,2,2,2,2,2,2,2,2,2,2,2,2,2,2,2,2,2,2,2,2,2,2,2,2,2,2,2,2,2,2,2,2,2,2,2,2,2,2,2,2,2,2,2,2,2,2,2,2,2,2 | LnAcc: 1.000 | IRec: 1.000
Start Experiment 19
***************************************************************
Ground-truth Labels: 0,1,2,4,7,8,9,10,11,12,13,15,16,17,18,19,20,21,23,24,27,28,29,30,32,33,37,38,39,40,41,42,44,45,46,47,48,49,51,52,54,55,56,57,59,60,65,68,69,70,71,72,73,74,75,76,77,85,86,88,91,93,94,95
Ground-truth Num of Instances: 2,2,2,2,2,2,2,2,2,2,2,2,2,2,2,2,2,2,2,2,2,2,2,2,2,2,2,2,2,2,2,2,2,2,2,2,2,2,2,2,2,2,2,2,2,2,2,2,2,2,2,2,2,2,2,2,2,2,2,2,2,2,2,2
Our Recovered Labels: 0,1,2,4,7,8,9,10,11,12,13,15,16,17,18,19,20,21,23,24,27,28,29,30,32,33,37,38,39,40,41,42,44,45,46,47,48,49,51,52,54,55,56,57,59,60,65,68,69,70,71,72,73,74,75,76,77,85,86,88,91,93,94,95 | LeAcc: 1.000
Our Recovered Num of Instances: 2,2,2,2,2,2,2,2,2,2,2,2,2,2,2,2,2,2,2,2,2,2,2,2,2,2,2,2,2,2,2,2,2,2,2,2,2,2,2,2,2,2,2,2,2,2,2,2,2,2,2,2,2,2,2,2,2,2,2,2,2,2,2,2 | LnAcc: 1.000 | IRec: 1.000
Start Experiment 20
***************************************************************
Ground-truth Labels: 0,1,2,3,4,5,7,8,10,11,12,13,14,16,18,22,23,24,27,28,31,34,35,36,37,39,40,41,44,45,47,49,50,52,54,56,57,60,61,63,65,66,67,68,69,70,71,72,73,77,79,81,82,83,84,85,89,90,92,93,94,95,96,97
Ground-truth Num of Instances: 2,2,2,2,2,2,2,2,2,2,2,2,2,2,2,2,2,2,2,2,2,2,2,2,2,2,2,2,2,2,2,2,2,2,2,2,2,2,2,2,2,2,2,2,2,2,2,2,2,2,2,2,2,2,2,2,2,2,2,2,2,2,2,2
Our Recovered Labels: 0,1,2,3,4,5,7,8,10,11,12,13,14,16,18,22,23,24,27,28,31,34,35,36,37,39,40,41,44,45,47,49,50,52,54,56,57,60,61,63,65,66,67,68,69,70,71,72,73,77,79,81,82,83,84,85,89,90,92,93,94,95,96,97 | LeAcc: 1.000
Our Recovered Num of Instances: 2,2,2,2,2,2,2,2,2,2,2,2,2,2,2,2,2,2,2,2,2,2,2,2,2,2,2,2,2,2,2,2,2,2,2,2,2,2,2,2,2,2,2,2,2,2,2,2,2,2,2,2,2,2,2,2,2,2,2,2,2,2,2,2 | LnAcc: 1.000 | IRec: 1.000
Start Experiment 21
***************************************************************
Ground-truth Labels: 1,2,3,4,6,9,10,13,14,17,18,20,21,23,24,25,26,27,28,29,32,33,36,38,39,41,43,44,45,46,47,48,49,50,51,52,56,58,61,62,64,65,66,67,68,70,71,72,73,74,75,77,78,79,80,81,82,83,84,86,91,93,96,97
Ground-truth Num of Instances: 2,2,2,2,2,2,2,2,2,2,2,2,2,2,2,2,2,2,2,2,2,2,2,2,2,2,2,2,2,2,2,2,2,2,2,2,2,2,2,2,2,2,2,2,2,2,2,2,2,2,2,2,2,2,2,2,2,2,2,2,2,2,2,2
Our Recovered Labels: 1,2,3,4,6,9,10,13,14,17,18,20,21,23,24,25,26,27,28,29,32,33,36,38,39,41,43,44,45,46,47,48,49,50,51,52,56,58,61,62,64,65,66,67,68,70,71,72,73,74,75,77,78,79,80,81,82,83,84,86,91,93,96,97 | LeAcc: 1.000
Our Recovered Num of Instances: 2,2,2,2,2,2,2,2,2,2,2,2,2,2,2,2,2,2,2,2,2,2,2,2,2,2,2,2,2,2,2,2,2,2,2,2,2,2,2,2,2,2,2,2,2,2,2,2,2,2,2,2,2,2,2,2,2,2,2,2,2,2,2,2 | LnAcc: 1.000 | IRec: 1.000
Start Experiment 22
***************************************************************
Ground-truth Labels: 1,2,3,4,5,7,13,14,15,16,17,18,19,22,23,24,25,27,28,29,30,31,32,33,34,35,37,38,39,40,41,43,45,46,47,48,49,51,52,57,59,61,64,65,66,69,70,71,72,73,74,77,80,82,83,85,86,88,91,92,94,95,96,97
Ground-truth Num of Instances: 2,2,2,2,2,2,2,2,2,2,2,2,2,2,2,2,2,2,2,2,2,2,2,2,2,2,2,2,2,2,2,2,2,2,2,2,2,2,2,2,2,2,2,2,2,2,2,2,2,2,2,2,2,2,2,2,2,2,2,2,2,2,2,2
Our Recovered Labels: 1,2,3,4,5,7,13,14,15,16,17,18,19,22,23,24,25,27,28,29,30,31,32,33,34,35,37,38,39,40,41,43,45,46,47,48,49,51,52,57,59,61,64,65,66,69,70,71,72,73,74,77,80,82,83,85,86,88,91,92,94,95,96,97 | LeAcc: 1.000
Our Recovered Num of Instances: 2,2,2,2,2,2,2,2,2,2,2,2,2,2,2,2,2,2,2,2,2,2,2,2,2,2,2,2,2,2,2,2,2,2,2,2,2,2,2,2,2,2,2,2,2,2,2,2,2,2,2,2,2,2,2,2,2,2,2,2,2,2,2,2 | LnAcc: 1.000 | IRec: 1.000
Start Experiment 23
***************************************************************
Ground-truth Labels: 1,3,5,6,7,9,10,11,12,14,16,18,19,20,26,28,30,31,32,33,36,37,38,39,41,44,45,46,48,49,50,52,55,57,58,59,60,61,62,63,66,67,68,70,71,73,74,75,76,77,78,79,80,82,83,84,87,93,94,95,96,97,98,99
Ground-truth Num of Instances: 2,2,2,2,2,2,2,2,2,2,2,2,2,2,2,2,2,2,2,2,2,2,2,2,2,2,2,2,2,2,2,2,2,2,2,2,2,2,2,2,2,2,2,2,2,2,2,2,2,2,2,2,2,2,2,2,2,2,2,2,2,2,2,2
Our Recovered Labels: 1,3,5,6,7,9,10,11,12,14,16,18,19,20,26,28,30,31,32,33,36,37,38,39,41,44,45,46,48,49,50,52,55,57,58,59,60,61,62,63,66,67,68,70,71,73,74,75,76,77,78,79,80,82,83,84,87,93,94,95,96,97,98,99 | LeAcc: 1.000
Our Recovered Num of Instances: 2,2,2,2,2,2,2,2,2,2,2,2,2,2,2,2,2,2,2,2,2,2,2,2,2,2,2,2,2,2,2,2,2,2,2,2,2,2,2,2,2,2,2,2,2,2,2,2,2,2,2,2,2,2,2,2,2,2,2,2,2,2,2,2 | LnAcc: 1.000 | IRec: 1.000
Start Experiment 24
***************************************************************
Ground-truth Labels: 0,1,4,5,6,7,8,10,11,12,15,16,18,19,20,21,23,24,25,27,28,29,30,32,36,37,38,39,41,42,43,44,45,46,47,48,49,51,52,53,56,57,60,65,67,68,69,70,73,74,75,77,79,82,83,84,86,89,90,91,92,93,94,99
Ground-truth Num of Instances: 2,2,2,2,2,2,2,2,2,2,2,2,2,2,2,2,2,2,2,2,2,2,2,2,2,2,2,2,2,2,2,2,2,2,2,2,2,2,2,2,2,2,2,2,2,2,2,2,2,2,2,2,2,2,2,2,2,2,2,2,2,2,2,2
Our Recovered Labels: 0,1,4,5,6,7,8,10,11,12,15,16,18,19,20,21,23,24,25,27,28,29,30,32,36,37,38,39,41,42,43,44,45,46,47,48,49,51,52,53,56,57,60,65,67,68,69,70,73,74,75,77,79,82,83,84,86,89,90,91,92,93,94,99 | LeAcc: 1.000
Our Recovered Num of Instances: 2,2,2,2,2,2,2,2,2,2,2,2,2,2,2,2,2,2,2,2,2,2,2,2,2,2,2,2,2,2,2,2,2,2,2,2,2,2,2,2,2,2,2,2,2,2,2,2,2,2,2,2,2,2,2,2,2,2,2,2,2,2,2,2 | LnAcc: 1.000 | IRec: 1.000
Start Experiment 25
***************************************************************
Ground-truth Labels: 1,2,3,6,8,9,11,12,13,14,16,17,19,20,21,22,23,26,27,30,31,32,33,34,35,37,38,39,41,43,45,47,48,49,50,51,52,53,55,56,58,59,60,62,64,65,66,69,71,72,73,74,75,79,80,83,85,86,90,93,95,97,98,99
Ground-truth Num of Instances: 2,2,2,2,2,2,2,2,2,2,2,2,2,2,2,2,2,2,2,2,2,2,2,2,2,2,2,2,2,2,2,2,2,2,2,2,2,2,2,2,2,2,2,2,2,2,2,2,2,2,2,2,2,2,2,2,2,2,2,2,2,2,2,2
Our Recovered Labels: 1,2,3,6,8,9,11,12,13,14,16,17,19,20,21,22,23,26,27,30,31,32,33,34,35,37,38,39,41,43,45,47,48,49,50,51,52,53,55,56,58,59,60,62,64,65,66,69,71,72,73,74,75,79,80,83,85,86,90,93,95,97,98,99 | LeAcc: 1.000
Our Recovered Num of Instances: 2,2,2,2,2,2,2,2,2,2,2,2,2,2,2,2,2,2,2,2,2,2,2,2,2,2,2,2,2,2,2,2,2,2,2,2,2,2,2,2,2,2,2,2,2,2,2,2,2,2,2,2,2,2,2,2,2,2,2,2,2,2,2,2 | LnAcc: 1.000 | IRec: 1.000
Start Experiment 26
***************************************************************
Ground-truth Labels: 0,1,2,6,8,10,12,13,14,17,18,21,23,25,26,27,28,29,31,33,35,36,37,38,39,40,41,43,44,45,46,49,52,53,54,56,57,58,59,60,63,65,67,69,70,71,75,76,78,79,80,81,82,83,84,86,89,91,92,93,95,96,98,99
Ground-truth Num of Instances: 2,2,2,2,2,2,2,2,2,2,2,2,2,2,2,2,2,2,2,2,2,2,2,2,2,2,2,2,2,2,2,2,2,2,2,2,2,2,2,2,2,2,2,2,2,2,2,2,2,2,2,2,2,2,2,2,2,2,2,2,2,2,2,2
Our Recovered Labels: 0,1,2,6,8,10,12,13,14,17,18,21,23,25,26,27,28,29,31,33,35,36,37,38,39,40,41,43,44,45,46,49,52,53,54,56,57,58,59,60,63,65,67,69,70,71,75,76,78,79,80,81,82,83,84,86,89,91,92,93,95,96,98,99 | LeAcc: 1.000
Our Recovered Num of Instances: 2,2,2,2,2,2,2,2,2,2,2,2,2,2,2,2,2,2,2,2,2,2,2,2,2,2,2,2,2,2,2,2,2,2,2,2,2,2,2,2,2,2,2,2,2,2,2,2,2,2,2,2,2,2,2,2,2,2,2,2,2,2,2,2 | LnAcc: 1.000 | IRec: 1.000
Start Experiment 27
***************************************************************
Ground-truth Labels: 0,1,3,4,5,7,8,9,12,13,14,15,16,17,18,20,22,24,26,27,28,29,31,32,34,36,39,41,43,44,45,47,48,50,51,52,54,55,57,59,62,64,65,66,67,69,72,73,74,78,79,80,82,83,84,86,87,88,90,91,92,96,97,98
Ground-truth Num of Instances: 2,2,2,2,2,2,2,2,2,2,2,2,2,2,2,2,2,2,2,2,2,2,2,2,2,2,2,2,2,2,2,2,2,2,2,2,2,2,2,2,2,2,2,2,2,2,2,2,2,2,2,2,2,2,2,2,2,2,2,2,2,2,2,2
Our Recovered Labels: 0,1,3,4,5,7,8,9,12,13,14,15,16,17,18,20,22,24,26,27,28,29,31,32,34,36,39,41,43,44,45,47,48,50,51,52,54,55,57,59,62,64,65,66,67,69,72,73,74,78,79,80,82,83,84,86,87,88,90,91,92,96,97,98 | LeAcc: 1.000
Our Recovered Num of Instances: 2,2,2,2,2,2,2,2,2,2,2,2,2,2,2,2,2,2,2,2,2,2,2,2,2,2,2,2,2,2,2,2,2,2,2,2,2,2,2,2,2,2,2,2,2,2,2,2,2,2,2,2,2,2,2,2,2,2,2,2,2,2,2,2 | LnAcc: 1.000 | IRec: 1.000
Start Experiment 28
***************************************************************
Ground-truth Labels: 0,1,3,5,6,8,9,11,14,15,16,19,20,21,22,24,26,27,28,30,31,32,35,37,38,39,42,43,44,45,46,49,50,52,54,55,57,58,60,61,62,63,65,66,67,70,71,74,76,78,79,80,83,84,85,87,88,89,90,92,93,95,96,99
Ground-truth Num of Instances: 2,2,2,2,2,2,2,2,2,2,2,2,2,2,2,2,2,2,2,2,2,2,2,2,2,2,2,2,2,2,2,2,2,2,2,2,2,2,2,2,2,2,2,2,2,2,2,2,2,2,2,2,2,2,2,2,2,2,2,2,2,2,2,2
Our Recovered Labels: 0,1,3,5,6,8,9,11,14,15,16,19,20,21,22,24,26,27,28,30,31,32,35,37,38,39,42,43,44,45,46,49,50,52,54,55,57,58,60,61,62,63,65,66,67,70,71,74,76,78,79,80,83,84,85,87,88,89,90,92,93,95,96,99 | LeAcc: 1.000
Our Recovered Num of Instances: 2,2,2,2,2,2,2,2,2,2,2,2,2,2,2,2,2,2,2,2,2,2,2,2,2,2,2,2,2,2,2,2,2,2,2,2,2,2,2,2,2,2,2,2,2,2,2,2,2,2,2,2,2,2,2,2,2,2,2,2,2,2,2,2 | LnAcc: 1.000 | IRec: 1.000
Start Experiment 29
***************************************************************
Ground-truth Labels: 0,4,5,6,8,9,10,11,13,14,17,19,21,22,25,26,27,28,29,30,31,32,33,37,38,39,40,41,44,45,46,49,50,51,53,58,60,61,62,64,65,67,71,73,74,75,76,77,78,79,80,82,83,84,86,87,88,90,91,92,93,95,97,99
Ground-truth Num of Instances: 2,2,2,2,2,2,2,2,2,2,2,2,2,2,2,2,2,2,2,2,2,2,2,2,2,2,2,2,2,2,2,2,2,2,2,2,2,2,2,2,2,2,2,2,2,2,2,2,2,2,2,2,2,2,2,2,2,2,2,2,2,2,2,2
Our Recovered Labels: 0,4,5,6,8,9,10,11,13,14,17,19,21,22,25,26,27,28,29,30,31,32,33,37,38,39,40,41,44,45,46,49,50,51,53,58,60,61,62,64,65,67,71,73,74,75,76,77,78,79,80,82,83,84,86,87,88,90,91,92,93,95,97,99 | LeAcc: 1.000
Our Recovered Num of Instances: 2,2,2,2,2,2,2,2,2,2,2,2,2,2,2,2,2,2,2,2,2,2,2,2,2,2,2,2,2,2,2,2,2,2,2,2,2,2,2,2,2,2,2,2,2,2,2,2,2,2,2,2,2,2,2,2,2,2,2,2,2,2,2,2 | LnAcc: 1.000 | IRec: 1.000
Start Experiment 30
***************************************************************
Ground-truth Labels: 3,4,5,6,8,9,10,12,13,16,18,19,21,22,23,24,26,27,29,30,31,32,35,36,38,40,41,45,47,50,51,52,53,55,56,58,59,61,62,63,65,66,67,68,69,70,71,72,74,77,79,80,81,85,87,88,89,90,91,94,95,96,97,98
Ground-truth Num of Instances: 2,2,2,2,2,2,2,2,2,2,2,2,2,2,2,2,2,2,2,2,2,2,2,2,2,2,2,2,2,2,2,2,2,2,2,2,2,2,2,2,2,2,2,2,2,2,2,2,2,2,2,2,2,2,2,2,2,2,2,2,2,2,2,2
Our Recovered Labels: 3,4,5,6,8,9,10,12,13,16,18,19,21,22,23,24,26,27,29,30,31,32,35,36,38,40,41,45,47,50,51,52,53,55,56,58,59,61,62,63,65,66,67,68,69,70,71,72,74,77,79,80,81,85,87,88,89,90,91,94,95,96,97,98 | LeAcc: 1.000
Our Recovered Num of Instances: 2,2,2,2,2,2,2,2,2,2,2,2,2,2,2,2,2,2,2,2,2,2,2,2,2,2,2,2,2,2,2,2,2,2,2,2,2,2,2,2,2,2,2,2,2,2,2,2,2,2,2,2,2,2,2,2,2,2,2,2,2,2,2,2 | LnAcc: 1.000 | IRec: 1.000
Start Experiment 31
***************************************************************
Ground-truth Labels: 1,4,6,7,8,9,10,11,12,15,16,18,20,22,23,26,27,30,31,32,33,34,36,39,41,42,45,46,47,48,50,51,52,53,55,56,57,58,59,60,63,67,68,69,70,73,74,75,76,78,79,83,85,86,87,88,90,93,94,95,96,97,98,99
Ground-truth Num of Instances: 2,2,2,2,2,2,2,2,2,2,2,2,2,2,2,2,2,2,2,2,2,2,2,2,2,2,2,2,2,2,2,2,2,2,2,2,2,2,2,2,2,2,2,2,2,2,2,2,2,2,2,2,2,2,2,2,2,2,2,2,2,2,2,2
Our Recovered Labels: 1,4,6,7,8,9,10,11,12,15,16,18,20,22,23,26,27,30,31,32,33,34,36,39,41,42,45,46,47,48,50,51,52,53,55,56,57,58,59,60,63,67,68,69,70,73,74,75,76,78,79,83,85,86,87,88,90,93,94,95,96,97,98,99 | LeAcc: 1.000
Our Recovered Num of Instances: 2,2,2,2,2,2,2,2,2,2,2,2,2,2,2,2,2,2,2,2,2,2,2,2,2,2,2,2,2,2,2,2,2,2,2,2,2,2,2,2,2,2,2,2,2,2,2,2,2,2,2,2,2,2,2,2,2,2,2,2,2,2,2,2 | LnAcc: 1.000 | IRec: 1.000
Start Experiment 32
***************************************************************
Ground-truth Labels: 0,1,2,4,7,10,11,12,14,15,16,17,18,19,20,21,23,24,25,26,28,30,31,33,34,36,39,41,42,45,46,47,48,49,50,51,53,54,55,56,59,61,62,64,65,67,68,69,71,73,75,76,78,79,80,81,83,84,89,90,91,92,98,99
Ground-truth Num of Instances: 2,2,2,2,2,2,2,2,2,2,2,2,2,2,2,2,2,2,2,2,2,2,2,2,2,2,2,2,2,2,2,2,2,2,2,2,2,2,2,2,2,2,2,2,2,2,2,2,2,2,2,2,2,2,2,2,2,2,2,2,2,2,2,2
Our Recovered Labels: 0,1,2,4,7,10,11,12,14,15,16,17,18,19,20,21,23,24,25,26,28,30,31,33,34,36,39,41,42,45,46,47,48,49,50,51,53,54,55,56,59,61,62,64,65,67,68,69,71,73,75,76,78,79,80,81,83,84,89,90,91,92,98,99 | LeAcc: 1.000
Our Recovered Num of Instances: 2,2,2,2,2,2,2,2,2,2,2,2,2,2,2,2,2,2,2,2,2,2,2,2,2,2,2,2,2,2,2,2,2,2,2,2,2,2,2,2,2,2,2,2,2,2,2,2,2,2,2,2,2,2,2,2,2,2,2,2,2,2,2,2 | LnAcc: 1.000 | IRec: 1.000
Start Experiment 33
***************************************************************
Ground-truth Labels: 0,4,5,6,7,8,10,11,12,13,14,16,18,20,23,24,25,26,27,28,29,30,33,34,35,36,37,38,39,42,43,45,46,47,48,52,54,57,58,59,62,64,65,67,69,71,72,73,74,76,78,81,85,87,88,89,90,91,92,93,94,95,98,99
Ground-truth Num of Instances: 2,2,2,2,2,2,2,2,2,2,2,2,2,2,2,2,2,2,2,2,2,2,2,2,2,2,2,2,2,2,2,2,2,2,2,2,2,2,2,2,2,2,2,2,2,2,2,2,2,2,2,2,2,2,2,2,2,2,2,2,2,2,2,2
Our Recovered Labels: 0,4,5,6,7,8,10,11,12,13,14,16,18,20,23,24,25,26,27,28,29,30,33,34,35,36,37,38,39,42,43,45,46,47,48,52,54,57,58,59,62,64,65,67,69,71,72,73,74,76,78,81,85,87,88,89,90,91,92,93,94,95,98,99 | LeAcc: 1.000
Our Recovered Num of Instances: 2,2,2,2,2,2,2,2,2,2,2,2,2,2,2,2,2,2,2,2,2,2,2,2,2,2,2,2,2,2,2,2,2,2,2,2,2,2,2,2,2,2,2,2,2,2,2,2,2,2,2,2,2,2,2,2,2,2,2,2,2,2,2,2 | LnAcc: 1.000 | IRec: 1.000
Start Experiment 34
***************************************************************
Ground-truth Labels: 1,3,5,6,7,9,11,12,13,16,17,18,20,23,25,27,28,29,31,32,33,35,37,38,40,41,42,43,45,47,49,51,52,55,57,58,59,60,61,62,63,64,65,66,67,71,72,75,77,78,79,80,81,82,84,85,86,88,93,94,95,97,98,99
Ground-truth Num of Instances: 2,2,2,2,2,2,2,2,2,2,2,2,2,2,2,2,2,2,2,2,2,2,2,2,2,2,2,2,2,2,2,2,2,2,2,2,2,2,2,2,2,2,2,2,2,2,2,2,2,2,2,2,2,2,2,2,2,2,2,2,2,2,2,2
Our Recovered Labels: 1,3,5,6,7,9,11,12,13,16,17,18,20,23,25,27,28,29,31,32,33,35,37,38,40,41,42,43,45,47,49,51,52,55,57,58,59,60,61,62,63,64,65,66,67,71,72,75,77,78,79,80,81,82,84,85,86,88,93,94,95,97,98,99 | LeAcc: 1.000
Our Recovered Num of Instances: 2,2,2,2,2,2,2,2,2,2,2,2,2,2,2,2,2,2,2,2,2,2,2,2,2,2,2,2,2,2,2,2,2,2,2,2,2,2,2,2,2,2,2,2,2,2,2,2,2,2,2,2,2,2,2,2,2,2,2,2,2,2,2,2 | LnAcc: 1.000 | IRec: 1.000
Start Experiment 35
***************************************************************
Ground-truth Labels: 0,5,7,8,11,12,13,15,17,22,23,24,25,26,28,31,32,33,35,36,37,38,39,42,43,45,46,47,48,50,51,53,54,55,56,59,60,63,64,65,66,68,69,70,71,72,73,74,76,78,79,80,82,83,84,86,89,91,92,93,96,97,98,99
Ground-truth Num of Instances: 2,2,2,2,2,2,2,2,2,2,2,2,2,2,2,2,2,2,2,2,2,2,2,2,2,2,2,2,2,2,2,2,2,2,2,2,2,2,2,2,2,2,2,2,2,2,2,2,2,2,2,2,2,2,2,2,2,2,2,2,2,2,2,2
Our Recovered Labels: 0,5,7,8,11,12,13,15,17,22,23,24,25,26,28,31,32,33,35,36,37,38,39,42,43,45,46,47,48,50,51,53,54,55,56,59,60,63,64,65,66,68,69,70,71,72,73,74,76,78,79,80,82,83,84,86,89,91,92,93,96,97,98,99 | LeAcc: 1.000
Our Recovered Num of Instances: 2,2,2,2,2,2,2,2,2,2,2,2,2,2,2,2,2,2,2,2,2,2,2,2,2,2,2,2,2,2,2,2,2,2,2,2,2,2,2,2,2,2,2,2,2,2,2,2,2,2,2,2,2,2,2,2,2,2,2,2,2,2,2,2 | LnAcc: 1.000 | IRec: 1.000
Start Experiment 36
***************************************************************
Ground-truth Labels: 0,1,2,4,7,8,9,10,11,12,13,14,17,19,20,22,24,25,27,29,30,31,32,35,36,37,39,40,41,44,45,47,48,49,50,53,54,56,57,58,59,62,64,65,66,67,69,70,74,75,76,78,80,81,84,85,86,87,89,90,91,92,93,99
Ground-truth Num of Instances: 2,2,2,2,2,2,2,2,2,2,2,2,2,2,2,2,2,2,2,2,2,2,2,2,2,2,2,2,2,2,2,2,2,2,2,2,2,2,2,2,2,2,2,2,2,2,2,2,2,2,2,2,2,2,2,2,2,2,2,2,2,2,2,2
Our Recovered Labels: 0,1,2,4,7,8,9,10,11,12,13,14,17,19,20,22,24,25,27,29,30,31,32,35,36,37,39,40,41,44,45,47,48,49,50,53,54,56,57,58,59,62,64,65,66,67,69,70,74,75,76,78,80,81,84,85,86,87,89,90,91,92,93,99 | LeAcc: 1.000
Our Recovered Num of Instances: 2,2,2,2,2,2,2,2,2,2,2,2,2,2,2,2,2,2,2,2,2,2,2,2,2,2,2,2,2,2,2,2,2,2,2,2,2,2,2,2,2,2,2,2,2,2,2,2,2,2,2,2,2,2,2,2,2,2,2,2,2,2,2,2 | LnAcc: 1.000 | IRec: 1.000
Start Experiment 37
***************************************************************
Ground-truth Labels: 0,1,2,5,7,8,9,10,13,14,16,17,18,19,21,22,24,25,28,29,31,33,35,38,41,42,44,45,46,49,50,54,57,58,59,60,62,63,64,66,68,69,70,71,73,78,79,80,82,84,85,86,87,88,89,90,91,92,94,95,96,97,98,99
Ground-truth Num of Instances: 2,2,2,2,2,2,2,2,2,2,2,2,2,2,2,2,2,2,2,2,2,2,2,2,2,2,2,2,2,2,2,2,2,2,2,2,2,2,2,2,2,2,2,2,2,2,2,2,2,2,2,2,2,2,2,2,2,2,2,2,2,2,2,2
Our Recovered Labels: 0,1,2,5,7,8,9,10,13,14,16,17,18,19,21,22,24,25,28,29,31,33,35,38,41,42,44,45,46,49,50,54,57,58,59,60,62,63,64,66,68,69,70,71,73,78,79,80,82,84,85,86,87,88,89,90,91,92,94,95,96,97,98,99 | LeAcc: 1.000
Our Recovered Num of Instances: 2,2,2,2,2,2,2,2,2,2,2,2,2,2,2,2,2,2,2,2,2,2,2,2,2,2,2,2,2,2,2,2,2,2,2,2,2,2,2,2,2,2,2,2,2,2,2,2,2,2,2,2,2,2,2,2,2,2,2,2,2,2,2,2 | LnAcc: 1.000 | IRec: 1.000
Start Experiment 38
***************************************************************
Ground-truth Labels: 0,1,2,4,5,7,9,17,18,19,20,21,22,23,24,25,26,27,28,29,31,33,35,38,39,41,43,44,45,46,47,48,53,54,56,57,58,59,61,63,64,65,67,69,70,71,73,75,76,78,79,80,81,82,83,85,86,90,92,93,95,97,98,99
Ground-truth Num of Instances: 2,2,2,2,2,2,2,2,2,2,2,2,2,2,2,2,2,2,2,2,2,2,2,2,2,2,2,2,2,2,2,2,2,2,2,2,2,2,2,2,2,2,2,2,2,2,2,2,2,2,2,2,2,2,2,2,2,2,2,2,2,2,2,2
Our Recovered Labels: 0,1,2,4,5,7,9,17,18,19,20,21,22,23,24,25,26,27,28,29,31,33,35,38,39,41,43,44,45,46,47,48,53,54,56,57,58,59,61,63,64,65,67,69,70,71,73,75,76,78,79,80,81,82,83,85,86,90,92,93,95,97,98,99 | LeAcc: 1.000
Our Recovered Num of Instances: 2,2,2,2,2,2,2,2,2,2,2,2,2,2,2,2,2,2,2,2,2,2,2,2,2,2,2,2,2,2,2,2,2,2,2,2,2,2,2,2,2,2,2,2,2,2,2,2,2,2,2,2,2,2,2,2,2,2,2,2,2,2,2,2 | LnAcc: 1.000 | IRec: 1.000
Start Experiment 39
***************************************************************
Ground-truth Labels: 0,1,3,4,7,8,10,12,13,14,18,19,20,22,23,26,27,28,31,32,37,38,39,40,41,43,45,47,48,49,52,53,54,55,57,59,60,61,62,63,64,65,66,68,69,71,72,73,74,76,77,78,79,81,83,84,86,87,88,89,93,96,98,99
Ground-truth Num of Instances: 2,2,2,2,2,2,2,2,2,2,2,2,2,2,2,2,2,2,2,2,2,2,2,2,2,2,2,2,2,2,2,2,2,2,2,2,2,2,2,2,2,2,2,2,2,2,2,2,2,2,2,2,2,2,2,2,2,2,2,2,2,2,2,2
Our Recovered Labels: 0,1,3,4,7,8,10,12,13,14,18,19,20,22,23,26,27,28,31,32,37,38,39,40,41,43,45,47,48,49,52,53,54,55,57,59,60,61,62,63,64,65,66,68,69,71,72,73,74,76,77,78,79,81,83,84,86,87,88,89,93,96,98,99 | LeAcc: 1.000
Our Recovered Num of Instances: 2,2,2,2,2,2,2,2,2,2,2,2,2,2,2,2,2,2,2,2,2,2,2,2,2,2,2,2,2,2,2,2,2,2,2,2,2,2,2,2,2,2,2,2,2,2,2,2,2,2,2,2,2,2,2,2,2,2,2,2,2,2,2,2 | LnAcc: 1.000 | IRec: 1.000
Start Experiment 40
***************************************************************
Ground-truth Labels: 1,3,5,6,7,8,9,10,11,14,15,16,17,18,21,22,24,26,28,30,31,34,35,36,39,40,42,43,44,45,46,49,51,52,54,55,57,59,60,61,62,66,67,68,71,72,74,75,81,83,84,85,87,88,89,90,91,92,93,94,95,97,98,99
Ground-truth Num of Instances: 2,2,2,2,2,2,2,2,2,2,2,2,2,2,2,2,2,2,2,2,2,2,2,2,2,2,2,2,2,2,2,2,2,2,2,2,2,2,2,2,2,2,2,2,2,2,2,2,2,2,2,2,2,2,2,2,2,2,2,2,2,2,2,2
Our Recovered Labels: 1,3,5,6,7,8,9,10,11,14,15,16,17,18,21,22,24,26,28,30,31,34,35,36,39,40,42,43,44,45,46,49,51,52,54,55,57,59,60,61,62,66,67,68,71,72,74,75,81,83,84,85,87,88,89,90,91,92,93,94,95,97,98,99 | LeAcc: 1.000
Our Recovered Num of Instances: 2,2,2,2,2,2,2,2,2,2,2,2,2,2,2,2,2,2,2,2,2,2,2,2,2,2,2,2,2,2,2,2,2,2,2,2,2,2,2,2,2,2,2,2,2,2,2,2,2,2,2,2,2,2,2,2,2,2,2,2,2,2,2,2 | LnAcc: 1.000 | IRec: 1.000
Start Experiment 41
***************************************************************
Ground-truth Labels: 0,3,4,5,6,7,12,14,15,16,17,18,20,21,22,23,28,29,30,31,33,34,36,37,40,42,43,44,45,47,48,50,51,52,54,55,56,57,60,61,62,64,66,67,68,72,73,74,75,76,77,78,80,81,83,85,86,87,89,90,91,92,93,97
Ground-truth Num of Instances: 2,2,2,2,2,2,2,2,2,2,2,2,2,2,2,2,2,2,2,2,2,2,2,2,2,2,2,2,2,2,2,2,2,2,2,2,2,2,2,2,2,2,2,2,2,2,2,2,2,2,2,2,2,2,2,2,2,2,2,2,2,2,2,2
Our Recovered Labels: 0,3,4,5,6,7,12,14,15,16,17,18,20,21,22,23,28,29,30,31,33,34,36,37,40,42,43,44,45,47,48,50,51,52,54,55,56,57,60,61,62,64,66,67,68,72,73,74,75,76,77,78,80,81,83,85,86,87,89,90,91,92,93,97 | LeAcc: 1.000
Our Recovered Num of Instances: 2,2,2,2,2,2,2,2,2,2,2,2,2,2,2,2,2,2,2,2,2,2,2,2,2,2,2,2,2,2,2,2,2,2,2,2,2,2,2,2,2,2,2,2,2,2,2,2,2,2,2,2,2,2,2,2,2,2,2,2,2,2,2,2 | LnAcc: 1.000 | IRec: 1.000
Start Experiment 42
***************************************************************
Ground-truth Labels: 0,1,2,3,4,5,6,7,8,11,12,13,15,16,17,18,19,20,21,24,25,26,29,30,33,34,35,37,38,39,44,45,46,48,50,51,53,54,55,56,57,58,59,61,63,64,66,67,68,69,70,71,73,75,79,80,81,82,83,85,87,93,96,98
Ground-truth Num of Instances: 2,2,2,2,2,2,2,2,2,2,2,2,2,2,2,2,2,2,2,2,2,2,2,2,2,2,2,2,2,2,2,2,2,2,2,2,2,2,2,2,2,2,2,2,2,2,2,2,2,2,2,2,2,2,2,2,2,2,2,2,2,2,2,2
Our Recovered Labels: 0,1,2,3,4,5,6,7,8,11,12,13,15,16,17,18,19,20,21,24,25,26,29,30,33,34,35,37,38,39,44,45,46,48,50,51,53,54,55,56,57,58,59,61,63,64,66,67,68,69,70,71,73,75,79,80,81,82,83,85,87,93,96,98 | LeAcc: 1.000
Our Recovered Num of Instances: 2,2,2,2,2,2,2,2,2,2,2,2,2,2,2,2,2,2,2,2,2,2,2,2,2,2,2,2,2,2,2,2,2,2,2,2,2,2,2,2,2,2,2,2,2,2,2,2,2,2,2,2,2,2,2,2,2,2,2,2,2,2,2,2 | LnAcc: 1.000 | IRec: 1.000
Start Experiment 43
***************************************************************
Ground-truth Labels: 0,2,3,5,8,9,10,11,12,13,14,15,16,17,21,23,24,25,27,29,31,32,33,36,38,39,41,42,43,44,45,46,49,52,55,56,57,58,59,61,62,65,66,70,72,73,74,75,76,77,78,79,80,83,85,87,88,89,93,94,95,96,98,99
Ground-truth Num of Instances: 2,2,2,2,2,2,2,2,2,2,2,2,2,2,2,2,2,2,2,2,2,2,2,2,2,2,2,2,2,2,2,2,2,2,2,2,2,2,2,2,2,2,2,2,2,2,2,2,2,2,2,2,2,2,2,2,2,2,2,2,2,2,2,2
Our Recovered Labels: 0,2,3,5,8,9,10,11,12,13,14,15,16,17,21,23,24,25,27,29,31,32,33,36,38,39,41,42,43,44,45,46,49,52,55,56,57,58,59,61,62,65,66,70,72,73,74,75,76,77,78,79,80,83,85,87,88,89,93,94,95,96,98,99 | LeAcc: 1.000
Our Recovered Num of Instances: 2,2,2,2,2,2,2,2,2,2,2,2,2,2,2,2,2,2,2,2,2,2,2,2,2,2,2,2,2,2,2,2,2,2,2,2,2,2,2,2,2,2,2,2,2,2,2,2,2,2,2,2,2,2,2,2,2,2,2,2,2,2,2,2 | LnAcc: 1.000 | IRec: 1.000
Start Experiment 44
***************************************************************
Ground-truth Labels: 0,1,2,3,5,8,9,10,11,13,15,16,17,18,20,22,23,24,26,28,31,32,33,34,36,38,40,41,42,43,44,45,47,48,50,51,52,53,55,56,57,61,62,63,64,65,67,70,72,73,74,75,77,78,79,80,85,86,88,91,94,95,96,98
Ground-truth Num of Instances: 2,2,2,2,2,2,2,2,2,2,2,2,2,2,2,2,2,2,2,2,2,2,2,2,2,2,2,2,2,2,2,2,2,2,2,2,2,2,2,2,2,2,2,2,2,2,2,2,2,2,2,2,2,2,2,2,2,2,2,2,2,2,2,2
Our Recovered Labels: 0,1,2,3,5,8,9,10,11,13,15,16,17,18,20,22,23,24,26,28,31,32,33,34,36,38,40,41,42,43,44,45,47,48,50,51,52,53,55,56,57,61,62,63,64,65,67,70,72,73,74,75,77,78,79,80,85,86,88,91,94,95,96,98 | LeAcc: 1.000
Our Recovered Num of Instances: 2,2,2,2,2,2,2,2,2,2,2,2,2,2,2,2,2,2,2,2,2,2,2,2,2,2,2,2,2,2,2,2,2,2,2,2,2,2,2,2,2,2,2,2,2,2,2,2,2,2,2,2,2,2,2,2,2,2,2,2,2,2,2,2 | LnAcc: 1.000 | IRec: 1.000
Start Experiment 45
***************************************************************
Ground-truth Labels: 0,2,3,4,5,6,7,8,9,10,11,12,13,15,16,17,18,19,20,21,22,24,25,27,28,30,31,32,33,36,37,38,39,40,41,42,45,46,50,51,52,54,61,63,64,65,66,69,71,72,74,75,78,80,82,83,84,88,90,91,92,93,94,98
Ground-truth Num of Instances: 2,2,2,2,2,2,2,2,2,2,2,2,2,2,2,2,2,2,2,2,2,2,2,2,2,2,2,2,2,2,2,2,2,2,2,2,2,2,2,2,2,2,2,2,2,2,2,2,2,2,2,2,2,2,2,2,2,2,2,2,2,2,2,2
Our Recovered Labels: 0,2,3,4,5,6,7,8,9,10,11,12,13,15,16,17,18,19,20,21,22,24,25,27,28,30,31,32,33,36,37,38,39,40,41,42,45,46,50,51,52,54,61,63,64,65,66,69,71,72,74,75,78,80,82,83,84,88,90,91,92,93,94,98 | LeAcc: 1.000
Our Recovered Num of Instances: 2,2,2,2,2,2,2,2,2,2,2,2,2,2,2,2,2,2,2,2,2,2,2,2,2,2,2,2,2,2,2,2,2,2,2,2,2,2,2,2,2,2,2,2,2,2,2,2,2,2,2,2,2,2,2,2,2,2,2,2,2,2,2,2 | LnAcc: 1.000 | IRec: 1.000
Start Experiment 46
***************************************************************
Ground-truth Labels: 0,1,2,3,4,8,11,12,13,14,16,17,18,22,23,27,29,30,31,32,33,35,36,38,39,42,44,45,46,47,48,51,54,56,57,58,60,61,63,64,65,66,68,69,70,71,72,73,74,76,77,80,83,84,85,86,87,90,91,95,96,97,98,99
Ground-truth Num of Instances: 2,2,2,2,2,2,2,2,2,2,2,2,2,2,2,2,2,2,2,2,2,2,2,2,2,2,2,2,2,2,2,2,2,2,2,2,2,2,2,2,2,2,2,2,2,2,2,2,2,2,2,2,2,2,2,2,2,2,2,2,2,2,2,2
Our Recovered Labels: 0,1,2,3,4,8,11,12,13,14,16,17,18,22,23,27,29,30,31,32,33,35,36,38,39,42,44,45,46,47,48,51,54,56,57,58,60,61,63,64,65,66,68,69,70,71,72,73,74,76,77,80,83,84,85,86,87,90,91,95,96,97,98,99 | LeAcc: 1.000
Our Recovered Num of Instances: 2,2,2,2,2,2,2,2,2,2,2,2,2,2,2,2,2,2,2,2,2,2,2,2,2,2,2,2,2,2,2,2,2,2,2,2,2,2,2,2,2,2,2,2,2,2,2,2,2,2,2,2,2,2,2,2,2,2,2,2,2,2,2,2 | LnAcc: 1.000 | IRec: 1.000
Start Experiment 47
***************************************************************
Ground-truth Labels: 0,1,2,4,6,7,8,9,10,11,12,13,15,16,18,19,20,23,24,26,28,30,31,32,33,34,38,39,42,43,44,45,46,47,48,52,53,55,56,57,61,65,66,67,69,70,71,74,75,76,77,78,80,82,83,86,87,89,90,92,95,96,97,99
Ground-truth Num of Instances: 2,2,2,2,2,2,2,2,2,2,2,2,2,2,2,2,2,2,2,2,2,2,2,2,2,2,2,2,2,2,2,2,2,2,2,2,2,2,2,2,2,2,2,2,2,2,2,2,2,2,2,2,2,2,2,2,2,2,2,2,2,2,2,2
Our Recovered Labels: 0,1,2,4,6,7,8,9,10,11,12,13,15,16,18,19,20,23,24,26,28,30,31,32,33,34,38,39,42,43,44,45,46,47,48,52,53,55,56,57,61,65,66,67,69,70,71,74,75,76,77,78,80,82,83,86,87,89,90,92,95,96,97,99 | LeAcc: 1.000
Our Recovered Num of Instances: 2,2,2,2,2,2,2,2,2,2,2,2,2,2,2,2,2,2,2,2,2,2,2,2,2,2,2,2,2,2,2,2,2,2,2,2,2,2,2,2,2,2,2,2,2,2,2,2,2,2,2,2,2,2,2,2,2,2,2,2,2,2,2,2 | LnAcc: 1.000 | IRec: 1.000
Start Experiment 48
***************************************************************
Ground-truth Labels: 2,4,7,8,10,12,13,14,16,19,20,21,22,23,25,31,32,33,35,36,37,39,42,43,46,47,49,50,51,52,53,54,56,57,58,59,60,61,62,63,65,67,68,69,74,75,76,77,80,81,82,83,84,86,87,88,89,90,92,94,95,97,98,99
Ground-truth Num of Instances: 2,2,2,2,2,2,2,2,2,2,2,2,2,2,2,2,2,2,2,2,2,2,2,2,2,2,2,2,2,2,2,2,2,2,2,2,2,2,2,2,2,2,2,2,2,2,2,2,2,2,2,2,2,2,2,2,2,2,2,2,2,2,2,2
Our Recovered Labels: 2,4,7,8,10,12,13,14,16,19,20,21,22,23,25,31,32,33,35,36,37,39,42,43,46,47,49,50,51,52,53,54,56,57,58,59,60,61,62,63,65,67,68,69,74,75,76,77,80,81,82,83,84,86,87,88,89,90,92,94,95,97,98,99 | LeAcc: 1.000
Our Recovered Num of Instances: 2,2,2,2,2,2,2,2,2,2,2,2,2,2,2,2,2,2,2,2,2,2,2,2,2,2,2,2,2,2,2,2,2,2,2,2,2,2,2,2,2,2,2,2,2,2,2,2,2,2,2,2,2,2,2,2,2,2,2,2,2,2,2,2 | LnAcc: 1.000 | IRec: 1.000
Start Experiment 49
***************************************************************
Ground-truth Labels: 0,1,2,3,4,5,7,9,10,14,15,16,17,18,19,20,22,23,24,25,26,27,29,30,31,32,34,35,36,37,45,49,53,54,55,58,60,61,62,63,64,66,67,69,70,72,74,75,77,78,82,83,84,85,87,88,89,90,92,93,94,95,98,99
Ground-truth Num of Instances: 2,2,2,2,2,2,2,2,2,2,2,2,2,2,2,2,2,2,2,2,2,2,2,2,2,2,2,2,2,2,2,2,2,2,2,2,2,2,2,2,2,2,2,2,2,2,2,2,2,2,2,2,2,2,2,2,2,2,2,2,2,2,2,2
Our Recovered Labels: 0,1,2,3,4,5,7,9,10,14,15,16,17,18,19,20,22,23,24,25,26,27,29,30,31,32,34,35,36,37,45,49,53,54,55,58,60,61,62,63,64,66,67,69,70,72,74,75,77,78,82,83,84,85,87,88,89,90,92,93,94,95,98,99 | LeAcc: 1.000
Our Recovered Num of Instances: 2,2,2,2,2,2,2,2,2,2,2,2,2,2,2,2,2,2,2,2,2,2,2,2,2,2,2,2,2,2,2,2,2,2,2,2,2,2,2,2,2,2,2,2,2,2,2,2,2,2,2,2,2,2,2,2,2,2,2,2,2,2,2,2 | LnAcc: 1.000 | IRec: 1.000
Start Experiment 50
***************************************************************
Ground-truth Labels: 1,2,4,7,8,9,11,12,15,16,17,18,19,20,21,22,23,24,26,27,31,33,35,39,40,41,42,43,45,46,47,50,53,55,56,57,58,59,62,63,64,65,67,69,71,72,74,75,77,79,80,81,82,83,85,87,88,89,91,92,93,94,95,97
Ground-truth Num of Instances: 2,2,2,2,2,2,2,2,2,2,2,2,2,2,2,2,2,2,2,2,2,2,2,2,2,2,2,2,2,2,2,2,2,2,2,2,2,2,2,2,2,2,2,2,2,2,2,2,2,2,2,2,2,2,2,2,2,2,2,2,2,2,2,2
Our Recovered Labels: 1,2,4,7,8,9,11,12,15,16,17,18,19,20,21,22,23,24,26,27,31,33,35,39,40,41,42,43,45,46,47,50,53,55,56,57,58,59,62,63,64,65,67,69,71,72,74,75,77,79,80,81,82,83,85,87,88,89,91,92,93,94,95,97 | LeAcc: 1.000
Our Recovered Num of Instances: 2,2,2,2,2,2,2,2,2,2,2,2,2,2,2,2,2,2,2,2,2,2,2,2,2,2,2,2,2,2,2,2,2,2,2,2,2,2,2,2,2,2,2,2,2,2,2,2,2,2,2,2,2,2,2,2,2,2,2,2,2,2,2,2 | LnAcc: 1.000 | IRec: 1.000
---------------------------------------------------------------
Mean Ours LeAcc: 1.000 | Mean Ours LnAcc: 1.000 | Mean Ours IRec: 1.000
