running experiments at 2022-09-03-21:04:40
	log_dir: exp_res
	cpu: False
	num_tries: 50
	num_images: 128
	seed: 12
	alpha: 1
	simplified: False
	compare: False
	analysis: False
	data_path: data
	dataset: CIFAR100
	split: train
	distribution: balanced
	start_id: 0
	num_classes: 100
	num_uniform_cls: 32
	model: lenet5
	trained_model: False
	epochs: 10
	batch_size: 128
	optimizer: SGD
	lr: 0.1
	scheduler: linear
	weight_decay: 0.0005
	warmup: False
	valid_interval: 1
	mid_save: False
	model_path: models
	dryrun: False
	batchnorm: False
	dropout: False
	silu: False
	dim: 300
	n_hidden: 1
	defense: False
	defense_method: dp
	noise_std: 0.001
	clip_bound: 4
	sparse_ratio: 10
	prune_ratio: 10
	rec_img: False
	fix_labels: False
	gt_labels: False
	optim: ig
	restarts: 1
	cost_fn: sim
	indices: def
	weights: equal
	rec_lr: None
	rec_optimizer: adam
	signed: False
	boxed: False
	scoring_choice: loss
	init: randn
	tv: 1e-06
	l2: 1e-06
	max_iterations: 8000
	loss_thresh: 0.0001
	save_image: False
	image_path: images
	table_path: tables

Start Experiment 1
***************************************************************
Ground-truth Labels: 15,21,22,23,25,27,30,32,33,37,38,41,42,46,57,58,61,62,63,64,66,73,75,78,80,84,90,93,94,97,98,99
Ground-truth Num of Instances: 4,4,4,4,4,4,4,4,4,4,4,4,4,4,4,4,4,4,4,4,4,4,4,4,4,4,4,4,4,4,4,4
Our Recovered Labels: 15,21,22,23,25,27,30,32,33,37,38,41,42,46,57,58,61,62,63,64,66,73,75,78,80,84,90,93,94,97,98,99 | LeAcc: 1.000
Our Recovered Num of Instances: 4,4,4,4,4,4,4,4,4,4,4,4,4,4,4,4,4,4,4,4,4,4,4,4,4,4,4,4,4,4,4,4 | LnAcc: 1.000 | IRec: 1.000
Start Experiment 2
***************************************************************
Ground-truth Labels: 0,14,16,18,20,24,26,28,33,34,36,38,43,44,51,52,55,61,63,64,65,67,68,70,72,73,75,76,80,87,93,96
Ground-truth Num of Instances: 4,4,4,4,4,4,4,4,4,4,4,4,4,4,4,4,4,4,4,4,4,4,4,4,4,4,4,4,4,4,4,4
Our Recovered Labels: 0,14,16,18,20,24,26,28,33,34,36,38,43,44,51,52,55,61,63,64,65,67,68,70,72,73,75,76,80,87,93,96 | LeAcc: 1.000
Our Recovered Num of Instances: 4,4,4,4,4,4,4,4,4,4,4,4,4,4,4,4,4,4,4,4,4,4,4,4,4,4,4,4,4,4,4,4 | LnAcc: 1.000 | IRec: 1.000
Start Experiment 3
***************************************************************
Ground-truth Labels: 0,10,11,12,17,18,19,25,26,31,33,43,45,50,51,60,61,62,67,68,69,73,74,75,80,84,85,87,88,90,93,97
Ground-truth Num of Instances: 4,4,4,4,4,4,4,4,4,4,4,4,4,4,4,4,4,4,4,4,4,4,4,4,4,4,4,4,4,4,4,4
Our Recovered Labels: 0,10,11,12,17,18,19,25,26,31,33,43,45,50,51,60,61,62,67,68,69,73,74,75,80,84,85,87,88,90,93,97 | LeAcc: 1.000
Our Recovered Num of Instances: 4,4,4,4,4,4,4,4,4,4,4,4,4,4,4,4,4,4,4,4,4,4,4,4,4,4,4,4,4,4,4,4 | LnAcc: 1.000 | IRec: 1.000
Start Experiment 4
***************************************************************
Ground-truth Labels: 0,1,2,12,16,18,20,23,34,38,42,43,46,49,50,51,53,54,55,58,65,69,71,72,73,78,85,87,88,89,90,95
Ground-truth Num of Instances: 4,4,4,4,4,4,4,4,4,4,4,4,4,4,4,4,4,4,4,4,4,4,4,4,4,4,4,4,4,4,4,4
Our Recovered Labels: 0,1,2,12,16,18,20,23,34,38,42,43,46,49,50,51,53,54,55,58,65,69,71,72,73,78,85,87,88,89,90,95 | LeAcc: 1.000
Our Recovered Num of Instances: 4,4,4,4,4,4,4,4,4,4,4,4,4,4,4,4,4,4,4,4,4,4,4,4,4,4,4,4,4,4,4,4 | LnAcc: 1.000 | IRec: 1.000
Start Experiment 5
***************************************************************
Ground-truth Labels: 7,9,11,16,19,20,22,27,28,29,32,33,38,45,47,51,53,54,60,61,63,67,69,71,77,78,80,85,86,88,95,98
Ground-truth Num of Instances: 4,4,4,4,4,4,4,4,4,4,4,4,4,4,4,4,4,4,4,4,4,4,4,4,4,4,4,4,4,4,4,4
Our Recovered Labels: 7,9,11,16,19,20,22,27,28,29,32,33,38,45,47,51,53,54,60,61,63,67,69,71,77,78,80,85,86,88,95,98 | LeAcc: 1.000
Our Recovered Num of Instances: 4,4,4,4,4,4,4,4,4,4,4,4,4,4,4,4,4,4,4,4,4,4,4,4,4,4,4,4,4,4,4,4 | LnAcc: 1.000 | IRec: 1.000
Start Experiment 6
***************************************************************
Ground-truth Labels: 1,5,8,11,13,17,20,21,27,32,34,35,36,38,42,44,45,47,50,51,52,55,56,65,66,72,75,77,86,90,92,96
Ground-truth Num of Instances: 4,4,4,4,4,4,4,4,4,4,4,4,4,4,4,4,4,4,4,4,4,4,4,4,4,4,4,4,4,4,4,4
Our Recovered Labels: 1,5,8,11,13,17,20,21,27,32,34,35,36,38,42,44,45,47,50,51,52,55,56,65,66,72,75,77,86,90,92,96 | LeAcc: 1.000
Our Recovered Num of Instances: 4,4,4,4,4,4,4,4,4,4,4,4,4,4,4,4,4,4,4,4,4,4,4,4,4,4,4,4,4,4,4,4 | LnAcc: 1.000 | IRec: 1.000
Start Experiment 7
***************************************************************
Ground-truth Labels: 2,9,11,13,20,24,26,28,33,39,40,41,46,48,51,58,59,62,64,65,67,68,71,72,73,87,88,89,91,92,96,99
Ground-truth Num of Instances: 4,4,4,4,4,4,4,4,4,4,4,4,4,4,4,4,4,4,4,4,4,4,4,4,4,4,4,4,4,4,4,4
Our Recovered Labels: 2,9,11,13,20,24,26,28,33,39,40,41,46,48,51,58,59,62,64,65,67,68,71,72,73,87,88,89,91,92,96,99 | LeAcc: 1.000
Our Recovered Num of Instances: 4,4,4,4,4,4,4,4,4,4,4,4,4,4,4,4,4,4,4,4,4,4,4,4,4,4,4,4,4,4,4,4 | LnAcc: 1.000 | IRec: 1.000
Start Experiment 8
***************************************************************
Ground-truth Labels: 1,2,8,10,16,17,21,27,29,31,34,35,40,46,50,53,54,57,63,65,67,68,73,79,82,83,84,86,88,90,91,96
Ground-truth Num of Instances: 4,4,4,4,4,4,4,4,4,4,4,4,4,4,4,4,4,4,4,4,4,4,4,4,4,4,4,4,4,4,4,4
Our Recovered Labels: 1,2,8,10,16,17,21,27,29,31,34,35,40,46,50,53,54,57,63,65,67,68,73,79,82,83,84,86,88,90,91,96 | LeAcc: 1.000
Our Recovered Num of Instances: 4,4,4,4,4,4,4,4,4,4,4,4,4,4,4,4,4,4,4,4,4,4,4,4,4,4,4,4,4,4,4,4 | LnAcc: 1.000 | IRec: 1.000
Start Experiment 9
***************************************************************
Ground-truth Labels: 1,2,3,7,8,21,22,24,27,30,31,36,37,38,44,52,58,60,64,66,67,70,72,77,78,79,81,84,88,90,95,98
Ground-truth Num of Instances: 4,4,4,4,4,4,4,4,4,4,4,4,4,4,4,4,4,4,4,4,4,4,4,4,4,4,4,4,4,4,4,4
Our Recovered Labels: 1,2,3,7,8,21,22,24,27,30,31,36,37,38,44,52,58,60,64,66,67,70,72,77,78,79,81,84,88,90,95,98 | LeAcc: 1.000
Our Recovered Num of Instances: 4,4,4,4,4,4,4,4,4,4,4,4,4,4,4,4,4,4,4,4,4,4,4,4,4,4,4,4,4,4,4,4 | LnAcc: 1.000 | IRec: 1.000
Start Experiment 10
***************************************************************
Ground-truth Labels: 4,8,10,11,17,18,24,25,26,27,33,38,41,42,47,48,50,55,56,58,61,62,63,68,70,74,78,80,81,88,94,96
Ground-truth Num of Instances: 4,4,4,4,4,4,4,4,4,4,4,4,4,4,4,4,4,4,4,4,4,4,4,4,4,4,4,4,4,4,4,4
Our Recovered Labels: 4,8,10,11,17,18,24,25,26,27,33,38,41,42,47,48,50,55,56,58,61,62,63,68,70,74,78,80,81,88,94,96 | LeAcc: 1.000
Our Recovered Num of Instances: 4,4,4,4,4,4,4,4,4,4,4,4,4,4,4,4,4,4,4,4,4,4,4,4,4,4,4,4,4,4,4,4 | LnAcc: 1.000 | IRec: 1.000
Start Experiment 11
***************************************************************
Ground-truth Labels: 1,2,4,7,8,9,16,19,20,23,25,26,27,30,36,41,42,43,44,46,55,61,71,75,78,80,83,86,87,88,93,99
Ground-truth Num of Instances: 4,4,4,4,4,4,4,4,4,4,4,4,4,4,4,4,4,4,4,4,4,4,4,4,4,4,4,4,4,4,4,4
Our Recovered Labels: 1,2,4,7,8,9,16,19,20,23,25,26,27,30,36,41,42,43,44,46,55,61,71,75,78,80,83,86,87,88,93,99 | LeAcc: 1.000
Our Recovered Num of Instances: 4,4,4,4,4,4,4,4,4,4,4,4,4,4,4,4,4,4,4,4,4,4,4,4,4,4,4,4,4,4,4,4 | LnAcc: 1.000 | IRec: 1.000
Start Experiment 12
***************************************************************
Ground-truth Labels: 14,19,24,26,29,33,35,36,38,41,42,43,45,46,47,53,59,60,61,62,66,68,70,74,77,81,83,86,88,94,95,97
Ground-truth Num of Instances: 4,4,4,4,4,4,4,4,4,4,4,4,4,4,4,4,4,4,4,4,4,4,4,4,4,4,4,4,4,4,4,4
Our Recovered Labels: 14,19,24,26,29,33,35,36,38,41,42,43,45,46,47,53,59,60,61,62,66,68,70,74,77,81,83,86,88,94,95,97 | LeAcc: 1.000
Our Recovered Num of Instances: 4,4,4,4,4,4,4,4,4,4,4,4,4,4,4,4,4,4,4,4,4,4,4,4,4,4,4,4,4,4,4,4 | LnAcc: 1.000 | IRec: 1.000
Start Experiment 13
***************************************************************
Ground-truth Labels: 2,5,7,8,13,18,24,25,29,33,37,38,39,44,45,49,50,53,54,61,62,66,73,76,79,81,84,88,94,96,97,98
Ground-truth Num of Instances: 4,4,4,4,4,4,4,4,4,4,4,4,4,4,4,4,4,4,4,4,4,4,4,4,4,4,4,4,4,4,4,4
Our Recovered Labels: 2,5,7,8,13,18,24,25,29,33,37,38,39,44,45,49,50,53,54,61,62,66,73,76,79,81,84,88,94,96,97,98 | LeAcc: 1.000
Our Recovered Num of Instances: 4,4,4,4,4,4,4,4,4,4,4,4,4,4,4,4,4,4,4,4,4,4,4,4,4,4,4,4,4,4,4,4 | LnAcc: 1.000 | IRec: 1.000
Start Experiment 14
***************************************************************
Ground-truth Labels: 2,4,8,10,22,23,24,28,31,33,36,40,41,43,45,46,49,50,54,65,67,69,73,74,75,83,84,88,91,96,97,99
Ground-truth Num of Instances: 4,4,4,4,4,4,4,4,4,4,4,4,4,4,4,4,4,4,4,4,4,4,4,4,4,4,4,4,4,4,4,4
Our Recovered Labels: 2,4,8,10,22,23,24,28,31,33,36,40,41,43,45,46,49,50,54,65,67,69,73,74,75,83,84,88,91,96,97,99 | LeAcc: 1.000
Our Recovered Num of Instances: 4,4,4,4,4,4,4,4,4,4,4,4,4,4,4,4,4,4,4,4,4,4,4,4,4,4,4,4,4,4,4,4 | LnAcc: 1.000 | IRec: 1.000
Start Experiment 15
***************************************************************
Ground-truth Labels: 0,1,3,8,10,11,13,15,16,18,20,21,26,28,34,38,40,41,43,52,53,60,62,71,73,80,84,86,89,92,95,99
Ground-truth Num of Instances: 4,4,4,4,4,4,4,4,4,4,4,4,4,4,4,4,4,4,4,4,4,4,4,4,4,4,4,4,4,4,4,4
Our Recovered Labels: 0,1,3,8,10,11,13,15,16,18,20,21,26,28,34,38,40,41,43,52,53,60,62,71,73,80,84,86,89,92,95,99 | LeAcc: 1.000
Our Recovered Num of Instances: 4,4,4,4,4,4,4,4,4,4,4,4,4,4,4,4,4,4,4,4,4,4,4,4,4,4,4,4,4,4,4,4 | LnAcc: 1.000 | IRec: 1.000
Start Experiment 16
***************************************************************
Ground-truth Labels: 5,6,7,11,15,17,20,26,28,32,41,43,48,49,51,52,55,58,59,63,65,66,67,69,72,74,78,84,91,92,95,99
Ground-truth Num of Instances: 4,4,4,4,4,4,4,4,4,4,4,4,4,4,4,4,4,4,4,4,4,4,4,4,4,4,4,4,4,4,4,4
Our Recovered Labels: 5,6,7,11,15,17,20,26,28,32,41,43,48,49,51,52,55,58,59,63,65,66,67,69,72,74,78,84,91,92,95,99 | LeAcc: 1.000
Our Recovered Num of Instances: 4,4,4,4,4,4,4,4,4,4,4,4,4,4,4,4,4,4,4,4,4,4,4,4,4,4,4,4,4,4,4,4 | LnAcc: 1.000 | IRec: 1.000
Start Experiment 17
***************************************************************
Ground-truth Labels: 3,6,7,8,10,14,16,18,29,34,37,38,42,43,50,53,58,67,69,72,78,81,83,86,87,88,89,91,92,94,95,97
Ground-truth Num of Instances: 4,4,4,4,4,4,4,4,4,4,4,4,4,4,4,4,4,4,4,4,4,4,4,4,4,4,4,4,4,4,4,4
Our Recovered Labels: 3,6,7,8,10,14,16,18,29,34,37,38,42,43,50,53,58,67,69,72,78,81,83,86,87,88,89,91,92,94,95,97 | LeAcc: 1.000
Our Recovered Num of Instances: 4,4,4,4,4,4,4,4,4,4,4,4,4,4,4,4,4,4,4,4,4,4,4,4,4,4,4,4,4,4,4,4 | LnAcc: 1.000 | IRec: 1.000
Start Experiment 18
***************************************************************
Ground-truth Labels: 2,5,6,9,14,15,16,17,22,23,24,26,31,33,34,38,40,43,48,53,54,57,64,65,67,69,71,76,81,85,92,95
Ground-truth Num of Instances: 4,4,4,4,4,4,4,4,4,4,4,4,4,4,4,4,4,4,4,4,4,4,4,4,4,4,4,4,4,4,4,4
Our Recovered Labels: 2,5,6,9,14,15,16,17,22,23,24,26,31,33,34,38,40,43,48,53,54,57,64,65,67,69,71,76,81,85,92,95 | LeAcc: 1.000
Our Recovered Num of Instances: 4,4,4,4,4,4,4,4,4,4,4,4,4,4,4,4,4,4,4,4,4,4,4,4,4,4,4,4,4,4,4,4 | LnAcc: 1.000 | IRec: 1.000
Start Experiment 19
***************************************************************
Ground-truth Labels: 6,18,19,22,27,30,31,35,42,44,46,48,49,54,57,59,60,63,64,66,67,69,75,78,79,88,89,91,94,95,98,99
Ground-truth Num of Instances: 4,4,4,4,4,4,4,4,4,4,4,4,4,4,4,4,4,4,4,4,4,4,4,4,4,4,4,4,4,4,4,4
Our Recovered Labels: 6,18,19,22,27,30,31,35,42,44,46,48,49,54,57,59,60,63,64,66,67,69,75,78,79,88,89,91,94,95,98,99 | LeAcc: 1.000
Our Recovered Num of Instances: 4,4,4,4,4,4,4,4,4,4,4,4,4,4,4,4,4,4,4,4,4,4,4,4,4,4,4,4,4,4,4,4 | LnAcc: 1.000 | IRec: 1.000
Start Experiment 20
***************************************************************
Ground-truth Labels: 0,2,5,11,14,20,23,26,30,31,37,39,42,44,46,48,54,55,59,60,61,63,65,70,71,74,78,80,83,84,90,97
Ground-truth Num of Instances: 4,4,4,4,4,4,4,4,4,4,4,4,4,4,4,4,4,4,4,4,4,4,4,4,4,4,4,4,4,4,4,4
Our Recovered Labels: 0,2,5,11,14,20,23,26,30,31,37,39,42,44,46,48,54,55,59,60,61,63,65,70,71,74,78,80,83,84,90,97 | LeAcc: 1.000
Our Recovered Num of Instances: 4,4,4,4,4,4,4,4,4,4,4,4,4,4,4,4,4,4,4,4,4,4,4,4,4,4,4,4,4,4,4,4 | LnAcc: 1.000 | IRec: 1.000
Start Experiment 21
***************************************************************
Ground-truth Labels: 5,7,10,12,16,19,21,22,23,27,30,32,35,43,47,49,50,54,55,62,70,72,74,75,76,77,78,85,92,95,96,99
Ground-truth Num of Instances: 4,4,4,4,4,4,4,4,4,4,4,4,4,4,4,4,4,4,4,4,4,4,4,4,4,4,4,4,4,4,4,4
Our Recovered Labels: 5,7,10,12,16,19,21,22,23,27,30,32,35,43,47,49,50,54,55,62,70,72,74,75,76,77,78,85,92,95,96,99 | LeAcc: 1.000
Our Recovered Num of Instances: 4,4,4,4,4,4,4,4,4,4,4,4,4,4,4,4,4,4,4,4,4,4,4,4,4,4,4,4,4,4,4,4 | LnAcc: 1.000 | IRec: 1.000
Start Experiment 22
***************************************************************
Ground-truth Labels: 5,9,18,22,23,24,25,32,33,36,44,47,53,54,57,58,59,60,63,65,66,68,69,71,74,76,78,84,85,88,94,95
Ground-truth Num of Instances: 4,4,4,4,4,4,4,4,4,4,4,4,4,4,4,4,4,4,4,4,4,4,4,4,4,4,4,4,4,4,4,4
Our Recovered Labels: 5,9,18,22,23,24,25,32,33,36,44,47,53,54,57,58,59,60,63,65,66,68,69,71,74,76,78,84,85,88,94,95 | LeAcc: 1.000
Our Recovered Num of Instances: 4,4,4,4,4,4,4,4,4,4,4,4,4,4,4,4,4,4,4,4,4,4,4,4,4,4,4,4,4,4,4,4 | LnAcc: 1.000 | IRec: 1.000
Start Experiment 23
***************************************************************
Ground-truth Labels: 0,1,3,4,6,8,11,19,21,22,25,28,30,31,34,36,38,42,45,48,51,54,60,67,70,75,77,79,84,86,91,98
Ground-truth Num of Instances: 4,4,4,4,4,4,4,4,4,4,4,4,4,4,4,4,4,4,4,4,4,4,4,4,4,4,4,4,4,4,4,4
Our Recovered Labels: 0,1,3,4,6,8,11,19,21,22,25,28,30,31,34,36,38,42,45,48,51,54,60,67,70,75,77,79,84,86,91,98 | LeAcc: 1.000
Our Recovered Num of Instances: 4,4,4,4,4,4,4,4,4,4,4,4,4,4,4,4,4,4,4,4,4,4,4,4,4,4,4,4,4,4,4,4 | LnAcc: 1.000 | IRec: 1.000
Start Experiment 24
***************************************************************
Ground-truth Labels: 0,1,4,5,7,13,14,15,16,20,27,32,34,35,39,42,43,48,52,54,55,59,65,67,70,71,74,85,86,88,90,98
Ground-truth Num of Instances: 4,4,4,4,4,4,4,4,4,4,4,4,4,4,4,4,4,4,4,4,4,4,4,4,4,4,4,4,4,4,4,4
Our Recovered Labels: 0,1,4,5,7,13,14,15,16,20,27,32,34,35,39,42,43,48,52,54,55,59,65,67,70,71,74,85,86,88,90,98 | LeAcc: 1.000
Our Recovered Num of Instances: 4,4,4,4,4,4,4,4,4,4,4,4,4,4,4,4,4,4,4,4,4,4,4,4,4,4,4,4,4,4,4,4 | LnAcc: 1.000 | IRec: 1.000
Start Experiment 25
***************************************************************
Ground-truth Labels: 0,2,10,12,18,19,23,24,26,30,38,45,47,52,54,55,58,59,61,66,68,69,72,73,74,78,81,83,84,91,92,99
Ground-truth Num of Instances: 4,4,4,4,4,4,4,4,4,4,4,4,4,4,4,4,4,4,4,4,4,4,4,4,4,4,4,4,4,4,4,4
Our Recovered Labels: 0,2,10,12,18,19,23,24,26,30,38,45,47,52,54,55,58,59,61,66,68,69,72,73,74,78,81,83,84,91,92,99 | LeAcc: 1.000
Our Recovered Num of Instances: 4,4,4,4,4,4,4,4,4,4,4,4,4,4,4,4,4,4,4,4,4,4,4,4,4,4,4,4,4,4,4,4 | LnAcc: 1.000 | IRec: 1.000
Start Experiment 26
***************************************************************
Ground-truth Labels: 0,1,2,3,4,6,8,13,14,15,17,22,30,36,37,40,43,48,50,53,56,58,59,64,65,66,77,80,86,89,91,96
Ground-truth Num of Instances: 4,4,4,4,4,4,4,4,4,4,4,4,4,4,4,4,4,4,4,4,4,4,4,4,4,4,4,4,4,4,4,4
Our Recovered Labels: 0,1,2,3,4,6,8,13,14,15,17,22,30,36,37,40,43,48,50,53,56,58,59,64,65,66,77,80,86,89,91,96 | LeAcc: 1.000
Our Recovered Num of Instances: 4,4,4,4,4,4,4,4,4,4,4,4,4,4,4,4,4,4,4,4,4,4,4,4,4,4,4,4,4,4,4,4 | LnAcc: 1.000 | IRec: 1.000
Start Experiment 27
***************************************************************
Ground-truth Labels: 6,7,8,10,11,14,16,18,22,23,27,29,34,43,47,49,51,54,59,64,65,68,74,79,80,83,89,92,95,96,97,98
Ground-truth Num of Instances: 4,4,4,4,4,4,4,4,4,4,4,4,4,4,4,4,4,4,4,4,4,4,4,4,4,4,4,4,4,4,4,4
Our Recovered Labels: 6,7,8,10,11,14,16,18,22,23,27,29,34,43,47,49,51,54,59,64,65,68,74,79,80,83,89,92,95,96,97,98 | LeAcc: 1.000
Our Recovered Num of Instances: 4,4,4,4,4,4,4,4,4,4,4,4,4,4,4,4,4,4,4,4,4,4,4,4,4,4,4,4,4,4,4,4 | LnAcc: 1.000 | IRec: 1.000
Start Experiment 28
***************************************************************
Ground-truth Labels: 3,4,5,6,8,9,12,16,17,26,33,36,38,39,40,42,43,46,49,55,59,61,62,63,66,76,79,84,87,95,98,99
Ground-truth Num of Instances: 4,4,4,4,4,4,4,4,4,4,4,4,4,4,4,4,4,4,4,4,4,4,4,4,4,4,4,4,4,4,4,4
Our Recovered Labels: 3,4,5,6,8,9,12,16,17,26,33,36,38,39,40,42,43,46,49,55,59,61,62,63,66,76,79,84,87,95,98,99 | LeAcc: 1.000
Our Recovered Num of Instances: 4,4,4,4,4,4,4,4,4,4,4,4,4,4,4,4,4,4,4,4,4,4,4,4,4,4,4,4,4,4,4,4 | LnAcc: 1.000 | IRec: 1.000
Start Experiment 29
***************************************************************
Ground-truth Labels: 1,5,6,11,14,19,23,26,27,29,30,32,34,37,38,41,44,49,54,59,61,70,78,79,80,84,87,88,89,93,96,97
Ground-truth Num of Instances: 4,4,4,4,4,4,4,4,4,4,4,4,4,4,4,4,4,4,4,4,4,4,4,4,4,4,4,4,4,4,4,4
Our Recovered Labels: 1,5,6,11,14,19,23,26,27,29,30,32,34,37,38,41,44,49,54,59,61,70,78,79,80,84,87,88,89,93,96,97 | LeAcc: 1.000
Our Recovered Num of Instances: 4,4,4,4,4,4,4,4,4,4,4,4,4,4,4,4,4,4,4,4,4,4,4,4,4,4,4,4,4,4,4,4 | LnAcc: 1.000 | IRec: 1.000
Start Experiment 30
***************************************************************
Ground-truth Labels: 0,1,2,3,4,11,16,23,27,35,36,37,39,45,48,52,58,61,64,66,67,68,71,77,79,80,83,84,88,89,97,99
Ground-truth Num of Instances: 4,4,4,4,4,4,4,4,4,4,4,4,4,4,4,4,4,4,4,4,4,4,4,4,4,4,4,4,4,4,4,4
Our Recovered Labels: 0,1,2,3,4,11,16,23,27,35,36,37,39,45,48,52,58,61,64,66,67,68,71,77,79,80,83,84,88,89,97,99 | LeAcc: 1.000
Our Recovered Num of Instances: 4,4,4,4,4,4,4,4,4,4,4,4,4,4,4,4,4,4,4,4,4,4,4,4,4,4,4,4,4,4,4,4 | LnAcc: 1.000 | IRec: 1.000
Start Experiment 31
***************************************************************
Ground-truth Labels: 8,16,18,19,26,27,32,34,36,39,41,43,44,46,55,56,59,61,63,64,68,72,75,77,78,80,82,88,89,90,92,99
Ground-truth Num of Instances: 4,4,4,4,4,4,4,4,4,4,4,4,4,4,4,4,4,4,4,4,4,4,4,4,4,4,4,4,4,4,4,4
Our Recovered Labels: 8,16,18,19,26,27,32,34,36,39,41,43,44,46,55,56,59,61,63,64,68,72,75,77,78,80,82,88,89,90,92,99 | LeAcc: 1.000
Our Recovered Num of Instances: 4,4,4,4,4,4,4,4,4,4,4,4,4,4,4,4,4,4,4,4,4,4,4,4,4,4,4,4,4,4,4,4 | LnAcc: 1.000 | IRec: 1.000
Start Experiment 32
***************************************************************
Ground-truth Labels: 3,4,8,10,12,22,24,25,31,32,34,36,37,41,42,47,50,52,55,59,65,67,70,74,77,82,86,87,90,94,95,98
Ground-truth Num of Instances: 4,4,4,4,4,4,4,4,4,4,4,4,4,4,4,4,4,4,4,4,4,4,4,4,4,4,4,4,4,4,4,4
Our Recovered Labels: 3,4,8,10,12,22,24,25,31,32,34,36,37,41,42,47,50,52,55,59,65,67,70,74,77,82,86,87,90,94,95,98 | LeAcc: 1.000
Our Recovered Num of Instances: 4,4,4,4,4,4,4,4,4,4,4,4,4,4,4,4,4,4,4,4,4,4,4,4,4,4,4,4,4,4,4,4 | LnAcc: 1.000 | IRec: 1.000
Start Experiment 33
***************************************************************
Ground-truth Labels: 0,9,11,12,13,14,16,21,26,27,28,36,46,49,50,54,58,62,66,72,73,74,82,84,86,89,90,91,93,96,97,98
Ground-truth Num of Instances: 4,4,4,4,4,4,4,4,4,4,4,4,4,4,4,4,4,4,4,4,4,4,4,4,4,4,4,4,4,4,4,4
Our Recovered Labels: 0,9,11,12,13,14,16,21,26,27,28,36,46,49,50,54,58,62,66,72,73,74,82,84,86,89,90,91,93,96,97,98 | LeAcc: 1.000
Our Recovered Num of Instances: 4,4,4,4,4,4,4,4,4,4,4,4,4,4,4,4,4,4,4,4,4,4,4,4,4,4,4,4,4,4,4,4 | LnAcc: 1.000 | IRec: 1.000
Start Experiment 34
***************************************************************
Ground-truth Labels: 2,3,4,11,13,14,16,17,18,19,20,26,34,37,38,40,41,44,45,51,52,53,55,58,61,69,70,75,79,81,85,97
Ground-truth Num of Instances: 4,4,4,4,4,4,4,4,4,4,4,4,4,4,4,4,4,4,4,4,4,4,4,4,4,4,4,4,4,4,4,4
Our Recovered Labels: 2,3,4,11,13,14,16,17,18,19,20,26,34,37,38,40,41,44,45,51,52,53,55,58,61,69,70,75,79,81,85,97 | LeAcc: 1.000
Our Recovered Num of Instances: 4,4,4,4,4,4,4,4,4,4,4,4,4,4,4,4,4,4,4,4,4,4,4,4,4,4,4,4,4,4,4,4 | LnAcc: 1.000 | IRec: 1.000
Start Experiment 35
***************************************************************
Ground-truth Labels: 0,2,4,8,10,11,12,19,20,24,27,29,30,37,39,40,41,42,46,49,55,56,57,59,60,68,70,74,75,82,87,98
Ground-truth Num of Instances: 4,4,4,4,4,4,4,4,4,4,4,4,4,4,4,4,4,4,4,4,4,4,4,4,4,4,4,4,4,4,4,4
Our Recovered Labels: 0,2,4,8,10,11,12,19,20,24,27,29,30,37,39,40,41,42,46,49,55,56,57,59,60,68,70,74,75,82,87,98 | LeAcc: 1.000
Our Recovered Num of Instances: 4,4,4,4,4,4,4,4,4,4,4,4,4,4,4,4,4,4,4,4,4,4,4,4,4,4,4,4,4,4,4,4 | LnAcc: 1.000 | IRec: 1.000
Start Experiment 36
***************************************************************
Ground-truth Labels: 3,5,11,13,14,18,19,23,26,31,33,35,37,41,43,45,47,54,55,56,59,61,65,70,75,78,79,80,87,88,96,99
Ground-truth Num of Instances: 4,4,4,4,4,4,4,4,4,4,4,4,4,4,4,4,4,4,4,4,4,4,4,4,4,4,4,4,4,4,4,4
Our Recovered Labels: 3,5,11,13,14,18,19,23,26,31,33,35,37,41,43,45,47,54,55,56,59,61,65,70,75,78,79,80,87,88,96,99 | LeAcc: 1.000
Our Recovered Num of Instances: 4,4,4,4,4,4,4,4,4,4,4,4,4,4,4,4,4,4,4,4,4,4,4,4,4,4,4,4,4,4,4,4 | LnAcc: 1.000 | IRec: 1.000
Start Experiment 37
***************************************************************
Ground-truth Labels: 0,1,3,4,5,6,7,8,10,14,16,18,20,27,28,31,33,34,36,37,39,49,52,54,57,63,66,68,80,81,83,92
Ground-truth Num of Instances: 4,4,4,4,4,4,4,4,4,4,4,4,4,4,4,4,4,4,4,4,4,4,4,4,4,4,4,4,4,4,4,4
Our Recovered Labels: 0,1,3,4,5,6,7,8,10,14,16,18,20,27,28,31,33,34,36,37,39,49,52,54,57,63,66,68,80,81,83,92 | LeAcc: 1.000
Our Recovered Num of Instances: 4,4,4,4,4,4,4,4,4,4,4,4,4,4,4,4,4,4,4,4,4,4,4,4,4,4,4,4,4,4,4,4 | LnAcc: 1.000 | IRec: 1.000
Start Experiment 38
***************************************************************
Ground-truth Labels: 1,2,5,6,15,21,24,26,27,33,36,38,39,44,45,47,48,49,51,54,56,63,67,68,70,78,83,88,92,96,97,99
Ground-truth Num of Instances: 4,4,4,4,4,4,4,4,4,4,4,4,4,4,4,4,4,4,4,4,4,4,4,4,4,4,4,4,4,4,4,4
Our Recovered Labels: 1,2,5,6,15,21,24,26,27,33,36,38,39,44,45,47,48,49,51,54,56,63,67,68,70,78,83,88,92,96,97,99 | LeAcc: 1.000
Our Recovered Num of Instances: 4,4,4,4,4,4,4,4,4,4,4,4,4,4,4,4,4,4,4,4,4,4,4,4,4,4,4,4,4,4,4,4 | LnAcc: 1.000 | IRec: 1.000
Start Experiment 39
***************************************************************
Ground-truth Labels: 6,9,10,14,18,24,33,36,40,41,42,43,44,46,50,51,56,58,64,65,67,68,72,73,80,86,89,90,91,92,96,99
Ground-truth Num of Instances: 4,4,4,4,4,4,4,4,4,4,4,4,4,4,4,4,4,4,4,4,4,4,4,4,4,4,4,4,4,4,4,4
Our Recovered Labels: 6,9,10,14,18,24,33,36,40,41,42,43,44,46,50,51,56,58,64,65,67,68,72,73,80,86,89,90,91,92,96,99 | LeAcc: 1.000
Our Recovered Num of Instances: 4,4,4,4,4,4,4,4,4,4,4,4,4,4,4,4,4,4,4,4,4,4,4,4,4,4,4,4,4,4,4,4 | LnAcc: 1.000 | IRec: 1.000
Start Experiment 40
***************************************************************
Ground-truth Labels: 1,6,9,13,14,21,23,25,27,29,30,33,34,35,36,38,40,51,53,57,58,61,64,65,66,69,72,80,86,87,89,99
Ground-truth Num of Instances: 4,4,4,4,4,4,4,4,4,4,4,4,4,4,4,4,4,4,4,4,4,4,4,4,4,4,4,4,4,4,4,4
Our Recovered Labels: 1,6,9,13,14,21,23,25,27,29,30,33,34,35,36,38,40,51,53,57,58,61,64,65,66,69,72,80,86,87,89,99 | LeAcc: 1.000
Our Recovered Num of Instances: 4,4,4,4,4,4,4,4,4,4,4,4,4,4,4,4,4,4,4,4,4,4,4,4,4,4,4,4,4,4,4,4 | LnAcc: 1.000 | IRec: 1.000
Start Experiment 41
***************************************************************
Ground-truth Labels: 1,3,4,5,9,15,18,19,27,29,31,32,34,38,43,45,49,57,59,60,65,66,70,73,77,78,80,83,86,87,91,94
Ground-truth Num of Instances: 4,4,4,4,4,4,4,4,4,4,4,4,4,4,4,4,4,4,4,4,4,4,4,4,4,4,4,4,4,4,4,4
Our Recovered Labels: 1,3,4,5,9,15,18,19,27,29,31,32,34,38,43,45,49,57,59,60,65,66,70,73,77,78,80,83,86,87,91,94 | LeAcc: 1.000
Our Recovered Num of Instances: 4,4,4,4,4,4,4,4,4,4,4,4,4,4,4,4,4,4,4,4,4,4,4,4,4,4,4,4,4,4,4,4 | LnAcc: 1.000 | IRec: 1.000
Start Experiment 42
***************************************************************
Ground-truth Labels: 4,5,6,7,26,28,30,32,34,38,39,41,45,48,52,55,60,62,65,68,71,75,76,78,80,83,86,88,89,95,97,98
Ground-truth Num of Instances: 4,4,4,4,4,4,4,4,4,4,4,4,4,4,4,4,4,4,4,4,4,4,4,4,4,4,4,4,4,4,4,4
Our Recovered Labels: 4,5,6,7,26,28,30,32,34,38,39,41,45,48,52,55,60,62,65,68,71,75,76,78,80,83,86,88,89,95,97,98 | LeAcc: 1.000
Our Recovered Num of Instances: 4,4,4,4,4,4,4,4,4,4,4,4,4,4,4,4,4,4,4,4,4,4,4,4,4,4,4,4,4,4,4,4 | LnAcc: 1.000 | IRec: 1.000
Start Experiment 43
***************************************************************
Ground-truth Labels: 3,6,7,14,19,20,22,26,28,31,32,33,48,49,56,57,62,63,65,66,67,68,77,78,79,80,81,88,90,91,93,95
Ground-truth Num of Instances: 4,4,4,4,4,4,4,4,4,4,4,4,4,4,4,4,4,4,4,4,4,4,4,4,4,4,4,4,4,4,4,4
Our Recovered Labels: 3,6,7,14,19,20,22,26,28,31,32,33,48,49,56,57,62,63,65,66,67,68,77,78,79,80,81,88,90,91,93,95 | LeAcc: 1.000
Our Recovered Num of Instances: 4,4,4,4,4,4,4,4,4,4,4,4,4,4,4,4,4,4,4,4,4,4,4,4,4,4,4,4,4,4,4,4 | LnAcc: 1.000 | IRec: 1.000
Start Experiment 44
***************************************************************
Ground-truth Labels: 2,7,10,12,15,18,20,24,25,32,36,37,39,42,43,44,45,48,49,60,62,64,72,74,75,77,78,79,88,93,95,99
Ground-truth Num of Instances: 4,4,4,4,4,4,4,4,4,4,4,4,4,4,4,4,4,4,4,4,4,4,4,4,4,4,4,4,4,4,4,4
Our Recovered Labels: 2,7,10,12,15,18,20,24,25,32,36,37,39,42,43,44,45,48,49,60,62,64,72,74,75,77,78,79,88,93,95,99 | LeAcc: 1.000
Our Recovered Num of Instances: 4,4,4,4,4,4,4,4,4,4,4,4,4,4,4,4,4,4,4,4,4,4,4,4,4,4,4,4,4,4,4,4 | LnAcc: 1.000 | IRec: 1.000
Start Experiment 45
***************************************************************
Ground-truth Labels: 5,6,7,9,12,19,23,24,25,30,33,36,38,42,43,51,54,56,57,60,64,67,69,72,74,78,83,85,91,92,97,99
Ground-truth Num of Instances: 4,4,4,4,4,4,4,4,4,4,4,4,4,4,4,4,4,4,4,4,4,4,4,4,4,4,4,4,4,4,4,4
Our Recovered Labels: 5,6,7,9,12,19,23,24,25,30,33,36,38,42,43,51,54,56,57,60,64,67,69,72,74,78,83,85,91,92,97,99 | LeAcc: 1.000
Our Recovered Num of Instances: 4,4,4,4,4,4,4,4,4,4,4,4,4,4,4,4,4,4,4,4,4,4,4,4,4,4,4,4,4,4,4,4 | LnAcc: 1.000 | IRec: 1.000
Start Experiment 46
***************************************************************
Ground-truth Labels: 0,1,3,8,9,11,14,17,21,26,27,35,38,39,42,46,48,51,52,58,64,65,69,71,74,75,77,78,83,84,86,89
Ground-truth Num of Instances: 4,4,4,4,4,4,4,4,4,4,4,4,4,4,4,4,4,4,4,4,4,4,4,4,4,4,4,4,4,4,4,4
Our Recovered Labels: 0,1,3,8,9,11,14,17,21,26,27,35,38,39,42,46,48,51,52,58,64,65,69,71,74,75,77,78,83,84,86,89 | LeAcc: 1.000
Our Recovered Num of Instances: 4,4,4,4,4,4,4,4,4,4,4,4,4,4,4,4,4,4,4,4,4,4,4,4,4,4,4,4,4,4,4,4 | LnAcc: 1.000 | IRec: 1.000
Start Experiment 47
***************************************************************
Ground-truth Labels: 1,5,6,12,14,16,17,19,27,40,41,43,45,48,50,54,59,61,63,64,66,67,70,76,78,79,82,85,91,93,95,99
Ground-truth Num of Instances: 4,4,4,4,4,4,4,4,4,4,4,4,4,4,4,4,4,4,4,4,4,4,4,4,4,4,4,4,4,4,4,4
Our Recovered Labels: 1,5,6,12,14,16,17,19,27,40,41,43,45,48,50,54,59,61,63,64,66,67,70,76,78,79,82,85,91,93,95,99 | LeAcc: 1.000
Our Recovered Num of Instances: 4,4,4,4,4,4,4,4,4,4,4,4,4,4,4,4,4,4,4,4,4,4,4,4,4,4,4,4,4,4,4,4 | LnAcc: 1.000 | IRec: 1.000
Start Experiment 48
***************************************************************
Ground-truth Labels: 6,10,17,18,21,23,26,29,31,35,36,44,45,46,49,52,54,56,58,63,64,67,68,69,70,75,78,80,84,89,92,98
Ground-truth Num of Instances: 4,4,4,4,4,4,4,4,4,4,4,4,4,4,4,4,4,4,4,4,4,4,4,4,4,4,4,4,4,4,4,4
Our Recovered Labels: 6,10,17,18,21,23,26,29,31,35,36,44,45,46,49,52,54,56,58,63,64,67,68,69,70,75,78,80,84,89,92,98 | LeAcc: 1.000
Our Recovered Num of Instances: 4,4,4,4,4,4,4,4,4,4,4,4,4,4,4,4,4,4,4,4,4,4,4,4,4,4,4,4,4,4,4,4 | LnAcc: 1.000 | IRec: 1.000
Start Experiment 49
***************************************************************
Ground-truth Labels: 0,1,5,6,8,10,12,25,26,28,31,35,36,38,44,46,53,54,56,58,59,62,63,66,75,76,85,88,89,91,94,96
Ground-truth Num of Instances: 4,4,4,4,4,4,4,4,4,4,4,4,4,4,4,4,4,4,4,4,4,4,4,4,4,4,4,4,4,4,4,4
Our Recovered Labels: 0,1,5,6,8,10,12,25,26,28,31,35,36,38,44,46,53,54,56,58,59,62,63,66,75,76,85,88,89,91,94,96 | LeAcc: 1.000
Our Recovered Num of Instances: 4,4,4,4,4,4,4,4,4,4,4,4,4,4,4,4,4,4,4,4,4,4,4,4,4,4,4,4,4,4,4,4 | LnAcc: 1.000 | IRec: 1.000
Start Experiment 50
***************************************************************
Ground-truth Labels: 0,3,5,7,8,9,15,17,22,26,28,34,36,41,43,45,46,51,55,59,62,64,65,66,72,73,79,82,88,90,91,98
Ground-truth Num of Instances: 4,4,4,4,4,4,4,4,4,4,4,4,4,4,4,4,4,4,4,4,4,4,4,4,4,4,4,4,4,4,4,4
Our Recovered Labels: 0,3,5,7,8,9,15,17,22,26,28,34,36,41,43,45,46,51,55,59,62,64,65,66,72,73,79,82,88,90,91,98 | LeAcc: 1.000
Our Recovered Num of Instances: 4,4,4,4,4,4,4,4,4,4,4,4,4,4,4,4,4,4,4,4,4,4,4,4,4,4,4,4,4,4,4,4 | LnAcc: 1.000 | IRec: 1.000
---------------------------------------------------------------
Mean Ours LeAcc: 1.000 | Mean Ours LnAcc: 1.000 | Mean Ours IRec: 1.000
