running experiments at 2022-09-03-20:17:16
	log_dir: exp_res
	cpu: False
	num_tries: 50
	num_images: 1024
	seed: 12
	alpha: 1
	simplified: False
	compare: False
	analysis: False
	data_path: data
	dataset: CIFAR100
	split: train
	distribution: random
	start_id: 0
	num_classes: 100
	num_uniform_cls: 32
	model: vgg16
	trained_model: False
	epochs: 10
	batch_size: 128
	optimizer: SGD
	lr: 0.1
	scheduler: linear
	weight_decay: 0.0005
	warmup: False
	valid_interval: 1
	mid_save: False
	model_path: models
	dryrun: False
	batchnorm: False
	dropout: False
	silu: False
	dim: 300
	n_hidden: 1
	defense: False
	defense_method: dp
	noise_std: 0.001
	clip_bound: 4
	sparse_ratio: 10
	prune_ratio: 10
	rec_img: False
	fix_labels: False
	gt_labels: False
	optim: ig
	restarts: 1
	cost_fn: sim
	indices: def
	weights: equal
	rec_lr: None
	rec_optimizer: adam
	signed: False
	boxed: False
	scoring_choice: loss
	init: randn
	tv: 1e-06
	l2: 1e-06
	max_iterations: 8000
	loss_thresh: 0.0001
	save_image: False
	image_path: images
	table_path: tables

Start Experiment 1
***************************************************************
Ground-truth Labels: 0,1,2,3,4,5,6,7,8,9,10,11,12,13,14,15,16,17,18,19,20,21,22,23,24,25,26,27,28,29,30,31,32,33,34,35,36,37,38,39,40,41,42,43,44,45,46,47,48,49,50,51,52,53,54,55,56,57,58,59,60,61,62,63,64,65,66,67,68,69,70,71,72,73,74,75,76,77,78,79,80,81,82,83,84,85,86,87,88,89,90,91,92,93,94,95,96,97,98,99
Ground-truth Num of Instances: 6,10,10,23,16,11,9,5,5,12,12,9,15,7,5,14,12,12,9,8,9,6,11,13,8,7,11,6,8,13,10,9,9,13,11,7,11,5,6,12,7,9,5,11,10,9,7,15,9,9,10,7,9,11,9,10,14,12,11,10,10,9,6,7,17,14,9,11,9,15,15,10,17,13,10,7,13,13,7,11,9,12,8,9,9,16,10,11,9,8,10,15,6,9,17,5,9,10,19,11
Our Recovered Labels: 0,1,2,3,4,5,6,7,8,9,10,11,12,13,14,15,16,17,18,19,20,21,22,23,24,25,26,27,28,29,30,31,32,33,34,35,36,37,38,39,40,41,42,43,44,45,46,47,48,49,50,51,52,53,54,55,56,57,58,59,60,61,62,63,64,65,66,67,68,69,70,71,72,73,74,75,76,77,78,79,80,81,82,83,84,85,86,87,88,89,90,91,92,93,94,95,96,97,98,99 | LeAcc: 1.000
Our Recovered Num of Instances: 6,10,10,23,16,11,9,5,5,12,12,9,15,7,5,14,12,12,9,8,9,6,11,13,8,7,11,6,8,13,10,9,9,13,11,7,11,5,6,12,7,9,5,11,10,9,7,15,9,9,10,7,9,11,9,10,14,12,11,10,10,9,6,7,17,14,9,11,9,15,15,10,17,13,10,7,13,13,7,11,9,12,8,9,9,16,10,11,9,8,10,15,6,9,17,5,9,10,19,11 | LnAcc: 1.000 | IRec: 1.000
Start Experiment 2
***************************************************************
Ground-truth Labels: 0,1,2,3,4,5,6,7,8,9,10,11,12,13,14,15,16,17,18,19,20,21,22,23,24,25,26,27,28,29,30,31,32,33,34,35,36,37,38,39,40,41,42,43,44,45,46,47,48,49,50,51,52,53,54,55,56,57,58,59,60,61,62,63,64,65,66,67,68,69,70,71,72,73,74,75,76,77,78,79,80,81,82,83,84,85,86,87,88,89,90,91,92,93,94,95,96,97,98,99
Ground-truth Num of Instances: 16,14,8,4,12,12,13,6,11,12,9,10,10,5,8,14,11,10,11,11,8,13,12,10,12,6,9,11,11,6,20,4,7,8,16,13,13,17,12,10,8,8,11,13,10,13,5,10,15,12,10,11,6,8,5,8,10,14,12,10,12,12,13,9,9,7,12,5,11,11,7,13,15,7,5,13,8,5,15,11,6,15,6,9,9,16,6,8,12,9,12,10,10,11,15,8,6,12,8,12
Our Recovered Labels: 0,1,2,3,4,5,6,7,8,9,10,11,12,13,14,15,16,17,18,19,20,21,22,23,24,25,26,27,28,29,30,31,32,33,34,35,36,37,38,39,40,41,42,43,44,45,46,47,48,49,50,51,52,53,54,55,56,57,58,59,60,61,62,63,64,65,66,67,68,69,70,71,72,73,74,75,76,77,78,79,80,81,82,83,84,85,86,87,88,89,90,91,92,93,94,95,96,97,98,99 | LeAcc: 1.000
Our Recovered Num of Instances: 16,14,8,4,12,12,13,6,11,12,9,10,10,5,8,14,11,10,11,11,8,13,12,10,12,6,9,11,11,6,20,4,7,8,16,13,13,17,12,10,8,8,11,13,10,13,5,10,15,12,10,11,6,8,5,8,10,14,12,10,12,12,13,9,9,7,12,5,11,11,7,13,15,7,5,13,8,5,15,11,6,15,6,9,9,16,6,8,12,9,12,10,10,11,15,8,6,12,8,12 | LnAcc: 1.000 | IRec: 1.000
Start Experiment 3
***************************************************************
Ground-truth Labels: 0,1,2,3,4,5,6,7,8,9,10,11,12,13,14,15,16,17,18,19,20,21,22,23,24,25,26,27,28,29,30,31,32,33,34,35,36,37,38,39,40,41,42,43,44,45,46,47,48,49,50,51,52,53,54,55,56,57,58,59,60,61,62,63,64,65,66,67,68,69,70,71,72,73,74,75,76,77,78,79,80,81,82,83,84,85,86,87,88,89,90,91,92,93,94,95,96,97,98,99
Ground-truth Num of Instances: 16,6,16,18,12,10,11,13,8,4,8,11,9,10,16,16,7,18,7,11,10,12,7,5,14,14,10,9,15,12,7,10,12,10,9,8,10,11,10,8,8,11,5,10,6,11,13,9,11,11,14,11,9,8,11,10,9,10,11,9,13,5,6,16,7,11,7,11,7,15,8,9,10,9,11,7,12,7,13,11,11,6,10,8,9,16,13,11,12,7,10,7,12,13,8,13,8,9,7,12
Our Recovered Labels: 0,1,2,3,4,5,6,7,8,9,10,11,12,13,14,15,16,17,18,19,20,21,22,23,24,25,26,27,28,29,30,31,32,33,34,35,36,37,38,39,40,41,42,43,44,45,46,47,48,49,50,51,52,53,54,55,56,57,58,59,60,61,62,63,64,65,66,67,68,69,70,71,72,73,74,75,76,77,78,79,80,81,82,83,84,85,86,87,88,89,90,91,92,93,94,95,96,97,98,99 | LeAcc: 1.000
Our Recovered Num of Instances: 16,6,16,18,12,10,11,13,8,4,8,11,9,10,16,16,7,18,7,11,10,12,7,5,14,14,10,9,15,12,7,10,12,10,9,8,10,11,10,8,8,11,5,10,6,11,13,9,11,11,14,11,9,8,11,10,9,10,11,9,13,5,6,16,7,11,7,11,7,15,8,9,10,9,11,7,12,7,13,11,11,6,10,8,9,16,13,11,12,7,10,7,12,13,8,13,8,9,7,12 | LnAcc: 1.000 | IRec: 1.000
Start Experiment 4
***************************************************************
Ground-truth Labels: 0,1,2,3,4,5,6,7,8,9,10,11,12,13,14,15,16,17,18,19,20,21,22,23,24,25,26,27,28,29,30,31,32,33,34,35,36,37,38,39,40,41,42,43,44,45,46,47,48,49,50,51,52,53,54,55,56,57,58,59,60,61,62,63,64,65,66,67,68,69,70,71,72,73,74,75,76,77,78,79,80,81,82,83,84,85,86,87,88,89,90,91,92,93,94,95,96,97,98,99
Ground-truth Num of Instances: 11,9,15,13,5,9,12,12,9,5,14,13,6,12,8,6,6,9,11,11,15,11,8,11,10,10,13,8,10,9,8,12,12,6,7,8,10,11,11,6,10,14,9,12,11,10,11,14,13,8,7,18,10,13,7,8,6,14,14,6,2,6,11,10,10,10,5,14,9,11,11,7,6,11,11,13,8,12,8,18,11,10,14,12,8,16,12,14,12,9,13,12,12,9,10,12,9,9,7,13
Our Recovered Labels: 0,1,2,3,4,5,6,7,8,9,10,11,12,13,14,15,16,17,18,19,20,21,22,23,24,25,26,27,28,29,30,31,32,33,34,35,36,37,38,39,40,41,42,43,44,45,46,47,48,49,50,51,52,53,54,55,56,57,58,59,60,61,62,63,64,65,66,67,68,69,70,71,72,73,74,75,76,77,78,79,80,81,82,83,84,85,86,87,88,89,90,91,92,93,94,95,96,97,98,99 | LeAcc: 1.000
Our Recovered Num of Instances: 11,9,15,13,5,9,12,12,9,5,14,13,6,12,8,6,6,9,11,11,15,11,8,11,10,10,13,8,10,9,8,12,12,6,7,8,10,11,11,6,10,14,9,12,11,10,11,14,13,8,7,18,10,13,7,8,6,14,14,6,2,6,11,10,10,10,5,14,9,11,11,7,6,11,11,13,8,12,8,18,11,10,14,12,8,16,12,14,12,9,13,12,12,9,10,12,9,9,7,13 | LnAcc: 1.000 | IRec: 1.000
Start Experiment 5
***************************************************************
Ground-truth Labels: 0,1,2,3,4,5,6,7,8,9,10,11,12,13,14,15,16,17,18,19,20,21,22,23,24,25,26,27,28,29,30,31,32,33,34,35,36,37,38,39,40,41,42,43,44,45,46,47,48,49,50,51,52,53,54,55,56,57,58,59,60,61,62,63,64,65,66,67,68,69,70,71,72,73,74,75,76,77,78,79,80,81,82,83,84,85,86,87,88,89,90,91,92,93,94,95,96,97,98,99
Ground-truth Num of Instances: 4,9,10,8,8,13,10,8,11,7,11,11,14,13,11,7,7,13,9,10,3,15,9,11,10,7,13,13,11,14,9,12,14,8,10,3,11,8,10,10,18,11,7,11,5,15,8,10,15,17,7,8,11,7,7,13,12,14,12,9,13,9,7,14,12,7,6,7,9,5,11,13,17,15,14,10,11,5,8,8,9,11,13,17,12,11,15,6,10,14,10,6,9,7,10,12,12,7,10,10
Our Recovered Labels: 0,1,2,3,4,5,6,7,8,9,10,11,12,13,14,15,16,17,18,19,20,21,22,23,24,25,26,27,28,29,30,31,32,33,34,35,36,37,38,39,40,41,42,43,44,45,46,47,48,49,50,51,52,53,54,55,56,57,58,59,60,61,62,63,64,65,66,67,68,69,70,71,72,73,74,75,76,77,78,79,80,81,82,83,84,85,86,87,88,89,90,91,92,93,94,95,96,97,98,99 | LeAcc: 1.000
Our Recovered Num of Instances: 4,9,10,8,8,13,10,8,11,7,11,11,14,13,11,7,7,13,9,10,3,15,9,11,10,7,13,13,11,14,9,12,14,8,10,3,11,8,10,10,18,11,7,11,5,15,8,10,15,17,7,8,11,7,7,13,12,14,12,9,13,9,7,14,12,7,6,7,9,5,11,13,17,15,14,10,11,5,8,8,9,11,13,17,12,11,15,6,10,14,10,6,9,7,10,12,12,7,10,10 | LnAcc: 1.000 | IRec: 1.000
Start Experiment 6
***************************************************************
Ground-truth Labels: 0,1,2,3,4,5,6,7,8,9,10,11,12,13,14,15,16,17,18,19,20,21,22,23,24,25,26,27,28,29,30,31,32,33,34,35,36,37,38,39,40,41,42,43,44,45,46,47,48,49,50,51,52,53,54,55,56,57,58,59,60,61,62,63,64,65,66,67,68,69,70,71,72,73,74,75,76,77,78,79,80,81,82,83,84,85,86,87,88,89,90,91,92,93,94,95,96,97,98,99
Ground-truth Num of Instances: 10,8,7,8,17,15,10,8,10,4,12,8,11,5,3,10,10,13,12,8,10,4,9,11,6,16,8,11,11,10,11,6,13,11,10,10,9,15,8,12,10,11,14,14,9,8,12,13,9,9,7,9,12,15,12,10,11,7,13,6,11,5,16,4,11,13,13,11,6,14,7,14,9,11,12,11,12,13,13,10,11,8,8,12,13,14,12,10,12,7,15,8,10,5,11,10,13,5,13,10
Our Recovered Labels: 0,1,2,3,4,5,6,7,8,9,10,11,12,13,14,15,16,17,18,19,20,21,22,23,24,25,26,27,28,29,30,31,32,33,34,35,36,37,38,39,40,41,42,43,44,45,46,47,48,49,50,51,52,53,54,55,56,57,58,59,60,61,62,63,64,65,66,67,68,69,70,71,72,73,74,75,76,77,78,79,80,81,82,83,84,85,86,87,88,89,90,91,92,93,94,95,96,97,98,99 | LeAcc: 1.000
Our Recovered Num of Instances: 10,8,7,8,17,15,10,8,10,4,12,8,11,5,3,10,10,13,12,8,10,4,9,11,6,16,8,11,11,10,11,6,13,11,10,10,9,15,8,12,10,11,14,14,9,8,12,13,9,9,7,9,12,15,12,10,11,7,13,6,11,5,16,4,11,13,13,11,6,14,7,14,9,11,12,11,12,13,13,10,11,8,8,12,13,14,12,10,12,7,15,8,10,5,11,10,13,5,13,10 | LnAcc: 1.000 | IRec: 1.000
Start Experiment 7
***************************************************************
Ground-truth Labels: 0,1,2,3,4,5,6,7,8,9,10,11,12,13,14,15,16,17,18,19,20,21,22,23,24,25,26,27,28,29,30,31,32,33,34,35,36,37,38,39,40,41,42,43,44,45,46,47,48,49,50,51,52,53,54,55,56,57,58,59,60,61,62,63,64,65,66,67,68,69,70,71,72,73,74,75,76,77,78,79,80,81,82,83,84,85,86,87,88,89,90,91,92,93,94,95,96,97,98,99
Ground-truth Num of Instances: 7,9,15,9,7,11,6,8,12,9,10,12,18,12,12,9,10,12,9,7,8,13,11,15,13,10,13,7,14,12,11,5,13,7,12,11,11,10,9,7,8,17,11,9,11,4,11,11,7,9,13,10,8,12,9,6,6,12,10,10,6,14,9,7,5,13,8,15,12,11,9,12,14,14,7,5,8,11,13,13,10,11,8,13,7,12,8,13,6,13,7,12,8,19,11,11,7,8,10,14
Our Recovered Labels: 0,1,2,3,4,5,6,7,8,9,10,11,12,13,14,15,16,17,18,19,20,21,22,23,24,25,26,27,28,29,30,31,32,33,34,35,36,37,38,39,40,41,42,43,44,45,46,47,48,49,50,51,52,53,54,55,56,57,58,59,60,61,62,63,64,65,66,67,68,69,70,71,72,73,74,75,76,77,78,79,80,81,82,83,84,85,86,87,88,89,90,91,92,93,94,95,96,97,98,99 | LeAcc: 1.000
Our Recovered Num of Instances: 7,9,15,9,7,11,6,8,12,9,10,12,18,12,12,9,10,12,9,7,8,13,11,15,13,10,13,7,14,12,11,5,13,7,12,11,11,10,9,7,8,17,11,9,11,4,11,11,7,9,13,10,8,12,9,6,6,12,10,10,6,14,9,7,5,13,8,15,12,11,9,12,14,14,7,5,8,11,13,13,10,11,8,13,7,12,8,13,6,13,7,12,8,19,11,11,7,8,10,14 | LnAcc: 1.000 | IRec: 1.000
Start Experiment 8
***************************************************************
Ground-truth Labels: 0,1,2,3,4,5,6,7,8,9,10,11,12,13,14,15,16,17,18,19,20,21,22,23,24,25,26,27,28,29,30,31,32,33,34,35,36,37,38,39,40,41,42,43,44,45,46,47,48,49,50,51,52,53,54,55,56,57,58,59,60,61,62,63,64,65,66,67,68,69,70,71,72,73,74,75,76,77,78,79,80,81,82,83,84,85,86,87,88,89,90,91,92,93,94,95,96,97,98,99
Ground-truth Num of Instances: 16,8,15,14,8,10,12,11,13,12,15,21,11,5,10,9,9,6,10,10,12,10,9,12,7,11,9,11,12,12,12,8,6,12,9,7,7,9,15,6,15,8,10,14,17,9,12,5,13,5,11,6,13,10,8,9,16,11,9,10,9,8,7,10,10,14,15,7,6,16,6,9,11,9,15,10,14,8,8,6,7,10,6,10,9,13,12,9,5,9,11,11,10,6,10,11,12,5,14,14
Our Recovered Labels: 0,1,2,3,4,5,6,7,8,9,10,11,12,13,14,15,16,17,18,19,20,21,22,23,24,25,26,27,28,29,30,31,32,33,34,35,36,37,38,39,40,41,42,43,44,45,46,47,48,49,50,51,52,53,54,55,56,57,58,59,60,61,62,63,64,65,66,67,68,69,70,71,72,73,74,75,76,77,78,79,80,81,82,83,84,85,86,87,88,89,90,91,92,93,94,95,96,97,98,99 | LeAcc: 1.000
Our Recovered Num of Instances: 16,8,15,14,8,10,12,11,13,12,15,21,11,5,10,9,9,6,10,10,12,10,9,12,7,11,9,11,12,12,12,8,6,12,9,7,7,9,15,6,15,8,10,14,17,9,12,5,13,5,11,6,13,10,8,9,16,11,9,10,9,8,7,10,10,14,15,7,6,16,6,9,11,9,15,10,14,8,8,6,7,10,6,10,9,13,12,9,5,9,11,11,10,6,10,11,12,5,14,14 | LnAcc: 1.000 | IRec: 1.000
Start Experiment 9
***************************************************************
Ground-truth Labels: 0,1,2,3,4,5,6,7,8,9,10,11,12,13,14,15,16,17,18,19,20,21,22,23,24,25,26,27,28,29,30,31,32,33,34,35,36,37,38,39,40,41,42,43,44,45,46,47,48,49,50,51,52,53,54,55,56,57,58,59,60,61,62,63,64,65,66,67,68,69,70,71,72,73,74,75,76,77,78,79,80,81,82,83,84,85,86,87,88,89,90,91,92,93,94,95,96,97,98,99
Ground-truth Num of Instances: 9,8,8,11,5,10,5,11,15,15,10,9,5,13,5,13,8,8,18,12,11,11,6,15,8,7,8,14,9,17,13,11,8,6,15,9,14,7,13,12,10,14,9,15,10,7,9,14,5,11,15,7,12,7,13,8,9,15,11,14,7,8,6,6,9,9,9,8,15,8,9,8,5,8,3,7,12,9,24,7,14,20,7,12,12,18,11,7,8,12,13,12,7,7,5,11,12,9,14,9
Our Recovered Labels: 0,1,2,3,4,5,6,7,8,9,10,11,12,13,14,15,16,17,18,19,20,21,22,23,24,25,26,27,28,29,30,31,32,33,34,35,36,37,38,39,40,41,42,43,44,45,46,47,48,49,50,51,52,53,54,55,56,57,58,59,60,61,62,63,64,65,66,67,68,69,70,71,72,73,74,75,76,77,78,79,80,81,82,83,84,85,86,87,88,89,90,91,92,93,94,95,96,97,98,99 | LeAcc: 1.000
Our Recovered Num of Instances: 9,8,8,11,5,10,5,11,15,15,10,9,5,13,5,13,8,8,18,12,11,11,6,15,8,7,8,14,9,17,13,11,8,6,15,9,14,7,13,12,10,14,9,15,10,7,9,14,5,11,15,7,12,7,13,8,9,15,11,14,7,8,6,6,9,9,9,8,15,8,9,8,5,8,3,7,12,9,24,7,14,20,7,12,12,18,11,7,8,12,13,12,7,7,5,11,12,9,14,9 | LnAcc: 1.000 | IRec: 1.000
Start Experiment 10
***************************************************************
Ground-truth Labels: 0,1,2,3,4,5,6,7,8,9,10,11,12,13,14,15,16,17,18,19,20,21,22,23,24,25,26,27,28,29,30,31,32,33,34,35,36,37,38,39,40,41,42,43,44,45,46,47,48,49,50,51,52,53,54,55,56,57,58,59,60,61,62,63,64,65,66,67,68,69,70,71,72,73,74,75,76,77,78,79,80,81,82,83,84,85,86,87,88,89,90,91,92,93,94,95,96,97,98,99
Ground-truth Num of Instances: 11,11,15,13,9,4,11,8,12,9,11,10,8,5,15,12,12,11,8,10,7,10,7,13,7,13,14,12,10,10,6,15,10,7,8,8,13,7,11,4,14,11,7,11,6,7,6,11,9,6,12,10,12,12,15,10,11,7,8,10,7,10,10,7,13,13,15,6,13,11,14,13,17,9,6,10,8,16,7,7,12,11,8,11,10,12,9,14,15,13,12,9,14,11,11,5,15,6,8,14
Our Recovered Labels: 0,1,2,3,4,5,6,7,8,9,10,11,12,13,14,15,16,17,18,19,20,21,22,23,24,25,26,27,28,29,30,31,32,33,34,35,36,37,38,39,40,41,42,43,44,45,46,47,48,49,50,51,52,53,54,55,56,57,58,59,60,61,62,63,64,65,66,67,68,69,70,71,72,73,74,75,76,77,78,79,80,81,82,83,84,85,86,87,88,89,90,91,92,93,94,95,96,97,98,99 | LeAcc: 1.000
Our Recovered Num of Instances: 11,11,15,13,9,4,11,8,12,9,11,10,8,5,15,12,12,11,8,10,7,10,7,13,7,13,14,12,10,10,6,15,10,7,8,8,13,7,11,4,14,11,7,11,6,7,6,11,9,6,12,10,12,12,15,10,11,7,8,10,7,10,10,7,13,13,15,6,13,11,14,13,17,9,6,10,8,16,7,7,12,11,8,11,10,12,9,14,15,13,12,9,14,11,11,5,15,6,8,14 | LnAcc: 1.000 | IRec: 1.000
Start Experiment 11
***************************************************************
Ground-truth Labels: 0,1,2,3,4,5,6,7,8,9,10,11,12,13,14,15,16,17,18,19,20,21,22,23,24,25,26,27,28,29,30,31,32,33,34,35,36,37,38,39,40,41,42,43,44,45,46,47,48,49,50,51,52,53,54,55,56,57,58,59,60,61,62,63,64,65,66,67,68,69,70,71,72,73,74,75,76,77,78,79,80,81,82,83,84,85,86,87,88,89,90,91,92,93,94,95,96,97,98,99
Ground-truth Num of Instances: 16,9,11,15,8,13,10,16,9,10,10,11,12,7,17,6,12,8,5,15,15,6,11,8,6,7,9,14,9,5,8,14,10,8,5,10,21,19,9,9,6,10,4,19,7,10,21,8,10,10,11,8,9,8,10,16,11,11,9,9,12,7,7,12,13,10,5,10,10,15,8,13,10,9,11,12,11,12,6,4,9,7,14,8,12,8,9,15,9,5,14,7,14,7,10,13,3,16,8,9
Our Recovered Labels: 0,1,2,3,4,5,6,7,8,9,10,11,12,13,14,15,16,17,18,19,20,21,22,23,24,25,26,27,28,29,30,31,32,33,34,35,36,37,38,39,40,41,42,43,44,45,46,47,48,49,50,51,52,53,54,55,56,57,58,59,60,61,62,63,64,65,66,67,68,69,70,71,72,73,74,75,76,77,78,79,80,81,82,83,84,85,86,87,88,89,90,91,92,93,94,95,96,97,98,99 | LeAcc: 1.000
Our Recovered Num of Instances: 16,9,11,15,8,13,10,16,9,10,10,11,12,7,17,6,12,8,5,15,15,6,11,8,6,7,9,14,9,5,8,14,10,8,5,10,21,19,9,9,6,10,4,19,7,10,21,8,10,10,11,8,9,8,10,16,11,11,9,9,12,7,7,12,13,10,5,10,10,15,8,13,10,9,11,12,11,12,6,4,9,7,14,8,12,8,9,15,9,5,14,7,14,7,10,13,3,16,8,9 | LnAcc: 1.000 | IRec: 1.000
Start Experiment 12
***************************************************************
Ground-truth Labels: 0,1,2,3,4,5,6,7,8,9,10,11,12,13,14,15,16,17,18,19,20,21,22,23,24,25,26,27,28,29,30,31,32,33,34,35,36,37,38,39,40,41,42,43,44,45,46,47,48,49,50,51,52,53,54,55,56,57,58,59,60,61,62,63,64,65,66,67,68,69,70,71,72,73,74,75,76,77,78,79,80,81,82,83,84,85,86,87,88,89,90,91,92,93,94,95,96,97,98,99
Ground-truth Num of Instances: 13,10,14,10,12,9,17,11,8,13,13,10,11,9,8,7,11,10,10,11,10,11,12,11,14,9,14,8,13,9,6,14,12,11,8,10,13,11,9,11,9,5,9,12,8,15,12,6,11,7,8,11,7,11,8,5,5,17,9,12,9,12,13,8,8,11,7,3,12,6,4,13,11,9,5,13,13,8,11,6,7,13,6,5,8,13,13,11,8,13,11,10,13,11,15,10,8,15,17,15
Our Recovered Labels: 0,1,2,3,4,5,6,7,8,9,10,11,12,13,14,15,16,17,18,19,20,21,22,23,24,25,26,27,28,29,30,31,32,33,34,35,36,37,38,39,40,41,42,43,44,45,46,47,48,49,50,51,52,53,54,55,56,57,58,59,60,61,62,63,64,65,66,67,68,69,70,71,72,73,74,75,76,77,78,79,80,81,82,83,84,85,86,87,88,89,90,91,92,93,94,95,96,97,98,99 | LeAcc: 1.000
Our Recovered Num of Instances: 13,10,14,10,12,9,17,11,8,13,13,10,11,9,8,7,11,10,10,11,10,11,12,11,14,9,14,8,13,9,6,14,12,11,8,10,13,11,9,11,9,5,9,12,8,15,12,6,11,7,8,11,7,11,8,5,5,17,9,12,9,12,13,8,8,11,7,3,12,6,4,13,11,9,5,13,13,8,11,6,7,13,6,5,8,13,13,11,8,13,11,10,13,11,15,10,8,15,17,15 | LnAcc: 1.000 | IRec: 1.000
Start Experiment 13
***************************************************************
Ground-truth Labels: 0,1,2,3,4,5,6,7,8,9,10,11,12,13,14,15,16,17,18,19,20,21,22,23,24,25,26,27,28,29,30,31,32,33,34,35,36,37,38,39,40,41,42,43,44,45,46,47,48,49,50,51,52,53,54,55,56,57,58,59,60,61,62,63,64,65,66,67,68,69,70,71,72,73,74,75,76,77,78,79,80,81,82,83,84,85,86,87,88,89,90,91,92,93,94,95,96,97,98,99
Ground-truth Num of Instances: 8,9,13,8,10,11,8,10,8,8,12,6,7,13,10,13,12,9,6,13,13,8,11,14,8,13,11,9,8,11,14,8,9,7,6,8,14,16,10,9,14,10,9,11,10,9,6,13,14,9,11,11,13,13,17,8,7,10,9,14,8,9,10,13,7,6,14,11,10,9,8,12,8,11,14,8,8,11,8,8,7,11,14,5,13,13,14,16,15,15,9,9,11,9,12,11,6,6,10,6
Our Recovered Labels: 0,1,2,3,4,5,6,7,8,9,10,11,12,13,14,15,16,17,18,19,20,21,22,23,24,25,26,27,28,29,30,31,32,33,34,35,36,37,38,39,40,41,42,43,44,45,46,47,48,49,50,51,52,53,54,55,56,57,58,59,60,61,62,63,64,65,66,67,68,69,70,71,72,73,74,75,76,77,78,79,80,81,82,83,84,85,86,87,88,89,90,91,92,93,94,95,96,97,98,99 | LeAcc: 1.000
Our Recovered Num of Instances: 8,9,13,8,10,11,8,10,8,8,12,6,7,13,10,13,12,9,6,13,13,8,11,14,8,13,11,9,8,11,14,8,9,7,6,8,14,16,10,9,14,10,9,11,10,9,6,13,14,9,11,11,13,13,17,8,7,10,9,14,8,9,10,13,7,6,14,11,10,9,8,12,8,11,14,8,8,11,8,8,7,11,14,5,13,13,14,16,15,15,9,9,11,9,12,11,6,6,10,6 | LnAcc: 1.000 | IRec: 1.000
Start Experiment 14
***************************************************************
Ground-truth Labels: 0,1,2,3,4,5,6,7,8,9,10,11,12,13,14,15,16,17,18,19,20,21,22,23,24,25,26,27,28,29,30,31,32,33,34,35,36,37,38,39,40,41,42,43,44,45,46,47,48,49,50,51,52,53,54,55,56,57,58,59,60,61,62,63,64,65,66,67,68,69,70,71,72,73,74,75,76,77,78,79,80,81,82,83,84,85,86,87,88,89,90,91,92,93,94,95,96,97,98,99
Ground-truth Num of Instances: 10,9,13,12,11,10,12,12,11,7,4,10,16,9,7,13,9,20,6,7,12,14,9,13,8,8,11,4,11,12,7,10,8,5,11,18,9,9,11,11,5,17,10,15,12,10,11,8,7,10,7,10,13,11,4,9,13,16,9,7,10,4,11,11,11,9,10,14,9,14,7,11,9,10,10,9,14,7,4,13,10,13,19,16,13,11,9,8,13,7,7,9,11,20,7,8,6,10,6,11
Our Recovered Labels: 0,1,2,3,4,5,6,7,8,9,10,11,12,13,14,15,16,17,18,19,20,21,22,23,24,25,26,27,28,29,30,31,32,33,34,35,36,37,38,39,40,41,42,43,44,45,46,47,48,49,50,51,52,53,54,55,56,57,58,59,60,61,62,63,64,65,66,67,68,69,70,71,72,73,74,75,76,77,78,79,80,81,82,83,84,85,86,87,88,89,90,91,92,93,94,95,96,97,98,99 | LeAcc: 1.000
Our Recovered Num of Instances: 10,9,13,12,11,10,12,12,11,7,4,10,16,9,7,13,9,20,6,7,12,14,9,13,8,8,11,4,11,12,7,10,8,5,11,18,9,9,11,11,5,17,10,15,12,10,11,8,7,10,7,10,13,11,4,9,13,16,9,7,10,4,11,11,11,9,10,14,9,14,7,11,9,10,10,9,14,7,4,13,10,13,19,16,13,11,9,8,13,7,7,9,11,20,7,8,6,10,6,11 | LnAcc: 1.000 | IRec: 1.000
Start Experiment 15
***************************************************************
Ground-truth Labels: 0,1,2,3,4,5,6,7,8,9,10,11,12,13,14,15,16,17,18,19,20,21,22,23,24,25,26,27,28,29,30,31,32,33,34,35,36,37,38,39,40,41,42,43,44,45,46,47,48,49,50,51,52,53,54,55,56,57,58,59,60,61,62,63,64,65,66,67,68,69,70,71,72,73,74,75,76,77,78,79,80,81,82,83,84,85,86,87,88,89,90,91,92,93,94,95,96,97,98,99
Ground-truth Num of Instances: 15,9,7,4,10,9,8,7,11,15,13,7,10,11,10,12,14,11,13,12,13,10,10,9,12,11,8,15,15,15,10,12,7,10,6,18,6,11,7,13,9,6,12,11,6,15,9,4,10,9,12,9,8,6,14,12,12,17,8,15,11,10,14,10,9,12,11,8,10,7,15,9,10,6,8,8,6,8,9,4,7,9,17,10,11,10,5,8,12,8,10,8,18,17,4,17,6,7,18,7
Our Recovered Labels: 0,1,2,3,4,5,6,7,8,9,10,11,12,13,14,15,16,17,18,19,20,21,22,23,24,25,26,27,28,29,30,31,32,33,34,35,36,37,38,39,40,41,42,43,44,45,46,47,48,49,50,51,52,53,54,55,56,57,58,59,60,61,62,63,64,65,66,67,68,69,70,71,72,73,74,75,76,77,78,79,80,81,82,83,84,85,86,87,88,89,90,91,92,93,94,95,96,97,98,99 | LeAcc: 1.000
Our Recovered Num of Instances: 15,9,7,4,10,9,8,7,11,15,13,7,10,11,10,12,14,11,13,12,13,10,10,9,12,11,8,15,15,15,10,12,7,10,6,18,6,11,7,13,9,6,12,11,6,15,9,4,10,9,12,9,8,6,14,12,12,17,8,15,11,10,14,10,9,12,11,8,10,7,15,9,10,6,8,8,6,8,9,4,7,9,17,10,11,10,5,8,12,8,10,8,18,17,4,17,6,7,18,7 | LnAcc: 1.000 | IRec: 1.000
Start Experiment 16
***************************************************************
Ground-truth Labels: 0,1,2,3,4,5,6,7,8,9,10,11,12,13,14,15,16,17,18,19,20,21,22,23,24,25,26,27,28,29,30,31,32,33,34,35,36,37,38,39,40,41,42,43,44,45,46,47,48,49,50,51,52,53,54,55,56,57,58,59,60,61,62,63,64,65,66,67,68,69,70,71,72,73,74,75,76,77,78,79,80,81,82,83,84,85,86,87,88,89,90,91,92,93,94,95,96,97,98,99
Ground-truth Num of Instances: 8,10,13,11,9,17,18,13,8,9,13,12,7,7,9,6,7,15,13,12,8,7,13,11,13,11,8,9,9,18,12,17,8,10,12,7,10,11,9,12,11,9,9,13,10,10,8,11,11,12,10,9,9,9,8,8,12,6,9,14,11,14,13,13,10,8,6,8,13,14,14,7,8,12,8,10,12,20,9,13,9,8,9,4,9,8,6,12,12,7,13,9,4,9,6,11,13,5,6,11
Our Recovered Labels: 0,1,2,3,4,5,6,7,8,9,10,11,12,13,14,15,16,17,18,19,20,21,22,23,24,25,26,27,28,29,30,31,32,33,34,35,36,37,38,39,40,41,42,43,44,45,46,47,48,49,50,51,52,53,54,55,56,57,58,59,60,61,62,63,64,65,66,67,68,69,70,71,72,73,74,75,76,77,78,79,80,81,82,83,84,85,86,87,88,89,90,91,92,93,94,95,96,97,98,99 | LeAcc: 1.000
Our Recovered Num of Instances: 8,10,13,11,9,17,18,13,8,9,13,12,7,7,9,6,7,15,13,12,8,7,13,11,13,11,8,9,9,18,12,17,8,10,12,7,10,11,9,12,11,9,9,13,10,10,8,11,11,12,10,9,9,9,8,8,12,6,9,14,11,14,13,13,10,8,6,8,13,14,14,7,8,12,8,10,12,20,9,13,9,8,9,4,9,8,6,12,12,7,13,9,4,9,6,11,13,5,6,11 | LnAcc: 1.000 | IRec: 1.000
Start Experiment 17
***************************************************************
Ground-truth Labels: 0,1,2,3,4,5,6,7,8,9,10,11,12,13,14,15,16,17,18,19,20,21,22,23,24,25,26,27,28,29,30,31,32,33,34,35,36,37,38,39,40,41,42,43,44,45,46,47,48,49,50,51,52,53,54,55,56,57,58,59,60,61,62,63,64,65,66,67,68,69,70,71,72,73,74,75,76,77,78,79,80,81,82,83,84,85,86,87,88,89,90,91,92,93,94,95,96,97,98,99
Ground-truth Num of Instances: 12,7,10,14,4,6,11,12,9,13,9,8,12,10,13,14,9,10,7,7,6,11,6,10,6,14,9,13,6,14,5,13,5,3,11,8,13,7,11,11,9,9,21,11,13,5,12,9,9,6,12,16,6,5,13,11,12,7,11,14,13,11,10,11,7,13,9,13,10,10,14,8,13,12,11,12,8,11,13,9,5,8,17,12,10,8,14,9,16,9,7,17,14,13,10,9,9,9,12,8
Our Recovered Labels: 0,1,2,3,4,5,6,7,8,9,10,11,12,13,14,15,16,17,18,19,20,21,22,23,24,25,26,27,28,29,30,31,32,33,34,35,36,37,38,39,40,41,42,43,44,45,46,47,48,49,50,51,52,53,54,55,56,57,58,59,60,61,62,63,64,65,66,67,68,69,70,71,72,73,74,75,76,77,78,79,80,81,82,83,84,85,86,87,88,89,90,91,92,93,94,95,96,97,98,99 | LeAcc: 1.000
Our Recovered Num of Instances: 12,7,10,14,4,6,11,12,9,13,9,8,12,10,13,14,9,10,7,7,6,11,6,10,6,14,9,13,6,14,5,13,5,3,11,8,13,7,11,11,9,9,21,11,13,5,12,9,9,6,12,16,6,5,13,11,12,7,11,14,13,11,10,11,7,13,9,13,10,10,14,8,13,12,11,12,8,11,13,9,5,8,17,12,10,8,14,9,16,9,7,17,14,13,10,9,9,9,12,8 | LnAcc: 1.000 | IRec: 1.000
Start Experiment 18
***************************************************************
Ground-truth Labels: 0,1,2,3,4,5,6,7,8,9,10,11,12,13,14,15,16,17,18,19,20,21,22,23,24,25,26,27,28,29,30,31,32,33,34,35,36,37,38,39,40,41,42,43,44,45,46,47,48,49,50,51,52,53,54,55,56,57,58,59,60,61,62,63,64,65,66,67,68,69,70,71,72,73,74,75,76,77,78,79,80,81,82,83,84,85,86,87,88,89,90,91,92,93,94,95,96,97,98,99
Ground-truth Num of Instances: 3,15,8,10,13,10,8,8,12,10,15,10,13,10,8,11,12,13,7,8,8,13,11,7,11,5,12,10,12,8,18,12,5,10,13,7,8,5,5,6,7,12,7,5,14,12,7,11,11,14,13,9,13,5,12,10,7,13,10,11,13,9,8,9,11,7,12,8,18,8,12,15,13,12,11,13,10,11,10,4,11,15,16,6,5,11,17,16,10,10,14,11,6,8,8,11,14,6,14,8
Our Recovered Labels: 0,1,2,3,4,5,6,7,8,9,10,11,12,13,14,15,16,17,18,19,20,21,22,23,24,25,26,27,28,29,30,31,32,33,34,35,36,37,38,39,40,41,42,43,44,45,46,47,48,49,50,51,52,53,54,55,56,57,58,59,60,61,62,63,64,65,66,67,68,69,70,71,72,73,74,75,76,77,78,79,80,81,82,83,84,85,86,87,88,89,90,91,92,93,94,95,96,97,98,99 | LeAcc: 1.000
Our Recovered Num of Instances: 3,15,8,10,13,10,8,8,12,10,15,10,13,10,8,11,12,13,7,8,8,13,11,7,11,5,12,10,12,8,18,12,5,10,13,7,8,5,5,6,7,12,7,5,14,12,7,11,11,14,13,9,13,5,12,10,7,13,10,11,13,9,8,9,11,7,12,8,18,8,12,15,13,12,11,13,10,11,10,4,11,15,16,6,5,11,17,16,10,10,14,11,6,8,8,11,14,6,14,8 | LnAcc: 1.000 | IRec: 1.000
Start Experiment 19
***************************************************************
Ground-truth Labels: 0,1,2,3,4,5,6,7,8,9,10,11,12,13,14,15,16,17,18,19,20,21,22,23,24,25,26,27,28,29,30,31,32,33,34,35,36,37,38,39,40,41,42,43,44,45,46,47,48,49,50,51,52,53,54,55,56,57,58,59,60,61,62,63,64,65,66,67,68,69,70,71,72,73,74,75,76,77,78,79,80,81,82,83,84,85,86,87,88,89,90,91,92,93,94,95,96,97,98,99
Ground-truth Num of Instances: 11,11,11,8,13,8,10,16,10,7,10,11,9,10,19,10,8,14,8,10,11,14,10,10,6,7,11,12,7,18,9,9,11,10,10,5,13,12,11,7,7,8,17,15,11,8,7,6,16,14,11,9,10,4,7,9,13,14,9,8,5,13,12,9,13,6,12,8,10,12,7,15,11,4,9,8,14,6,14,8,6,10,9,15,12,9,4,9,12,16,10,8,11,10,8,7,12,13,12,15
Our Recovered Labels: 0,1,2,3,4,5,6,7,8,9,10,11,12,13,14,15,16,17,18,19,20,21,22,23,24,25,26,27,28,29,30,31,32,33,34,35,36,37,38,39,40,41,42,43,44,45,46,47,48,49,50,51,52,53,54,55,56,57,58,59,60,61,62,63,64,65,66,67,68,69,70,71,72,73,74,75,76,77,78,79,80,81,82,83,84,85,86,87,88,89,90,91,92,93,94,95,96,97,98,99 | LeAcc: 1.000
Our Recovered Num of Instances: 11,11,11,8,13,8,10,16,10,7,10,11,9,10,19,10,8,14,8,10,11,14,10,10,6,7,11,12,7,18,9,9,11,10,10,5,13,12,11,7,7,8,17,15,11,8,7,6,16,14,11,9,10,4,7,9,13,14,9,8,5,13,12,9,13,6,12,8,10,12,7,15,11,4,9,8,14,6,14,8,6,10,9,15,12,9,4,9,12,16,10,8,11,10,8,7,12,13,12,15 | LnAcc: 1.000 | IRec: 1.000
Start Experiment 20
***************************************************************
Ground-truth Labels: 0,1,2,3,4,5,6,7,8,9,10,11,12,13,14,15,16,17,18,19,20,21,22,23,24,25,26,27,28,29,30,31,32,33,34,35,36,37,38,39,40,41,42,43,44,45,46,47,48,49,50,51,52,53,54,55,56,57,58,59,60,61,62,63,64,65,66,67,68,69,70,71,72,73,74,75,76,77,78,79,80,81,82,83,84,85,86,87,88,89,90,91,92,93,94,95,96,97,98,99
Ground-truth Num of Instances: 8,9,9,9,5,14,13,12,12,8,17,11,12,6,11,12,9,7,11,9,5,9,8,13,12,12,10,6,9,7,9,16,7,5,11,12,13,6,8,11,15,13,7,11,10,11,8,4,11,11,6,12,12,11,15,8,11,15,10,11,11,13,13,11,12,11,10,10,13,12,11,7,5,14,8,9,13,5,14,17,14,12,10,4,9,12,12,15,9,10,12,8,9,12,10,10,9,11,4,8
Our Recovered Labels: 0,1,2,3,4,5,6,7,8,9,10,11,12,13,14,15,16,17,18,19,20,21,22,23,24,25,26,27,28,29,30,31,32,33,34,35,36,37,38,39,40,41,42,43,44,45,46,47,48,49,50,51,52,53,54,55,56,57,58,59,60,61,62,63,64,65,66,67,68,69,70,71,72,73,74,75,76,77,78,79,80,81,82,83,84,85,86,87,88,89,90,91,92,93,94,95,96,97,98,99 | LeAcc: 1.000
Our Recovered Num of Instances: 8,9,9,9,5,14,13,12,12,8,17,11,12,6,11,12,9,7,11,9,5,9,8,13,12,12,10,6,9,7,9,16,7,5,11,12,13,6,8,11,15,13,7,11,10,11,8,4,11,11,6,12,12,11,15,8,11,15,10,11,11,13,13,11,12,11,10,10,13,12,11,7,5,14,8,9,13,5,14,17,14,12,10,4,9,12,12,15,9,10,12,8,9,12,10,10,9,11,4,8 | LnAcc: 1.000 | IRec: 1.000
Start Experiment 21
***************************************************************
Ground-truth Labels: 0,1,2,3,4,5,6,7,8,9,10,11,12,13,14,15,16,17,18,19,20,21,22,23,24,25,26,27,28,29,30,31,32,33,34,35,36,37,38,39,40,41,42,43,44,45,46,47,48,49,50,51,52,53,54,55,56,57,58,59,60,61,62,63,64,65,66,67,68,69,70,71,72,73,74,75,76,77,78,79,80,81,82,83,84,85,86,87,88,89,90,91,92,93,94,95,96,97,98,99
Ground-truth Num of Instances: 9,10,7,6,14,10,6,11,9,15,11,7,13,11,5,8,10,14,14,10,11,11,10,17,11,8,6,14,9,11,13,17,6,7,8,11,8,9,8,13,11,10,15,11,9,6,12,10,12,13,13,13,14,14,10,9,10,12,9,9,11,10,7,9,15,8,11,8,9,13,5,8,8,13,15,9,9,9,6,11,17,14,10,15,12,8,4,6,12,9,7,9,8,7,14,8,7,13,7,13
Our Recovered Labels: 0,1,2,3,4,5,6,7,8,9,10,11,12,13,14,15,16,17,18,19,20,21,22,23,24,25,26,27,28,29,30,31,32,33,34,35,36,37,38,39,40,41,42,43,44,45,46,47,48,49,50,51,52,53,54,55,56,57,58,59,60,61,62,63,64,65,66,67,68,69,70,71,72,73,74,75,76,77,78,79,80,81,82,83,84,85,86,87,88,89,90,91,92,93,94,95,96,97,98,99 | LeAcc: 1.000
Our Recovered Num of Instances: 9,10,7,6,14,10,6,11,9,15,11,7,13,11,5,8,10,14,14,10,11,11,10,17,11,8,6,14,9,11,13,17,6,7,8,11,8,9,8,13,11,10,15,11,9,6,12,10,12,13,13,13,14,14,10,9,10,12,9,9,11,10,7,9,15,8,11,8,9,13,5,8,8,13,15,9,9,9,6,11,17,14,10,15,12,8,4,6,12,9,7,9,8,7,14,8,7,13,7,13 | LnAcc: 1.000 | IRec: 1.000
Start Experiment 22
***************************************************************
Ground-truth Labels: 0,1,2,3,4,5,6,7,8,9,10,11,12,13,14,15,16,17,18,19,20,21,22,23,24,25,26,27,28,29,30,31,32,33,34,35,36,37,38,39,40,41,42,43,44,45,46,47,48,49,50,51,52,53,54,55,56,57,58,59,60,61,62,63,64,65,66,67,68,69,70,71,72,73,74,75,76,77,78,79,80,81,82,83,84,85,86,87,88,89,90,91,92,93,94,95,96,97,98,99
Ground-truth Num of Instances: 8,13,12,9,11,12,12,11,11,7,7,11,10,11,13,8,9,8,12,8,11,11,9,14,9,10,6,13,11,7,17,11,8,16,7,11,11,12,9,9,11,12,10,11,8,11,12,7,11,5,8,11,8,13,9,10,8,9,11,8,12,13,15,8,9,9,12,10,8,10,10,15,13,12,5,7,14,6,13,8,9,15,12,11,12,5,9,12,9,17,14,6,11,12,10,5,10,14,8,6
Our Recovered Labels: 0,1,2,3,4,5,6,7,8,9,10,11,12,13,14,15,16,17,18,19,20,21,22,23,24,25,26,27,28,29,30,31,32,33,34,35,36,37,38,39,40,41,42,43,44,45,46,47,48,49,50,51,52,53,54,55,56,57,58,59,60,61,62,63,64,65,66,67,68,69,70,71,72,73,74,75,76,77,78,79,80,81,82,83,84,85,86,87,88,89,90,91,92,93,94,95,96,97,98,99 | LeAcc: 1.000
Our Recovered Num of Instances: 8,13,12,9,11,12,12,11,11,7,7,11,10,11,13,8,9,8,12,8,11,11,9,14,9,10,6,13,11,7,17,11,8,16,7,11,11,12,9,9,11,12,10,11,8,11,12,7,11,5,8,11,8,13,9,10,8,9,11,8,12,13,15,8,9,9,12,10,8,10,10,15,13,12,5,7,14,6,13,8,9,15,12,11,12,5,9,12,9,17,14,6,11,12,10,5,10,14,8,6 | LnAcc: 1.000 | IRec: 1.000
Start Experiment 23
***************************************************************
Ground-truth Labels: 0,1,2,3,4,5,6,7,8,9,10,11,12,13,14,15,16,17,18,19,20,21,22,23,24,25,26,27,28,29,30,31,32,33,34,35,36,37,38,39,40,41,42,43,44,45,46,47,48,49,50,51,52,53,54,55,56,57,58,59,60,61,62,63,64,65,66,67,68,69,70,71,72,73,74,75,76,77,78,79,80,81,82,83,84,85,86,87,88,89,90,91,92,93,94,95,96,97,98,99
Ground-truth Num of Instances: 10,12,12,10,14,16,15,6,15,12,13,11,10,12,13,6,12,13,9,9,13,15,8,14,9,8,12,20,8,9,9,9,11,12,11,8,3,8,19,11,8,11,8,8,11,7,8,11,7,7,11,12,4,10,11,6,14,13,9,8,8,7,10,9,12,5,6,6,13,8,13,9,9,11,15,8,16,9,13,6,9,9,11,10,11,9,5,15,4,11,9,11,10,9,9,13,13,10,14,8
Our Recovered Labels: 0,1,2,3,4,5,6,7,8,9,10,11,12,13,14,15,16,17,18,19,20,21,22,23,24,25,26,27,28,29,30,31,32,33,34,35,36,37,38,39,40,41,42,43,44,45,46,47,48,49,50,51,52,53,54,55,56,57,58,59,60,61,62,63,64,65,66,67,68,69,70,71,72,73,74,75,76,77,78,79,80,81,82,83,84,85,86,87,88,89,90,91,92,93,94,95,96,97,98,99 | LeAcc: 1.000
Our Recovered Num of Instances: 10,12,12,10,14,16,15,6,15,12,13,11,10,12,13,6,12,13,9,9,13,15,8,14,9,8,12,20,8,9,9,9,11,12,11,8,3,8,19,11,8,11,8,8,11,7,8,11,7,7,11,12,4,10,11,6,14,13,9,8,8,7,10,9,12,5,6,6,13,8,13,9,9,11,15,8,16,9,13,6,9,9,11,10,11,9,5,15,4,11,9,11,10,9,9,13,13,10,14,8 | LnAcc: 1.000 | IRec: 1.000
Start Experiment 24
***************************************************************
Ground-truth Labels: 0,1,2,3,4,5,6,7,8,9,10,11,12,13,14,15,16,17,18,19,20,21,22,23,24,25,26,27,28,29,30,31,32,33,34,35,36,37,38,39,40,41,42,43,44,45,46,47,48,49,50,51,52,53,54,55,56,57,58,59,60,61,62,63,64,65,66,67,68,69,70,71,72,73,74,75,76,77,78,79,80,81,82,83,84,85,86,87,88,89,90,91,92,93,94,95,96,97,98,99
Ground-truth Num of Instances: 5,11,13,9,9,11,17,11,17,15,8,17,7,19,12,9,9,10,10,14,13,10,6,11,8,5,12,5,6,13,5,16,11,16,7,14,16,11,9,14,12,8,8,9,5,8,14,8,10,8,5,11,10,8,13,10,13,13,6,14,9,13,16,8,10,10,17,13,12,14,9,10,9,13,11,11,7,10,8,12,13,6,12,12,9,10,11,13,11,7,8,7,6,7,6,11,6,3,3,7
Our Recovered Labels: 0,1,2,3,4,5,6,7,8,9,10,11,12,13,14,15,16,17,18,19,20,21,22,23,24,25,26,27,28,29,30,31,32,33,34,35,36,37,38,39,40,41,42,43,44,45,46,47,48,49,50,51,52,53,54,55,56,57,58,59,60,61,62,63,64,65,66,67,68,69,70,71,72,73,74,75,76,77,78,79,80,81,82,83,84,85,86,87,88,89,90,91,92,93,94,95,96,97,98,99 | LeAcc: 1.000
Our Recovered Num of Instances: 5,11,13,9,9,11,17,11,17,15,8,17,7,19,12,9,9,10,10,14,13,10,6,11,8,5,12,5,6,13,5,16,11,16,7,14,16,11,9,14,12,8,8,9,5,8,14,8,10,8,5,11,10,8,13,10,13,13,6,14,9,13,16,8,10,10,17,13,12,14,9,10,9,13,11,11,7,10,8,12,13,6,12,12,9,10,11,13,11,7,8,7,6,7,6,11,6,3,3,7 | LnAcc: 1.000 | IRec: 1.000
Start Experiment 25
***************************************************************
Ground-truth Labels: 0,1,2,3,4,5,6,7,8,9,10,11,12,13,14,15,16,17,18,19,20,21,22,23,24,25,26,27,28,29,30,31,32,33,34,35,36,37,38,39,40,41,42,43,44,45,46,47,48,49,50,51,52,53,54,55,56,57,58,59,60,61,62,63,64,65,66,67,68,69,70,71,72,73,74,75,76,77,78,79,80,81,82,83,84,85,86,87,88,89,90,91,92,93,94,95,96,97,98,99
Ground-truth Num of Instances: 9,8,9,13,11,12,13,18,22,7,14,11,9,16,12,14,13,14,8,7,10,11,9,11,13,8,16,11,10,10,11,9,10,13,13,9,10,11,12,12,6,6,8,9,6,5,9,9,14,15,7,15,9,7,7,10,10,10,10,12,10,7,12,8,6,13,8,5,7,10,12,10,6,4,9,10,9,9,9,12,14,10,5,9,13,12,8,6,8,10,5,9,14,4,14,10,16,18,8,12
Our Recovered Labels: 0,1,2,3,4,5,6,7,8,9,10,11,12,13,14,15,16,17,18,19,20,21,22,23,24,25,26,27,28,29,30,31,32,33,34,35,36,37,38,39,40,41,42,43,44,45,46,47,48,49,50,51,52,53,54,55,56,57,58,59,60,61,62,63,64,65,66,67,68,69,70,71,72,73,74,75,76,77,78,79,80,81,82,83,84,85,86,87,88,89,90,91,92,93,94,95,96,97,98,99 | LeAcc: 1.000
Our Recovered Num of Instances: 9,8,9,13,11,12,13,18,22,7,14,11,9,16,12,14,13,14,8,7,10,11,9,11,13,8,16,11,10,10,11,9,10,13,13,9,10,11,12,12,6,6,8,9,6,5,9,9,14,15,7,15,9,7,7,10,10,10,10,12,10,7,12,8,6,13,8,5,7,10,12,10,6,4,9,10,9,9,9,12,14,10,5,9,13,12,8,6,8,10,5,9,14,4,14,10,16,18,8,12 | LnAcc: 1.000 | IRec: 1.000
Start Experiment 26
***************************************************************
Ground-truth Labels: 0,1,2,3,4,5,6,7,8,9,10,11,12,13,14,15,16,17,18,19,20,21,22,23,24,25,26,27,28,29,30,31,32,33,34,35,36,37,38,39,40,41,42,43,44,45,46,47,48,49,50,51,52,53,54,55,56,57,58,59,60,61,62,63,64,65,66,67,68,69,70,71,72,73,74,75,76,77,78,79,80,81,82,83,84,85,86,87,88,89,90,91,92,93,94,95,96,97,98,99
Ground-truth Num of Instances: 15,12,6,8,6,9,9,10,8,8,9,6,10,15,14,10,11,11,9,12,9,7,11,8,8,12,5,9,10,13,9,8,13,13,10,10,10,12,9,11,6,10,14,7,11,12,13,8,18,10,15,15,8,16,12,16,9,11,10,14,15,10,12,16,8,7,8,19,11,8,7,11,15,8,6,14,7,6,10,8,8,8,13,8,9,8,6,13,14,8,10,12,6,8,9,9,7,11,13,8
Our Recovered Labels: 0,1,2,3,4,5,6,7,8,9,10,11,12,13,14,15,16,17,18,19,20,21,22,23,24,25,26,27,28,29,30,31,32,33,34,35,36,37,38,39,40,41,42,43,44,45,46,47,48,49,50,51,52,53,54,55,56,57,58,59,60,61,62,63,64,65,66,67,68,69,70,71,72,73,74,75,76,77,78,79,80,81,82,83,84,85,86,87,88,89,90,91,92,93,94,95,96,97,98,99 | LeAcc: 1.000
Our Recovered Num of Instances: 15,12,6,8,6,9,9,10,8,8,9,6,10,15,14,10,11,11,9,12,9,7,11,8,8,12,5,9,10,13,9,8,13,13,10,10,10,12,9,11,6,10,14,7,11,12,13,8,18,10,15,15,8,16,12,16,9,11,10,14,15,10,12,16,8,7,8,19,11,8,7,11,15,8,6,14,7,6,10,8,8,8,13,8,9,8,6,13,14,8,10,12,6,8,9,9,7,11,13,8 | LnAcc: 1.000 | IRec: 1.000
Start Experiment 27
***************************************************************
Ground-truth Labels: 0,1,2,3,4,5,6,7,8,9,10,11,12,13,14,15,16,17,18,19,20,21,22,23,24,25,26,27,28,29,30,31,32,33,34,35,36,37,38,39,40,41,42,43,44,45,46,47,48,49,50,51,52,53,54,55,56,57,58,59,60,61,62,63,64,65,66,67,68,69,70,71,72,73,74,75,76,77,78,79,80,81,82,83,84,85,86,87,88,89,90,91,92,93,94,95,96,97,98,99
Ground-truth Num of Instances: 6,12,12,5,7,8,10,5,6,13,17,5,9,9,8,11,14,11,14,5,10,12,10,11,11,7,11,11,5,10,7,12,3,9,8,10,10,7,13,8,9,10,9,12,11,7,6,8,9,21,15,12,11,11,17,10,10,15,8,7,20,8,10,9,13,17,10,12,10,8,6,9,11,7,6,7,9,8,11,15,9,10,13,5,11,7,8,14,12,13,18,16,20,4,8,10,14,11,13,12
Our Recovered Labels: 0,1,2,3,4,5,6,7,8,9,10,11,12,13,14,15,16,17,18,19,20,21,22,23,24,25,26,27,28,29,30,31,32,33,34,35,36,37,38,39,40,41,42,43,44,45,46,47,48,49,50,51,52,53,54,55,56,57,58,59,60,61,62,63,64,65,66,67,68,69,70,71,72,73,74,75,76,77,78,79,80,81,82,83,84,85,86,87,88,89,90,91,92,93,94,95,96,97,98,99 | LeAcc: 1.000
Our Recovered Num of Instances: 6,12,12,5,7,8,10,5,6,13,17,5,9,9,8,11,14,11,14,5,10,12,10,11,11,7,11,11,5,10,7,12,3,9,8,10,10,7,13,8,9,10,9,12,11,7,6,8,9,21,15,12,11,11,17,10,10,15,8,7,20,8,10,9,13,17,10,12,10,8,6,9,11,7,6,7,9,8,11,15,9,10,13,5,11,7,8,14,12,13,18,16,20,4,8,10,14,11,13,12 | LnAcc: 1.000 | IRec: 1.000
Start Experiment 28
***************************************************************
Ground-truth Labels: 0,1,2,3,4,5,6,7,8,9,10,11,12,13,14,15,16,17,18,19,20,21,22,23,24,25,26,27,28,29,30,31,32,33,34,35,36,37,38,39,40,41,42,43,44,45,46,47,48,49,50,51,52,53,54,55,56,57,58,59,60,61,62,63,64,65,66,67,68,69,70,71,72,73,74,75,76,77,78,79,80,81,82,83,84,85,86,87,88,89,90,91,92,93,94,95,96,97,98,99
Ground-truth Num of Instances: 9,11,7,8,11,14,9,15,10,12,8,12,10,8,8,12,16,6,15,13,8,9,16,10,11,8,13,10,6,11,10,7,13,11,9,10,9,7,12,14,7,17,7,13,14,6,8,8,13,18,15,12,2,12,6,10,11,11,15,8,5,11,13,6,8,6,7,13,14,10,14,10,15,15,10,14,9,14,8,6,5,9,12,7,6,16,11,9,6,8,10,12,10,3,10,7,10,5,14,15
Our Recovered Labels: 0,1,2,3,4,5,6,7,8,9,10,11,12,13,14,15,16,17,18,19,20,21,22,23,24,25,26,27,28,29,30,31,32,33,34,35,36,37,38,39,40,41,42,43,44,45,46,47,48,49,50,51,52,53,54,55,56,57,58,59,60,61,62,63,64,65,66,67,68,69,70,71,72,73,74,75,76,77,78,79,80,81,82,83,84,85,86,87,88,89,90,91,92,93,94,95,96,97,98,99 | LeAcc: 1.000
Our Recovered Num of Instances: 9,11,7,8,11,14,9,15,10,12,8,12,10,8,8,12,16,6,15,13,8,9,16,10,11,8,13,10,6,11,10,7,13,11,9,10,9,7,12,14,7,17,7,13,14,6,8,8,13,18,15,12,2,12,6,10,11,11,15,8,5,11,13,6,8,6,7,13,14,10,14,10,15,15,10,14,9,14,8,6,5,9,12,7,6,16,11,9,6,8,10,12,10,3,10,7,10,5,14,15 | LnAcc: 1.000 | IRec: 1.000
Start Experiment 29
***************************************************************
Ground-truth Labels: 0,1,2,3,4,5,6,7,8,9,10,11,12,13,14,15,16,17,18,19,20,21,22,23,24,25,26,27,28,29,30,31,32,33,34,35,36,37,38,39,40,41,42,43,44,45,46,47,48,49,50,51,52,53,54,55,56,57,58,59,60,61,62,63,64,65,66,67,68,69,70,71,72,73,74,75,76,77,78,79,80,81,82,83,84,85,86,87,88,89,90,91,92,93,94,95,96,97,98,99
Ground-truth Num of Instances: 11,10,7,13,12,8,16,10,17,7,10,7,16,6,11,9,8,13,16,4,6,13,9,10,14,10,4,12,9,13,10,16,10,8,16,9,12,6,3,10,10,11,7,11,3,8,9,14,17,12,8,14,13,11,8,7,13,8,10,12,13,8,9,9,17,12,8,10,7,7,7,9,12,10,10,12,8,15,9,18,7,15,8,13,7,10,14,7,12,10,10,9,12,11,6,8,6,10,8,14
Our Recovered Labels: 0,1,2,3,4,5,6,7,8,9,10,11,12,13,14,15,16,17,18,19,20,21,22,23,24,25,26,27,28,29,30,31,32,33,34,35,36,37,38,39,40,41,42,43,44,45,46,47,48,49,50,51,52,53,54,55,56,57,58,59,60,61,62,63,64,65,66,67,68,69,70,71,72,73,74,75,76,77,78,79,80,81,82,83,84,85,86,87,88,89,90,91,92,93,94,95,96,97,98,99 | LeAcc: 1.000
Our Recovered Num of Instances: 11,10,7,13,12,8,16,10,17,7,10,7,16,6,11,9,8,13,16,4,6,13,9,10,14,10,4,12,9,13,10,16,10,8,16,9,12,6,3,10,10,11,7,11,3,8,9,14,17,12,8,14,13,11,8,7,13,8,10,12,13,8,9,9,17,12,8,10,7,7,7,9,12,10,10,12,8,15,9,18,7,15,8,13,7,10,14,7,12,10,10,9,12,11,6,8,6,10,8,14 | LnAcc: 1.000 | IRec: 1.000
Start Experiment 30
***************************************************************
Ground-truth Labels: 0,1,2,3,4,5,6,7,8,9,10,11,12,13,14,15,16,17,18,19,20,21,22,23,24,25,26,27,28,29,30,31,32,33,34,35,36,37,38,39,40,41,42,43,44,45,46,47,48,49,50,51,52,53,54,55,56,57,58,59,60,61,62,63,64,65,66,67,68,69,70,71,72,73,74,75,76,77,78,79,80,81,82,83,84,85,86,87,88,89,90,91,92,93,94,95,96,97,98,99
Ground-truth Num of Instances: 6,10,9,9,8,7,12,4,10,6,6,8,16,13,8,16,7,13,13,13,9,7,14,11,8,8,7,11,13,11,13,10,5,9,14,9,7,10,16,9,10,9,15,10,19,15,11,4,9,10,9,12,8,15,11,7,12,15,9,6,13,13,10,7,14,10,15,14,9,10,14,11,10,8,13,6,14,6,14,12,7,12,9,5,13,6,6,10,12,11,7,18,3,12,12,3,17,8,11,8
Our Recovered Labels: 0,1,2,3,4,5,6,7,8,9,10,11,12,13,14,15,16,17,18,19,20,21,22,23,24,25,26,27,28,29,30,31,32,33,34,35,36,37,38,39,40,41,42,43,44,45,46,47,48,49,50,51,52,53,54,55,56,57,58,59,60,61,62,63,64,65,66,67,68,69,70,71,72,73,74,75,76,77,78,79,80,81,82,83,84,85,86,87,88,89,90,91,92,93,94,95,96,97,98,99 | LeAcc: 1.000
Our Recovered Num of Instances: 6,10,9,9,8,7,12,4,10,6,6,8,16,13,8,16,7,13,13,13,9,7,14,11,8,8,7,11,13,11,13,10,5,9,14,9,7,10,16,9,10,9,15,10,19,15,11,4,9,10,9,12,8,15,11,7,12,15,9,6,13,13,10,7,14,10,15,14,9,10,14,11,10,8,13,6,14,6,14,12,7,12,9,5,13,6,6,10,12,11,7,18,3,12,12,3,17,8,11,8 | LnAcc: 1.000 | IRec: 1.000
Start Experiment 31
***************************************************************
Ground-truth Labels: 0,1,2,3,4,5,6,7,8,9,10,11,12,13,14,15,16,17,18,19,20,21,22,23,24,25,26,27,28,29,30,31,32,33,34,35,36,37,38,39,40,41,42,43,44,45,46,47,48,49,50,51,52,53,54,55,56,57,58,59,60,61,62,63,64,65,66,67,68,69,70,71,72,73,74,75,76,77,78,79,80,81,82,83,84,85,86,87,88,89,90,91,92,93,94,95,96,97,98,99
Ground-truth Num of Instances: 12,8,5,11,11,7,8,10,7,10,10,13,9,7,12,12,11,10,16,7,8,12,15,9,9,13,13,11,9,11,7,16,10,8,10,14,3,10,9,15,8,15,7,17,12,12,8,6,14,5,13,6,13,12,17,11,10,9,10,6,17,8,11,7,10,6,13,8,12,6,7,10,9,11,7,10,8,10,9,18,5,14,11,12,10,10,7,11,11,8,13,11,10,8,15,9,12,9,13,9
Our Recovered Labels: 0,1,2,3,4,5,6,7,8,9,10,11,12,13,14,15,16,17,18,19,20,21,22,23,24,25,26,27,28,29,30,31,32,33,34,35,36,37,38,39,40,41,42,43,44,45,46,47,48,49,50,51,52,53,54,55,56,57,58,59,60,61,62,63,64,65,66,67,68,69,70,71,72,73,74,75,76,77,78,79,80,81,82,83,84,85,86,87,88,89,90,91,92,93,94,95,96,97,98,99 | LeAcc: 1.000
Our Recovered Num of Instances: 12,8,5,11,11,7,8,10,7,10,10,13,9,7,12,12,11,10,16,7,8,12,15,9,9,13,13,11,9,11,7,16,10,8,10,14,3,10,9,15,8,15,7,17,12,12,8,6,14,5,13,6,13,12,17,11,10,9,10,6,17,8,11,7,10,6,13,8,12,6,7,10,9,11,7,10,8,10,9,18,5,14,11,12,10,10,7,11,11,8,13,11,10,8,15,9,12,9,13,9 | LnAcc: 1.000 | IRec: 1.000
Start Experiment 32
***************************************************************
Ground-truth Labels: 0,1,2,3,4,5,6,7,8,9,10,11,12,13,14,15,16,17,18,19,20,21,22,23,24,25,26,27,28,29,30,31,32,33,34,35,36,37,38,39,40,41,42,43,44,45,46,47,48,49,50,51,52,53,54,55,56,57,58,59,60,61,62,63,64,65,66,67,68,69,70,71,72,73,74,75,76,77,78,79,80,81,82,83,84,85,86,87,88,89,90,91,92,93,94,95,96,97,98,99
Ground-truth Num of Instances: 6,11,9,11,9,15,10,15,8,10,10,10,8,6,13,4,5,9,13,11,8,8,13,9,8,11,9,14,11,8,12,11,12,13,9,13,12,8,9,11,14,14,7,7,13,12,13,7,6,15,13,13,12,15,11,10,8,12,10,13,9,11,5,11,10,15,10,12,4,12,7,12,15,9,11,4,9,7,8,11,13,15,11,13,20,9,13,3,9,9,12,3,10,16,8,7,6,6,9,13
Our Recovered Labels: 0,1,2,3,4,5,6,7,8,9,10,11,12,13,14,15,16,17,18,19,20,21,22,23,24,25,26,27,28,29,30,31,32,33,34,35,36,37,38,39,40,41,42,43,44,45,46,47,48,49,50,51,52,53,54,55,56,57,58,59,60,61,62,63,64,65,66,67,68,69,70,71,72,73,74,75,76,77,78,79,80,81,82,83,84,85,86,87,88,89,90,91,92,93,94,95,96,97,98,99 | LeAcc: 1.000
Our Recovered Num of Instances: 6,11,9,11,9,15,10,15,8,10,10,10,8,6,13,4,5,9,13,11,8,8,13,9,8,11,9,14,11,8,12,11,12,13,9,13,12,8,9,11,14,14,7,7,13,12,13,7,6,15,13,13,12,15,11,10,8,12,10,13,9,11,5,11,10,15,10,12,4,12,7,12,15,9,11,4,9,7,8,11,13,15,11,13,20,9,13,3,9,9,12,3,10,16,8,7,6,6,9,13 | LnAcc: 1.000 | IRec: 1.000
Start Experiment 33
***************************************************************
Ground-truth Labels: 0,1,2,3,4,5,6,7,8,9,10,11,12,13,14,15,16,17,18,19,20,21,22,23,24,25,26,27,28,29,30,31,32,33,34,35,36,37,38,39,40,41,42,43,44,45,46,47,48,49,50,51,52,53,54,55,56,57,58,59,60,61,62,63,64,65,66,67,68,69,70,71,72,73,74,75,76,77,78,79,80,81,82,83,84,85,86,87,88,89,90,91,92,93,94,95,96,97,98,99
Ground-truth Num of Instances: 7,16,10,16,5,18,9,12,5,9,10,10,6,10,14,11,11,12,13,8,13,11,10,17,8,10,18,9,12,6,15,8,9,7,7,7,9,10,10,14,10,10,10,11,15,7,7,12,12,7,10,4,11,10,12,11,8,11,12,11,11,6,11,4,14,9,12,8,14,12,14,11,12,10,8,12,13,7,10,7,12,11,8,11,12,9,13,7,4,6,15,14,16,7,10,6,10,17,6,2
Our Recovered Labels: 0,1,2,3,4,5,6,7,8,9,10,11,12,13,14,15,16,17,18,19,20,21,22,23,24,25,26,27,28,29,30,31,32,33,34,35,36,37,38,39,40,41,42,43,44,45,46,47,48,49,50,51,52,53,54,55,56,57,58,59,60,61,62,63,64,65,66,67,68,69,70,71,72,73,74,75,76,77,78,79,80,81,82,83,84,85,86,87,88,89,90,91,92,93,94,95,96,97,98,99 | LeAcc: 1.000
Our Recovered Num of Instances: 7,16,10,16,5,18,9,12,5,9,10,10,6,10,14,11,11,12,13,8,13,11,10,17,8,10,18,9,12,6,15,8,9,7,7,7,9,10,10,14,10,10,10,11,15,7,7,12,12,7,10,4,11,10,12,11,8,11,12,11,11,6,11,4,14,9,12,8,14,12,14,11,12,10,8,12,13,7,10,7,12,11,8,11,12,9,13,7,4,6,15,14,16,7,10,6,10,17,6,2 | LnAcc: 1.000 | IRec: 1.000
Start Experiment 34
***************************************************************
Ground-truth Labels: 0,1,2,3,4,5,6,7,8,9,10,11,12,13,14,15,16,17,18,19,20,21,22,23,24,25,26,27,28,29,30,31,32,33,34,35,36,37,38,39,40,41,42,43,44,45,46,47,48,49,50,51,52,53,54,55,56,57,58,59,60,61,62,63,64,65,66,67,68,69,70,71,72,73,74,75,76,77,78,79,80,81,82,83,84,85,86,87,88,89,90,91,92,93,94,95,96,97,98,99
Ground-truth Num of Instances: 12,3,9,14,13,1,10,14,14,9,12,8,7,8,11,10,13,11,12,12,11,12,10,11,9,11,13,12,7,8,12,13,8,9,8,10,16,7,11,11,7,9,15,9,13,10,18,11,7,16,6,15,9,11,10,10,9,7,11,8,5,10,6,9,9,4,15,10,9,10,8,16,16,5,9,8,10,13,12,16,11,19,8,11,8,14,9,9,8,9,12,10,5,7,9,14,12,9,10,7
Our Recovered Labels: 0,1,2,3,4,5,6,7,8,9,10,11,12,13,14,15,16,17,18,19,20,21,22,23,24,25,26,27,28,29,30,31,32,33,34,35,36,37,38,39,40,41,42,43,44,45,46,47,48,49,50,51,52,53,54,55,56,57,58,59,60,61,62,63,64,65,66,67,68,69,70,71,72,73,74,75,76,77,78,79,80,81,82,83,84,85,86,87,88,89,90,91,92,93,94,95,96,97,98,99 | LeAcc: 1.000
Our Recovered Num of Instances: 12,3,9,14,13,1,10,14,14,9,12,8,7,8,11,10,13,11,12,12,11,12,10,11,9,11,13,12,7,8,12,13,8,9,8,10,16,7,11,11,7,9,15,9,13,10,18,11,7,16,6,15,9,11,10,10,9,7,11,8,5,10,6,9,9,4,15,10,9,10,8,16,16,5,9,8,10,13,12,16,11,19,8,11,8,14,9,9,8,9,12,10,5,7,9,14,12,9,10,7 | LnAcc: 1.000 | IRec: 1.000
Start Experiment 35
***************************************************************
Ground-truth Labels: 0,1,2,3,4,5,6,7,8,9,10,11,12,13,14,15,16,17,18,19,20,21,22,23,24,25,26,27,28,29,30,31,32,33,34,35,36,37,38,39,40,41,42,43,44,45,46,47,48,49,50,51,52,53,54,55,56,57,58,59,60,61,62,63,64,65,66,67,68,69,70,71,72,73,74,75,76,77,78,79,80,81,82,83,84,85,86,87,88,89,90,91,92,93,94,95,96,97,98,99
Ground-truth Num of Instances: 9,17,11,10,15,17,7,9,11,7,5,13,16,5,6,6,7,7,5,10,8,11,9,7,10,10,5,10,12,14,12,7,13,8,14,9,9,8,10,13,6,10,8,12,10,8,9,14,10,16,11,7,12,10,6,11,16,9,5,14,11,10,14,12,9,10,4,13,13,7,15,7,8,10,18,18,10,10,10,7,9,9,10,8,10,14,5,10,6,7,14,12,9,14,15,9,14,8,13,16
Our Recovered Labels: 0,1,2,3,4,5,6,7,8,9,10,11,12,13,14,15,16,17,18,19,20,21,22,23,24,25,26,27,28,29,30,31,32,33,34,35,36,37,38,39,40,41,42,43,44,45,46,47,48,49,50,51,52,53,54,55,56,57,58,59,60,61,62,63,64,65,66,67,68,69,70,71,72,73,74,75,76,77,78,79,80,81,82,83,84,85,86,87,88,89,90,91,92,93,94,95,96,97,98,99 | LeAcc: 1.000
Our Recovered Num of Instances: 9,17,11,10,15,17,7,9,11,7,5,13,16,5,6,6,7,7,5,10,8,11,9,7,10,10,5,10,12,14,12,7,13,8,14,9,9,8,10,13,6,10,8,12,10,8,9,14,10,16,11,7,12,10,6,11,16,9,5,14,11,10,14,12,9,10,4,13,13,7,15,7,8,10,18,18,10,10,10,7,9,9,10,8,10,14,5,10,6,7,14,12,9,14,15,9,14,8,13,16 | LnAcc: 1.000 | IRec: 1.000
Start Experiment 36
***************************************************************
Ground-truth Labels: 0,1,2,3,4,5,6,7,8,9,10,11,12,13,14,15,16,17,18,19,20,21,22,23,24,25,26,27,28,29,30,31,32,33,34,35,36,37,38,39,40,41,42,43,44,45,46,47,48,49,50,51,52,53,54,55,56,57,58,59,60,61,62,63,64,65,66,67,68,69,70,71,72,73,74,75,76,77,78,79,80,81,82,83,84,85,86,87,88,89,90,91,92,93,94,95,96,97,98,99
Ground-truth Num of Instances: 11,10,7,13,6,16,14,11,14,11,8,11,9,9,10,10,10,7,7,10,10,11,13,8,8,19,14,13,15,8,11,11,8,6,15,9,16,10,11,9,14,11,7,10,9,16,9,14,12,11,10,8,8,16,9,11,13,12,14,14,14,6,7,10,8,12,11,12,5,6,9,11,9,9,11,7,11,9,6,11,9,6,13,9,13,6,14,6,7,6,10,6,7,8,14,15,8,10,10,6
Our Recovered Labels: 0,1,2,3,4,5,6,7,8,9,10,11,12,13,14,15,16,17,18,19,20,21,22,23,24,25,26,27,28,29,30,31,32,33,34,35,36,37,38,39,40,41,42,43,44,45,46,47,48,49,50,51,52,53,54,55,56,57,58,59,60,61,62,63,64,65,66,67,68,69,70,71,72,73,74,75,76,77,78,79,80,81,82,83,84,85,86,87,88,89,90,91,92,93,94,95,96,97,98,99 | LeAcc: 1.000
Our Recovered Num of Instances: 11,10,7,13,6,16,14,11,14,11,8,11,9,9,10,10,10,7,7,10,10,11,13,8,8,19,14,13,15,8,11,11,8,6,15,9,16,10,11,9,14,11,7,10,9,16,9,14,12,11,10,8,8,16,9,11,13,12,14,14,14,6,7,10,8,12,11,12,5,6,9,11,9,9,11,7,11,9,6,11,9,6,13,9,13,6,14,6,7,6,10,6,7,8,14,15,8,10,10,6 | LnAcc: 1.000 | IRec: 1.000
Start Experiment 37
***************************************************************
Ground-truth Labels: 0,1,2,3,4,5,6,7,8,9,10,11,12,13,14,15,16,17,18,19,20,21,22,23,24,25,26,27,28,29,30,31,32,33,34,35,36,37,38,39,40,41,42,43,44,45,46,47,48,49,50,51,52,53,54,55,56,57,58,59,60,61,62,63,64,65,66,67,68,69,70,71,72,73,74,75,76,77,78,79,80,81,82,83,84,85,86,87,88,89,90,91,92,93,94,95,96,97,98,99
Ground-truth Num of Instances: 13,6,9,17,13,8,15,10,9,11,8,11,7,15,10,5,9,10,9,10,8,8,11,7,8,10,11,11,12,9,14,12,9,10,13,11,5,11,12,13,10,9,10,7,9,11,7,5,14,11,7,13,13,10,15,10,13,10,19,15,10,9,14,7,13,7,7,12,8,8,4,8,9,9,10,11,10,10,9,8,11,9,4,10,10,10,15,10,12,10,16,13,9,7,6,10,9,14,15,13
Our Recovered Labels: 0,1,2,3,4,5,6,7,8,9,10,11,12,13,14,15,16,17,18,19,20,21,22,23,24,25,26,27,28,29,30,31,32,33,34,35,36,37,38,39,40,41,42,43,44,45,46,47,48,49,50,51,52,53,54,55,56,57,58,59,60,61,62,63,64,65,66,67,68,69,70,71,72,73,74,75,76,77,78,79,80,81,82,83,84,85,86,87,88,89,90,91,92,93,94,95,96,97,98,99 | LeAcc: 1.000
Our Recovered Num of Instances: 13,6,9,17,13,8,15,10,9,11,8,11,7,15,10,5,9,10,9,10,8,8,11,7,8,10,11,11,12,9,14,12,9,10,13,11,5,11,12,13,10,9,10,7,9,11,7,5,14,11,7,13,13,10,15,10,13,10,19,15,10,9,14,7,13,7,7,12,8,8,4,8,9,9,10,11,10,10,9,8,11,9,4,10,10,10,15,10,12,10,16,13,9,7,6,10,9,14,15,13 | LnAcc: 1.000 | IRec: 1.000
Start Experiment 38
***************************************************************
Ground-truth Labels: 0,1,2,3,4,5,6,7,8,9,10,11,12,13,14,15,16,17,18,19,20,21,22,23,24,25,26,27,28,29,30,31,32,33,34,35,36,37,38,39,40,41,42,43,44,45,46,47,48,49,50,51,52,53,54,55,56,57,58,59,60,61,62,63,64,65,66,67,68,69,70,71,72,73,74,75,76,77,78,79,80,81,82,83,84,85,86,87,88,89,90,91,92,93,94,95,96,97,98,99
Ground-truth Num of Instances: 13,5,13,15,7,9,6,10,9,12,12,10,16,8,11,11,14,11,8,7,10,9,7,10,12,14,9,7,8,9,7,16,14,7,9,13,8,12,12,6,15,7,6,12,18,12,6,10,9,10,10,10,11,9,11,8,15,11,7,11,19,12,12,6,9,15,11,6,12,13,8,10,11,8,8,9,14,13,8,11,10,9,9,12,10,11,15,11,6,6,12,10,5,9,13,15,9,6,9,8
Our Recovered Labels: 0,1,2,3,4,5,6,7,8,9,10,11,12,13,14,15,16,17,18,19,20,21,22,23,24,25,26,27,28,29,30,31,32,33,34,35,36,37,38,39,40,41,42,43,44,45,46,47,48,49,50,51,52,53,54,55,56,57,58,59,60,61,62,63,64,65,66,67,68,69,70,71,72,73,74,75,76,77,78,79,80,81,82,83,84,85,86,87,88,89,90,91,92,93,94,95,96,97,98,99 | LeAcc: 1.000
Our Recovered Num of Instances: 13,5,13,15,7,9,6,10,9,12,12,10,16,8,11,11,14,11,8,7,10,9,7,10,12,14,9,7,8,9,7,16,14,7,9,13,8,12,12,6,15,7,6,12,18,12,6,10,9,10,10,10,11,9,11,8,15,11,7,11,19,12,12,6,9,15,11,6,12,13,8,10,11,8,8,9,14,13,8,11,10,9,9,12,10,11,15,11,6,6,12,10,5,9,13,15,9,6,9,8 | LnAcc: 1.000 | IRec: 1.000
Start Experiment 39
***************************************************************
Ground-truth Labels: 0,1,2,3,4,5,6,7,8,9,10,11,12,13,14,15,16,17,18,19,20,21,22,23,24,25,26,27,28,29,30,31,32,33,34,35,36,37,38,39,40,41,42,43,44,45,46,47,48,49,50,51,52,53,54,55,56,57,58,59,60,61,62,63,64,65,66,67,68,69,70,71,72,73,74,75,76,77,78,79,80,81,82,83,84,85,86,87,88,89,90,91,92,93,94,95,96,97,98,99
Ground-truth Num of Instances: 10,14,9,6,14,7,10,9,8,11,13,11,9,14,9,7,7,13,16,13,7,14,9,6,12,14,8,2,12,6,14,15,7,10,11,10,11,13,9,11,6,9,8,7,10,14,8,10,12,10,11,11,6,4,13,13,17,7,12,12,8,17,9,14,11,9,5,12,9,7,12,9,10,15,12,10,13,15,7,9,6,11,9,6,12,5,8,7,16,7,9,10,10,10,12,14,12,16,7,13
Our Recovered Labels: 0,1,2,3,4,5,6,7,8,9,10,11,12,13,14,15,16,17,18,19,20,21,22,23,24,25,26,27,28,29,30,31,32,33,34,35,36,37,38,39,40,41,42,43,44,45,46,47,48,49,50,51,52,53,54,55,56,57,58,59,60,61,62,63,64,65,66,67,68,69,70,71,72,73,74,75,76,77,78,79,80,81,82,83,84,85,86,87,88,89,90,91,92,93,94,95,96,97,98,99 | LeAcc: 1.000
Our Recovered Num of Instances: 10,14,9,6,14,7,10,9,8,11,13,11,9,14,9,7,7,13,16,13,7,14,9,6,12,14,8,2,12,6,14,15,7,10,11,10,11,13,9,11,6,9,8,7,10,14,8,10,12,10,11,11,6,4,13,13,17,7,12,12,8,17,9,14,11,9,5,12,9,7,12,9,10,15,12,10,13,15,7,9,6,11,9,6,12,5,8,7,16,7,9,10,10,10,12,14,12,16,7,13 | LnAcc: 1.000 | IRec: 1.000
Start Experiment 40
***************************************************************
Ground-truth Labels: 0,1,2,3,4,5,6,7,8,9,10,11,12,13,14,15,16,17,18,19,20,21,22,23,24,25,26,27,28,29,30,31,32,33,34,35,36,37,38,39,40,41,42,43,44,45,46,47,48,49,50,51,52,53,54,55,56,57,58,59,60,61,62,63,64,65,66,67,68,69,70,71,72,73,74,75,76,77,78,79,80,81,82,83,84,85,86,87,88,89,90,91,92,93,94,95,96,97,98,99
Ground-truth Num of Instances: 14,12,10,10,6,8,10,11,11,12,11,8,6,11,8,6,12,12,8,11,6,11,9,10,8,12,12,8,16,10,10,15,7,13,8,11,6,13,12,9,6,11,12,10,8,9,15,8,9,13,11,10,15,11,12,10,7,10,7,12,10,6,8,16,8,8,12,7,10,11,12,7,11,8,8,10,7,13,10,10,6,8,16,12,7,4,7,13,7,11,13,11,11,13,11,16,12,13,19,13
Our Recovered Labels: 0,1,2,3,4,5,6,7,8,9,10,11,12,13,14,15,16,17,18,19,20,21,22,23,24,25,26,27,28,29,30,31,32,33,34,35,36,37,38,39,40,41,42,43,44,45,46,47,48,49,50,51,52,53,54,55,56,57,58,59,60,61,62,63,64,65,66,67,68,69,70,71,72,73,74,75,76,77,78,79,80,81,82,83,84,85,86,87,88,89,90,91,92,93,94,95,96,97,98,99 | LeAcc: 1.000
Our Recovered Num of Instances: 14,12,10,10,6,8,10,11,11,12,11,8,6,11,8,6,12,12,8,11,6,11,9,10,8,12,12,8,16,10,10,15,7,13,8,11,6,13,12,9,6,11,12,10,8,9,15,8,9,13,11,10,15,11,12,10,7,10,7,12,10,6,8,16,8,8,12,7,10,11,12,7,11,8,8,10,7,13,10,10,6,8,16,12,7,4,7,13,7,11,13,11,11,13,11,16,12,13,19,13 | LnAcc: 1.000 | IRec: 1.000
Start Experiment 41
***************************************************************
Ground-truth Labels: 0,1,2,3,4,5,6,7,8,9,10,11,12,13,14,15,16,17,18,19,20,21,22,23,24,25,26,27,28,29,30,31,32,33,34,35,36,37,38,39,40,41,42,43,44,45,46,47,48,49,50,51,52,53,54,55,56,57,58,59,60,61,62,63,64,65,66,67,68,69,70,71,72,73,74,75,76,77,78,79,80,81,82,83,84,85,86,87,88,89,90,91,92,93,94,95,96,97,98,99
Ground-truth Num of Instances: 11,14,11,7,12,10,11,11,11,12,13,13,6,13,11,2,9,10,12,8,9,10,6,11,14,19,8,5,12,9,9,12,13,9,10,13,11,11,2,18,6,7,8,13,3,9,12,8,15,11,9,10,13,11,4,10,12,10,9,20,13,10,15,14,9,11,12,10,10,4,2,7,16,12,15,11,8,10,13,8,6,7,5,9,3,12,15,12,9,18,7,9,11,10,10,7,15,7,16,8
Our Recovered Labels: 0,1,2,3,4,5,6,7,8,9,10,11,12,13,14,15,16,17,18,19,20,21,22,23,24,25,26,27,28,29,30,31,32,33,34,35,36,37,38,39,40,41,42,43,44,45,46,47,48,49,50,51,52,53,54,55,56,57,58,59,60,61,62,63,64,65,66,67,68,69,70,71,72,73,74,75,76,77,78,79,80,81,82,83,84,85,86,87,88,89,90,91,92,93,94,95,96,97,98,99 | LeAcc: 1.000
Our Recovered Num of Instances: 11,14,11,7,12,10,11,11,11,12,13,13,6,13,11,2,9,10,12,8,9,10,6,11,14,19,8,5,12,9,9,12,13,9,10,13,11,11,2,18,6,7,8,13,3,9,12,8,15,11,9,10,13,11,4,10,12,10,9,20,13,10,15,14,9,11,12,10,10,4,2,7,16,12,15,11,8,10,13,8,6,7,5,9,3,12,15,12,9,18,7,9,11,10,10,7,15,7,16,8 | LnAcc: 1.000 | IRec: 1.000
Start Experiment 42
***************************************************************
Ground-truth Labels: 0,1,2,3,4,5,6,7,8,9,10,11,12,13,14,15,16,17,18,19,20,21,22,23,24,25,26,27,28,29,30,31,32,33,34,35,36,37,38,39,40,41,42,43,44,45,46,47,48,49,50,51,52,53,54,55,56,57,58,59,60,61,62,63,64,65,66,67,68,69,70,71,72,73,74,75,76,77,78,79,80,81,82,83,84,85,86,87,88,89,90,91,92,93,94,95,96,97,98,99
Ground-truth Num of Instances: 7,10,5,8,13,7,7,7,6,12,10,15,12,15,10,18,7,11,13,7,10,13,10,9,4,10,18,9,9,7,8,14,8,8,10,7,12,5,9,9,7,14,9,13,4,10,6,14,14,8,13,11,11,10,16,18,8,12,9,7,7,13,20,6,10,11,11,8,10,15,13,8,4,13,10,12,11,10,8,11,10,6,9,12,11,10,13,12,8,11,12,4,10,13,12,8,13,7,14,15
Our Recovered Labels: 0,1,2,3,4,5,6,7,8,9,10,11,12,13,14,15,16,17,18,19,20,21,22,23,24,25,26,27,28,29,30,31,32,33,34,35,36,37,38,39,40,41,42,43,44,45,46,47,48,49,50,51,52,53,54,55,56,57,58,59,60,61,62,63,64,65,66,67,68,69,70,71,72,73,74,75,76,77,78,79,80,81,82,83,84,85,86,87,88,89,90,91,92,93,94,95,96,97,98,99 | LeAcc: 1.000
Our Recovered Num of Instances: 7,10,5,8,13,7,7,7,6,12,10,15,12,15,10,18,7,11,13,7,10,13,10,9,4,10,18,9,9,7,8,14,8,8,10,7,12,5,9,9,7,14,9,13,4,10,6,14,14,8,13,11,11,10,16,18,8,12,9,7,7,13,20,6,10,11,11,8,10,15,13,8,4,13,10,12,11,10,8,11,10,6,9,12,11,10,13,12,8,11,12,4,10,13,12,8,13,7,14,15 | LnAcc: 1.000 | IRec: 1.000
Start Experiment 43
***************************************************************
Ground-truth Labels: 0,1,2,3,4,5,6,7,8,9,10,11,12,13,14,15,16,17,18,19,20,21,22,23,24,25,26,27,28,29,30,31,32,33,34,35,36,37,38,39,40,41,42,43,44,45,46,47,48,49,50,51,52,53,54,55,56,57,58,59,60,61,62,63,64,65,66,67,68,69,70,71,72,73,74,75,76,77,78,79,80,81,82,83,84,85,86,87,88,89,90,91,92,93,94,95,96,97,98,99
Ground-truth Num of Instances: 10,11,8,11,16,5,12,7,13,10,9,7,11,7,10,9,12,13,7,11,17,11,9,9,11,11,6,7,11,7,8,14,10,6,5,10,13,10,8,9,11,17,12,12,9,7,10,10,13,11,16,11,12,11,9,13,6,11,9,12,18,11,19,11,9,9,10,9,4,7,9,8,15,14,6,10,14,6,6,5,17,8,10,10,8,12,14,10,9,10,8,11,13,16,10,13,12,8,7,5
Our Recovered Labels: 0,1,2,3,4,5,6,7,8,9,10,11,12,13,14,15,16,17,18,19,20,21,22,23,24,25,26,27,28,29,30,31,32,33,34,35,36,37,38,39,40,41,42,43,44,45,46,47,48,49,50,51,52,53,54,55,56,57,58,59,60,61,62,63,64,65,66,67,68,69,70,71,72,73,74,75,76,77,78,79,80,81,82,83,84,85,86,87,88,89,90,91,92,93,94,95,96,97,98,99 | LeAcc: 1.000
Our Recovered Num of Instances: 10,11,8,11,16,5,12,7,13,10,9,7,11,7,10,9,12,13,7,11,17,11,9,9,11,11,6,7,11,7,8,14,10,6,5,10,13,10,8,9,11,17,12,12,9,7,10,10,13,11,16,11,12,11,9,13,6,11,9,12,18,11,19,11,9,9,10,9,4,7,9,8,15,14,6,10,14,6,6,5,17,8,10,10,8,12,14,10,9,10,8,11,13,16,10,13,12,8,7,5 | LnAcc: 1.000 | IRec: 1.000
Start Experiment 44
***************************************************************
Ground-truth Labels: 0,1,2,3,4,5,6,7,8,9,10,11,12,13,14,15,16,17,18,19,20,21,22,23,24,25,26,27,28,29,30,31,32,33,34,35,36,37,38,39,40,41,42,43,44,45,46,47,48,49,50,51,52,53,54,55,56,57,58,59,60,61,62,63,64,65,66,67,68,69,70,71,72,73,74,75,76,77,78,79,80,81,82,83,84,85,86,87,88,89,90,91,92,93,94,95,96,97,98,99
Ground-truth Num of Instances: 8,5,5,15,7,10,13,10,9,15,13,12,11,10,21,10,9,7,10,12,8,9,9,14,11,7,17,12,9,13,11,10,8,10,6,13,11,12,14,6,13,13,16,13,6,16,11,13,5,7,8,17,14,11,14,11,7,12,8,8,10,10,8,12,7,15,5,15,12,12,9,6,9,6,9,8,8,9,7,11,9,6,10,12,14,12,10,11,11,8,8,14,6,12,9,8,10,7,5,9
Our Recovered Labels: 0,1,2,3,4,5,6,7,8,9,10,11,12,13,14,15,16,17,18,19,20,21,22,23,24,25,26,27,28,29,30,31,32,33,34,35,36,37,38,39,40,41,42,43,44,45,46,47,48,49,50,51,52,53,54,55,56,57,58,59,60,61,62,63,64,65,66,67,68,69,70,71,72,73,74,75,76,77,78,79,80,81,82,83,84,85,86,87,88,89,90,91,92,93,94,95,96,97,98,99 | LeAcc: 1.000
Our Recovered Num of Instances: 8,5,5,15,7,10,13,10,9,15,13,12,11,10,21,10,9,7,10,12,8,9,9,14,11,7,17,12,9,13,11,10,8,10,6,13,11,12,14,6,13,13,16,13,6,16,11,13,5,7,8,17,14,11,14,11,7,12,8,8,10,10,8,12,7,15,5,15,12,12,9,6,9,6,9,8,8,9,7,11,9,6,10,12,14,12,10,11,11,8,8,14,6,12,9,8,10,7,5,9 | LnAcc: 1.000 | IRec: 1.000
Start Experiment 45
***************************************************************
Ground-truth Labels: 0,1,2,3,4,5,6,7,8,9,10,11,12,13,14,15,16,17,18,19,20,21,22,23,24,25,26,27,28,29,30,31,32,33,34,35,36,37,38,39,40,41,42,43,44,45,46,47,48,49,50,51,52,53,54,55,56,57,58,59,60,61,62,63,64,65,66,67,68,69,70,71,72,73,74,75,76,77,78,79,80,81,82,83,84,85,86,87,88,89,90,91,92,93,94,95,96,97,98,99
Ground-truth Num of Instances: 12,12,12,10,11,14,9,12,13,12,11,15,13,15,10,7,10,9,10,10,7,11,9,17,7,8,5,12,9,5,17,10,10,7,11,12,8,7,10,8,4,16,12,11,10,8,7,15,13,8,17,12,13,8,14,8,9,10,9,8,9,8,10,15,10,7,8,10,9,12,9,11,6,6,7,9,14,13,7,12,13,9,5,9,7,12,8,7,7,15,13,15,10,6,10,13,13,13,10,8
Our Recovered Labels: 0,1,2,3,4,5,6,7,8,9,10,11,12,13,14,15,16,17,18,19,20,21,22,23,24,25,26,27,28,29,30,31,32,33,34,35,36,37,38,39,40,41,42,43,44,45,46,47,48,49,50,51,52,53,54,55,56,57,58,59,60,61,62,63,64,65,66,67,68,69,70,71,72,73,74,75,76,77,78,79,80,81,82,83,84,85,86,87,88,89,90,91,92,93,94,95,96,97,98,99 | LeAcc: 1.000
Our Recovered Num of Instances: 12,12,12,10,11,14,9,12,13,12,11,15,13,15,10,7,10,9,10,10,7,11,9,17,7,8,5,12,9,5,17,10,10,7,11,12,8,7,10,8,4,16,12,11,10,8,7,15,13,8,17,12,13,8,14,8,9,10,9,8,9,8,10,15,10,7,8,10,9,12,9,11,6,6,7,9,14,13,7,12,13,9,5,9,7,12,8,7,7,15,13,15,10,6,10,13,13,13,10,8 | LnAcc: 1.000 | IRec: 1.000
Start Experiment 46
***************************************************************
Ground-truth Labels: 0,1,2,3,4,5,6,7,8,9,10,11,12,13,14,15,16,17,18,19,20,21,22,23,24,25,26,27,28,29,30,31,32,33,34,35,36,37,38,39,40,41,42,43,44,45,46,47,48,49,50,51,52,53,54,55,56,57,58,59,60,61,62,63,64,65,66,67,68,69,70,71,72,73,74,75,76,77,78,79,80,81,82,83,84,85,86,87,88,89,90,91,92,93,94,95,96,97,98,99
Ground-truth Num of Instances: 7,10,13,10,10,17,13,18,11,11,3,12,6,10,10,10,15,14,11,13,8,8,9,17,6,7,10,6,6,11,9,13,8,11,9,8,12,9,12,10,11,12,6,11,11,11,10,15,17,17,10,8,8,6,12,15,5,21,9,9,8,8,7,12,7,8,9,11,3,11,12,13,15,8,9,8,18,8,8,11,9,8,16,8,8,10,9,10,11,9,9,8,8,11,4,6,15,8,16,10
Our Recovered Labels: 0,1,2,3,4,5,6,7,8,9,10,11,12,13,14,15,16,17,18,19,20,21,22,23,24,25,26,27,28,29,30,31,32,33,34,35,36,37,38,39,40,41,42,43,44,45,46,47,48,49,50,51,52,53,54,55,56,57,58,59,60,61,62,63,64,65,66,67,68,69,70,71,72,73,74,75,76,77,78,79,80,81,82,83,84,85,86,87,88,89,90,91,92,93,94,95,96,97,98,99 | LeAcc: 1.000
Our Recovered Num of Instances: 7,10,13,10,10,17,13,18,11,11,3,12,6,10,10,10,15,14,11,13,8,8,9,17,6,7,10,6,6,11,9,13,8,11,9,8,12,9,12,10,11,12,6,11,11,11,10,15,17,17,10,8,8,6,12,15,5,21,9,9,8,8,7,12,7,8,9,11,3,11,12,13,15,8,9,8,18,8,8,11,9,8,16,8,8,10,9,10,11,9,9,8,8,11,4,6,15,8,16,10 | LnAcc: 1.000 | IRec: 1.000
Start Experiment 47
***************************************************************
Ground-truth Labels: 0,1,2,3,4,5,6,7,8,9,10,11,12,13,14,15,16,17,18,19,20,21,22,23,24,25,26,27,28,29,30,31,32,33,34,35,36,37,38,39,40,41,42,43,44,45,46,47,48,49,50,51,52,53,54,55,56,57,58,59,60,61,62,63,64,65,66,67,68,69,70,71,72,73,74,75,76,77,78,79,80,81,82,83,84,85,86,87,88,89,90,91,92,93,94,95,96,97,98,99
Ground-truth Num of Instances: 6,16,8,7,9,11,17,10,10,14,12,7,15,9,9,13,15,12,9,18,8,6,3,8,11,12,8,8,15,12,12,14,9,8,11,7,15,10,7,8,9,10,12,14,14,15,12,10,14,13,9,13,11,10,10,6,10,9,14,9,10,12,8,8,9,8,12,10,7,7,11,6,6,13,6,16,10,10,9,7,13,6,9,6,13,10,6,10,13,12,8,14,8,8,13,13,8,11,6,9
Our Recovered Labels: 0,1,2,3,4,5,6,7,8,9,10,11,12,13,14,15,16,17,18,19,20,21,22,23,24,25,26,27,28,29,30,31,32,33,34,35,36,37,38,39,40,41,42,43,44,45,46,47,48,49,50,51,52,53,54,55,56,57,58,59,60,61,62,63,64,65,66,67,68,69,70,71,72,73,74,75,76,77,78,79,80,81,82,83,84,85,86,87,88,89,90,91,92,93,94,95,96,97,98,99 | LeAcc: 1.000
Our Recovered Num of Instances: 6,16,8,7,9,11,17,10,10,14,12,7,15,9,9,13,15,12,9,18,8,6,3,8,11,12,8,8,15,12,12,14,9,8,11,7,15,10,7,8,9,10,12,14,14,15,12,10,14,13,9,13,11,10,10,6,10,9,14,9,10,12,8,8,9,8,12,10,7,7,11,6,6,13,6,16,10,10,9,7,13,6,9,6,13,10,6,10,13,12,8,14,8,8,13,13,8,11,6,9 | LnAcc: 1.000 | IRec: 1.000
Start Experiment 48
***************************************************************
Ground-truth Labels: 0,1,2,3,4,5,6,7,8,9,10,11,12,13,14,15,16,17,18,19,20,21,22,23,24,25,26,27,28,29,30,31,32,33,34,35,36,37,38,39,40,41,42,43,44,45,46,47,48,49,50,51,52,53,54,55,56,57,58,59,60,61,62,63,64,65,66,67,68,69,70,71,72,73,74,75,76,77,78,79,80,81,82,83,84,85,86,87,88,89,90,91,92,93,94,95,96,97,98,99
Ground-truth Num of Instances: 14,11,10,12,16,13,13,9,11,5,8,10,13,14,6,11,12,8,6,15,9,14,12,9,15,6,15,11,12,13,10,10,17,15,14,9,8,6,10,7,11,10,7,7,3,8,13,13,16,12,13,7,8,6,9,10,6,11,8,11,11,6,6,11,10,9,11,7,13,14,4,9,10,12,11,15,11,11,14,11,8,9,10,12,15,11,16,9,9,7,9,5,7,7,6,6,13,13,11,7
Our Recovered Labels: 0,1,2,3,4,5,6,7,8,9,10,11,12,13,14,15,16,17,18,19,20,21,22,23,24,25,26,27,28,29,30,31,32,33,34,35,36,37,38,39,40,41,42,43,44,45,46,47,48,49,50,51,52,53,54,55,56,57,58,59,60,61,62,63,64,65,66,67,68,69,70,71,72,73,74,75,76,77,78,79,80,81,82,83,84,85,86,87,88,89,90,91,92,93,94,95,96,97,98,99 | LeAcc: 1.000
Our Recovered Num of Instances: 14,11,10,12,16,13,13,9,11,5,8,10,13,14,6,11,12,8,6,15,9,14,12,9,15,6,15,11,12,13,10,10,17,15,14,9,8,6,10,7,11,10,7,7,3,8,13,13,16,12,13,7,8,6,9,10,6,11,8,11,11,6,6,11,10,9,11,7,13,14,4,9,10,12,11,15,11,11,14,11,8,9,10,12,15,11,16,9,9,7,9,5,7,7,6,6,13,13,11,7 | LnAcc: 1.000 | IRec: 1.000
Start Experiment 49
***************************************************************
Ground-truth Labels: 0,1,2,3,4,5,6,7,8,9,10,11,12,13,14,15,16,17,18,19,20,21,22,23,24,25,26,27,28,29,30,31,32,33,34,35,36,37,38,39,40,41,42,43,44,45,46,47,48,49,50,51,52,53,54,55,56,57,58,59,60,61,62,63,64,65,66,67,68,69,70,71,72,73,74,75,76,77,78,79,80,81,82,83,84,85,86,87,88,89,90,91,92,93,94,95,96,97,98,99
Ground-truth Num of Instances: 10,7,12,15,8,17,9,5,9,6,13,9,7,15,6,8,16,13,10,14,12,8,14,7,10,16,9,13,9,9,12,5,10,10,11,13,8,11,9,11,10,8,11,16,8,16,9,7,13,12,9,7,8,7,11,9,16,6,12,7,9,16,9,5,9,12,12,10,9,9,12,12,9,12,9,9,5,11,15,11,10,8,10,10,13,7,10,7,12,15,16,11,7,12,9,7,4,10,12,11
Our Recovered Labels: 0,1,2,3,4,5,6,7,8,9,10,11,12,13,14,15,16,17,18,19,20,21,22,23,24,25,26,27,28,29,30,31,32,33,34,35,36,37,38,39,40,41,42,43,44,45,46,47,48,49,50,51,52,53,54,55,56,57,58,59,60,61,62,63,64,65,66,67,68,69,70,71,72,73,74,75,76,77,78,79,80,81,82,83,84,85,86,87,88,89,90,91,92,93,94,95,96,97,98,99 | LeAcc: 1.000
Our Recovered Num of Instances: 10,7,12,15,8,17,9,5,9,6,13,9,7,15,6,8,16,13,10,14,12,8,14,7,10,16,9,13,9,9,12,5,10,10,11,13,8,11,9,11,10,8,11,16,8,16,9,7,13,12,9,7,8,7,11,9,16,6,12,7,9,16,9,5,9,12,12,10,9,9,12,12,9,12,9,9,5,11,15,11,10,8,10,10,13,7,10,7,12,15,16,11,7,12,9,7,4,10,12,11 | LnAcc: 1.000 | IRec: 1.000
Start Experiment 50
***************************************************************
Ground-truth Labels: 0,1,2,3,4,5,6,7,8,9,10,11,12,13,14,15,16,17,18,19,20,21,22,23,24,25,26,27,28,29,30,31,32,33,34,35,36,37,38,39,40,41,42,43,44,45,46,47,48,49,50,51,52,53,54,55,56,57,58,59,60,61,62,63,64,65,66,67,68,69,70,71,72,73,74,75,76,77,78,79,80,81,82,83,84,85,86,87,88,89,90,91,92,93,94,95,96,97,98,99
Ground-truth Num of Instances: 7,8,13,14,2,10,9,11,8,12,9,8,13,9,5,8,5,14,17,16,11,6,11,7,14,10,13,12,9,9,4,14,5,9,10,7,12,10,16,12,10,6,14,13,11,7,8,16,10,13,6,9,7,14,13,14,9,8,8,13,6,11,9,8,12,10,3,14,9,19,8,7,8,9,12,11,10,10,7,11,12,10,6,4,16,12,10,12,16,14,15,10,8,8,18,7,8,9,16,11
Our Recovered Labels: 0,1,2,3,4,5,6,7,8,9,10,11,12,13,14,15,16,17,18,19,20,21,22,23,24,25,26,27,28,29,30,31,32,33,34,35,36,37,38,39,40,41,42,43,44,45,46,47,48,49,50,51,52,53,54,55,56,57,58,59,60,61,62,63,64,65,66,67,68,69,70,71,72,73,74,75,76,77,78,79,80,81,82,83,84,85,86,87,88,89,90,91,92,93,94,95,96,97,98,99 | LeAcc: 1.000
Our Recovered Num of Instances: 7,8,13,14,2,10,9,11,8,12,9,8,13,9,5,8,5,14,17,16,11,6,11,7,14,10,13,12,9,9,4,14,5,9,10,7,12,10,16,12,10,6,14,13,11,7,8,16,10,13,6,9,7,14,13,14,9,8,8,13,6,11,9,8,12,10,3,14,9,19,8,7,8,9,12,11,10,10,7,11,12,10,6,4,16,12,10,12,16,14,15,10,8,8,18,7,8,9,16,11 | LnAcc: 1.000 | IRec: 1.000
---------------------------------------------------------------
Mean Ours LeAcc: 1.000 | Mean Ours LnAcc: 1.000 | Mean Ours IRec: 1.000
